FORM 4.2.0 (Jul  6 2017, v4.2.0) 64-bits         Run: Fri Mar  2 17:50:08 2018
    * -*-Form-*-
    
    #: Parentheses 2000
    #-

   amplGGPhiPhibar =
       + p1.pol1*p1.pol2*sSS^2 * ( 2/3*Log[MHT^2]*lamprime[f8]*
         lamprimebar[f8]*T[a99,m4,m6]*T[a97,m6,m4]*e_[l95,l8]*e_[l93,l8
         ]*FourPi^(-2)*I^9*gs^2*MHT^(-2) + 2/3*Log[MHT^2]*lamprime[f4]*
         lamprimebar[f4]*T[a99,m2,m8]*T[a97,m8,m2]*e_[l95,l4]*e_[l93,l4
         ]*FourPi^(-2)*I^9*gs^2*MHT^(-2) + 2/3*lamprime[f6]*
         lamprimebar[f6]*T[a99,m4,m2]*T[a97,m2,m4]*e_[l6,l95]*e_[l6,l93
         ]*FourPi^(-2)*I^9*gs^2*MHT^(-2) + 2/3*lamprime[f8]*
         lamprimebar[f8]*T[a99,m2,m6]*T[a97,m6,m2]*e_[l95,l8]*e_[l93,l8
         ]*FourPi^(-2)*I^9*gs^2*MHT^(-2) + 2/3*lamprime[f8]*
         lamprimebar[f8]*T[a99,m4,m2]*T[a97,m2,m4]*e_[l95,l8]*e_[l93,l8
         ]*FourPi^(-2)*I^9*gs^2*MHT^(-2) - 10/9*lamprime[f8]*
         lamprimebar[f8]*T[a99,m4,m6]*T[a97,m6,m4]*e_[l95,l8]*e_[l93,l8
         ]*FourPi^(-2)*I^9*gs^2*MHT^(-2) + 2/3*lamprime[f4]*
         lamprimebar[f4]*T[a99,m2,m6]*T[a97,m6,m2]*e_[l95,l4]*e_[l93,l4
         ]*FourPi^(-2)*I^9*gs^2*MHT^(-2) - 10/9*lamprime[f4]*
         lamprimebar[f4]*T[a99,m2,m8]*T[a97,m8,m2]*e_[l95,l4]*e_[l93,l4
         ]*FourPi^(-2)*I^9*gs^2*MHT^(-2) )

       + p1.pol1*p2.pol2*sSS^2 * ( 1/3*lamprime[f6]*lamprimebar[f6]*T[
         a99,m4,m2]*T[a97,m2,m4]*e_[l6,l95]*e_[l6,l93]*FourPi^(-2)*I^9*
         gs^2*MHT^(-2) + 1/3*lamprime[f8]*lamprimebar[f8]*T[a99,m2,m6]*
         T[a97,m6,m2]*e_[l95,l8]*e_[l93,l8]*FourPi^(-2)*I^9*gs^2*
         MHT^(-2) + 1/3*lamprime[f8]*lamprimebar[f8]*T[a99,m4,m2]*T[a97
         ,m2,m4]*e_[l95,l8]*e_[l93,l8]*FourPi^(-2)*I^9*gs^2*MHT^(-2) + 
         1/3*lamprime[f4]*lamprimebar[f4]*T[a99,m2,m6]*T[a97,m6,m2]*e_[
         l95,l4]*e_[l93,l4]*FourPi^(-2)*I^9*gs^2*MHT^(-2) )

       + p1.pol1*p3.pol2*sSS^2 * (  - 2/3*Log[MHT^2]*lamprime[f6]*
         lamprimebar[f6]*T[a99,m4,m2]*T[a97,m2,m4]*e_[l6,l95]*e_[l6,l93
         ]*FourPi^(-2)*I^9*gs^2*MHT^(-2) + 2/3*Log[MHT^2]*lamprime[f8]*
         lamprimebar[f8]*T[a99,m4,m6]*T[a97,m6,m4]*e_[l95,l8]*e_[l93,l8
         ]*FourPi^(-2)*I^9*gs^2*MHT^(-2) + 11/9*lamprime[f6]*
         lamprimebar[f6]*T[a99,m4,m2]*T[a97,m2,m4]*e_[l6,l95]*e_[l6,l93
         ]*FourPi^(-2)*I^9*gs^2*MHT^(-2) + 2/9*lamprime[f8]*
         lamprimebar[f8]*T[a99,m2,m6]*T[a97,m6,m2]*e_[l95,l8]*e_[l93,l8
         ]*FourPi^(-2)*I^9*gs^2*MHT^(-2) - 5/9*lamprime[f8]*
         lamprimebar[f8]*T[a99,m4,m6]*T[a97,m6,m4]*e_[l95,l8]*e_[l93,l8
         ]*FourPi^(-2)*I^9*gs^2*MHT^(-2) + 4/9*lamprime[f4]*
         lamprimebar[f4]*T[a99,m2,m8]*T[a97,m8,m2]*e_[l95,l4]*e_[l93,l4
         ]*FourPi^(-2)*I^9*gs^2*MHT^(-2) )

       + p1.pol1*pol2.p4*sSS^2 * ( 2/3*Log[MHT^2]*lamprime[f8]*
         lamprimebar[f8]*T[a99,m4,m6]*T[a97,m6,m4]*e_[l95,l8]*e_[l93,l8
         ]*FourPi^(-2)*I^9*gs^2*MHT^(-2) - 2/3*Log[MHT^2]*lamprime[f4]*
         lamprimebar[f4]*T[a99,m2,m6]*T[a97,m6,m2]*e_[l95,l4]*e_[l93,l4
         ]*FourPi^(-2)*I^9*gs^2*MHT^(-2) + 2/9*lamprime[f8]*
         lamprimebar[f8]*T[a99,m4,m2]*T[a97,m2,m4]*e_[l95,l8]*e_[l93,l8
         ]*FourPi^(-2)*I^9*gs^2*MHT^(-2) - 5/9*lamprime[f8]*
         lamprimebar[f8]*T[a99,m4,m6]*T[a97,m6,m4]*e_[l95,l8]*e_[l93,l8
         ]*FourPi^(-2)*I^9*gs^2*MHT^(-2) + 11/9*lamprime[f4]*
         lamprimebar[f4]*T[a99,m2,m6]*T[a97,m6,m2]*e_[l95,l4]*e_[l93,l4
         ]*FourPi^(-2)*I^9*gs^2*MHT^(-2) + 4/9*lamprime[f4]*
         lamprimebar[f4]*T[a99,m2,m8]*T[a97,m8,m2]*e_[l95,l4]*e_[l93,l4
         ]*FourPi^(-2)*I^9*gs^2*MHT^(-2) )

       + p1.pol2*p2.pol1*sSS^2 * ( 1/3*lamprime[f6]*lamprimebar[f6]*T[
         a99,m4,m2]*T[a97,m2,m4]*e_[l6,l95]*e_[l6,l93]*FourPi^(-2)*I^9*
         gs^2*MHT^(-2) + 1/3*lamprime[f4]*lamprimebar[f4]*T[a99,m2,m6]*
         T[a97,m6,m2]*e_[l95,l4]*e_[l93,l4]*FourPi^(-2)*I^9*gs^2*
         MHT^(-2) )

       + p1.pol2*p3.pol1*sSS^2 * ( 4/3*Log[MHT^2]*lamprime[f6]*
         lamprimebar[f6]*T[a99,m4,m2]*T[a97,m2,m4]*e_[l6,l95]*e_[l6,l93
         ]*FourPi^(-2)*I^9*gs^2*MHT^(-2) + 2/3*Log[MHT^2]*lamprime[f8]*
         lamprimebar[f8]*T[a99,m4,m6]*T[a97,m6,m4]*e_[l95,l8]*e_[l93,l8
         ]*FourPi^(-2)*I^9*gs^2*MHT^(-2) + 2/9*lamprime[f6]*
         lamprimebar[f6]*T[a99,m4,m2]*T[a97,m2,m4]*e_[l6,l95]*e_[l6,l93
         ]*FourPi^(-2)*I^9*gs^2*MHT^(-2) + 20/9*lamprime[f8]*
         lamprimebar[f8]*T[a99,m2,m6]*T[a97,m6,m2]*e_[l95,l8]*e_[l93,l8
         ]*FourPi^(-2)*I^9*gs^2*MHT^(-2) - 14/9*lamprime[f8]*
         lamprimebar[f8]*T[a99,m4,m6]*T[a97,m6,m4]*e_[l95,l8]*e_[l93,l8
         ]*FourPi^(-2)*I^9*gs^2*MHT^(-2) - 5/9*lamprime[f4]*
         lamprimebar[f4]*T[a99,m2,m8]*T[a97,m8,m2]*e_[l95,l4]*e_[l93,l4
         ]*FourPi^(-2)*I^9*gs^2*MHT^(-2) )

       + p1.pol2*pol1.p4*sSS^2 * ( 2/3*Log[MHT^2]*lamprime[f8]*
         lamprimebar[f8]*T[a99,m4,m6]*T[a97,m6,m4]*e_[l95,l8]*e_[l93,l8
         ]*FourPi^(-2)*I^9*gs^2*MHT^(-2) + 4/3*Log[MHT^2]*lamprime[f4]*
         lamprimebar[f4]*T[a99,m2,m6]*T[a97,m6,m2]*e_[l95,l4]*e_[l93,l4
         ]*FourPi^(-2)*I^9*gs^2*MHT^(-2) + 20/9*lamprime[f8]*
         lamprimebar[f8]*T[a99,m4,m2]*T[a97,m2,m4]*e_[l95,l8]*e_[l93,l8
         ]*FourPi^(-2)*I^9*gs^2*MHT^(-2) - 14/9*lamprime[f8]*
         lamprimebar[f8]*T[a99,m4,m6]*T[a97,m6,m4]*e_[l95,l8]*e_[l93,l8
         ]*FourPi^(-2)*I^9*gs^2*MHT^(-2) + 2/9*lamprime[f4]*
         lamprimebar[f4]*T[a99,m2,m6]*T[a97,m6,m2]*e_[l95,l4]*e_[l93,l4
         ]*FourPi^(-2)*I^9*gs^2*MHT^(-2) - 5/9*lamprime[f4]*
         lamprimebar[f4]*T[a99,m2,m8]*T[a97,m8,m2]*e_[l95,l4]*e_[l93,l4
         ]*FourPi^(-2)*I^9*gs^2*MHT^(-2) )

       + p2.pol1*p2.pol2*sSS^2 * (  - 2/3*Log[MHT^2]*lamprime[f6]*
         lamprimebar[f6]*T[a99,m4,m2]*T[a97,m2,m4]*e_[l6,l95]*e_[l6,l93
         ]*FourPi^(-2)*I^9*gs^2*MHT^(-2) - 2/3*Log[MHT^2]*lamprime[f4]*
         lamprimebar[f4]*T[a99,m2,m6]*T[a97,m6,m2]*e_[l95,l4]*e_[l93,l4
         ]*FourPi^(-2)*I^9*gs^2*MHT^(-2) + 5/9*lamprime[f6]*
         lamprimebar[f6]*T[a99,m4,m2]*T[a97,m2,m4]*e_[l6,l95]*e_[l6,l93
         ]*FourPi^(-2)*I^9*gs^2*MHT^(-2) - 4/9*lamprime[f8]*
         lamprimebar[f8]*T[a99,m2,m6]*T[a97,m6,m2]*e_[l95,l8]*e_[l93,l8
         ]*FourPi^(-2)*I^9*gs^2*MHT^(-2) - 4/9*lamprime[f8]*
         lamprimebar[f8]*T[a99,m4,m2]*T[a97,m2,m4]*e_[l95,l8]*e_[l93,l8
         ]*FourPi^(-2)*I^9*gs^2*MHT^(-2) + 5/9*lamprime[f4]*
         lamprimebar[f4]*T[a99,m2,m6]*T[a97,m6,m2]*e_[l95,l4]*e_[l93,l4
         ]*FourPi^(-2)*I^9*gs^2*MHT^(-2) )

       + p2.pol1*p3.pol2*sSS^2 * (  - 4/3*Log[MHT^2]*lamprime[f6]*
         lamprimebar[f6]*T[a99,m4,m2]*T[a97,m2,m4]*e_[l6,l95]*e_[l6,l93
         ]*FourPi^(-2)*I^9*gs^2*MHT^(-2) + 10/9*lamprime[f6]*
         lamprimebar[f6]*T[a99,m4,m2]*T[a97,m2,m4]*e_[l6,l95]*e_[l6,l93
         ]*FourPi^(-2)*I^9*gs^2*MHT^(-2) - 8/9*lamprime[f8]*
         lamprimebar[f8]*T[a99,m2,m6]*T[a97,m6,m2]*e_[l95,l8]*e_[l93,l8
         ]*FourPi^(-2)*I^9*gs^2*MHT^(-2) )

       + p2.pol1*pol2.p4*sSS^2 * (  - 4/3*Log[MHT^2]*lamprime[f4]*
         lamprimebar[f4]*T[a99,m2,m6]*T[a97,m6,m2]*e_[l95,l4]*e_[l93,l4
         ]*FourPi^(-2)*I^9*gs^2*MHT^(-2) - 8/9*lamprime[f8]*
         lamprimebar[f8]*T[a99,m4,m2]*T[a97,m2,m4]*e_[l95,l8]*e_[l93,l8
         ]*FourPi^(-2)*I^9*gs^2*MHT^(-2) + 10/9*lamprime[f4]*
         lamprimebar[f4]*T[a99,m2,m6]*T[a97,m6,m2]*e_[l95,l4]*e_[l93,l4
         ]*FourPi^(-2)*I^9*gs^2*MHT^(-2) )

       + p2.pol2*p3.pol1*sSS^2 * ( 2/3*Log[MHT^2]*lamprime[f6]*
         lamprimebar[f6]*T[a99,m4,m2]*T[a97,m2,m4]*e_[l6,l95]*e_[l6,l93
         ]*FourPi^(-2)*I^9*gs^2*MHT^(-2) + 1/9*lamprime[f6]*
         lamprimebar[f6]*T[a99,m4,m2]*T[a97,m2,m4]*e_[l6,l95]*e_[l6,l93
         ]*FourPi^(-2)*I^9*gs^2*MHT^(-2) + 10/9*lamprime[f8]*
         lamprimebar[f8]*T[a99,m2,m6]*T[a97,m6,m2]*e_[l95,l8]*e_[l93,l8
         ]*FourPi^(-2)*I^9*gs^2*MHT^(-2) )

       + p2.pol2*pol1.p4*sSS^2 * ( 2/3*Log[MHT^2]*lamprime[f4]*
         lamprimebar[f4]*T[a99,m2,m6]*T[a97,m6,m2]*e_[l95,l4]*e_[l93,l4
         ]*FourPi^(-2)*I^9*gs^2*MHT^(-2) + 10/9*lamprime[f8]*
         lamprimebar[f8]*T[a99,m4,m2]*T[a97,m2,m4]*e_[l95,l8]*e_[l93,l8
         ]*FourPi^(-2)*I^9*gs^2*MHT^(-2) + 1/9*lamprime[f4]*
         lamprimebar[f4]*T[a99,m2,m6]*T[a97,m6,m2]*e_[l95,l4]*e_[l93,l4
         ]*FourPi^(-2)*I^9*gs^2*MHT^(-2) )

       + p3.pol1*p3.pol2*sSS^2 * ( 2/3*Log[MHT^2]*lamprime[f8]*
         lamprimebar[f8]*T[a99,m4,m6]*T[a97,m6,m4]*e_[l95,l8]*e_[l93,l8
         ]*FourPi^(-2)*I^9*gs^2*MHT^(-2) + 4/3*lamprime[f6]*
         lamprimebar[f6]*T[a99,m4,m2]*T[a97,m2,m4]*e_[l6,l95]*e_[l6,l93
         ]*FourPi^(-2)*I^9*gs^2*MHT^(-2) + 4/3*lamprime[f8]*
         lamprimebar[f8]*T[a99,m2,m6]*T[a97,m6,m2]*e_[l95,l8]*e_[l93,l8
         ]*FourPi^(-2)*I^9*gs^2*MHT^(-2) - 11/9*lamprime[f8]*
         lamprimebar[f8]*T[a99,m4,m6]*T[a97,m6,m4]*e_[l95,l8]*e_[l93,l8
         ]*FourPi^(-2)*I^9*gs^2*MHT^(-2) - 2/9*lamprime[f4]*
         lamprimebar[f4]*T[a99,m2,m8]*T[a97,m8,m2]*e_[l95,l4]*e_[l93,l4
         ]*FourPi^(-2)*I^9*gs^2*MHT^(-2) )

       + p3.pol1*pol2.p4*sSS^2 * ( 2/3*Log[MHT^2]*lamprime[f8]*
         lamprimebar[f8]*T[a99,m4,m6]*T[a97,m6,m4]*e_[l95,l8]*e_[l93,l8
         ]*FourPi^(-2)*I^9*gs^2*MHT^(-2) + 1/9*lamprime[f8]*
         lamprimebar[f8]*T[a99,m4,m6]*T[a97,m6,m4]*e_[l95,l8]*e_[l93,l8
         ]*FourPi^(-2)*I^9*gs^2*MHT^(-2) + 10/9*lamprime[f4]*
         lamprimebar[f4]*T[a99,m2,m8]*T[a97,m8,m2]*e_[l95,l4]*e_[l93,l4
         ]*FourPi^(-2)*I^9*gs^2*MHT^(-2) )

       + p3.pol2*pol1.p4*sSS^2 * ( 2/3*Log[MHT^2]*lamprime[f8]*
         lamprimebar[f8]*T[a99,m4,m6]*T[a97,m6,m4]*e_[l95,l8]*e_[l93,l8
         ]*FourPi^(-2)*I^9*gs^2*MHT^(-2) + 1/9*lamprime[f8]*
         lamprimebar[f8]*T[a99,m4,m6]*T[a97,m6,m4]*e_[l95,l8]*e_[l93,l8
         ]*FourPi^(-2)*I^9*gs^2*MHT^(-2) + 10/9*lamprime[f4]*
         lamprimebar[f4]*T[a99,m2,m8]*T[a97,m8,m2]*e_[l95,l4]*e_[l93,l4
         ]*FourPi^(-2)*I^9*gs^2*MHT^(-2) )

       + pol1.pol2*sSS^2 * (  - 2/3*Log[MHT^2]*lamprime[f6]*
         lamprimebar[f6]*T[a99,m4,m2]*T[a97,m2,m4]*e_[l6,l95]*e_[l6,l93
         ]*p1.p3*FourPi^(-2)*I^9*gs^2*MHT^(-2) + 2/3*Log[MHT^2]*
         lamprime[f6]*lamprimebar[f6]*T[a99,m4,m2]*T[a97,m2,m4]*e_[l6,
         l95]*e_[l6,l93]*p2.p2*FourPi^(-2)*I^9*gs^2*MHT^(-2) + 2/3*Log[
         MHT^2]*lamprime[f6]*lamprimebar[f6]*T[a99,m4,m2]*T[a97,m2,m4]*
         e_[l6,l95]*e_[l6,l93]*p2.p3*FourPi^(-2)*I^9*gs^2*MHT^(-2) - 2/
         3*Log[MHT^2]*lamprime[f8]*lamprimebar[f8]*T[a99,m4,m6]*T[a97,
         m6,m4]*e_[l95,l8]*e_[l93,l8]*p1.p1*FourPi^(-2)*I^9*gs^2*
         MHT^(-2) - 4/3*Log[MHT^2]*lamprime[f8]*lamprimebar[f8]*T[a99,
         m4,m6]*T[a97,m6,m4]*e_[l95,l8]*e_[l93,l8]*p1.p3*FourPi^(-2)*
         I^9*gs^2*MHT^(-2) - 4/3*Log[MHT^2]*lamprime[f8]*lamprimebar[f8
         ]*T[a99,m4,m6]*T[a97,m6,m4]*e_[l95,l8]*e_[l93,l8]*p1.p4*
         FourPi^(-2)*I^9*gs^2*MHT^(-2) - 2/3*Log[MHT^2]*lamprime[f8]*
         lamprimebar[f8]*T[a99,m4,m6]*T[a97,m6,m4]*e_[l95,l8]*e_[l93,l8
         ]*p3.p3*FourPi^(-2)*I^9*gs^2*MHT^(-2) - 4/3*Log[MHT^2]*
         lamprime[f8]*lamprimebar[f8]*T[a99,m4,m6]*T[a97,m6,m4]*e_[l95,
         l8]*e_[l93,l8]*p3.p4*FourPi^(-2)*I^9*gs^2*MHT^(-2) - 2/3*Log[
         MHT^2]*lamprime[f8]*lamprimebar[f8]*T[a99,m4,m6]*T[a97,m6,m4]*
         e_[l95,l8]*e_[l93,l8]*p4.p4*FourPi^(-2)*I^9*gs^2*MHT^(-2) - 2/
         3*Log[MHT^2]*lamprime[f4]*lamprimebar[f4]*T[a99,m2,m6]*T[a97,
         m6,m2]*e_[l95,l4]*e_[l93,l4]*p1.p4*FourPi^(-2)*I^9*gs^2*
         MHT^(-2) + 2/3*Log[MHT^2]*lamprime[f4]*lamprimebar[f4]*T[a99,
         m2,m6]*T[a97,m6,m2]*e_[l95,l4]*e_[l93,l4]*p2.p2*FourPi^(-2)*
         I^9*gs^2*MHT^(-2) + 2/3*Log[MHT^2]*lamprime[f4]*lamprimebar[f4
         ]*T[a99,m2,m6]*T[a97,m6,m2]*e_[l95,l4]*e_[l93,l4]*p2.p4*
         FourPi^(-2)*I^9*gs^2*MHT^(-2) - 2/3*Log[MHT^2]*lamprime[f4]*
         lamprimebar[f4]*T[a99,m2,m8]*T[a97,m8,m2]*e_[l95,l4]*e_[l93,l4
         ]*p1.p1*FourPi^(-2)*I^9*gs^2*MHT^(-2) + 1/3*lamprime[f6]*
         lamprimebar[f6]*T[a99,m4,m2]*T[a97,m2,m4]*e_[l6,l95]*e_[l6,l93
         ]*p1.p1*FourPi^(-2)*I^9*gs^2*MHT^(-2) + 1/3*lamprime[f6]*
         lamprimebar[f6]*T[a99,m4,m2]*T[a97,m2,m4]*e_[l6,l95]*e_[l6,l93
         ]*p1.p2*FourPi^(-2)*I^9*gs^2*MHT^(-2) + 11/9*lamprime[f6]*
         lamprimebar[f6]*T[a99,m4,m2]*T[a97,m2,m4]*e_[l6,l95]*e_[l6,l93
         ]*p1.p3*FourPi^(-2)*I^9*gs^2*MHT^(-2) - 2/9*lamprime[f6]*
         lamprimebar[f6]*T[a99,m4,m2]*T[a97,m2,m4]*e_[l6,l95]*e_[l6,l93
         ]*p2.p2*FourPi^(-2)*I^9*gs^2*MHT^(-2) + 1/9*lamprime[f6]*
         lamprimebar[f6]*T[a99,m4,m2]*T[a97,m2,m4]*e_[l6,l95]*e_[l6,l93
         ]*p2.p3*FourPi^(-2)*I^9*gs^2*MHT^(-2) + 2/3*lamprime[f6]*
         lamprimebar[f6]*T[a99,m4,m2]*T[a97,m2,m4]*e_[l6,l95]*e_[l6,l93
         ]*p3.p3*FourPi^(-2)*I^9*gs^2*MHT^(-2) + 1/3*lamprime[f8]*
         lamprimebar[f8]*T[a99,m2,m6]*T[a97,m6,m2]*e_[l95,l8]*e_[l93,l8
         ]*p1.p1*FourPi^(-2)*I^9*gs^2*MHT^(-2) + 2/3*lamprime[f8]*
         lamprimebar[f8]*T[a99,m2,m6]*T[a97,m6,m2]*e_[l95,l8]*e_[l93,l8
         ]*p1.p2*FourPi^(-2)*I^9*gs^2*MHT^(-2) + 2/9*lamprime[f8]*
         lamprimebar[f8]*T[a99,m2,m6]*T[a97,m6,m2]*e_[l95,l8]*e_[l93,l8
         ]*p1.p3*FourPi^(-2)*I^9*gs^2*MHT^(-2) + 7/9*lamprime[f8]*
         lamprimebar[f8]*T[a99,m2,m6]*T[a97,m6,m2]*e_[l95,l8]*e_[l93,l8
         ]*p2.p2*FourPi^(-2)*I^9*gs^2*MHT^(-2) + 10/9*lamprime[f8]*
         lamprimebar[f8]*T[a99,m2,m6]*T[a97,m6,m2]*e_[l95,l8]*e_[l93,l8
         ]*p2.p3*FourPi^(-2)*I^9*gs^2*MHT^(-2) + 2/3*lamprime[f8]*
         lamprimebar[f8]*T[a99,m2,m6]*T[a97,m6,m2]*e_[l95,l8]*e_[l93,l8
         ]*p3.p3*FourPi^(-2)*I^9*gs^2*MHT^(-2) + 1/3*lamprime[f8]*
         lamprimebar[f8]*T[a99,m4,m2]*T[a97,m2,m4]*e_[l95,l8]*e_[l93,l8
         ]*p1.p1*FourPi^(-2)*I^9*gs^2*MHT^(-2) + 2/3*lamprime[f8]*
         lamprimebar[f8]*T[a99,m4,m2]*T[a97,m2,m4]*e_[l95,l8]*e_[l93,l8
         ]*p1.p2*FourPi^(-2)*I^9*gs^2*MHT^(-2) + 2/9*lamprime[f8]*
         lamprimebar[f8]*T[a99,m4,m2]*T[a97,m2,m4]*e_[l95,l8]*e_[l93,l8
         ]*p1.p4*FourPi^(-2)*I^9*gs^2*MHT^(-2) + 7/9*lamprime[f8]*
         lamprimebar[f8]*T[a99,m4,m2]*T[a97,m2,m4]*e_[l95,l8]*e_[l93,l8
         ]*p2.p2*FourPi^(-2)*I^9*gs^2*MHT^(-2) + 10/9*lamprime[f8]*
         lamprimebar[f8]*T[a99,m4,m2]*T[a97,m2,m4]*e_[l95,l8]*e_[l93,l8
         ]*p2.p4*FourPi^(-2)*I^9*gs^2*MHT^(-2) + 2/3*lamprime[f8]*
         lamprimebar[f8]*T[a99,m4,m2]*T[a97,m2,m4]*e_[l95,l8]*e_[l93,l8
         ]*p4.p4*FourPi^(-2)*I^9*gs^2*MHT^(-2) + 4/9*lamprime[f8]*
         lamprimebar[f8]*T[a99,m4,m6]*T[a97,m6,m4]*e_[l95,l8]*e_[l93,l8
         ]*p1.p1*FourPi^(-2)*I^9*gs^2*MHT^(-2) + 13/9*lamprime[f8]*
         lamprimebar[f8]*T[a99,m4,m6]*T[a97,m6,m4]*e_[l95,l8]*e_[l93,l8
         ]*p1.p3*FourPi^(-2)*I^9*gs^2*MHT^(-2) + 13/9*lamprime[f8]*
         lamprimebar[f8]*T[a99,m4,m6]*T[a97,m6,m4]*e_[l95,l8]*e_[l93,l8
         ]*p1.p4*FourPi^(-2)*I^9*gs^2*MHT^(-2) - 1/9*lamprime[f8]*
         lamprimebar[f8]*T[a99,m4,m6]*T[a97,m6,m4]*e_[l95,l8]*e_[l93,l8
         ]*p3.p3*FourPi^(-2)*I^9*gs^2*MHT^(-2) + 10/9*lamprime[f8]*
         lamprimebar[f8]*T[a99,m4,m6]*T[a97,m6,m4]*e_[l95,l8]*e_[l93,l8
         ]*p3.p4*FourPi^(-2)*I^9*gs^2*MHT^(-2) - 1/9*lamprime[f8]*
         lamprimebar[f8]*T[a99,m4,m6]*T[a97,m6,m4]*e_[l95,l8]*e_[l93,l8
         ]*p4.p4*FourPi^(-2)*I^9*gs^2*MHT^(-2) + 1/3*lamprime[f4]*
         lamprimebar[f4]*T[a99,m2,m6]*T[a97,m6,m2]*e_[l95,l4]*e_[l93,l4
         ]*p1.p1*FourPi^(-2)*I^9*gs^2*MHT^(-2) + 1/3*lamprime[f4]*
         lamprimebar[f4]*T[a99,m2,m6]*T[a97,m6,m2]*e_[l95,l4]*e_[l93,l4
         ]*p1.p2*FourPi^(-2)*I^9*gs^2*MHT^(-2) + 11/9*lamprime[f4]*
         lamprimebar[f4]*T[a99,m2,m6]*T[a97,m6,m2]*e_[l95,l4]*e_[l93,l4
         ]*p1.p4*FourPi^(-2)*I^9*gs^2*MHT^(-2) - 2/9*lamprime[f4]*
         lamprimebar[f4]*T[a99,m2,m6]*T[a97,m6,m2]*e_[l95,l4]*e_[l93,l4
         ]*p2.p2*FourPi^(-2)*I^9*gs^2*MHT^(-2) + 1/9*lamprime[f4]*
         lamprimebar[f4]*T[a99,m2,m6]*T[a97,m6,m2]*e_[l95,l4]*e_[l93,l4
         ]*p2.p4*FourPi^(-2)*I^9*gs^2*MHT^(-2) + 2/3*lamprime[f4]*
         lamprimebar[f4]*T[a99,m2,m6]*T[a97,m6,m2]*e_[l95,l4]*e_[l93,l4
         ]*p4.p4*FourPi^(-2)*I^9*gs^2*MHT^(-2) + 4/9*lamprime[f4]*
         lamprimebar[f4]*T[a99,m2,m8]*T[a97,m8,m2]*e_[l95,l4]*e_[l93,l4
         ]*p1.p1*FourPi^(-2)*I^9*gs^2*MHT^(-2) - 5/9*lamprime[f4]*
         lamprimebar[f4]*T[a99,m2,m8]*T[a97,m8,m2]*e_[l95,l4]*e_[l93,l4
         ]*p1.p3*FourPi^(-2)*I^9*gs^2*MHT^(-2) - 5/9*lamprime[f4]*
         lamprimebar[f4]*T[a99,m2,m8]*T[a97,m8,m2]*e_[l95,l4]*e_[l93,l4
         ]*p1.p4*FourPi^(-2)*I^9*gs^2*MHT^(-2) - 10/9*lamprime[f4]*
         lamprimebar[f4]*T[a99,m2,m8]*T[a97,m8,m2]*e_[l95,l4]*e_[l93,l4
         ]*p3.p3*FourPi^(-2)*I^9*gs^2*MHT^(-2) - 8/9*lamprime[f4]*
         lamprimebar[f4]*T[a99,m2,m8]*T[a97,m8,m2]*e_[l95,l4]*e_[l93,l4
         ]*p3.p4*FourPi^(-2)*I^9*gs^2*MHT^(-2) - 10/9*lamprime[f4]*
         lamprimebar[f4]*T[a99,m2,m8]*T[a97,m8,m2]*e_[l95,l4]*e_[l93,l4
         ]*p4.p4*FourPi^(-2)*I^9*gs^2*MHT^(-2) )

       + pol1.pol2 * (  - Log[MHT^2]*lamprime[f6]*lamprimebar[f6]*T[a99
         ,m4,m2]*T[a97,m2,m4]*e_[l6,l95]*e_[l6,l93]*FourPi^(-2)*I^9*
         gs^2 - Log[MHT^2]*lamprime[f8]*lamprimebar[f8]*T[a99,m2,m6]*T[
         a97,m6,m2]*e_[l95,l8]*e_[l93,l8]*FourPi^(-2)*I^9*gs^2 - Log[
         MHT^2]*lamprime[f8]*lamprimebar[f8]*T[a99,m4,m2]*T[a97,m2,m4]*
         e_[l95,l8]*e_[l93,l8]*FourPi^(-2)*I^9*gs^2 + 2*Log[MHT^2]*
         lamprime[f8]*lamprimebar[f8]*T[a99,m4,m6]*T[a97,m6,m4]*e_[l95,
         l8]*e_[l93,l8]*FourPi^(-2)*I^9*gs^2 - Log[MHT^2]*lamprime[f4]*
         lamprimebar[f4]*T[a99,m2,m6]*T[a97,m6,m2]*e_[l95,l4]*e_[l93,l4
         ]*FourPi^(-2)*I^9*gs^2 + 2*Log[MHT^2]*lamprime[f4]*
         lamprimebar[f4]*T[a99,m2,m8]*T[a97,m8,m2]*e_[l95,l4]*e_[l93,l4
         ]*FourPi^(-2)*I^9*gs^2 + 1/2*lamprime[f6]*lamprimebar[f6]*T[
         a99,m4,m2]*T[a97,m2,m4]*e_[l6,l95]*e_[l6,l93]*FourPi^(-2)*I^9*
         gs^2 + 1/2*lamprime[f8]*lamprimebar[f8]*T[a99,m2,m6]*T[a97,m6,
         m2]*e_[l95,l8]*e_[l93,l8]*FourPi^(-2)*I^9*gs^2 + 1/2*lamprime[
         f8]*lamprimebar[f8]*T[a99,m4,m2]*T[a97,m2,m4]*e_[l95,l8]*e_[
         l93,l8]*FourPi^(-2)*I^9*gs^2 - lamprime[f8]*lamprimebar[f8]*T[
         a99,m4,m6]*T[a97,m6,m4]*e_[l95,l8]*e_[l93,l8]*FourPi^(-2)*I^9*
         gs^2 + 1/2*lamprime[f4]*lamprimebar[f4]*T[a99,m2,m6]*T[a97,m6,
         m2]*e_[l95,l4]*e_[l93,l4]*FourPi^(-2)*I^9*gs^2 - lamprime[f4]*
         lamprimebar[f4]*T[a99,m2,m8]*T[a97,m8,m2]*e_[l95,l4]*e_[l93,l4
         ]*FourPi^(-2)*I^9*gs^2 )

       + pol1.p4*pol2.p4*sSS^2 * ( 2/3*Log[MHT^2]*lamprime[f8]*
         lamprimebar[f8]*T[a99,m4,m6]*T[a97,m6,m4]*e_[l95,l8]*e_[l93,l8
         ]*FourPi^(-2)*I^9*gs^2*MHT^(-2) + 4/3*lamprime[f8]*
         lamprimebar[f8]*T[a99,m4,m2]*T[a97,m2,m4]*e_[l95,l8]*e_[l93,l8
         ]*FourPi^(-2)*I^9*gs^2*MHT^(-2) - 11/9*lamprime[f8]*
         lamprimebar[f8]*T[a99,m4,m6]*T[a97,m6,m4]*e_[l95,l8]*e_[l93,l8
         ]*FourPi^(-2)*I^9*gs^2*MHT^(-2) + 4/3*lamprime[f4]*
         lamprimebar[f4]*T[a99,m2,m6]*T[a97,m6,m2]*e_[l95,l4]*e_[l93,l4
         ]*FourPi^(-2)*I^9*gs^2*MHT^(-2) - 2/9*lamprime[f4]*
         lamprimebar[f4]*T[a99,m2,m8]*T[a97,m8,m2]*e_[l95,l4]*e_[l93,l4
         ]*FourPi^(-2)*I^9*gs^2*MHT^(-2) )

       + e_[p1,p2,pol1,pol2]*sSS^2 * ( lamprime[f6]*lamprimebar[f6]*T[
         a99,m4,m2]*T[a97,m2,m4]*e_[l6,l95]*e_[l6,l93]*FourPi^(-2)*I^10
         *gs^2*MHT^(-2) - lamprime[f4]*lamprimebar[f4]*T[a99,m2,m6]*T[
         a97,m6,m2]*e_[l95,l4]*e_[l93,l4]*FourPi^(-2)*I^10*gs^2*
         MHT^(-2) )

       + e_[p1,pol1,pol2,p4]*sSS^2 * (  - 2*lamprime[f4]*lamprimebar[f4
         ]*T[a99,m2,m6]*T[a97,m6,m2]*e_[l95,l4]*e_[l93,l4]*FourPi^(-2)*
         I^10*gs^2*MHT^(-2) )

       + e_[p2,p3,pol1,pol2]*sSS^2 * (  - 2*lamprime[f6]*lamprimebar[f6
         ]*T[a99,m4,m2]*T[a97,m2,m4]*e_[l6,l95]*e_[l6,l93]*FourPi^(-2)*
         I^10*gs^2*MHT^(-2) );

  4.40 sec out of 4.41 sec
