FORM 4.2.0 (Jul  6 2017, v4.2.0) 64-bits         Run: Fri Mar  2 17:50:04 2018
    * -*-Form-*-
    
    #: Parentheses 2000
    #-

   amplPhibarPhiBB =
       + sSS^2 * (  - 2/9*Log[MHT^2]*lamprime[f2]*lamprimebar[f2]*e_[l2
         ,l99]*e_[l2,l97]*p3.p3*pol3.pol4*FourPi^(-2)*I^9*g1^2*MHT^(-2)
          + 2/9*Log[MHT^2]*lamprime[f2]*lamprimebar[f2]*e_[l2,l99]*e_[
         l2,l97]*p3.pol3*p3.pol4*FourPi^(-2)*I^9*g1^2*MHT^(-2) + 1/18*
         Log[MHT^2]*lamprime[f4]*lamprimebar[f4]*e_[l99,l4]*e_[l97,l4]*
         p3.p3*pol3.pol4*FourPi^(-2)*I^9*g1^2*MHT^(-2) + 1/9*Log[MHT^2]
         *lamprime[f4]*lamprimebar[f4]*e_[l99,l4]*e_[l97,l4]*p3.p2*
         pol3.pol4*FourPi^(-2)*I^9*g1^2*MHT^(-2) - 1/18*Log[MHT^2]*
         lamprime[f4]*lamprimebar[f4]*e_[l99,l4]*e_[l97,l4]*p3.pol3*
         p3.pol4*FourPi^(-2)*I^9*g1^2*MHT^(-2) - 1/18*Log[MHT^2]*
         lamprime[f4]*lamprimebar[f4]*e_[l99,l4]*e_[l97,l4]*p3.pol3*
         p2.pol4*FourPi^(-2)*I^9*g1^2*MHT^(-2) - 1/18*Log[MHT^2]*
         lamprime[f4]*lamprimebar[f4]*e_[l99,l4]*e_[l97,l4]*p3.pol4*
         p2.pol3*FourPi^(-2)*I^9*g1^2*MHT^(-2) + 1/9*Log[MHT^2]*
         lamprime[f4]*lamprimebar[f4]*e_[l99,l4]*e_[l97,l4]*p1.p2*
         pol3.pol4*FourPi^(-2)*I^9*g1^2*MHT^(-2) - 1/18*Log[MHT^2]*
         lamprime[f4]*lamprimebar[f4]*e_[l99,l4]*e_[l97,l4]*p1.pol3*
         p2.pol4*FourPi^(-2)*I^9*g1^2*MHT^(-2) - 1/18*Log[MHT^2]*
         lamprime[f4]*lamprimebar[f4]*e_[l99,l4]*e_[l97,l4]*p1.pol4*
         p2.pol3*FourPi^(-2)*I^9*g1^2*MHT^(-2) + 1/9*Log[MHT^2]*
         lamprime[f4]*lamprimebar[f4]*e_[l99,l4]*e_[l97,l4]*p2.p2*
         pol3.pol4*FourPi^(-2)*I^9*g1^2*MHT^(-2) - 1/9*Log[MHT^2]*
         lamprime[f4]*lamprimebar[f4]*e_[l99,l4]*e_[l97,l4]*p2.pol3*
         p2.pol4*FourPi^(-2)*I^9*g1^2*MHT^(-2) - 1/18*Log[MHT^2]*
         lamprime[f4]*lamprimebar[f4]*e_[l99,l4]*e_[l97,l4]*p2.pol3*
         pol4.p4*FourPi^(-2)*I^9*g1^2*MHT^(-2) - 1/18*Log[MHT^2]*
         lamprime[f4]*lamprimebar[f4]*e_[l99,l4]*e_[l97,l4]*p2.pol4*
         pol3.p4*FourPi^(-2)*I^9*g1^2*MHT^(-2) + 1/9*Log[MHT^2]*
         lamprime[f4]*lamprimebar[f4]*e_[l99,l4]*e_[l97,l4]*p2.p4*
         pol3.pol4*FourPi^(-2)*I^9*g1^2*MHT^(-2) - 1/6*Log[MHT^2]*
         lamprime[f4]*lamprimebar[f4]*e_[l99,l4]*e_[l97,l4]*pol3.pol4*
         p4.p4*FourPi^(-2)*I^9*g1^2*MHT^(-2) + 1/6*Log[MHT^2]*lamprime[
         f4]*lamprimebar[f4]*e_[l99,l4]*e_[l97,l4]*pol3.p4*pol4.p4*
         FourPi^(-2)*I^9*g1^2*MHT^(-2) + 5/9*lamprime[f2]*lamprimebar[
         f2]*e_[l2,l99]*e_[l2,l97]*p3.p3*pol3.pol4*FourPi^(-2)*I^9*g1^2
         *MHT^(-2) - 4/9*lamprime[f2]*lamprimebar[f2]*e_[l2,l99]*e_[l2,
         l97]*p3.p1*pol3.pol4*FourPi^(-2)*I^9*g1^2*MHT^(-2) + 32/27*
         lamprime[f2]*lamprimebar[f2]*e_[l2,l99]*e_[l2,l97]*p3.p2*
         pol3.pol4*FourPi^(-2)*I^9*g1^2*MHT^(-2) - 5/9*lamprime[f2]*
         lamprimebar[f2]*e_[l2,l99]*e_[l2,l97]*p3.pol3*p3.pol4*
         FourPi^(-2)*I^9*g1^2*MHT^(-2) - 28/27*lamprime[f2]*
         lamprimebar[f2]*e_[l2,l99]*e_[l2,l97]*p3.pol3*p2.pol4*
         FourPi^(-2)*I^9*g1^2*MHT^(-2) - 2/9*lamprime[f2]*lamprimebar[
         f2]*e_[l2,l99]*e_[l2,l97]*p3.pol3*pol4.p4*FourPi^(-2)*I^9*g1^2
         *MHT^(-2) + 4/9*lamprime[f2]*lamprimebar[f2]*e_[l2,l99]*e_[l2,
         l97]*p3.pol4*p1.pol3*FourPi^(-2)*I^9*g1^2*MHT^(-2) - 16/27*
         lamprime[f2]*lamprimebar[f2]*e_[l2,l99]*e_[l2,l97]*p3.pol4*
         p2.pol3*FourPi^(-2)*I^9*g1^2*MHT^(-2) + 1/9*lamprime[f2]*
         lamprimebar[f2]*e_[l2,l99]*e_[l2,l97]*p3.pol4*pol3.p4*
         FourPi^(-2)*I^9*g1^2*MHT^(-2) - 5/9*lamprime[f2]*lamprimebar[
         f2]*e_[l2,l99]*e_[l2,l97]*p3.p4*pol3.pol4*FourPi^(-2)*I^9*g1^2
         *MHT^(-2) + 4/9*lamprime[f2]*lamprimebar[f2]*e_[l2,l99]*e_[l2,
         l97]*p1.p1*pol3.pol4*FourPi^(-2)*I^9*g1^2*MHT^(-2) + 32/27*
         lamprime[f2]*lamprimebar[f2]*e_[l2,l99]*e_[l2,l97]*p1.p2*
         pol3.pol4*FourPi^(-2)*I^9*g1^2*MHT^(-2) + 8/9*lamprime[f2]*
         lamprimebar[f2]*e_[l2,l99]*e_[l2,l97]*p1.pol3*p1.pol4*
         FourPi^(-2)*I^9*g1^2*MHT^(-2) - 40/27*lamprime[f2]*
         lamprimebar[f2]*e_[l2,l99]*e_[l2,l97]*p1.pol3*p2.pol4*
         FourPi^(-2)*I^9*g1^2*MHT^(-2) - 40/27*lamprime[f2]*
         lamprimebar[f2]*e_[l2,l99]*e_[l2,l97]*p1.pol4*p2.pol3*
         FourPi^(-2)*I^9*g1^2*MHT^(-2) + 4/9*lamprime[f2]*lamprimebar[
         f2]*e_[l2,l99]*e_[l2,l97]*p1.pol4*pol3.p4*FourPi^(-2)*I^9*g1^2
         *MHT^(-2) - 4/9*lamprime[f2]*lamprimebar[f2]*e_[l2,l99]*e_[l2,
         l97]*p1.p4*pol3.pol4*FourPi^(-2)*I^9*g1^2*MHT^(-2) + 56/27*
         lamprime[f2]*lamprimebar[f2]*e_[l2,l99]*e_[l2,l97]*p2.p2*
         pol3.pol4*FourPi^(-2)*I^9*g1^2*MHT^(-2) - 32/27*lamprime[f2]*
         lamprimebar[f2]*e_[l2,l99]*e_[l2,l97]*p2.pol3*p2.pol4*
         FourPi^(-2)*I^9*g1^2*MHT^(-2) - 28/27*lamprime[f2]*
         lamprimebar[f2]*e_[l2,l99]*e_[l2,l97]*p2.pol3*pol4.p4*
         FourPi^(-2)*I^9*g1^2*MHT^(-2) - 16/27*lamprime[f2]*
         lamprimebar[f2]*e_[l2,l99]*e_[l2,l97]*p2.pol4*pol3.p4*
         FourPi^(-2)*I^9*g1^2*MHT^(-2) + 32/27*lamprime[f2]*
         lamprimebar[f2]*e_[l2,l99]*e_[l2,l97]*p2.p4*pol3.pol4*
         FourPi^(-2)*I^9*g1^2*MHT^(-2) + 2/9*lamprime[f2]*lamprimebar[
         f2]*e_[l2,l99]*e_[l2,l97]*pol3.pol4*p4.p4*FourPi^(-2)*I^9*g1^2
         *MHT^(-2) - 2/9*lamprime[f2]*lamprimebar[f2]*e_[l2,l99]*e_[l2,
         l97]*pol3.p4*pol4.p4*FourPi^(-2)*I^9*g1^2*MHT^(-2) - 7/18*
         lamprime[f4]*lamprimebar[f4]*e_[l99,l4]*e_[l97,l4]*p3.p3*
         pol3.pol4*FourPi^(-2)*I^9*g1^2*MHT^(-2) - 5/12*lamprime[f4]*
         lamprimebar[f4]*e_[l99,l4]*e_[l97,l4]*p3.p1*pol3.pol4*
         FourPi^(-2)*I^9*g1^2*MHT^(-2) - 7/108*lamprime[f4]*
         lamprimebar[f4]*e_[l99,l4]*e_[l97,l4]*p3.p2*pol3.pol4*
         FourPi^(-2)*I^9*g1^2*MHT^(-2) - 1/36*lamprime[f4]*lamprimebar[
         f4]*e_[l99,l4]*e_[l97,l4]*p3.pol3*p3.pol4*FourPi^(-2)*I^9*g1^2
         *MHT^(-2) - 5/12*lamprime[f4]*lamprimebar[f4]*e_[l99,l4]*e_[
         l97,l4]*p3.pol3*p1.pol4*FourPi^(-2)*I^9*g1^2*MHT^(-2) + 1/54*
         lamprime[f4]*lamprimebar[f4]*e_[l99,l4]*e_[l97,l4]*p3.pol3*
         p2.pol4*FourPi^(-2)*I^9*g1^2*MHT^(-2) - 2/9*lamprime[f4]*
         lamprimebar[f4]*e_[l99,l4]*e_[l97,l4]*p3.pol3*pol4.p4*
         FourPi^(-2)*I^9*g1^2*MHT^(-2) - 5/12*lamprime[f4]*lamprimebar[
         f4]*e_[l99,l4]*e_[l97,l4]*p3.pol4*p1.pol3*FourPi^(-2)*I^9*g1^2
         *MHT^(-2) + 1/54*lamprime[f4]*lamprimebar[f4]*e_[l99,l4]*e_[
         l97,l4]*p3.pol4*p2.pol3*FourPi^(-2)*I^9*g1^2*MHT^(-2) + 1/9*
         lamprime[f4]*lamprimebar[f4]*e_[l99,l4]*e_[l97,l4]*p3.pol4*
         pol3.p4*FourPi^(-2)*I^9*g1^2*MHT^(-2) - 5/9*lamprime[f4]*
         lamprimebar[f4]*e_[l99,l4]*e_[l97,l4]*p3.p4*pol3.pol4*
         FourPi^(-2)*I^9*g1^2*MHT^(-2) - 7/18*lamprime[f4]*lamprimebar[
         f4]*e_[l99,l4]*e_[l97,l4]*p1.p1*pol3.pol4*FourPi^(-2)*I^9*g1^2
         *MHT^(-2) - 5/54*lamprime[f4]*lamprimebar[f4]*e_[l99,l4]*e_[
         l97,l4]*p1.p2*pol3.pol4*FourPi^(-2)*I^9*g1^2*MHT^(-2) - 7/9*
         lamprime[f4]*lamprimebar[f4]*e_[l99,l4]*e_[l97,l4]*p1.pol3*
         p1.pol4*FourPi^(-2)*I^9*g1^2*MHT^(-2) - 1/108*lamprime[f4]*
         lamprimebar[f4]*e_[l99,l4]*e_[l97,l4]*p1.pol3*p2.pol4*
         FourPi^(-2)*I^9*g1^2*MHT^(-2) - 5/12*lamprime[f4]*lamprimebar[
         f4]*e_[l99,l4]*e_[l97,l4]*p1.pol3*pol4.p4*FourPi^(-2)*I^9*g1^2
         *MHT^(-2) - 1/108*lamprime[f4]*lamprimebar[f4]*e_[l99,l4]*e_[
         l97,l4]*p1.pol4*p2.pol3*FourPi^(-2)*I^9*g1^2*MHT^(-2) - 5/12*
         lamprime[f4]*lamprimebar[f4]*e_[l99,l4]*e_[l97,l4]*p1.pol4*
         pol3.p4*FourPi^(-2)*I^9*g1^2*MHT^(-2) - 5/12*lamprime[f4]*
         lamprimebar[f4]*e_[l99,l4]*e_[l97,l4]*p1.p4*pol3.pol4*
         FourPi^(-2)*I^9*g1^2*MHT^(-2) - 1/27*lamprime[f4]*lamprimebar[
         f4]*e_[l99,l4]*e_[l97,l4]*p2.p2*pol3.pol4*FourPi^(-2)*I^9*g1^2
         *MHT^(-2) + 5/54*lamprime[f4]*lamprimebar[f4]*e_[l99,l4]*e_[
         l97,l4]*p2.pol3*p2.pol4*FourPi^(-2)*I^9*g1^2*MHT^(-2) + 1/54*
         lamprime[f4]*lamprimebar[f4]*e_[l99,l4]*e_[l97,l4]*p2.pol3*
         pol4.p4*FourPi^(-2)*I^9*g1^2*MHT^(-2) + 1/54*lamprime[f4]*
         lamprimebar[f4]*e_[l99,l4]*e_[l97,l4]*p2.pol4*pol3.p4*
         FourPi^(-2)*I^9*g1^2*MHT^(-2) - 7/108*lamprime[f4]*
         lamprimebar[f4]*e_[l99,l4]*e_[l97,l4]*p2.p4*pol3.pol4*
         FourPi^(-2)*I^9*g1^2*MHT^(-2) - 1/18*lamprime[f4]*lamprimebar[
         f4]*e_[l99,l4]*e_[l97,l4]*pol3.pol4*p4.p4*FourPi^(-2)*I^9*g1^2
         *MHT^(-2) - 13/36*lamprime[f4]*lamprimebar[f4]*e_[l99,l4]*e_[
         l97,l4]*pol3.p4*pol4.p4*FourPi^(-2)*I^9*g1^2*MHT^(-2) - 1/12*
         lamprime[f4]*lamprimebar[f4]*e_[l99,l4]*e_[l97,l4]*e_[p3,p1,
         pol3,pol4]*FourPi^(-2)*I^10*g1^2*MHT^(-2) - 1/12*lamprime[f4]*
         lamprimebar[f4]*e_[l99,l4]*e_[l97,l4]*e_[p3,p2,pol3,pol4]*
         FourPi^(-2)*I^10*g1^2*MHT^(-2) - 1/12*lamprime[f4]*
         lamprimebar[f4]*e_[l99,l4]*e_[l97,l4]*e_[p1,pol3,pol4,p4]*
         FourPi^(-2)*I^10*g1^2*MHT^(-2) - 1/12*lamprime[f4]*
         lamprimebar[f4]*e_[l99,l4]*e_[l97,l4]*e_[p2,pol3,pol4,p4]*
         FourPi^(-2)*I^10*g1^2*MHT^(-2) )

       - 2*Log[MHT^2]*lamprime[f2]*lamprimebar[f2]*e_[l2,l99]*e_[l2,l97
      ]*pol3.pol4*FourPi^(-2)*I^9*g1^2 + 1/2*Log[MHT^2]*lamprime[f4]*
         lamprimebar[f4]*e_[l99,l4]*e_[l97,l4]*pol3.pol4*FourPi^(-2)*
         I^9*g1^2 + lamprime[f2]*lamprimebar[f2]*e_[l2,l99]*e_[l2,l97]*
         pol3.pol4*FourPi^(-2)*I^9*g1^2 - 1/4*lamprime[f4]*lamprimebar[
         f4]*e_[l99,l4]*e_[l97,l4]*pol3.pol4*FourPi^(-2)*I^9*g1^2;

  4.11 sec out of 4.11 sec
