FORM 4.2.0 (Jul  6 2017, v4.2.0) 64-bits         Run: Fri Mar  2 17:50:16 2018
    * -*-Form-*-
    
    #: Parentheses 2000
    #-

   amplqLbarqLPhibarPhi =
       + sSS * ( 1/4*Log[MHT^2]*lamprime[f99]*yu[f8,f6]*lamprimebar[f8]
         *yubar[f97,f6]*gam[y99,FIVE,p2,y97]*uspin[p2,y97]*vbspin[p1,
         y99]*e_[l99,l2]*e_[l97,l2]*e_[l93,l8]*e_[l95,l8]*d_(m99,m97)*
         FourPi^(-2)*I^9*MHT^(-2) + 1/2*Log[MHT^2]*lamprime[f99]*yu[f8,
         f6]*lamprimebar[f8]*yubar[f97,f6]*gam[y99,FIVE,p4,y97]*uspin[
         p2,y97]*vbspin[p1,y99]*e_[l99,l2]*e_[l97,l2]*e_[l93,l8]*e_[l95
         ,l8]*d_(m99,m97)*FourPi^(-2)*I^9*MHT^(-2) + 1/4*Log[MHT^2]*
         lamprime[f99]*yu[f8,f6]*lamprimebar[f8]*yubar[f97,f6]*gam[y99,
         p2,y97]*uspin[p2,y97]*vbspin[p1,y99]*e_[l99,l2]*e_[l97,l2]*e_[
         l93,l8]*e_[l95,l8]*d_(m99,m97)*FourPi^(-2)*I^9*MHT^(-2) + 1/2*
         Log[MHT^2]*lamprime[f99]*yu[f8,f6]*lamprimebar[f8]*yubar[f97,
         f6]*gam[y99,p4,y97]*uspin[p2,y97]*vbspin[p1,y99]*e_[l99,l2]*
         e_[l97,l2]*e_[l93,l8]*e_[l95,l8]*d_(m99,m97)*FourPi^(-2)*I^9*
         MHT^(-2) - 1/2*Log[MHT^2]*lamprime[f99]*lamprimebar[f97]*Ta[n2
         ,l99,l4]*Ta[n2,l6,l97]*gam[y99,FIVE,p2,y97]*uspin[p2,y97]*
         vbspin[p1,y99]*e_[l4,l95]*e_[l93,l6]*d_(m99,m97)*FourPi^(-2)*
         I^9*gw^2*MHT^(-2) - 1/2*Log[MHT^2]*lamprime[f99]*lamprimebar[
         f97]*Ta[n2,l99,l4]*Ta[n2,l6,l97]*gam[y99,FIVE,p3,y97]*uspin[p2
         ,y97]*vbspin[p1,y99]*e_[l4,l95]*e_[l93,l6]*d_(m99,m97)*
         FourPi^(-2)*I^9*gw^2*MHT^(-2) - 1/2*Log[MHT^2]*lamprime[f99]*
         lamprimebar[f97]*Ta[n2,l99,l4]*Ta[n2,l6,l97]*gam[y99,p2,y97]*
         uspin[p2,y97]*vbspin[p1,y99]*e_[l4,l95]*e_[l93,l6]*d_(m99,m97)
         *FourPi^(-2)*I^9*gw^2*MHT^(-2) - 1/2*Log[MHT^2]*lamprime[f99]*
         lamprimebar[f97]*Ta[n2,l99,l4]*Ta[n2,l6,l97]*gam[y99,p3,y97]*
         uspin[p2,y97]*vbspin[p1,y99]*e_[l4,l95]*e_[l93,l6]*d_(m99,m97)
         *FourPi^(-2)*I^9*gw^2*MHT^(-2) - 3/8*Log[MHT^2]*lamprime[f99]*
         lamprimebar[f97]*Ta[n8,l95,l4]*Ta[n8,l6,l93]*gam[y99,FIVE,p1,
         y97]*uspin[p2,y97]*vbspin[p1,y99]*e_[l4,l99]*e_[l97,l6]*
         d_(m99,m97)*FourPi^(-2)*I^9*gw^2*MHT^(-2) + 1/8*Log[MHT^2]*
         lamprime[f99]*lamprimebar[f97]*Ta[n8,l95,l4]*Ta[n8,l6,l93]*
         gam[y99,FIVE,p2,y97]*uspin[p2,y97]*vbspin[p1,y99]*e_[l4,l99]*
         e_[l97,l6]*d_(m99,m97)*FourPi^(-2)*I^9*gw^2*MHT^(-2) - 3/8*
         Log[MHT^2]*lamprime[f99]*lamprimebar[f97]*Ta[n8,l95,l4]*Ta[n8,
         l6,l93]*gam[y99,FIVE,p3,y97]*uspin[p2,y97]*vbspin[p1,y99]*e_[
         l4,l99]*e_[l97,l6]*d_(m99,m97)*FourPi^(-2)*I^9*gw^2*MHT^(-2)
          + 1/8*Log[MHT^2]*lamprime[f99]*lamprimebar[f97]*Ta[n8,l95,l4]
         *Ta[n8,l6,l93]*gam[y99,FIVE,p4,y97]*uspin[p2,y97]*vbspin[p1,
         y99]*e_[l4,l99]*e_[l97,l6]*d_(m99,m97)*FourPi^(-2)*I^9*gw^2*
         MHT^(-2) - 3/8*Log[MHT^2]*lamprime[f99]*lamprimebar[f97]*Ta[n8
         ,l95,l4]*Ta[n8,l6,l93]*gam[y99,p1,y97]*uspin[p2,y97]*vbspin[p1
         ,y99]*e_[l4,l99]*e_[l97,l6]*d_(m99,m97)*FourPi^(-2)*I^9*gw^2*
         MHT^(-2) + 1/8*Log[MHT^2]*lamprime[f99]*lamprimebar[f97]*Ta[n8
         ,l95,l4]*Ta[n8,l6,l93]*gam[y99,p2,y97]*uspin[p2,y97]*vbspin[p1
         ,y99]*e_[l4,l99]*e_[l97,l6]*d_(m99,m97)*FourPi^(-2)*I^9*gw^2*
         MHT^(-2) - 3/8*Log[MHT^2]*lamprime[f99]*lamprimebar[f97]*Ta[n8
         ,l95,l4]*Ta[n8,l6,l93]*gam[y99,p3,y97]*uspin[p2,y97]*vbspin[p1
         ,y99]*e_[l4,l99]*e_[l97,l6]*d_(m99,m97)*FourPi^(-2)*I^9*gw^2*
         MHT^(-2) + 1/8*Log[MHT^2]*lamprime[f99]*lamprimebar[f97]*Ta[n8
         ,l95,l4]*Ta[n8,l6,l93]*gam[y99,p4,y97]*uspin[p2,y97]*vbspin[p1
         ,y99]*e_[l4,l99]*e_[l97,l6]*d_(m99,m97)*FourPi^(-2)*I^9*gw^2*
         MHT^(-2) - 1/2*Log[MHT^2]*lamprime[f99]*lamprimebar[f97]*Ta[n4
         ,l99,l2]*Ta[n4,l8,l93]*gam[y99,FIVE,p3,y97]*uspin[p2,y97]*
         vbspin[p1,y99]*e_[l97,l8]*e_[l95,l2]*d_(m99,m97)*FourPi^(-2)*
         I^9*gw^2*MHT^(-2) + 3/4*Log[MHT^2]*lamprime[f99]*lamprimebar[
         f97]*Ta[n4,l99,l2]*Ta[n4,l8,l93]*gam[y99,FIVE,p4,y97]*uspin[p2
         ,y97]*vbspin[p1,y99]*e_[l97,l8]*e_[l95,l2]*d_(m99,m97)*
         FourPi^(-2)*I^9*gw^2*MHT^(-2) - 1/2*Log[MHT^2]*lamprime[f99]*
         lamprimebar[f97]*Ta[n4,l99,l2]*Ta[n4,l8,l93]*gam[y99,p3,y97]*
         uspin[p2,y97]*vbspin[p1,y99]*e_[l97,l8]*e_[l95,l2]*d_(m99,m97)
         *FourPi^(-2)*I^9*gw^2*MHT^(-2) + 3/4*Log[MHT^2]*lamprime[f99]*
         lamprimebar[f97]*Ta[n4,l99,l2]*Ta[n4,l8,l93]*gam[y99,p4,y97]*
         uspin[p2,y97]*vbspin[p1,y99]*e_[l97,l8]*e_[l95,l2]*d_(m99,m97)
         *FourPi^(-2)*I^9*gw^2*MHT^(-2) - 3/4*Log[MHT^2]*lamprime[f99]*
         lamprimebar[f97]*Ta[n6,l95,l2]*Ta[n6,l8,l97]*gam[y99,FIVE,p3,
         y97]*uspin[p2,y97]*vbspin[p1,y99]*e_[l99,l2]*e_[l93,l8]*
         d_(m99,m97)*FourPi^(-2)*I^9*gw^2*MHT^(-2) + 1/2*Log[MHT^2]*
         lamprime[f99]*lamprimebar[f97]*Ta[n6,l95,l2]*Ta[n6,l8,l97]*
         gam[y99,FIVE,p4,y97]*uspin[p2,y97]*vbspin[p1,y99]*e_[l99,l2]*
         e_[l93,l8]*d_(m99,m97)*FourPi^(-2)*I^9*gw^2*MHT^(-2) - 3/4*
         Log[MHT^2]*lamprime[f99]*lamprimebar[f97]*Ta[n6,l95,l2]*Ta[n6,
         l8,l97]*gam[y99,p3,y97]*uspin[p2,y97]*vbspin[p1,y99]*e_[l99,l2
         ]*e_[l93,l8]*d_(m99,m97)*FourPi^(-2)*I^9*gw^2*MHT^(-2) + 1/2*
         Log[MHT^2]*lamprime[f99]*lamprimebar[f97]*Ta[n6,l95,l2]*Ta[n6,
         l8,l97]*gam[y99,p4,y97]*uspin[p2,y97]*vbspin[p1,y99]*e_[l99,l2
         ]*e_[l93,l8]*d_(m99,m97)*FourPi^(-2)*I^9*gw^2*MHT^(-2) + 2*
         Log[MHT^2]*lamprime[f99]*lamprimebar[f97]*T[a6,m99,m8]*T[a6,m8
         ,m97]*gam[y99,FIVE,p1,y97]*uspin[p2,y97]*vbspin[p1,y99]*e_[l99
         ,l95]*e_[l97,l93]*FourPi^(-2)*I^9*gs^2*MHT^(-2) + 3/2*Log[
         MHT^2]*lamprime[f99]*lamprimebar[f97]*T[a6,m99,m8]*T[a6,m8,m97
         ]*gam[y99,FIVE,p3,y97]*uspin[p2,y97]*vbspin[p1,y99]*e_[l99,l95
         ]*e_[l97,l93]*FourPi^(-2)*I^9*gs^2*MHT^(-2) + 2*Log[MHT^2]*
         lamprime[f99]*lamprimebar[f97]*T[a6,m99,m8]*T[a6,m8,m97]*gam[
         y99,p1,y97]*uspin[p2,y97]*vbspin[p1,y99]*e_[l99,l95]*e_[l97,
         l93]*FourPi^(-2)*I^9*gs^2*MHT^(-2) + 3/2*Log[MHT^2]*lamprime[
         f99]*lamprimebar[f97]*T[a6,m99,m8]*T[a6,m8,m97]*gam[y99,p3,y97
         ]*uspin[p2,y97]*vbspin[p1,y99]*e_[l99,l95]*e_[l97,l93]*
         FourPi^(-2)*I^9*gs^2*MHT^(-2) - 2*Log[MHT^2]*lamprime[f99]*
         lamprimebar[f97]*T[a6,m99,m4]*T[a6,m4,m97]*gam[y99,FIVE,p1,y97
         ]*uspin[p2,y97]*vbspin[p1,y99]*e_[l99,l95]*e_[l97,l93]*
         FourPi^(-2)*I^9*gs^2*MHT^(-2) - 1/2*Log[MHT^2]*lamprime[f99]*
         lamprimebar[f97]*T[a6,m99,m4]*T[a6,m4,m97]*gam[y99,FIVE,p2,y97
         ]*uspin[p2,y97]*vbspin[p1,y99]*e_[l99,l95]*e_[l97,l93]*
         FourPi^(-2)*I^9*gs^2*MHT^(-2) - 2*Log[MHT^2]*lamprime[f99]*
         lamprimebar[f97]*T[a6,m99,m4]*T[a6,m4,m97]*gam[y99,FIVE,p3,y97
         ]*uspin[p2,y97]*vbspin[p1,y99]*e_[l99,l95]*e_[l97,l93]*
         FourPi^(-2)*I^9*gs^2*MHT^(-2) - 2*Log[MHT^2]*lamprime[f99]*
         lamprimebar[f97]*T[a6,m99,m4]*T[a6,m4,m97]*gam[y99,p1,y97]*
         uspin[p2,y97]*vbspin[p1,y99]*e_[l99,l95]*e_[l97,l93]*
         FourPi^(-2)*I^9*gs^2*MHT^(-2) - 1/2*Log[MHT^2]*lamprime[f99]*
         lamprimebar[f97]*T[a6,m99,m4]*T[a6,m4,m97]*gam[y99,p2,y97]*
         uspin[p2,y97]*vbspin[p1,y99]*e_[l99,l95]*e_[l97,l93]*
         FourPi^(-2)*I^9*gs^2*MHT^(-2) - 2*Log[MHT^2]*lamprime[f99]*
         lamprimebar[f97]*T[a6,m99,m4]*T[a6,m4,m97]*gam[y99,p3,y97]*
         uspin[p2,y97]*vbspin[p1,y99]*e_[l99,l95]*e_[l97,l93]*
         FourPi^(-2)*I^9*gs^2*MHT^(-2) + 1/2*Log[MHT^2]*lamprime[f99]*
         lamprimebar[f97]*T[a2,m99,m6]*T[a2,m6,m97]*gam[y99,FIVE,p2,y97
         ]*uspin[p2,y97]*vbspin[p1,y99]*e_[l99,l95]*e_[l97,l93]*
         FourPi^(-2)*I^9*gs^2*MHT^(-2) + 1/2*Log[MHT^2]*lamprime[f99]*
         lamprimebar[f97]*T[a2,m99,m6]*T[a2,m6,m97]*gam[y99,FIVE,p3,y97
         ]*uspin[p2,y97]*vbspin[p1,y99]*e_[l99,l95]*e_[l97,l93]*
         FourPi^(-2)*I^9*gs^2*MHT^(-2) + 1/2*Log[MHT^2]*lamprime[f99]*
         lamprimebar[f97]*T[a2,m99,m6]*T[a2,m6,m97]*gam[y99,p2,y97]*
         uspin[p2,y97]*vbspin[p1,y99]*e_[l99,l95]*e_[l97,l93]*
         FourPi^(-2)*I^9*gs^2*MHT^(-2) + 1/2*Log[MHT^2]*lamprime[f99]*
         lamprimebar[f97]*T[a2,m99,m6]*T[a2,m6,m97]*gam[y99,p3,y97]*
         uspin[p2,y97]*vbspin[p1,y99]*e_[l99,l95]*e_[l97,l93]*
         FourPi^(-2)*I^9*gs^2*MHT^(-2) + 1/2*Log[MHT^2]*lamprime[f99]*
         lamprimebar[f97]*gam[y99,FIVE,p1,y97]*uspin[p2,y97]*vbspin[p1,
         y99]*e_[l4,l99]*e_[l4,l97]*d_(m99,m97)*d_(l93,l95)*FourPi^(-2)
         *I^7*lam*MHT^(-2) + 1/2*Log[MHT^2]*lamprime[f99]*lamprimebar[
         f97]*gam[y99,FIVE,p1,y97]*uspin[p2,y97]*vbspin[p1,y99]*e_[l99,
         l95]*e_[l97,l93]*d_(m99,m97)*FourPi^(-2)*I^7*lam*MHT^(-2) + 41/
         96*Log[MHT^2]*lamprime[f99]*lamprimebar[f97]*gam[y99,FIVE,p1,
         y97]*uspin[p2,y97]*vbspin[p1,y99]*e_[l99,l95]*e_[l97,l93]*
         d_(m99,m97)*FourPi^(-2)*I^9*g1^2*MHT^(-2) - 1/2*Log[MHT^2]*
         lamprime[f99]*lamprimebar[f97]*gam[y99,FIVE,p2,y97]*uspin[p2,
         y97]*vbspin[p1,y99]*e_[l4,l99]*e_[l4,l97]*d_(m99,m97)*
         d_(l93,l95)*FourPi^(-2)*I^7*lam*MHT^(-2) - 1/2*Log[MHT^2]*
         lamprime[f99]*lamprimebar[f97]*gam[y99,FIVE,p2,y97]*uspin[p2,
         y97]*vbspin[p1,y99]*e_[l99,l95]*e_[l97,l93]*d_(m99,m97)*
         FourPi^(-2)*I^7*lam*MHT^(-2) - 55/96*Log[MHT^2]*lamprime[f99]*
         lamprimebar[f97]*gam[y99,FIVE,p2,y97]*uspin[p2,y97]*vbspin[p1,
         y99]*e_[l99,l95]*e_[l97,l93]*d_(m99,m97)*FourPi^(-2)*I^9*g1^2*
         MHT^(-2) + 23/96*Log[MHT^2]*lamprime[f99]*lamprimebar[f97]*
         gam[y99,FIVE,p3,y97]*uspin[p2,y97]*vbspin[p1,y99]*e_[l99,l95]*
         e_[l97,l93]*d_(m99,m97)*FourPi^(-2)*I^9*g1^2*MHT^(-2) - 37/96*
         Log[MHT^2]*lamprime[f99]*lamprimebar[f97]*gam[y99,FIVE,p4,y97]
         *uspin[p2,y97]*vbspin[p1,y99]*e_[l99,l95]*e_[l97,l93]*
         d_(m99,m97)*FourPi^(-2)*I^9*g1^2*MHT^(-2) + 1/2*Log[MHT^2]*
         lamprime[f99]*lamprimebar[f97]*gam[y99,p1,y97]*uspin[p2,y97]*
         vbspin[p1,y99]*e_[l4,l99]*e_[l4,l97]*d_(m99,m97)*d_(l93,l95)*
         FourPi^(-2)*I^7*lam*MHT^(-2) + 1/2*Log[MHT^2]*lamprime[f99]*
         lamprimebar[f97]*gam[y99,p1,y97]*uspin[p2,y97]*vbspin[p1,y99]*
         e_[l99,l95]*e_[l97,l93]*d_(m99,m97)*FourPi^(-2)*I^7*lam*
         MHT^(-2) + 41/96*Log[MHT^2]*lamprime[f99]*lamprimebar[f97]*
         gam[y99,p1,y97]*uspin[p2,y97]*vbspin[p1,y99]*e_[l99,l95]*e_[
         l97,l93]*d_(m99,m97)*FourPi^(-2)*I^9*g1^2*MHT^(-2) - 1/2*Log[
         MHT^2]*lamprime[f99]*lamprimebar[f97]*gam[y99,p2,y97]*uspin[p2
         ,y97]*vbspin[p1,y99]*e_[l4,l99]*e_[l4,l97]*d_(m99,m97)*
         d_(l93,l95)*FourPi^(-2)*I^7*lam*MHT^(-2) - 1/2*Log[MHT^2]*
         lamprime[f99]*lamprimebar[f97]*gam[y99,p2,y97]*uspin[p2,y97]*
         vbspin[p1,y99]*e_[l99,l95]*e_[l97,l93]*d_(m99,m97)*FourPi^(-2)
         *I^7*lam*MHT^(-2) - 55/96*Log[MHT^2]*lamprime[f99]*
         lamprimebar[f97]*gam[y99,p2,y97]*uspin[p2,y97]*vbspin[p1,y99]*
         e_[l99,l95]*e_[l97,l93]*d_(m99,m97)*FourPi^(-2)*I^9*g1^2*
         MHT^(-2) + 23/96*Log[MHT^2]*lamprime[f99]*lamprimebar[f97]*
         gam[y99,p3,y97]*uspin[p2,y97]*vbspin[p1,y99]*e_[l99,l95]*e_[
         l97,l93]*d_(m99,m97)*FourPi^(-2)*I^9*g1^2*MHT^(-2) - 37/96*
         Log[MHT^2]*lamprime[f99]*lamprimebar[f97]*gam[y99,p4,y97]*
         uspin[p2,y97]*vbspin[p1,y99]*e_[l99,l95]*e_[l97,l93]*
         d_(m99,m97)*FourPi^(-2)*I^9*g1^2*MHT^(-2) + 1/4*Log[MHT^2]*
         lamprime[f8]*yu[f99,f4]*lamprimebar[f97]*yubar[f8,f4]*gam[y99,
         FIVE,p1,y97]*uspin[p2,y97]*vbspin[p1,y99]*e_[l99,l2]*e_[l97,l2
         ]*e_[l93,l8]*e_[l95,l8]*d_(m99,m97)*FourPi^(-2)*I^9*MHT^(-2)
          + 1/2*Log[MHT^2]*lamprime[f8]*yu[f99,f4]*lamprimebar[f97]*
         yubar[f8,f4]*gam[y99,FIVE,p2,y97]*uspin[p2,y97]*vbspin[p1,y99]
         *e_[l99,l2]*e_[l97,l2]*e_[l93,l8]*e_[l95,l8]*d_(m99,m97)*
         FourPi^(-2)*I^9*MHT^(-2) + 1/2*Log[MHT^2]*lamprime[f8]*yu[f99,
         f4]*lamprimebar[f97]*yubar[f8,f4]*gam[y99,FIVE,p4,y97]*uspin[
         p2,y97]*vbspin[p1,y99]*e_[l99,l2]*e_[l97,l2]*e_[l93,l8]*e_[l95
         ,l8]*d_(m99,m97)*FourPi^(-2)*I^9*MHT^(-2) + 1/4*Log[MHT^2]*
         lamprime[f8]*yu[f99,f4]*lamprimebar[f97]*yubar[f8,f4]*gam[y99,
         p1,y97]*uspin[p2,y97]*vbspin[p1,y99]*e_[l99,l2]*e_[l97,l2]*e_[
         l93,l8]*e_[l95,l8]*d_(m99,m97)*FourPi^(-2)*I^9*MHT^(-2) + 1/2*
         Log[MHT^2]*lamprime[f8]*yu[f99,f4]*lamprimebar[f97]*yubar[f8,
         f4]*gam[y99,p2,y97]*uspin[p2,y97]*vbspin[p1,y99]*e_[l99,l2]*
         e_[l97,l2]*e_[l93,l8]*e_[l95,l8]*d_(m99,m97)*FourPi^(-2)*I^9*
         MHT^(-2) + 1/2*Log[MHT^2]*lamprime[f8]*yu[f99,f4]*lamprimebar[
         f97]*yubar[f8,f4]*gam[y99,p4,y97]*uspin[p2,y97]*vbspin[p1,y99]
         *e_[l99,l2]*e_[l97,l2]*e_[l93,l8]*e_[l95,l8]*d_(m99,m97)*
         FourPi^(-2)*I^9*MHT^(-2) + 1/8*lamprime[f99]*lamprime[f8]*
         lamprimebar[f97]*lamprimebar[f8]*gam[y99,FIVE,p1,y97]*uspin[p2
         ,y97]*vbspin[p1,y99]*e_[l99,l2]*e_[l97,l2]*e_[l93,l8]*e_[l95,
         l8]*d_(m99,m97)*FourPi^(-2)*I^9*MHT^(-2) + 3/8*lamprime[f99]*
         lamprime[f8]*lamprimebar[f97]*lamprimebar[f8]*gam[y99,FIVE,p2,
         y97]*uspin[p2,y97]*vbspin[p1,y99]*e_[l99,l2]*e_[l97,l2]*e_[l93
         ,l8]*e_[l95,l8]*d_(m99,m97)*FourPi^(-2)*I^9*MHT^(-2) + 1/2*
         lamprime[f99]*lamprime[f8]*lamprimebar[f97]*lamprimebar[f8]*
         gam[y99,FIVE,p4,y97]*uspin[p2,y97]*vbspin[p1,y99]*e_[l99,l2]*
         e_[l97,l2]*e_[l93,l8]*e_[l95,l8]*d_(m99,m97)*FourPi^(-2)*I^9*
         MHT^(-2) + 1/8*lamprime[f99]*lamprime[f8]*lamprimebar[f97]*
         lamprimebar[f8]*gam[y99,p1,y97]*uspin[p2,y97]*vbspin[p1,y99]*
         e_[l99,l2]*e_[l97,l2]*e_[l93,l8]*e_[l95,l8]*d_(m99,m97)*
         FourPi^(-2)*I^9*MHT^(-2) + 3/8*lamprime[f99]*lamprime[f8]*
         lamprimebar[f97]*lamprimebar[f8]*gam[y99,p2,y97]*uspin[p2,y97]
         *vbspin[p1,y99]*e_[l99,l2]*e_[l97,l2]*e_[l93,l8]*e_[l95,l8]*
         d_(m99,m97)*FourPi^(-2)*I^9*MHT^(-2) + 1/2*lamprime[f99]*
         lamprime[f8]*lamprimebar[f97]*lamprimebar[f8]*gam[y99,p4,y97]*
         uspin[p2,y97]*vbspin[p1,y99]*e_[l99,l2]*e_[l97,l2]*e_[l93,l8]*
         e_[l95,l8]*d_(m99,m97)*FourPi^(-2)*I^9*MHT^(-2) + 1/4*
         lamprime[f99]*yu[f8,f6]*lamprimebar[f8]*yubar[f97,f6]*gam[y99,
         FIVE,p1,y97]*uspin[p2,y97]*vbspin[p1,y99]*e_[l99,l2]*e_[l97,l2
         ]*e_[l93,l8]*e_[l95,l8]*d_(m99,m97)*FourPi^(-2)*I^9*MHT^(-2)
          - 1/8*lamprime[f99]*yu[f8,f6]*lamprimebar[f8]*yubar[f97,f6]*
         gam[y99,FIVE,p2,y97]*uspin[p2,y97]*vbspin[p1,y99]*e_[l99,l2]*
         e_[l97,l2]*e_[l93,l8]*e_[l95,l8]*d_(m99,m97)*FourPi^(-2)*I^9*
         MHT^(-2) - 1/2*lamprime[f99]*yu[f8,f6]*lamprimebar[f8]*yubar[
         f97,f6]*gam[y99,FIVE,p4,y97]*uspin[p2,y97]*vbspin[p1,y99]*e_[
         l99,l2]*e_[l97,l2]*e_[l93,l8]*e_[l95,l8]*d_(m99,m97)*
         FourPi^(-2)*I^9*MHT^(-2) + 1/4*lamprime[f99]*yu[f8,f6]*
         lamprimebar[f8]*yubar[f97,f6]*gam[y99,p1,y97]*uspin[p2,y97]*
         vbspin[p1,y99]*e_[l99,l2]*e_[l97,l2]*e_[l93,l8]*e_[l95,l8]*
         d_(m99,m97)*FourPi^(-2)*I^9*MHT^(-2) - 1/8*lamprime[f99]*yu[f8
         ,f6]*lamprimebar[f8]*yubar[f97,f6]*gam[y99,p2,y97]*uspin[p2,
         y97]*vbspin[p1,y99]*e_[l99,l2]*e_[l97,l2]*e_[l93,l8]*e_[l95,l8
         ]*d_(m99,m97)*FourPi^(-2)*I^9*MHT^(-2) - 1/2*lamprime[f99]*yu[
         f8,f6]*lamprimebar[f8]*yubar[f97,f6]*gam[y99,p4,y97]*uspin[p2,
         y97]*vbspin[p1,y99]*e_[l99,l2]*e_[l97,l2]*e_[l93,l8]*e_[l95,l8
         ]*d_(m99,m97)*FourPi^(-2)*I^9*MHT^(-2) - 1/2*lamprime[f99]*
         lamprimebar[f97]*Ta[n2,l99,l4]*Ta[n2,l6,l97]*gam[y99,FIVE,p1,
         y97]*uspin[p2,y97]*vbspin[p1,y99]*e_[l4,l95]*e_[l93,l6]*
         d_(m99,m97)*FourPi^(-2)*I^9*gw^2*MHT^(-2) - 1/4*lamprime[f99]*
         lamprimebar[f97]*Ta[n2,l99,l4]*Ta[n2,l6,l97]*gam[y99,FIVE,p2,
         y97]*uspin[p2,y97]*vbspin[p1,y99]*e_[l4,l95]*e_[l93,l6]*
         d_(m99,m97)*FourPi^(-2)*I^9*gw^2*MHT^(-2) - 3/4*lamprime[f99]*
         lamprimebar[f97]*Ta[n2,l99,l4]*Ta[n2,l6,l97]*gam[y99,FIVE,p3,
         y97]*uspin[p2,y97]*vbspin[p1,y99]*e_[l4,l95]*e_[l93,l6]*
         d_(m99,m97)*FourPi^(-2)*I^9*gw^2*MHT^(-2) - 1/2*lamprime[f99]*
         lamprimebar[f97]*Ta[n2,l99,l4]*Ta[n2,l6,l97]*gam[y99,p1,y97]*
         uspin[p2,y97]*vbspin[p1,y99]*e_[l4,l95]*e_[l93,l6]*d_(m99,m97)
         *FourPi^(-2)*I^9*gw^2*MHT^(-2) - 1/4*lamprime[f99]*
         lamprimebar[f97]*Ta[n2,l99,l4]*Ta[n2,l6,l97]*gam[y99,p2,y97]*
         uspin[p2,y97]*vbspin[p1,y99]*e_[l4,l95]*e_[l93,l6]*d_(m99,m97)
         *FourPi^(-2)*I^9*gw^2*MHT^(-2) - 3/4*lamprime[f99]*
         lamprimebar[f97]*Ta[n2,l99,l4]*Ta[n2,l6,l97]*gam[y99,p3,y97]*
         uspin[p2,y97]*vbspin[p1,y99]*e_[l4,l95]*e_[l93,l6]*d_(m99,m97)
         *FourPi^(-2)*I^9*gw^2*MHT^(-2) + 9/16*lamprime[f99]*
         lamprimebar[f97]*Ta[n8,l95,l4]*Ta[n8,l6,l93]*gam[y99,FIVE,p1,
         y97]*uspin[p2,y97]*vbspin[p1,y99]*e_[l4,l99]*e_[l97,l6]*
         d_(m99,m97)*FourPi^(-2)*I^9*gw^2*MHT^(-2) - 3/16*lamprime[f99]
         *lamprimebar[f97]*Ta[n8,l95,l4]*Ta[n8,l6,l93]*gam[y99,FIVE,p2,
         y97]*uspin[p2,y97]*vbspin[p1,y99]*e_[l4,l99]*e_[l97,l6]*
         d_(m99,m97)*FourPi^(-2)*I^9*gw^2*MHT^(-2) + 9/16*lamprime[f99]
         *lamprimebar[f97]*Ta[n8,l95,l4]*Ta[n8,l6,l93]*gam[y99,FIVE,p3,
         y97]*uspin[p2,y97]*vbspin[p1,y99]*e_[l4,l99]*e_[l97,l6]*
         d_(m99,m97)*FourPi^(-2)*I^9*gw^2*MHT^(-2) - 3/16*lamprime[f99]
         *lamprimebar[f97]*Ta[n8,l95,l4]*Ta[n8,l6,l93]*gam[y99,FIVE,p4,
         y97]*uspin[p2,y97]*vbspin[p1,y99]*e_[l4,l99]*e_[l97,l6]*
         d_(m99,m97)*FourPi^(-2)*I^9*gw^2*MHT^(-2) + 9/16*lamprime[f99]
         *lamprimebar[f97]*Ta[n8,l95,l4]*Ta[n8,l6,l93]*gam[y99,p1,y97]*
         uspin[p2,y97]*vbspin[p1,y99]*e_[l4,l99]*e_[l97,l6]*d_(m99,m97)
         *FourPi^(-2)*I^9*gw^2*MHT^(-2) - 3/16*lamprime[f99]*
         lamprimebar[f97]*Ta[n8,l95,l4]*Ta[n8,l6,l93]*gam[y99,p2,y97]*
         uspin[p2,y97]*vbspin[p1,y99]*e_[l4,l99]*e_[l97,l6]*d_(m99,m97)
         *FourPi^(-2)*I^9*gw^2*MHT^(-2) + 9/16*lamprime[f99]*
         lamprimebar[f97]*Ta[n8,l95,l4]*Ta[n8,l6,l93]*gam[y99,p3,y97]*
         uspin[p2,y97]*vbspin[p1,y99]*e_[l4,l99]*e_[l97,l6]*d_(m99,m97)
         *FourPi^(-2)*I^9*gw^2*MHT^(-2) - 3/16*lamprime[f99]*
         lamprimebar[f97]*Ta[n8,l95,l4]*Ta[n8,l6,l93]*gam[y99,p4,y97]*
         uspin[p2,y97]*vbspin[p1,y99]*e_[l4,l99]*e_[l97,l6]*d_(m99,m97)
         *FourPi^(-2)*I^9*gw^2*MHT^(-2) + 1/4*lamprime[f99]*
         lamprimebar[f97]*Ta[n4,l99,l2]*Ta[n4,l8,l93]*gam[y99,FIVE,p1,
         y97]*uspin[p2,y97]*vbspin[p1,y99]*e_[l97,l8]*e_[l95,l2]*
         d_(m99,m97)*FourPi^(-2)*I^9*gw^2*MHT^(-2) + 3/4*lamprime[f99]*
         lamprimebar[f97]*Ta[n4,l99,l2]*Ta[n4,l8,l93]*gam[y99,FIVE,p3,
         y97]*uspin[p2,y97]*vbspin[p1,y99]*e_[l97,l8]*e_[l95,l2]*
         d_(m99,m97)*FourPi^(-2)*I^9*gw^2*MHT^(-2) - 5/8*lamprime[f99]*
         lamprimebar[f97]*Ta[n4,l99,l2]*Ta[n4,l8,l93]*gam[y99,FIVE,p4,
         y97]*uspin[p2,y97]*vbspin[p1,y99]*e_[l97,l8]*e_[l95,l2]*
         d_(m99,m97)*FourPi^(-2)*I^9*gw^2*MHT^(-2) + 1/4*lamprime[f99]*
         lamprimebar[f97]*Ta[n4,l99,l2]*Ta[n4,l8,l93]*gam[y99,p1,y97]*
         uspin[p2,y97]*vbspin[p1,y99]*e_[l97,l8]*e_[l95,l2]*d_(m99,m97)
         *FourPi^(-2)*I^9*gw^2*MHT^(-2) + 3/4*lamprime[f99]*
         lamprimebar[f97]*Ta[n4,l99,l2]*Ta[n4,l8,l93]*gam[y99,p3,y97]*
         uspin[p2,y97]*vbspin[p1,y99]*e_[l97,l8]*e_[l95,l2]*d_(m99,m97)
         *FourPi^(-2)*I^9*gw^2*MHT^(-2) - 5/8*lamprime[f99]*
         lamprimebar[f97]*Ta[n4,l99,l2]*Ta[n4,l8,l93]*gam[y99,p4,y97]*
         uspin[p2,y97]*vbspin[p1,y99]*e_[l97,l8]*e_[l95,l2]*d_(m99,m97)
         *FourPi^(-2)*I^9*gw^2*MHT^(-2) + 1/4*lamprime[f99]*
         lamprimebar[f97]*Ta[n6,l95,l2]*Ta[n6,l8,l97]*gam[y99,FIVE,p1,
         y97]*uspin[p2,y97]*vbspin[p1,y99]*e_[l99,l2]*e_[l93,l8]*
         d_(m99,m97)*FourPi^(-2)*I^9*gw^2*MHT^(-2) + 7/8*lamprime[f99]*
         lamprimebar[f97]*Ta[n6,l95,l2]*Ta[n6,l8,l97]*gam[y99,FIVE,p3,
         y97]*uspin[p2,y97]*vbspin[p1,y99]*e_[l99,l2]*e_[l93,l8]*
         d_(m99,m97)*FourPi^(-2)*I^9*gw^2*MHT^(-2) - 1/2*lamprime[f99]*
         lamprimebar[f97]*Ta[n6,l95,l2]*Ta[n6,l8,l97]*gam[y99,FIVE,p4,
         y97]*uspin[p2,y97]*vbspin[p1,y99]*e_[l99,l2]*e_[l93,l8]*
         d_(m99,m97)*FourPi^(-2)*I^9*gw^2*MHT^(-2) + 1/4*lamprime[f99]*
         lamprimebar[f97]*Ta[n6,l95,l2]*Ta[n6,l8,l97]*gam[y99,p1,y97]*
         uspin[p2,y97]*vbspin[p1,y99]*e_[l99,l2]*e_[l93,l8]*d_(m99,m97)
         *FourPi^(-2)*I^9*gw^2*MHT^(-2) + 7/8*lamprime[f99]*
         lamprimebar[f97]*Ta[n6,l95,l2]*Ta[n6,l8,l97]*gam[y99,p3,y97]*
         uspin[p2,y97]*vbspin[p1,y99]*e_[l99,l2]*e_[l93,l8]*d_(m99,m97)
         *FourPi^(-2)*I^9*gw^2*MHT^(-2) - 1/2*lamprime[f99]*
         lamprimebar[f97]*Ta[n6,l95,l2]*Ta[n6,l8,l97]*gam[y99,p4,y97]*
         uspin[p2,y97]*vbspin[p1,y99]*e_[l99,l2]*e_[l93,l8]*d_(m99,m97)
         *FourPi^(-2)*I^9*gw^2*MHT^(-2) - lamprime[f99]*lamprimebar[f97
         ]*T[a6,m99,m8]*T[a6,m8,m97]*gam[y99,FIVE,p1,y97]*uspin[p2,y97]
         *vbspin[p1,y99]*e_[l99,l95]*e_[l97,l93]*FourPi^(-2)*I^9*gs^2*
         MHT^(-2) - 5/4*lamprime[f99]*lamprimebar[f97]*T[a6,m99,m8]*T[
         a6,m8,m97]*gam[y99,FIVE,p3,y97]*uspin[p2,y97]*vbspin[p1,y99]*
         e_[l99,l95]*e_[l97,l93]*FourPi^(-2)*I^9*gs^2*MHT^(-2) - 
         lamprime[f99]*lamprimebar[f97]*T[a6,m99,m8]*T[a6,m8,m97]*gam[
         y99,p1,y97]*uspin[p2,y97]*vbspin[p1,y99]*e_[l99,l95]*e_[l97,
         l93]*FourPi^(-2)*I^9*gs^2*MHT^(-2) - 5/4*lamprime[f99]*
         lamprimebar[f97]*T[a6,m99,m8]*T[a6,m8,m97]*gam[y99,p3,y97]*
         uspin[p2,y97]*vbspin[p1,y99]*e_[l99,l95]*e_[l97,l93]*
         FourPi^(-2)*I^9*gs^2*MHT^(-2) + lamprime[f99]*lamprimebar[f97]
         *T[a6,m99,m4]*T[a6,m4,m97]*gam[y99,FIVE,p1,y97]*uspin[p2,y97]*
         vbspin[p1,y99]*e_[l99,l95]*e_[l97,l93]*FourPi^(-2)*I^9*gs^2*
         MHT^(-2) + 1/4*lamprime[f99]*lamprimebar[f97]*T[a6,m99,m4]*T[
         a6,m4,m97]*gam[y99,FIVE,p2,y97]*uspin[p2,y97]*vbspin[p1,y99]*
         e_[l99,l95]*e_[l97,l93]*FourPi^(-2)*I^9*gs^2*MHT^(-2) + 
         lamprime[f99]*lamprimebar[f97]*T[a6,m99,m4]*T[a6,m4,m97]*gam[
         y99,FIVE,p3,y97]*uspin[p2,y97]*vbspin[p1,y99]*e_[l99,l95]*e_[
         l97,l93]*FourPi^(-2)*I^9*gs^2*MHT^(-2) + 1/2*lamprime[f99]*
         lamprimebar[f97]*T[a6,m99,m4]*T[a6,m4,m97]*gam[y99,FIVE,p4,y97
         ]*uspin[p2,y97]*vbspin[p1,y99]*e_[l99,l95]*e_[l97,l93]*
         FourPi^(-2)*I^9*gs^2*MHT^(-2) + lamprime[f99]*lamprimebar[f97]
         *T[a6,m99,m4]*T[a6,m4,m97]*gam[y99,p1,y97]*uspin[p2,y97]*
         vbspin[p1,y99]*e_[l99,l95]*e_[l97,l93]*FourPi^(-2)*I^9*gs^2*
         MHT^(-2) + 1/4*lamprime[f99]*lamprimebar[f97]*T[a6,m99,m4]*T[
         a6,m4,m97]*gam[y99,p2,y97]*uspin[p2,y97]*vbspin[p1,y99]*e_[l99
         ,l95]*e_[l97,l93]*FourPi^(-2)*I^9*gs^2*MHT^(-2) + lamprime[f99
         ]*lamprimebar[f97]*T[a6,m99,m4]*T[a6,m4,m97]*gam[y99,p3,y97]*
         uspin[p2,y97]*vbspin[p1,y99]*e_[l99,l95]*e_[l97,l93]*
         FourPi^(-2)*I^9*gs^2*MHT^(-2) + 1/2*lamprime[f99]*lamprimebar[
         f97]*T[a6,m99,m4]*T[a6,m4,m97]*gam[y99,p4,y97]*uspin[p2,y97]*
         vbspin[p1,y99]*e_[l99,l95]*e_[l97,l93]*FourPi^(-2)*I^9*gs^2*
         MHT^(-2) + 1/2*lamprime[f99]*lamprimebar[f97]*T[a2,m99,m6]*T[
         a2,m6,m97]*gam[y99,FIVE,p1,y97]*uspin[p2,y97]*vbspin[p1,y99]*
         e_[l99,l95]*e_[l97,l93]*FourPi^(-2)*I^9*gs^2*MHT^(-2) + 1/4*
         lamprime[f99]*lamprimebar[f97]*T[a2,m99,m6]*T[a2,m6,m97]*gam[
         y99,FIVE,p2,y97]*uspin[p2,y97]*vbspin[p1,y99]*e_[l99,l95]*e_[
         l97,l93]*FourPi^(-2)*I^9*gs^2*MHT^(-2) + 3/4*lamprime[f99]*
         lamprimebar[f97]*T[a2,m99,m6]*T[a2,m6,m97]*gam[y99,FIVE,p3,y97
         ]*uspin[p2,y97]*vbspin[p1,y99]*e_[l99,l95]*e_[l97,l93]*
         FourPi^(-2)*I^9*gs^2*MHT^(-2) + 1/2*lamprime[f99]*lamprimebar[
         f97]*T[a2,m99,m6]*T[a2,m6,m97]*gam[y99,p1,y97]*uspin[p2,y97]*
         vbspin[p1,y99]*e_[l99,l95]*e_[l97,l93]*FourPi^(-2)*I^9*gs^2*
         MHT^(-2) + 1/4*lamprime[f99]*lamprimebar[f97]*T[a2,m99,m6]*T[
         a2,m6,m97]*gam[y99,p2,y97]*uspin[p2,y97]*vbspin[p1,y99]*e_[l99
         ,l95]*e_[l97,l93]*FourPi^(-2)*I^9*gs^2*MHT^(-2) + 3/4*
         lamprime[f99]*lamprimebar[f97]*T[a2,m99,m6]*T[a2,m6,m97]*gam[
         y99,p3,y97]*uspin[p2,y97]*vbspin[p1,y99]*e_[l99,l95]*e_[l97,
         l93]*FourPi^(-2)*I^9*gs^2*MHT^(-2) - 3/4*lamprime[f99]*
         lamprimebar[f97]*gam[y99,FIVE,p1,y97]*uspin[p2,y97]*vbspin[p1,
         y99]*e_[l4,l99]*e_[l4,l97]*d_(m99,m97)*d_(l93,l95)*FourPi^(-2)
         *I^7*lam*MHT^(-2) - 3/4*lamprime[f99]*lamprimebar[f97]*gam[y99
         ,FIVE,p1,y97]*uspin[p2,y97]*vbspin[p1,y99]*e_[l99,l95]*e_[l97,
         l93]*d_(m99,m97)*FourPi^(-2)*I^7*lam*MHT^(-2) - 97/576*
         lamprime[f99]*lamprimebar[f97]*gam[y99,FIVE,p1,y97]*uspin[p2,
         y97]*vbspin[p1,y99]*e_[l99,l95]*e_[l97,l93]*d_(m99,m97)*
         FourPi^(-2)*I^9*g1^2*MHT^(-2) + 3/4*lamprime[f99]*lamprimebar[
         f97]*gam[y99,FIVE,p2,y97]*uspin[p2,y97]*vbspin[p1,y99]*e_[l4,
         l99]*e_[l4,l97]*d_(m99,m97)*d_(l93,l95)*FourPi^(-2)*I^7*lam*
         MHT^(-2) + 3/4*lamprime[f99]*lamprimebar[f97]*gam[y99,FIVE,p2,
         y97]*uspin[p2,y97]*vbspin[p1,y99]*e_[l99,l95]*e_[l97,l93]*
         d_(m99,m97)*FourPi^(-2)*I^7*lam*MHT^(-2) + 95/576*lamprime[f99
         ]*lamprimebar[f97]*gam[y99,FIVE,p2,y97]*uspin[p2,y97]*vbspin[
         p1,y99]*e_[l99,l95]*e_[l97,l93]*d_(m99,m97)*FourPi^(-2)*I^9*
         g1^2*MHT^(-2) - 43/576*lamprime[f99]*lamprimebar[f97]*gam[y99,
         FIVE,p3,y97]*uspin[p2,y97]*vbspin[p1,y99]*e_[l99,l95]*e_[l97,
         l93]*d_(m99,m97)*FourPi^(-2)*I^9*g1^2*MHT^(-2) + 41/576*
         lamprime[f99]*lamprimebar[f97]*gam[y99,FIVE,p4,y97]*uspin[p2,
         y97]*vbspin[p1,y99]*e_[l99,l95]*e_[l97,l93]*d_(m99,m97)*
         FourPi^(-2)*I^9*g1^2*MHT^(-2) - 3/4*lamprime[f99]*lamprimebar[
         f97]*gam[y99,p1,y97]*uspin[p2,y97]*vbspin[p1,y99]*e_[l4,l99]*
         e_[l4,l97]*d_(m99,m97)*d_(l93,l95)*FourPi^(-2)*I^7*lam*
         MHT^(-2) - 3/4*lamprime[f99]*lamprimebar[f97]*gam[y99,p1,y97]*
         uspin[p2,y97]*vbspin[p1,y99]*e_[l99,l95]*e_[l97,l93]*
         d_(m99,m97)*FourPi^(-2)*I^7*lam*MHT^(-2) - 97/576*lamprime[f99
         ]*lamprimebar[f97]*gam[y99,p1,y97]*uspin[p2,y97]*vbspin[p1,y99
         ]*e_[l99,l95]*e_[l97,l93]*d_(m99,m97)*FourPi^(-2)*I^9*g1^2*
         MHT^(-2) + 3/4*lamprime[f99]*lamprimebar[f97]*gam[y99,p2,y97]*
         uspin[p2,y97]*vbspin[p1,y99]*e_[l4,l99]*e_[l4,l97]*d_(m99,m97)
         *d_(l93,l95)*FourPi^(-2)*I^7*lam*MHT^(-2) + 3/4*lamprime[f99]*
         lamprimebar[f97]*gam[y99,p2,y97]*uspin[p2,y97]*vbspin[p1,y99]*
         e_[l99,l95]*e_[l97,l93]*d_(m99,m97)*FourPi^(-2)*I^7*lam*
         MHT^(-2) + 95/576*lamprime[f99]*lamprimebar[f97]*gam[y99,p2,
         y97]*uspin[p2,y97]*vbspin[p1,y99]*e_[l99,l95]*e_[l97,l93]*
         d_(m99,m97)*FourPi^(-2)*I^9*g1^2*MHT^(-2) - 43/576*lamprime[
         f99]*lamprimebar[f97]*gam[y99,p3,y97]*uspin[p2,y97]*vbspin[p1,
         y99]*e_[l99,l95]*e_[l97,l93]*d_(m99,m97)*FourPi^(-2)*I^9*g1^2*
         MHT^(-2) + 41/576*lamprime[f99]*lamprimebar[f97]*gam[y99,p4,
         y97]*uspin[p2,y97]*vbspin[p1,y99]*e_[l99,l95]*e_[l97,l93]*
         d_(m99,m97)*FourPi^(-2)*I^9*g1^2*MHT^(-2) - 3/8*lamprime[f8]*
         yu[f99,f4]*lamprimebar[f97]*yubar[f8,f4]*gam[y99,FIVE,p1,y97]*
         uspin[p2,y97]*vbspin[p1,y99]*e_[l99,l2]*e_[l97,l2]*e_[l93,l8]*
         e_[l95,l8]*d_(m99,m97)*FourPi^(-2)*I^9*MHT^(-2) - 3/4*
         lamprime[f8]*yu[f99,f4]*lamprimebar[f97]*yubar[f8,f4]*gam[y99,
         FIVE,p2,y97]*uspin[p2,y97]*vbspin[p1,y99]*e_[l99,l2]*e_[l97,l2
         ]*e_[l93,l8]*e_[l95,l8]*d_(m99,m97)*FourPi^(-2)*I^9*MHT^(-2)
          - 1/2*lamprime[f8]*yu[f99,f4]*lamprimebar[f97]*yubar[f8,f4]*
         gam[y99,FIVE,p4,y97]*uspin[p2,y97]*vbspin[p1,y99]*e_[l99,l2]*
         e_[l97,l2]*e_[l93,l8]*e_[l95,l8]*d_(m99,m97)*FourPi^(-2)*I^9*
         MHT^(-2) - 3/8*lamprime[f8]*yu[f99,f4]*lamprimebar[f97]*yubar[
         f8,f4]*gam[y99,p1,y97]*uspin[p2,y97]*vbspin[p1,y99]*e_[l99,l2]
         *e_[l97,l2]*e_[l93,l8]*e_[l95,l8]*d_(m99,m97)*FourPi^(-2)*I^9*
         MHT^(-2) - 3/4*lamprime[f8]*yu[f99,f4]*lamprimebar[f97]*yubar[
         f8,f4]*gam[y99,p2,y97]*uspin[p2,y97]*vbspin[p1,y99]*e_[l99,l2]
         *e_[l97,l2]*e_[l93,l8]*e_[l95,l8]*d_(m99,m97)*FourPi^(-2)*I^9*
         MHT^(-2) - 1/2*lamprime[f8]*yu[f99,f4]*lamprimebar[f97]*yubar[
         f8,f4]*gam[y99,p4,y97]*uspin[p2,y97]*vbspin[p1,y99]*e_[l99,l2]
         *e_[l97,l2]*e_[l93,l8]*e_[l95,l8]*d_(m99,m97)*FourPi^(-2)*I^9*
         MHT^(-2) );

  0.22 sec out of 0.22 sec
