FORM 4.2.0 (Jul  6 2017, v4.2.0) 64-bits         Run: Fri Mar  2 17:50:15 2018
    * -*-Form-*-
    
    #: Parentheses 2000
    #-

   amplqLbardRGPhi =
       + sSS * (  - 1/4*Log[MHT^2]*lamprime[f99]*yd[f6,f97]*
         lamprimebar[f6]*T[a95,m99,m97]*gam[y99,FIVE,p4,pol3,y97]*
         uspin[p2,y97]*vbspin[p1,y99]*e_[l2,l99]*e_[l2,l93]*FourPi^(-2)
         *I^9*gs*MHT^(-2) - 1/4*Log[MHT^2]*lamprime[f99]*yd[f6,f97]*
         lamprimebar[f6]*T[a95,m99,m97]*gam[y99,p4,pol3,y97]*uspin[p2,
         y97]*vbspin[p1,y99]*e_[l2,l99]*e_[l2,l93]*FourPi^(-2)*I^9*gs*
         MHT^(-2) - 1/2*lamprime[f99]*yd[f6,f97]*lamprimebar[f6]*T[a95,
         m99,m97]*gam[y99,FIVE,p1,pol3,y97]*uspin[p2,y97]*vbspin[p1,y99
         ]*e_[l2,l99]*e_[l2,l93]*FourPi^(-2)*I^9*gs*MHT^(-2) - 1/4*
         lamprime[f99]*yd[f6,f97]*lamprimebar[f6]*T[a95,m99,m97]*gam[
         y99,FIVE,p2,pol3,y97]*uspin[p2,y97]*vbspin[p1,y99]*e_[l2,l99]*
         e_[l2,l93]*FourPi^(-2)*I^9*gs*MHT^(-2) - 1/8*lamprime[f99]*yd[
         f6,f97]*lamprimebar[f6]*T[a95,m99,m97]*gam[y99,FIVE,p3,pol3,
         y97]*uspin[p2,y97]*vbspin[p1,y99]*e_[l2,l99]*e_[l2,l93]*
         FourPi^(-2)*I^9*gs*MHT^(-2) - 1/4*lamprime[f99]*yd[f6,f97]*
         lamprimebar[f6]*T[a95,m99,m97]*gam[y99,FIVE,pol3,p1,y97]*
         uspin[p2,y97]*vbspin[p1,y99]*e_[l2,l99]*e_[l2,l93]*FourPi^(-2)
         *I^9*gs*MHT^(-2) - 3/8*lamprime[f99]*yd[f6,f97]*lamprimebar[f6
         ]*T[a95,m99,m97]*gam[y99,FIVE,pol3,p3,y97]*uspin[p2,y97]*
         vbspin[p1,y99]*e_[l2,l99]*e_[l2,l93]*FourPi^(-2)*I^9*gs*
         MHT^(-2) + 1/8*lamprime[f99]*yd[f6,f97]*lamprimebar[f6]*T[a95,
         m99,m97]*gam[y99,FIVE,p4,pol3,y97]*uspin[p2,y97]*vbspin[p1,y99
         ]*e_[l2,l99]*e_[l2,l93]*FourPi^(-2)*I^9*gs*MHT^(-2) - 1/2*
         lamprime[f99]*yd[f6,f97]*lamprimebar[f6]*T[a95,m99,m97]*gam[
         y99,p1,pol3,y97]*uspin[p2,y97]*vbspin[p1,y99]*e_[l2,l99]*e_[l2
         ,l93]*FourPi^(-2)*I^9*gs*MHT^(-2) - 1/4*lamprime[f99]*yd[f6,
         f97]*lamprimebar[f6]*T[a95,m99,m97]*gam[y99,p2,pol3,y97]*
         uspin[p2,y97]*vbspin[p1,y99]*e_[l2,l99]*e_[l2,l93]*FourPi^(-2)
         *I^9*gs*MHT^(-2) - 1/8*lamprime[f99]*yd[f6,f97]*lamprimebar[f6
         ]*T[a95,m99,m97]*gam[y99,p3,pol3,y97]*uspin[p2,y97]*vbspin[p1,
         y99]*e_[l2,l99]*e_[l2,l93]*FourPi^(-2)*I^9*gs*MHT^(-2) - 1/4*
         lamprime[f99]*yd[f6,f97]*lamprimebar[f6]*T[a95,m99,m97]*gam[
         y99,pol3,p1,y97]*uspin[p2,y97]*vbspin[p1,y99]*e_[l2,l99]*e_[l2
         ,l93]*FourPi^(-2)*I^9*gs*MHT^(-2) - 3/8*lamprime[f99]*yd[f6,
         f97]*lamprimebar[f6]*T[a95,m99,m97]*gam[y99,pol3,p3,y97]*
         uspin[p2,y97]*vbspin[p1,y99]*e_[l2,l99]*e_[l2,l93]*FourPi^(-2)
         *I^9*gs*MHT^(-2) + 1/8*lamprime[f99]*yd[f6,f97]*lamprimebar[f6
         ]*T[a95,m99,m97]*gam[y99,p4,pol3,y97]*uspin[p2,y97]*vbspin[p1,
         y99]*e_[l2,l99]*e_[l2,l93]*FourPi^(-2)*I^9*gs*MHT^(-2) );

  0.06 sec out of 0.05 sec
