FORM 4.2.0 (Jul  6 2017, v4.2.0) 64-bits         Run: Wed Mar  7 01:44:38 2018
    * -*-Form-*-
    
    #: Parentheses 2000
    #-

   amplqLbarqLPhibarPhi =
       + sSS * (  - 1/2*alphaO22[f99,f97]*gam[y99,FIVE,p4,y97]*uspin[p2
         ,y97]*vbspin[p1,y99]*d_(m99,m97)*d_(l99,l97)*d_(l93,l95)*I + 1/
         2*alphaO22[f99,f97]*gam[y99,FIVE,p3,y97]*uspin[p2,y97]*vbspin[
         p1,y99]*d_(m99,m97)*d_(l99,l97)*d_(l93,l95)*I - 1/2*alphaO22[
         f99,f97]*gam[y99,p4,y97]*uspin[p2,y97]*vbspin[p1,y99]*
         d_(m99,m97)*d_(l99,l97)*d_(l93,l95)*I + 1/2*alphaO22[f99,f97]*
         gam[y99,p3,y97]*uspin[p2,y97]*vbspin[p1,y99]*d_(m99,m97)*
         d_(l99,l97)*d_(l93,l95)*I - 2*alphaO23[f99,f97]*Ta[nminus901,
         l99,l97]*Ta[nminus901,l95,l93]*gam[y99,FIVE,p4,y97]*uspin[p2,
         y97]*vbspin[p1,y99]*d_(m99,m97)*I + 2*alphaO23[f99,f97]*Ta[
         nminus901,l99,l97]*Ta[nminus901,l95,l93]*gam[y99,FIVE,p3,y97]*
         uspin[p2,y97]*vbspin[p1,y99]*d_(m99,m97)*I - 2*alphaO23[f99,
         f97]*Ta[nminus901,l99,l97]*Ta[nminus901,l95,l93]*gam[y99,p4,
         y97]*uspin[p2,y97]*vbspin[p1,y99]*d_(m99,m97)*I + 2*alphaO23[
         f99,f97]*Ta[nminus901,l99,l97]*Ta[nminus901,l95,l93]*gam[y99,
         p3,y97]*uspin[p2,y97]*vbspin[p1,y99]*d_(m99,m97)*I - 1/2*
         alphaR11[f99,f97]*gam[y99,FIVE,p2,y97]*uspin[p2,y97]*vbspin[p1
         ,y99]*d_(m99,m97)*d_(l99,l97)*d_(l93,l95)*I - 1/2*alphaR11[f99
         ,f97]*gam[y99,p2,y97]*uspin[p2,y97]*vbspin[p1,y99]*d_(m99,m97)
         *d_(l99,l97)*d_(l93,l95)*I - 2*alphaR12[f99,f97]*Ta[nminus901,
         l99,l97]*Ta[nminus901,l95,l93]*gam[y99,FIVE,p2,y97]*uspin[p2,
         y97]*vbspin[p1,y99]*d_(m99,m97)*I - 2*alphaR12[f99,f97]*Ta[
         nminus901,l99,l97]*Ta[nminus901,l95,l93]*gam[y99,p2,y97]*
         uspin[p2,y97]*vbspin[p1,y99]*d_(m99,m97)*I + 1/2*alphaR11bar[
         f97,f99]*gam[y99,FIVE,p1,y97]*uspin[p2,y97]*vbspin[p1,y99]*
         d_(m99,m97)*d_(l99,l97)*d_(l93,l95)*I + 1/2*alphaR11bar[f97,
         f99]*gam[y99,p1,y97]*uspin[p2,y97]*vbspin[p1,y99]*d_(m99,m97)*
         d_(l99,l97)*d_(l93,l95)*I + 2*alphaR12bar[f97,f99]*Ta[
         nminus901,l99,l97]*Ta[nminus901,l95,l93]*gam[y99,FIVE,p1,y97]*
         uspin[p2,y97]*vbspin[p1,y99]*d_(m99,m97)*I + 2*alphaR12bar[f97
         ,f99]*Ta[nminus901,l99,l97]*Ta[nminus901,l95,l93]*gam[y99,p1,
         y97]*uspin[p2,y97]*vbspin[p1,y99]*d_(m99,m97)*I );

  0.01 sec out of 0.01 sec
