FORM 4.2.0 (Jul  6 2017, v4.2.0) 64-bits         Run: Wed Mar  7 01:44:38 2018
    * -*-Form-*-
    
    #: Parentheses 2000
    #-

   ampluRbaruRPhibarPhi =
       + sSS * ( 1/2*alphaO24[f99,f97]*gam[y99,FIVE,p4,y97]*uspin[p2,
         y97]*vbspin[p1,y99]*d_(m99,m97)*d_(l93,l95)*I - 1/2*alphaO24[
         f99,f97]*gam[y99,FIVE,p3,y97]*uspin[p2,y97]*vbspin[p1,y99]*
         d_(m99,m97)*d_(l93,l95)*I - 1/2*alphaO24[f99,f97]*gam[y99,p4,
         y97]*uspin[p2,y97]*vbspin[p1,y99]*d_(m99,m97)*d_(l93,l95)*I + 
         1/2*alphaO24[f99,f97]*gam[y99,p3,y97]*uspin[p2,y97]*vbspin[p1,
         y99]*d_(m99,m97)*d_(l93,l95)*I + 1/2*alphaR13[f99,f97]*gam[y99
         ,FIVE,p2,y97]*uspin[p2,y97]*vbspin[p1,y99]*d_(m99,m97)*
         d_(l93,l95)*I - 1/2*alphaR13[f99,f97]*gam[y99,p2,y97]*uspin[p2
         ,y97]*vbspin[p1,y99]*d_(m99,m97)*d_(l93,l95)*I - 1/2*
         alphaR13bar[f97,f99]*gam[y99,FIVE,p1,y97]*uspin[p2,y97]*
         vbspin[p1,y99]*d_(m99,m97)*d_(l93,l95)*I + 1/2*alphaR13bar[f97
         ,f99]*gam[y99,p1,y97]*uspin[p2,y97]*vbspin[p1,y99]*d_(m99,m97)
         *d_(l93,l95)*I );

  0.00 sec out of 0.00 sec
