FORM 4.2.0 (Jul  6 2017, v4.2.0) 64-bits         Run: Fri Mar 16 14:57:24 2018
    * -*-Form-*-
    
    #: Parentheses 2000
    #-

   ampldRbardRdRbardR =
       + 1/4*gBH0dR[f99,f97]*gBH0dR[f95,f93]*gam[y99,FIVE,mu2,y97]*gam[
         y95,FIVE,mu2,y93]*uspin[p2,y97]*uspin[p4,y93]*vbspin[p1,y99]*
         vbspin[p3,y95]*d_(m99,m97)*d_(m95,m93)*I^3*MBH0^(-2) - 1/4*
         gBH0dR[f99,f97]*gBH0dR[f95,f93]*gam[y99,FIVE,mu2,y97]*gam[y95,
         mu2,y93]*uspin[p2,y97]*uspin[p4,y93]*vbspin[p1,y99]*vbspin[p3,
         y95]*d_(m99,m97)*d_(m95,m93)*I^3*MBH0^(-2) - 1/4*gBH0dR[f99,
         f97]*gBH0dR[f95,f93]*gam[y99,mu2,y97]*gam[y95,FIVE,mu2,y93]*
         uspin[p2,y97]*uspin[p4,y93]*vbspin[p1,y99]*vbspin[p3,y95]*
         d_(m99,m97)*d_(m95,m93)*I^3*MBH0^(-2) + 1/4*gBH0dR[f99,f97]*
         gBH0dR[f95,f93]*gam[y99,mu2,y97]*gam[y95,mu2,y93]*uspin[p2,y97
         ]*uspin[p4,y93]*vbspin[p1,y99]*vbspin[p3,y95]*d_(m99,m97)*
         d_(m95,m93)*I^3*MBH0^(-2) - 1/4*gBH0dR[f99,f93]*gBH0dR[f95,f97
         ]*gam[y99,FIVE,mu2,y93]*gam[y95,FIVE,mu2,y97]*uspin[p2,y97]*
         uspin[p4,y93]*vbspin[p1,y99]*vbspin[p3,y95]*d_(m99,m93)*
         d_(m97,m95)*I^3*MBH0^(-2) + 1/4*gBH0dR[f99,f93]*gBH0dR[f95,f97
         ]*gam[y99,FIVE,mu2,y93]*gam[y95,mu2,y97]*uspin[p2,y97]*uspin[
         p4,y93]*vbspin[p1,y99]*vbspin[p3,y95]*d_(m99,m93)*d_(m97,m95)*
         I^3*MBH0^(-2) + 1/4*gBH0dR[f99,f93]*gBH0dR[f95,f97]*gam[y99,
         mu2,y93]*gam[y95,FIVE,mu2,y97]*uspin[p2,y97]*uspin[p4,y93]*
         vbspin[p1,y99]*vbspin[p3,y95]*d_(m99,m93)*d_(m97,m95)*I^3*
         MBH0^(-2) - 1/4*gBH0dR[f99,f93]*gBH0dR[f95,f97]*gam[y99,mu2,
         y93]*gam[y95,mu2,y97]*uspin[p2,y97]*uspin[p4,y93]*vbspin[p1,
         y99]*vbspin[p3,y95]*d_(m99,m93)*d_(m97,m95)*I^3*MBH0^(-2);

  0.01 sec out of 0.01 sec
