FORM 4.2.0 (Jul  6 2017, v4.2.0) 64-bits         Run: Fri Mar 16 14:57:25 2018
    * -*-Form-*-
    
    #: Parentheses 2000
    #-

   ampleRbareReRbareR =
       + 1/4*gBH0eR[f99,f97]*gBH0eR[f95,f93]*gam[y99,FIVE,mu2,y97]*gam[
         y95,FIVE,mu2,y93]*uspin[p2,y97]*uspin[p4,y93]*vbspin[p1,y99]*
         vbspin[p3,y95]*I^3*MBH0^(-2) - 1/4*gBH0eR[f99,f97]*gBH0eR[f95,
         f93]*gam[y99,FIVE,mu2,y97]*gam[y95,mu2,y93]*uspin[p2,y97]*
         uspin[p4,y93]*vbspin[p1,y99]*vbspin[p3,y95]*I^3*MBH0^(-2) - 1/
         4*gBH0eR[f99,f97]*gBH0eR[f95,f93]*gam[y99,mu2,y97]*gam[y95,
         FIVE,mu2,y93]*uspin[p2,y97]*uspin[p4,y93]*vbspin[p1,y99]*
         vbspin[p3,y95]*I^3*MBH0^(-2) + 1/4*gBH0eR[f99,f97]*gBH0eR[f95,
         f93]*gam[y99,mu2,y97]*gam[y95,mu2,y93]*uspin[p2,y97]*uspin[p4,
         y93]*vbspin[p1,y99]*vbspin[p3,y95]*I^3*MBH0^(-2) - 1/4*gBH0eR[
         f99,f93]*gBH0eR[f95,f97]*gam[y99,FIVE,mu2,y93]*gam[y95,FIVE,
         mu2,y97]*uspin[p2,y97]*uspin[p4,y93]*vbspin[p1,y99]*vbspin[p3,
         y95]*I^3*MBH0^(-2) + 1/4*gBH0eR[f99,f93]*gBH0eR[f95,f97]*gam[
         y99,FIVE,mu2,y93]*gam[y95,mu2,y97]*uspin[p2,y97]*uspin[p4,y93]
         *vbspin[p1,y99]*vbspin[p3,y95]*I^3*MBH0^(-2) + 1/4*gBH0eR[f99,
         f93]*gBH0eR[f95,f97]*gam[y99,mu2,y93]*gam[y95,FIVE,mu2,y97]*
         uspin[p2,y97]*uspin[p4,y93]*vbspin[p1,y99]*vbspin[p3,y95]*I^3*
         MBH0^(-2) - 1/4*gBH0eR[f99,f93]*gBH0eR[f95,f97]*gam[y99,mu2,
         y93]*gam[y95,mu2,y97]*uspin[p2,y97]*uspin[p4,y93]*vbspin[p1,
         y99]*vbspin[p3,y95]*I^3*MBH0^(-2);

  0.01 sec out of 0.01 sec
