FORM 4.2.0 (Jul  6 2017, v4.2.0) 64-bits         Run: Tue Apr  3 12:31:18 2018
    * -*-Form-*-
    
    #: Parentheses 2000
    #-

   ampllLbarlLqLbarqL =
       + 1/16*Log[MHT^2]*lamprime[f95]*yl[f99,f2]*lamprimebar[f93]*
         ylbar[f97,f2]*gam[y99,FIVE,mugam2,y97]*gam[y95,FIVE,mugam2,y93
         ]*uspin[p2,y97]*uspin[p4,y93]*vbspin[p1,y99]*vbspin[p3,y95]*
         e_[l99,l95]*e_[l97,l93]*d_(m95,m93)*FourPi^(-2)*I^9*MHT^(-2)
          + 1/16*Log[MHT^2]*lamprime[f95]*yl[f99,f2]*lamprimebar[f93]*
         ylbar[f97,f2]*gam[y99,FIVE,mugam2,y97]*gam[y95,mugam2,y93]*
         uspin[p2,y97]*uspin[p4,y93]*vbspin[p1,y99]*vbspin[p3,y95]*e_[
         l99,l95]*e_[l97,l93]*d_(m95,m93)*FourPi^(-2)*I^9*MHT^(-2) + 1/
         16*Log[MHT^2]*lamprime[f95]*yl[f99,f2]*lamprimebar[f93]*ylbar[
         f97,f2]*gam[y99,mugam2,y97]*gam[y95,FIVE,mugam2,y93]*uspin[p2,
         y97]*uspin[p4,y93]*vbspin[p1,y99]*vbspin[p3,y95]*e_[l99,l95]*
         e_[l97,l93]*d_(m95,m93)*FourPi^(-2)*I^9*MHT^(-2) + 1/16*Log[
         MHT^2]*lamprime[f95]*yl[f99,f2]*lamprimebar[f93]*ylbar[f97,f2]
         *gam[y99,mugam2,y97]*gam[y95,mugam2,y93]*uspin[p2,y97]*uspin[
         p4,y93]*vbspin[p1,y99]*vbspin[p3,y95]*e_[l99,l95]*e_[l97,l93]*
         d_(m95,m93)*FourPi^(-2)*I^9*MHT^(-2) - 3/32*lamprime[f95]*yl[
         f99,f2]*lamprimebar[f93]*ylbar[f97,f2]*gam[y99,FIVE,mugam2,y97
         ]*gam[y95,FIVE,mugam2,y93]*uspin[p2,y97]*uspin[p4,y93]*vbspin[
         p1,y99]*vbspin[p3,y95]*e_[l99,l95]*e_[l97,l93]*d_(m95,m93)*
         FourPi^(-2)*I^9*MHT^(-2) - 3/32*lamprime[f95]*yl[f99,f2]*
         lamprimebar[f93]*ylbar[f97,f2]*gam[y99,FIVE,mugam2,y97]*gam[
         y95,mugam2,y93]*uspin[p2,y97]*uspin[p4,y93]*vbspin[p1,y99]*
         vbspin[p3,y95]*e_[l99,l95]*e_[l97,l93]*d_(m95,m93)*FourPi^(-2)
         *I^9*MHT^(-2) - 3/32*lamprime[f95]*yl[f99,f2]*lamprimebar[f93]
         *ylbar[f97,f2]*gam[y99,mugam2,y97]*gam[y95,FIVE,mugam2,y93]*
         uspin[p2,y97]*uspin[p4,y93]*vbspin[p1,y99]*vbspin[p3,y95]*e_[
         l99,l95]*e_[l97,l93]*d_(m95,m93)*FourPi^(-2)*I^9*MHT^(-2) - 3/
         32*lamprime[f95]*yl[f99,f2]*lamprimebar[f93]*ylbar[f97,f2]*
         gam[y99,mugam2,y97]*gam[y95,mugam2,y93]*uspin[p2,y97]*uspin[p4
         ,y93]*vbspin[p1,y99]*vbspin[p3,y95]*e_[l99,l95]*e_[l97,l93]*
         d_(m95,m93)*FourPi^(-2)*I^9*MHT^(-2);

  0.01 sec out of 0.00 sec
