FORM 4.2.0 (Jul  6 2017, v4.2.0) 64-bits         Run: Tue Apr  3 12:31:16 2018
    * -*-Form-*-
    
    #: Parentheses 2000
    #-

   amplqLbarqLWi =
       + sSS^2 * ( 1/12*Log[MHT^2]*lamprime[f99]*lamprimebar[f97]*Ta[
         n95,l6,l4]*gam[y99,FIVE,p1,y97]*uspin[p2,y97]*vbspin[p1,y99]*
         e_[l4,l99]*e_[l6,l97]*d_(m99,m97)*p1.pol3*FourPi^(-2)*I^7*gw*
         MHT^(-2) + 1/12*Log[MHT^2]*lamprime[f99]*lamprimebar[f97]*Ta[
         n95,l6,l4]*gam[y99,FIVE,p1,y97]*uspin[p2,y97]*vbspin[p1,y99]*
         e_[l4,l99]*e_[l6,l97]*d_(m99,m97)*p2.pol3*FourPi^(-2)*I^7*gw*
         MHT^(-2) + 1/12*Log[MHT^2]*lamprime[f99]*lamprimebar[f97]*Ta[
         n95,l6,l4]*gam[y99,FIVE,p2,y97]*uspin[p2,y97]*vbspin[p1,y99]*
         e_[l4,l99]*e_[l6,l97]*d_(m99,m97)*p1.pol3*FourPi^(-2)*I^7*gw*
         MHT^(-2) + 1/12*Log[MHT^2]*lamprime[f99]*lamprimebar[f97]*Ta[
         n95,l6,l4]*gam[y99,FIVE,p2,y97]*uspin[p2,y97]*vbspin[p1,y99]*
         e_[l4,l99]*e_[l6,l97]*d_(m99,m97)*p2.pol3*FourPi^(-2)*I^7*gw*
         MHT^(-2) - 1/12*Log[MHT^2]*lamprime[f99]*lamprimebar[f97]*Ta[
         n95,l6,l4]*gam[y99,FIVE,pol3,y97]*uspin[p2,y97]*vbspin[p1,y99]
         *e_[l4,l99]*e_[l6,l97]*d_(m99,m97)*p1.p1*FourPi^(-2)*I^7*gw*
         MHT^(-2) - 1/6*Log[MHT^2]*lamprime[f99]*lamprimebar[f97]*Ta[
         n95,l6,l4]*gam[y99,FIVE,pol3,y97]*uspin[p2,y97]*vbspin[p1,y99]
         *e_[l4,l99]*e_[l6,l97]*d_(m99,m97)*p1.p2*FourPi^(-2)*I^7*gw*
         MHT^(-2) - 1/12*Log[MHT^2]*lamprime[f99]*lamprimebar[f97]*Ta[
         n95,l6,l4]*gam[y99,FIVE,pol3,y97]*uspin[p2,y97]*vbspin[p1,y99]
         *e_[l4,l99]*e_[l6,l97]*d_(m99,m97)*p2.p2*FourPi^(-2)*I^7*gw*
         MHT^(-2) + 1/12*Log[MHT^2]*lamprime[f99]*lamprimebar[f97]*Ta[
         n95,l6,l4]*gam[y99,p1,y97]*uspin[p2,y97]*vbspin[p1,y99]*e_[l4,
         l99]*e_[l6,l97]*d_(m99,m97)*p1.pol3*FourPi^(-2)*I^7*gw*
         MHT^(-2) + 1/12*Log[MHT^2]*lamprime[f99]*lamprimebar[f97]*Ta[
         n95,l6,l4]*gam[y99,p1,y97]*uspin[p2,y97]*vbspin[p1,y99]*e_[l4,
         l99]*e_[l6,l97]*d_(m99,m97)*p2.pol3*FourPi^(-2)*I^7*gw*
         MHT^(-2) + 1/12*Log[MHT^2]*lamprime[f99]*lamprimebar[f97]*Ta[
         n95,l6,l4]*gam[y99,p2,y97]*uspin[p2,y97]*vbspin[p1,y99]*e_[l4,
         l99]*e_[l6,l97]*d_(m99,m97)*p1.pol3*FourPi^(-2)*I^7*gw*
         MHT^(-2) + 1/12*Log[MHT^2]*lamprime[f99]*lamprimebar[f97]*Ta[
         n95,l6,l4]*gam[y99,p2,y97]*uspin[p2,y97]*vbspin[p1,y99]*e_[l4,
         l99]*e_[l6,l97]*d_(m99,m97)*p2.pol3*FourPi^(-2)*I^7*gw*
         MHT^(-2) - 1/12*Log[MHT^2]*lamprime[f99]*lamprimebar[f97]*Ta[
         n95,l6,l4]*gam[y99,pol3,y97]*uspin[p2,y97]*vbspin[p1,y99]*e_[
         l4,l99]*e_[l6,l97]*d_(m99,m97)*p1.p1*FourPi^(-2)*I^7*gw*
         MHT^(-2) - 1/6*Log[MHT^2]*lamprime[f99]*lamprimebar[f97]*Ta[
         n95,l6,l4]*gam[y99,pol3,y97]*uspin[p2,y97]*vbspin[p1,y99]*e_[
         l4,l99]*e_[l6,l97]*d_(m99,m97)*p1.p2*FourPi^(-2)*I^7*gw*
         MHT^(-2) - 1/12*Log[MHT^2]*lamprime[f99]*lamprimebar[f97]*Ta[
         n95,l6,l4]*gam[y99,pol3,y97]*uspin[p2,y97]*vbspin[p1,y99]*e_[
         l4,l99]*e_[l6,l97]*d_(m99,m97)*p2.p2*FourPi^(-2)*I^7*gw*
         MHT^(-2) - 17/72*lamprime[f99]*lamprimebar[f97]*Ta[n95,l6,l4]*
         gam[y99,FIVE,p1,y97]*uspin[p2,y97]*vbspin[p1,y99]*e_[l4,l99]*
         e_[l6,l97]*d_(m99,m97)*p1.pol3*FourPi^(-2)*I^7*gw*MHT^(-2) - 5/
         72*lamprime[f99]*lamprimebar[f97]*Ta[n95,l6,l4]*gam[y99,FIVE,
         p1,y97]*uspin[p2,y97]*vbspin[p1,y99]*e_[l4,l99]*e_[l6,l97]*
         d_(m99,m97)*p2.pol3*FourPi^(-2)*I^7*gw*MHT^(-2) - 5/72*
         lamprime[f99]*lamprimebar[f97]*Ta[n95,l6,l4]*gam[y99,FIVE,p2,
         y97]*uspin[p2,y97]*vbspin[p1,y99]*e_[l4,l99]*e_[l6,l97]*
         d_(m99,m97)*p1.pol3*FourPi^(-2)*I^7*gw*MHT^(-2) - 17/72*
         lamprime[f99]*lamprimebar[f97]*Ta[n95,l6,l4]*gam[y99,FIVE,p2,
         y97]*uspin[p2,y97]*vbspin[p1,y99]*e_[l4,l99]*e_[l6,l97]*
         d_(m99,m97)*p2.pol3*FourPi^(-2)*I^7*gw*MHT^(-2) + 5/72*
         lamprime[f99]*lamprimebar[f97]*Ta[n95,l6,l4]*gam[y99,FIVE,pol3
         ,y97]*uspin[p2,y97]*vbspin[p1,y99]*e_[l4,l99]*e_[l6,l97]*
         d_(m99,m97)*p1.p1*FourPi^(-2)*I^7*gw*MHT^(-2) + 11/36*
         lamprime[f99]*lamprimebar[f97]*Ta[n95,l6,l4]*gam[y99,FIVE,pol3
         ,y97]*uspin[p2,y97]*vbspin[p1,y99]*e_[l4,l99]*e_[l6,l97]*
         d_(m99,m97)*p1.p2*FourPi^(-2)*I^7*gw*MHT^(-2) + 5/72*lamprime[
         f99]*lamprimebar[f97]*Ta[n95,l6,l4]*gam[y99,FIVE,pol3,y97]*
         uspin[p2,y97]*vbspin[p1,y99]*e_[l4,l99]*e_[l6,l97]*d_(m99,m97)
         *p2.p2*FourPi^(-2)*I^7*gw*MHT^(-2) - 17/72*lamprime[f99]*
         lamprimebar[f97]*Ta[n95,l6,l4]*gam[y99,p1,y97]*uspin[p2,y97]*
         vbspin[p1,y99]*e_[l4,l99]*e_[l6,l97]*d_(m99,m97)*p1.pol3*
         FourPi^(-2)*I^7*gw*MHT^(-2) - 5/72*lamprime[f99]*lamprimebar[
         f97]*Ta[n95,l6,l4]*gam[y99,p1,y97]*uspin[p2,y97]*vbspin[p1,y99
         ]*e_[l4,l99]*e_[l6,l97]*d_(m99,m97)*p2.pol3*FourPi^(-2)*I^7*gw
         *MHT^(-2) - 5/72*lamprime[f99]*lamprimebar[f97]*Ta[n95,l6,l4]*
         gam[y99,p2,y97]*uspin[p2,y97]*vbspin[p1,y99]*e_[l4,l99]*e_[l6,
         l97]*d_(m99,m97)*p1.pol3*FourPi^(-2)*I^7*gw*MHT^(-2) - 17/72*
         lamprime[f99]*lamprimebar[f97]*Ta[n95,l6,l4]*gam[y99,p2,y97]*
         uspin[p2,y97]*vbspin[p1,y99]*e_[l4,l99]*e_[l6,l97]*d_(m99,m97)
         *p2.pol3*FourPi^(-2)*I^7*gw*MHT^(-2) + 5/72*lamprime[f99]*
         lamprimebar[f97]*Ta[n95,l6,l4]*gam[y99,pol3,y97]*uspin[p2,y97]
         *vbspin[p1,y99]*e_[l4,l99]*e_[l6,l97]*d_(m99,m97)*p1.p1*
         FourPi^(-2)*I^7*gw*MHT^(-2) + 11/36*lamprime[f99]*lamprimebar[
         f97]*Ta[n95,l6,l4]*gam[y99,pol3,y97]*uspin[p2,y97]*vbspin[p1,
         y99]*e_[l4,l99]*e_[l6,l97]*d_(m99,m97)*p1.p2*FourPi^(-2)*I^7*
         gw*MHT^(-2) + 5/72*lamprime[f99]*lamprimebar[f97]*Ta[n95,l6,l4
         ]*gam[y99,pol3,y97]*uspin[p2,y97]*vbspin[p1,y99]*e_[l4,l99]*
         e_[l6,l97]*d_(m99,m97)*p2.p2*FourPi^(-2)*I^7*gw*MHT^(-2) )

       + 1/4*Log[MHT^2]*lamprime[f99]*lamprimebar[f97]*Ta[n95,l6,l4]*
      gam[y99,FIVE,pol3,y97]*uspin[p2,y97]*vbspin[p1,y99]*e_[l4,l99]*
      e_[l6,l97]*d_(m99,m97)*FourPi^(-2)*I^7*gw + 1/4*Log[MHT^2]*
         lamprime[f99]*lamprimebar[f97]*Ta[n95,l6,l4]*gam[y99,pol3,y97]
         *uspin[p2,y97]*vbspin[p1,y99]*e_[l4,l99]*e_[l6,l97]*
         d_(m99,m97)*FourPi^(-2)*I^7*gw - 3/8*lamprime[f99]*
         lamprimebar[f97]*Ta[n95,l6,l4]*gam[y99,FIVE,pol3,y97]*uspin[p2
         ,y97]*vbspin[p1,y99]*e_[l4,l99]*e_[l6,l97]*d_(m99,m97)*
         FourPi^(-2)*I^7*gw - 3/8*lamprime[f99]*lamprimebar[f97]*Ta[n95
         ,l6,l4]*gam[y99,pol3,y97]*uspin[p2,y97]*vbspin[p1,y99]*e_[l4,
         l99]*e_[l6,l97]*d_(m99,m97)*FourPi^(-2)*I^7*gw;

  0.01 sec out of 0.01 sec
