FORM 4.2.0 (Jul  6 2017, v4.2.0) 64-bits         Run: Wed Mar  7 01:44:38 2018
    * -*-Form-*-
    
    #: Parentheses 2000
    #-

   ampllLbarlLlLbarlL =
       - 1/4*alphaE41[f99,f93,f95,f97]*gam[y99,FIVE,mumuminus901,
         mumuminus902,mumuminus903,y93]*gam[y95,FIVE,mumuminus901,
         mumuminus902,mumuminus903,y97]*uspin[p2,y97]*uspin[p4,y93]*
         vbspin[p1,y99]*vbspin[p3,y95]*d_(l99,l93)*d_(l97,l95)*I - 1/4*
         alphaE41[f99,f93,f95,f97]*gam[y99,FIVE,mumuminus901,
         mumuminus902,mumuminus903,y93]*gam[y95,mumuminus901,
         mumuminus902,mumuminus903,y97]*uspin[p2,y97]*uspin[p4,y93]*
         vbspin[p1,y99]*vbspin[p3,y95]*d_(l99,l93)*d_(l97,l95)*I - 1/4*
         alphaE41[f99,f93,f95,f97]*gam[y99,mumuminus901,mumuminus902,
         mumuminus903,y93]*gam[y95,FIVE,mumuminus901,mumuminus902,
         mumuminus903,y97]*uspin[p2,y97]*uspin[p4,y93]*vbspin[p1,y99]*
         vbspin[p3,y95]*d_(l99,l93)*d_(l97,l95)*I - 1/4*alphaE41[f99,
         f93,f95,f97]*gam[y99,mumuminus901,mumuminus902,mumuminus903,
         y93]*gam[y95,mumuminus901,mumuminus902,mumuminus903,y97]*
         uspin[p2,y97]*uspin[p4,y93]*vbspin[p1,y99]*vbspin[p3,y95]*
         d_(l99,l93)*d_(l97,l95)*I + 1/4*alphaE41[f99,f97,f95,f93]*gam[
         y99,FIVE,mumuminus901,mumuminus902,mumuminus903,y97]*gam[y95,
         FIVE,mumuminus901,mumuminus902,mumuminus903,y93]*uspin[p2,y97]
         *uspin[p4,y93]*vbspin[p1,y99]*vbspin[p3,y95]*d_(l99,l97)*
         d_(l93,l95)*I + 1/4*alphaE41[f99,f97,f95,f93]*gam[y99,FIVE,
         mumuminus901,mumuminus902,mumuminus903,y97]*gam[y95,
         mumuminus901,mumuminus902,mumuminus903,y93]*uspin[p2,y97]*
         uspin[p4,y93]*vbspin[p1,y99]*vbspin[p3,y95]*d_(l99,l97)*
         d_(l93,l95)*I + 1/4*alphaE41[f99,f97,f95,f93]*gam[y99,
         mumuminus901,mumuminus902,mumuminus903,y97]*gam[y95,FIVE,
         mumuminus901,mumuminus902,mumuminus903,y93]*uspin[p2,y97]*
         uspin[p4,y93]*vbspin[p1,y99]*vbspin[p3,y95]*d_(l99,l97)*
         d_(l93,l95)*I + 1/4*alphaE41[f99,f97,f95,f93]*gam[y99,
         mumuminus901,mumuminus902,mumuminus903,y97]*gam[y95,
         mumuminus901,mumuminus902,mumuminus903,y93]*uspin[p2,y97]*
         uspin[p4,y93]*vbspin[p1,y99]*vbspin[p3,y95]*d_(l99,l97)*
         d_(l93,l95)*I + 1/4*alphaE41[f95,f93,f99,f97]*gam[y99,FIVE,
         mumuminus901,mumuminus902,mumuminus903,y97]*gam[y95,FIVE,
         mumuminus901,mumuminus902,mumuminus903,y93]*uspin[p2,y97]*
         uspin[p4,y93]*vbspin[p1,y99]*vbspin[p3,y95]*d_(l99,l97)*
         d_(l93,l95)*I + 1/4*alphaE41[f95,f93,f99,f97]*gam[y99,FIVE,
         mumuminus901,mumuminus902,mumuminus903,y97]*gam[y95,
         mumuminus901,mumuminus902,mumuminus903,y93]*uspin[p2,y97]*
         uspin[p4,y93]*vbspin[p1,y99]*vbspin[p3,y95]*d_(l99,l97)*
         d_(l93,l95)*I + 1/4*alphaE41[f95,f93,f99,f97]*gam[y99,
         mumuminus901,mumuminus902,mumuminus903,y97]*gam[y95,FIVE,
         mumuminus901,mumuminus902,mumuminus903,y93]*uspin[p2,y97]*
         uspin[p4,y93]*vbspin[p1,y99]*vbspin[p3,y95]*d_(l99,l97)*
         d_(l93,l95)*I + 1/4*alphaE41[f95,f93,f99,f97]*gam[y99,
         mumuminus901,mumuminus902,mumuminus903,y97]*gam[y95,
         mumuminus901,mumuminus902,mumuminus903,y93]*uspin[p2,y97]*
         uspin[p4,y93]*vbspin[p1,y99]*vbspin[p3,y95]*d_(l99,l97)*
         d_(l93,l95)*I - 1/4*alphaE41[f95,f97,f99,f93]*gam[y99,FIVE,
         mumuminus901,mumuminus902,mumuminus903,y93]*gam[y95,FIVE,
         mumuminus901,mumuminus902,mumuminus903,y97]*uspin[p2,y97]*
         uspin[p4,y93]*vbspin[p1,y99]*vbspin[p3,y95]*d_(l99,l93)*
         d_(l97,l95)*I - 1/4*alphaE41[f95,f97,f99,f93]*gam[y99,FIVE,
         mumuminus901,mumuminus902,mumuminus903,y93]*gam[y95,
         mumuminus901,mumuminus902,mumuminus903,y97]*uspin[p2,y97]*
         uspin[p4,y93]*vbspin[p1,y99]*vbspin[p3,y95]*d_(l99,l93)*
         d_(l97,l95)*I - 1/4*alphaE41[f95,f97,f99,f93]*gam[y99,
         mumuminus901,mumuminus902,mumuminus903,y93]*gam[y95,FIVE,
         mumuminus901,mumuminus902,mumuminus903,y97]*uspin[p2,y97]*
         uspin[p4,y93]*vbspin[p1,y99]*vbspin[p3,y95]*d_(l99,l93)*
         d_(l97,l95)*I - 1/4*alphaE41[f95,f97,f99,f93]*gam[y99,
         mumuminus901,mumuminus902,mumuminus903,y93]*gam[y95,
         mumuminus901,mumuminus902,mumuminus903,y97]*uspin[p2,y97]*
         uspin[p4,y93]*vbspin[p1,y99]*vbspin[p3,y95]*d_(l99,l93)*
         d_(l97,l95)*I - alphaE46[f99,f93,f95,f97]*Ta[nminus901,l99,l93
         ]*Ta[nminus901,l95,l97]*gam[y99,FIVE,mumuminus901,mumuminus902
         ,mumuminus903,y93]*gam[y95,FIVE,mumuminus901,mumuminus902,
         mumuminus903,y97]*uspin[p2,y97]*uspin[p4,y93]*vbspin[p1,y99]*
         vbspin[p3,y95]*I - alphaE46[f99,f93,f95,f97]*Ta[nminus901,l99,
         l93]*Ta[nminus901,l95,l97]*gam[y99,FIVE,mumuminus901,
         mumuminus902,mumuminus903,y93]*gam[y95,mumuminus901,
         mumuminus902,mumuminus903,y97]*uspin[p2,y97]*uspin[p4,y93]*
         vbspin[p1,y99]*vbspin[p3,y95]*I - alphaE46[f99,f93,f95,f97]*
         Ta[nminus901,l99,l93]*Ta[nminus901,l95,l97]*gam[y99,
         mumuminus901,mumuminus902,mumuminus903,y93]*gam[y95,FIVE,
         mumuminus901,mumuminus902,mumuminus903,y97]*uspin[p2,y97]*
         uspin[p4,y93]*vbspin[p1,y99]*vbspin[p3,y95]*I - alphaE46[f99,
         f93,f95,f97]*Ta[nminus901,l99,l93]*Ta[nminus901,l95,l97]*gam[
         y99,mumuminus901,mumuminus902,mumuminus903,y93]*gam[y95,
         mumuminus901,mumuminus902,mumuminus903,y97]*uspin[p2,y97]*
         uspin[p4,y93]*vbspin[p1,y99]*vbspin[p3,y95]*I + alphaE46[f99,
         f97,f95,f93]*Ta[nminus901,l99,l97]*Ta[nminus901,l95,l93]*gam[
         y99,FIVE,mumuminus901,mumuminus902,mumuminus903,y97]*gam[y95,
         FIVE,mumuminus901,mumuminus902,mumuminus903,y93]*uspin[p2,y97]
         *uspin[p4,y93]*vbspin[p1,y99]*vbspin[p3,y95]*I + alphaE46[f99,
         f97,f95,f93]*Ta[nminus901,l99,l97]*Ta[nminus901,l95,l93]*gam[
         y99,FIVE,mumuminus901,mumuminus902,mumuminus903,y97]*gam[y95,
         mumuminus901,mumuminus902,mumuminus903,y93]*uspin[p2,y97]*
         uspin[p4,y93]*vbspin[p1,y99]*vbspin[p3,y95]*I + alphaE46[f99,
         f97,f95,f93]*Ta[nminus901,l99,l97]*Ta[nminus901,l95,l93]*gam[
         y99,mumuminus901,mumuminus902,mumuminus903,y97]*gam[y95,FIVE,
         mumuminus901,mumuminus902,mumuminus903,y93]*uspin[p2,y97]*
         uspin[p4,y93]*vbspin[p1,y99]*vbspin[p3,y95]*I + alphaE46[f99,
         f97,f95,f93]*Ta[nminus901,l99,l97]*Ta[nminus901,l95,l93]*gam[
         y99,mumuminus901,mumuminus902,mumuminus903,y97]*gam[y95,
         mumuminus901,mumuminus902,mumuminus903,y93]*uspin[p2,y97]*
         uspin[p4,y93]*vbspin[p1,y99]*vbspin[p3,y95]*I + alphaE46[f95,
         f93,f99,f97]*Ta[nminus901,l99,l97]*Ta[nminus901,l95,l93]*gam[
         y99,FIVE,mumuminus901,mumuminus902,mumuminus903,y97]*gam[y95,
         FIVE,mumuminus901,mumuminus902,mumuminus903,y93]*uspin[p2,y97]
         *uspin[p4,y93]*vbspin[p1,y99]*vbspin[p3,y95]*I + alphaE46[f95,
         f93,f99,f97]*Ta[nminus901,l99,l97]*Ta[nminus901,l95,l93]*gam[
         y99,FIVE,mumuminus901,mumuminus902,mumuminus903,y97]*gam[y95,
         mumuminus901,mumuminus902,mumuminus903,y93]*uspin[p2,y97]*
         uspin[p4,y93]*vbspin[p1,y99]*vbspin[p3,y95]*I + alphaE46[f95,
         f93,f99,f97]*Ta[nminus901,l99,l97]*Ta[nminus901,l95,l93]*gam[
         y99,mumuminus901,mumuminus902,mumuminus903,y97]*gam[y95,FIVE,
         mumuminus901,mumuminus902,mumuminus903,y93]*uspin[p2,y97]*
         uspin[p4,y93]*vbspin[p1,y99]*vbspin[p3,y95]*I + alphaE46[f95,
         f93,f99,f97]*Ta[nminus901,l99,l97]*Ta[nminus901,l95,l93]*gam[
         y99,mumuminus901,mumuminus902,mumuminus903,y97]*gam[y95,
         mumuminus901,mumuminus902,mumuminus903,y93]*uspin[p2,y97]*
         uspin[p4,y93]*vbspin[p1,y99]*vbspin[p3,y95]*I - alphaE46[f95,
         f97,f99,f93]*Ta[nminus901,l99,l93]*Ta[nminus901,l95,l97]*gam[
         y99,FIVE,mumuminus901,mumuminus902,mumuminus903,y93]*gam[y95,
         FIVE,mumuminus901,mumuminus902,mumuminus903,y97]*uspin[p2,y97]
         *uspin[p4,y93]*vbspin[p1,y99]*vbspin[p3,y95]*I - alphaE46[f95,
         f97,f99,f93]*Ta[nminus901,l99,l93]*Ta[nminus901,l95,l97]*gam[
         y99,FIVE,mumuminus901,mumuminus902,mumuminus903,y93]*gam[y95,
         mumuminus901,mumuminus902,mumuminus903,y97]*uspin[p2,y97]*
         uspin[p4,y93]*vbspin[p1,y99]*vbspin[p3,y95]*I - alphaE46[f95,
         f97,f99,f93]*Ta[nminus901,l99,l93]*Ta[nminus901,l95,l97]*gam[
         y99,mumuminus901,mumuminus902,mumuminus903,y93]*gam[y95,FIVE,
         mumuminus901,mumuminus902,mumuminus903,y97]*uspin[p2,y97]*
         uspin[p4,y93]*vbspin[p1,y99]*vbspin[p3,y95]*I - alphaE46[f95,
         f97,f99,f93]*Ta[nminus901,l99,l93]*Ta[nminus901,l95,l97]*gam[
         y99,mumuminus901,mumuminus902,mumuminus903,y93]*gam[y95,
         mumuminus901,mumuminus902,mumuminus903,y97]*uspin[p2,y97]*
         uspin[p4,y93]*vbspin[p1,y99]*vbspin[p3,y95]*I - alphaF23[f99,
         f93,f95,f97]*Ta[nminus901,l99,l93]*Ta[nminus901,l95,l97]*gam[
         y99,FIVE,mumuminus901,y93]*gam[y95,FIVE,mumuminus901,y97]*
         uspin[p2,y97]*uspin[p4,y93]*vbspin[p1,y99]*vbspin[p3,y95]*I - 
         alphaF23[f99,f93,f95,f97]*Ta[nminus901,l99,l93]*Ta[nminus901,
         l95,l97]*gam[y99,FIVE,mumuminus901,y93]*gam[y95,mumuminus901,
         y97]*uspin[p2,y97]*uspin[p4,y93]*vbspin[p1,y99]*vbspin[p3,y95]
         *I - alphaF23[f99,f93,f95,f97]*Ta[nminus901,l99,l93]*Ta[
         nminus901,l95,l97]*gam[y99,mumuminus901,y93]*gam[y95,FIVE,
         mumuminus901,y97]*uspin[p2,y97]*uspin[p4,y93]*vbspin[p1,y99]*
         vbspin[p3,y95]*I - alphaF23[f99,f93,f95,f97]*Ta[nminus901,l99,
         l93]*Ta[nminus901,l95,l97]*gam[y99,mumuminus901,y93]*gam[y95,
         mumuminus901,y97]*uspin[p2,y97]*uspin[p4,y93]*vbspin[p1,y99]*
         vbspin[p3,y95]*I + alphaF23[f99,f97,f95,f93]*Ta[nminus901,l99,
         l97]*Ta[nminus901,l95,l93]*gam[y99,FIVE,mumuminus901,y97]*gam[
         y95,FIVE,mumuminus901,y93]*uspin[p2,y97]*uspin[p4,y93]*vbspin[
         p1,y99]*vbspin[p3,y95]*I + alphaF23[f99,f97,f95,f93]*Ta[
         nminus901,l99,l97]*Ta[nminus901,l95,l93]*gam[y99,FIVE,
         mumuminus901,y97]*gam[y95,mumuminus901,y93]*uspin[p2,y97]*
         uspin[p4,y93]*vbspin[p1,y99]*vbspin[p3,y95]*I + alphaF23[f99,
         f97,f95,f93]*Ta[nminus901,l99,l97]*Ta[nminus901,l95,l93]*gam[
         y99,mumuminus901,y97]*gam[y95,FIVE,mumuminus901,y93]*uspin[p2,
         y97]*uspin[p4,y93]*vbspin[p1,y99]*vbspin[p3,y95]*I + alphaF23[
         f99,f97,f95,f93]*Ta[nminus901,l99,l97]*Ta[nminus901,l95,l93]*
         gam[y99,mumuminus901,y97]*gam[y95,mumuminus901,y93]*uspin[p2,
         y97]*uspin[p4,y93]*vbspin[p1,y99]*vbspin[p3,y95]*I + alphaF23[
         f95,f93,f99,f97]*Ta[nminus901,l99,l97]*Ta[nminus901,l95,l93]*
         gam[y99,FIVE,mumuminus901,y97]*gam[y95,FIVE,mumuminus901,y93]*
         uspin[p2,y97]*uspin[p4,y93]*vbspin[p1,y99]*vbspin[p3,y95]*I + 
         alphaF23[f95,f93,f99,f97]*Ta[nminus901,l99,l97]*Ta[nminus901,
         l95,l93]*gam[y99,FIVE,mumuminus901,y97]*gam[y95,mumuminus901,
         y93]*uspin[p2,y97]*uspin[p4,y93]*vbspin[p1,y99]*vbspin[p3,y95]
         *I + alphaF23[f95,f93,f99,f97]*Ta[nminus901,l99,l97]*Ta[
         nminus901,l95,l93]*gam[y99,mumuminus901,y97]*gam[y95,FIVE,
         mumuminus901,y93]*uspin[p2,y97]*uspin[p4,y93]*vbspin[p1,y99]*
         vbspin[p3,y95]*I + alphaF23[f95,f93,f99,f97]*Ta[nminus901,l99,
         l97]*Ta[nminus901,l95,l93]*gam[y99,mumuminus901,y97]*gam[y95,
         mumuminus901,y93]*uspin[p2,y97]*uspin[p4,y93]*vbspin[p1,y99]*
         vbspin[p3,y95]*I - alphaF23[f95,f97,f99,f93]*Ta[nminus901,l99,
         l93]*Ta[nminus901,l95,l97]*gam[y99,FIVE,mumuminus901,y93]*gam[
         y95,FIVE,mumuminus901,y97]*uspin[p2,y97]*uspin[p4,y93]*vbspin[
         p1,y99]*vbspin[p3,y95]*I - alphaF23[f95,f97,f99,f93]*Ta[
         nminus901,l99,l93]*Ta[nminus901,l95,l97]*gam[y99,FIVE,
         mumuminus901,y93]*gam[y95,mumuminus901,y97]*uspin[p2,y97]*
         uspin[p4,y93]*vbspin[p1,y99]*vbspin[p3,y95]*I - alphaF23[f95,
         f97,f99,f93]*Ta[nminus901,l99,l93]*Ta[nminus901,l95,l97]*gam[
         y99,mumuminus901,y93]*gam[y95,FIVE,mumuminus901,y97]*uspin[p2,
         y97]*uspin[p4,y93]*vbspin[p1,y99]*vbspin[p3,y95]*I - alphaF23[
         f95,f97,f99,f93]*Ta[nminus901,l99,l93]*Ta[nminus901,l95,l97]*
         gam[y99,mumuminus901,y93]*gam[y95,mumuminus901,y97]*uspin[p2,
         y97]*uspin[p4,y93]*vbspin[p1,y99]*vbspin[p3,y95]*I - 1/4*
         alphaO48[f99,f93,f95,f97]*gam[y99,FIVE,mumuminus901,y93]*gam[
         y95,FIVE,mumuminus901,y97]*uspin[p2,y97]*uspin[p4,y93]*vbspin[
         p1,y99]*vbspin[p3,y95]*d_(l99,l93)*d_(l97,l95)*I - 1/4*
         alphaO48[f99,f93,f95,f97]*gam[y99,FIVE,mumuminus901,y93]*gam[
         y95,mumuminus901,y97]*uspin[p2,y97]*uspin[p4,y93]*vbspin[p1,
         y99]*vbspin[p3,y95]*d_(l99,l93)*d_(l97,l95)*I - 1/4*alphaO48[
         f99,f93,f95,f97]*gam[y99,mumuminus901,y93]*gam[y95,FIVE,
         mumuminus901,y97]*uspin[p2,y97]*uspin[p4,y93]*vbspin[p1,y99]*
         vbspin[p3,y95]*d_(l99,l93)*d_(l97,l95)*I - 1/4*alphaO48[f99,
         f93,f95,f97]*gam[y99,mumuminus901,y93]*gam[y95,mumuminus901,
         y97]*uspin[p2,y97]*uspin[p4,y93]*vbspin[p1,y99]*vbspin[p3,y95]
         *d_(l99,l93)*d_(l97,l95)*I + 1/4*alphaO48[f99,f97,f95,f93]*
         gam[y99,FIVE,mumuminus901,y97]*gam[y95,FIVE,mumuminus901,y93]*
         uspin[p2,y97]*uspin[p4,y93]*vbspin[p1,y99]*vbspin[p3,y95]*
         d_(l99,l97)*d_(l93,l95)*I + 1/4*alphaO48[f99,f97,f95,f93]*gam[
         y99,FIVE,mumuminus901,y97]*gam[y95,mumuminus901,y93]*uspin[p2,
         y97]*uspin[p4,y93]*vbspin[p1,y99]*vbspin[p3,y95]*d_(l99,l97)*
         d_(l93,l95)*I + 1/4*alphaO48[f99,f97,f95,f93]*gam[y99,
         mumuminus901,y97]*gam[y95,FIVE,mumuminus901,y93]*uspin[p2,y97]
         *uspin[p4,y93]*vbspin[p1,y99]*vbspin[p3,y95]*d_(l99,l97)*
         d_(l93,l95)*I + 1/4*alphaO48[f99,f97,f95,f93]*gam[y99,
         mumuminus901,y97]*gam[y95,mumuminus901,y93]*uspin[p2,y97]*
         uspin[p4,y93]*vbspin[p1,y99]*vbspin[p3,y95]*d_(l99,l97)*
         d_(l93,l95)*I + 1/4*alphaO48[f95,f93,f99,f97]*gam[y99,FIVE,
         mumuminus901,y97]*gam[y95,FIVE,mumuminus901,y93]*uspin[p2,y97]
         *uspin[p4,y93]*vbspin[p1,y99]*vbspin[p3,y95]*d_(l99,l97)*
         d_(l93,l95)*I + 1/4*alphaO48[f95,f93,f99,f97]*gam[y99,FIVE,
         mumuminus901,y97]*gam[y95,mumuminus901,y93]*uspin[p2,y97]*
         uspin[p4,y93]*vbspin[p1,y99]*vbspin[p3,y95]*d_(l99,l97)*
         d_(l93,l95)*I + 1/4*alphaO48[f95,f93,f99,f97]*gam[y99,
         mumuminus901,y97]*gam[y95,FIVE,mumuminus901,y93]*uspin[p2,y97]
         *uspin[p4,y93]*vbspin[p1,y99]*vbspin[p3,y95]*d_(l99,l97)*
         d_(l93,l95)*I + 1/4*alphaO48[f95,f93,f99,f97]*gam[y99,
         mumuminus901,y97]*gam[y95,mumuminus901,y93]*uspin[p2,y97]*
         uspin[p4,y93]*vbspin[p1,y99]*vbspin[p3,y95]*d_(l99,l97)*
         d_(l93,l95)*I - 1/4*alphaO48[f95,f97,f99,f93]*gam[y99,FIVE,
         mumuminus901,y93]*gam[y95,FIVE,mumuminus901,y97]*uspin[p2,y97]
         *uspin[p4,y93]*vbspin[p1,y99]*vbspin[p3,y95]*d_(l99,l93)*
         d_(l97,l95)*I - 1/4*alphaO48[f95,f97,f99,f93]*gam[y99,FIVE,
         mumuminus901,y93]*gam[y95,mumuminus901,y97]*uspin[p2,y97]*
         uspin[p4,y93]*vbspin[p1,y99]*vbspin[p3,y95]*d_(l99,l93)*
         d_(l97,l95)*I - 1/4*alphaO48[f95,f97,f99,f93]*gam[y99,
         mumuminus901,y93]*gam[y95,FIVE,mumuminus901,y97]*uspin[p2,y97]
         *uspin[p4,y93]*vbspin[p1,y99]*vbspin[p3,y95]*d_(l99,l93)*
         d_(l97,l95)*I - 1/4*alphaO48[f95,f97,f99,f93]*gam[y99,
         mumuminus901,y93]*gam[y95,mumuminus901,y97]*uspin[p2,y97]*
         uspin[p4,y93]*vbspin[p1,y99]*vbspin[p3,y95]*d_(l99,l93)*
         d_(l97,l95)*I;

  0.01 sec out of 0.02 sec
