FORM 4.2.0 (Jul  6 2017, v4.2.0) 64-bits         Run: Wed Mar  7 01:44:38 2018
    * -*-Form-*-
    
    #: Parentheses 2000
    #-

   amplqLbarqLqLbarqL =
       - 1/4*alphaE42[f99,f93,f95,f97]*gam[y99,FIVE,mumuminus901,
         mumuminus902,mumuminus903,y93]*gam[y95,FIVE,mumuminus901,
         mumuminus902,mumuminus903,y97]*uspin[p2,y97]*uspin[p4,y93]*
         vbspin[p1,y99]*vbspin[p3,y95]*d_(m99,m93)*d_(m97,m95)*
         d_(l99,l93)*d_(l97,l95)*I - 1/4*alphaE42[f99,f93,f95,f97]*gam[
         y99,FIVE,mumuminus901,mumuminus902,mumuminus903,y93]*gam[y95,
         mumuminus901,mumuminus902,mumuminus903,y97]*uspin[p2,y97]*
         uspin[p4,y93]*vbspin[p1,y99]*vbspin[p3,y95]*d_(m99,m93)*
         d_(m97,m95)*d_(l99,l93)*d_(l97,l95)*I - 1/4*alphaE42[f99,f93,
         f95,f97]*gam[y99,mumuminus901,mumuminus902,mumuminus903,y93]*
         gam[y95,FIVE,mumuminus901,mumuminus902,mumuminus903,y97]*
         uspin[p2,y97]*uspin[p4,y93]*vbspin[p1,y99]*vbspin[p3,y95]*
         d_(m99,m93)*d_(m97,m95)*d_(l99,l93)*d_(l97,l95)*I - 1/4*
         alphaE42[f99,f93,f95,f97]*gam[y99,mumuminus901,mumuminus902,
         mumuminus903,y93]*gam[y95,mumuminus901,mumuminus902,
         mumuminus903,y97]*uspin[p2,y97]*uspin[p4,y93]*vbspin[p1,y99]*
         vbspin[p3,y95]*d_(m99,m93)*d_(m97,m95)*d_(l99,l93)*d_(l97,l95)
         *I + 1/4*alphaE42[f99,f97,f95,f93]*gam[y99,FIVE,mumuminus901,
         mumuminus902,mumuminus903,y97]*gam[y95,FIVE,mumuminus901,
         mumuminus902,mumuminus903,y93]*uspin[p2,y97]*uspin[p4,y93]*
         vbspin[p1,y99]*vbspin[p3,y95]*d_(m99,m97)*d_(m93,m95)*
         d_(l99,l97)*d_(l93,l95)*I + 1/4*alphaE42[f99,f97,f95,f93]*gam[
         y99,FIVE,mumuminus901,mumuminus902,mumuminus903,y97]*gam[y95,
         mumuminus901,mumuminus902,mumuminus903,y93]*uspin[p2,y97]*
         uspin[p4,y93]*vbspin[p1,y99]*vbspin[p3,y95]*d_(m99,m97)*
         d_(m93,m95)*d_(l99,l97)*d_(l93,l95)*I + 1/4*alphaE42[f99,f97,
         f95,f93]*gam[y99,mumuminus901,mumuminus902,mumuminus903,y97]*
         gam[y95,FIVE,mumuminus901,mumuminus902,mumuminus903,y93]*
         uspin[p2,y97]*uspin[p4,y93]*vbspin[p1,y99]*vbspin[p3,y95]*
         d_(m99,m97)*d_(m93,m95)*d_(l99,l97)*d_(l93,l95)*I + 1/4*
         alphaE42[f99,f97,f95,f93]*gam[y99,mumuminus901,mumuminus902,
         mumuminus903,y97]*gam[y95,mumuminus901,mumuminus902,
         mumuminus903,y93]*uspin[p2,y97]*uspin[p4,y93]*vbspin[p1,y99]*
         vbspin[p3,y95]*d_(m99,m97)*d_(m93,m95)*d_(l99,l97)*d_(l93,l95)
         *I + 1/4*alphaE42[f95,f93,f99,f97]*gam[y99,FIVE,mumuminus901,
         mumuminus902,mumuminus903,y97]*gam[y95,FIVE,mumuminus901,
         mumuminus902,mumuminus903,y93]*uspin[p2,y97]*uspin[p4,y93]*
         vbspin[p1,y99]*vbspin[p3,y95]*d_(m99,m97)*d_(m93,m95)*
         d_(l99,l97)*d_(l93,l95)*I + 1/4*alphaE42[f95,f93,f99,f97]*gam[
         y99,FIVE,mumuminus901,mumuminus902,mumuminus903,y97]*gam[y95,
         mumuminus901,mumuminus902,mumuminus903,y93]*uspin[p2,y97]*
         uspin[p4,y93]*vbspin[p1,y99]*vbspin[p3,y95]*d_(m99,m97)*
         d_(m93,m95)*d_(l99,l97)*d_(l93,l95)*I + 1/4*alphaE42[f95,f93,
         f99,f97]*gam[y99,mumuminus901,mumuminus902,mumuminus903,y97]*
         gam[y95,FIVE,mumuminus901,mumuminus902,mumuminus903,y93]*
         uspin[p2,y97]*uspin[p4,y93]*vbspin[p1,y99]*vbspin[p3,y95]*
         d_(m99,m97)*d_(m93,m95)*d_(l99,l97)*d_(l93,l95)*I + 1/4*
         alphaE42[f95,f93,f99,f97]*gam[y99,mumuminus901,mumuminus902,
         mumuminus903,y97]*gam[y95,mumuminus901,mumuminus902,
         mumuminus903,y93]*uspin[p2,y97]*uspin[p4,y93]*vbspin[p1,y99]*
         vbspin[p3,y95]*d_(m99,m97)*d_(m93,m95)*d_(l99,l97)*d_(l93,l95)
         *I - 1/4*alphaE42[f95,f97,f99,f93]*gam[y99,FIVE,mumuminus901,
         mumuminus902,mumuminus903,y93]*gam[y95,FIVE,mumuminus901,
         mumuminus902,mumuminus903,y97]*uspin[p2,y97]*uspin[p4,y93]*
         vbspin[p1,y99]*vbspin[p3,y95]*d_(m99,m93)*d_(m97,m95)*
         d_(l99,l93)*d_(l97,l95)*I - 1/4*alphaE42[f95,f97,f99,f93]*gam[
         y99,FIVE,mumuminus901,mumuminus902,mumuminus903,y93]*gam[y95,
         mumuminus901,mumuminus902,mumuminus903,y97]*uspin[p2,y97]*
         uspin[p4,y93]*vbspin[p1,y99]*vbspin[p3,y95]*d_(m99,m93)*
         d_(m97,m95)*d_(l99,l93)*d_(l97,l95)*I - 1/4*alphaE42[f95,f97,
         f99,f93]*gam[y99,mumuminus901,mumuminus902,mumuminus903,y93]*
         gam[y95,FIVE,mumuminus901,mumuminus902,mumuminus903,y97]*
         uspin[p2,y97]*uspin[p4,y93]*vbspin[p1,y99]*vbspin[p3,y95]*
         d_(m99,m93)*d_(m97,m95)*d_(l99,l93)*d_(l97,l95)*I - 1/4*
         alphaE42[f95,f97,f99,f93]*gam[y99,mumuminus901,mumuminus902,
         mumuminus903,y93]*gam[y95,mumuminus901,mumuminus902,
         mumuminus903,y97]*uspin[p2,y97]*uspin[p4,y93]*vbspin[p1,y99]*
         vbspin[p3,y95]*d_(m99,m93)*d_(m97,m95)*d_(l99,l93)*d_(l97,l95)
         *I - alphaE43[f99,f93,f95,f97]*Ta[nminus901,l99,l93]*Ta[
         nminus901,l95,l97]*gam[y99,FIVE,mumuminus901,mumuminus902,
         mumuminus903,y93]*gam[y95,FIVE,mumuminus901,mumuminus902,
         mumuminus903,y97]*uspin[p2,y97]*uspin[p4,y93]*vbspin[p1,y99]*
         vbspin[p3,y95]*d_(m99,m93)*d_(m97,m95)*I - alphaE43[f99,f93,
         f95,f97]*Ta[nminus901,l99,l93]*Ta[nminus901,l95,l97]*gam[y99,
         FIVE,mumuminus901,mumuminus902,mumuminus903,y93]*gam[y95,
         mumuminus901,mumuminus902,mumuminus903,y97]*uspin[p2,y97]*
         uspin[p4,y93]*vbspin[p1,y99]*vbspin[p3,y95]*d_(m99,m93)*
         d_(m97,m95)*I - alphaE43[f99,f93,f95,f97]*Ta[nminus901,l99,l93
         ]*Ta[nminus901,l95,l97]*gam[y99,mumuminus901,mumuminus902,
         mumuminus903,y93]*gam[y95,FIVE,mumuminus901,mumuminus902,
         mumuminus903,y97]*uspin[p2,y97]*uspin[p4,y93]*vbspin[p1,y99]*
         vbspin[p3,y95]*d_(m99,m93)*d_(m97,m95)*I - alphaE43[f99,f93,
         f95,f97]*Ta[nminus901,l99,l93]*Ta[nminus901,l95,l97]*gam[y99,
         mumuminus901,mumuminus902,mumuminus903,y93]*gam[y95,
         mumuminus901,mumuminus902,mumuminus903,y97]*uspin[p2,y97]*
         uspin[p4,y93]*vbspin[p1,y99]*vbspin[p3,y95]*d_(m99,m93)*
         d_(m97,m95)*I + alphaE43[f99,f97,f95,f93]*Ta[nminus901,l99,l97
         ]*Ta[nminus901,l95,l93]*gam[y99,FIVE,mumuminus901,mumuminus902
         ,mumuminus903,y97]*gam[y95,FIVE,mumuminus901,mumuminus902,
         mumuminus903,y93]*uspin[p2,y97]*uspin[p4,y93]*vbspin[p1,y99]*
         vbspin[p3,y95]*d_(m99,m97)*d_(m93,m95)*I + alphaE43[f99,f97,
         f95,f93]*Ta[nminus901,l99,l97]*Ta[nminus901,l95,l93]*gam[y99,
         FIVE,mumuminus901,mumuminus902,mumuminus903,y97]*gam[y95,
         mumuminus901,mumuminus902,mumuminus903,y93]*uspin[p2,y97]*
         uspin[p4,y93]*vbspin[p1,y99]*vbspin[p3,y95]*d_(m99,m97)*
         d_(m93,m95)*I + alphaE43[f99,f97,f95,f93]*Ta[nminus901,l99,l97
         ]*Ta[nminus901,l95,l93]*gam[y99,mumuminus901,mumuminus902,
         mumuminus903,y97]*gam[y95,FIVE,mumuminus901,mumuminus902,
         mumuminus903,y93]*uspin[p2,y97]*uspin[p4,y93]*vbspin[p1,y99]*
         vbspin[p3,y95]*d_(m99,m97)*d_(m93,m95)*I + alphaE43[f99,f97,
         f95,f93]*Ta[nminus901,l99,l97]*Ta[nminus901,l95,l93]*gam[y99,
         mumuminus901,mumuminus902,mumuminus903,y97]*gam[y95,
         mumuminus901,mumuminus902,mumuminus903,y93]*uspin[p2,y97]*
         uspin[p4,y93]*vbspin[p1,y99]*vbspin[p3,y95]*d_(m99,m97)*
         d_(m93,m95)*I + alphaE43[f95,f93,f99,f97]*Ta[nminus901,l99,l97
         ]*Ta[nminus901,l95,l93]*gam[y99,FIVE,mumuminus901,mumuminus902
         ,mumuminus903,y97]*gam[y95,FIVE,mumuminus901,mumuminus902,
         mumuminus903,y93]*uspin[p2,y97]*uspin[p4,y93]*vbspin[p1,y99]*
         vbspin[p3,y95]*d_(m99,m97)*d_(m93,m95)*I + alphaE43[f95,f93,
         f99,f97]*Ta[nminus901,l99,l97]*Ta[nminus901,l95,l93]*gam[y99,
         FIVE,mumuminus901,mumuminus902,mumuminus903,y97]*gam[y95,
         mumuminus901,mumuminus902,mumuminus903,y93]*uspin[p2,y97]*
         uspin[p4,y93]*vbspin[p1,y99]*vbspin[p3,y95]*d_(m99,m97)*
         d_(m93,m95)*I + alphaE43[f95,f93,f99,f97]*Ta[nminus901,l99,l97
         ]*Ta[nminus901,l95,l93]*gam[y99,mumuminus901,mumuminus902,
         mumuminus903,y97]*gam[y95,FIVE,mumuminus901,mumuminus902,
         mumuminus903,y93]*uspin[p2,y97]*uspin[p4,y93]*vbspin[p1,y99]*
         vbspin[p3,y95]*d_(m99,m97)*d_(m93,m95)*I + alphaE43[f95,f93,
         f99,f97]*Ta[nminus901,l99,l97]*Ta[nminus901,l95,l93]*gam[y99,
         mumuminus901,mumuminus902,mumuminus903,y97]*gam[y95,
         mumuminus901,mumuminus902,mumuminus903,y93]*uspin[p2,y97]*
         uspin[p4,y93]*vbspin[p1,y99]*vbspin[p3,y95]*d_(m99,m97)*
         d_(m93,m95)*I - alphaE43[f95,f97,f99,f93]*Ta[nminus901,l99,l93
         ]*Ta[nminus901,l95,l97]*gam[y99,FIVE,mumuminus901,mumuminus902
         ,mumuminus903,y93]*gam[y95,FIVE,mumuminus901,mumuminus902,
         mumuminus903,y97]*uspin[p2,y97]*uspin[p4,y93]*vbspin[p1,y99]*
         vbspin[p3,y95]*d_(m99,m93)*d_(m97,m95)*I - alphaE43[f95,f97,
         f99,f93]*Ta[nminus901,l99,l93]*Ta[nminus901,l95,l97]*gam[y99,
         FIVE,mumuminus901,mumuminus902,mumuminus903,y93]*gam[y95,
         mumuminus901,mumuminus902,mumuminus903,y97]*uspin[p2,y97]*
         uspin[p4,y93]*vbspin[p1,y99]*vbspin[p3,y95]*d_(m99,m93)*
         d_(m97,m95)*I - alphaE43[f95,f97,f99,f93]*Ta[nminus901,l99,l93
         ]*Ta[nminus901,l95,l97]*gam[y99,mumuminus901,mumuminus902,
         mumuminus903,y93]*gam[y95,FIVE,mumuminus901,mumuminus902,
         mumuminus903,y97]*uspin[p2,y97]*uspin[p4,y93]*vbspin[p1,y99]*
         vbspin[p3,y95]*d_(m99,m93)*d_(m97,m95)*I - alphaE43[f95,f97,
         f99,f93]*Ta[nminus901,l99,l93]*Ta[nminus901,l95,l97]*gam[y99,
         mumuminus901,mumuminus902,mumuminus903,y93]*gam[y95,
         mumuminus901,mumuminus902,mumuminus903,y97]*uspin[p2,y97]*
         uspin[p4,y93]*vbspin[p1,y99]*vbspin[p3,y95]*d_(m99,m93)*
         d_(m97,m95)*I - 1/4*alphaE47[f99,f93,f95,f97]*T[aminus901,m99,
         m93]*T[aminus901,m95,m97]*gam[y99,FIVE,mumuminus901,
         mumuminus902,mumuminus903,y93]*gam[y95,FIVE,mumuminus901,
         mumuminus902,mumuminus903,y97]*uspin[p2,y97]*uspin[p4,y93]*
         vbspin[p1,y99]*vbspin[p3,y95]*d_(l99,l93)*d_(l97,l95)*I - 1/4*
         alphaE47[f99,f93,f95,f97]*T[aminus901,m99,m93]*T[aminus901,m95
         ,m97]*gam[y99,FIVE,mumuminus901,mumuminus902,mumuminus903,y93]
         *gam[y95,mumuminus901,mumuminus902,mumuminus903,y97]*uspin[p2,
         y97]*uspin[p4,y93]*vbspin[p1,y99]*vbspin[p3,y95]*d_(l99,l93)*
         d_(l97,l95)*I - 1/4*alphaE47[f99,f93,f95,f97]*T[aminus901,m99,
         m93]*T[aminus901,m95,m97]*gam[y99,mumuminus901,mumuminus902,
         mumuminus903,y93]*gam[y95,FIVE,mumuminus901,mumuminus902,
         mumuminus903,y97]*uspin[p2,y97]*uspin[p4,y93]*vbspin[p1,y99]*
         vbspin[p3,y95]*d_(l99,l93)*d_(l97,l95)*I - 1/4*alphaE47[f99,
         f93,f95,f97]*T[aminus901,m99,m93]*T[aminus901,m95,m97]*gam[y99
         ,mumuminus901,mumuminus902,mumuminus903,y93]*gam[y95,
         mumuminus901,mumuminus902,mumuminus903,y97]*uspin[p2,y97]*
         uspin[p4,y93]*vbspin[p1,y99]*vbspin[p3,y95]*d_(l99,l93)*
         d_(l97,l95)*I + 1/4*alphaE47[f99,f97,f95,f93]*T[aminus901,m99,
         m97]*T[aminus901,m95,m93]*gam[y99,FIVE,mumuminus901,
         mumuminus902,mumuminus903,y97]*gam[y95,FIVE,mumuminus901,
         mumuminus902,mumuminus903,y93]*uspin[p2,y97]*uspin[p4,y93]*
         vbspin[p1,y99]*vbspin[p3,y95]*d_(l99,l97)*d_(l93,l95)*I + 1/4*
         alphaE47[f99,f97,f95,f93]*T[aminus901,m99,m97]*T[aminus901,m95
         ,m93]*gam[y99,FIVE,mumuminus901,mumuminus902,mumuminus903,y97]
         *gam[y95,mumuminus901,mumuminus902,mumuminus903,y93]*uspin[p2,
         y97]*uspin[p4,y93]*vbspin[p1,y99]*vbspin[p3,y95]*d_(l99,l97)*
         d_(l93,l95)*I + 1/4*alphaE47[f99,f97,f95,f93]*T[aminus901,m99,
         m97]*T[aminus901,m95,m93]*gam[y99,mumuminus901,mumuminus902,
         mumuminus903,y97]*gam[y95,FIVE,mumuminus901,mumuminus902,
         mumuminus903,y93]*uspin[p2,y97]*uspin[p4,y93]*vbspin[p1,y99]*
         vbspin[p3,y95]*d_(l99,l97)*d_(l93,l95)*I + 1/4*alphaE47[f99,
         f97,f95,f93]*T[aminus901,m99,m97]*T[aminus901,m95,m93]*gam[y99
         ,mumuminus901,mumuminus902,mumuminus903,y97]*gam[y95,
         mumuminus901,mumuminus902,mumuminus903,y93]*uspin[p2,y97]*
         uspin[p4,y93]*vbspin[p1,y99]*vbspin[p3,y95]*d_(l99,l97)*
         d_(l93,l95)*I + 1/4*alphaE47[f95,f93,f99,f97]*T[aminus901,m99,
         m97]*T[aminus901,m95,m93]*gam[y99,FIVE,mumuminus901,
         mumuminus902,mumuminus903,y97]*gam[y95,FIVE,mumuminus901,
         mumuminus902,mumuminus903,y93]*uspin[p2,y97]*uspin[p4,y93]*
         vbspin[p1,y99]*vbspin[p3,y95]*d_(l99,l97)*d_(l93,l95)*I + 1/4*
         alphaE47[f95,f93,f99,f97]*T[aminus901,m99,m97]*T[aminus901,m95
         ,m93]*gam[y99,FIVE,mumuminus901,mumuminus902,mumuminus903,y97]
         *gam[y95,mumuminus901,mumuminus902,mumuminus903,y93]*uspin[p2,
         y97]*uspin[p4,y93]*vbspin[p1,y99]*vbspin[p3,y95]*d_(l99,l97)*
         d_(l93,l95)*I + 1/4*alphaE47[f95,f93,f99,f97]*T[aminus901,m99,
         m97]*T[aminus901,m95,m93]*gam[y99,mumuminus901,mumuminus902,
         mumuminus903,y97]*gam[y95,FIVE,mumuminus901,mumuminus902,
         mumuminus903,y93]*uspin[p2,y97]*uspin[p4,y93]*vbspin[p1,y99]*
         vbspin[p3,y95]*d_(l99,l97)*d_(l93,l95)*I + 1/4*alphaE47[f95,
         f93,f99,f97]*T[aminus901,m99,m97]*T[aminus901,m95,m93]*gam[y99
         ,mumuminus901,mumuminus902,mumuminus903,y97]*gam[y95,
         mumuminus901,mumuminus902,mumuminus903,y93]*uspin[p2,y97]*
         uspin[p4,y93]*vbspin[p1,y99]*vbspin[p3,y95]*d_(l99,l97)*
         d_(l93,l95)*I - 1/4*alphaE47[f95,f97,f99,f93]*T[aminus901,m99,
         m93]*T[aminus901,m95,m97]*gam[y99,FIVE,mumuminus901,
         mumuminus902,mumuminus903,y93]*gam[y95,FIVE,mumuminus901,
         mumuminus902,mumuminus903,y97]*uspin[p2,y97]*uspin[p4,y93]*
         vbspin[p1,y99]*vbspin[p3,y95]*d_(l99,l93)*d_(l97,l95)*I - 1/4*
         alphaE47[f95,f97,f99,f93]*T[aminus901,m99,m93]*T[aminus901,m95
         ,m97]*gam[y99,FIVE,mumuminus901,mumuminus902,mumuminus903,y93]
         *gam[y95,mumuminus901,mumuminus902,mumuminus903,y97]*uspin[p2,
         y97]*uspin[p4,y93]*vbspin[p1,y99]*vbspin[p3,y95]*d_(l99,l93)*
         d_(l97,l95)*I - 1/4*alphaE47[f95,f97,f99,f93]*T[aminus901,m99,
         m93]*T[aminus901,m95,m97]*gam[y99,mumuminus901,mumuminus902,
         mumuminus903,y93]*gam[y95,FIVE,mumuminus901,mumuminus902,
         mumuminus903,y97]*uspin[p2,y97]*uspin[p4,y93]*vbspin[p1,y99]*
         vbspin[p3,y95]*d_(l99,l93)*d_(l97,l95)*I - 1/4*alphaE47[f95,
         f97,f99,f93]*T[aminus901,m99,m93]*T[aminus901,m95,m97]*gam[y99
         ,mumuminus901,mumuminus902,mumuminus903,y93]*gam[y95,
         mumuminus901,mumuminus902,mumuminus903,y97]*uspin[p2,y97]*
         uspin[p4,y93]*vbspin[p1,y99]*vbspin[p3,y95]*d_(l99,l93)*
         d_(l97,l95)*I - alphaE48[f99,f93,f95,f97]*Ta[nminus901,l99,l93
         ]*Ta[nminus901,l95,l97]*T[aminus901,m99,m93]*T[aminus901,m95,
         m97]*gam[y99,FIVE,mumuminus901,mumuminus902,mumuminus903,y93]*
         gam[y95,FIVE,mumuminus901,mumuminus902,mumuminus903,y97]*
         uspin[p2,y97]*uspin[p4,y93]*vbspin[p1,y99]*vbspin[p3,y95]*I - 
         alphaE48[f99,f93,f95,f97]*Ta[nminus901,l99,l93]*Ta[nminus901,
         l95,l97]*T[aminus901,m99,m93]*T[aminus901,m95,m97]*gam[y99,
         FIVE,mumuminus901,mumuminus902,mumuminus903,y93]*gam[y95,
         mumuminus901,mumuminus902,mumuminus903,y97]*uspin[p2,y97]*
         uspin[p4,y93]*vbspin[p1,y99]*vbspin[p3,y95]*I - alphaE48[f99,
         f93,f95,f97]*Ta[nminus901,l99,l93]*Ta[nminus901,l95,l97]*T[
         aminus901,m99,m93]*T[aminus901,m95,m97]*gam[y99,mumuminus901,
         mumuminus902,mumuminus903,y93]*gam[y95,FIVE,mumuminus901,
         mumuminus902,mumuminus903,y97]*uspin[p2,y97]*uspin[p4,y93]*
         vbspin[p1,y99]*vbspin[p3,y95]*I - alphaE48[f99,f93,f95,f97]*
         Ta[nminus901,l99,l93]*Ta[nminus901,l95,l97]*T[aminus901,m99,
         m93]*T[aminus901,m95,m97]*gam[y99,mumuminus901,mumuminus902,
         mumuminus903,y93]*gam[y95,mumuminus901,mumuminus902,
         mumuminus903,y97]*uspin[p2,y97]*uspin[p4,y93]*vbspin[p1,y99]*
         vbspin[p3,y95]*I + alphaE48[f99,f97,f95,f93]*Ta[nminus901,l99,
         l97]*Ta[nminus901,l95,l93]*T[aminus901,m99,m97]*T[aminus901,
         m95,m93]*gam[y99,FIVE,mumuminus901,mumuminus902,mumuminus903,
         y97]*gam[y95,FIVE,mumuminus901,mumuminus902,mumuminus903,y93]*
         uspin[p2,y97]*uspin[p4,y93]*vbspin[p1,y99]*vbspin[p3,y95]*I + 
         alphaE48[f99,f97,f95,f93]*Ta[nminus901,l99,l97]*Ta[nminus901,
         l95,l93]*T[aminus901,m99,m97]*T[aminus901,m95,m93]*gam[y99,
         FIVE,mumuminus901,mumuminus902,mumuminus903,y97]*gam[y95,
         mumuminus901,mumuminus902,mumuminus903,y93]*uspin[p2,y97]*
         uspin[p4,y93]*vbspin[p1,y99]*vbspin[p3,y95]*I + alphaE48[f99,
         f97,f95,f93]*Ta[nminus901,l99,l97]*Ta[nminus901,l95,l93]*T[
         aminus901,m99,m97]*T[aminus901,m95,m93]*gam[y99,mumuminus901,
         mumuminus902,mumuminus903,y97]*gam[y95,FIVE,mumuminus901,
         mumuminus902,mumuminus903,y93]*uspin[p2,y97]*uspin[p4,y93]*
         vbspin[p1,y99]*vbspin[p3,y95]*I + alphaE48[f99,f97,f95,f93]*
         Ta[nminus901,l99,l97]*Ta[nminus901,l95,l93]*T[aminus901,m99,
         m97]*T[aminus901,m95,m93]*gam[y99,mumuminus901,mumuminus902,
         mumuminus903,y97]*gam[y95,mumuminus901,mumuminus902,
         mumuminus903,y93]*uspin[p2,y97]*uspin[p4,y93]*vbspin[p1,y99]*
         vbspin[p3,y95]*I + alphaE48[f95,f93,f99,f97]*Ta[nminus901,l99,
         l97]*Ta[nminus901,l95,l93]*T[aminus901,m99,m97]*T[aminus901,
         m95,m93]*gam[y99,FIVE,mumuminus901,mumuminus902,mumuminus903,
         y97]*gam[y95,FIVE,mumuminus901,mumuminus902,mumuminus903,y93]*
         uspin[p2,y97]*uspin[p4,y93]*vbspin[p1,y99]*vbspin[p3,y95]*I + 
         alphaE48[f95,f93,f99,f97]*Ta[nminus901,l99,l97]*Ta[nminus901,
         l95,l93]*T[aminus901,m99,m97]*T[aminus901,m95,m93]*gam[y99,
         FIVE,mumuminus901,mumuminus902,mumuminus903,y97]*gam[y95,
         mumuminus901,mumuminus902,mumuminus903,y93]*uspin[p2,y97]*
         uspin[p4,y93]*vbspin[p1,y99]*vbspin[p3,y95]*I + alphaE48[f95,
         f93,f99,f97]*Ta[nminus901,l99,l97]*Ta[nminus901,l95,l93]*T[
         aminus901,m99,m97]*T[aminus901,m95,m93]*gam[y99,mumuminus901,
         mumuminus902,mumuminus903,y97]*gam[y95,FIVE,mumuminus901,
         mumuminus902,mumuminus903,y93]*uspin[p2,y97]*uspin[p4,y93]*
         vbspin[p1,y99]*vbspin[p3,y95]*I + alphaE48[f95,f93,f99,f97]*
         Ta[nminus901,l99,l97]*Ta[nminus901,l95,l93]*T[aminus901,m99,
         m97]*T[aminus901,m95,m93]*gam[y99,mumuminus901,mumuminus902,
         mumuminus903,y97]*gam[y95,mumuminus901,mumuminus902,
         mumuminus903,y93]*uspin[p2,y97]*uspin[p4,y93]*vbspin[p1,y99]*
         vbspin[p3,y95]*I - alphaE48[f95,f97,f99,f93]*Ta[nminus901,l99,
         l93]*Ta[nminus901,l95,l97]*T[aminus901,m99,m93]*T[aminus901,
         m95,m97]*gam[y99,FIVE,mumuminus901,mumuminus902,mumuminus903,
         y93]*gam[y95,FIVE,mumuminus901,mumuminus902,mumuminus903,y97]*
         uspin[p2,y97]*uspin[p4,y93]*vbspin[p1,y99]*vbspin[p3,y95]*I - 
         alphaE48[f95,f97,f99,f93]*Ta[nminus901,l99,l93]*Ta[nminus901,
         l95,l97]*T[aminus901,m99,m93]*T[aminus901,m95,m97]*gam[y99,
         FIVE,mumuminus901,mumuminus902,mumuminus903,y93]*gam[y95,
         mumuminus901,mumuminus902,mumuminus903,y97]*uspin[p2,y97]*
         uspin[p4,y93]*vbspin[p1,y99]*vbspin[p3,y95]*I - alphaE48[f95,
         f97,f99,f93]*Ta[nminus901,l99,l93]*Ta[nminus901,l95,l97]*T[
         aminus901,m99,m93]*T[aminus901,m95,m97]*gam[y99,mumuminus901,
         mumuminus902,mumuminus903,y93]*gam[y95,FIVE,mumuminus901,
         mumuminus902,mumuminus903,y97]*uspin[p2,y97]*uspin[p4,y93]*
         vbspin[p1,y99]*vbspin[p3,y95]*I - alphaE48[f95,f97,f99,f93]*
         Ta[nminus901,l99,l93]*Ta[nminus901,l95,l97]*T[aminus901,m99,
         m93]*T[aminus901,m95,m97]*gam[y99,mumuminus901,mumuminus902,
         mumuminus903,y93]*gam[y95,mumuminus901,mumuminus902,
         mumuminus903,y97]*uspin[p2,y97]*uspin[p4,y93]*vbspin[p1,y99]*
         vbspin[p3,y95]*I - 1/4*alphaF24[f99,f93,f95,f97]*T[aminus901,
         m99,m93]*T[aminus901,m95,m97]*gam[y99,FIVE,mumuminus901,y93]*
         gam[y95,FIVE,mumuminus901,y97]*uspin[p2,y97]*uspin[p4,y93]*
         vbspin[p1,y99]*vbspin[p3,y95]*d_(l99,l93)*d_(l97,l95)*I - 1/4*
         alphaF24[f99,f93,f95,f97]*T[aminus901,m99,m93]*T[aminus901,m95
         ,m97]*gam[y99,FIVE,mumuminus901,y93]*gam[y95,mumuminus901,y97]
         *uspin[p2,y97]*uspin[p4,y93]*vbspin[p1,y99]*vbspin[p3,y95]*
         d_(l99,l93)*d_(l97,l95)*I - 1/4*alphaF24[f99,f93,f95,f97]*T[
         aminus901,m99,m93]*T[aminus901,m95,m97]*gam[y99,mumuminus901,
         y93]*gam[y95,FIVE,mumuminus901,y97]*uspin[p2,y97]*uspin[p4,y93
         ]*vbspin[p1,y99]*vbspin[p3,y95]*d_(l99,l93)*d_(l97,l95)*I - 1/
         4*alphaF24[f99,f93,f95,f97]*T[aminus901,m99,m93]*T[aminus901,
         m95,m97]*gam[y99,mumuminus901,y93]*gam[y95,mumuminus901,y97]*
         uspin[p2,y97]*uspin[p4,y93]*vbspin[p1,y99]*vbspin[p3,y95]*
         d_(l99,l93)*d_(l97,l95)*I + 1/4*alphaF24[f99,f97,f95,f93]*T[
         aminus901,m99,m97]*T[aminus901,m95,m93]*gam[y99,FIVE,
         mumuminus901,y97]*gam[y95,FIVE,mumuminus901,y93]*uspin[p2,y97]
         *uspin[p4,y93]*vbspin[p1,y99]*vbspin[p3,y95]*d_(l99,l97)*
         d_(l93,l95)*I + 1/4*alphaF24[f99,f97,f95,f93]*T[aminus901,m99,
         m97]*T[aminus901,m95,m93]*gam[y99,FIVE,mumuminus901,y97]*gam[
         y95,mumuminus901,y93]*uspin[p2,y97]*uspin[p4,y93]*vbspin[p1,
         y99]*vbspin[p3,y95]*d_(l99,l97)*d_(l93,l95)*I + 1/4*alphaF24[
         f99,f97,f95,f93]*T[aminus901,m99,m97]*T[aminus901,m95,m93]*
         gam[y99,mumuminus901,y97]*gam[y95,FIVE,mumuminus901,y93]*
         uspin[p2,y97]*uspin[p4,y93]*vbspin[p1,y99]*vbspin[p3,y95]*
         d_(l99,l97)*d_(l93,l95)*I + 1/4*alphaF24[f99,f97,f95,f93]*T[
         aminus901,m99,m97]*T[aminus901,m95,m93]*gam[y99,mumuminus901,
         y97]*gam[y95,mumuminus901,y93]*uspin[p2,y97]*uspin[p4,y93]*
         vbspin[p1,y99]*vbspin[p3,y95]*d_(l99,l97)*d_(l93,l95)*I + 1/4*
         alphaF24[f95,f93,f99,f97]*T[aminus901,m99,m97]*T[aminus901,m95
         ,m93]*gam[y99,FIVE,mumuminus901,y97]*gam[y95,FIVE,mumuminus901
         ,y93]*uspin[p2,y97]*uspin[p4,y93]*vbspin[p1,y99]*vbspin[p3,y95
         ]*d_(l99,l97)*d_(l93,l95)*I + 1/4*alphaF24[f95,f93,f99,f97]*T[
         aminus901,m99,m97]*T[aminus901,m95,m93]*gam[y99,FIVE,
         mumuminus901,y97]*gam[y95,mumuminus901,y93]*uspin[p2,y97]*
         uspin[p4,y93]*vbspin[p1,y99]*vbspin[p3,y95]*d_(l99,l97)*
         d_(l93,l95)*I + 1/4*alphaF24[f95,f93,f99,f97]*T[aminus901,m99,
         m97]*T[aminus901,m95,m93]*gam[y99,mumuminus901,y97]*gam[y95,
         FIVE,mumuminus901,y93]*uspin[p2,y97]*uspin[p4,y93]*vbspin[p1,
         y99]*vbspin[p3,y95]*d_(l99,l97)*d_(l93,l95)*I + 1/4*alphaF24[
         f95,f93,f99,f97]*T[aminus901,m99,m97]*T[aminus901,m95,m93]*
         gam[y99,mumuminus901,y97]*gam[y95,mumuminus901,y93]*uspin[p2,
         y97]*uspin[p4,y93]*vbspin[p1,y99]*vbspin[p3,y95]*d_(l99,l97)*
         d_(l93,l95)*I - 1/4*alphaF24[f95,f97,f99,f93]*T[aminus901,m99,
         m93]*T[aminus901,m95,m97]*gam[y99,FIVE,mumuminus901,y93]*gam[
         y95,FIVE,mumuminus901,y97]*uspin[p2,y97]*uspin[p4,y93]*vbspin[
         p1,y99]*vbspin[p3,y95]*d_(l99,l93)*d_(l97,l95)*I - 1/4*
         alphaF24[f95,f97,f99,f93]*T[aminus901,m99,m93]*T[aminus901,m95
         ,m97]*gam[y99,FIVE,mumuminus901,y93]*gam[y95,mumuminus901,y97]
         *uspin[p2,y97]*uspin[p4,y93]*vbspin[p1,y99]*vbspin[p3,y95]*
         d_(l99,l93)*d_(l97,l95)*I - 1/4*alphaF24[f95,f97,f99,f93]*T[
         aminus901,m99,m93]*T[aminus901,m95,m97]*gam[y99,mumuminus901,
         y93]*gam[y95,FIVE,mumuminus901,y97]*uspin[p2,y97]*uspin[p4,y93
         ]*vbspin[p1,y99]*vbspin[p3,y95]*d_(l99,l93)*d_(l97,l95)*I - 1/
         4*alphaF24[f95,f97,f99,f93]*T[aminus901,m99,m93]*T[aminus901,
         m95,m97]*gam[y99,mumuminus901,y93]*gam[y95,mumuminus901,y97]*
         uspin[p2,y97]*uspin[p4,y93]*vbspin[p1,y99]*vbspin[p3,y95]*
         d_(l99,l93)*d_(l97,l95)*I - alphaF25[f99,f93,f95,f97]*Ta[
         nminus901,l99,l93]*Ta[nminus901,l95,l97]*T[aminus901,m99,m93]*
         T[aminus901,m95,m97]*gam[y99,FIVE,mumuminus901,y93]*gam[y95,
         FIVE,mumuminus901,y97]*uspin[p2,y97]*uspin[p4,y93]*vbspin[p1,
         y99]*vbspin[p3,y95]*I - alphaF25[f99,f93,f95,f97]*Ta[nminus901
         ,l99,l93]*Ta[nminus901,l95,l97]*T[aminus901,m99,m93]*T[
         aminus901,m95,m97]*gam[y99,FIVE,mumuminus901,y93]*gam[y95,
         mumuminus901,y97]*uspin[p2,y97]*uspin[p4,y93]*vbspin[p1,y99]*
         vbspin[p3,y95]*I - alphaF25[f99,f93,f95,f97]*Ta[nminus901,l99,
         l93]*Ta[nminus901,l95,l97]*T[aminus901,m99,m93]*T[aminus901,
         m95,m97]*gam[y99,mumuminus901,y93]*gam[y95,FIVE,mumuminus901,
         y97]*uspin[p2,y97]*uspin[p4,y93]*vbspin[p1,y99]*vbspin[p3,y95]
         *I - alphaF25[f99,f93,f95,f97]*Ta[nminus901,l99,l93]*Ta[
         nminus901,l95,l97]*T[aminus901,m99,m93]*T[aminus901,m95,m97]*
         gam[y99,mumuminus901,y93]*gam[y95,mumuminus901,y97]*uspin[p2,
         y97]*uspin[p4,y93]*vbspin[p1,y99]*vbspin[p3,y95]*I + alphaF25[
         f99,f97,f95,f93]*Ta[nminus901,l99,l97]*Ta[nminus901,l95,l93]*
         T[aminus901,m99,m97]*T[aminus901,m95,m93]*gam[y99,FIVE,
         mumuminus901,y97]*gam[y95,FIVE,mumuminus901,y93]*uspin[p2,y97]
         *uspin[p4,y93]*vbspin[p1,y99]*vbspin[p3,y95]*I + alphaF25[f99,
         f97,f95,f93]*Ta[nminus901,l99,l97]*Ta[nminus901,l95,l93]*T[
         aminus901,m99,m97]*T[aminus901,m95,m93]*gam[y99,FIVE,
         mumuminus901,y97]*gam[y95,mumuminus901,y93]*uspin[p2,y97]*
         uspin[p4,y93]*vbspin[p1,y99]*vbspin[p3,y95]*I + alphaF25[f99,
         f97,f95,f93]*Ta[nminus901,l99,l97]*Ta[nminus901,l95,l93]*T[
         aminus901,m99,m97]*T[aminus901,m95,m93]*gam[y99,mumuminus901,
         y97]*gam[y95,FIVE,mumuminus901,y93]*uspin[p2,y97]*uspin[p4,y93
         ]*vbspin[p1,y99]*vbspin[p3,y95]*I + alphaF25[f99,f97,f95,f93]*
         Ta[nminus901,l99,l97]*Ta[nminus901,l95,l93]*T[aminus901,m99,
         m97]*T[aminus901,m95,m93]*gam[y99,mumuminus901,y97]*gam[y95,
         mumuminus901,y93]*uspin[p2,y97]*uspin[p4,y93]*vbspin[p1,y99]*
         vbspin[p3,y95]*I + alphaF25[f95,f93,f99,f97]*Ta[nminus901,l99,
         l97]*Ta[nminus901,l95,l93]*T[aminus901,m99,m97]*T[aminus901,
         m95,m93]*gam[y99,FIVE,mumuminus901,y97]*gam[y95,FIVE,
         mumuminus901,y93]*uspin[p2,y97]*uspin[p4,y93]*vbspin[p1,y99]*
         vbspin[p3,y95]*I + alphaF25[f95,f93,f99,f97]*Ta[nminus901,l99,
         l97]*Ta[nminus901,l95,l93]*T[aminus901,m99,m97]*T[aminus901,
         m95,m93]*gam[y99,FIVE,mumuminus901,y97]*gam[y95,mumuminus901,
         y93]*uspin[p2,y97]*uspin[p4,y93]*vbspin[p1,y99]*vbspin[p3,y95]
         *I + alphaF25[f95,f93,f99,f97]*Ta[nminus901,l99,l97]*Ta[
         nminus901,l95,l93]*T[aminus901,m99,m97]*T[aminus901,m95,m93]*
         gam[y99,mumuminus901,y97]*gam[y95,FIVE,mumuminus901,y93]*
         uspin[p2,y97]*uspin[p4,y93]*vbspin[p1,y99]*vbspin[p3,y95]*I + 
         alphaF25[f95,f93,f99,f97]*Ta[nminus901,l99,l97]*Ta[nminus901,
         l95,l93]*T[aminus901,m99,m97]*T[aminus901,m95,m93]*gam[y99,
         mumuminus901,y97]*gam[y95,mumuminus901,y93]*uspin[p2,y97]*
         uspin[p4,y93]*vbspin[p1,y99]*vbspin[p3,y95]*I - alphaF25[f95,
         f97,f99,f93]*Ta[nminus901,l99,l93]*Ta[nminus901,l95,l97]*T[
         aminus901,m99,m93]*T[aminus901,m95,m97]*gam[y99,FIVE,
         mumuminus901,y93]*gam[y95,FIVE,mumuminus901,y97]*uspin[p2,y97]
         *uspin[p4,y93]*vbspin[p1,y99]*vbspin[p3,y95]*I - alphaF25[f95,
         f97,f99,f93]*Ta[nminus901,l99,l93]*Ta[nminus901,l95,l97]*T[
         aminus901,m99,m93]*T[aminus901,m95,m97]*gam[y99,FIVE,
         mumuminus901,y93]*gam[y95,mumuminus901,y97]*uspin[p2,y97]*
         uspin[p4,y93]*vbspin[p1,y99]*vbspin[p3,y95]*I - alphaF25[f95,
         f97,f99,f93]*Ta[nminus901,l99,l93]*Ta[nminus901,l95,l97]*T[
         aminus901,m99,m93]*T[aminus901,m95,m97]*gam[y99,mumuminus901,
         y93]*gam[y95,FIVE,mumuminus901,y97]*uspin[p2,y97]*uspin[p4,y93
         ]*vbspin[p1,y99]*vbspin[p3,y95]*I - alphaF25[f95,f97,f99,f93]*
         Ta[nminus901,l99,l93]*Ta[nminus901,l95,l97]*T[aminus901,m99,
         m93]*T[aminus901,m95,m97]*gam[y99,mumuminus901,y93]*gam[y95,
         mumuminus901,y97]*uspin[p2,y97]*uspin[p4,y93]*vbspin[p1,y99]*
         vbspin[p3,y95]*I - 1/4*alphaO49[f99,f93,f95,f97]*gam[y99,FIVE,
         mumuminus901,y93]*gam[y95,FIVE,mumuminus901,y97]*uspin[p2,y97]
         *uspin[p4,y93]*vbspin[p1,y99]*vbspin[p3,y95]*d_(m99,m93)*
         d_(m97,m95)*d_(l99,l93)*d_(l97,l95)*I - 1/4*alphaO49[f99,f93,
         f95,f97]*gam[y99,FIVE,mumuminus901,y93]*gam[y95,mumuminus901,
         y97]*uspin[p2,y97]*uspin[p4,y93]*vbspin[p1,y99]*vbspin[p3,y95]
         *d_(m99,m93)*d_(m97,m95)*d_(l99,l93)*d_(l97,l95)*I - 1/4*
         alphaO49[f99,f93,f95,f97]*gam[y99,mumuminus901,y93]*gam[y95,
         FIVE,mumuminus901,y97]*uspin[p2,y97]*uspin[p4,y93]*vbspin[p1,
         y99]*vbspin[p3,y95]*d_(m99,m93)*d_(m97,m95)*d_(l99,l93)*
         d_(l97,l95)*I - 1/4*alphaO49[f99,f93,f95,f97]*gam[y99,
         mumuminus901,y93]*gam[y95,mumuminus901,y97]*uspin[p2,y97]*
         uspin[p4,y93]*vbspin[p1,y99]*vbspin[p3,y95]*d_(m99,m93)*
         d_(m97,m95)*d_(l99,l93)*d_(l97,l95)*I + 1/4*alphaO49[f99,f97,
         f95,f93]*gam[y99,FIVE,mumuminus901,y97]*gam[y95,FIVE,
         mumuminus901,y93]*uspin[p2,y97]*uspin[p4,y93]*vbspin[p1,y99]*
         vbspin[p3,y95]*d_(m99,m97)*d_(m93,m95)*d_(l99,l97)*d_(l93,l95)
         *I + 1/4*alphaO49[f99,f97,f95,f93]*gam[y99,FIVE,mumuminus901,
         y97]*gam[y95,mumuminus901,y93]*uspin[p2,y97]*uspin[p4,y93]*
         vbspin[p1,y99]*vbspin[p3,y95]*d_(m99,m97)*d_(m93,m95)*
         d_(l99,l97)*d_(l93,l95)*I + 1/4*alphaO49[f99,f97,f95,f93]*gam[
         y99,mumuminus901,y97]*gam[y95,FIVE,mumuminus901,y93]*uspin[p2,
         y97]*uspin[p4,y93]*vbspin[p1,y99]*vbspin[p3,y95]*d_(m99,m97)*
         d_(m93,m95)*d_(l99,l97)*d_(l93,l95)*I + 1/4*alphaO49[f99,f97,
         f95,f93]*gam[y99,mumuminus901,y97]*gam[y95,mumuminus901,y93]*
         uspin[p2,y97]*uspin[p4,y93]*vbspin[p1,y99]*vbspin[p3,y95]*
         d_(m99,m97)*d_(m93,m95)*d_(l99,l97)*d_(l93,l95)*I + 1/4*
         alphaO49[f95,f93,f99,f97]*gam[y99,FIVE,mumuminus901,y97]*gam[
         y95,FIVE,mumuminus901,y93]*uspin[p2,y97]*uspin[p4,y93]*vbspin[
         p1,y99]*vbspin[p3,y95]*d_(m99,m97)*d_(m93,m95)*d_(l99,l97)*
         d_(l93,l95)*I + 1/4*alphaO49[f95,f93,f99,f97]*gam[y99,FIVE,
         mumuminus901,y97]*gam[y95,mumuminus901,y93]*uspin[p2,y97]*
         uspin[p4,y93]*vbspin[p1,y99]*vbspin[p3,y95]*d_(m99,m97)*
         d_(m93,m95)*d_(l99,l97)*d_(l93,l95)*I + 1/4*alphaO49[f95,f93,
         f99,f97]*gam[y99,mumuminus901,y97]*gam[y95,FIVE,mumuminus901,
         y93]*uspin[p2,y97]*uspin[p4,y93]*vbspin[p1,y99]*vbspin[p3,y95]
         *d_(m99,m97)*d_(m93,m95)*d_(l99,l97)*d_(l93,l95)*I + 1/4*
         alphaO49[f95,f93,f99,f97]*gam[y99,mumuminus901,y97]*gam[y95,
         mumuminus901,y93]*uspin[p2,y97]*uspin[p4,y93]*vbspin[p1,y99]*
         vbspin[p3,y95]*d_(m99,m97)*d_(m93,m95)*d_(l99,l97)*d_(l93,l95)
         *I - 1/4*alphaO49[f95,f97,f99,f93]*gam[y99,FIVE,mumuminus901,
         y93]*gam[y95,FIVE,mumuminus901,y97]*uspin[p2,y97]*uspin[p4,y93
         ]*vbspin[p1,y99]*vbspin[p3,y95]*d_(m99,m93)*d_(m97,m95)*
         d_(l99,l93)*d_(l97,l95)*I - 1/4*alphaO49[f95,f97,f99,f93]*gam[
         y99,FIVE,mumuminus901,y93]*gam[y95,mumuminus901,y97]*uspin[p2,
         y97]*uspin[p4,y93]*vbspin[p1,y99]*vbspin[p3,y95]*d_(m99,m93)*
         d_(m97,m95)*d_(l99,l93)*d_(l97,l95)*I - 1/4*alphaO49[f95,f97,
         f99,f93]*gam[y99,mumuminus901,y93]*gam[y95,FIVE,mumuminus901,
         y97]*uspin[p2,y97]*uspin[p4,y93]*vbspin[p1,y99]*vbspin[p3,y95]
         *d_(m99,m93)*d_(m97,m95)*d_(l99,l93)*d_(l97,l95)*I - 1/4*
         alphaO49[f95,f97,f99,f93]*gam[y99,mumuminus901,y93]*gam[y95,
         mumuminus901,y97]*uspin[p2,y97]*uspin[p4,y93]*vbspin[p1,y99]*
         vbspin[p3,y95]*d_(m99,m93)*d_(m97,m95)*d_(l99,l93)*d_(l97,l95)
         *I - alphaO50[f99,f93,f95,f97]*Ta[nminus901,l99,l93]*Ta[
         nminus901,l95,l97]*gam[y99,FIVE,mumuminus901,y93]*gam[y95,FIVE
         ,mumuminus901,y97]*uspin[p2,y97]*uspin[p4,y93]*vbspin[p1,y99]*
         vbspin[p3,y95]*d_(m99,m93)*d_(m97,m95)*I - alphaO50[f99,f93,
         f95,f97]*Ta[nminus901,l99,l93]*Ta[nminus901,l95,l97]*gam[y99,
         FIVE,mumuminus901,y93]*gam[y95,mumuminus901,y97]*uspin[p2,y97]
         *uspin[p4,y93]*vbspin[p1,y99]*vbspin[p3,y95]*d_(m99,m93)*
         d_(m97,m95)*I - alphaO50[f99,f93,f95,f97]*Ta[nminus901,l99,l93
         ]*Ta[nminus901,l95,l97]*gam[y99,mumuminus901,y93]*gam[y95,FIVE
         ,mumuminus901,y97]*uspin[p2,y97]*uspin[p4,y93]*vbspin[p1,y99]*
         vbspin[p3,y95]*d_(m99,m93)*d_(m97,m95)*I - alphaO50[f99,f93,
         f95,f97]*Ta[nminus901,l99,l93]*Ta[nminus901,l95,l97]*gam[y99,
         mumuminus901,y93]*gam[y95,mumuminus901,y97]*uspin[p2,y97]*
         uspin[p4,y93]*vbspin[p1,y99]*vbspin[p3,y95]*d_(m99,m93)*
         d_(m97,m95)*I + alphaO50[f99,f97,f95,f93]*Ta[nminus901,l99,l97
         ]*Ta[nminus901,l95,l93]*gam[y99,FIVE,mumuminus901,y97]*gam[y95
         ,FIVE,mumuminus901,y93]*uspin[p2,y97]*uspin[p4,y93]*vbspin[p1,
         y99]*vbspin[p3,y95]*d_(m99,m97)*d_(m93,m95)*I + alphaO50[f99,
         f97,f95,f93]*Ta[nminus901,l99,l97]*Ta[nminus901,l95,l93]*gam[
         y99,FIVE,mumuminus901,y97]*gam[y95,mumuminus901,y93]*uspin[p2,
         y97]*uspin[p4,y93]*vbspin[p1,y99]*vbspin[p3,y95]*d_(m99,m97)*
         d_(m93,m95)*I + alphaO50[f99,f97,f95,f93]*Ta[nminus901,l99,l97
         ]*Ta[nminus901,l95,l93]*gam[y99,mumuminus901,y97]*gam[y95,FIVE
         ,mumuminus901,y93]*uspin[p2,y97]*uspin[p4,y93]*vbspin[p1,y99]*
         vbspin[p3,y95]*d_(m99,m97)*d_(m93,m95)*I + alphaO50[f99,f97,
         f95,f93]*Ta[nminus901,l99,l97]*Ta[nminus901,l95,l93]*gam[y99,
         mumuminus901,y97]*gam[y95,mumuminus901,y93]*uspin[p2,y97]*
         uspin[p4,y93]*vbspin[p1,y99]*vbspin[p3,y95]*d_(m99,m97)*
         d_(m93,m95)*I + alphaO50[f95,f93,f99,f97]*Ta[nminus901,l99,l97
         ]*Ta[nminus901,l95,l93]*gam[y99,FIVE,mumuminus901,y97]*gam[y95
         ,FIVE,mumuminus901,y93]*uspin[p2,y97]*uspin[p4,y93]*vbspin[p1,
         y99]*vbspin[p3,y95]*d_(m99,m97)*d_(m93,m95)*I + alphaO50[f95,
         f93,f99,f97]*Ta[nminus901,l99,l97]*Ta[nminus901,l95,l93]*gam[
         y99,FIVE,mumuminus901,y97]*gam[y95,mumuminus901,y93]*uspin[p2,
         y97]*uspin[p4,y93]*vbspin[p1,y99]*vbspin[p3,y95]*d_(m99,m97)*
         d_(m93,m95)*I + alphaO50[f95,f93,f99,f97]*Ta[nminus901,l99,l97
         ]*Ta[nminus901,l95,l93]*gam[y99,mumuminus901,y97]*gam[y95,FIVE
         ,mumuminus901,y93]*uspin[p2,y97]*uspin[p4,y93]*vbspin[p1,y99]*
         vbspin[p3,y95]*d_(m99,m97)*d_(m93,m95)*I + alphaO50[f95,f93,
         f99,f97]*Ta[nminus901,l99,l97]*Ta[nminus901,l95,l93]*gam[y99,
         mumuminus901,y97]*gam[y95,mumuminus901,y93]*uspin[p2,y97]*
         uspin[p4,y93]*vbspin[p1,y99]*vbspin[p3,y95]*d_(m99,m97)*
         d_(m93,m95)*I - alphaO50[f95,f97,f99,f93]*Ta[nminus901,l99,l93
         ]*Ta[nminus901,l95,l97]*gam[y99,FIVE,mumuminus901,y93]*gam[y95
         ,FIVE,mumuminus901,y97]*uspin[p2,y97]*uspin[p4,y93]*vbspin[p1,
         y99]*vbspin[p3,y95]*d_(m99,m93)*d_(m97,m95)*I - alphaO50[f95,
         f97,f99,f93]*Ta[nminus901,l99,l93]*Ta[nminus901,l95,l97]*gam[
         y99,FIVE,mumuminus901,y93]*gam[y95,mumuminus901,y97]*uspin[p2,
         y97]*uspin[p4,y93]*vbspin[p1,y99]*vbspin[p3,y95]*d_(m99,m93)*
         d_(m97,m95)*I - alphaO50[f95,f97,f99,f93]*Ta[nminus901,l99,l93
         ]*Ta[nminus901,l95,l97]*gam[y99,mumuminus901,y93]*gam[y95,FIVE
         ,mumuminus901,y97]*uspin[p2,y97]*uspin[p4,y93]*vbspin[p1,y99]*
         vbspin[p3,y95]*d_(m99,m93)*d_(m97,m95)*I - alphaO50[f95,f97,
         f99,f93]*Ta[nminus901,l99,l93]*Ta[nminus901,l95,l97]*gam[y99,
         mumuminus901,y93]*gam[y95,mumuminus901,y97]*uspin[p2,y97]*
         uspin[p4,y93]*vbspin[p1,y99]*vbspin[p3,y95]*d_(m99,m93)*
         d_(m97,m95)*I;

  0.03 sec out of 0.06 sec
