FORM 4.2.0 (Jul  6 2017, v4.2.0) 64-bits         Run: Mon Mar 12 22:59:36 2018
    * -*-Form-*-
    
    #: Parentheses 2000
    #-

   amplqLbaruRqLbardR =
       - 1/16*Log[MBH0^2]*gBH0qL[f99,f2]*gBH0qL[f95,f8]*yd[f8,f93]*yu[
         f2,f97]*gam[y99,FIVE,mu4,mugam2,y97]*gam[y95,FIVE,mu4,mugam2,
         y93]*uspin[p2,y97]*uspin[p4,y93]*vbspin[p1,y99]*vbspin[p3,y95]
         *e_[l99,l95]*d_(m99,m97)*d_(m95,m93)*FourPi^(-2)*I^9*MBH0^(-2)
          - 1/16*Log[MBH0^2]*gBH0qL[f99,f2]*gBH0qL[f95,f8]*yd[f8,f93]*
         yu[f2,f97]*gam[y99,FIVE,mu4,mugam2,y97]*gam[y95,mu4,mugam2,y93
         ]*uspin[p2,y97]*uspin[p4,y93]*vbspin[p1,y99]*vbspin[p3,y95]*
         e_[l99,l95]*d_(m99,m97)*d_(m95,m93)*FourPi^(-2)*I^9*MBH0^(-2)
          - 1/16*Log[MBH0^2]*gBH0qL[f99,f2]*gBH0qL[f95,f8]*yd[f8,f93]*
         yu[f2,f97]*gam[y99,mu4,mugam2,y97]*gam[y95,FIVE,mu4,mugam2,y93
         ]*uspin[p2,y97]*uspin[p4,y93]*vbspin[p1,y99]*vbspin[p3,y95]*
         e_[l99,l95]*d_(m99,m97)*d_(m95,m93)*FourPi^(-2)*I^9*MBH0^(-2)
          - 1/16*Log[MBH0^2]*gBH0qL[f99,f2]*gBH0qL[f95,f8]*yd[f8,f93]*
         yu[f2,f97]*gam[y99,mu4,mugam2,y97]*gam[y95,mu4,mugam2,y93]*
         uspin[p2,y97]*uspin[p4,y93]*vbspin[p1,y99]*vbspin[p3,y95]*e_[
         l99,l95]*d_(m99,m97)*d_(m95,m93)*FourPi^(-2)*I^9*MBH0^(-2) - 1/
         16*Log[MBH0^2]*gBH0qL[f99,f4]*gBH0qL[f95,f6]*yd[f4,f93]*yu[f6,
         f97]*gam[y99,FIVE,mu2,mugam2,y93]*gam[y95,FIVE,mu2,mugam2,y97]
         *uspin[p2,y97]*uspin[p4,y93]*vbspin[p1,y99]*vbspin[p3,y95]*e_[
         l99,l95]*d_(m99,m93)*d_(m97,m95)*FourPi^(-2)*I^9*MBH0^(-2) - 1/
         16*Log[MBH0^2]*gBH0qL[f99,f4]*gBH0qL[f95,f6]*yd[f4,f93]*yu[f6,
         f97]*gam[y99,FIVE,mu2,mugam2,y93]*gam[y95,mu2,mugam2,y97]*
         uspin[p2,y97]*uspin[p4,y93]*vbspin[p1,y99]*vbspin[p3,y95]*e_[
         l99,l95]*d_(m99,m93)*d_(m97,m95)*FourPi^(-2)*I^9*MBH0^(-2) - 1/
         16*Log[MBH0^2]*gBH0qL[f99,f4]*gBH0qL[f95,f6]*yd[f4,f93]*yu[f6,
         f97]*gam[y99,mu2,mugam2,y93]*gam[y95,FIVE,mu2,mugam2,y97]*
         uspin[p2,y97]*uspin[p4,y93]*vbspin[p1,y99]*vbspin[p3,y95]*e_[
         l99,l95]*d_(m99,m93)*d_(m97,m95)*FourPi^(-2)*I^9*MBH0^(-2) - 1/
         16*Log[MBH0^2]*gBH0qL[f99,f4]*gBH0qL[f95,f6]*yd[f4,f93]*yu[f6,
         f97]*gam[y99,mu2,mugam2,y93]*gam[y95,mu2,mugam2,y97]*uspin[p2,
         y97]*uspin[p4,y93]*vbspin[p1,y99]*vbspin[p3,y95]*e_[l99,l95]*
         d_(m99,m93)*d_(m97,m95)*FourPi^(-2)*I^9*MBH0^(-2) + 3/32*
         gBH0qL[f99,f2]*gBH0qL[f95,f8]*yd[f8,f93]*yu[f2,f97]*gam[y99,
         FIVE,mu4,mugam2,y97]*gam[y95,FIVE,mu4,mugam2,y93]*uspin[p2,y97
         ]*uspin[p4,y93]*vbspin[p1,y99]*vbspin[p3,y95]*e_[l99,l95]*
         d_(m99,m97)*d_(m95,m93)*FourPi^(-2)*I^9*MBH0^(-2) + 3/32*
         gBH0qL[f99,f2]*gBH0qL[f95,f8]*yd[f8,f93]*yu[f2,f97]*gam[y99,
         FIVE,mu4,mugam2,y97]*gam[y95,mu4,mugam2,y93]*uspin[p2,y97]*
         uspin[p4,y93]*vbspin[p1,y99]*vbspin[p3,y95]*e_[l99,l95]*
         d_(m99,m97)*d_(m95,m93)*FourPi^(-2)*I^9*MBH0^(-2) + 3/32*
         gBH0qL[f99,f2]*gBH0qL[f95,f8]*yd[f8,f93]*yu[f2,f97]*gam[y99,
         mu4,mugam2,y97]*gam[y95,FIVE,mu4,mugam2,y93]*uspin[p2,y97]*
         uspin[p4,y93]*vbspin[p1,y99]*vbspin[p3,y95]*e_[l99,l95]*
         d_(m99,m97)*d_(m95,m93)*FourPi^(-2)*I^9*MBH0^(-2) + 3/32*
         gBH0qL[f99,f2]*gBH0qL[f95,f8]*yd[f8,f93]*yu[f2,f97]*gam[y99,
         mu4,mugam2,y97]*gam[y95,mu4,mugam2,y93]*uspin[p2,y97]*uspin[p4
         ,y93]*vbspin[p1,y99]*vbspin[p3,y95]*e_[l99,l95]*d_(m99,m97)*
         d_(m95,m93)*FourPi^(-2)*I^9*MBH0^(-2) + 3/32*gBH0qL[f99,f4]*
         gBH0qL[f95,f6]*yd[f4,f93]*yu[f6,f97]*gam[y99,FIVE,mu2,mugam2,
         y93]*gam[y95,FIVE,mu2,mugam2,y97]*uspin[p2,y97]*uspin[p4,y93]*
         vbspin[p1,y99]*vbspin[p3,y95]*e_[l99,l95]*d_(m99,m93)*
         d_(m97,m95)*FourPi^(-2)*I^9*MBH0^(-2) + 3/32*gBH0qL[f99,f4]*
         gBH0qL[f95,f6]*yd[f4,f93]*yu[f6,f97]*gam[y99,FIVE,mu2,mugam2,
         y93]*gam[y95,mu2,mugam2,y97]*uspin[p2,y97]*uspin[p4,y93]*
         vbspin[p1,y99]*vbspin[p3,y95]*e_[l99,l95]*d_(m99,m93)*
         d_(m97,m95)*FourPi^(-2)*I^9*MBH0^(-2) + 3/32*gBH0qL[f99,f4]*
         gBH0qL[f95,f6]*yd[f4,f93]*yu[f6,f97]*gam[y99,mu2,mugam2,y93]*
         gam[y95,FIVE,mu2,mugam2,y97]*uspin[p2,y97]*uspin[p4,y93]*
         vbspin[p1,y99]*vbspin[p3,y95]*e_[l99,l95]*d_(m99,m93)*
         d_(m97,m95)*FourPi^(-2)*I^9*MBH0^(-2) + 3/32*gBH0qL[f99,f4]*
         gBH0qL[f95,f6]*yd[f4,f93]*yu[f6,f97]*gam[y99,mu2,mugam2,y93]*
         gam[y95,mu2,mugam2,y97]*uspin[p2,y97]*uspin[p4,y93]*vbspin[p1,
         y99]*vbspin[p3,y95]*e_[l99,l95]*d_(m99,m93)*d_(m97,m95)*
         FourPi^(-2)*I^9*MBH0^(-2);

  0.02 sec out of 0.01 sec
