FORM 4.2.0 (Jul  6 2017, v4.2.0) 64-bits         Run: Mon Mar 12 22:59:35 2018
    * -*-Form-*-
    
    #: Parentheses 2000
    #-

   amplqLbarqLuRbaruR =
       + 1/16*Log[MBH0^2]*gBH0qL[f6,f97]*gBH0qL[f99,f4]*yu[f4,f93]*
         yubar[f6,f95]*gam[y99,FIVE,mu2,mugam2,y93]*gam[y95,FIVE,mugam2
         ,mu2,y97]*uspin[p2,y97]*uspin[p4,y93]*vbspin[p1,y99]*vbspin[p3
         ,y95]*e_[l8,l99]*e_[l8,l97]*d_(m99,m93)*d_(m97,m95)*
         FourPi^(-2)*I^9*MBH0^(-2) - 1/16*Log[MBH0^2]*gBH0qL[f6,f97]*
         gBH0qL[f99,f4]*yu[f4,f93]*yubar[f6,f95]*gam[y99,FIVE,mu2,
         mugam2,y93]*gam[y95,mugam2,mu2,y97]*uspin[p2,y97]*uspin[p4,y93
         ]*vbspin[p1,y99]*vbspin[p3,y95]*e_[l8,l99]*e_[l8,l97]*
         d_(m99,m93)*d_(m97,m95)*FourPi^(-2)*I^9*MBH0^(-2) + 1/16*Log[
         MBH0^2]*gBH0qL[f6,f97]*gBH0qL[f99,f4]*yu[f4,f93]*yubar[f6,f95]
         *gam[y99,mu2,mugam2,y93]*gam[y95,FIVE,mugam2,mu2,y97]*uspin[p2
         ,y97]*uspin[p4,y93]*vbspin[p1,y99]*vbspin[p3,y95]*e_[l8,l99]*
         e_[l8,l97]*d_(m99,m93)*d_(m97,m95)*FourPi^(-2)*I^9*MBH0^(-2)
          - 1/16*Log[MBH0^2]*gBH0qL[f6,f97]*gBH0qL[f99,f4]*yu[f4,f93]*
         yubar[f6,f95]*gam[y99,mu2,mugam2,y93]*gam[y95,mugam2,mu2,y97]*
         uspin[p2,y97]*uspin[p4,y93]*vbspin[p1,y99]*vbspin[p3,y95]*e_[
         l8,l99]*e_[l8,l97]*d_(m99,m93)*d_(m97,m95)*FourPi^(-2)*I^9*
         MBH0^(-2) - 3/32*gBH0qL[f6,f97]*gBH0qL[f99,f4]*yu[f4,f93]*
         yubar[f6,f95]*gam[y99,FIVE,mu2,mugam2,y93]*gam[y95,FIVE,mugam2
         ,mu2,y97]*uspin[p2,y97]*uspin[p4,y93]*vbspin[p1,y99]*vbspin[p3
         ,y95]*e_[l8,l99]*e_[l8,l97]*d_(m99,m93)*d_(m97,m95)*
         FourPi^(-2)*I^9*MBH0^(-2) + 3/32*gBH0qL[f6,f97]*gBH0qL[f99,f4]
         *yu[f4,f93]*yubar[f6,f95]*gam[y99,FIVE,mu2,mugam2,y93]*gam[y95
         ,mugam2,mu2,y97]*uspin[p2,y97]*uspin[p4,y93]*vbspin[p1,y99]*
         vbspin[p3,y95]*e_[l8,l99]*e_[l8,l97]*d_(m99,m93)*d_(m97,m95)*
         FourPi^(-2)*I^9*MBH0^(-2) - 3/32*gBH0qL[f6,f97]*gBH0qL[f99,f4]
         *yu[f4,f93]*yubar[f6,f95]*gam[y99,mu2,mugam2,y93]*gam[y95,FIVE
         ,mugam2,mu2,y97]*uspin[p2,y97]*uspin[p4,y93]*vbspin[p1,y99]*
         vbspin[p3,y95]*e_[l8,l99]*e_[l8,l97]*d_(m99,m93)*d_(m97,m95)*
         FourPi^(-2)*I^9*MBH0^(-2) + 3/32*gBH0qL[f6,f97]*gBH0qL[f99,f4]
         *yu[f4,f93]*yubar[f6,f95]*gam[y99,mu2,mugam2,y93]*gam[y95,
         mugam2,mu2,y97]*uspin[p2,y97]*uspin[p4,y93]*vbspin[p1,y99]*
         vbspin[p3,y95]*e_[l8,l99]*e_[l8,l97]*d_(m99,m93)*d_(m97,m95)*
         FourPi^(-2)*I^9*MBH0^(-2);

  0.01 sec out of 0.00 sec
