FORM 4.2.0 (Jul  6 2017, v4.2.0) 64-bits         Run: Mon Mar 12 22:59:32 2018
    * -*-Form-*-
    
    #: Parentheses 2000
    #-

   amplqLbarqLG =
       + sSS^2 * (  - 1/6*Log[MBH0^2]*gBH0qL[f6,f97]*gBH0qL[f99,f6]*T[
         a95,m99,m97]*gam[y99,FIVE,p1,p1,pol3,y97]*uspin[p2,y97]*
         vbspin[p1,y99]*d_(l99,l97)*FourPi^(-2)*I^7*gs*MBH0^(-2) - 1/6*
         Log[MBH0^2]*gBH0qL[f6,f97]*gBH0qL[f99,f6]*T[a95,m99,m97]*gam[
         y99,FIVE,p1,p2,pol3,y97]*uspin[p2,y97]*vbspin[p1,y99]*
         d_(l99,l97)*FourPi^(-2)*I^7*gs*MBH0^(-2) - 1/6*Log[MBH0^2]*
         gBH0qL[f6,f97]*gBH0qL[f99,f6]*T[a95,m99,m97]*gam[y99,FIVE,p1,
         pol3,p1,y97]*uspin[p2,y97]*vbspin[p1,y99]*d_(l99,l97)*
         FourPi^(-2)*I^7*gs*MBH0^(-2) - 1/6*Log[MBH0^2]*gBH0qL[f6,f97]*
         gBH0qL[f99,f6]*T[a95,m99,m97]*gam[y99,FIVE,p1,pol3,p2,y97]*
         uspin[p2,y97]*vbspin[p1,y99]*d_(l99,l97)*FourPi^(-2)*I^7*gs*
         MBH0^(-2) - 1/6*Log[MBH0^2]*gBH0qL[f6,f97]*gBH0qL[f99,f6]*T[
         a95,m99,m97]*gam[y99,FIVE,p2,p1,pol3,y97]*uspin[p2,y97]*
         vbspin[p1,y99]*d_(l99,l97)*FourPi^(-2)*I^7*gs*MBH0^(-2) - 1/6*
         Log[MBH0^2]*gBH0qL[f6,f97]*gBH0qL[f99,f6]*T[a95,m99,m97]*gam[
         y99,FIVE,p2,p2,pol3,y97]*uspin[p2,y97]*vbspin[p1,y99]*
         d_(l99,l97)*FourPi^(-2)*I^7*gs*MBH0^(-2) - 1/6*Log[MBH0^2]*
         gBH0qL[f6,f97]*gBH0qL[f99,f6]*T[a95,m99,m97]*gam[y99,FIVE,p2,
         pol3,p1,y97]*uspin[p2,y97]*vbspin[p1,y99]*d_(l99,l97)*
         FourPi^(-2)*I^7*gs*MBH0^(-2) - 1/6*Log[MBH0^2]*gBH0qL[f6,f97]*
         gBH0qL[f99,f6]*T[a95,m99,m97]*gam[y99,FIVE,p2,pol3,p2,y97]*
         uspin[p2,y97]*vbspin[p1,y99]*d_(l99,l97)*FourPi^(-2)*I^7*gs*
         MBH0^(-2) + 1/6*Log[MBH0^2]*gBH0qL[f6,f97]*gBH0qL[f99,f6]*T[
         a95,m99,m97]*gam[y99,FIVE,pol3,p1,p1,y97]*uspin[p2,y97]*
         vbspin[p1,y99]*d_(l99,l97)*FourPi^(-2)*I^7*gs*MBH0^(-2) + 1/6*
         Log[MBH0^2]*gBH0qL[f6,f97]*gBH0qL[f99,f6]*T[a95,m99,m97]*gam[
         y99,FIVE,pol3,p1,p2,y97]*uspin[p2,y97]*vbspin[p1,y99]*
         d_(l99,l97)*FourPi^(-2)*I^7*gs*MBH0^(-2) + 1/6*Log[MBH0^2]*
         gBH0qL[f6,f97]*gBH0qL[f99,f6]*T[a95,m99,m97]*gam[y99,FIVE,pol3
         ,p2,p1,y97]*uspin[p2,y97]*vbspin[p1,y99]*d_(l99,l97)*
         FourPi^(-2)*I^7*gs*MBH0^(-2) + 1/6*Log[MBH0^2]*gBH0qL[f6,f97]*
         gBH0qL[f99,f6]*T[a95,m99,m97]*gam[y99,FIVE,pol3,p2,p2,y97]*
         uspin[p2,y97]*vbspin[p1,y99]*d_(l99,l97)*FourPi^(-2)*I^7*gs*
         MBH0^(-2) + 1/6*Log[MBH0^2]*gBH0qL[f6,f97]*gBH0qL[f99,f6]*T[
         a95,m99,m97]*gam[y99,FIVE,pol3,y97]*uspin[p2,y97]*vbspin[p1,
         y99]*d_(l99,l97)*p1.p1*FourPi^(-2)*I^7*gs*MBH0^(-2) + 1/3*Log[
         MBH0^2]*gBH0qL[f6,f97]*gBH0qL[f99,f6]*T[a95,m99,m97]*gam[y99,
         FIVE,pol3,y97]*uspin[p2,y97]*vbspin[p1,y99]*d_(l99,l97)*p1.p2*
         FourPi^(-2)*I^7*gs*MBH0^(-2) + 1/6*Log[MBH0^2]*gBH0qL[f6,f97]*
         gBH0qL[f99,f6]*T[a95,m99,m97]*gam[y99,FIVE,pol3,y97]*uspin[p2,
         y97]*vbspin[p1,y99]*d_(l99,l97)*p2.p2*FourPi^(-2)*I^7*gs*
         MBH0^(-2) - 1/6*Log[MBH0^2]*gBH0qL[f6,f97]*gBH0qL[f99,f6]*T[
         a95,m99,m97]*gam[y99,p1,p1,pol3,y97]*uspin[p2,y97]*vbspin[p1,
         y99]*d_(l99,l97)*FourPi^(-2)*I^7*gs*MBH0^(-2) - 1/6*Log[MBH0^2
         ]*gBH0qL[f6,f97]*gBH0qL[f99,f6]*T[a95,m99,m97]*gam[y99,p1,p2,
         pol3,y97]*uspin[p2,y97]*vbspin[p1,y99]*d_(l99,l97)*FourPi^(-2)
         *I^7*gs*MBH0^(-2) - 1/6*Log[MBH0^2]*gBH0qL[f6,f97]*gBH0qL[f99,
         f6]*T[a95,m99,m97]*gam[y99,p1,pol3,p1,y97]*uspin[p2,y97]*
         vbspin[p1,y99]*d_(l99,l97)*FourPi^(-2)*I^7*gs*MBH0^(-2) - 1/6*
         Log[MBH0^2]*gBH0qL[f6,f97]*gBH0qL[f99,f6]*T[a95,m99,m97]*gam[
         y99,p1,pol3,p2,y97]*uspin[p2,y97]*vbspin[p1,y99]*d_(l99,l97)*
         FourPi^(-2)*I^7*gs*MBH0^(-2) - 1/6*Log[MBH0^2]*gBH0qL[f6,f97]*
         gBH0qL[f99,f6]*T[a95,m99,m97]*gam[y99,p2,p1,pol3,y97]*uspin[p2
         ,y97]*vbspin[p1,y99]*d_(l99,l97)*FourPi^(-2)*I^7*gs*MBH0^(-2)
          - 1/6*Log[MBH0^2]*gBH0qL[f6,f97]*gBH0qL[f99,f6]*T[a95,m99,m97
         ]*gam[y99,p2,p2,pol3,y97]*uspin[p2,y97]*vbspin[p1,y99]*
         d_(l99,l97)*FourPi^(-2)*I^7*gs*MBH0^(-2) - 1/6*Log[MBH0^2]*
         gBH0qL[f6,f97]*gBH0qL[f99,f6]*T[a95,m99,m97]*gam[y99,p2,pol3,
         p1,y97]*uspin[p2,y97]*vbspin[p1,y99]*d_(l99,l97)*FourPi^(-2)*
         I^7*gs*MBH0^(-2) - 1/6*Log[MBH0^2]*gBH0qL[f6,f97]*gBH0qL[f99,
         f6]*T[a95,m99,m97]*gam[y99,p2,pol3,p2,y97]*uspin[p2,y97]*
         vbspin[p1,y99]*d_(l99,l97)*FourPi^(-2)*I^7*gs*MBH0^(-2) + 1/6*
         Log[MBH0^2]*gBH0qL[f6,f97]*gBH0qL[f99,f6]*T[a95,m99,m97]*gam[
         y99,pol3,p1,p1,y97]*uspin[p2,y97]*vbspin[p1,y99]*d_(l99,l97)*
         FourPi^(-2)*I^7*gs*MBH0^(-2) + 1/6*Log[MBH0^2]*gBH0qL[f6,f97]*
         gBH0qL[f99,f6]*T[a95,m99,m97]*gam[y99,pol3,p1,p2,y97]*uspin[p2
         ,y97]*vbspin[p1,y99]*d_(l99,l97)*FourPi^(-2)*I^7*gs*MBH0^(-2)
          + 1/6*Log[MBH0^2]*gBH0qL[f6,f97]*gBH0qL[f99,f6]*T[a95,m99,m97
         ]*gam[y99,pol3,p2,p1,y97]*uspin[p2,y97]*vbspin[p1,y99]*
         d_(l99,l97)*FourPi^(-2)*I^7*gs*MBH0^(-2) + 1/6*Log[MBH0^2]*
         gBH0qL[f6,f97]*gBH0qL[f99,f6]*T[a95,m99,m97]*gam[y99,pol3,p2,
         p2,y97]*uspin[p2,y97]*vbspin[p1,y99]*d_(l99,l97)*FourPi^(-2)*
         I^7*gs*MBH0^(-2) + 1/6*Log[MBH0^2]*gBH0qL[f6,f97]*gBH0qL[f99,
         f6]*T[a95,m99,m97]*gam[y99,pol3,y97]*uspin[p2,y97]*vbspin[p1,
         y99]*d_(l99,l97)*p1.p1*FourPi^(-2)*I^7*gs*MBH0^(-2) + 1/3*Log[
         MBH0^2]*gBH0qL[f6,f97]*gBH0qL[f99,f6]*T[a95,m99,m97]*gam[y99,
         pol3,y97]*uspin[p2,y97]*vbspin[p1,y99]*d_(l99,l97)*p1.p2*
         FourPi^(-2)*I^7*gs*MBH0^(-2) + 1/6*Log[MBH0^2]*gBH0qL[f6,f97]*
         gBH0qL[f99,f6]*T[a95,m99,m97]*gam[y99,pol3,y97]*uspin[p2,y97]*
         vbspin[p1,y99]*d_(l99,l97)*p2.p2*FourPi^(-2)*I^7*gs*MBH0^(-2)
          + 5/36*gBH0qL[f6,f97]*gBH0qL[f99,f6]*T[a95,m99,m97]*gam[y99,
         FIVE,p1,p1,pol3,y97]*uspin[p2,y97]*vbspin[p1,y99]*d_(l99,l97)*
         FourPi^(-2)*I^7*gs*MBH0^(-2) - 7/36*gBH0qL[f6,f97]*gBH0qL[f99,
         f6]*T[a95,m99,m97]*gam[y99,FIVE,p1,p2,pol3,y97]*uspin[p2,y97]*
         vbspin[p1,y99]*d_(l99,l97)*FourPi^(-2)*I^7*gs*MBH0^(-2) - 1/36
         *gBH0qL[f6,f97]*gBH0qL[f99,f6]*T[a95,m99,m97]*gam[y99,FIVE,p1,
         pol3,p1,y97]*uspin[p2,y97]*vbspin[p1,y99]*d_(l99,l97)*
         FourPi^(-2)*I^7*gs*MBH0^(-2) - 13/36*gBH0qL[f6,f97]*gBH0qL[f99
         ,f6]*T[a95,m99,m97]*gam[y99,FIVE,p1,pol3,p2,y97]*uspin[p2,y97]
         *vbspin[p1,y99]*d_(l99,l97)*FourPi^(-2)*I^7*gs*MBH0^(-2) + 11/
         36*gBH0qL[f6,f97]*gBH0qL[f99,f6]*T[a95,m99,m97]*gam[y99,FIVE,
         p2,p1,pol3,y97]*uspin[p2,y97]*vbspin[p1,y99]*d_(l99,l97)*
         FourPi^(-2)*I^7*gs*MBH0^(-2) + 5/36*gBH0qL[f6,f97]*gBH0qL[f99,
         f6]*T[a95,m99,m97]*gam[y99,FIVE,p2,p2,pol3,y97]*uspin[p2,y97]*
         vbspin[p1,y99]*d_(l99,l97)*FourPi^(-2)*I^7*gs*MBH0^(-2) + 5/36
         *gBH0qL[f6,f97]*gBH0qL[f99,f6]*T[a95,m99,m97]*gam[y99,FIVE,p2,
         pol3,p1,y97]*uspin[p2,y97]*vbspin[p1,y99]*d_(l99,l97)*
         FourPi^(-2)*I^7*gs*MBH0^(-2) - 1/36*gBH0qL[f6,f97]*gBH0qL[f99,
         f6]*T[a95,m99,m97]*gam[y99,FIVE,p2,pol3,p2,y97]*uspin[p2,y97]*
         vbspin[p1,y99]*d_(l99,l97)*FourPi^(-2)*I^7*gs*MBH0^(-2) - 5/36
         *gBH0qL[f6,f97]*gBH0qL[f99,f6]*T[a95,m99,m97]*gam[y99,FIVE,
         pol3,p1,p1,y97]*uspin[p2,y97]*vbspin[p1,y99]*d_(l99,l97)*
         FourPi^(-2)*I^7*gs*MBH0^(-2) - 11/36*gBH0qL[f6,f97]*gBH0qL[f99
         ,f6]*T[a95,m99,m97]*gam[y99,FIVE,pol3,p1,p2,y97]*uspin[p2,y97]
         *vbspin[p1,y99]*d_(l99,l97)*FourPi^(-2)*I^7*gs*MBH0^(-2) + 7/
         36*gBH0qL[f6,f97]*gBH0qL[f99,f6]*T[a95,m99,m97]*gam[y99,FIVE,
         pol3,p2,p1,y97]*uspin[p2,y97]*vbspin[p1,y99]*d_(l99,l97)*
         FourPi^(-2)*I^7*gs*MBH0^(-2) - 5/36*gBH0qL[f6,f97]*gBH0qL[f99,
         f6]*T[a95,m99,m97]*gam[y99,FIVE,pol3,p2,p2,y97]*uspin[p2,y97]*
         vbspin[p1,y99]*d_(l99,l97)*FourPi^(-2)*I^7*gs*MBH0^(-2) + 7/36
         *gBH0qL[f6,f97]*gBH0qL[f99,f6]*T[a95,m99,m97]*gam[y99,FIVE,
         pol3,y97]*uspin[p2,y97]*vbspin[p1,y99]*d_(l99,l97)*p1.p1*
         FourPi^(-2)*I^7*gs*MBH0^(-2) + 1/18*gBH0qL[f6,f97]*gBH0qL[f99,
         f6]*T[a95,m99,m97]*gam[y99,FIVE,pol3,y97]*uspin[p2,y97]*
         vbspin[p1,y99]*d_(l99,l97)*p1.p2*FourPi^(-2)*I^7*gs*MBH0^(-2)
          + 7/36*gBH0qL[f6,f97]*gBH0qL[f99,f6]*T[a95,m99,m97]*gam[y99,
         FIVE,pol3,y97]*uspin[p2,y97]*vbspin[p1,y99]*d_(l99,l97)*p2.p2*
         FourPi^(-2)*I^7*gs*MBH0^(-2) + 5/36*gBH0qL[f6,f97]*gBH0qL[f99,
         f6]*T[a95,m99,m97]*gam[y99,p1,p1,pol3,y97]*uspin[p2,y97]*
         vbspin[p1,y99]*d_(l99,l97)*FourPi^(-2)*I^7*gs*MBH0^(-2) - 7/36
         *gBH0qL[f6,f97]*gBH0qL[f99,f6]*T[a95,m99,m97]*gam[y99,p1,p2,
         pol3,y97]*uspin[p2,y97]*vbspin[p1,y99]*d_(l99,l97)*FourPi^(-2)
         *I^7*gs*MBH0^(-2) - 1/36*gBH0qL[f6,f97]*gBH0qL[f99,f6]*T[a95,
         m99,m97]*gam[y99,p1,pol3,p1,y97]*uspin[p2,y97]*vbspin[p1,y99]*
         d_(l99,l97)*FourPi^(-2)*I^7*gs*MBH0^(-2) - 13/36*gBH0qL[f6,f97
         ]*gBH0qL[f99,f6]*T[a95,m99,m97]*gam[y99,p1,pol3,p2,y97]*uspin[
         p2,y97]*vbspin[p1,y99]*d_(l99,l97)*FourPi^(-2)*I^7*gs*
         MBH0^(-2) + 11/36*gBH0qL[f6,f97]*gBH0qL[f99,f6]*T[a95,m99,m97]
         *gam[y99,p2,p1,pol3,y97]*uspin[p2,y97]*vbspin[p1,y99]*
         d_(l99,l97)*FourPi^(-2)*I^7*gs*MBH0^(-2) + 5/36*gBH0qL[f6,f97]
         *gBH0qL[f99,f6]*T[a95,m99,m97]*gam[y99,p2,p2,pol3,y97]*uspin[
         p2,y97]*vbspin[p1,y99]*d_(l99,l97)*FourPi^(-2)*I^7*gs*
         MBH0^(-2) + 5/36*gBH0qL[f6,f97]*gBH0qL[f99,f6]*T[a95,m99,m97]*
         gam[y99,p2,pol3,p1,y97]*uspin[p2,y97]*vbspin[p1,y99]*
         d_(l99,l97)*FourPi^(-2)*I^7*gs*MBH0^(-2) - 1/36*gBH0qL[f6,f97]
         *gBH0qL[f99,f6]*T[a95,m99,m97]*gam[y99,p2,pol3,p2,y97]*uspin[
         p2,y97]*vbspin[p1,y99]*d_(l99,l97)*FourPi^(-2)*I^7*gs*
         MBH0^(-2) - 5/36*gBH0qL[f6,f97]*gBH0qL[f99,f6]*T[a95,m99,m97]*
         gam[y99,pol3,p1,p1,y97]*uspin[p2,y97]*vbspin[p1,y99]*
         d_(l99,l97)*FourPi^(-2)*I^7*gs*MBH0^(-2) - 11/36*gBH0qL[f6,f97
         ]*gBH0qL[f99,f6]*T[a95,m99,m97]*gam[y99,pol3,p1,p2,y97]*uspin[
         p2,y97]*vbspin[p1,y99]*d_(l99,l97)*FourPi^(-2)*I^7*gs*
         MBH0^(-2) + 7/36*gBH0qL[f6,f97]*gBH0qL[f99,f6]*T[a95,m99,m97]*
         gam[y99,pol3,p2,p1,y97]*uspin[p2,y97]*vbspin[p1,y99]*
         d_(l99,l97)*FourPi^(-2)*I^7*gs*MBH0^(-2) - 5/36*gBH0qL[f6,f97]
         *gBH0qL[f99,f6]*T[a95,m99,m97]*gam[y99,pol3,p2,p2,y97]*uspin[
         p2,y97]*vbspin[p1,y99]*d_(l99,l97)*FourPi^(-2)*I^7*gs*
         MBH0^(-2) + 7/36*gBH0qL[f6,f97]*gBH0qL[f99,f6]*T[a95,m99,m97]*
         gam[y99,pol3,y97]*uspin[p2,y97]*vbspin[p1,y99]*d_(l99,l97)*
         p1.p1*FourPi^(-2)*I^7*gs*MBH0^(-2) + 1/18*gBH0qL[f6,f97]*
         gBH0qL[f99,f6]*T[a95,m99,m97]*gam[y99,pol3,y97]*uspin[p2,y97]*
         vbspin[p1,y99]*d_(l99,l97)*p1.p2*FourPi^(-2)*I^7*gs*MBH0^(-2)
          + 7/36*gBH0qL[f6,f97]*gBH0qL[f99,f6]*T[a95,m99,m97]*gam[y99,
         pol3,y97]*uspin[p2,y97]*vbspin[p1,y99]*d_(l99,l97)*p2.p2*
         FourPi^(-2)*I^7*gs*MBH0^(-2) )

       - 1/2*Log[MBH0^2]*gBH0qL[f6,f97]*gBH0qL[f99,f6]*T[a95,m99,m97]*
      gam[y99,FIVE,pol3,y97]*uspin[p2,y97]*vbspin[p1,y99]*d_(l99,l97)*
      FourPi^(-2)*I^7*gs - 1/2*Log[MBH0^2]*gBH0qL[f6,f97]*gBH0qL[f99,f6
         ]*T[a95,m99,m97]*gam[y99,pol3,y97]*uspin[p2,y97]*vbspin[p1,y99
         ]*d_(l99,l97)*FourPi^(-2)*I^7*gs - 1/4*gBH0qL[f6,f97]*gBH0qL[
         f99,f6]*T[a95,m99,m97]*gam[y99,FIVE,pol3,y97]*uspin[p2,y97]*
         vbspin[p1,y99]*d_(l99,l97)*FourPi^(-2)*I^7*gs - 1/4*gBH0qL[f6,
         f97]*gBH0qL[f99,f6]*T[a95,m99,m97]*gam[y99,pol3,y97]*uspin[p2,
         y97]*vbspin[p1,y99]*d_(l99,l97)*FourPi^(-2)*I^7*gs;

  0.04 sec out of 0.03 sec
