FORM 4.2.0 (Jul  6 2017, v4.2.0) 64-bits         Run: Mon Mar 12 22:59:34 2018
    * -*-Form-*-
    
    #: Parentheses 2000
    #-

   amplqLbarqLPhibarPhi =
       + sSS * ( 1/2*Log[MBH0^2]*gBH0qL[f6,f97]*gBH0qL[f99,f4]*yd[f4,f8
         ]*ydbar[f6,f8]*gam[y99,FIVE,p1,y97]*uspin[p2,y97]*vbspin[p1,
         y99]*d_(m99,m97)*d_(l99,l93)*d_(l97,l95)*FourPi^(-2)*I^9*
         MBH0^(-2) + 1/2*Log[MBH0^2]*gBH0qL[f6,f97]*gBH0qL[f99,f4]*yd[
         f4,f8]*ydbar[f6,f8]*gam[y99,FIVE,p2,y97]*uspin[p2,y97]*vbspin[
         p1,y99]*d_(m99,m97)*d_(l99,l93)*d_(l97,l95)*FourPi^(-2)*I^9*
         MBH0^(-2) + Log[MBH0^2]*gBH0qL[f6,f97]*gBH0qL[f99,f4]*yd[f4,f8
         ]*ydbar[f6,f8]*gam[y99,FIVE,p4,y97]*uspin[p2,y97]*vbspin[p1,
         y99]*d_(m99,m97)*d_(l99,l93)*d_(l97,l95)*FourPi^(-2)*I^9*
         MBH0^(-2) + 1/2*Log[MBH0^2]*gBH0qL[f6,f97]*gBH0qL[f99,f4]*yd[
         f4,f8]*ydbar[f6,f8]*gam[y99,p1,y97]*uspin[p2,y97]*vbspin[p1,
         y99]*d_(m99,m97)*d_(l99,l93)*d_(l97,l95)*FourPi^(-2)*I^9*
         MBH0^(-2) + 1/2*Log[MBH0^2]*gBH0qL[f6,f97]*gBH0qL[f99,f4]*yd[
         f4,f8]*ydbar[f6,f8]*gam[y99,p2,y97]*uspin[p2,y97]*vbspin[p1,
         y99]*d_(m99,m97)*d_(l99,l93)*d_(l97,l95)*FourPi^(-2)*I^9*
         MBH0^(-2) + Log[MBH0^2]*gBH0qL[f6,f97]*gBH0qL[f99,f4]*yd[f4,f8
         ]*ydbar[f6,f8]*gam[y99,p4,y97]*uspin[p2,y97]*vbspin[p1,y99]*
         d_(m99,m97)*d_(l99,l93)*d_(l97,l95)*FourPi^(-2)*I^9*MBH0^(-2)
          + 1/2*Log[MBH0^2]*gBH0qL[f6,f97]*gBH0qL[f99,f4]*yu[f4,f8]*
         yubar[f6,f8]*gam[y99,FIVE,p1,y97]*uspin[p2,y97]*vbspin[p1,y99]
         *e_[l99,l95]*e_[l97,l93]*d_(m99,m97)*FourPi^(-2)*I^9*MBH0^(-2)
          + 1/2*Log[MBH0^2]*gBH0qL[f6,f97]*gBH0qL[f99,f4]*yu[f4,f8]*
         yubar[f6,f8]*gam[y99,FIVE,p2,y97]*uspin[p2,y97]*vbspin[p1,y99]
         *e_[l99,l95]*e_[l97,l93]*d_(m99,m97)*FourPi^(-2)*I^9*MBH0^(-2)
          + Log[MBH0^2]*gBH0qL[f6,f97]*gBH0qL[f99,f4]*yu[f4,f8]*yubar[
         f6,f8]*gam[y99,FIVE,p3,y97]*uspin[p2,y97]*vbspin[p1,y99]*e_[
         l99,l95]*e_[l97,l93]*d_(m99,m97)*FourPi^(-2)*I^9*MBH0^(-2) + 1/
         2*Log[MBH0^2]*gBH0qL[f6,f97]*gBH0qL[f99,f4]*yu[f4,f8]*yubar[f6
         ,f8]*gam[y99,p1,y97]*uspin[p2,y97]*vbspin[p1,y99]*e_[l99,l95]*
         e_[l97,l93]*d_(m99,m97)*FourPi^(-2)*I^9*MBH0^(-2) + 1/2*Log[
         MBH0^2]*gBH0qL[f6,f97]*gBH0qL[f99,f4]*yu[f4,f8]*yubar[f6,f8]*
         gam[y99,p2,y97]*uspin[p2,y97]*vbspin[p1,y99]*e_[l99,l95]*e_[
         l97,l93]*d_(m99,m97)*FourPi^(-2)*I^9*MBH0^(-2) + Log[MBH0^2]*
         gBH0qL[f6,f97]*gBH0qL[f99,f4]*yu[f4,f8]*yubar[f6,f8]*gam[y99,
         p3,y97]*uspin[p2,y97]*vbspin[p1,y99]*e_[l99,l95]*e_[l97,l93]*
         d_(m99,m97)*FourPi^(-2)*I^9*MBH0^(-2) - 1/4*gBH0qL[f6,f97]*
         gBH0qL[f99,f4]*yd[f4,f8]*ydbar[f6,f8]*gam[y99,FIVE,p1,y97]*
         uspin[p2,y97]*vbspin[p1,y99]*d_(m99,m97)*d_(l99,l93)*
         d_(l97,l95)*FourPi^(-2)*I^9*MBH0^(-2) + 1/4*gBH0qL[f6,f97]*
         gBH0qL[f99,f4]*yd[f4,f8]*ydbar[f6,f8]*gam[y99,FIVE,p2,y97]*
         uspin[p2,y97]*vbspin[p1,y99]*d_(m99,m97)*d_(l99,l93)*
         d_(l97,l95)*FourPi^(-2)*I^9*MBH0^(-2) - 1/4*gBH0qL[f6,f97]*
         gBH0qL[f99,f4]*yd[f4,f8]*ydbar[f6,f8]*gam[y99,p1,y97]*uspin[p2
         ,y97]*vbspin[p1,y99]*d_(m99,m97)*d_(l99,l93)*d_(l97,l95)*
         FourPi^(-2)*I^9*MBH0^(-2) + 1/4*gBH0qL[f6,f97]*gBH0qL[f99,f4]*
         yd[f4,f8]*ydbar[f6,f8]*gam[y99,p2,y97]*uspin[p2,y97]*vbspin[p1
         ,y99]*d_(m99,m97)*d_(l99,l93)*d_(l97,l95)*FourPi^(-2)*I^9*
         MBH0^(-2) - 1/4*gBH0qL[f6,f97]*gBH0qL[f99,f4]*yu[f4,f8]*yubar[
         f6,f8]*gam[y99,FIVE,p1,y97]*uspin[p2,y97]*vbspin[p1,y99]*e_[
         l99,l95]*e_[l97,l93]*d_(m99,m97)*FourPi^(-2)*I^9*MBH0^(-2) + 1/
         4*gBH0qL[f6,f97]*gBH0qL[f99,f4]*yu[f4,f8]*yubar[f6,f8]*gam[y99
         ,FIVE,p2,y97]*uspin[p2,y97]*vbspin[p1,y99]*e_[l99,l95]*e_[l97,
         l93]*d_(m99,m97)*FourPi^(-2)*I^9*MBH0^(-2) - 1/4*gBH0qL[f6,f97
         ]*gBH0qL[f99,f4]*yu[f4,f8]*yubar[f6,f8]*gam[y99,p1,y97]*uspin[
         p2,y97]*vbspin[p1,y99]*e_[l99,l95]*e_[l97,l93]*d_(m99,m97)*
         FourPi^(-2)*I^9*MBH0^(-2) + 1/4*gBH0qL[f6,f97]*gBH0qL[f99,f4]*
         yu[f4,f8]*yubar[f6,f8]*gam[y99,p2,y97]*uspin[p2,y97]*vbspin[p1
         ,y99]*e_[l99,l95]*e_[l97,l93]*d_(m99,m97)*FourPi^(-2)*I^9*
         MBH0^(-2) );

  0.04 sec out of 0.03 sec
