FORM 4.2.0 (Jul  6 2017, v4.2.0) 64-bits         Run: Wed Mar  7 01:44:37 2018
    * -*-Form-*-
    
    #: Parentheses 2000
    #-

   amplqLbaruRGPhibar =
       + sSS * (  - 1/2*alphaE07[f99,f97]*T[a95,m99,m97]*gam[y99,FIVE,
         mumubeta1,mumualpha1,y97]*uspin[p2,y97]*vbspin[p1,y99]*e_[l99,
         l93]*e_[p3,pol3,mumubeta1,mumualpha1]*I + 1/2*alphaE07[f99,f97
         ]*T[a95,m99,m97]*gam[y99,FIVE,mumualpha1,mumubeta1,y97]*uspin[
         p2,y97]*vbspin[p1,y99]*e_[l99,l93]*e_[p3,pol3,mumubeta1,
         mumualpha1]*I - 1/2*alphaE07[f99,f97]*T[a95,m99,m97]*gam[y99,
         mumubeta1,mumualpha1,y97]*uspin[p2,y97]*vbspin[p1,y99]*e_[l99,
         l93]*e_[p3,pol3,mumubeta1,mumualpha1]*I + 1/2*alphaE07[f99,f97
         ]*T[a95,m99,m97]*gam[y99,mumualpha1,mumubeta1,y97]*uspin[p2,
         y97]*vbspin[p1,y99]*e_[l99,l93]*e_[p3,pol3,mumubeta1,
         mumualpha1]*I + 1/4*alphaE10[f99,f97]*T[a95,m99,m97]*gam[y99,
         FIVE,mumubeta1,mumualpha1,y97]*uspin[p2,y97]*vbspin[p1,y99]*
         e_[l99,l93]*e_[p4,pol3,mumubeta1,mumualpha1]*gs - 1/4*
         alphaE10[f99,f97]*T[a95,m99,m97]*gam[y99,FIVE,mumualpha1,
         mumubeta1,y97]*uspin[p2,y97]*vbspin[p1,y99]*e_[l99,l93]*e_[p4,
         pol3,mumubeta1,mumualpha1]*gs + 1/4*alphaE10[f99,f97]*T[a95,
         m99,m97]*gam[y99,mumubeta1,mumualpha1,y97]*uspin[p2,y97]*
         vbspin[p1,y99]*e_[l99,l93]*e_[p4,pol3,mumubeta1,mumualpha1]*gs
          - 1/4*alphaE10[f99,f97]*T[a95,m99,m97]*gam[y99,mumualpha1,
         mumubeta1,y97]*uspin[p2,y97]*vbspin[p1,y99]*e_[l99,l93]*e_[p4,
         pol3,mumubeta1,mumualpha1]*gs - alphaO33[f99,f97]*T[a95,m99,
         m97]*gam[y99,FIVE,p3,pol3,y97]*uspin[p2,y97]*vbspin[p1,y99]*
         e_[l99,l93]*I + alphaO33[f99,f97]*T[a95,m99,m97]*gam[y99,FIVE,
         pol3,p3,y97]*uspin[p2,y97]*vbspin[p1,y99]*e_[l99,l93]*I - 
         alphaO33[f99,f97]*T[a95,m99,m97]*gam[y99,p3,pol3,y97]*uspin[p2
         ,y97]*vbspin[p1,y99]*e_[l99,l93]*I + alphaO33[f99,f97]*T[a95,
         m99,m97]*gam[y99,pol3,p3,y97]*uspin[p2,y97]*vbspin[p1,y99]*e_[
         l99,l93]*I + alphaR19[f99,f97]*T[a95,m99,m97]*gam[y99,FIVE,y97
         ]*uspin[p2,y97]*vbspin[p1,y99]*e_[l99,l93]*p2.pol3*I*gs + 1/2*
         alphaR19[f99,f97]*T[a95,m99,m97]*gam[y99,FIVE,y97]*uspin[p2,
         y97]*vbspin[p1,y99]*e_[l99,l93]*p3.pol3*I*gs + alphaR19[f99,
         f97]*T[a95,m99,m97]*gam[y99,y97]*uspin[p2,y97]*vbspin[p1,y99]*
         e_[l99,l93]*p2.pol3*I*gs + 1/2*alphaR19[f99,f97]*T[a95,m99,m97
         ]*gam[y99,y97]*uspin[p2,y97]*vbspin[p1,y99]*e_[l99,l93]*
         p3.pol3*I*gs + 1/2*alphaR22[f99,f97]*T[a95,m99,m97]*gam[y99,
         FIVE,y97]*uspin[p2,y97]*vbspin[p1,y99]*e_[l99,l93]*p4.pol3*I*
         gs + 1/2*alphaR22[f99,f97]*T[a95,m99,m97]*gam[y99,y97]*uspin[
         p2,y97]*vbspin[p1,y99]*e_[l99,l93]*p4.pol3*I*gs + 1/4*
         alphaR25[f99,f97]*T[a95,m99,m97]*gam[y99,FIVE,p4,pol3,y97]*
         uspin[p2,y97]*vbspin[p1,y99]*e_[l99,l93]*gs - 1/4*alphaR25[f99
         ,f97]*T[a95,m99,m97]*gam[y99,FIVE,pol3,p4,y97]*uspin[p2,y97]*
         vbspin[p1,y99]*e_[l99,l93]*gs + 1/4*alphaR25[f99,f97]*T[a95,
         m99,m97]*gam[y99,p4,pol3,y97]*uspin[p2,y97]*vbspin[p1,y99]*e_[
         l99,l93]*gs - 1/4*alphaR25[f99,f97]*T[a95,m99,m97]*gam[y99,
         pol3,p4,y97]*uspin[p2,y97]*vbspin[p1,y99]*e_[l99,l93]*gs );

  0.01 sec out of 0.01 sec
