FORM 4.2.0 (Jul  6 2017, v4.2.0) 64-bits         Run: Wed Mar  7 01:44:37 2018
    * -*-Form-*-
    
    #: Parentheses 2000
    #-

   amplqLbaruRWiPhibar =
       + sSS * (  - 1/2*alphaE05[f99,f97]*Ta[n95,l99,lminus901]*gam[y99
         ,FIVE,mumubeta1,mumualpha1,y97]*uspin[p2,y97]*vbspin[p1,y99]*
         e_[lminus901,l93]*e_[p3,pol3,mumubeta1,mumualpha1]*d_(m99,m97)
         *I + 1/2*alphaE05[f99,f97]*Ta[n95,l99,lminus901]*gam[y99,FIVE,
         mumualpha1,mumubeta1,y97]*uspin[p2,y97]*vbspin[p1,y99]*e_[
         lminus901,l93]*e_[p3,pol3,mumubeta1,mumualpha1]*d_(m99,m97)*I
          - 1/2*alphaE05[f99,f97]*Ta[n95,l99,lminus901]*gam[y99,
         mumubeta1,mumualpha1,y97]*uspin[p2,y97]*vbspin[p1,y99]*e_[
         lminus901,l93]*e_[p3,pol3,mumubeta1,mumualpha1]*d_(m99,m97)*I
          + 1/2*alphaE05[f99,f97]*Ta[n95,l99,lminus901]*gam[y99,
         mumualpha1,mumubeta1,y97]*uspin[p2,y97]*vbspin[p1,y99]*e_[
         lminus901,l93]*e_[p3,pol3,mumubeta1,mumualpha1]*d_(m99,m97)*I
          + 1/4*alphaE10[f99,f97]*Ta[n95,l93,lminus901]*gam[y99,FIVE,
         mumubeta1,mumualpha1,y97]*uspin[p2,y97]*vbspin[p1,y99]*e_[l99,
         lminus901]*e_[p2,pol3,mumubeta1,mumualpha1]*d_(m99,m97)*gw - 1/
         4*alphaE10[f99,f97]*Ta[n95,l93,lminus901]*gam[y99,FIVE,
         mumualpha1,mumubeta1,y97]*uspin[p2,y97]*vbspin[p1,y99]*e_[l99,
         lminus901]*e_[p2,pol3,mumubeta1,mumualpha1]*d_(m99,m97)*gw + 1/
         4*alphaE10[f99,f97]*Ta[n95,l93,lminus901]*gam[y99,mumubeta1,
         mumualpha1,y97]*uspin[p2,y97]*vbspin[p1,y99]*e_[l99,lminus901]
         *e_[p2,pol3,mumubeta1,mumualpha1]*d_(m99,m97)*gw - 1/4*
         alphaE10[f99,f97]*Ta[n95,l93,lminus901]*gam[y99,mumualpha1,
         mumubeta1,y97]*uspin[p2,y97]*vbspin[p1,y99]*e_[l99,lminus901]*
         e_[p2,pol3,mumubeta1,mumualpha1]*d_(m99,m97)*gw - alphaO31[f99
         ,f97]*Ta[n95,l99,lminus901]*gam[y99,FIVE,p3,pol3,y97]*uspin[p2
         ,y97]*vbspin[p1,y99]*e_[lminus901,l93]*d_(m99,m97)*I + 
         alphaO31[f99,f97]*Ta[n95,l99,lminus901]*gam[y99,FIVE,pol3,p3,
         y97]*uspin[p2,y97]*vbspin[p1,y99]*e_[lminus901,l93]*
         d_(m99,m97)*I - alphaO31[f99,f97]*Ta[n95,l99,lminus901]*gam[
         y99,p3,pol3,y97]*uspin[p2,y97]*vbspin[p1,y99]*e_[lminus901,l93
         ]*d_(m99,m97)*I + alphaO31[f99,f97]*Ta[n95,l99,lminus901]*gam[
         y99,pol3,p3,y97]*uspin[p2,y97]*vbspin[p1,y99]*e_[lminus901,l93
         ]*d_(m99,m97)*I - 1/2*alphaR16[f99,f97]*Ta[n95,l93,lminus901]*
         gam[y99,FIVE,y97]*uspin[p2,y97]*vbspin[p1,y99]*e_[l99,
         lminus901]*d_(m99,m97)*p3.pol3*I*gw - alphaR16[f99,f97]*Ta[n95
         ,l93,lminus901]*gam[y99,FIVE,y97]*uspin[p2,y97]*vbspin[p1,y99]
         *e_[l99,lminus901]*d_(m99,m97)*p4.pol3*I*gw - 1/2*alphaR16[f99
         ,f97]*Ta[n95,l93,lminus901]*gam[y99,y97]*uspin[p2,y97]*vbspin[
         p1,y99]*e_[l99,lminus901]*d_(m99,m97)*p3.pol3*I*gw - alphaR16[
         f99,f97]*Ta[n95,l93,lminus901]*gam[y99,y97]*uspin[p2,y97]*
         vbspin[p1,y99]*e_[l99,lminus901]*d_(m99,m97)*p4.pol3*I*gw - 1/
         2*alphaR22[f99,f97]*Ta[n95,l93,lminus901]*gam[y99,FIVE,y97]*
         uspin[p2,y97]*vbspin[p1,y99]*e_[l99,lminus901]*d_(m99,m97)*
         p2.pol3*I*gw - 1/2*alphaR22[f99,f97]*Ta[n95,l93,lminus901]*
         gam[y99,y97]*uspin[p2,y97]*vbspin[p1,y99]*e_[l99,lminus901]*
         d_(m99,m97)*p2.pol3*I*gw + 1/4*alphaR25[f99,f97]*Ta[n95,l93,
         lminus901]*gam[y99,FIVE,p2,pol3,y97]*uspin[p2,y97]*vbspin[p1,
         y99]*e_[l99,lminus901]*d_(m99,m97)*gw - 1/4*alphaR25[f99,f97]*
         Ta[n95,l93,lminus901]*gam[y99,FIVE,pol3,p2,y97]*uspin[p2,y97]*
         vbspin[p1,y99]*e_[l99,lminus901]*d_(m99,m97)*gw + 1/4*
         alphaR25[f99,f97]*Ta[n95,l93,lminus901]*gam[y99,p2,pol3,y97]*
         uspin[p2,y97]*vbspin[p1,y99]*e_[l99,lminus901]*d_(m99,m97)*gw
          - 1/4*alphaR25[f99,f97]*Ta[n95,l93,lminus901]*gam[y99,pol3,p2
         ,y97]*uspin[p2,y97]*vbspin[p1,y99]*e_[l99,lminus901]*
         d_(m99,m97)*gw );

  0.02 sec out of 0.01 sec
