FORM 4.2.0 (Jul  6 2017, v4.2.0) 64-bits         Run: Wed Mar  7 01:44:37 2018
    * -*-Form-*-
    
    #: Parentheses 2000
    #-

   amplqLbaruRBPhibar =
       + sSS * (  - 1/4*alphaE02[f99,f97]*gam[y99,FIVE,mumuminus901,
         mumuminus902,y97]*uspin[p2,y97]*vbspin[p1,y99]*e_[l99,l93]*e_[
         p3,pol3,mumuminus901,mumuminus902]*d_(m99,m97)*I + 1/4*
         alphaE02[f99,f97]*gam[y99,FIVE,mumuminus902,mumuminus901,y97]*
         uspin[p2,y97]*vbspin[p1,y99]*e_[l99,l93]*e_[p3,pol3,
         mumuminus901,mumuminus902]*d_(m99,m97)*I - 1/4*alphaE02[f99,
         f97]*gam[y99,mumuminus901,mumuminus902,y97]*uspin[p2,y97]*
         vbspin[p1,y99]*e_[l99,l93]*e_[p3,pol3,mumuminus901,
         mumuminus902]*d_(m99,m97)*I + 1/4*alphaE02[f99,f97]*gam[y99,
         mumuminus902,mumuminus901,y97]*uspin[p2,y97]*vbspin[p1,y99]*
         e_[l99,l93]*e_[p3,pol3,mumuminus901,mumuminus902]*d_(m99,m97)*
         I + 1/8*alphaE10[f99,f97]*gam[y99,FIVE,mumuminus901,
         mumuminus902,y97]*uspin[p2,y97]*vbspin[p1,y99]*e_[l99,l93]*e_[
         p2,pol3,mumuminus901,mumuminus902]*d_(m99,m97)*g1 + 1/6*
         alphaE10[f99,f97]*gam[y99,FIVE,mumuminus901,mumuminus902,y97]*
         uspin[p2,y97]*vbspin[p1,y99]*e_[l99,l93]*e_[p4,pol3,
         mumuminus901,mumuminus902]*d_(m99,m97)*g1 - 1/8*alphaE10[f99,
         f97]*gam[y99,FIVE,mumuminus902,mumuminus901,y97]*uspin[p2,y97]
         *vbspin[p1,y99]*e_[l99,l93]*e_[p2,pol3,mumuminus901,
         mumuminus902]*d_(m99,m97)*g1 - 1/6*alphaE10[f99,f97]*gam[y99,
         FIVE,mumuminus902,mumuminus901,y97]*uspin[p2,y97]*vbspin[p1,
         y99]*e_[l99,l93]*e_[p4,pol3,mumuminus901,mumuminus902]*
         d_(m99,m97)*g1 + 1/8*alphaE10[f99,f97]*gam[y99,mumuminus901,
         mumuminus902,y97]*uspin[p2,y97]*vbspin[p1,y99]*e_[l99,l93]*e_[
         p2,pol3,mumuminus901,mumuminus902]*d_(m99,m97)*g1 + 1/6*
         alphaE10[f99,f97]*gam[y99,mumuminus901,mumuminus902,y97]*
         uspin[p2,y97]*vbspin[p1,y99]*e_[l99,l93]*e_[p4,pol3,
         mumuminus901,mumuminus902]*d_(m99,m97)*g1 - 1/8*alphaE10[f99,
         f97]*gam[y99,mumuminus902,mumuminus901,y97]*uspin[p2,y97]*
         vbspin[p1,y99]*e_[l99,l93]*e_[p2,pol3,mumuminus901,
         mumuminus902]*d_(m99,m97)*g1 - 1/6*alphaE10[f99,f97]*gam[y99,
         mumuminus902,mumuminus901,y97]*uspin[p2,y97]*vbspin[p1,y99]*
         e_[l99,l93]*e_[p4,pol3,mumuminus901,mumuminus902]*d_(m99,m97)*
         g1 - 1/2*alphaO28[f99,f97]*gam[y99,FIVE,p3,pol3,y97]*uspin[p2,
         y97]*vbspin[p1,y99]*e_[l99,l93]*d_(m99,m97)*I + 1/2*alphaO28[
         f99,f97]*gam[y99,FIVE,pol3,p3,y97]*uspin[p2,y97]*vbspin[p1,y99
         ]*e_[l99,l93]*d_(m99,m97)*I - 1/2*alphaO28[f99,f97]*gam[y99,p3
         ,pol3,y97]*uspin[p2,y97]*vbspin[p1,y99]*e_[l99,l93]*
         d_(m99,m97)*I + 1/2*alphaO28[f99,f97]*gam[y99,pol3,p3,y97]*
         uspin[p2,y97]*vbspin[p1,y99]*e_[l99,l93]*d_(m99,m97)*I - 1/4*
         alphaR16[f99,f97]*gam[y99,FIVE,y97]*uspin[p2,y97]*vbspin[p1,
         y99]*e_[l99,l93]*d_(m99,m97)*p3.pol3*I*g1 - 1/2*alphaR16[f99,
         f97]*gam[y99,FIVE,y97]*uspin[p2,y97]*vbspin[p1,y99]*e_[l99,l93
         ]*d_(m99,m97)*p4.pol3*I*g1 - 1/4*alphaR16[f99,f97]*gam[y99,y97
         ]*uspin[p2,y97]*vbspin[p1,y99]*e_[l99,l93]*d_(m99,m97)*p3.pol3
         *I*g1 - 1/2*alphaR16[f99,f97]*gam[y99,y97]*uspin[p2,y97]*
         vbspin[p1,y99]*e_[l99,l93]*d_(m99,m97)*p4.pol3*I*g1 + 2/3*
         alphaR19[f99,f97]*gam[y99,FIVE,y97]*uspin[p2,y97]*vbspin[p1,
         y99]*e_[l99,l93]*d_(m99,m97)*p2.pol3*I*g1 + 1/3*alphaR19[f99,
         f97]*gam[y99,FIVE,y97]*uspin[p2,y97]*vbspin[p1,y99]*e_[l99,l93
         ]*d_(m99,m97)*p3.pol3*I*g1 + 2/3*alphaR19[f99,f97]*gam[y99,y97
         ]*uspin[p2,y97]*vbspin[p1,y99]*e_[l99,l93]*d_(m99,m97)*p2.pol3
         *I*g1 + 1/3*alphaR19[f99,f97]*gam[y99,y97]*uspin[p2,y97]*
         vbspin[p1,y99]*e_[l99,l93]*d_(m99,m97)*p3.pol3*I*g1 - 1/4*
         alphaR22[f99,f97]*gam[y99,FIVE,y97]*uspin[p2,y97]*vbspin[p1,
         y99]*e_[l99,l93]*d_(m99,m97)*p2.pol3*I*g1 + 1/3*alphaR22[f99,
         f97]*gam[y99,FIVE,y97]*uspin[p2,y97]*vbspin[p1,y99]*e_[l99,l93
         ]*d_(m99,m97)*p4.pol3*I*g1 - 1/4*alphaR22[f99,f97]*gam[y99,y97
         ]*uspin[p2,y97]*vbspin[p1,y99]*e_[l99,l93]*d_(m99,m97)*p2.pol3
         *I*g1 + 1/3*alphaR22[f99,f97]*gam[y99,y97]*uspin[p2,y97]*
         vbspin[p1,y99]*e_[l99,l93]*d_(m99,m97)*p4.pol3*I*g1 + 1/8*
         alphaR25[f99,f97]*gam[y99,FIVE,p2,pol3,y97]*uspin[p2,y97]*
         vbspin[p1,y99]*e_[l99,l93]*d_(m99,m97)*g1 + 1/6*alphaR25[f99,
         f97]*gam[y99,FIVE,p4,pol3,y97]*uspin[p2,y97]*vbspin[p1,y99]*
         e_[l99,l93]*d_(m99,m97)*g1 - 1/8*alphaR25[f99,f97]*gam[y99,
         FIVE,pol3,p2,y97]*uspin[p2,y97]*vbspin[p1,y99]*e_[l99,l93]*
         d_(m99,m97)*g1 - 1/6*alphaR25[f99,f97]*gam[y99,FIVE,pol3,p4,
         y97]*uspin[p2,y97]*vbspin[p1,y99]*e_[l99,l93]*d_(m99,m97)*g1
          + 1/8*alphaR25[f99,f97]*gam[y99,p2,pol3,y97]*uspin[p2,y97]*
         vbspin[p1,y99]*e_[l99,l93]*d_(m99,m97)*g1 + 1/6*alphaR25[f99,
         f97]*gam[y99,p4,pol3,y97]*uspin[p2,y97]*vbspin[p1,y99]*e_[l99,
         l93]*d_(m99,m97)*g1 - 1/8*alphaR25[f99,f97]*gam[y99,pol3,p2,
         y97]*uspin[p2,y97]*vbspin[p1,y99]*e_[l99,l93]*d_(m99,m97)*g1
          - 1/6*alphaR25[f99,f97]*gam[y99,pol3,p4,y97]*uspin[p2,y97]*
         vbspin[p1,y99]*e_[l99,l93]*d_(m99,m97)*g1 );

  0.01 sec out of 0.00 sec
