FORM 4.2.0 (Jul  6 2017, v4.2.0) 64-bits         Run: Wed Mar  7 01:44:38 2018
    * -*-Form-*-
    
    #: Parentheses 2000
    #-

   ampllLbarqLdRbareR =
       - 1/4*alphaE40[f99,f97,f95,f93]*gam[y99,FIVE,mumuminus901,
         mumuminus902,mumuminus903,y97]*gam[y95,FIVE,mumuminus901,
         mumuminus902,mumuminus903,y93]*uspin[p2,y97]*uspin[p4,y93]*
         vbspin[p1,y99]*vbspin[p3,y95]*d_(m95,m97)*d_(l99,l97)*I + 1/4*
         alphaE40[f99,f97,f95,f93]*gam[y99,FIVE,mumuminus901,
         mumuminus902,mumuminus903,y97]*gam[y95,mumuminus901,
         mumuminus902,mumuminus903,y93]*uspin[p2,y97]*uspin[p4,y93]*
         vbspin[p1,y99]*vbspin[p3,y95]*d_(m95,m97)*d_(l99,l97)*I - 1/4*
         alphaE40[f99,f97,f95,f93]*gam[y99,mumuminus901,mumuminus902,
         mumuminus903,y97]*gam[y95,FIVE,mumuminus901,mumuminus902,
         mumuminus903,y93]*uspin[p2,y97]*uspin[p4,y93]*vbspin[p1,y99]*
         vbspin[p3,y95]*d_(m95,m97)*d_(l99,l97)*I + 1/4*alphaE40[f99,
         f97,f95,f93]*gam[y99,mumuminus901,mumuminus902,mumuminus903,
         y97]*gam[y95,mumuminus901,mumuminus902,mumuminus903,y93]*
         uspin[p2,y97]*uspin[p4,y93]*vbspin[p1,y99]*vbspin[p3,y95]*
         d_(m95,m97)*d_(l99,l97)*I - 1/4*alphaF01[f99,f97,f95,f93]*gam[
         y99,FIVE,mumuminus901,y97]*gam[y95,FIVE,mumuminus901,y93]*
         uspin[p2,y97]*uspin[p4,y93]*vbspin[p1,y99]*vbspin[p3,y95]*
         d_(m95,m97)*d_(l99,l97)*I + 1/4*alphaF01[f99,f97,f95,f93]*gam[
         y99,FIVE,mumuminus901,y97]*gam[y95,mumuminus901,y93]*uspin[p2,
         y97]*uspin[p4,y93]*vbspin[p1,y99]*vbspin[p3,y95]*d_(m95,m97)*
         d_(l99,l97)*I - 1/4*alphaF01[f99,f97,f95,f93]*gam[y99,
         mumuminus901,y97]*gam[y95,FIVE,mumuminus901,y93]*uspin[p2,y97]
         *uspin[p4,y93]*vbspin[p1,y99]*vbspin[p3,y95]*d_(m95,m97)*
         d_(l99,l97)*I + 1/4*alphaF01[f99,f97,f95,f93]*gam[y99,
         mumuminus901,y97]*gam[y95,mumuminus901,y93]*uspin[p2,y97]*
         uspin[p4,y93]*vbspin[p1,y99]*vbspin[p3,y95]*d_(m95,m97)*
         d_(l99,l97)*I - 1/8*alphaF10[f99,f93,f95,f97]*gam[y99,FIVE,
         mumuminus901,mumuminus902,y93]*gam[y95,FIVE,mumuminus901,
         mumuminus902,y97]*uspin[p2,y97]*uspin[p4,y93]*vbspin[p1,y99]*
         vbspin[p3,y95]*d_(m95,m97)*d_(l99,l97)*I + 1/16*alphaF10[f99,
         f93,f95,f97]*gam[y99,FIVE,mumuminus901,mumuminus902,y93]*gam[
         y95,FIVE,mumuminus902,mumuminus901,y97]*uspin[p2,y97]*uspin[p4
         ,y93]*vbspin[p1,y99]*vbspin[p3,y95]*d_(m95,m97)*d_(l99,l97)*I
          + 1/8*alphaF10[f99,f93,f95,f97]*gam[y99,FIVE,mumuminus901,
         mumuminus902,y93]*gam[y95,mumuminus901,mumuminus902,y97]*
         uspin[p2,y97]*uspin[p4,y93]*vbspin[p1,y99]*vbspin[p3,y95]*
         d_(m95,m97)*d_(l99,l97)*I - 1/16*alphaF10[f99,f93,f95,f97]*
         gam[y99,FIVE,mumuminus901,mumuminus902,y93]*gam[y95,
         mumuminus902,mumuminus901,y97]*uspin[p2,y97]*uspin[p4,y93]*
         vbspin[p1,y99]*vbspin[p3,y95]*d_(m95,m97)*d_(l99,l97)*I + 1/16
         *alphaF10[f99,f93,f95,f97]*gam[y99,FIVE,mumuminus902,
         mumuminus901,y93]*gam[y95,FIVE,mumuminus901,mumuminus902,y97]*
         uspin[p2,y97]*uspin[p4,y93]*vbspin[p1,y99]*vbspin[p3,y95]*
         d_(m95,m97)*d_(l99,l97)*I - 1/16*alphaF10[f99,f93,f95,f97]*
         gam[y99,FIVE,mumuminus902,mumuminus901,y93]*gam[y95,
         mumuminus901,mumuminus902,y97]*uspin[p2,y97]*uspin[p4,y93]*
         vbspin[p1,y99]*vbspin[p3,y95]*d_(m95,m97)*d_(l99,l97)*I - 1/8*
         alphaF10[f99,f93,f95,f97]*gam[y99,mumuminus901,mumuminus902,
         y93]*gam[y95,FIVE,mumuminus901,mumuminus902,y97]*uspin[p2,y97]
         *uspin[p4,y93]*vbspin[p1,y99]*vbspin[p3,y95]*d_(m95,m97)*
         d_(l99,l97)*I + 1/16*alphaF10[f99,f93,f95,f97]*gam[y99,
         mumuminus901,mumuminus902,y93]*gam[y95,FIVE,mumuminus902,
         mumuminus901,y97]*uspin[p2,y97]*uspin[p4,y93]*vbspin[p1,y99]*
         vbspin[p3,y95]*d_(m95,m97)*d_(l99,l97)*I + 1/8*alphaF10[f99,
         f93,f95,f97]*gam[y99,mumuminus901,mumuminus902,y93]*gam[y95,
         mumuminus901,mumuminus902,y97]*uspin[p2,y97]*uspin[p4,y93]*
         vbspin[p1,y99]*vbspin[p3,y95]*d_(m95,m97)*d_(l99,l97)*I - 1/16
         *alphaF10[f99,f93,f95,f97]*gam[y99,mumuminus901,mumuminus902,
         y93]*gam[y95,mumuminus902,mumuminus901,y97]*uspin[p2,y97]*
         uspin[p4,y93]*vbspin[p1,y99]*vbspin[p3,y95]*d_(m95,m97)*
         d_(l99,l97)*I + 1/16*alphaF10[f99,f93,f95,f97]*gam[y99,
         mumuminus902,mumuminus901,y93]*gam[y95,FIVE,mumuminus901,
         mumuminus902,y97]*uspin[p2,y97]*uspin[p4,y93]*vbspin[p1,y99]*
         vbspin[p3,y95]*d_(m95,m97)*d_(l99,l97)*I - 1/16*alphaF10[f99,
         f93,f95,f97]*gam[y99,mumuminus902,mumuminus901,y93]*gam[y95,
         mumuminus901,mumuminus902,y97]*uspin[p2,y97]*uspin[p4,y93]*
         vbspin[p1,y99]*vbspin[p3,y95]*d_(m95,m97)*d_(l99,l97)*I + 1/4*
         alphaO43[f99,f93,f95,f97]*gam[y99,FIVE,y93]*gam[y95,FIVE,y97]*
         uspin[p2,y97]*uspin[p4,y93]*vbspin[p1,y99]*vbspin[p3,y95]*
         d_(m95,m97)*d_(l99,l97)*I - 1/4*alphaO43[f99,f93,f95,f97]*gam[
         y99,FIVE,y93]*gam[y95,y97]*uspin[p2,y97]*uspin[p4,y93]*vbspin[
         p1,y99]*vbspin[p3,y95]*d_(m95,m97)*d_(l99,l97)*I + 1/4*
         alphaO43[f99,f93,f95,f97]*gam[y99,y93]*gam[y95,FIVE,y97]*
         uspin[p2,y97]*uspin[p4,y93]*vbspin[p1,y99]*vbspin[p3,y95]*
         d_(m95,m97)*d_(l99,l97)*I - 1/4*alphaO43[f99,f93,f95,f97]*gam[
         y99,y93]*gam[y95,y97]*uspin[p2,y97]*uspin[p4,y93]*vbspin[p1,
         y99]*vbspin[p3,y95]*d_(m95,m97)*d_(l99,l97)*I;

  0.01 sec out of 0.00 sec
