FORM 4.2.0 (Jul  6 2017, v4.2.0) 64-bits         Run: Wed Mar  7 01:44:37 2018
    * -*-Form-*-
    
    #: Parentheses 2000
    #-

   amplqLbarqLWi =
       + sSS^2 * (  - alphaE18[f99,f97]*Ta[n95,l99,l97]*gam[y99,FIVE,p3
         ,p3,pol3,y97]*uspin[p2,y97]*vbspin[p1,y99]*d_(m99,m97) + 
         alphaE18[f99,f97]*Ta[n95,l99,l97]*gam[y99,FIVE,pol3,p3,p3,y97]
         *uspin[p2,y97]*vbspin[p1,y99]*d_(m99,m97) - alphaE18[f99,f97]*
         Ta[n95,l99,l97]*gam[y99,p3,p3,pol3,y97]*uspin[p2,y97]*vbspin[
         p1,y99]*d_(m99,m97) + alphaE18[f99,f97]*Ta[n95,l99,l97]*gam[
         y99,pol3,p3,p3,y97]*uspin[p2,y97]*vbspin[p1,y99]*d_(m99,m97)
          - 1/2*alphaE28[f99,f97]*Ta[n95,l99,l97]*gam[y99,FIVE,p3,
         mumualpha1,mumubeta1,y97]*uspin[p2,y97]*vbspin[p1,y99]*e_[p3,
         pol3,mumualpha1,mumubeta1]*d_(m99,m97) + 1/2*alphaE28[f99,f97]
         *Ta[n95,l99,l97]*gam[y99,FIVE,p3,mumubeta1,mumualpha1,y97]*
         uspin[p2,y97]*vbspin[p1,y99]*e_[p3,pol3,mumualpha1,mumubeta1]*
         d_(m99,m97) - 1/2*alphaE28[f99,f97]*Ta[n95,l99,l97]*gam[y99,
         FIVE,mumualpha1,mumubeta1,p3,y97]*uspin[p2,y97]*vbspin[p1,y99]
         *e_[p3,pol3,mumualpha1,mumubeta1]*d_(m99,m97) + 1/2*alphaE28[
         f99,f97]*Ta[n95,l99,l97]*gam[y99,FIVE,mumubeta1,mumualpha1,p3,
         y97]*uspin[p2,y97]*vbspin[p1,y99]*e_[p3,pol3,mumualpha1,
         mumubeta1]*d_(m99,m97) - 1/2*alphaE28[f99,f97]*Ta[n95,l99,l97]
         *gam[y99,p3,mumualpha1,mumubeta1,y97]*uspin[p2,y97]*vbspin[p1,
         y99]*e_[p3,pol3,mumualpha1,mumubeta1]*d_(m99,m97) + 1/2*
         alphaE28[f99,f97]*Ta[n95,l99,l97]*gam[y99,p3,mumubeta1,
         mumualpha1,y97]*uspin[p2,y97]*vbspin[p1,y99]*e_[p3,pol3,
         mumualpha1,mumubeta1]*d_(m99,m97) - 1/2*alphaE28[f99,f97]*Ta[
         n95,l99,l97]*gam[y99,mumualpha1,mumubeta1,p3,y97]*uspin[p2,y97
         ]*vbspin[p1,y99]*e_[p3,pol3,mumualpha1,mumubeta1]*d_(m99,m97)
          + 1/2*alphaE28[f99,f97]*Ta[n95,l99,l97]*gam[y99,mumubeta1,
         mumualpha1,p3,y97]*uspin[p2,y97]*vbspin[p1,y99]*e_[p3,pol3,
         mumualpha1,mumubeta1]*d_(m99,m97) + 2*alphaR29[f99,f97]*Ta[n95
         ,l99,l97]*gam[y99,FIVE,p2,y97]*uspin[p2,y97]*vbspin[p1,y99]*
         d_(m99,m97)*p2.pol3*I*gw + alphaR29[f99,f97]*Ta[n95,l99,l97]*
         gam[y99,FIVE,p2,y97]*uspin[p2,y97]*vbspin[p1,y99]*d_(m99,m97)*
         p3.pol3*I*gw + alphaR29[f99,f97]*Ta[n95,l99,l97]*gam[y99,FIVE,
         p3,y97]*uspin[p2,y97]*vbspin[p1,y99]*d_(m99,m97)*p2.pol3*I*gw
          + 1/2*alphaR29[f99,f97]*Ta[n95,l99,l97]*gam[y99,FIVE,p3,y97]*
         uspin[p2,y97]*vbspin[p1,y99]*d_(m99,m97)*p3.pol3*I*gw + 
         alphaR29[f99,f97]*Ta[n95,l99,l97]*gam[y99,FIVE,pol3,y97]*
         uspin[p2,y97]*vbspin[p1,y99]*d_(m99,m97)*p2.p2*I*gw + 
         alphaR29[f99,f97]*Ta[n95,l99,l97]*gam[y99,FIVE,pol3,y97]*
         uspin[p2,y97]*vbspin[p1,y99]*d_(m99,m97)*p2.p3*I*gw + 1/2*
         alphaR29[f99,f97]*Ta[n95,l99,l97]*gam[y99,FIVE,pol3,y97]*
         uspin[p2,y97]*vbspin[p1,y99]*d_(m99,m97)*p3.p3*I*gw + 2*
         alphaR29[f99,f97]*Ta[n95,l99,l97]*gam[y99,p2,y97]*uspin[p2,y97
         ]*vbspin[p1,y99]*d_(m99,m97)*p2.pol3*I*gw + alphaR29[f99,f97]*
         Ta[n95,l99,l97]*gam[y99,p2,y97]*uspin[p2,y97]*vbspin[p1,y99]*
         d_(m99,m97)*p3.pol3*I*gw + alphaR29[f99,f97]*Ta[n95,l99,l97]*
         gam[y99,p3,y97]*uspin[p2,y97]*vbspin[p1,y99]*d_(m99,m97)*
         p2.pol3*I*gw + 1/2*alphaR29[f99,f97]*Ta[n95,l99,l97]*gam[y99,
         p3,y97]*uspin[p2,y97]*vbspin[p1,y99]*d_(m99,m97)*p3.pol3*I*gw
          + alphaR29[f99,f97]*Ta[n95,l99,l97]*gam[y99,pol3,y97]*uspin[
         p2,y97]*vbspin[p1,y99]*d_(m99,m97)*p2.p2*I*gw + alphaR29[f99,
         f97]*Ta[n95,l99,l97]*gam[y99,pol3,y97]*uspin[p2,y97]*vbspin[p1
         ,y99]*d_(m99,m97)*p2.p3*I*gw + 1/2*alphaR29[f99,f97]*Ta[n95,
         l99,l97]*gam[y99,pol3,y97]*uspin[p2,y97]*vbspin[p1,y99]*
         d_(m99,m97)*p3.p3*I*gw + alphaR38[f99,f97]*Ta[n95,l99,l97]*
         gam[y99,FIVE,p3,y97]*uspin[p2,y97]*vbspin[p1,y99]*d_(m99,m97)*
         p3.pol3*I - alphaR38[f99,f97]*Ta[n95,l99,l97]*gam[y99,FIVE,
         pol3,y97]*uspin[p2,y97]*vbspin[p1,y99]*d_(m99,m97)*p3.p3*I + 
         alphaR38[f99,f97]*Ta[n95,l99,l97]*gam[y99,p3,y97]*uspin[p2,y97
         ]*vbspin[p1,y99]*d_(m99,m97)*p3.pol3*I - alphaR38[f99,f97]*Ta[
         n95,l99,l97]*gam[y99,pol3,y97]*uspin[p2,y97]*vbspin[p1,y99]*
         d_(m99,m97)*p3.p3*I - alphaR54[f99,f97]*Ta[n95,l99,l97]*gam[
         y99,FIVE,p3,pol3,p2,y97]*uspin[p2,y97]*vbspin[p1,y99]*
         d_(m99,m97)*I + alphaR54[f99,f97]*Ta[n95,l99,l97]*gam[y99,FIVE
         ,pol3,p3,p2,y97]*uspin[p2,y97]*vbspin[p1,y99]*d_(m99,m97)*I - 
         alphaR54[f99,f97]*Ta[n95,l99,l97]*gam[y99,p3,pol3,p2,y97]*
         uspin[p2,y97]*vbspin[p1,y99]*d_(m99,m97)*I + alphaR54[f99,f97]
         *Ta[n95,l99,l97]*gam[y99,pol3,p3,p2,y97]*uspin[p2,y97]*vbspin[
         p1,y99]*d_(m99,m97)*I - 1/2*alphaR55[f99,f97]*Ta[n95,l99,l97]*
         gam[y99,FIVE,mumualpha1,mumubeta1,p2,y97]*uspin[p2,y97]*
         vbspin[p1,y99]*e_[p3,pol3,mumualpha1,mumubeta1]*d_(m99,m97)*I
          + 1/2*alphaR55[f99,f97]*Ta[n95,l99,l97]*gam[y99,FIVE,
         mumubeta1,mumualpha1,p2,y97]*uspin[p2,y97]*vbspin[p1,y99]*e_[
         p3,pol3,mumualpha1,mumubeta1]*d_(m99,m97)*I - 1/2*alphaR55[f99
         ,f97]*Ta[n95,l99,l97]*gam[y99,mumualpha1,mumubeta1,p2,y97]*
         uspin[p2,y97]*vbspin[p1,y99]*e_[p3,pol3,mumualpha1,mumubeta1]*
         d_(m99,m97)*I + 1/2*alphaR55[f99,f97]*Ta[n95,l99,l97]*gam[y99,
         mumubeta1,mumualpha1,p2,y97]*uspin[p2,y97]*vbspin[p1,y99]*e_[
         p3,pol3,mumualpha1,mumubeta1]*d_(m99,m97)*I + alphaR54bar[f97,
         f99]*Ta[n95,l99,l97]*gam[y99,FIVE,p1,p3,pol3,y97]*uspin[p2,y97
         ]*vbspin[p1,y99]*d_(m99,m97)*I - alphaR54bar[f97,f99]*Ta[n95,
         l99,l97]*gam[y99,FIVE,p1,pol3,p3,y97]*uspin[p2,y97]*vbspin[p1,
         y99]*d_(m99,m97)*I + alphaR54bar[f97,f99]*Ta[n95,l99,l97]*gam[
         y99,p1,p3,pol3,y97]*uspin[p2,y97]*vbspin[p1,y99]*d_(m99,m97)*I
          - alphaR54bar[f97,f99]*Ta[n95,l99,l97]*gam[y99,p1,pol3,p3,y97
         ]*uspin[p2,y97]*vbspin[p1,y99]*d_(m99,m97)*I + 1/2*
         alphaR55bar[f97,f99]*Ta[n95,l99,l97]*gam[y99,FIVE,p1,
         mumualpha1,mumubeta1,y97]*uspin[p2,y97]*vbspin[p1,y99]*e_[p3,
         pol3,mumualpha1,mumubeta1]*d_(m99,m97)*I - 1/2*alphaR55bar[f97
         ,f99]*Ta[n95,l99,l97]*gam[y99,FIVE,p1,mumubeta1,mumualpha1,y97
         ]*uspin[p2,y97]*vbspin[p1,y99]*e_[p3,pol3,mumualpha1,mumubeta1
         ]*d_(m99,m97)*I + 1/2*alphaR55bar[f97,f99]*Ta[n95,l99,l97]*
         gam[y99,p1,mumualpha1,mumubeta1,y97]*uspin[p2,y97]*vbspin[p1,
         y99]*e_[p3,pol3,mumualpha1,mumubeta1]*d_(m99,m97)*I - 1/2*
         alphaR55bar[f97,f99]*Ta[n95,l99,l97]*gam[y99,p1,mumubeta1,
         mumualpha1,y97]*uspin[p2,y97]*vbspin[p1,y99]*e_[p3,pol3,
         mumualpha1,mumubeta1]*d_(m99,m97)*I );

  0.01 sec out of 0.01 sec
