FORM 4.2.0 (Jul  6 2017, v4.2.0) 64-bits         Run: Wed Mar  7 01:44:37 2018
    * -*-Form-*-
    
    #: Parentheses 2000
    #-

   ampluRbaruRG =
       + sSS^2 * ( alphaE20[f99,f97]*T[a95,m99,m97]*gam[y99,FIVE,p3,p3,
         pol3,y97]*uspin[p2,y97]*vbspin[p1,y99] - alphaE20[f99,f97]*T[
         a95,m99,m97]*gam[y99,FIVE,pol3,p3,p3,y97]*uspin[p2,y97]*
         vbspin[p1,y99] - alphaE20[f99,f97]*T[a95,m99,m97]*gam[y99,p3,
         p3,pol3,y97]*uspin[p2,y97]*vbspin[p1,y99] + alphaE20[f99,f97]*
         T[a95,m99,m97]*gam[y99,pol3,p3,p3,y97]*uspin[p2,y97]*vbspin[p1
         ,y99] + 1/2*alphaE30[f99,f97]*T[a95,m99,m97]*gam[y99,FIVE,p3,
         mumualpha1,mumubeta1,y97]*uspin[p2,y97]*vbspin[p1,y99]*e_[p3,
         pol3,mumualpha1,mumubeta1] - 1/2*alphaE30[f99,f97]*T[a95,m99,
         m97]*gam[y99,FIVE,p3,mumubeta1,mumualpha1,y97]*uspin[p2,y97]*
         vbspin[p1,y99]*e_[p3,pol3,mumualpha1,mumubeta1] + 1/2*
         alphaE30[f99,f97]*T[a95,m99,m97]*gam[y99,FIVE,mumualpha1,
         mumubeta1,p3,y97]*uspin[p2,y97]*vbspin[p1,y99]*e_[p3,pol3,
         mumualpha1,mumubeta1] - 1/2*alphaE30[f99,f97]*T[a95,m99,m97]*
         gam[y99,FIVE,mumubeta1,mumualpha1,p3,y97]*uspin[p2,y97]*
         vbspin[p1,y99]*e_[p3,pol3,mumualpha1,mumubeta1] - 1/2*
         alphaE30[f99,f97]*T[a95,m99,m97]*gam[y99,p3,mumualpha1,
         mumubeta1,y97]*uspin[p2,y97]*vbspin[p1,y99]*e_[p3,pol3,
         mumualpha1,mumubeta1] + 1/2*alphaE30[f99,f97]*T[a95,m99,m97]*
         gam[y99,p3,mumubeta1,mumualpha1,y97]*uspin[p2,y97]*vbspin[p1,
         y99]*e_[p3,pol3,mumualpha1,mumubeta1] - 1/2*alphaE30[f99,f97]*
         T[a95,m99,m97]*gam[y99,mumualpha1,mumubeta1,p3,y97]*uspin[p2,
         y97]*vbspin[p1,y99]*e_[p3,pol3,mumualpha1,mumubeta1] + 1/2*
         alphaE30[f99,f97]*T[a95,m99,m97]*gam[y99,mumubeta1,mumualpha1,
         p3,y97]*uspin[p2,y97]*vbspin[p1,y99]*e_[p3,pol3,mumualpha1,
         mumubeta1] - 2*alphaR30[f99,f97]*T[a95,m99,m97]*gam[y99,FIVE,
         p2,y97]*uspin[p2,y97]*vbspin[p1,y99]*p2.pol3*I*gs - alphaR30[
         f99,f97]*T[a95,m99,m97]*gam[y99,FIVE,p2,y97]*uspin[p2,y97]*
         vbspin[p1,y99]*p3.pol3*I*gs - alphaR30[f99,f97]*T[a95,m99,m97]
         *gam[y99,FIVE,p3,y97]*uspin[p2,y97]*vbspin[p1,y99]*p2.pol3*I*
         gs - 1/2*alphaR30[f99,f97]*T[a95,m99,m97]*gam[y99,FIVE,p3,y97]
         *uspin[p2,y97]*vbspin[p1,y99]*p3.pol3*I*gs - alphaR30[f99,f97]
         *T[a95,m99,m97]*gam[y99,FIVE,pol3,y97]*uspin[p2,y97]*vbspin[p1
         ,y99]*p2.p2*I*gs - alphaR30[f99,f97]*T[a95,m99,m97]*gam[y99,
         FIVE,pol3,y97]*uspin[p2,y97]*vbspin[p1,y99]*p2.p3*I*gs - 1/2*
         alphaR30[f99,f97]*T[a95,m99,m97]*gam[y99,FIVE,pol3,y97]*uspin[
         p2,y97]*vbspin[p1,y99]*p3.p3*I*gs + 2*alphaR30[f99,f97]*T[a95,
         m99,m97]*gam[y99,p2,y97]*uspin[p2,y97]*vbspin[p1,y99]*p2.pol3*
         I*gs + alphaR30[f99,f97]*T[a95,m99,m97]*gam[y99,p2,y97]*uspin[
         p2,y97]*vbspin[p1,y99]*p3.pol3*I*gs + alphaR30[f99,f97]*T[a95,
         m99,m97]*gam[y99,p3,y97]*uspin[p2,y97]*vbspin[p1,y99]*p2.pol3*
         I*gs + 1/2*alphaR30[f99,f97]*T[a95,m99,m97]*gam[y99,p3,y97]*
         uspin[p2,y97]*vbspin[p1,y99]*p3.pol3*I*gs + alphaR30[f99,f97]*
         T[a95,m99,m97]*gam[y99,pol3,y97]*uspin[p2,y97]*vbspin[p1,y99]*
         p2.p2*I*gs + alphaR30[f99,f97]*T[a95,m99,m97]*gam[y99,pol3,y97
         ]*uspin[p2,y97]*vbspin[p1,y99]*p2.p3*I*gs + 1/2*alphaR30[f99,
         f97]*T[a95,m99,m97]*gam[y99,pol3,y97]*uspin[p2,y97]*vbspin[p1,
         y99]*p3.p3*I*gs - alphaR40[f99,f97]*T[a95,m99,m97]*gam[y99,
         FIVE,p3,y97]*uspin[p2,y97]*vbspin[p1,y99]*p3.pol3*I + 
         alphaR40[f99,f97]*T[a95,m99,m97]*gam[y99,FIVE,pol3,y97]*uspin[
         p2,y97]*vbspin[p1,y99]*p3.p3*I + alphaR40[f99,f97]*T[a95,m99,
         m97]*gam[y99,p3,y97]*uspin[p2,y97]*vbspin[p1,y99]*p3.pol3*I - 
         alphaR40[f99,f97]*T[a95,m99,m97]*gam[y99,pol3,y97]*uspin[p2,
         y97]*vbspin[p1,y99]*p3.p3*I + alphaR58[f99,f97]*T[a95,m99,m97]
         *gam[y99,FIVE,p3,pol3,p2,y97]*uspin[p2,y97]*vbspin[p1,y99]*I
          - alphaR58[f99,f97]*T[a95,m99,m97]*gam[y99,FIVE,pol3,p3,p2,
         y97]*uspin[p2,y97]*vbspin[p1,y99]*I - alphaR58[f99,f97]*T[a95,
         m99,m97]*gam[y99,p3,pol3,p2,y97]*uspin[p2,y97]*vbspin[p1,y99]*
         I + alphaR58[f99,f97]*T[a95,m99,m97]*gam[y99,pol3,p3,p2,y97]*
         uspin[p2,y97]*vbspin[p1,y99]*I + 1/2*alphaR59[f99,f97]*T[a95,
         m99,m97]*gam[y99,FIVE,mumualpha1,mumubeta1,p2,y97]*uspin[p2,
         y97]*vbspin[p1,y99]*e_[p3,pol3,mumualpha1,mumubeta1]*I - 1/2*
         alphaR59[f99,f97]*T[a95,m99,m97]*gam[y99,FIVE,mumubeta1,
         mumualpha1,p2,y97]*uspin[p2,y97]*vbspin[p1,y99]*e_[p3,pol3,
         mumualpha1,mumubeta1]*I - 1/2*alphaR59[f99,f97]*T[a95,m99,m97]
         *gam[y99,mumualpha1,mumubeta1,p2,y97]*uspin[p2,y97]*vbspin[p1,
         y99]*e_[p3,pol3,mumualpha1,mumubeta1]*I + 1/2*alphaR59[f99,f97
         ]*T[a95,m99,m97]*gam[y99,mumubeta1,mumualpha1,p2,y97]*uspin[p2
         ,y97]*vbspin[p1,y99]*e_[p3,pol3,mumualpha1,mumubeta1]*I - 
         alphaR58bar[f97,f99]*T[a95,m99,m97]*gam[y99,FIVE,p1,p3,pol3,
         y97]*uspin[p2,y97]*vbspin[p1,y99]*I + alphaR58bar[f97,f99]*T[
         a95,m99,m97]*gam[y99,FIVE,p1,pol3,p3,y97]*uspin[p2,y97]*
         vbspin[p1,y99]*I + alphaR58bar[f97,f99]*T[a95,m99,m97]*gam[y99
         ,p1,p3,pol3,y97]*uspin[p2,y97]*vbspin[p1,y99]*I - alphaR58bar[
         f97,f99]*T[a95,m99,m97]*gam[y99,p1,pol3,p3,y97]*uspin[p2,y97]*
         vbspin[p1,y99]*I - 1/2*alphaR59bar[f97,f99]*T[a95,m99,m97]*
         gam[y99,FIVE,p1,mumualpha1,mumubeta1,y97]*uspin[p2,y97]*
         vbspin[p1,y99]*e_[p3,pol3,mumualpha1,mumubeta1]*I + 1/2*
         alphaR59bar[f97,f99]*T[a95,m99,m97]*gam[y99,FIVE,p1,mumubeta1,
         mumualpha1,y97]*uspin[p2,y97]*vbspin[p1,y99]*e_[p3,pol3,
         mumualpha1,mumubeta1]*I + 1/2*alphaR59bar[f97,f99]*T[a95,m99,
         m97]*gam[y99,p1,mumualpha1,mumubeta1,y97]*uspin[p2,y97]*
         vbspin[p1,y99]*e_[p3,pol3,mumualpha1,mumubeta1]*I - 1/2*
         alphaR59bar[f97,f99]*T[a95,m99,m97]*gam[y99,p1,mumubeta1,
         mumualpha1,y97]*uspin[p2,y97]*vbspin[p1,y99]*e_[p3,pol3,
         mumualpha1,mumubeta1]*I );

  0.01 sec out of 0.01 sec
