FORM 4.2.0 (Jul  6 2017, v4.2.0) 64-bits         Run: Mon Apr 16 14:40:00 2018
    * -*-Form-*-
    
    #: Parentheses 2000
    #-

   amplqLbardRWiPhi =
       + sSS * (  - 1/4*Log[MHT^2]*lamprime[f99]*yd[f6,f97]*
         lamprimebar[f6]*Ta[n95,l8,l2]*gam[y99,FIVE,p4,pol3,y97]*uspin[
         p2,y97]*vbspin[p1,y99]*e_[l2,l99]*e_[l8,l93]*d_(m99,m97)*
         FourPi^(-2)*I^9*gw*MHT^(-2) + 1/4*Log[MHT^2]*lamprime[f99]*yd[
         f6,f97]*lamprimebar[f6]*Ta[n95,l8,l2]*gam[y99,FIVE,pol3,p2,y97
         ]*uspin[p2,y97]*vbspin[p1,y99]*e_[l2,l99]*e_[l8,l93]*
         d_(m99,m97)*FourPi^(-2)*I^9*gw*MHT^(-2) - 1/4*Log[MHT^2]*
         lamprime[f99]*yd[f6,f97]*lamprimebar[f6]*Ta[n95,l8,l2]*gam[y99
         ,p4,pol3,y97]*uspin[p2,y97]*vbspin[p1,y99]*e_[l2,l99]*e_[l8,
         l93]*d_(m99,m97)*FourPi^(-2)*I^9*gw*MHT^(-2) + 1/4*Log[MHT^2]*
         lamprime[f99]*yd[f6,f97]*lamprimebar[f6]*Ta[n95,l8,l2]*gam[y99
         ,pol3,p2,y97]*uspin[p2,y97]*vbspin[p1,y99]*e_[l2,l99]*e_[l8,
         l93]*d_(m99,m97)*FourPi^(-2)*I^9*gw*MHT^(-2) + 1/6*Log[MHT^2]*
         lamprime[f99]*yd[f8,f97]*lamprimebar[f8]*Ta[n95,l6,l2]*gam[y99
         ,FIVE,p1,pol3,y97]*uspin[p2,y97]*vbspin[p1,y99]*e_[l2,l99]*e_[
         l93,l6]*d_(m99,m97)*FourPi^(-2)*I^9*gw*MHT^(-2) - 1/12*Log[
         MHT^2]*lamprime[f99]*yd[f8,f97]*lamprimebar[f8]*Ta[n95,l6,l2]*
         gam[y99,FIVE,p4,pol3,y97]*uspin[p2,y97]*vbspin[p1,y99]*e_[l2,
         l99]*e_[l93,l6]*d_(m99,m97)*FourPi^(-2)*I^9*gw*MHT^(-2) + 1/6*
         Log[MHT^2]*lamprime[f99]*yd[f8,f97]*lamprimebar[f8]*Ta[n95,l6,
         l2]*gam[y99,FIVE,pol3,p1,y97]*uspin[p2,y97]*vbspin[p1,y99]*e_[
         l2,l99]*e_[l93,l6]*d_(m99,m97)*FourPi^(-2)*I^9*gw*MHT^(-2) + 1/
         6*Log[MHT^2]*lamprime[f99]*yd[f8,f97]*lamprimebar[f8]*Ta[n95,
         l6,l2]*gam[y99,FIVE,pol3,p4,y97]*uspin[p2,y97]*vbspin[p1,y99]*
         e_[l2,l99]*e_[l93,l6]*d_(m99,m97)*FourPi^(-2)*I^9*gw*MHT^(-2)
          + 1/12*Log[MHT^2]*lamprime[f99]*yd[f8,f97]*lamprimebar[f8]*
         Ta[n95,l6,l2]*gam[y99,FIVE,pol3,p3,y97]*uspin[p2,y97]*vbspin[
         p1,y99]*e_[l2,l99]*e_[l93,l6]*d_(m99,m97)*FourPi^(-2)*I^9*gw*
         MHT^(-2) + 1/12*Log[MHT^2]*lamprime[f99]*yd[f8,f97]*
         lamprimebar[f8]*Ta[n95,l6,l2]*gam[y99,FIVE,p3,pol3,y97]*uspin[
         p2,y97]*vbspin[p1,y99]*e_[l2,l99]*e_[l93,l6]*d_(m99,m97)*
         FourPi^(-2)*I^9*gw*MHT^(-2) - 1/3*Log[MHT^2]*lamprime[f99]*yd[
         f8,f97]*lamprimebar[f8]*Ta[n95,l6,l2]*gam[y99,FIVE,y97]*uspin[
         p2,y97]*vbspin[p1,y99]*e_[l2,l99]*e_[l93,l6]*d_(m99,m97)*
         p1.pol3*FourPi^(-2)*I^9*gw*MHT^(-2) - 1/3*Log[MHT^2]*lamprime[
         f99]*yd[f8,f97]*lamprimebar[f8]*Ta[n95,l6,l2]*gam[y99,FIVE,y97
         ]*uspin[p2,y97]*vbspin[p1,y99]*e_[l2,l99]*e_[l93,l6]*
         d_(m99,m97)*p4.pol3*FourPi^(-2)*I^9*gw*MHT^(-2) - 1/6*Log[
         MHT^2]*lamprime[f99]*yd[f8,f97]*lamprimebar[f8]*Ta[n95,l6,l2]*
         gam[y99,FIVE,y97]*uspin[p2,y97]*vbspin[p1,y99]*e_[l2,l99]*e_[
         l93,l6]*d_(m99,m97)*pol3.p3*FourPi^(-2)*I^9*gw*MHT^(-2) + 1/6*
         Log[MHT^2]*lamprime[f99]*yd[f8,f97]*lamprimebar[f8]*Ta[n95,l6,
         l2]*gam[y99,p1,pol3,y97]*uspin[p2,y97]*vbspin[p1,y99]*e_[l2,
         l99]*e_[l93,l6]*d_(m99,m97)*FourPi^(-2)*I^9*gw*MHT^(-2) - 1/12
         *Log[MHT^2]*lamprime[f99]*yd[f8,f97]*lamprimebar[f8]*Ta[n95,l6
         ,l2]*gam[y99,p4,pol3,y97]*uspin[p2,y97]*vbspin[p1,y99]*e_[l2,
         l99]*e_[l93,l6]*d_(m99,m97)*FourPi^(-2)*I^9*gw*MHT^(-2) + 1/6*
         Log[MHT^2]*lamprime[f99]*yd[f8,f97]*lamprimebar[f8]*Ta[n95,l6,
         l2]*gam[y99,pol3,p1,y97]*uspin[p2,y97]*vbspin[p1,y99]*e_[l2,
         l99]*e_[l93,l6]*d_(m99,m97)*FourPi^(-2)*I^9*gw*MHT^(-2) + 1/6*
         Log[MHT^2]*lamprime[f99]*yd[f8,f97]*lamprimebar[f8]*Ta[n95,l6,
         l2]*gam[y99,pol3,p4,y97]*uspin[p2,y97]*vbspin[p1,y99]*e_[l2,
         l99]*e_[l93,l6]*d_(m99,m97)*FourPi^(-2)*I^9*gw*MHT^(-2) + 1/12
         *Log[MHT^2]*lamprime[f99]*yd[f8,f97]*lamprimebar[f8]*Ta[n95,l6
         ,l2]*gam[y99,pol3,p3,y97]*uspin[p2,y97]*vbspin[p1,y99]*e_[l2,
         l99]*e_[l93,l6]*d_(m99,m97)*FourPi^(-2)*I^9*gw*MHT^(-2) + 1/12
         *Log[MHT^2]*lamprime[f99]*yd[f8,f97]*lamprimebar[f8]*Ta[n95,l6
         ,l2]*gam[y99,p3,pol3,y97]*uspin[p2,y97]*vbspin[p1,y99]*e_[l2,
         l99]*e_[l93,l6]*d_(m99,m97)*FourPi^(-2)*I^9*gw*MHT^(-2) - 1/3*
         Log[MHT^2]*lamprime[f99]*yd[f8,f97]*lamprimebar[f8]*Ta[n95,l6,
         l2]*gam[y99,y97]*uspin[p2,y97]*vbspin[p1,y99]*e_[l2,l99]*e_[
         l93,l6]*d_(m99,m97)*p1.pol3*FourPi^(-2)*I^9*gw*MHT^(-2) - 1/3*
         Log[MHT^2]*lamprime[f99]*yd[f8,f97]*lamprimebar[f8]*Ta[n95,l6,
         l2]*gam[y99,y97]*uspin[p2,y97]*vbspin[p1,y99]*e_[l2,l99]*e_[
         l93,l6]*d_(m99,m97)*p4.pol3*FourPi^(-2)*I^9*gw*MHT^(-2) - 1/6*
         Log[MHT^2]*lamprime[f99]*yd[f8,f97]*lamprimebar[f8]*Ta[n95,l6,
         l2]*gam[y99,y97]*uspin[p2,y97]*vbspin[p1,y99]*e_[l2,l99]*e_[
         l93,l6]*d_(m99,m97)*pol3.p3*FourPi^(-2)*I^9*gw*MHT^(-2) + 1/8*
         lamprime[f99]*yd[f6,f97]*lamprimebar[f6]*Ta[n95,l8,l2]*gam[y99
         ,FIVE,p4,pol3,y97]*uspin[p2,y97]*vbspin[p1,y99]*e_[l2,l99]*e_[
         l8,l93]*d_(m99,m97)*FourPi^(-2)*I^9*gw*MHT^(-2) + 1/4*
         lamprime[f99]*yd[f6,f97]*lamprimebar[f6]*Ta[n95,l8,l2]*gam[y99
         ,FIVE,pol3,p1,y97]*uspin[p2,y97]*vbspin[p1,y99]*e_[l2,l99]*e_[
         l8,l93]*d_(m99,m97)*FourPi^(-2)*I^9*gw*MHT^(-2) - 1/8*
         lamprime[f99]*yd[f6,f97]*lamprimebar[f6]*Ta[n95,l8,l2]*gam[y99
         ,FIVE,pol3,p2,y97]*uspin[p2,y97]*vbspin[p1,y99]*e_[l2,l99]*e_[
         l8,l93]*d_(m99,m97)*FourPi^(-2)*I^9*gw*MHT^(-2) + 1/8*
         lamprime[f99]*yd[f6,f97]*lamprimebar[f6]*Ta[n95,l8,l2]*gam[y99
         ,p4,pol3,y97]*uspin[p2,y97]*vbspin[p1,y99]*e_[l2,l99]*e_[l8,
         l93]*d_(m99,m97)*FourPi^(-2)*I^9*gw*MHT^(-2) + 1/4*lamprime[
         f99]*yd[f6,f97]*lamprimebar[f6]*Ta[n95,l8,l2]*gam[y99,pol3,p1,
         y97]*uspin[p2,y97]*vbspin[p1,y99]*e_[l2,l99]*e_[l8,l93]*
         d_(m99,m97)*FourPi^(-2)*I^9*gw*MHT^(-2) - 1/8*lamprime[f99]*
         yd[f6,f97]*lamprimebar[f6]*Ta[n95,l8,l2]*gam[y99,pol3,p2,y97]*
         uspin[p2,y97]*vbspin[p1,y99]*e_[l2,l99]*e_[l8,l93]*d_(m99,m97)
         *FourPi^(-2)*I^9*gw*MHT^(-2) - 11/36*lamprime[f99]*yd[f8,f97]*
         lamprimebar[f8]*Ta[n95,l6,l2]*gam[y99,FIVE,p1,pol3,y97]*uspin[
         p2,y97]*vbspin[p1,y99]*e_[l2,l99]*e_[l93,l6]*d_(m99,m97)*
         FourPi^(-2)*I^9*gw*MHT^(-2) + 11/72*lamprime[f99]*yd[f8,f97]*
         lamprimebar[f8]*Ta[n95,l6,l2]*gam[y99,FIVE,p4,pol3,y97]*uspin[
         p2,y97]*vbspin[p1,y99]*e_[l2,l99]*e_[l93,l6]*d_(m99,m97)*
         FourPi^(-2)*I^9*gw*MHT^(-2) - 11/36*lamprime[f99]*yd[f8,f97]*
         lamprimebar[f8]*Ta[n95,l6,l2]*gam[y99,FIVE,pol3,p1,y97]*uspin[
         p2,y97]*vbspin[p1,y99]*e_[l2,l99]*e_[l93,l6]*d_(m99,m97)*
         FourPi^(-2)*I^9*gw*MHT^(-2) - 2/9*lamprime[f99]*yd[f8,f97]*
         lamprimebar[f8]*Ta[n95,l6,l2]*gam[y99,FIVE,pol3,p4,y97]*uspin[
         p2,y97]*vbspin[p1,y99]*e_[l2,l99]*e_[l93,l6]*d_(m99,m97)*
         FourPi^(-2)*I^9*gw*MHT^(-2) - 11/72*lamprime[f99]*yd[f8,f97]*
         lamprimebar[f8]*Ta[n95,l6,l2]*gam[y99,FIVE,pol3,p3,y97]*uspin[
         p2,y97]*vbspin[p1,y99]*e_[l2,l99]*e_[l93,l6]*d_(m99,m97)*
         FourPi^(-2)*I^9*gw*MHT^(-2) - 11/72*lamprime[f99]*yd[f8,f97]*
         lamprimebar[f8]*Ta[n95,l6,l2]*gam[y99,FIVE,p3,pol3,y97]*uspin[
         p2,y97]*vbspin[p1,y99]*e_[l2,l99]*e_[l93,l6]*d_(m99,m97)*
         FourPi^(-2)*I^9*gw*MHT^(-2) + 1/9*lamprime[f99]*yd[f8,f97]*
         lamprimebar[f8]*Ta[n95,l6,l2]*gam[y99,FIVE,y97]*uspin[p2,y97]*
         vbspin[p1,y99]*e_[l2,l99]*e_[l93,l6]*d_(m99,m97)*p1.pol3*
         FourPi^(-2)*I^9*gw*MHT^(-2) + 4/9*lamprime[f99]*yd[f8,f97]*
         lamprimebar[f8]*Ta[n95,l6,l2]*gam[y99,FIVE,y97]*uspin[p2,y97]*
         vbspin[p1,y99]*e_[l2,l99]*e_[l93,l6]*d_(m99,m97)*p4.pol3*
         FourPi^(-2)*I^9*gw*MHT^(-2) + 1/18*lamprime[f99]*yd[f8,f97]*
         lamprimebar[f8]*Ta[n95,l6,l2]*gam[y99,FIVE,y97]*uspin[p2,y97]*
         vbspin[p1,y99]*e_[l2,l99]*e_[l93,l6]*d_(m99,m97)*pol3.p3*
         FourPi^(-2)*I^9*gw*MHT^(-2) - 11/36*lamprime[f99]*yd[f8,f97]*
         lamprimebar[f8]*Ta[n95,l6,l2]*gam[y99,p1,pol3,y97]*uspin[p2,
         y97]*vbspin[p1,y99]*e_[l2,l99]*e_[l93,l6]*d_(m99,m97)*
         FourPi^(-2)*I^9*gw*MHT^(-2) + 11/72*lamprime[f99]*yd[f8,f97]*
         lamprimebar[f8]*Ta[n95,l6,l2]*gam[y99,p4,pol3,y97]*uspin[p2,
         y97]*vbspin[p1,y99]*e_[l2,l99]*e_[l93,l6]*d_(m99,m97)*
         FourPi^(-2)*I^9*gw*MHT^(-2) - 11/36*lamprime[f99]*yd[f8,f97]*
         lamprimebar[f8]*Ta[n95,l6,l2]*gam[y99,pol3,p1,y97]*uspin[p2,
         y97]*vbspin[p1,y99]*e_[l2,l99]*e_[l93,l6]*d_(m99,m97)*
         FourPi^(-2)*I^9*gw*MHT^(-2) - 2/9*lamprime[f99]*yd[f8,f97]*
         lamprimebar[f8]*Ta[n95,l6,l2]*gam[y99,pol3,p4,y97]*uspin[p2,
         y97]*vbspin[p1,y99]*e_[l2,l99]*e_[l93,l6]*d_(m99,m97)*
         FourPi^(-2)*I^9*gw*MHT^(-2) - 11/72*lamprime[f99]*yd[f8,f97]*
         lamprimebar[f8]*Ta[n95,l6,l2]*gam[y99,pol3,p3,y97]*uspin[p2,
         y97]*vbspin[p1,y99]*e_[l2,l99]*e_[l93,l6]*d_(m99,m97)*
         FourPi^(-2)*I^9*gw*MHT^(-2) - 11/72*lamprime[f99]*yd[f8,f97]*
         lamprimebar[f8]*Ta[n95,l6,l2]*gam[y99,p3,pol3,y97]*uspin[p2,
         y97]*vbspin[p1,y99]*e_[l2,l99]*e_[l93,l6]*d_(m99,m97)*
         FourPi^(-2)*I^9*gw*MHT^(-2) + 1/9*lamprime[f99]*yd[f8,f97]*
         lamprimebar[f8]*Ta[n95,l6,l2]*gam[y99,y97]*uspin[p2,y97]*
         vbspin[p1,y99]*e_[l2,l99]*e_[l93,l6]*d_(m99,m97)*p1.pol3*
         FourPi^(-2)*I^9*gw*MHT^(-2) + 4/9*lamprime[f99]*yd[f8,f97]*
         lamprimebar[f8]*Ta[n95,l6,l2]*gam[y99,y97]*uspin[p2,y97]*
         vbspin[p1,y99]*e_[l2,l99]*e_[l93,l6]*d_(m99,m97)*p4.pol3*
         FourPi^(-2)*I^9*gw*MHT^(-2) + 1/18*lamprime[f99]*yd[f8,f97]*
         lamprimebar[f8]*Ta[n95,l6,l2]*gam[y99,y97]*uspin[p2,y97]*
         vbspin[p1,y99]*e_[l2,l99]*e_[l93,l6]*d_(m99,m97)*pol3.p3*
         FourPi^(-2)*I^9*gw*MHT^(-2) );

  0.02 sec out of 0.02 sec
