FORM 4.2.0 (Jul  6 2017, v4.2.0) 64-bits         Run: Tue Mar 20 01:18:11 2018
    * -*-Form-*-
    
    #: Parentheses 2000
    #-

   amplGGPhiPhibar =
       + p1.pol1*p1.pol2*sSS^2 * ( 2/3*Log[MHT^2]*lamprime[f8]*
         lamprimebar[f8]*T[a99,m4,m6]*T[a97,m6,m4]*e_[l95,l8]*e_[l93,l8
         ]*FourPi^(-2)*I^9*gs^2*MHT^(-2) + 2/3*Log[MHT^2]*lamprime[f4]*
         lamprimebar[f4]*T[a99,m2,m8]*T[a97,m8,m2]*e_[l95,l4]*e_[l93,l4
         ]*FourPi^(-2)*I^9*gs^2*MHT^(-2) + 2/3*lamprime[f6]*
         lamprimebar[f6]*T[a99,m4,m2]*T[a97,m2,m4]*e_[l6,l95]*e_[l6,l93
         ]*FourPi^(-2)*I^9*gs^2*MHT^(-2) + 2/3*lamprime[f8]*
         lamprimebar[f8]*T[a99,m2,m6]*T[a97,m6,m2]*e_[l95,l8]*e_[l93,l8
         ]*FourPi^(-2)*I^9*gs^2*MHT^(-2) + 2/3*lamprime[f8]*
         lamprimebar[f8]*T[a99,m4,m2]*T[a97,m2,m4]*e_[l95,l8]*e_[l93,l8
         ]*FourPi^(-2)*I^9*gs^2*MHT^(-2) - 10/9*lamprime[f8]*
         lamprimebar[f8]*T[a99,m4,m6]*T[a97,m6,m4]*e_[l95,l8]*e_[l93,l8
         ]*FourPi^(-2)*I^9*gs^2*MHT^(-2) + 2/3*lamprime[f4]*
         lamprimebar[f4]*T[a99,m2,m6]*T[a97,m6,m2]*e_[l95,l4]*e_[l93,l4
         ]*FourPi^(-2)*I^9*gs^2*MHT^(-2) - 10/9*lamprime[f4]*
         lamprimebar[f4]*T[a99,m2,m8]*T[a97,m8,m2]*e_[l95,l4]*e_[l93,l4
         ]*FourPi^(-2)*I^9*gs^2*MHT^(-2) )

       + p1.pol1*p2.pol2*sSS^2 * ( 1/3*lamprime[f6]*lamprimebar[f6]*T[
         a99,m4,m2]*T[a97,m2,m4]*e_[l6,l95]*e_[l6,l93]*FourPi^(-2)*I^9*
         gs^2*MHT^(-2) + 1/3*lamprime[f8]*lamprimebar[f8]*T[a99,m2,m6]*
         T[a97,m6,m2]*e_[l95,l8]*e_[l93,l8]*FourPi^(-2)*I^9*gs^2*
         MHT^(-2) + 1/3*lamprime[f8]*lamprimebar[f8]*T[a99,m4,m2]*T[a97
         ,m2,m4]*e_[l95,l8]*e_[l93,l8]*FourPi^(-2)*I^9*gs^2*MHT^(-2) + 
         1/3*lamprime[f4]*lamprimebar[f4]*T[a99,m2,m6]*T[a97,m6,m2]*e_[
         l95,l4]*e_[l93,l4]*FourPi^(-2)*I^9*gs^2*MHT^(-2) )

       + p1.pol1*p3.pol2*sSS^2 * (  - 2/3*Log[MHT^2]*lamprime[f6]*
         lamprimebar[f6]*T[a99,m4,m2]*T[a97,m2,m4]*e_[l6,l95]*e_[l6,l93
         ]*FourPi^(-2)*I^9*gs^2*MHT^(-2) + 2/3*Log[MHT^2]*lamprime[f8]*
         lamprimebar[f8]*T[a99,m4,m6]*T[a97,m6,m4]*e_[l95,l8]*e_[l93,l8
         ]*FourPi^(-2)*I^9*gs^2*MHT^(-2) + 11/9*lamprime[f6]*
         lamprimebar[f6]*T[a99,m4,m2]*T[a97,m2,m4]*e_[l6,l95]*e_[l6,l93
         ]*FourPi^(-2)*I^9*gs^2*MHT^(-2) + 2/9*lamprime[f8]*
         lamprimebar[f8]*T[a99,m2,m6]*T[a97,m6,m2]*e_[l95,l8]*e_[l93,l8
         ]*FourPi^(-2)*I^9*gs^2*MHT^(-2) - 5/9*lamprime[f8]*
         lamprimebar[f8]*T[a99,m4,m6]*T[a97,m6,m4]*e_[l95,l8]*e_[l93,l8
         ]*FourPi^(-2)*I^9*gs^2*MHT^(-2) + 4/9*lamprime[f4]*
         lamprimebar[f4]*T[a99,m2,m8]*T[a97,m8,m2]*e_[l95,l4]*e_[l93,l4
         ]*FourPi^(-2)*I^9*gs^2*MHT^(-2) )

       + p1.pol1*pol2.p4*sSS^2 * ( 2/3*Log[MHT^2]*lamprime[f8]*
         lamprimebar[f8]*T[a99,m4,m6]*T[a97,m6,m4]*e_[l95,l8]*e_[l93,l8
         ]*FourPi^(-2)*I^9*gs^2*MHT^(-2) - 2/3*Log[MHT^2]*lamprime[f4]*
         lamprimebar[f4]*T[a99,m2,m6]*T[a97,m6,m2]*e_[l95,l4]*e_[l93,l4
         ]*FourPi^(-2)*I^9*gs^2*MHT^(-2) + 2/9*lamprime[f8]*
         lamprimebar[f8]*T[a99,m4,m2]*T[a97,m2,m4]*e_[l95,l8]*e_[l93,l8
         ]*FourPi^(-2)*I^9*gs^2*MHT^(-2) - 5/9*lamprime[f8]*
         lamprimebar[f8]*T[a99,m4,m6]*T[a97,m6,m4]*e_[l95,l8]*e_[l93,l8
         ]*FourPi^(-2)*I^9*gs^2*MHT^(-2) + 11/9*lamprime[f4]*
         lamprimebar[f4]*T[a99,m2,m6]*T[a97,m6,m2]*e_[l95,l4]*e_[l93,l4
         ]*FourPi^(-2)*I^9*gs^2*MHT^(-2) + 4/9*lamprime[f4]*
         lamprimebar[f4]*T[a99,m2,m8]*T[a97,m8,m2]*e_[l95,l4]*e_[l93,l4
         ]*FourPi^(-2)*I^9*gs^2*MHT^(-2) )

       + p1.pol2*p2.pol1*sSS^2 * ( 1/3*lamprime[f6]*lamprimebar[f6]*T[
         a99,m4,m2]*T[a97,m2,m4]*e_[l6,l95]*e_[l6,l93]*FourPi^(-2)*I^9*
         gs^2*MHT^(-2) + 1/3*lamprime[f4]*lamprimebar[f4]*T[a99,m2,m6]*
         T[a97,m6,m2]*e_[l95,l4]*e_[l93,l4]*FourPi^(-2)*I^9*gs^2*
         MHT^(-2) )

       + p1.pol2*p3.pol1*sSS^2 * ( 4/3*Log[MHT^2]*lamprime[f6]*
         lamprimebar[f6]*T[a99,m4,m2]*T[a97,m2,m4]*e_[l6,l95]*e_[l6,l93
         ]*FourPi^(-2)*I^9*gs^2*MHT^(-2) + 2/3*Log[MHT^2]*lamprime[f8]*
         lamprimebar[f8]*T[a99,m4,m6]*T[a97,m6,m4]*e_[l95,l8]*e_[l93,l8
         ]*FourPi^(-2)*I^9*gs^2*MHT^(-2) + 2/9*lamprime[f6]*
         lamprimebar[f6]*T[a99,m4,m2]*T[a97,m2,m4]*e_[l6,l95]*e_[l6,l93
         ]*FourPi^(-2)*I^9*gs^2*MHT^(-2) + 20/9*lamprime[f8]*
         lamprimebar[f8]*T[a99,m2,m6]*T[a97,m6,m2]*e_[l95,l8]*e_[l93,l8
         ]*FourPi^(-2)*I^9*gs^2*MHT^(-2) - 14/9*lamprime[f8]*
         lamprimebar[f8]*T[a99,m4,m6]*T[a97,m6,m4]*e_[l95,l8]*e_[l93,l8
         ]*FourPi^(-2)*I^9*gs^2*MHT^(-2) - 5/9*lamprime[f4]*
         lamprimebar[f4]*T[a99,m2,m8]*T[a97,m8,m2]*e_[l95,l4]*e_[l93,l4
         ]*FourPi^(-2)*I^9*gs^2*MHT^(-2) )

       + p1.pol2*pol1.p4*sSS^2 * ( 2/3*Log[MHT^2]*lamprime[f8]*
         lamprimebar[f8]*T[a99,m4,m6]*T[a97,m6,m4]*e_[l95,l8]*e_[l93,l8
         ]*FourPi^(-2)*I^9*gs^2*MHT^(-2) + 4/3*Log[MHT^2]*lamprime[f4]*
         lamprimebar[f4]*T[a99,m2,m6]*T[a97,m6,m2]*e_[l95,l4]*e_[l93,l4
         ]*FourPi^(-2)*I^9*gs^2*MHT^(-2) + 20/9*lamprime[f8]*
         lamprimebar[f8]*T[a99,m4,m2]*T[a97,m2,m4]*e_[l95,l8]*e_[l93,l8
         ]*FourPi^(-2)*I^9*gs^2*MHT^(-2) - 14/9*lamprime[f8]*
         lamprimebar[f8]*T[a99,m4,m6]*T[a97,m6,m4]*e_[l95,l8]*e_[l93,l8
         ]*FourPi^(-2)*I^9*gs^2*MHT^(-2) + 2/9*lamprime[f4]*
         lamprimebar[f4]*T[a99,m2,m6]*T[a97,m6,m2]*e_[l95,l4]*e_[l93,l4
         ]*FourPi^(-2)*I^9*gs^2*MHT^(-2) - 5/9*lamprime[f4]*
         lamprimebar[f4]*T[a99,m2,m8]*T[a97,m8,m2]*e_[l95,l4]*e_[l93,l4
         ]*FourPi^(-2)*I^9*gs^2*MHT^(-2) )

       + p2.pol1*p2.pol2*sSS^2 * (  - 2/3*Log[MHT^2]*lamprime[f6]*
         lamprimebar[f6]*T[a99,m4,m2]*T[a97,m2,m4]*e_[l6,l95]*e_[l6,l93
         ]*FourPi^(-2)*I^9*gs^2*MHT^(-2) - 2/3*Log[MHT^2]*lamprime[f4]*
         lamprimebar[f4]*T[a99,m2,m6]*T[a97,m6,m2]*e_[l95,l4]*e_[l93,l4
         ]*FourPi^(-2)*I^9*gs^2*MHT^(-2) + 5/9*lamprime[f6]*
         lamprimebar[f6]*T[a99,m4,m2]*T[a97,m2,m4]*e_[l6,l95]*e_[l6,l93
         ]*FourPi^(-2)*I^9*gs^2*MHT^(-2) - 4/9*lamprime[f8]*
         lamprimebar[f8]*T[a99,m2,m6]*T[a97,m6,m2]*e_[l95,l8]*e_[l93,l8
         ]*FourPi^(-2)*I^9*gs^2*MHT^(-2) - 4/9*lamprime[f8]*
         lamprimebar[f8]*T[a99,m4,m2]*T[a97,m2,m4]*e_[l95,l8]*e_[l93,l8
         ]*FourPi^(-2)*I^9*gs^2*MHT^(-2) + 5/9*lamprime[f4]*
         lamprimebar[f4]*T[a99,m2,m6]*T[a97,m6,m2]*e_[l95,l4]*e_[l93,l4
         ]*FourPi^(-2)*I^9*gs^2*MHT^(-2) )

       + p2.pol1*p3.pol2*sSS^2 * (  - 4/3*Log[MHT^2]*lamprime[f6]*
         lamprimebar[f6]*T[a99,m4,m2]*T[a97,m2,m4]*e_[l6,l95]*e_[l6,l93
         ]*FourPi^(-2)*I^9*gs^2*MHT^(-2) + 10/9*lamprime[f6]*
         lamprimebar[f6]*T[a99,m4,m2]*T[a97,m2,m4]*e_[l6,l95]*e_[l6,l93
         ]*FourPi^(-2)*I^9*gs^2*MHT^(-2) - 8/9*lamprime[f8]*
         lamprimebar[f8]*T[a99,m2,m6]*T[a97,m6,m2]*e_[l95,l8]*e_[l93,l8
         ]*FourPi^(-2)*I^9*gs^2*MHT^(-2) )

       + p2.pol1*pol2.p4*sSS^2 * (  - 4/3*Log[MHT^2]*lamprime[f4]*
         lamprimebar[f4]*T[a99,m2,m6]*T[a97,m6,m2]*e_[l95,l4]*e_[l93,l4
         ]*FourPi^(-2)*I^9*gs^2*MHT^(-2) - 8/9*lamprime[f8]*
         lamprimebar[f8]*T[a99,m4,m2]*T[a97,m2,m4]*e_[l95,l8]*e_[l93,l8
         ]*FourPi^(-2)*I^9*gs^2*MHT^(-2) + 10/9*lamprime[f4]*
         lamprimebar[f4]*T[a99,m2,m6]*T[a97,m6,m2]*e_[l95,l4]*e_[l93,l4
         ]*FourPi^(-2)*I^9*gs^2*MHT^(-2) )

       + p2.pol2*p3.pol1*sSS^2 * ( 2/3*Log[MHT^2]*lamprime[f6]*
         lamprimebar[f6]*T[a99,m4,m2]*T[a97,m2,m4]*e_[l6,l95]*e_[l6,l93
         ]*FourPi^(-2)*I^9*gs^2*MHT^(-2) + 1/9*lamprime[f6]*
         lamprimebar[f6]*T[a99,m4,m2]*T[a97,m2,m4]*e_[l6,l95]*e_[l6,l93
         ]*FourPi^(-2)*I^9*gs^2*MHT^(-2) + 10/9*lamprime[f8]*
         lamprimebar[f8]*T[a99,m2,m6]*T[a97,m6,m2]*e_[l95,l8]*e_[l93,l8
         ]*FourPi^(-2)*I^9*gs^2*MHT^(-2) )

       + p2.pol2*pol1.p4*sSS^2 * ( 2/3*Log[MHT^2]*lamprime[f4]*
         lamprimebar[f4]*T[a99,m2,m6]*T[a97,m6,m2]*e_[l95,l4]*e_[l93,l4
         ]*FourPi^(-2)*I^9*gs^2*MHT^(-2) + 10/9*lamprime[f8]*
         lamprimebar[f8]*T[a99,m4,m2]*T[a97,m2,m4]*e_[l95,l8]*e_[l93,l8
         ]*FourPi^(-2)*I^9*gs^2*MHT^(-2) + 1/9*lamprime[f4]*
         lamprimebar[f4]*T[a99,m2,m6]*T[a97,m6,m2]*e_[l95,l4]*e_[l93,l4
         ]*FourPi^(-2)*I^9*gs^2*MHT^(-2) )

       + p3.pol1*p3.pol2*sSS^2 * ( 2/3*Log[MHT^2]*lamprime[f8]*
         lamprimebar[f8]*T[a99,m4,m6]*T[a97,m6,m4]*e_[l95,l8]*e_[l93,l8
         ]*FourPi^(-2)*I^9*gs^2*MHT^(-2) + 4/3*lamprime[f6]*
         lamprimebar[f6]*T[a99,m4,m2]*T[a97,m2,m4]*e_[l6,l95]*e_[l6,l93
         ]*FourPi^(-2)*I^9*gs^2*MHT^(-2) + 4/3*lamprime[f8]*
         lamprimebar[f8]*T[a99,m2,m6]*T[a97,m6,m2]*e_[l95,l8]*e_[l93,l8
         ]*FourPi^(-2)*I^9*gs^2*MHT^(-2) - 11/9*lamprime[f8]*
         lamprimebar[f8]*T[a99,m4,m6]*T[a97,m6,m4]*e_[l95,l8]*e_[l93,l8
         ]*FourPi^(-2)*I^9*gs^2*MHT^(-2) - 2/9*lamprime[f4]*
         lamprimebar[f4]*T[a99,m2,m8]*T[a97,m8,m2]*e_[l95,l4]*e_[l93,l4
         ]*FourPi^(-2)*I^9*gs^2*MHT^(-2) )

       + p3.pol1*pol2.p4*sSS^2 * ( 2/3*Log[MHT^2]*lamprime[f8]*
         lamprimebar[f8]*T[a99,m4,m6]*T[a97,m6,m4]*e_[l95,l8]*e_[l93,l8
         ]*FourPi^(-2)*I^9*gs^2*MHT^(-2) + 1/9*lamprime[f8]*
         lamprimebar[f8]*T[a99,m4,m6]*T[a97,m6,m4]*e_[l95,l8]*e_[l93,l8
         ]*FourPi^(-2)*I^9*gs^2*MHT^(-2) + 10/9*lamprime[f4]*
         lamprimebar[f4]*T[a99,m2,m8]*T[a97,m8,m2]*e_[l95,l4]*e_[l93,l4
         ]*FourPi^(-2)*I^9*gs^2*MHT^(-2) )

       + p3.pol2*pol1.p4*sSS^2 * ( 2/3*Log[MHT^2]*lamprime[f8]*
         lamprimebar[f8]*T[a99,m4,m6]*T[a97,m6,m4]*e_[l95,l8]*e_[l93,l8
         ]*FourPi^(-2)*I^9*gs^2*MHT^(-2) + 1/9*lamprime[f8]*
         lamprimebar[f8]*T[a99,m4,m6]*T[a97,m6,m4]*e_[l95,l8]*e_[l93,l8
         ]*FourPi^(-2)*I^9*gs^2*MHT^(-2) + 10/9*lamprime[f4]*
         lamprimebar[f4]*T[a99,m2,m8]*T[a97,m8,m2]*e_[l95,l4]*e_[l93,l4
         ]*FourPi^(-2)*I^9*gs^2*MHT^(-2) )

       + pol1.pol2*sSS^2 * (  - 2/3*Log[MHT^2]*lamprime[f6]*
         lamprimebar[f6]*T[a99,m4,m2]*T[a97,m2,m4]*e_[l6,l95]*e_[l6,l93
         ]*p1.p3*FourPi^(-2)*I^9*gs^2*MHT^(-2) + 2/3*Log[MHT^2]*
         lamprime[f6]*lamprimebar[f6]*T[a99,m4,m2]*T[a97,m2,m4]*e_[l6,
         l95]*e_[l6,l93]*p2.p2*FourPi^(-2)*I^9*gs^2*MHT^(-2) + 2/3*Log[
         MHT^2]*lamprime[f6]*lamprimebar[f6]*T[a99,m4,m2]*T[a97,m2,m4]*
         e_[l6,l95]*e_[l6,l93]*p2.p3*FourPi^(-2)*I^9*gs^2*MHT^(-2) - 2/
         3*Log[MHT^2]*lamprime[f8]*lamprimebar[f8]*T[a99,m4,m6]*T[a97,
         m6,m4]*e_[l95,l8]*e_[l93,l8]*p1.p1*FourPi^(-2)*I^9*gs^2*
         MHT^(-2) - 4/3*Log[MHT^2]*lamprime[f8]*lamprimebar[f8]*T[a99,
         m4,m6]*T[a97,m6,m4]*e_[l95,l8]*e_[l93,l8]*p1.p3*FourPi^(-2)*
         I^9*gs^2*MHT^(-2) - 4/3*Log[MHT^2]*lamprime[f8]*lamprimebar[f8
         ]*T[a99,m4,m6]*T[a97,m6,m4]*e_[l95,l8]*e_[l93,l8]*p1.p4*
         FourPi^(-2)*I^9*gs^2*MHT^(-2) - 2/3*Log[MHT^2]*lamprime[f8]*
         lamprimebar[f8]*T[a99,m4,m6]*T[a97,m6,m4]*e_[l95,l8]*e_[l93,l8
         ]*p3.p3*FourPi^(-2)*I^9*gs^2*MHT^(-2) - 4/3*Log[MHT^2]*
         lamprime[f8]*lamprimebar[f8]*T[a99,m4,m6]*T[a97,m6,m4]*e_[l95,
         l8]*e_[l93,l8]*p3.p4*FourPi^(-2)*I^9*gs^2*MHT^(-2) - 2/3*Log[
         MHT^2]*lamprime[f8]*lamprimebar[f8]*T[a99,m4,m6]*T[a97,m6,m4]*
         e_[l95,l8]*e_[l93,l8]*p4.p4*FourPi^(-2)*I^9*gs^2*MHT^(-2) - 2/
         3*Log[MHT^2]*lamprime[f4]*lamprimebar[f4]*T[a99,m2,m6]*T[a97,
         m6,m2]*e_[l95,l4]*e_[l93,l4]*p1.p4*FourPi^(-2)*I^9*gs^2*
         MHT^(-2) + 2/3*Log[MHT^2]*lamprime[f4]*lamprimebar[f4]*T[a99,
         m2,m6]*T[a97,m6,m2]*e_[l95,l4]*e_[l93,l4]*p2.p2*FourPi^(-2)*
         I^9*gs^2*MHT^(-2) + 2/3*Log[MHT^2]*lamprime[f4]*lamprimebar[f4
         ]*T[a99,m2,m6]*T[a97,m6,m2]*e_[l95,l4]*e_[l93,l4]*p2.p4*
         FourPi^(-2)*I^9*gs^2*MHT^(-2) - 2/3*Log[MHT^2]*lamprime[f4]*
         lamprimebar[f4]*T[a99,m2,m8]*T[a97,m8,m2]*e_[l95,l4]*e_[l93,l4
         ]*p1.p1*FourPi^(-2)*I^9*gs^2*MHT^(-2) + 1/3*lamprime[f6]*
         lamprimebar[f6]*T[a99,m4,m2]*T[a97,m2,m4]*e_[l6,l95]*e_[l6,l93
         ]*p1.p1*FourPi^(-2)*I^9*gs^2*MHT^(-2) + 1/3*lamprime[f6]*
         lamprimebar[f6]*T[a99,m4,m2]*T[a97,m2,m4]*e_[l6,l95]*e_[l6,l93
         ]*p1.p2*FourPi^(-2)*I^9*gs^2*MHT^(-2) + 11/9*lamprime[f6]*
         lamprimebar[f6]*T[a99,m4,m2]*T[a97,m2,m4]*e_[l6,l95]*e_[l6,l93
         ]*p1.p3*FourPi^(-2)*I^9*gs^2*MHT^(-2) - 2/9*lamprime[f6]*
         lamprimebar[f6]*T[a99,m4,m2]*T[a97,m2,m4]*e_[l6,l95]*e_[l6,l93
         ]*p2.p2*FourPi^(-2)*I^9*gs^2*MHT^(-2) + 1/9*lamprime[f6]*
         lamprimebar[f6]*T[a99,m4,m2]*T[a97,m2,m4]*e_[l6,l95]*e_[l6,l93
         ]*p2.p3*FourPi^(-2)*I^9*gs^2*MHT^(-2) + 2/3*lamprime[f6]*
         lamprimebar[f6]*T[a99,m4,m2]*T[a97,m2,m4]*e_[l6,l95]*e_[l6,l93
         ]*p3.p3*FourPi^(-2)*I^9*gs^2*MHT^(-2) + 1/3*lamprime[f8]*
         lamprimebar[f8]*T[a99,m2,m6]*T[a97,m6,m2]*e_[l95,l8]*e_[l93,l8
         ]*p1.p1*FourPi^(-2)*I^9*gs^2*MHT^(-2) + 2/3*lamprime[f8]*
         lamprimebar[f8]*T[a99,m2,m6]*T[a97,m6,m2]*e_[l95,l8]*e_[l93,l8
         ]*p1.p2*FourPi^(-2)*I^9*gs^2*MHT^(-2) + 2/9*lamprime[f8]*
         lamprimebar[f8]*T[a99,m2,m6]*T[a97,m6,m2]*e_[l95,l8]*e_[l93,l8
         ]*p1.p3*FourPi^(-2)*I^9*gs^2*MHT^(-2) + 7/9*lamprime[f8]*
         lamprimebar[f8]*T[a99,m2,m6]*T[a97,m6,m2]*e_[l95,l8]*e_[l93,l8
         ]*p2.p2*FourPi^(-2)*I^9*gs^2*MHT^(-2) + 10/9*lamprime[f8]*
         lamprimebar[f8]*T[a99,m2,m6]*T[a97,m6,m2]*e_[l95,l8]*e_[l93,l8
         ]*p2.p3*FourPi^(-2)*I^9*gs^2*MHT^(-2) + 2/3*lamprime[f8]*
         lamprimebar[f8]*T[a99,m2,m6]*T[a97,m6,m2]*e_[l95,l8]*e_[l93,l8
         ]*p3.p3*FourPi^(-2)*I^9*gs^2*MHT^(-2) + 1/3*lamprime[f8]*
         lamprimebar[f8]*T[a99,m4,m2]*T[a97,m2,m4]*e_[l95,l8]*e_[l93,l8
         ]*p1.p1*FourPi^(-2)*I^9*gs^2*MHT^(-2) + 2/3*lamprime[f8]*
         lamprimebar[f8]*T[a99,m4,m2]*T[a97,m2,m4]*e_[l95,l8]*e_[l93,l8
         ]*p1.p2*FourPi^(-2)*I^9*gs^2*MHT^(-2) + 2/9*lamprime[f8]*
         lamprimebar[f8]*T[a99,m4,m2]*T[a97,m2,m4]*e_[l95,l8]*e_[l93,l8
         ]*p1.p4*FourPi^(-2)*I^9*gs^2*MHT^(-2) + 7/9*lamprime[f8]*
         lamprimebar[f8]*T[a99,m4,m2]*T[a97,m2,m4]*e_[l95,l8]*e_[l93,l8
         ]*p2.p2*FourPi^(-2)*I^9*gs^2*MHT^(-2) + 10/9*lamprime[f8]*
         lamprimebar[f8]*T[a99,m4,m2]*T[a97,m2,m4]*e_[l95,l8]*e_[l93,l8
         ]*p2.p4*FourPi^(-2)*I^9*gs^2*MHT^(-2) + 2/3*lamprime[f8]*
         lamprimebar[f8]*T[a99,m4,m2]*T[a97,m2,m4]*e_[l95,l8]*e_[l93,l8
         ]*p4.p4*FourPi^(-2)*I^9*gs^2*MHT^(-2) + 4/9*lamprime[f8]*
         lamprimebar[f8]*T[a99,m4,m6]*T[a97,m6,m4]*e_[l95,l8]*e_[l93,l8
         ]*p1.p1*FourPi^(-2)*I^9*gs^2*MHT^(-2) + 13/9*lamprime[f8]*
         lamprimebar[f8]*T[a99,m4,m6]*T[a97,m6,m4]*e_[l95,l8]*e_[l93,l8
         ]*p1.p3*FourPi^(-2)*I^9*gs^2*MHT^(-2) + 13/9*lamprime[f8]*
         lamprimebar[f8]*T[a99,m4,m6]*T[a97,m6,m4]*e_[l95,l8]*e_[l93,l8
         ]*p1.p4*FourPi^(-2)*I^9*gs^2*MHT^(-2) - 1/9*lamprime[f8]*
         lamprimebar[f8]*T[a99,m4,m6]*T[a97,m6,m4]*e_[l95,l8]*e_[l93,l8
         ]*p3.p3*FourPi^(-2)*I^9*gs^2*MHT^(-2) + 10/9*lamprime[f8]*
         lamprimebar[f8]*T[a99,m4,m6]*T[a97,m6,m4]*e_[l95,l8]*e_[l93,l8
         ]*p3.p4*FourPi^(-2)*I^9*gs^2*MHT^(-2) - 1/9*lamprime[f8]*
         lamprimebar[f8]*T[a99,m4,m6]*T[a97,m6,m4]*e_[l95,l8]*e_[l93,l8
         ]*p4.p4*FourPi^(-2)*I^9*gs^2*MHT^(-2) + 1/3*lamprime[f4]*
         lamprimebar[f4]*T[a99,m2,m6]*T[a97,m6,m2]*e_[l95,l4]*e_[l93,l4
         ]*p1.p1*FourPi^(-2)*I^9*gs^2*MHT^(-2) + 1/3*lamprime[f4]*
         lamprimebar[f4]*T[a99,m2,m6]*T[a97,m6,m2]*e_[l95,l4]*e_[l93,l4
         ]*p1.p2*FourPi^(-2)*I^9*gs^2*MHT^(-2) + 11/9*lamprime[f4]*
         lamprimebar[f4]*T[a99,m2,m6]*T[a97,m6,m2]*e_[l95,l4]*e_[l93,l4
         ]*p1.p4*FourPi^(-2)*I^9*gs^2*MHT^(-2) - 2/9*lamprime[f4]*
         lamprimebar[f4]*T[a99,m2,m6]*T[a97,m6,m2]*e_[l95,l4]*e_[l93,l4
         ]*p2.p2*FourPi^(-2)*I^9*gs^2*MHT^(-2) + 1/9*lamprime[f4]*
         lamprimebar[f4]*T[a99,m2,m6]*T[a97,m6,m2]*e_[l95,l4]*e_[l93,l4
         ]*p2.p4*FourPi^(-2)*I^9*gs^2*MHT^(-2) + 2/3*lamprime[f4]*
         lamprimebar[f4]*T[a99,m2,m6]*T[a97,m6,m2]*e_[l95,l4]*e_[l93,l4
         ]*p4.p4*FourPi^(-2)*I^9*gs^2*MHT^(-2) + 4/9*lamprime[f4]*
         lamprimebar[f4]*T[a99,m2,m8]*T[a97,m8,m2]*e_[l95,l4]*e_[l93,l4
         ]*p1.p1*FourPi^(-2)*I^9*gs^2*MHT^(-2) - 5/9*lamprime[f4]*
         lamprimebar[f4]*T[a99,m2,m8]*T[a97,m8,m2]*e_[l95,l4]*e_[l93,l4
         ]*p1.p3*FourPi^(-2)*I^9*gs^2*MHT^(-2) - 5/9*lamprime[f4]*
         lamprimebar[f4]*T[a99,m2,m8]*T[a97,m8,m2]*e_[l95,l4]*e_[l93,l4
         ]*p1.p4*FourPi^(-2)*I^9*gs^2*MHT^(-2) - 10/9*lamprime[f4]*
         lamprimebar[f4]*T[a99,m2,m8]*T[a97,m8,m2]*e_[l95,l4]*e_[l93,l4
         ]*p3.p3*FourPi^(-2)*I^9*gs^2*MHT^(-2) - 8/9*lamprime[f4]*
         lamprimebar[f4]*T[a99,m2,m8]*T[a97,m8,m2]*e_[l95,l4]*e_[l93,l4
         ]*p3.p4*FourPi^(-2)*I^9*gs^2*MHT^(-2) - 10/9*lamprime[f4]*
         lamprimebar[f4]*T[a99,m2,m8]*T[a97,m8,m2]*e_[l95,l4]*e_[l93,l4
         ]*p4.p4*FourPi^(-2)*I^9*gs^2*MHT^(-2) )

       + pol1.pol2 * (  - Log[MHT^2]*lamprime[f6]*lamprimebar[f6]*T[a99
         ,m4,m2]*T[a97,m2,m4]*e_[l6,l95]*e_[l6,l93]*FourPi^(-2)*I^9*
         gs^2 - Log[MHT^2]*lamprime[f8]*lamprimebar[f8]*T[a99,m2,m6]*T[
         a97,m6,m2]*e_[l95,l8]*e_[l93,l8]*FourPi^(-2)*I^9*gs^2 - Log[
         MHT^2]*lamprime[f8]*lamprimebar[f8]*T[a99,m4,m2]*T[a97,m2,m4]*
         e_[l95,l8]*e_[l93,l8]*FourPi^(-2)*I^9*gs^2 + 2*Log[MHT^2]*
         lamprime[f8]*lamprimebar[f8]*T[a99,m4,m6]*T[a97,m6,m4]*e_[l95,
         l8]*e_[l93,l8]*FourPi^(-2)*I^9*gs^2 - Log[MHT^2]*lamprime[f4]*
         lamprimebar[f4]*T[a99,m2,m6]*T[a97,m6,m2]*e_[l95,l4]*e_[l93,l4
         ]*FourPi^(-2)*I^9*gs^2 + 2*Log[MHT^2]*lamprime[f4]*
         lamprimebar[f4]*T[a99,m2,m8]*T[a97,m8,m2]*e_[l95,l4]*e_[l93,l4
         ]*FourPi^(-2)*I^9*gs^2 + 1/2*lamprime[f6]*lamprimebar[f6]*T[
         a99,m4,m2]*T[a97,m2,m4]*e_[l6,l95]*e_[l6,l93]*FourPi^(-2)*I^9*
         gs^2 + 1/2*lamprime[f8]*lamprimebar[f8]*T[a99,m2,m6]*T[a97,m6,
         m2]*e_[l95,l8]*e_[l93,l8]*FourPi^(-2)*I^9*gs^2 + 1/2*lamprime[
         f8]*lamprimebar[f8]*T[a99,m4,m2]*T[a97,m2,m4]*e_[l95,l8]*e_[
         l93,l8]*FourPi^(-2)*I^9*gs^2 - lamprime[f8]*lamprimebar[f8]*T[
         a99,m4,m6]*T[a97,m6,m4]*e_[l95,l8]*e_[l93,l8]*FourPi^(-2)*I^9*
         gs^2 + 1/2*lamprime[f4]*lamprimebar[f4]*T[a99,m2,m6]*T[a97,m6,
         m2]*e_[l95,l4]*e_[l93,l4]*FourPi^(-2)*I^9*gs^2 - lamprime[f4]*
         lamprimebar[f4]*T[a99,m2,m8]*T[a97,m8,m2]*e_[l95,l4]*e_[l93,l4
         ]*FourPi^(-2)*I^9*gs^2 )

       + pol1.p4*pol2.p4*sSS^2 * ( 2/3*Log[MHT^2]*lamprime[f8]*
         lamprimebar[f8]*T[a99,m4,m6]*T[a97,m6,m4]*e_[l95,l8]*e_[l93,l8
         ]*FourPi^(-2)*I^9*gs^2*MHT^(-2) + 4/3*lamprime[f8]*
         lamprimebar[f8]*T[a99,m4,m2]*T[a97,m2,m4]*e_[l95,l8]*e_[l93,l8
         ]*FourPi^(-2)*I^9*gs^2*MHT^(-2) - 11/9*lamprime[f8]*
         lamprimebar[f8]*T[a99,m4,m6]*T[a97,m6,m4]*e_[l95,l8]*e_[l93,l8
         ]*FourPi^(-2)*I^9*gs^2*MHT^(-2) + 4/3*lamprime[f4]*
         lamprimebar[f4]*T[a99,m2,m6]*T[a97,m6,m2]*e_[l95,l4]*e_[l93,l4
         ]*FourPi^(-2)*I^9*gs^2*MHT^(-2) - 2/9*lamprime[f4]*
         lamprimebar[f4]*T[a99,m2,m8]*T[a97,m8,m2]*e_[l95,l4]*e_[l93,l4
         ]*FourPi^(-2)*I^9*gs^2*MHT^(-2) )

       + e_[p1,p2,pol1,pol2]*sSS^2 * ( 2*Log[MHT^2]*lamprime[f6]*
         lamprimebar[f6]*T[a99,m4,m2]*T[a97,m2,m4]*samb[1,3]*e_[l6,l95]
         *e_[l6,l93]*FourPi^(-2)*I^10*gs^2*MHT^(-2) - 2*Log[MHT^2]*
         lamprime[f6]*lamprimebar[f6]*T[a99,m4,m2]*T[a97,m2,m4]*samb[1,
         4]*e_[l6,l95]*e_[l6,l93]*FourPi^(-2)*I^10*gs^2*MHT^(-2) - 2*
         Log[MHT^2]*lamprime[f6]*lamprimebar[f6]*T[a99,m4,m2]*T[a97,m2,
         m4]*samb[1,5]*e_[l6,l95]*e_[l6,l93]*FourPi^(-2)*I^10*gs^2*
         MHT^(-2) + 2*Log[MHT^2]*lamprime[f6]*lamprimebar[f6]*T[a99,m4,
         m2]*T[a97,m2,m4]*samb[1,6]*e_[l6,l95]*e_[l6,l93]*FourPi^(-2)*
         I^10*gs^2*MHT^(-2) + 2/3*Log[MHT^2]*lamprime[f6]*lamprimebar[
         f6]*T[a99,m4,m2]*T[a97,m2,m4]*samb[1,7]*e_[l6,l95]*e_[l6,l93]*
         FourPi^(-2)*I^10*gs^2*MHT^(-2) - 2/3*Log[MHT^2]*lamprime[f6]*
         lamprimebar[f6]*T[a99,m4,m2]*T[a97,m2,m4]*samb[1,8]*e_[l6,l95]
         *e_[l6,l93]*FourPi^(-2)*I^10*gs^2*MHT^(-2) - 2/3*Log[MHT^2]*
         lamprime[f6]*lamprimebar[f6]*T[a99,m4,m2]*T[a97,m2,m4]*samb[1,
         9]*e_[l6,l95]*e_[l6,l93]*FourPi^(-2)*I^10*gs^2*MHT^(-2) + 2/3*
         Log[MHT^2]*lamprime[f6]*lamprimebar[f6]*T[a99,m4,m2]*T[a97,m2,
         m4]*samb[1,10]*e_[l6,l95]*e_[l6,l93]*FourPi^(-2)*I^10*gs^2*
         MHT^(-2) - 2/3*Log[MHT^2]*lamprime[f6]*lamprimebar[f6]*T[a99,
         m4,m2]*T[a97,m2,m4]*samb[1,11]*e_[l6,l95]*e_[l6,l93]*
         FourPi^(-2)*I^10*gs^2*MHT^(-2) + 2/3*Log[MHT^2]*lamprime[f6]*
         lamprimebar[f6]*T[a99,m4,m2]*T[a97,m2,m4]*samb[1,12]*e_[l6,l95
         ]*e_[l6,l93]*FourPi^(-2)*I^10*gs^2*MHT^(-2) - 2*Log[MHT^2]*
         lamprime[f4]*lamprimebar[f4]*T[a99,m2,m6]*T[a97,m6,m2]*samb[3,
         27]*e_[l95,l4]*e_[l93,l4]*FourPi^(-2)*I^10*gs^2*MHT^(-2) + 2*
         Log[MHT^2]*lamprime[f4]*lamprimebar[f4]*T[a99,m2,m6]*T[a97,m6,
         m2]*samb[3,28]*e_[l95,l4]*e_[l93,l4]*FourPi^(-2)*I^10*gs^2*
         MHT^(-2) + 2*Log[MHT^2]*lamprime[f4]*lamprimebar[f4]*T[a99,m2,
         m6]*T[a97,m6,m2]*samb[3,29]*e_[l95,l4]*e_[l93,l4]*FourPi^(-2)*
         I^10*gs^2*MHT^(-2) - 2*Log[MHT^2]*lamprime[f4]*lamprimebar[f4]
         *T[a99,m2,m6]*T[a97,m6,m2]*samb[3,30]*e_[l95,l4]*e_[l93,l4]*
         FourPi^(-2)*I^10*gs^2*MHT^(-2) - 2/3*Log[MHT^2]*lamprime[f4]*
         lamprimebar[f4]*T[a99,m2,m6]*T[a97,m6,m2]*samb[3,31]*e_[l95,l4
         ]*e_[l93,l4]*FourPi^(-2)*I^10*gs^2*MHT^(-2) + 2/3*Log[MHT^2]*
         lamprime[f4]*lamprimebar[f4]*T[a99,m2,m6]*T[a97,m6,m2]*samb[3,
         32]*e_[l95,l4]*e_[l93,l4]*FourPi^(-2)*I^10*gs^2*MHT^(-2) + 2/3
         *Log[MHT^2]*lamprime[f4]*lamprimebar[f4]*T[a99,m2,m6]*T[a97,m6
         ,m2]*samb[3,33]*e_[l95,l4]*e_[l93,l4]*FourPi^(-2)*I^10*gs^2*
         MHT^(-2) - 2/3*Log[MHT^2]*lamprime[f4]*lamprimebar[f4]*T[a99,
         m2,m6]*T[a97,m6,m2]*samb[3,34]*e_[l95,l4]*e_[l93,l4]*
         FourPi^(-2)*I^10*gs^2*MHT^(-2) + 2/3*Log[MHT^2]*lamprime[f4]*
         lamprimebar[f4]*T[a99,m2,m6]*T[a97,m6,m2]*samb[3,35]*e_[l95,l4
         ]*e_[l93,l4]*FourPi^(-2)*I^10*gs^2*MHT^(-2) - 2/3*Log[MHT^2]*
         lamprime[f4]*lamprimebar[f4]*T[a99,m2,m6]*T[a97,m6,m2]*samb[3,
         36]*e_[l95,l4]*e_[l93,l4]*FourPi^(-2)*I^10*gs^2*MHT^(-2) + 
         lamprime[f6]*lamprimebar[f6]*T[a99,m4,m2]*T[a97,m2,m4]*e_[l6,
         l95]*e_[l6,l93]*FourPi^(-2)*I^10*gs^2*MHT^(-2) - 3*lamprime[f6
         ]*lamprimebar[f6]*T[a99,m4,m2]*T[a97,m2,m4]*samb[1,3]*e_[l6,
         l95]*e_[l6,l93]*FourPi^(-2)*I^10*gs^2*MHT^(-2) + 2*lamprime[f6
         ]*lamprimebar[f6]*T[a99,m4,m2]*T[a97,m2,m4]*samb[1,4]*e_[l6,
         l95]*e_[l6,l93]*FourPi^(-2)*I^10*gs^2*MHT^(-2) + 3*lamprime[f6
         ]*lamprimebar[f6]*T[a99,m4,m2]*T[a97,m2,m4]*samb[1,5]*e_[l6,
         l95]*e_[l6,l93]*FourPi^(-2)*I^10*gs^2*MHT^(-2) - 2*lamprime[f6
         ]*lamprimebar[f6]*T[a99,m4,m2]*T[a97,m2,m4]*samb[1,6]*e_[l6,
         l95]*e_[l6,l93]*FourPi^(-2)*I^10*gs^2*MHT^(-2) - 11/9*
         lamprime[f6]*lamprimebar[f6]*T[a99,m4,m2]*T[a97,m2,m4]*samb[1,
         7]*e_[l6,l95]*e_[l6,l93]*FourPi^(-2)*I^10*gs^2*MHT^(-2) + 8/9*
         lamprime[f6]*lamprimebar[f6]*T[a99,m4,m2]*T[a97,m2,m4]*samb[1,
         8]*e_[l6,l95]*e_[l6,l93]*FourPi^(-2)*I^10*gs^2*MHT^(-2) + 11/9
         *lamprime[f6]*lamprimebar[f6]*T[a99,m4,m2]*T[a97,m2,m4]*samb[1
         ,9]*e_[l6,l95]*e_[l6,l93]*FourPi^(-2)*I^10*gs^2*MHT^(-2) - 8/9
         *lamprime[f6]*lamprimebar[f6]*T[a99,m4,m2]*T[a97,m2,m4]*samb[1
         ,10]*e_[l6,l95]*e_[l6,l93]*FourPi^(-2)*I^10*gs^2*MHT^(-2) + 5/
         9*lamprime[f6]*lamprimebar[f6]*T[a99,m4,m2]*T[a97,m2,m4]*samb[
         1,11]*e_[l6,l95]*e_[l6,l93]*FourPi^(-2)*I^10*gs^2*MHT^(-2) - 2/
         9*lamprime[f6]*lamprimebar[f6]*T[a99,m4,m2]*T[a97,m2,m4]*samb[
         1,12]*e_[l6,l95]*e_[l6,l93]*FourPi^(-2)*I^10*gs^2*MHT^(-2) + 
         lamprime[f8]*lamprimebar[f8]*T[a99,m2,m6]*T[a97,m6,m2]*samb[2,
         15]*e_[l95,l8]*e_[l93,l8]*FourPi^(-2)*I^10*gs^2*MHT^(-2) - 
         lamprime[f8]*lamprimebar[f8]*T[a99,m2,m6]*T[a97,m6,m2]*samb[2,
         16]*e_[l95,l8]*e_[l93,l8]*FourPi^(-2)*I^10*gs^2*MHT^(-2) - 
         lamprime[f8]*lamprimebar[f8]*T[a99,m2,m6]*T[a97,m6,m2]*samb[2,
         17]*e_[l95,l8]*e_[l93,l8]*FourPi^(-2)*I^10*gs^2*MHT^(-2) + 
         lamprime[f8]*lamprimebar[f8]*T[a99,m2,m6]*T[a97,m6,m2]*samb[2,
         18]*e_[l95,l8]*e_[l93,l8]*FourPi^(-2)*I^10*gs^2*MHT^(-2) + 2/9
         *lamprime[f8]*lamprimebar[f8]*T[a99,m2,m6]*T[a97,m6,m2]*samb[2
         ,19]*e_[l95,l8]*e_[l93,l8]*FourPi^(-2)*I^10*gs^2*MHT^(-2) - 2/
         9*lamprime[f8]*lamprimebar[f8]*T[a99,m2,m6]*T[a97,m6,m2]*samb[
         2,20]*e_[l95,l8]*e_[l93,l8]*FourPi^(-2)*I^10*gs^2*MHT^(-2) - 2/
         9*lamprime[f8]*lamprimebar[f8]*T[a99,m2,m6]*T[a97,m6,m2]*samb[
         2,21]*e_[l95,l8]*e_[l93,l8]*FourPi^(-2)*I^10*gs^2*MHT^(-2) + 2/
         9*lamprime[f8]*lamprimebar[f8]*T[a99,m2,m6]*T[a97,m6,m2]*samb[
         2,22]*e_[l95,l8]*e_[l93,l8]*FourPi^(-2)*I^10*gs^2*MHT^(-2) - 5/
         9*lamprime[f8]*lamprimebar[f8]*T[a99,m2,m6]*T[a97,m6,m2]*samb[
         2,23]*e_[l95,l8]*e_[l93,l8]*FourPi^(-2)*I^10*gs^2*MHT^(-2) + 5/
         9*lamprime[f8]*lamprimebar[f8]*T[a99,m2,m6]*T[a97,m6,m2]*samb[
         2,24]*e_[l95,l8]*e_[l93,l8]*FourPi^(-2)*I^10*gs^2*MHT^(-2) - 
         lamprime[f8]*lamprimebar[f8]*T[a99,m4,m2]*T[a97,m2,m4]*samb[4,
         39]*e_[l95,l8]*e_[l93,l8]*FourPi^(-2)*I^10*gs^2*MHT^(-2) + 
         lamprime[f8]*lamprimebar[f8]*T[a99,m4,m2]*T[a97,m2,m4]*samb[4,
         40]*e_[l95,l8]*e_[l93,l8]*FourPi^(-2)*I^10*gs^2*MHT^(-2) + 
         lamprime[f8]*lamprimebar[f8]*T[a99,m4,m2]*T[a97,m2,m4]*samb[4,
         41]*e_[l95,l8]*e_[l93,l8]*FourPi^(-2)*I^10*gs^2*MHT^(-2) - 
         lamprime[f8]*lamprimebar[f8]*T[a99,m4,m2]*T[a97,m2,m4]*samb[4,
         42]*e_[l95,l8]*e_[l93,l8]*FourPi^(-2)*I^10*gs^2*MHT^(-2) - 2/9
         *lamprime[f8]*lamprimebar[f8]*T[a99,m4,m2]*T[a97,m2,m4]*samb[4
         ,43]*e_[l95,l8]*e_[l93,l8]*FourPi^(-2)*I^10*gs^2*MHT^(-2) + 2/
         9*lamprime[f8]*lamprimebar[f8]*T[a99,m4,m2]*T[a97,m2,m4]*samb[
         4,44]*e_[l95,l8]*e_[l93,l8]*FourPi^(-2)*I^10*gs^2*MHT^(-2) + 2/
         9*lamprime[f8]*lamprimebar[f8]*T[a99,m4,m2]*T[a97,m2,m4]*samb[
         4,45]*e_[l95,l8]*e_[l93,l8]*FourPi^(-2)*I^10*gs^2*MHT^(-2) - 2/
         9*lamprime[f8]*lamprimebar[f8]*T[a99,m4,m2]*T[a97,m2,m4]*samb[
         4,46]*e_[l95,l8]*e_[l93,l8]*FourPi^(-2)*I^10*gs^2*MHT^(-2) + 5/
         9*lamprime[f8]*lamprimebar[f8]*T[a99,m4,m2]*T[a97,m2,m4]*samb[
         4,47]*e_[l95,l8]*e_[l93,l8]*FourPi^(-2)*I^10*gs^2*MHT^(-2) - 5/
         9*lamprime[f8]*lamprimebar[f8]*T[a99,m4,m2]*T[a97,m2,m4]*samb[
         4,48]*e_[l95,l8]*e_[l93,l8]*FourPi^(-2)*I^10*gs^2*MHT^(-2) - 
         lamprime[f4]*lamprimebar[f4]*T[a99,m2,m6]*T[a97,m6,m2]*e_[l95,
         l4]*e_[l93,l4]*FourPi^(-2)*I^10*gs^2*MHT^(-2) + 3*lamprime[f4]
         *lamprimebar[f4]*T[a99,m2,m6]*T[a97,m6,m2]*samb[3,27]*e_[l95,
         l4]*e_[l93,l4]*FourPi^(-2)*I^10*gs^2*MHT^(-2) - 2*lamprime[f4]
         *lamprimebar[f4]*T[a99,m2,m6]*T[a97,m6,m2]*samb[3,28]*e_[l95,
         l4]*e_[l93,l4]*FourPi^(-2)*I^10*gs^2*MHT^(-2) - 3*lamprime[f4]
         *lamprimebar[f4]*T[a99,m2,m6]*T[a97,m6,m2]*samb[3,29]*e_[l95,
         l4]*e_[l93,l4]*FourPi^(-2)*I^10*gs^2*MHT^(-2) + 2*lamprime[f4]
         *lamprimebar[f4]*T[a99,m2,m6]*T[a97,m6,m2]*samb[3,30]*e_[l95,
         l4]*e_[l93,l4]*FourPi^(-2)*I^10*gs^2*MHT^(-2) + 11/9*lamprime[
         f4]*lamprimebar[f4]*T[a99,m2,m6]*T[a97,m6,m2]*samb[3,31]*e_[
         l95,l4]*e_[l93,l4]*FourPi^(-2)*I^10*gs^2*MHT^(-2) - 8/9*
         lamprime[f4]*lamprimebar[f4]*T[a99,m2,m6]*T[a97,m6,m2]*samb[3,
         32]*e_[l95,l4]*e_[l93,l4]*FourPi^(-2)*I^10*gs^2*MHT^(-2) - 11/
         9*lamprime[f4]*lamprimebar[f4]*T[a99,m2,m6]*T[a97,m6,m2]*samb[
         3,33]*e_[l95,l4]*e_[l93,l4]*FourPi^(-2)*I^10*gs^2*MHT^(-2) + 8/
         9*lamprime[f4]*lamprimebar[f4]*T[a99,m2,m6]*T[a97,m6,m2]*samb[
         3,34]*e_[l95,l4]*e_[l93,l4]*FourPi^(-2)*I^10*gs^2*MHT^(-2) - 5/
         9*lamprime[f4]*lamprimebar[f4]*T[a99,m2,m6]*T[a97,m6,m2]*samb[
         3,35]*e_[l95,l4]*e_[l93,l4]*FourPi^(-2)*I^10*gs^2*MHT^(-2) + 2/
         9*lamprime[f4]*lamprimebar[f4]*T[a99,m2,m6]*T[a97,m6,m2]*samb[
         3,36]*e_[l95,l4]*e_[l93,l4]*FourPi^(-2)*I^10*gs^2*MHT^(-2) )

       + e_[p1,p3,pol1,pol2]*sSS^2 * ( 2*Log[MHT^2]*lamprime[f6]*
         lamprimebar[f6]*T[a99,m4,m2]*T[a97,m2,m4]*samb[1,1]*e_[l6,l95]
         *e_[l6,l93]*FourPi^(-2)*I^10*gs^2*MHT^(-2) - 2*Log[MHT^2]*
         lamprime[f6]*lamprimebar[f6]*T[a99,m4,m2]*T[a97,m2,m4]*samb[1,
         2]*e_[l6,l95]*e_[l6,l93]*FourPi^(-2)*I^10*gs^2*MHT^(-2) - 2/3*
         Log[MHT^2]*lamprime[f6]*lamprimebar[f6]*T[a99,m4,m2]*T[a97,m2,
         m4]*samb[1,9]*e_[l6,l95]*e_[l6,l93]*FourPi^(-2)*I^10*gs^2*
         MHT^(-2) + 2/3*Log[MHT^2]*lamprime[f6]*lamprimebar[f6]*T[a99,
         m4,m2]*T[a97,m2,m4]*samb[1,10]*e_[l6,l95]*e_[l6,l93]*
         FourPi^(-2)*I^10*gs^2*MHT^(-2) - 3*lamprime[f6]*lamprimebar[f6
         ]*T[a99,m4,m2]*T[a97,m2,m4]*samb[1,1]*e_[l6,l95]*e_[l6,l93]*
         FourPi^(-2)*I^10*gs^2*MHT^(-2) + 2*lamprime[f6]*lamprimebar[f6
         ]*T[a99,m4,m2]*T[a97,m2,m4]*samb[1,2]*e_[l6,l95]*e_[l6,l93]*
         FourPi^(-2)*I^10*gs^2*MHT^(-2) - 2/3*lamprime[f6]*lamprimebar[
         f6]*T[a99,m4,m2]*T[a97,m2,m4]*samb[1,7]*e_[l6,l95]*e_[l6,l93]*
         FourPi^(-2)*I^10*gs^2*MHT^(-2) + 2/3*lamprime[f6]*lamprimebar[
         f6]*T[a99,m4,m2]*T[a97,m2,m4]*samb[1,8]*e_[l6,l95]*e_[l6,l93]*
         FourPi^(-2)*I^10*gs^2*MHT^(-2) + 11/9*lamprime[f6]*
         lamprimebar[f6]*T[a99,m4,m2]*T[a97,m2,m4]*samb[1,9]*e_[l6,l95]
         *e_[l6,l93]*FourPi^(-2)*I^10*gs^2*MHT^(-2) - 8/9*lamprime[f6]*
         lamprimebar[f6]*T[a99,m4,m2]*T[a97,m2,m4]*samb[1,10]*e_[l6,l95
         ]*e_[l6,l93]*FourPi^(-2)*I^10*gs^2*MHT^(-2) + lamprime[f8]*
         lamprimebar[f8]*T[a99,m2,m6]*T[a97,m6,m2]*samb[2,13]*e_[l95,l8
         ]*e_[l93,l8]*FourPi^(-2)*I^10*gs^2*MHT^(-2) - lamprime[f8]*
         lamprimebar[f8]*T[a99,m2,m6]*T[a97,m6,m2]*samb[2,14]*e_[l95,l8
         ]*e_[l93,l8]*FourPi^(-2)*I^10*gs^2*MHT^(-2) - 1/3*lamprime[f8]
         *lamprimebar[f8]*T[a99,m2,m6]*T[a97,m6,m2]*samb[2,19]*e_[l95,
         l8]*e_[l93,l8]*FourPi^(-2)*I^10*gs^2*MHT^(-2) + 1/3*lamprime[
         f8]*lamprimebar[f8]*T[a99,m2,m6]*T[a97,m6,m2]*samb[2,20]*e_[
         l95,l8]*e_[l93,l8]*FourPi^(-2)*I^10*gs^2*MHT^(-2) - 2/9*
         lamprime[f8]*lamprimebar[f8]*T[a99,m2,m6]*T[a97,m6,m2]*samb[2,
         21]*e_[l95,l8]*e_[l93,l8]*FourPi^(-2)*I^10*gs^2*MHT^(-2) + 2/9
         *lamprime[f8]*lamprimebar[f8]*T[a99,m2,m6]*T[a97,m6,m2]*samb[2
         ,22]*e_[l95,l8]*e_[l93,l8]*FourPi^(-2)*I^10*gs^2*MHT^(-2) + 2*
         lamprime[f8]*lamprimebar[f8]*T[a99,m4,m6]*T[a97,m6,m4]*samb[6,
         63]*e_[l95,l8]*e_[l93,l8]*FourPi^(-2)*I^10*gs^2*MHT^(-2) - 2*
         lamprime[f8]*lamprimebar[f8]*T[a99,m4,m6]*T[a97,m6,m4]*samb[6,
         64]*e_[l95,l8]*e_[l93,l8]*FourPi^(-2)*I^10*gs^2*MHT^(-2) - 2*
         lamprime[f8]*lamprimebar[f8]*T[a99,m4,m6]*T[a97,m6,m4]*samb[6,
         65]*e_[l95,l8]*e_[l93,l8]*FourPi^(-2)*I^10*gs^2*MHT^(-2) + 2*
         lamprime[f8]*lamprimebar[f8]*T[a99,m4,m6]*T[a97,m6,m4]*samb[6,
         66]*e_[l95,l8]*e_[l93,l8]*FourPi^(-2)*I^10*gs^2*MHT^(-2) + 2/3
         *lamprime[f8]*lamprimebar[f8]*T[a99,m4,m6]*T[a97,m6,m4]*samb[6
         ,67]*e_[l95,l8]*e_[l93,l8]*FourPi^(-2)*I^10*gs^2*MHT^(-2) - 2/
         3*lamprime[f8]*lamprimebar[f8]*T[a99,m4,m6]*T[a97,m6,m4]*samb[
         6,68]*e_[l95,l8]*e_[l93,l8]*FourPi^(-2)*I^10*gs^2*MHT^(-2) - 2/
         3*lamprime[f8]*lamprimebar[f8]*T[a99,m4,m6]*T[a97,m6,m4]*samb[
         6,69]*e_[l95,l8]*e_[l93,l8]*FourPi^(-2)*I^10*gs^2*MHT^(-2) + 2/
         3*lamprime[f8]*lamprimebar[f8]*T[a99,m4,m6]*T[a97,m6,m4]*samb[
         6,70]*e_[l95,l8]*e_[l93,l8]*FourPi^(-2)*I^10*gs^2*MHT^(-2) - 
         lamprime[f8]*lamprimebar[f8]*T[a99,m4,m6]*T[a97,m6,m4]*samb[6,
         71]*e_[l95,l8]*e_[l93,l8]*FourPi^(-2)*I^10*gs^2*MHT^(-2) + 
         lamprime[f8]*lamprimebar[f8]*T[a99,m4,m6]*T[a97,m6,m4]*samb[6,
         72]*e_[l95,l8]*e_[l93,l8]*FourPi^(-2)*I^10*gs^2*MHT^(-2) + 2*
         lamprime[f4]*lamprimebar[f4]*T[a99,m2,m8]*T[a97,m8,m2]*samb[5,
         51]*e_[l95,l4]*e_[l93,l4]*FourPi^(-2)*I^10*gs^2*MHT^(-2) - 2*
         lamprime[f4]*lamprimebar[f4]*T[a99,m2,m8]*T[a97,m8,m2]*samb[5,
         52]*e_[l95,l4]*e_[l93,l4]*FourPi^(-2)*I^10*gs^2*MHT^(-2) - 2*
         lamprime[f4]*lamprimebar[f4]*T[a99,m2,m8]*T[a97,m8,m2]*samb[5,
         53]*e_[l95,l4]*e_[l93,l4]*FourPi^(-2)*I^10*gs^2*MHT^(-2) + 2*
         lamprime[f4]*lamprimebar[f4]*T[a99,m2,m8]*T[a97,m8,m2]*samb[5,
         54]*e_[l95,l4]*e_[l93,l4]*FourPi^(-2)*I^10*gs^2*MHT^(-2) + 1/3
         *lamprime[f4]*lamprimebar[f4]*T[a99,m2,m8]*T[a97,m8,m2]*samb[5
         ,55]*e_[l95,l4]*e_[l93,l4]*FourPi^(-2)*I^10*gs^2*MHT^(-2) - 1/
         3*lamprime[f4]*lamprimebar[f4]*T[a99,m2,m8]*T[a97,m8,m2]*samb[
         5,56]*e_[l95,l4]*e_[l93,l4]*FourPi^(-2)*I^10*gs^2*MHT^(-2) - 1/
         3*lamprime[f4]*lamprimebar[f4]*T[a99,m2,m8]*T[a97,m8,m2]*samb[
         5,57]*e_[l95,l4]*e_[l93,l4]*FourPi^(-2)*I^10*gs^2*MHT^(-2) + 1/
         3*lamprime[f4]*lamprimebar[f4]*T[a99,m2,m8]*T[a97,m8,m2]*samb[
         5,58]*e_[l95,l4]*e_[l93,l4]*FourPi^(-2)*I^10*gs^2*MHT^(-2) - 
         lamprime[f4]*lamprimebar[f4]*T[a99,m2,m8]*T[a97,m8,m2]*samb[5,
         59]*e_[l95,l4]*e_[l93,l4]*FourPi^(-2)*I^10*gs^2*MHT^(-2) + 
         lamprime[f4]*lamprimebar[f4]*T[a99,m2,m8]*T[a97,m8,m2]*samb[5,
         60]*e_[l95,l4]*e_[l93,l4]*FourPi^(-2)*I^10*gs^2*MHT^(-2) )

       + e_[p1,pol1,pol2,p4]*sSS^2 * (  - 2*Log[MHT^2]*lamprime[f4]*
         lamprimebar[f4]*T[a99,m2,m6]*T[a97,m6,m2]*samb[3,25]*e_[l95,l4
         ]*e_[l93,l4]*FourPi^(-2)*I^10*gs^2*MHT^(-2) + 2*Log[MHT^2]*
         lamprime[f4]*lamprimebar[f4]*T[a99,m2,m6]*T[a97,m6,m2]*samb[3,
         26]*e_[l95,l4]*e_[l93,l4]*FourPi^(-2)*I^10*gs^2*MHT^(-2) + 2/3
         *Log[MHT^2]*lamprime[f4]*lamprimebar[f4]*T[a99,m2,m6]*T[a97,m6
         ,m2]*samb[3,33]*e_[l95,l4]*e_[l93,l4]*FourPi^(-2)*I^10*gs^2*
         MHT^(-2) - 2/3*Log[MHT^2]*lamprime[f4]*lamprimebar[f4]*T[a99,
         m2,m6]*T[a97,m6,m2]*samb[3,34]*e_[l95,l4]*e_[l93,l4]*
         FourPi^(-2)*I^10*gs^2*MHT^(-2) - lamprime[f8]*lamprimebar[f8]*
         T[a99,m4,m2]*T[a97,m2,m4]*samb[4,37]*e_[l95,l8]*e_[l93,l8]*
         FourPi^(-2)*I^10*gs^2*MHT^(-2) + lamprime[f8]*lamprimebar[f8]*
         T[a99,m4,m2]*T[a97,m2,m4]*samb[4,38]*e_[l95,l8]*e_[l93,l8]*
         FourPi^(-2)*I^10*gs^2*MHT^(-2) + 1/3*lamprime[f8]*lamprimebar[
         f8]*T[a99,m4,m2]*T[a97,m2,m4]*samb[4,43]*e_[l95,l8]*e_[l93,l8]
         *FourPi^(-2)*I^10*gs^2*MHT^(-2) - 1/3*lamprime[f8]*
         lamprimebar[f8]*T[a99,m4,m2]*T[a97,m2,m4]*samb[4,44]*e_[l95,l8
         ]*e_[l93,l8]*FourPi^(-2)*I^10*gs^2*MHT^(-2) + 2/9*lamprime[f8]
         *lamprimebar[f8]*T[a99,m4,m2]*T[a97,m2,m4]*samb[4,45]*e_[l95,
         l8]*e_[l93,l8]*FourPi^(-2)*I^10*gs^2*MHT^(-2) - 2/9*lamprime[
         f8]*lamprimebar[f8]*T[a99,m4,m2]*T[a97,m2,m4]*samb[4,46]*e_[
         l95,l8]*e_[l93,l8]*FourPi^(-2)*I^10*gs^2*MHT^(-2) + 2*
         lamprime[f8]*lamprimebar[f8]*T[a99,m4,m6]*T[a97,m6,m4]*samb[6,
         61]*e_[l95,l8]*e_[l93,l8]*FourPi^(-2)*I^10*gs^2*MHT^(-2) - 2*
         lamprime[f8]*lamprimebar[f8]*T[a99,m4,m6]*T[a97,m6,m4]*samb[6,
         62]*e_[l95,l8]*e_[l93,l8]*FourPi^(-2)*I^10*gs^2*MHT^(-2) - 2/3
         *lamprime[f8]*lamprimebar[f8]*T[a99,m4,m6]*T[a97,m6,m4]*samb[6
         ,67]*e_[l95,l8]*e_[l93,l8]*FourPi^(-2)*I^10*gs^2*MHT^(-2) + 2/
         3*lamprime[f8]*lamprimebar[f8]*T[a99,m4,m6]*T[a97,m6,m4]*samb[
         6,68]*e_[l95,l8]*e_[l93,l8]*FourPi^(-2)*I^10*gs^2*MHT^(-2) - 1/
         3*lamprime[f8]*lamprimebar[f8]*T[a99,m4,m6]*T[a97,m6,m4]*samb[
         6,69]*e_[l95,l8]*e_[l93,l8]*FourPi^(-2)*I^10*gs^2*MHT^(-2) + 1/
         3*lamprime[f8]*lamprimebar[f8]*T[a99,m4,m6]*T[a97,m6,m4]*samb[
         6,70]*e_[l95,l8]*e_[l93,l8]*FourPi^(-2)*I^10*gs^2*MHT^(-2) + 3
         *lamprime[f4]*lamprimebar[f4]*T[a99,m2,m6]*T[a97,m6,m2]*samb[3
         ,25]*e_[l95,l4]*e_[l93,l4]*FourPi^(-2)*I^10*gs^2*MHT^(-2) - 2*
         lamprime[f4]*lamprimebar[f4]*T[a99,m2,m6]*T[a97,m6,m2]*samb[3,
         26]*e_[l95,l4]*e_[l93,l4]*FourPi^(-2)*I^10*gs^2*MHT^(-2) + 2/3
         *lamprime[f4]*lamprimebar[f4]*T[a99,m2,m6]*T[a97,m6,m2]*samb[3
         ,31]*e_[l95,l4]*e_[l93,l4]*FourPi^(-2)*I^10*gs^2*MHT^(-2) - 2/
         3*lamprime[f4]*lamprimebar[f4]*T[a99,m2,m6]*T[a97,m6,m2]*samb[
         3,32]*e_[l95,l4]*e_[l93,l4]*FourPi^(-2)*I^10*gs^2*MHT^(-2) - 
         11/9*lamprime[f4]*lamprimebar[f4]*T[a99,m2,m6]*T[a97,m6,m2]*
         samb[3,33]*e_[l95,l4]*e_[l93,l4]*FourPi^(-2)*I^10*gs^2*
         MHT^(-2) + 8/9*lamprime[f4]*lamprimebar[f4]*T[a99,m2,m6]*T[a97
         ,m6,m2]*samb[3,34]*e_[l95,l4]*e_[l93,l4]*FourPi^(-2)*I^10*gs^2
         *MHT^(-2) + 2*lamprime[f4]*lamprimebar[f4]*T[a99,m2,m8]*T[a97,
         m8,m2]*samb[5,49]*e_[l95,l4]*e_[l93,l4]*FourPi^(-2)*I^10*gs^2*
         MHT^(-2) - 2*lamprime[f4]*lamprimebar[f4]*T[a99,m2,m8]*T[a97,
         m8,m2]*samb[5,50]*e_[l95,l4]*e_[l93,l4]*FourPi^(-2)*I^10*gs^2*
         MHT^(-2) - 1/3*lamprime[f4]*lamprimebar[f4]*T[a99,m2,m8]*T[a97
         ,m8,m2]*samb[5,55]*e_[l95,l4]*e_[l93,l4]*FourPi^(-2)*I^10*gs^2
         *MHT^(-2) + 1/3*lamprime[f4]*lamprimebar[f4]*T[a99,m2,m8]*T[
         a97,m8,m2]*samb[5,56]*e_[l95,l4]*e_[l93,l4]*FourPi^(-2)*I^10*
         gs^2*MHT^(-2) - 2/3*lamprime[f4]*lamprimebar[f4]*T[a99,m2,m8]*
         T[a97,m8,m2]*samb[5,57]*e_[l95,l4]*e_[l93,l4]*FourPi^(-2)*I^10
         *gs^2*MHT^(-2) + 2/3*lamprime[f4]*lamprimebar[f4]*T[a99,m2,m8]
         *T[a97,m8,m2]*samb[5,58]*e_[l95,l4]*e_[l93,l4]*FourPi^(-2)*
         I^10*gs^2*MHT^(-2) )

       + e_[p2,p3,pol1,pol2]*sSS^2 * ( 2*Log[MHT^2]*lamprime[f6]*
         lamprimebar[f6]*T[a99,m4,m2]*T[a97,m2,m4]*samb[1,5]*e_[l6,l95]
         *e_[l6,l93]*FourPi^(-2)*I^10*gs^2*MHT^(-2) - 2*Log[MHT^2]*
         lamprime[f6]*lamprimebar[f6]*T[a99,m4,m2]*T[a97,m2,m4]*samb[1,
         6]*e_[l6,l95]*e_[l6,l93]*FourPi^(-2)*I^10*gs^2*MHT^(-2) + 2/3*
         Log[MHT^2]*lamprime[f6]*lamprimebar[f6]*T[a99,m4,m2]*T[a97,m2,
         m4]*samb[1,9]*e_[l6,l95]*e_[l6,l93]*FourPi^(-2)*I^10*gs^2*
         MHT^(-2) - 2/3*Log[MHT^2]*lamprime[f6]*lamprimebar[f6]*T[a99,
         m4,m2]*T[a97,m2,m4]*samb[1,10]*e_[l6,l95]*e_[l6,l93]*
         FourPi^(-2)*I^10*gs^2*MHT^(-2) - 2*lamprime[f6]*lamprimebar[f6
         ]*T[a99,m4,m2]*T[a97,m2,m4]*e_[l6,l95]*e_[l6,l93]*FourPi^(-2)*
         I^10*gs^2*MHT^(-2) - 3*lamprime[f6]*lamprimebar[f6]*T[a99,m4,
         m2]*T[a97,m2,m4]*samb[1,5]*e_[l6,l95]*e_[l6,l93]*FourPi^(-2)*
         I^10*gs^2*MHT^(-2) + 2*lamprime[f6]*lamprimebar[f6]*T[a99,m4,
         m2]*T[a97,m2,m4]*samb[1,6]*e_[l6,l95]*e_[l6,l93]*FourPi^(-2)*
         I^10*gs^2*MHT^(-2) - 11/9*lamprime[f6]*lamprimebar[f6]*T[a99,
         m4,m2]*T[a97,m2,m4]*samb[1,9]*e_[l6,l95]*e_[l6,l93]*
         FourPi^(-2)*I^10*gs^2*MHT^(-2) + 8/9*lamprime[f6]*lamprimebar[
         f6]*T[a99,m4,m2]*T[a97,m2,m4]*samb[1,10]*e_[l6,l95]*e_[l6,l93]
         *FourPi^(-2)*I^10*gs^2*MHT^(-2) + 2/3*lamprime[f6]*
         lamprimebar[f6]*T[a99,m4,m2]*T[a97,m2,m4]*samb[1,11]*e_[l6,l95
         ]*e_[l6,l93]*FourPi^(-2)*I^10*gs^2*MHT^(-2) - 2/3*lamprime[f6]
         *lamprimebar[f6]*T[a99,m4,m2]*T[a97,m2,m4]*samb[1,12]*e_[l6,
         l95]*e_[l6,l93]*FourPi^(-2)*I^10*gs^2*MHT^(-2) + lamprime[f8]*
         lamprimebar[f8]*T[a99,m2,m6]*T[a97,m6,m2]*samb[2,17]*e_[l95,l8
         ]*e_[l93,l8]*FourPi^(-2)*I^10*gs^2*MHT^(-2) - lamprime[f8]*
         lamprimebar[f8]*T[a99,m2,m6]*T[a97,m6,m2]*samb[2,18]*e_[l95,l8
         ]*e_[l93,l8]*FourPi^(-2)*I^10*gs^2*MHT^(-2) + 2/9*lamprime[f8]
         *lamprimebar[f8]*T[a99,m2,m6]*T[a97,m6,m2]*samb[2,21]*e_[l95,
         l8]*e_[l93,l8]*FourPi^(-2)*I^10*gs^2*MHT^(-2) - 2/9*lamprime[
         f8]*lamprimebar[f8]*T[a99,m2,m6]*T[a97,m6,m2]*samb[2,22]*e_[
         l95,l8]*e_[l93,l8]*FourPi^(-2)*I^10*gs^2*MHT^(-2) + 1/3*
         lamprime[f8]*lamprimebar[f8]*T[a99,m2,m6]*T[a97,m6,m2]*samb[2,
         23]*e_[l95,l8]*e_[l93,l8]*FourPi^(-2)*I^10*gs^2*MHT^(-2) - 1/3
         *lamprime[f8]*lamprimebar[f8]*T[a99,m2,m6]*T[a97,m6,m2]*samb[2
         ,24]*e_[l95,l8]*e_[l93,l8]*FourPi^(-2)*I^10*gs^2*MHT^(-2) )

       + e_[p2,pol1,pol2,p4]*sSS^2 * (  - 2*Log[MHT^2]*lamprime[f4]*
         lamprimebar[f4]*T[a99,m2,m6]*T[a97,m6,m2]*samb[3,29]*e_[l95,l4
         ]*e_[l93,l4]*FourPi^(-2)*I^10*gs^2*MHT^(-2) + 2*Log[MHT^2]*
         lamprime[f4]*lamprimebar[f4]*T[a99,m2,m6]*T[a97,m6,m2]*samb[3,
         30]*e_[l95,l4]*e_[l93,l4]*FourPi^(-2)*I^10*gs^2*MHT^(-2) - 2/3
         *Log[MHT^2]*lamprime[f4]*lamprimebar[f4]*T[a99,m2,m6]*T[a97,m6
         ,m2]*samb[3,33]*e_[l95,l4]*e_[l93,l4]*FourPi^(-2)*I^10*gs^2*
         MHT^(-2) + 2/3*Log[MHT^2]*lamprime[f4]*lamprimebar[f4]*T[a99,
         m2,m6]*T[a97,m6,m2]*samb[3,34]*e_[l95,l4]*e_[l93,l4]*
         FourPi^(-2)*I^10*gs^2*MHT^(-2) - lamprime[f8]*lamprimebar[f8]*
         T[a99,m4,m2]*T[a97,m2,m4]*samb[4,41]*e_[l95,l8]*e_[l93,l8]*
         FourPi^(-2)*I^10*gs^2*MHT^(-2) + lamprime[f8]*lamprimebar[f8]*
         T[a99,m4,m2]*T[a97,m2,m4]*samb[4,42]*e_[l95,l8]*e_[l93,l8]*
         FourPi^(-2)*I^10*gs^2*MHT^(-2) - 2/9*lamprime[f8]*lamprimebar[
         f8]*T[a99,m4,m2]*T[a97,m2,m4]*samb[4,45]*e_[l95,l8]*e_[l93,l8]
         *FourPi^(-2)*I^10*gs^2*MHT^(-2) + 2/9*lamprime[f8]*
         lamprimebar[f8]*T[a99,m4,m2]*T[a97,m2,m4]*samb[4,46]*e_[l95,l8
         ]*e_[l93,l8]*FourPi^(-2)*I^10*gs^2*MHT^(-2) - 1/3*lamprime[f8]
         *lamprimebar[f8]*T[a99,m4,m2]*T[a97,m2,m4]*samb[4,47]*e_[l95,
         l8]*e_[l93,l8]*FourPi^(-2)*I^10*gs^2*MHT^(-2) + 1/3*lamprime[
         f8]*lamprimebar[f8]*T[a99,m4,m2]*T[a97,m2,m4]*samb[4,48]*e_[
         l95,l8]*e_[l93,l8]*FourPi^(-2)*I^10*gs^2*MHT^(-2) + 2*
         lamprime[f4]*lamprimebar[f4]*T[a99,m2,m6]*T[a97,m6,m2]*e_[l95,
         l4]*e_[l93,l4]*FourPi^(-2)*I^10*gs^2*MHT^(-2) + 3*lamprime[f4]
         *lamprimebar[f4]*T[a99,m2,m6]*T[a97,m6,m2]*samb[3,29]*e_[l95,
         l4]*e_[l93,l4]*FourPi^(-2)*I^10*gs^2*MHT^(-2) - 2*lamprime[f4]
         *lamprimebar[f4]*T[a99,m2,m6]*T[a97,m6,m2]*samb[3,30]*e_[l95,
         l4]*e_[l93,l4]*FourPi^(-2)*I^10*gs^2*MHT^(-2) + 11/9*lamprime[
         f4]*lamprimebar[f4]*T[a99,m2,m6]*T[a97,m6,m2]*samb[3,33]*e_[
         l95,l4]*e_[l93,l4]*FourPi^(-2)*I^10*gs^2*MHT^(-2) - 8/9*
         lamprime[f4]*lamprimebar[f4]*T[a99,m2,m6]*T[a97,m6,m2]*samb[3,
         34]*e_[l95,l4]*e_[l93,l4]*FourPi^(-2)*I^10*gs^2*MHT^(-2) - 2/3
         *lamprime[f4]*lamprimebar[f4]*T[a99,m2,m6]*T[a97,m6,m2]*samb[3
         ,35]*e_[l95,l4]*e_[l93,l4]*FourPi^(-2)*I^10*gs^2*MHT^(-2) + 2/
         3*lamprime[f4]*lamprimebar[f4]*T[a99,m2,m6]*T[a97,m6,m2]*samb[
         3,36]*e_[l95,l4]*e_[l93,l4]*FourPi^(-2)*I^10*gs^2*MHT^(-2) )

       + e_[p3,pol1,pol2,p4]*sSS^2 * ( 2*lamprime[f8]*lamprimebar[f8]*
         T[a99,m4,m6]*T[a97,m6,m4]*samb[6,65]*e_[l95,l8]*e_[l93,l8]*
         FourPi^(-2)*I^10*gs^2*MHT^(-2) - 2*lamprime[f8]*lamprimebar[f8
         ]*T[a99,m4,m6]*T[a97,m6,m4]*samb[6,66]*e_[l95,l8]*e_[l93,l8]*
         FourPi^(-2)*I^10*gs^2*MHT^(-2) + 2/3*lamprime[f8]*lamprimebar[
         f8]*T[a99,m4,m6]*T[a97,m6,m4]*samb[6,69]*e_[l95,l8]*e_[l93,l8]
         *FourPi^(-2)*I^10*gs^2*MHT^(-2) - 2/3*lamprime[f8]*
         lamprimebar[f8]*T[a99,m4,m6]*T[a97,m6,m4]*samb[6,70]*e_[l95,l8
         ]*e_[l93,l8]*FourPi^(-2)*I^10*gs^2*MHT^(-2) + 2/3*lamprime[f8]
         *lamprimebar[f8]*T[a99,m4,m6]*T[a97,m6,m4]*samb[6,71]*e_[l95,
         l8]*e_[l93,l8]*FourPi^(-2)*I^10*gs^2*MHT^(-2) - 2/3*lamprime[
         f8]*lamprimebar[f8]*T[a99,m4,m6]*T[a97,m6,m4]*samb[6,72]*e_[
         l95,l8]*e_[l93,l8]*FourPi^(-2)*I^10*gs^2*MHT^(-2) + 2*
         lamprime[f4]*lamprimebar[f4]*T[a99,m2,m8]*T[a97,m8,m2]*samb[5,
         53]*e_[l95,l4]*e_[l93,l4]*FourPi^(-2)*I^10*gs^2*MHT^(-2) - 2*
         lamprime[f4]*lamprimebar[f4]*T[a99,m2,m8]*T[a97,m8,m2]*samb[5,
         54]*e_[l95,l4]*e_[l93,l4]*FourPi^(-2)*I^10*gs^2*MHT^(-2) + 1/3
         *lamprime[f4]*lamprimebar[f4]*T[a99,m2,m8]*T[a97,m8,m2]*samb[5
         ,57]*e_[l95,l4]*e_[l93,l4]*FourPi^(-2)*I^10*gs^2*MHT^(-2) - 1/
         3*lamprime[f4]*lamprimebar[f4]*T[a99,m2,m8]*T[a97,m8,m2]*samb[
         5,58]*e_[l95,l4]*e_[l93,l4]*FourPi^(-2)*I^10*gs^2*MHT^(-2) + 1/
         3*lamprime[f4]*lamprimebar[f4]*T[a99,m2,m8]*T[a97,m8,m2]*samb[
         5,59]*e_[l95,l4]*e_[l93,l4]*FourPi^(-2)*I^10*gs^2*MHT^(-2) - 1/
         3*lamprime[f4]*lamprimebar[f4]*T[a99,m2,m8]*T[a97,m8,m2]*samb[
         5,60]*e_[l95,l4]*e_[l93,l4]*FourPi^(-2)*I^10*gs^2*MHT^(-2) );

  1.63 sec out of 1.63 sec
