FORM 4.2.0 (Jul  6 2017, v4.2.0) 64-bits         Run: Tue Mar 20 01:18:13 2018
    * -*-Form-*-
    
    #: Parentheses 2000
    #-

   amplPhiPhibarWiB =
       + sSS^2 * ( 1/3*Log[MHT^2]*lamprime[f6]*lamprimebar[f6]*Ta[n95,
         l4,l6]*e_[l4,l99]*e_[l6,l97]*p3.p3*pol3.pol4*FourPi^(-2)*I^9*
         g1*gw*MHT^(-2) + 2/3*Log[MHT^2]*lamprime[f6]*lamprimebar[f6]*
         Ta[n95,l4,l6]*e_[l4,l99]*e_[l6,l97]*p3.p2*pol3.pol4*
         FourPi^(-2)*I^9*g1*gw*MHT^(-2) - 1/3*Log[MHT^2]*lamprime[f6]*
         lamprimebar[f6]*Ta[n95,l4,l6]*e_[l4,l99]*e_[l6,l97]*p3.pol3*
         p3.pol4*FourPi^(-2)*I^9*g1*gw*MHT^(-2) - 1/3*Log[MHT^2]*
         lamprime[f6]*lamprimebar[f6]*Ta[n95,l4,l6]*e_[l4,l99]*e_[l6,
         l97]*p3.pol3*p2.pol4*FourPi^(-2)*I^9*g1*gw*MHT^(-2) - 1/3*Log[
         MHT^2]*lamprime[f6]*lamprimebar[f6]*Ta[n95,l4,l6]*e_[l4,l99]*
         e_[l6,l97]*p3.pol4*p2.pol3*FourPi^(-2)*I^9*g1*gw*MHT^(-2) + 1/
         3*Log[MHT^2]*lamprime[f6]*lamprimebar[f6]*Ta[n95,l4,l6]*e_[l4,
         l99]*e_[l6,l97]*p1.p2*pol3.pol4*FourPi^(-2)*I^9*g1*gw*MHT^(-2)
          - 2/3*Log[MHT^2]*lamprime[f6]*lamprimebar[f6]*Ta[n95,l4,l6]*
         e_[l4,l99]*e_[l6,l97]*p1.pol3*p2.pol4*FourPi^(-2)*I^9*g1*gw*
         MHT^(-2) + 1/3*Log[MHT^2]*lamprime[f6]*lamprimebar[f6]*Ta[n95,
         l4,l6]*e_[l4,l99]*e_[l6,l97]*p1.pol4*p2.pol3*FourPi^(-2)*I^9*
         g1*gw*MHT^(-2) + 1/3*Log[MHT^2]*lamprime[f6]*lamprimebar[f6]*
         Ta[n95,l4,l6]*e_[l4,l99]*e_[l6,l97]*p2.p2*pol3.pol4*
         FourPi^(-2)*I^9*g1*gw*MHT^(-2) - 1/3*Log[MHT^2]*lamprime[f6]*
         lamprimebar[f6]*Ta[n95,l4,l6]*e_[l4,l99]*e_[l6,l97]*p2.pol3*
         p2.pol4*FourPi^(-2)*I^9*g1*gw*MHT^(-2) - Log[MHT^2]*lamprime[
         f6]*lamprimebar[f6]*Ta[n95,l4,l6]*samb[1,1]*e_[l4,l99]*e_[l6,
         l97]*e_[p3,p1,pol3,pol4]*FourPi^(-2)*I^10*g1*gw*MHT^(-2) + 
         Log[MHT^2]*lamprime[f6]*lamprimebar[f6]*Ta[n95,l4,l6]*samb[1,2
         ]*e_[l4,l99]*e_[l6,l97]*e_[p3,p1,pol3,pol4]*FourPi^(-2)*I^10*
         g1*gw*MHT^(-2) + Log[MHT^2]*lamprime[f6]*lamprimebar[f6]*Ta[
         n95,l4,l6]*samb[1,3]*e_[l4,l99]*e_[l6,l97]*e_[p3,p2,pol3,pol4]
         *FourPi^(-2)*I^10*g1*gw*MHT^(-2) + Log[MHT^2]*lamprime[f6]*
         lamprimebar[f6]*Ta[n95,l4,l6]*samb[1,3]*e_[l4,l99]*e_[l6,l97]*
         e_[p1,p2,pol3,pol4]*FourPi^(-2)*I^10*g1*gw*MHT^(-2) - Log[
         MHT^2]*lamprime[f6]*lamprimebar[f6]*Ta[n95,l4,l6]*samb[1,4]*
         e_[l4,l99]*e_[l6,l97]*e_[p3,p2,pol3,pol4]*FourPi^(-2)*I^10*g1*
         gw*MHT^(-2) - Log[MHT^2]*lamprime[f6]*lamprimebar[f6]*Ta[n95,
         l4,l6]*samb[1,4]*e_[l4,l99]*e_[l6,l97]*e_[p1,p2,pol3,pol4]*
         FourPi^(-2)*I^10*g1*gw*MHT^(-2) + Log[MHT^2]*lamprime[f6]*
         lamprimebar[f6]*Ta[n95,l4,l6]*samb[1,5]*e_[l4,l99]*e_[l6,l97]*
         e_[p1,p2,pol3,pol4]*FourPi^(-2)*I^10*g1*gw*MHT^(-2) - Log[
         MHT^2]*lamprime[f6]*lamprimebar[f6]*Ta[n95,l4,l6]*samb[1,6]*
         e_[l4,l99]*e_[l6,l97]*e_[p1,p2,pol3,pol4]*FourPi^(-2)*I^10*g1*
         gw*MHT^(-2) + 1/3*Log[MHT^2]*lamprime[f6]*lamprimebar[f6]*Ta[
         n95,l4,l6]*samb[1,7]*e_[l4,l99]*e_[l6,l97]*e_[p3,p1,pol3,pol4]
         *FourPi^(-2)*I^10*g1*gw*MHT^(-2) - 1/3*Log[MHT^2]*lamprime[f6]
         *lamprimebar[f6]*Ta[n95,l4,l6]*samb[1,7]*e_[l4,l99]*e_[l6,l97]
         *e_[p3,p2,pol3,pol4]*FourPi^(-2)*I^10*g1*gw*MHT^(-2) - 1/3*
         Log[MHT^2]*lamprime[f6]*lamprimebar[f6]*Ta[n95,l4,l6]*samb[1,7
         ]*e_[l4,l99]*e_[l6,l97]*e_[p1,p2,pol3,pol4]*FourPi^(-2)*I^10*
         g1*gw*MHT^(-2) - 1/3*Log[MHT^2]*lamprime[f6]*lamprimebar[f6]*
         Ta[n95,l4,l6]*samb[1,8]*e_[l4,l99]*e_[l6,l97]*e_[p3,p1,pol3,
         pol4]*FourPi^(-2)*I^10*g1*gw*MHT^(-2) + 1/3*Log[MHT^2]*
         lamprime[f6]*lamprimebar[f6]*Ta[n95,l4,l6]*samb[1,8]*e_[l4,l99
         ]*e_[l6,l97]*e_[p3,p2,pol3,pol4]*FourPi^(-2)*I^10*g1*gw*
         MHT^(-2) + 1/3*Log[MHT^2]*lamprime[f6]*lamprimebar[f6]*Ta[n95,
         l4,l6]*samb[1,8]*e_[l4,l99]*e_[l6,l97]*e_[p1,p2,pol3,pol4]*
         FourPi^(-2)*I^10*g1*gw*MHT^(-2) + 1/3*Log[MHT^2]*lamprime[f6]*
         lamprimebar[f6]*Ta[n95,l4,l6]*samb[1,9]*e_[l4,l99]*e_[l6,l97]*
         e_[p3,p1,pol3,pol4]*FourPi^(-2)*I^10*g1*gw*MHT^(-2) + 1/3*Log[
         MHT^2]*lamprime[f6]*lamprimebar[f6]*Ta[n95,l4,l6]*samb[1,9]*
         e_[l4,l99]*e_[l6,l97]*e_[p1,p2,pol3,pol4]*FourPi^(-2)*I^10*g1*
         gw*MHT^(-2) - 1/3*Log[MHT^2]*lamprime[f6]*lamprimebar[f6]*Ta[
         n95,l4,l6]*samb[1,10]*e_[l4,l99]*e_[l6,l97]*e_[p3,p1,pol3,pol4
         ]*FourPi^(-2)*I^10*g1*gw*MHT^(-2) - 1/3*Log[MHT^2]*lamprime[f6
         ]*lamprimebar[f6]*Ta[n95,l4,l6]*samb[1,10]*e_[l4,l99]*e_[l6,
         l97]*e_[p1,p2,pol3,pol4]*FourPi^(-2)*I^10*g1*gw*MHT^(-2) - 1/3
         *Log[MHT^2]*lamprime[f6]*lamprimebar[f6]*Ta[n95,l4,l6]*samb[1,
         11]*e_[l4,l99]*e_[l6,l97]*e_[p3,p2,pol3,pol4]*FourPi^(-2)*I^10
         *g1*gw*MHT^(-2) - 2/3*Log[MHT^2]*lamprime[f6]*lamprimebar[f6]*
         Ta[n95,l4,l6]*samb[1,11]*e_[l4,l99]*e_[l6,l97]*e_[p1,p2,pol3,
         pol4]*FourPi^(-2)*I^10*g1*gw*MHT^(-2) + 1/3*Log[MHT^2]*
         lamprime[f6]*lamprimebar[f6]*Ta[n95,l4,l6]*samb[1,12]*e_[l4,
         l99]*e_[l6,l97]*e_[p3,p2,pol3,pol4]*FourPi^(-2)*I^10*g1*gw*
         MHT^(-2) + 2/3*Log[MHT^2]*lamprime[f6]*lamprimebar[f6]*Ta[n95,
         l4,l6]*samb[1,12]*e_[l4,l99]*e_[l6,l97]*e_[p1,p2,pol3,pol4]*
         FourPi^(-2)*I^10*g1*gw*MHT^(-2) - 1/3*Log[MHT^2]*lamprime[f6]*
         lamprimebar[f6]*Ta[n95,l8,l6]*e_[l6,l97]*e_[l99,l8]*p1.p2*
         pol3.pol4*FourPi^(-2)*I^9*g1*gw*MHT^(-2) - 1/3*Log[MHT^2]*
         lamprime[f6]*lamprimebar[f6]*Ta[n95,l8,l6]*e_[l6,l97]*e_[l99,
         l8]*p1.pol3*p2.pol4*FourPi^(-2)*I^9*g1*gw*MHT^(-2) + 2/3*Log[
         MHT^2]*lamprime[f6]*lamprimebar[f6]*Ta[n95,l8,l6]*e_[l6,l97]*
         e_[l99,l8]*p1.pol4*p2.pol3*FourPi^(-2)*I^9*g1*gw*MHT^(-2) - 1/
         3*Log[MHT^2]*lamprime[f6]*lamprimebar[f6]*Ta[n95,l8,l6]*e_[l6,
         l97]*e_[l99,l8]*p2.p2*pol3.pol4*FourPi^(-2)*I^9*g1*gw*MHT^(-2)
          + 1/3*Log[MHT^2]*lamprime[f6]*lamprimebar[f6]*Ta[n95,l8,l6]*
         e_[l6,l97]*e_[l99,l8]*p2.pol3*p2.pol4*FourPi^(-2)*I^9*g1*gw*
         MHT^(-2) + 1/3*Log[MHT^2]*lamprime[f6]*lamprimebar[f6]*Ta[n95,
         l8,l6]*e_[l6,l97]*e_[l99,l8]*p2.pol3*pol4.p4*FourPi^(-2)*I^9*
         g1*gw*MHT^(-2) + 1/3*Log[MHT^2]*lamprime[f6]*lamprimebar[f6]*
         Ta[n95,l8,l6]*e_[l6,l97]*e_[l99,l8]*p2.pol4*pol3.p4*
         FourPi^(-2)*I^9*g1*gw*MHT^(-2) - 2/3*Log[MHT^2]*lamprime[f6]*
         lamprimebar[f6]*Ta[n95,l8,l6]*e_[l6,l97]*e_[l99,l8]*p2.p4*
         pol3.pol4*FourPi^(-2)*I^9*g1*gw*MHT^(-2) - 1/3*Log[MHT^2]*
         lamprime[f6]*lamprimebar[f6]*Ta[n95,l8,l6]*e_[l6,l97]*e_[l99,
         l8]*pol3.pol4*p4.p4*FourPi^(-2)*I^9*g1*gw*MHT^(-2) + 1/3*Log[
         MHT^2]*lamprime[f6]*lamprimebar[f6]*Ta[n95,l8,l6]*e_[l6,l97]*
         e_[l99,l8]*pol3.p4*pol4.p4*FourPi^(-2)*I^9*g1*gw*MHT^(-2) + 
         Log[MHT^2]*lamprime[f6]*lamprimebar[f6]*Ta[n95,l8,l6]*samb[2,
         13]*e_[l6,l97]*e_[l99,l8]*e_[p1,pol3,pol4,p4]*FourPi^(-2)*I^10
         *g1*gw*MHT^(-2) - Log[MHT^2]*lamprime[f6]*lamprimebar[f6]*Ta[
         n95,l8,l6]*samb[2,14]*e_[l6,l97]*e_[l99,l8]*e_[p1,pol3,pol4,p4
         ]*FourPi^(-2)*I^10*g1*gw*MHT^(-2) + Log[MHT^2]*lamprime[f6]*
         lamprimebar[f6]*Ta[n95,l8,l6]*samb[2,15]*e_[l6,l97]*e_[l99,l8]
         *e_[p1,p2,pol3,pol4]*FourPi^(-2)*I^10*g1*gw*MHT^(-2) - Log[
         MHT^2]*lamprime[f6]*lamprimebar[f6]*Ta[n95,l8,l6]*samb[2,15]*
         e_[l6,l97]*e_[l99,l8]*e_[p2,pol3,pol4,p4]*FourPi^(-2)*I^10*g1*
         gw*MHT^(-2) - Log[MHT^2]*lamprime[f6]*lamprimebar[f6]*Ta[n95,
         l8,l6]*samb[2,16]*e_[l6,l97]*e_[l99,l8]*e_[p1,p2,pol3,pol4]*
         FourPi^(-2)*I^10*g1*gw*MHT^(-2) + Log[MHT^2]*lamprime[f6]*
         lamprimebar[f6]*Ta[n95,l8,l6]*samb[2,16]*e_[l6,l97]*e_[l99,l8]
         *e_[p2,pol3,pol4,p4]*FourPi^(-2)*I^10*g1*gw*MHT^(-2) - Log[
         MHT^2]*lamprime[f6]*lamprimebar[f6]*Ta[n95,l8,l6]*samb[2,17]*
         e_[l6,l97]*e_[l99,l8]*e_[p1,p2,pol3,pol4]*FourPi^(-2)*I^10*g1*
         gw*MHT^(-2) + Log[MHT^2]*lamprime[f6]*lamprimebar[f6]*Ta[n95,
         l8,l6]*samb[2,18]*e_[l6,l97]*e_[l99,l8]*e_[p1,p2,pol3,pol4]*
         FourPi^(-2)*I^10*g1*gw*MHT^(-2) - 1/3*Log[MHT^2]*lamprime[f6]*
         lamprimebar[f6]*Ta[n95,l8,l6]*samb[2,19]*e_[l6,l97]*e_[l99,l8]
         *e_[p1,p2,pol3,pol4]*FourPi^(-2)*I^10*g1*gw*MHT^(-2) - 1/3*
         Log[MHT^2]*lamprime[f6]*lamprimebar[f6]*Ta[n95,l8,l6]*samb[2,
         19]*e_[l6,l97]*e_[l99,l8]*e_[p1,pol3,pol4,p4]*FourPi^(-2)*I^10
         *g1*gw*MHT^(-2) + 1/3*Log[MHT^2]*lamprime[f6]*lamprimebar[f6]*
         Ta[n95,l8,l6]*samb[2,19]*e_[l6,l97]*e_[l99,l8]*e_[p2,pol3,pol4
         ,p4]*FourPi^(-2)*I^10*g1*gw*MHT^(-2) + 1/3*Log[MHT^2]*
         lamprime[f6]*lamprimebar[f6]*Ta[n95,l8,l6]*samb[2,20]*e_[l6,
         l97]*e_[l99,l8]*e_[p1,p2,pol3,pol4]*FourPi^(-2)*I^10*g1*gw*
         MHT^(-2) + 1/3*Log[MHT^2]*lamprime[f6]*lamprimebar[f6]*Ta[n95,
         l8,l6]*samb[2,20]*e_[l6,l97]*e_[l99,l8]*e_[p1,pol3,pol4,p4]*
         FourPi^(-2)*I^10*g1*gw*MHT^(-2) - 1/3*Log[MHT^2]*lamprime[f6]*
         lamprimebar[f6]*Ta[n95,l8,l6]*samb[2,20]*e_[l6,l97]*e_[l99,l8]
         *e_[p2,pol3,pol4,p4]*FourPi^(-2)*I^10*g1*gw*MHT^(-2) + 1/3*
         Log[MHT^2]*lamprime[f6]*lamprimebar[f6]*Ta[n95,l8,l6]*samb[2,
         21]*e_[l6,l97]*e_[l99,l8]*e_[p1,p2,pol3,pol4]*FourPi^(-2)*I^10
         *g1*gw*MHT^(-2) - 1/3*Log[MHT^2]*lamprime[f6]*lamprimebar[f6]*
         Ta[n95,l8,l6]*samb[2,21]*e_[l6,l97]*e_[l99,l8]*e_[p1,pol3,pol4
         ,p4]*FourPi^(-2)*I^10*g1*gw*MHT^(-2) - 1/3*Log[MHT^2]*
         lamprime[f6]*lamprimebar[f6]*Ta[n95,l8,l6]*samb[2,22]*e_[l6,
         l97]*e_[l99,l8]*e_[p1,p2,pol3,pol4]*FourPi^(-2)*I^10*g1*gw*
         MHT^(-2) + 1/3*Log[MHT^2]*lamprime[f6]*lamprimebar[f6]*Ta[n95,
         l8,l6]*samb[2,22]*e_[l6,l97]*e_[l99,l8]*e_[p1,pol3,pol4,p4]*
         FourPi^(-2)*I^10*g1*gw*MHT^(-2) - 2/3*Log[MHT^2]*lamprime[f6]*
         lamprimebar[f6]*Ta[n95,l8,l6]*samb[2,23]*e_[l6,l97]*e_[l99,l8]
         *e_[p1,p2,pol3,pol4]*FourPi^(-2)*I^10*g1*gw*MHT^(-2) + 1/3*
         Log[MHT^2]*lamprime[f6]*lamprimebar[f6]*Ta[n95,l8,l6]*samb[2,
         23]*e_[l6,l97]*e_[l99,l8]*e_[p2,pol3,pol4,p4]*FourPi^(-2)*I^10
         *g1*gw*MHT^(-2) + 2/3*Log[MHT^2]*lamprime[f6]*lamprimebar[f6]*
         Ta[n95,l8,l6]*samb[2,24]*e_[l6,l97]*e_[l99,l8]*e_[p1,p2,pol3,
         pol4]*FourPi^(-2)*I^10*g1*gw*MHT^(-2) - 1/3*Log[MHT^2]*
         lamprime[f6]*lamprimebar[f6]*Ta[n95,l8,l6]*samb[2,24]*e_[l6,
         l97]*e_[l99,l8]*e_[p2,pol3,pol4,p4]*FourPi^(-2)*I^10*g1*gw*
         MHT^(-2) + 4/3*Log[MHT^2]*lamprime[f6]*lamprimebar[f6]*Ta[n95,
         l2,l6]*e_[l6,l97]*e_[l99,l2]*p3.p3*pol3.pol4*FourPi^(-2)*I^9*
         g1*gw*MHT^(-2) - 4/3*Log[MHT^2]*lamprime[f6]*lamprimebar[f6]*
         Ta[n95,l2,l6]*e_[l6,l97]*e_[l99,l2]*p3.pol3*p3.pol4*
         FourPi^(-2)*I^9*g1*gw*MHT^(-2) - 1/9*lamprime[f6]*lamprimebar[
         f6]*Ta[n95,l4,l6]*e_[l4,l99]*e_[l6,l97]*p3.p3*pol3.pol4*
         FourPi^(-2)*I^9*g1*gw*MHT^(-2) + 1/6*lamprime[f6]*lamprimebar[
         f6]*Ta[n95,l4,l6]*e_[l4,l99]*e_[l6,l97]*p3.p1*pol3.pol4*
         FourPi^(-2)*I^9*g1*gw*MHT^(-2) - 7/18*lamprime[f6]*
         lamprimebar[f6]*Ta[n95,l4,l6]*e_[l4,l99]*e_[l6,l97]*p3.p2*
         pol3.pol4*FourPi^(-2)*I^9*g1*gw*MHT^(-2) + 5/18*lamprime[f6]*
         lamprimebar[f6]*Ta[n95,l4,l6]*e_[l4,l99]*e_[l6,l97]*p3.pol3*
         p3.pol4*FourPi^(-2)*I^9*g1*gw*MHT^(-2) + 1/6*lamprime[f6]*
         lamprimebar[f6]*Ta[n95,l4,l6]*e_[l4,l99]*e_[l6,l97]*p3.pol3*
         p1.pol4*FourPi^(-2)*I^9*g1*gw*MHT^(-2) + 1/9*lamprime[f6]*
         lamprimebar[f6]*Ta[n95,l4,l6]*e_[l4,l99]*e_[l6,l97]*p3.pol3*
         p2.pol4*FourPi^(-2)*I^9*g1*gw*MHT^(-2) + 1/6*lamprime[f6]*
         lamprimebar[f6]*Ta[n95,l4,l6]*e_[l4,l99]*e_[l6,l97]*p3.pol4*
         p1.pol3*FourPi^(-2)*I^9*g1*gw*MHT^(-2) + 1/9*lamprime[f6]*
         lamprimebar[f6]*Ta[n95,l4,l6]*e_[l4,l99]*e_[l6,l97]*p3.pol4*
         p2.pol3*FourPi^(-2)*I^9*g1*gw*MHT^(-2) + 1/6*lamprime[f6]*
         lamprimebar[f6]*Ta[n95,l4,l6]*e_[l4,l99]*e_[l6,l97]*p1.p1*
         pol3.pol4*FourPi^(-2)*I^9*g1*gw*MHT^(-2) - 5/18*lamprime[f6]*
         lamprimebar[f6]*Ta[n95,l4,l6]*e_[l4,l99]*e_[l6,l97]*p1.p2*
         pol3.pol4*FourPi^(-2)*I^9*g1*gw*MHT^(-2) + 1/3*lamprime[f6]*
         lamprimebar[f6]*Ta[n95,l4,l6]*e_[l4,l99]*e_[l6,l97]*p1.pol3*
         p1.pol4*FourPi^(-2)*I^9*g1*gw*MHT^(-2) + 2/9*lamprime[f6]*
         lamprimebar[f6]*Ta[n95,l4,l6]*e_[l4,l99]*e_[l6,l97]*p1.pol3*
         p2.pol4*FourPi^(-2)*I^9*g1*gw*MHT^(-2) - 5/18*lamprime[f6]*
         lamprimebar[f6]*Ta[n95,l4,l6]*e_[l4,l99]*e_[l6,l97]*p1.pol4*
         p2.pol3*FourPi^(-2)*I^9*g1*gw*MHT^(-2) - 1/9*lamprime[f6]*
         lamprimebar[f6]*Ta[n95,l4,l6]*e_[l4,l99]*e_[l6,l97]*p2.p2*
         pol3.pol4*FourPi^(-2)*I^9*g1*gw*MHT^(-2) + 5/18*lamprime[f6]*
         lamprimebar[f6]*Ta[n95,l4,l6]*e_[l4,l99]*e_[l6,l97]*p2.pol3*
         p2.pol4*FourPi^(-2)*I^9*g1*gw*MHT^(-2) + 1/2*lamprime[f6]*
         lamprimebar[f6]*Ta[n95,l4,l6]*e_[l4,l99]*e_[l6,l97]*e_[p3,p1,
         pol3,pol4]*FourPi^(-2)*I^10*g1*gw*MHT^(-2) - 1/2*lamprime[f6]*
         lamprimebar[f6]*Ta[n95,l4,l6]*e_[l4,l99]*e_[l6,l97]*e_[p3,p2,
         pol3,pol4]*FourPi^(-2)*I^10*g1*gw*MHT^(-2) - lamprime[f6]*
         lamprimebar[f6]*Ta[n95,l4,l6]*e_[l4,l99]*e_[l6,l97]*e_[p1,p2,
         pol3,pol4]*FourPi^(-2)*I^10*g1*gw*MHT^(-2) + 3/2*lamprime[f6]*
         lamprimebar[f6]*Ta[n95,l4,l6]*samb[1,1]*e_[l4,l99]*e_[l6,l97]*
         e_[p3,p1,pol3,pol4]*FourPi^(-2)*I^10*g1*gw*MHT^(-2) - 
         lamprime[f6]*lamprimebar[f6]*Ta[n95,l4,l6]*samb[1,2]*e_[l4,l99
         ]*e_[l6,l97]*e_[p3,p1,pol3,pol4]*FourPi^(-2)*I^10*g1*gw*
         MHT^(-2) - 3/2*lamprime[f6]*lamprimebar[f6]*Ta[n95,l4,l6]*
         samb[1,3]*e_[l4,l99]*e_[l6,l97]*e_[p3,p2,pol3,pol4]*
         FourPi^(-2)*I^10*g1*gw*MHT^(-2) - 3/2*lamprime[f6]*
         lamprimebar[f6]*Ta[n95,l4,l6]*samb[1,3]*e_[l4,l99]*e_[l6,l97]*
         e_[p1,p2,pol3,pol4]*FourPi^(-2)*I^10*g1*gw*MHT^(-2) + 
         lamprime[f6]*lamprimebar[f6]*Ta[n95,l4,l6]*samb[1,4]*e_[l4,l99
         ]*e_[l6,l97]*e_[p3,p2,pol3,pol4]*FourPi^(-2)*I^10*g1*gw*
         MHT^(-2) + lamprime[f6]*lamprimebar[f6]*Ta[n95,l4,l6]*samb[1,4
         ]*e_[l4,l99]*e_[l6,l97]*e_[p1,p2,pol3,pol4]*FourPi^(-2)*I^10*
         g1*gw*MHT^(-2) - 3/2*lamprime[f6]*lamprimebar[f6]*Ta[n95,l4,l6
         ]*samb[1,5]*e_[l4,l99]*e_[l6,l97]*e_[p1,p2,pol3,pol4]*
         FourPi^(-2)*I^10*g1*gw*MHT^(-2) + lamprime[f6]*lamprimebar[f6]
         *Ta[n95,l4,l6]*samb[1,6]*e_[l4,l99]*e_[l6,l97]*e_[p1,p2,pol3,
         pol4]*FourPi^(-2)*I^10*g1*gw*MHT^(-2) - 11/18*lamprime[f6]*
         lamprimebar[f6]*Ta[n95,l4,l6]*samb[1,7]*e_[l4,l99]*e_[l6,l97]*
         e_[p3,p1,pol3,pol4]*FourPi^(-2)*I^10*g1*gw*MHT^(-2) + 11/18*
         lamprime[f6]*lamprimebar[f6]*Ta[n95,l4,l6]*samb[1,7]*e_[l4,l99
         ]*e_[l6,l97]*e_[p3,p2,pol3,pol4]*FourPi^(-2)*I^10*g1*gw*
         MHT^(-2) + 11/18*lamprime[f6]*lamprimebar[f6]*Ta[n95,l4,l6]*
         samb[1,7]*e_[l4,l99]*e_[l6,l97]*e_[p1,p2,pol3,pol4]*
         FourPi^(-2)*I^10*g1*gw*MHT^(-2) + 4/9*lamprime[f6]*
         lamprimebar[f6]*Ta[n95,l4,l6]*samb[1,8]*e_[l4,l99]*e_[l6,l97]*
         e_[p3,p1,pol3,pol4]*FourPi^(-2)*I^10*g1*gw*MHT^(-2) - 4/9*
         lamprime[f6]*lamprimebar[f6]*Ta[n95,l4,l6]*samb[1,8]*e_[l4,l99
         ]*e_[l6,l97]*e_[p3,p2,pol3,pol4]*FourPi^(-2)*I^10*g1*gw*
         MHT^(-2) - 4/9*lamprime[f6]*lamprimebar[f6]*Ta[n95,l4,l6]*
         samb[1,8]*e_[l4,l99]*e_[l6,l97]*e_[p1,p2,pol3,pol4]*
         FourPi^(-2)*I^10*g1*gw*MHT^(-2) - 11/18*lamprime[f6]*
         lamprimebar[f6]*Ta[n95,l4,l6]*samb[1,9]*e_[l4,l99]*e_[l6,l97]*
         e_[p3,p1,pol3,pol4]*FourPi^(-2)*I^10*g1*gw*MHT^(-2) - 11/18*
         lamprime[f6]*lamprimebar[f6]*Ta[n95,l4,l6]*samb[1,9]*e_[l4,l99
         ]*e_[l6,l97]*e_[p1,p2,pol3,pol4]*FourPi^(-2)*I^10*g1*gw*
         MHT^(-2) + 4/9*lamprime[f6]*lamprimebar[f6]*Ta[n95,l4,l6]*
         samb[1,10]*e_[l4,l99]*e_[l6,l97]*e_[p3,p1,pol3,pol4]*
         FourPi^(-2)*I^10*g1*gw*MHT^(-2) + 4/9*lamprime[f6]*
         lamprimebar[f6]*Ta[n95,l4,l6]*samb[1,10]*e_[l4,l99]*e_[l6,l97]
         *e_[p1,p2,pol3,pol4]*FourPi^(-2)*I^10*g1*gw*MHT^(-2) + 11/18*
         lamprime[f6]*lamprimebar[f6]*Ta[n95,l4,l6]*samb[1,11]*e_[l4,
         l99]*e_[l6,l97]*e_[p3,p2,pol3,pol4]*FourPi^(-2)*I^10*g1*gw*
         MHT^(-2) + 11/9*lamprime[f6]*lamprimebar[f6]*Ta[n95,l4,l6]*
         samb[1,11]*e_[l4,l99]*e_[l6,l97]*e_[p1,p2,pol3,pol4]*
         FourPi^(-2)*I^10*g1*gw*MHT^(-2) - 4/9*lamprime[f6]*
         lamprimebar[f6]*Ta[n95,l4,l6]*samb[1,12]*e_[l4,l99]*e_[l6,l97]
         *e_[p3,p2,pol3,pol4]*FourPi^(-2)*I^10*g1*gw*MHT^(-2) - 8/9*
         lamprime[f6]*lamprimebar[f6]*Ta[n95,l4,l6]*samb[1,12]*e_[l4,
         l99]*e_[l6,l97]*e_[p1,p2,pol3,pol4]*FourPi^(-2)*I^10*g1*gw*
         MHT^(-2) - 1/6*lamprime[f6]*lamprimebar[f6]*Ta[n95,l8,l6]*e_[
         l6,l97]*e_[l99,l8]*p1.p1*pol3.pol4*FourPi^(-2)*I^9*g1*gw*
         MHT^(-2) + 5/18*lamprime[f6]*lamprimebar[f6]*Ta[n95,l8,l6]*e_[
         l6,l97]*e_[l99,l8]*p1.p2*pol3.pol4*FourPi^(-2)*I^9*g1*gw*
         MHT^(-2) - 1/3*lamprime[f6]*lamprimebar[f6]*Ta[n95,l8,l6]*e_[
         l6,l97]*e_[l99,l8]*p1.pol3*p1.pol4*FourPi^(-2)*I^9*g1*gw*
         MHT^(-2) + 5/18*lamprime[f6]*lamprimebar[f6]*Ta[n95,l8,l6]*e_[
         l6,l97]*e_[l99,l8]*p1.pol3*p2.pol4*FourPi^(-2)*I^9*g1*gw*
         MHT^(-2) - 1/6*lamprime[f6]*lamprimebar[f6]*Ta[n95,l8,l6]*e_[
         l6,l97]*e_[l99,l8]*p1.pol3*pol4.p4*FourPi^(-2)*I^9*g1*gw*
         MHT^(-2) - 2/9*lamprime[f6]*lamprimebar[f6]*Ta[n95,l8,l6]*e_[
         l6,l97]*e_[l99,l8]*p1.pol4*p2.pol3*FourPi^(-2)*I^9*g1*gw*
         MHT^(-2) - 1/6*lamprime[f6]*lamprimebar[f6]*Ta[n95,l8,l6]*e_[
         l6,l97]*e_[l99,l8]*p1.pol4*pol3.p4*FourPi^(-2)*I^9*g1*gw*
         MHT^(-2) - 1/6*lamprime[f6]*lamprimebar[f6]*Ta[n95,l8,l6]*e_[
         l6,l97]*e_[l99,l8]*p1.p4*pol3.pol4*FourPi^(-2)*I^9*g1*gw*
         MHT^(-2) + 1/9*lamprime[f6]*lamprimebar[f6]*Ta[n95,l8,l6]*e_[
         l6,l97]*e_[l99,l8]*p2.p2*pol3.pol4*FourPi^(-2)*I^9*g1*gw*
         MHT^(-2) - 5/18*lamprime[f6]*lamprimebar[f6]*Ta[n95,l8,l6]*e_[
         l6,l97]*e_[l99,l8]*p2.pol3*p2.pol4*FourPi^(-2)*I^9*g1*gw*
         MHT^(-2) - 1/9*lamprime[f6]*lamprimebar[f6]*Ta[n95,l8,l6]*e_[
         l6,l97]*e_[l99,l8]*p2.pol3*pol4.p4*FourPi^(-2)*I^9*g1*gw*
         MHT^(-2) - 1/9*lamprime[f6]*lamprimebar[f6]*Ta[n95,l8,l6]*e_[
         l6,l97]*e_[l99,l8]*p2.pol4*pol3.p4*FourPi^(-2)*I^9*g1*gw*
         MHT^(-2) + 7/18*lamprime[f6]*lamprimebar[f6]*Ta[n95,l8,l6]*e_[
         l6,l97]*e_[l99,l8]*p2.p4*pol3.pol4*FourPi^(-2)*I^9*g1*gw*
         MHT^(-2) + 1/9*lamprime[f6]*lamprimebar[f6]*Ta[n95,l8,l6]*e_[
         l6,l97]*e_[l99,l8]*pol3.pol4*p4.p4*FourPi^(-2)*I^9*g1*gw*
         MHT^(-2) - 5/18*lamprime[f6]*lamprimebar[f6]*Ta[n95,l8,l6]*e_[
         l6,l97]*e_[l99,l8]*pol3.p4*pol4.p4*FourPi^(-2)*I^9*g1*gw*
         MHT^(-2) - 1/2*lamprime[f6]*lamprimebar[f6]*Ta[n95,l8,l6]*e_[
         l6,l97]*e_[l99,l8]*e_[p1,pol3,pol4,p4]*FourPi^(-2)*I^10*g1*gw*
         MHT^(-2) + 1/2*lamprime[f6]*lamprimebar[f6]*Ta[n95,l8,l6]*e_[
         l6,l97]*e_[l99,l8]*e_[p2,pol3,pol4,p4]*FourPi^(-2)*I^10*g1*gw*
         MHT^(-2) - 3/2*lamprime[f6]*lamprimebar[f6]*Ta[n95,l8,l6]*
         samb[2,13]*e_[l6,l97]*e_[l99,l8]*e_[p1,pol3,pol4,p4]*
         FourPi^(-2)*I^10*g1*gw*MHT^(-2) + lamprime[f6]*lamprimebar[f6]
         *Ta[n95,l8,l6]*samb[2,14]*e_[l6,l97]*e_[l99,l8]*e_[p1,pol3,
         pol4,p4]*FourPi^(-2)*I^10*g1*gw*MHT^(-2) - 3/2*lamprime[f6]*
         lamprimebar[f6]*Ta[n95,l8,l6]*samb[2,15]*e_[l6,l97]*e_[l99,l8]
         *e_[p1,p2,pol3,pol4]*FourPi^(-2)*I^10*g1*gw*MHT^(-2) + 3/2*
         lamprime[f6]*lamprimebar[f6]*Ta[n95,l8,l6]*samb[2,15]*e_[l6,
         l97]*e_[l99,l8]*e_[p2,pol3,pol4,p4]*FourPi^(-2)*I^10*g1*gw*
         MHT^(-2) + lamprime[f6]*lamprimebar[f6]*Ta[n95,l8,l6]*samb[2,
         16]*e_[l6,l97]*e_[l99,l8]*e_[p1,p2,pol3,pol4]*FourPi^(-2)*I^10
         *g1*gw*MHT^(-2) - lamprime[f6]*lamprimebar[f6]*Ta[n95,l8,l6]*
         samb[2,16]*e_[l6,l97]*e_[l99,l8]*e_[p2,pol3,pol4,p4]*
         FourPi^(-2)*I^10*g1*gw*MHT^(-2) + 3/2*lamprime[f6]*
         lamprimebar[f6]*Ta[n95,l8,l6]*samb[2,17]*e_[l6,l97]*e_[l99,l8]
         *e_[p1,p2,pol3,pol4]*FourPi^(-2)*I^10*g1*gw*MHT^(-2) - 
         lamprime[f6]*lamprimebar[f6]*Ta[n95,l8,l6]*samb[2,18]*e_[l6,
         l97]*e_[l99,l8]*e_[p1,p2,pol3,pol4]*FourPi^(-2)*I^10*g1*gw*
         MHT^(-2) + 11/18*lamprime[f6]*lamprimebar[f6]*Ta[n95,l8,l6]*
         samb[2,19]*e_[l6,l97]*e_[l99,l8]*e_[p1,p2,pol3,pol4]*
         FourPi^(-2)*I^10*g1*gw*MHT^(-2) + 11/18*lamprime[f6]*
         lamprimebar[f6]*Ta[n95,l8,l6]*samb[2,19]*e_[l6,l97]*e_[l99,l8]
         *e_[p1,pol3,pol4,p4]*FourPi^(-2)*I^10*g1*gw*MHT^(-2) - 11/18*
         lamprime[f6]*lamprimebar[f6]*Ta[n95,l8,l6]*samb[2,19]*e_[l6,
         l97]*e_[l99,l8]*e_[p2,pol3,pol4,p4]*FourPi^(-2)*I^10*g1*gw*
         MHT^(-2) - 4/9*lamprime[f6]*lamprimebar[f6]*Ta[n95,l8,l6]*
         samb[2,20]*e_[l6,l97]*e_[l99,l8]*e_[p1,p2,pol3,pol4]*
         FourPi^(-2)*I^10*g1*gw*MHT^(-2) - 4/9*lamprime[f6]*
         lamprimebar[f6]*Ta[n95,l8,l6]*samb[2,20]*e_[l6,l97]*e_[l99,l8]
         *e_[p1,pol3,pol4,p4]*FourPi^(-2)*I^10*g1*gw*MHT^(-2) + 4/9*
         lamprime[f6]*lamprimebar[f6]*Ta[n95,l8,l6]*samb[2,20]*e_[l6,
         l97]*e_[l99,l8]*e_[p2,pol3,pol4,p4]*FourPi^(-2)*I^10*g1*gw*
         MHT^(-2) - 11/18*lamprime[f6]*lamprimebar[f6]*Ta[n95,l8,l6]*
         samb[2,21]*e_[l6,l97]*e_[l99,l8]*e_[p1,p2,pol3,pol4]*
         FourPi^(-2)*I^10*g1*gw*MHT^(-2) + 11/18*lamprime[f6]*
         lamprimebar[f6]*Ta[n95,l8,l6]*samb[2,21]*e_[l6,l97]*e_[l99,l8]
         *e_[p1,pol3,pol4,p4]*FourPi^(-2)*I^10*g1*gw*MHT^(-2) + 4/9*
         lamprime[f6]*lamprimebar[f6]*Ta[n95,l8,l6]*samb[2,22]*e_[l6,
         l97]*e_[l99,l8]*e_[p1,p2,pol3,pol4]*FourPi^(-2)*I^10*g1*gw*
         MHT^(-2) - 4/9*lamprime[f6]*lamprimebar[f6]*Ta[n95,l8,l6]*
         samb[2,22]*e_[l6,l97]*e_[l99,l8]*e_[p1,pol3,pol4,p4]*
         FourPi^(-2)*I^10*g1*gw*MHT^(-2) + 11/9*lamprime[f6]*
         lamprimebar[f6]*Ta[n95,l8,l6]*samb[2,23]*e_[l6,l97]*e_[l99,l8]
         *e_[p1,p2,pol3,pol4]*FourPi^(-2)*I^10*g1*gw*MHT^(-2) - 11/18*
         lamprime[f6]*lamprimebar[f6]*Ta[n95,l8,l6]*samb[2,23]*e_[l6,
         l97]*e_[l99,l8]*e_[p2,pol3,pol4,p4]*FourPi^(-2)*I^10*g1*gw*
         MHT^(-2) - 8/9*lamprime[f6]*lamprimebar[f6]*Ta[n95,l8,l6]*
         samb[2,24]*e_[l6,l97]*e_[l99,l8]*e_[p1,p2,pol3,pol4]*
         FourPi^(-2)*I^10*g1*gw*MHT^(-2) + 4/9*lamprime[f6]*
         lamprimebar[f6]*Ta[n95,l8,l6]*samb[2,24]*e_[l6,l97]*e_[l99,l8]
         *e_[p2,pol3,pol4,p4]*FourPi^(-2)*I^10*g1*gw*MHT^(-2) + 2/9*
         lamprime[f6]*lamprimebar[f6]*Ta[n95,l2,l6]*e_[l6,l97]*e_[l99,
         l2]*p3.p3*pol3.pol4*FourPi^(-2)*I^9*g1*gw*MHT^(-2) + 8/3*
         lamprime[f6]*lamprimebar[f6]*Ta[n95,l2,l6]*e_[l6,l97]*e_[l99,
         l2]*p3.p1*pol3.pol4*FourPi^(-2)*I^9*g1*gw*MHT^(-2) + 22/9*
         lamprime[f6]*lamprimebar[f6]*Ta[n95,l2,l6]*e_[l6,l97]*e_[l99,
         l2]*p3.pol3*p3.pol4*FourPi^(-2)*I^9*g1*gw*MHT^(-2) + 8/3*
         lamprime[f6]*lamprimebar[f6]*Ta[n95,l2,l6]*e_[l6,l97]*e_[l99,
         l2]*p3.pol3*p1.pol4*FourPi^(-2)*I^9*g1*gw*MHT^(-2) + 4/3*
         lamprime[f6]*lamprimebar[f6]*Ta[n95,l2,l6]*e_[l6,l97]*e_[l99,
         l2]*p3.pol3*pol4.p4*FourPi^(-2)*I^9*g1*gw*MHT^(-2) + 8/3*
         lamprime[f6]*lamprimebar[f6]*Ta[n95,l2,l6]*e_[l6,l97]*e_[l99,
         l2]*p3.pol4*p1.pol3*FourPi^(-2)*I^9*g1*gw*MHT^(-2) - 2/3*
         lamprime[f6]*lamprimebar[f6]*Ta[n95,l2,l6]*e_[l6,l97]*e_[l99,
         l2]*p3.pol4*pol3.p4*FourPi^(-2)*I^9*g1*gw*MHT^(-2) + 10/3*
         lamprime[f6]*lamprimebar[f6]*Ta[n95,l2,l6]*e_[l6,l97]*e_[l99,
         l2]*p3.p4*pol3.pol4*FourPi^(-2)*I^9*g1*gw*MHT^(-2) + 8/3*
         lamprime[f6]*lamprimebar[f6]*Ta[n95,l2,l6]*e_[l6,l97]*e_[l99,
         l2]*p1.p1*pol3.pol4*FourPi^(-2)*I^9*g1*gw*MHT^(-2) + 16/3*
         lamprime[f6]*lamprimebar[f6]*Ta[n95,l2,l6]*e_[l6,l97]*e_[l99,
         l2]*p1.pol3*p1.pol4*FourPi^(-2)*I^9*g1*gw*MHT^(-2) + 8/3*
         lamprime[f6]*lamprimebar[f6]*Ta[n95,l2,l6]*e_[l6,l97]*e_[l99,
         l2]*p1.pol3*pol4.p4*FourPi^(-2)*I^9*g1*gw*MHT^(-2) + 8/3*
         lamprime[f6]*lamprimebar[f6]*Ta[n95,l2,l6]*e_[l6,l97]*e_[l99,
         l2]*p1.pol4*pol3.p4*FourPi^(-2)*I^9*g1*gw*MHT^(-2) + 8/3*
         lamprime[f6]*lamprimebar[f6]*Ta[n95,l2,l6]*e_[l6,l97]*e_[l99,
         l2]*p1.p4*pol3.pol4*FourPi^(-2)*I^9*g1*gw*MHT^(-2) + 20/9*
         lamprime[f6]*lamprimebar[f6]*Ta[n95,l2,l6]*e_[l6,l97]*e_[l99,
         l2]*pol3.pol4*p4.p4*FourPi^(-2)*I^9*g1*gw*MHT^(-2) + 4/9*
         lamprime[f6]*lamprimebar[f6]*Ta[n95,l2,l6]*e_[l6,l97]*e_[l99,
         l2]*pol3.p4*pol4.p4*FourPi^(-2)*I^9*g1*gw*MHT^(-2) + 4*
         lamprime[f6]*lamprimebar[f6]*Ta[n95,l2,l6]*samb[3,25]*e_[l6,
         l97]*e_[l99,l2]*e_[p3,p1,pol3,pol4]*FourPi^(-2)*I^10*g1*gw*
         MHT^(-2) + 4*lamprime[f6]*lamprimebar[f6]*Ta[n95,l2,l6]*samb[3
         ,25]*e_[l6,l97]*e_[l99,l2]*e_[p3,pol3,pol4,p4]*FourPi^(-2)*
         I^10*g1*gw*MHT^(-2) - 4*lamprime[f6]*lamprimebar[f6]*Ta[n95,l2
         ,l6]*samb[3,26]*e_[l6,l97]*e_[l99,l2]*e_[p3,p1,pol3,pol4]*
         FourPi^(-2)*I^10*g1*gw*MHT^(-2) - 4*lamprime[f6]*lamprimebar[
         f6]*Ta[n95,l2,l6]*samb[3,26]*e_[l6,l97]*e_[l99,l2]*e_[p3,pol3,
         pol4,p4]*FourPi^(-2)*I^10*g1*gw*MHT^(-2) - 4*lamprime[f6]*
         lamprimebar[f6]*Ta[n95,l2,l6]*samb[3,27]*e_[l6,l97]*e_[l99,l2]
         *e_[p3,p1,pol3,pol4]*FourPi^(-2)*I^10*g1*gw*MHT^(-2) + 4*
         lamprime[f6]*lamprimebar[f6]*Ta[n95,l2,l6]*samb[3,28]*e_[l6,
         l97]*e_[l99,l2]*e_[p3,p1,pol3,pol4]*FourPi^(-2)*I^10*g1*gw*
         MHT^(-2) + 4*lamprime[f6]*lamprimebar[f6]*Ta[n95,l2,l6]*samb[3
         ,29]*e_[l6,l97]*e_[l99,l2]*e_[p1,pol3,pol4,p4]*FourPi^(-2)*
         I^10*g1*gw*MHT^(-2) - 4*lamprime[f6]*lamprimebar[f6]*Ta[n95,l2
         ,l6]*samb[3,30]*e_[l6,l97]*e_[l99,l2]*e_[p1,pol3,pol4,p4]*
         FourPi^(-2)*I^10*g1*gw*MHT^(-2) - 4/3*lamprime[f6]*
         lamprimebar[f6]*Ta[n95,l2,l6]*samb[3,31]*e_[l6,l97]*e_[l99,l2]
         *e_[p3,p1,pol3,pol4]*FourPi^(-2)*I^10*g1*gw*MHT^(-2) - 2/3*
         lamprime[f6]*lamprimebar[f6]*Ta[n95,l2,l6]*samb[3,31]*e_[l6,
         l97]*e_[l99,l2]*e_[p3,pol3,pol4,p4]*FourPi^(-2)*I^10*g1*gw*
         MHT^(-2) + 4/3*lamprime[f6]*lamprimebar[f6]*Ta[n95,l2,l6]*
         samb[3,32]*e_[l6,l97]*e_[l99,l2]*e_[p3,p1,pol3,pol4]*
         FourPi^(-2)*I^10*g1*gw*MHT^(-2) + 2/3*lamprime[f6]*
         lamprimebar[f6]*Ta[n95,l2,l6]*samb[3,32]*e_[l6,l97]*e_[l99,l2]
         *e_[p3,pol3,pol4,p4]*FourPi^(-2)*I^10*g1*gw*MHT^(-2) - 4/3*
         lamprime[f6]*lamprimebar[f6]*Ta[n95,l2,l6]*samb[3,33]*e_[l6,
         l97]*e_[l99,l2]*e_[p3,p1,pol3,pol4]*FourPi^(-2)*I^10*g1*gw*
         MHT^(-2) - 4/3*lamprime[f6]*lamprimebar[f6]*Ta[n95,l2,l6]*
         samb[3,33]*e_[l6,l97]*e_[l99,l2]*e_[p3,pol3,pol4,p4]*
         FourPi^(-2)*I^10*g1*gw*MHT^(-2) + 2/3*lamprime[f6]*
         lamprimebar[f6]*Ta[n95,l2,l6]*samb[3,33]*e_[l6,l97]*e_[l99,l2]
         *e_[p1,pol3,pol4,p4]*FourPi^(-2)*I^10*g1*gw*MHT^(-2) + 4/3*
         lamprime[f6]*lamprimebar[f6]*Ta[n95,l2,l6]*samb[3,34]*e_[l6,
         l97]*e_[l99,l2]*e_[p3,p1,pol3,pol4]*FourPi^(-2)*I^10*g1*gw*
         MHT^(-2) + 4/3*lamprime[f6]*lamprimebar[f6]*Ta[n95,l2,l6]*
         samb[3,34]*e_[l6,l97]*e_[l99,l2]*e_[p3,pol3,pol4,p4]*
         FourPi^(-2)*I^10*g1*gw*MHT^(-2) - 2/3*lamprime[f6]*
         lamprimebar[f6]*Ta[n95,l2,l6]*samb[3,34]*e_[l6,l97]*e_[l99,l2]
         *e_[p1,pol3,pol4,p4]*FourPi^(-2)*I^10*g1*gw*MHT^(-2) + 4/3*
         lamprime[f6]*lamprimebar[f6]*Ta[n95,l2,l6]*samb[3,35]*e_[l6,
         l97]*e_[l99,l2]*e_[p3,p1,pol3,pol4]*FourPi^(-2)*I^10*g1*gw*
         MHT^(-2) + 2/3*lamprime[f6]*lamprimebar[f6]*Ta[n95,l2,l6]*
         samb[3,35]*e_[l6,l97]*e_[l99,l2]*e_[p1,pol3,pol4,p4]*
         FourPi^(-2)*I^10*g1*gw*MHT^(-2) - 4/3*lamprime[f6]*
         lamprimebar[f6]*Ta[n95,l2,l6]*samb[3,36]*e_[l6,l97]*e_[l99,l2]
         *e_[p3,p1,pol3,pol4]*FourPi^(-2)*I^10*g1*gw*MHT^(-2) - 2/3*
         lamprime[f6]*lamprimebar[f6]*Ta[n95,l2,l6]*samb[3,36]*e_[l6,
         l97]*e_[l99,l2]*e_[p1,pol3,pol4,p4]*FourPi^(-2)*I^10*g1*gw*
         MHT^(-2) )

       - 1/2*Log[MHT^2]*lamprime[f6]*lamprimebar[f6]*Ta[n95,l4,l6]*e_[
      l4,l99]*e_[l6,l97]*pol3.pol4*FourPi^(-2)*I^9*g1*gw + 1/2*Log[
         MHT^2]*lamprime[f6]*lamprimebar[f6]*Ta[n95,l8,l6]*e_[l6,l97]*
         e_[l99,l8]*pol3.pol4*FourPi^(-2)*I^9*g1*gw - 4*Log[MHT^2]*
         lamprime[f6]*lamprimebar[f6]*Ta[n95,l2,l6]*e_[l6,l97]*e_[l99,
         l2]*pol3.pol4*FourPi^(-2)*I^9*g1*gw + 1/4*lamprime[f6]*
         lamprimebar[f6]*Ta[n95,l4,l6]*e_[l4,l99]*e_[l6,l97]*pol3.pol4*
         FourPi^(-2)*I^9*g1*gw - 1/4*lamprime[f6]*lamprimebar[f6]*Ta[
         n95,l8,l6]*e_[l6,l97]*e_[l99,l8]*pol3.pol4*FourPi^(-2)*I^9*g1*
         gw + 2*lamprime[f6]*lamprimebar[f6]*Ta[n95,l2,l6]*e_[l6,l97]*
         e_[l99,l2]*pol3.pol4*FourPi^(-2)*I^9*g1*gw;

  0.23 sec out of 0.23 sec
