FORM 4.2.0 (Jul  6 2017, v4.2.0) 64-bits         Run: Tue Mar 20 01:18:05 2018
    * -*-Form-*-
    
    #: Parentheses 2000
    #-

   amplPhibarWiBPhi =
       + p2.pol2*sSS^2 * ( Log[MHT^2]*lamprime[f2]*lamprimebar[f2]*Ta[
         n97,l6,l2]*e_[l2,l99]*e_[l6,l93]*p2.pol3*FourPi^(-2)*I^9*g1*gw
         *MHT^(-2) - 1/3*Log[MHT^2]*lamprime[f2]*lamprimebar[f2]*Ta[n97
         ,l6,l2]*e_[l2,l99]*e_[l6,l93]*pol3.p4*FourPi^(-2)*I^9*g1*gw*
         MHT^(-2) - 13/6*lamprime[f2]*lamprimebar[f2]*Ta[n97,l6,l2]*e_[
         l2,l99]*e_[l6,l93]*p2.pol3*FourPi^(-2)*I^9*g1*gw*MHT^(-2) - 4/
         3*lamprime[f2]*lamprimebar[f2]*Ta[n97,l6,l2]*e_[l2,l99]*e_[l6,
         l93]*p3.pol3*FourPi^(-2)*I^9*g1*gw*MHT^(-2) - 5/2*lamprime[f2]
         *lamprimebar[f2]*Ta[n97,l6,l2]*e_[l2,l99]*e_[l6,l93]*p1.pol3*
         FourPi^(-2)*I^9*g1*gw*MHT^(-2) + 1/9*lamprime[f2]*lamprimebar[
         f2]*Ta[n97,l6,l2]*e_[l2,l99]*e_[l6,l93]*pol3.p4*FourPi^(-2)*
         I^9*g1*gw*MHT^(-2) )

       + p3.pol2*sSS^2 * ( 1/3*Log[MHT^2]*lamprime[f2]*lamprimebar[f2]*
         Ta[n97,l8,l2]*e_[l2,l99]*e_[l93,l8]*p3.pol3*FourPi^(-2)*I^9*g1
         *gw*MHT^(-2) + 1/3*Log[MHT^2]*lamprime[f2]*lamprimebar[f2]*Ta[
         n97,l8,l2]*e_[l2,l99]*e_[l93,l8]*pol3.p4*FourPi^(-2)*I^9*g1*gw
         *MHT^(-2) + 2/3*lamprime[f2]*lamprimebar[f2]*Ta[n97,l6,l2]*e_[
         l2,l99]*e_[l6,l93]*p2.pol3*FourPi^(-2)*I^9*g1*gw*MHT^(-2) - 4/
         9*lamprime[f2]*lamprimebar[f2]*Ta[n97,l6,l2]*e_[l2,l99]*e_[l6,
         l93]*p3.pol3*FourPi^(-2)*I^9*g1*gw*MHT^(-2) - 8/3*lamprime[f2]
         *lamprimebar[f2]*Ta[n97,l6,l2]*e_[l2,l99]*e_[l6,l93]*p1.pol3*
         FourPi^(-2)*I^9*g1*gw*MHT^(-2) - 5/18*lamprime[f2]*
         lamprimebar[f2]*Ta[n97,l8,l2]*e_[l2,l99]*e_[l93,l8]*p3.pol3*
         FourPi^(-2)*I^9*g1*gw*MHT^(-2) - 1/6*lamprime[f2]*lamprimebar[
         f2]*Ta[n97,l8,l2]*e_[l2,l99]*e_[l93,l8]*p1.pol3*FourPi^(-2)*
         I^9*g1*gw*MHT^(-2) - 1/9*lamprime[f2]*lamprimebar[f2]*Ta[n97,
         l8,l2]*e_[l2,l99]*e_[l93,l8]*pol3.p4*FourPi^(-2)*I^9*g1*gw*
         MHT^(-2) )

       + p1.pol2*sSS^2 * (  - 2/3*Log[MHT^2]*lamprime[f2]*lamprimebar[
         f2]*Ta[n97,l6,l2]*e_[l2,l99]*e_[l6,l93]*pol3.p4*FourPi^(-2)*
         I^9*g1*gw*MHT^(-2) - 1/3*Log[MHT^2]*lamprime[f2]*lamprimebar[
         f2]*Ta[n97,l8,l2]*e_[l2,l99]*e_[l93,l8]*pol3.p4*FourPi^(-2)*
         I^9*g1*gw*MHT^(-2) - 5/2*lamprime[f2]*lamprimebar[f2]*Ta[n97,
         l6,l2]*e_[l2,l99]*e_[l6,l93]*p2.pol3*FourPi^(-2)*I^9*g1*gw*
         MHT^(-2) - 8/3*lamprime[f2]*lamprimebar[f2]*Ta[n97,l6,l2]*e_[
         l2,l99]*e_[l6,l93]*p3.pol3*FourPi^(-2)*I^9*g1*gw*MHT^(-2) - 5*
         lamprime[f2]*lamprimebar[f2]*Ta[n97,l6,l2]*e_[l2,l99]*e_[l6,
         l93]*p1.pol3*FourPi^(-2)*I^9*g1*gw*MHT^(-2) + 2/9*lamprime[f2]
         *lamprimebar[f2]*Ta[n97,l6,l2]*e_[l2,l99]*e_[l6,l93]*pol3.p4*
         FourPi^(-2)*I^9*g1*gw*MHT^(-2) - 1/6*lamprime[f2]*lamprimebar[
         f2]*Ta[n97,l8,l2]*e_[l2,l99]*e_[l93,l8]*p3.pol3*FourPi^(-2)*
         I^9*g1*gw*MHT^(-2) - 1/3*lamprime[f2]*lamprimebar[f2]*Ta[n97,
         l8,l2]*e_[l2,l99]*e_[l93,l8]*p1.pol3*FourPi^(-2)*I^9*g1*gw*
         MHT^(-2) + 5/18*lamprime[f2]*lamprimebar[f2]*Ta[n97,l8,l2]*e_[
         l2,l99]*e_[l93,l8]*pol3.p4*FourPi^(-2)*I^9*g1*gw*MHT^(-2) )

       + pol2.pol3*sSS^2 * (  - Log[MHT^2]*lamprime[f2]*lamprimebar[f2]
         *Ta[n97,l6,l2]*e_[l2,l99]*e_[l6,l93]*p2.p2*FourPi^(-2)*I^9*g1*
         gw*MHT^(-2) + 2/3*Log[MHT^2]*lamprime[f2]*lamprimebar[f2]*Ta[
         n97,l6,l2]*e_[l2,l99]*e_[l6,l93]*p2.p4*FourPi^(-2)*I^9*g1*gw*
         MHT^(-2) + 1/3*Log[MHT^2]*lamprime[f2]*lamprimebar[f2]*Ta[n97,
         l6,l2]*e_[l2,l99]*e_[l6,l93]*p1.p4*FourPi^(-2)*I^9*g1*gw*
         MHT^(-2) + 1/3*Log[MHT^2]*lamprime[f2]*lamprimebar[f2]*Ta[n97,
         l6,l2]*e_[l2,l99]*e_[l6,l93]*p4.p4*FourPi^(-2)*I^9*g1*gw*
         MHT^(-2) - 1/3*Log[MHT^2]*lamprime[f2]*lamprimebar[f2]*Ta[n97,
         l8,l2]*e_[l2,l99]*e_[l93,l8]*p3.p3*FourPi^(-2)*I^9*g1*gw*
         MHT^(-2) - 2/3*Log[MHT^2]*lamprime[f2]*lamprimebar[f2]*Ta[n97,
         l8,l2]*e_[l2,l99]*e_[l93,l8]*p3.p4*FourPi^(-2)*I^9*g1*gw*
         MHT^(-2) - 1/3*Log[MHT^2]*lamprime[f2]*lamprimebar[f2]*Ta[n97,
         l8,l2]*e_[l2,l99]*e_[l93,l8]*p1.p4*FourPi^(-2)*I^9*g1*gw*
         MHT^(-2) - 1/3*Log[MHT^2]*lamprime[f2]*lamprimebar[f2]*Ta[n97,
         l8,l2]*e_[l2,l99]*e_[l93,l8]*p4.p4*FourPi^(-2)*I^9*g1*gw*
         MHT^(-2) - 1/3*lamprime[f2]*lamprimebar[f2]*Ta[n97,l6,l2]*e_[
         l2,l99]*e_[l6,l93]*p2.p2*FourPi^(-2)*I^9*g1*gw*MHT^(-2) - 10/3
         *lamprime[f2]*lamprimebar[f2]*Ta[n97,l6,l2]*e_[l2,l99]*e_[l6,
         l93]*p2.p3*FourPi^(-2)*I^9*g1*gw*MHT^(-2) - 5/2*lamprime[f2]*
         lamprimebar[f2]*Ta[n97,l6,l2]*e_[l2,l99]*e_[l6,l93]*p2.p1*
         FourPi^(-2)*I^9*g1*gw*MHT^(-2) - 7/18*lamprime[f2]*
         lamprimebar[f2]*Ta[n97,l6,l2]*e_[l2,l99]*e_[l6,l93]*p2.p4*
         FourPi^(-2)*I^9*g1*gw*MHT^(-2) - 20/9*lamprime[f2]*
         lamprimebar[f2]*Ta[n97,l6,l2]*e_[l2,l99]*e_[l6,l93]*p3.p3*
         FourPi^(-2)*I^9*g1*gw*MHT^(-2) - 8/3*lamprime[f2]*lamprimebar[
         f2]*Ta[n97,l6,l2]*e_[l2,l99]*e_[l6,l93]*p3.p1*FourPi^(-2)*I^9*
         g1*gw*MHT^(-2) - 5/2*lamprime[f2]*lamprimebar[f2]*Ta[n97,l6,l2
         ]*e_[l2,l99]*e_[l6,l93]*p1.p1*FourPi^(-2)*I^9*g1*gw*MHT^(-2)
          - 5/18*lamprime[f2]*lamprimebar[f2]*Ta[n97,l6,l2]*e_[l2,l99]*
         e_[l6,l93]*p1.p4*FourPi^(-2)*I^9*g1*gw*MHT^(-2) - 1/9*
         lamprime[f2]*lamprimebar[f2]*Ta[n97,l6,l2]*e_[l2,l99]*e_[l6,
         l93]*p4.p4*FourPi^(-2)*I^9*g1*gw*MHT^(-2) + 1/9*lamprime[f2]*
         lamprimebar[f2]*Ta[n97,l8,l2]*e_[l2,l99]*e_[l93,l8]*p3.p3*
         FourPi^(-2)*I^9*g1*gw*MHT^(-2) - 1/6*lamprime[f2]*lamprimebar[
         f2]*Ta[n97,l8,l2]*e_[l2,l99]*e_[l93,l8]*p3.p1*FourPi^(-2)*I^9*
         g1*gw*MHT^(-2) + 7/18*lamprime[f2]*lamprimebar[f2]*Ta[n97,l8,
         l2]*e_[l2,l99]*e_[l93,l8]*p3.p4*FourPi^(-2)*I^9*g1*gw*MHT^(-2)
          - 1/6*lamprime[f2]*lamprimebar[f2]*Ta[n97,l8,l2]*e_[l2,l99]*
         e_[l93,l8]*p1.p1*FourPi^(-2)*I^9*g1*gw*MHT^(-2) + 5/18*
         lamprime[f2]*lamprimebar[f2]*Ta[n97,l8,l2]*e_[l2,l99]*e_[l93,
         l8]*p1.p4*FourPi^(-2)*I^9*g1*gw*MHT^(-2) + 1/9*lamprime[f2]*
         lamprimebar[f2]*Ta[n97,l8,l2]*e_[l2,l99]*e_[l93,l8]*p4.p4*
         FourPi^(-2)*I^9*g1*gw*MHT^(-2) )

       + pol2.pol3 * ( 7/2*Log[MHT^2]*lamprime[f2]*lamprimebar[f2]*Ta[
         n97,l6,l2]*e_[l2,l99]*e_[l6,l93]*FourPi^(-2)*I^9*g1*gw + 1/2*
         Log[MHT^2]*lamprime[f2]*lamprimebar[f2]*Ta[n97,l8,l2]*e_[l2,
         l99]*e_[l93,l8]*FourPi^(-2)*I^9*g1*gw - 7/4*lamprime[f2]*
         lamprimebar[f2]*Ta[n97,l6,l2]*e_[l2,l99]*e_[l6,l93]*
         FourPi^(-2)*I^9*g1*gw - 1/4*lamprime[f2]*lamprimebar[f2]*Ta[
         n97,l8,l2]*e_[l2,l99]*e_[l93,l8]*FourPi^(-2)*I^9*g1*gw )

       + pol2.p4*sSS^2 * (  - 1/3*Log[MHT^2]*lamprime[f2]*lamprimebar[
         f2]*Ta[n97,l6,l2]*e_[l2,l99]*e_[l6,l93]*p2.pol3*FourPi^(-2)*
         I^9*g1*gw*MHT^(-2) + 1/3*Log[MHT^2]*lamprime[f2]*lamprimebar[
         f2]*Ta[n97,l6,l2]*e_[l2,l99]*e_[l6,l93]*p1.pol3*FourPi^(-2)*
         I^9*g1*gw*MHT^(-2) - 1/3*Log[MHT^2]*lamprime[f2]*lamprimebar[
         f2]*Ta[n97,l6,l2]*e_[l2,l99]*e_[l6,l93]*pol3.p4*FourPi^(-2)*
         I^9*g1*gw*MHT^(-2) + 1/3*Log[MHT^2]*lamprime[f2]*lamprimebar[
         f2]*Ta[n97,l8,l2]*e_[l2,l99]*e_[l93,l8]*p3.pol3*FourPi^(-2)*
         I^9*g1*gw*MHT^(-2) + 2/3*Log[MHT^2]*lamprime[f2]*lamprimebar[
         f2]*Ta[n97,l8,l2]*e_[l2,l99]*e_[l93,l8]*p1.pol3*FourPi^(-2)*
         I^9*g1*gw*MHT^(-2) + 1/3*Log[MHT^2]*lamprime[f2]*lamprimebar[
         f2]*Ta[n97,l8,l2]*e_[l2,l99]*e_[l93,l8]*pol3.p4*FourPi^(-2)*
         I^9*g1*gw*MHT^(-2) + 1/9*lamprime[f2]*lamprimebar[f2]*Ta[n97,
         l6,l2]*e_[l2,l99]*e_[l6,l93]*p2.pol3*FourPi^(-2)*I^9*g1*gw*
         MHT^(-2) - 5/18*lamprime[f2]*lamprimebar[f2]*Ta[n97,l6,l2]*e_[
         l2,l99]*e_[l6,l93]*p1.pol3*FourPi^(-2)*I^9*g1*gw*MHT^(-2) + 5/
         18*lamprime[f2]*lamprimebar[f2]*Ta[n97,l6,l2]*e_[l2,l99]*e_[l6
         ,l93]*pol3.p4*FourPi^(-2)*I^9*g1*gw*MHT^(-2) - 1/9*lamprime[f2
         ]*lamprimebar[f2]*Ta[n97,l8,l2]*e_[l2,l99]*e_[l93,l8]*p3.pol3*
         FourPi^(-2)*I^9*g1*gw*MHT^(-2) - 2/9*lamprime[f2]*lamprimebar[
         f2]*Ta[n97,l8,l2]*e_[l2,l99]*e_[l93,l8]*p1.pol3*FourPi^(-2)*
         I^9*g1*gw*MHT^(-2) - 5/18*lamprime[f2]*lamprimebar[f2]*Ta[n97,
         l8,l2]*e_[l2,l99]*e_[l93,l8]*pol3.p4*FourPi^(-2)*I^9*g1*gw*
         MHT^(-2) )

       + e_[p2,p3,pol2,pol3]*sSS^2 * ( 4*lamprime[f2]*lamprimebar[f2]*
         Ta[n97,l6,l2]*samb[1,1]*e_[l2,l99]*e_[l6,l93]*FourPi^(-2)*I^10
         *g1*gw*MHT^(-2) - 4*lamprime[f2]*lamprimebar[f2]*Ta[n97,l6,l2]
         *samb[1,2]*e_[l2,l99]*e_[l6,l93]*FourPi^(-2)*I^10*g1*gw*
         MHT^(-2) - 2/3*lamprime[f2]*lamprimebar[f2]*Ta[n97,l6,l2]*
         samb[1,7]*e_[l2,l99]*e_[l6,l93]*FourPi^(-2)*I^10*g1*gw*
         MHT^(-2) + 2/3*lamprime[f2]*lamprimebar[f2]*Ta[n97,l6,l2]*
         samb[1,8]*e_[l2,l99]*e_[l6,l93]*FourPi^(-2)*I^10*g1*gw*
         MHT^(-2) - 4/3*lamprime[f2]*lamprimebar[f2]*Ta[n97,l6,l2]*
         samb[1,9]*e_[l2,l99]*e_[l6,l93]*FourPi^(-2)*I^10*g1*gw*
         MHT^(-2) + 4/3*lamprime[f2]*lamprimebar[f2]*Ta[n97,l6,l2]*
         samb[1,10]*e_[l2,l99]*e_[l6,l93]*FourPi^(-2)*I^10*g1*gw*
         MHT^(-2) )

       + e_[p2,p1,pol2,pol3]*sSS^2 * ( Log[MHT^2]*lamprime[f2]*
         lamprimebar[f2]*Ta[n97,l6,l2]*samb[2,13]*e_[l2,l99]*e_[l6,l93]
         *FourPi^(-2)*I^10*g1*gw*MHT^(-2) - Log[MHT^2]*lamprime[f2]*
         lamprimebar[f2]*Ta[n97,l6,l2]*samb[2,14]*e_[l2,l99]*e_[l6,l93]
         *FourPi^(-2)*I^10*g1*gw*MHT^(-2) - Log[MHT^2]*lamprime[f2]*
         lamprimebar[f2]*Ta[n97,l6,l2]*samb[2,15]*e_[l2,l99]*e_[l6,l93]
         *FourPi^(-2)*I^10*g1*gw*MHT^(-2) + Log[MHT^2]*lamprime[f2]*
         lamprimebar[f2]*Ta[n97,l6,l2]*samb[2,16]*e_[l2,l99]*e_[l6,l93]
         *FourPi^(-2)*I^10*g1*gw*MHT^(-2) + 1/3*Log[MHT^2]*lamprime[f2]
         *lamprimebar[f2]*Ta[n97,l6,l2]*samb[2,19]*e_[l2,l99]*e_[l6,l93
         ]*FourPi^(-2)*I^10*g1*gw*MHT^(-2) - 1/3*Log[MHT^2]*lamprime[f2
         ]*lamprimebar[f2]*Ta[n97,l6,l2]*samb[2,20]*e_[l2,l99]*e_[l6,
         l93]*FourPi^(-2)*I^10*g1*gw*MHT^(-2) - 1/3*Log[MHT^2]*
         lamprime[f2]*lamprimebar[f2]*Ta[n97,l6,l2]*samb[2,21]*e_[l2,
         l99]*e_[l6,l93]*FourPi^(-2)*I^10*g1*gw*MHT^(-2) + 1/3*Log[
         MHT^2]*lamprime[f2]*lamprimebar[f2]*Ta[n97,l6,l2]*samb[2,22]*
         e_[l2,l99]*e_[l6,l93]*FourPi^(-2)*I^10*g1*gw*MHT^(-2) + 1/3*
         Log[MHT^2]*lamprime[f2]*lamprimebar[f2]*Ta[n97,l6,l2]*samb[2,
         23]*e_[l2,l99]*e_[l6,l93]*FourPi^(-2)*I^10*g1*gw*MHT^(-2) - 1/
         3*Log[MHT^2]*lamprime[f2]*lamprimebar[f2]*Ta[n97,l6,l2]*samb[2
         ,24]*e_[l2,l99]*e_[l6,l93]*FourPi^(-2)*I^10*g1*gw*MHT^(-2) - 1/
         2*lamprime[f2]*lamprimebar[f2]*Ta[n97,l6,l2]*e_[l2,l99]*e_[l6,
         l93]*FourPi^(-2)*I^10*g1*gw*MHT^(-2) + 4*lamprime[f2]*
         lamprimebar[f2]*Ta[n97,l6,l2]*samb[1,1]*e_[l2,l99]*e_[l6,l93]*
         FourPi^(-2)*I^10*g1*gw*MHT^(-2) - 4*lamprime[f2]*lamprimebar[
         f2]*Ta[n97,l6,l2]*samb[1,2]*e_[l2,l99]*e_[l6,l93]*FourPi^(-2)*
         I^10*g1*gw*MHT^(-2) - 4*lamprime[f2]*lamprimebar[f2]*Ta[n97,l6
         ,l2]*samb[1,3]*e_[l2,l99]*e_[l6,l93]*FourPi^(-2)*I^10*g1*gw*
         MHT^(-2) + 4*lamprime[f2]*lamprimebar[f2]*Ta[n97,l6,l2]*samb[1
         ,4]*e_[l2,l99]*e_[l6,l93]*FourPi^(-2)*I^10*g1*gw*MHT^(-2) - 4/
         3*lamprime[f2]*lamprimebar[f2]*Ta[n97,l6,l2]*samb[1,7]*e_[l2,
         l99]*e_[l6,l93]*FourPi^(-2)*I^10*g1*gw*MHT^(-2) + 4/3*
         lamprime[f2]*lamprimebar[f2]*Ta[n97,l6,l2]*samb[1,8]*e_[l2,l99
         ]*e_[l6,l93]*FourPi^(-2)*I^10*g1*gw*MHT^(-2) - 4/3*lamprime[f2
         ]*lamprimebar[f2]*Ta[n97,l6,l2]*samb[1,9]*e_[l2,l99]*e_[l6,l93
         ]*FourPi^(-2)*I^10*g1*gw*MHT^(-2) + 4/3*lamprime[f2]*
         lamprimebar[f2]*Ta[n97,l6,l2]*samb[1,10]*e_[l2,l99]*e_[l6,l93]
         *FourPi^(-2)*I^10*g1*gw*MHT^(-2) + 4/3*lamprime[f2]*
         lamprimebar[f2]*Ta[n97,l6,l2]*samb[1,11]*e_[l2,l99]*e_[l6,l93]
         *FourPi^(-2)*I^10*g1*gw*MHT^(-2) - 4/3*lamprime[f2]*
         lamprimebar[f2]*Ta[n97,l6,l2]*samb[1,12]*e_[l2,l99]*e_[l6,l93]
         *FourPi^(-2)*I^10*g1*gw*MHT^(-2) - 3/2*lamprime[f2]*
         lamprimebar[f2]*Ta[n97,l6,l2]*samb[2,13]*e_[l2,l99]*e_[l6,l93]
         *FourPi^(-2)*I^10*g1*gw*MHT^(-2) + lamprime[f2]*lamprimebar[f2
         ]*Ta[n97,l6,l2]*samb[2,14]*e_[l2,l99]*e_[l6,l93]*FourPi^(-2)*
         I^10*g1*gw*MHT^(-2) + 3/2*lamprime[f2]*lamprimebar[f2]*Ta[n97,
         l6,l2]*samb[2,15]*e_[l2,l99]*e_[l6,l93]*FourPi^(-2)*I^10*g1*gw
         *MHT^(-2) - lamprime[f2]*lamprimebar[f2]*Ta[n97,l6,l2]*samb[2,
         16]*e_[l2,l99]*e_[l6,l93]*FourPi^(-2)*I^10*g1*gw*MHT^(-2) - 5/
         18*lamprime[f2]*lamprimebar[f2]*Ta[n97,l6,l2]*samb[2,19]*e_[l2
         ,l99]*e_[l6,l93]*FourPi^(-2)*I^10*g1*gw*MHT^(-2) + 1/9*
         lamprime[f2]*lamprimebar[f2]*Ta[n97,l6,l2]*samb[2,20]*e_[l2,
         l99]*e_[l6,l93]*FourPi^(-2)*I^10*g1*gw*MHT^(-2) + 11/18*
         lamprime[f2]*lamprimebar[f2]*Ta[n97,l6,l2]*samb[2,21]*e_[l2,
         l99]*e_[l6,l93]*FourPi^(-2)*I^10*g1*gw*MHT^(-2) - 4/9*
         lamprime[f2]*lamprimebar[f2]*Ta[n97,l6,l2]*samb[2,22]*e_[l2,
         l99]*e_[l6,l93]*FourPi^(-2)*I^10*g1*gw*MHT^(-2) - 11/18*
         lamprime[f2]*lamprimebar[f2]*Ta[n97,l6,l2]*samb[2,23]*e_[l2,
         l99]*e_[l6,l93]*FourPi^(-2)*I^10*g1*gw*MHT^(-2) + 4/9*
         lamprime[f2]*lamprimebar[f2]*Ta[n97,l6,l2]*samb[2,24]*e_[l2,
         l99]*e_[l6,l93]*FourPi^(-2)*I^10*g1*gw*MHT^(-2) )

       + e_[p2,pol2,pol3,p4]*sSS^2 * (  - Log[MHT^2]*lamprime[f2]*
         lamprimebar[f2]*Ta[n97,l6,l2]*samb[2,15]*e_[l2,l99]*e_[l6,l93]
         *FourPi^(-2)*I^10*g1*gw*MHT^(-2) + Log[MHT^2]*lamprime[f2]*
         lamprimebar[f2]*Ta[n97,l6,l2]*samb[2,16]*e_[l2,l99]*e_[l6,l93]
         *FourPi^(-2)*I^10*g1*gw*MHT^(-2) + 1/3*Log[MHT^2]*lamprime[f2]
         *lamprimebar[f2]*Ta[n97,l6,l2]*samb[2,19]*e_[l2,l99]*e_[l6,l93
         ]*FourPi^(-2)*I^10*g1*gw*MHT^(-2) - 1/3*Log[MHT^2]*lamprime[f2
         ]*lamprimebar[f2]*Ta[n97,l6,l2]*samb[2,20]*e_[l2,l99]*e_[l6,
         l93]*FourPi^(-2)*I^10*g1*gw*MHT^(-2) + 1/3*Log[MHT^2]*
         lamprime[f2]*lamprimebar[f2]*Ta[n97,l6,l2]*samb[2,23]*e_[l2,
         l99]*e_[l6,l93]*FourPi^(-2)*I^10*g1*gw*MHT^(-2) - 1/3*Log[
         MHT^2]*lamprime[f2]*lamprimebar[f2]*Ta[n97,l6,l2]*samb[2,24]*
         e_[l2,l99]*e_[l6,l93]*FourPi^(-2)*I^10*g1*gw*MHT^(-2) + 1/2*
         lamprime[f2]*lamprimebar[f2]*Ta[n97,l6,l2]*e_[l2,l99]*e_[l6,
         l93]*FourPi^(-2)*I^10*g1*gw*MHT^(-2) + 3/2*lamprime[f2]*
         lamprimebar[f2]*Ta[n97,l6,l2]*samb[2,15]*e_[l2,l99]*e_[l6,l93]
         *FourPi^(-2)*I^10*g1*gw*MHT^(-2) - lamprime[f2]*lamprimebar[f2
         ]*Ta[n97,l6,l2]*samb[2,16]*e_[l2,l99]*e_[l6,l93]*FourPi^(-2)*
         I^10*g1*gw*MHT^(-2) - 11/18*lamprime[f2]*lamprimebar[f2]*Ta[
         n97,l6,l2]*samb[2,19]*e_[l2,l99]*e_[l6,l93]*FourPi^(-2)*I^10*
         g1*gw*MHT^(-2) + 4/9*lamprime[f2]*lamprimebar[f2]*Ta[n97,l6,l2
         ]*samb[2,20]*e_[l2,l99]*e_[l6,l93]*FourPi^(-2)*I^10*g1*gw*
         MHT^(-2) - 11/18*lamprime[f2]*lamprimebar[f2]*Ta[n97,l6,l2]*
         samb[2,23]*e_[l2,l99]*e_[l6,l93]*FourPi^(-2)*I^10*g1*gw*
         MHT^(-2) + 4/9*lamprime[f2]*lamprimebar[f2]*Ta[n97,l6,l2]*
         samb[2,24]*e_[l2,l99]*e_[l6,l93]*FourPi^(-2)*I^10*g1*gw*
         MHT^(-2) )

       + e_[p3,p1,pol2,pol3]*sSS^2 * ( Log[MHT^2]*lamprime[f2]*
         lamprimebar[f2]*Ta[n97,l8,l2]*samb[3,25]*e_[l2,l99]*e_[l93,l8]
         *FourPi^(-2)*I^10*g1*gw*MHT^(-2) - Log[MHT^2]*lamprime[f2]*
         lamprimebar[f2]*Ta[n97,l8,l2]*samb[3,26]*e_[l2,l99]*e_[l93,l8]
         *FourPi^(-2)*I^10*g1*gw*MHT^(-2) - Log[MHT^2]*lamprime[f2]*
         lamprimebar[f2]*Ta[n97,l8,l2]*samb[3,27]*e_[l2,l99]*e_[l93,l8]
         *FourPi^(-2)*I^10*g1*gw*MHT^(-2) + Log[MHT^2]*lamprime[f2]*
         lamprimebar[f2]*Ta[n97,l8,l2]*samb[3,28]*e_[l2,l99]*e_[l93,l8]
         *FourPi^(-2)*I^10*g1*gw*MHT^(-2) + 1/3*Log[MHT^2]*lamprime[f2]
         *lamprimebar[f2]*Ta[n97,l8,l2]*samb[3,31]*e_[l2,l99]*e_[l93,l8
         ]*FourPi^(-2)*I^10*g1*gw*MHT^(-2) - 1/3*Log[MHT^2]*lamprime[f2
         ]*lamprimebar[f2]*Ta[n97,l8,l2]*samb[3,32]*e_[l2,l99]*e_[l93,
         l8]*FourPi^(-2)*I^10*g1*gw*MHT^(-2) - 1/3*Log[MHT^2]*lamprime[
         f2]*lamprimebar[f2]*Ta[n97,l8,l2]*samb[3,33]*e_[l2,l99]*e_[l93
         ,l8]*FourPi^(-2)*I^10*g1*gw*MHT^(-2) + 1/3*Log[MHT^2]*
         lamprime[f2]*lamprimebar[f2]*Ta[n97,l8,l2]*samb[3,34]*e_[l2,
         l99]*e_[l93,l8]*FourPi^(-2)*I^10*g1*gw*MHT^(-2) + 1/3*Log[
         MHT^2]*lamprime[f2]*lamprimebar[f2]*Ta[n97,l8,l2]*samb[3,35]*
         e_[l2,l99]*e_[l93,l8]*FourPi^(-2)*I^10*g1*gw*MHT^(-2) - 1/3*
         Log[MHT^2]*lamprime[f2]*lamprimebar[f2]*Ta[n97,l8,l2]*samb[3,
         36]*e_[l2,l99]*e_[l93,l8]*FourPi^(-2)*I^10*g1*gw*MHT^(-2) - 4*
         lamprime[f2]*lamprimebar[f2]*Ta[n97,l6,l2]*samb[1,5]*e_[l2,l99
         ]*e_[l6,l93]*FourPi^(-2)*I^10*g1*gw*MHT^(-2) + 4*lamprime[f2]*
         lamprimebar[f2]*Ta[n97,l6,l2]*samb[1,6]*e_[l2,l99]*e_[l6,l93]*
         FourPi^(-2)*I^10*g1*gw*MHT^(-2) - 2/3*lamprime[f2]*
         lamprimebar[f2]*Ta[n97,l6,l2]*samb[1,9]*e_[l2,l99]*e_[l6,l93]*
         FourPi^(-2)*I^10*g1*gw*MHT^(-2) + 2/3*lamprime[f2]*
         lamprimebar[f2]*Ta[n97,l6,l2]*samb[1,10]*e_[l2,l99]*e_[l6,l93]
         *FourPi^(-2)*I^10*g1*gw*MHT^(-2) - 2/3*lamprime[f2]*
         lamprimebar[f2]*Ta[n97,l6,l2]*samb[1,11]*e_[l2,l99]*e_[l6,l93]
         *FourPi^(-2)*I^10*g1*gw*MHT^(-2) + 2/3*lamprime[f2]*
         lamprimebar[f2]*Ta[n97,l6,l2]*samb[1,12]*e_[l2,l99]*e_[l6,l93]
         *FourPi^(-2)*I^10*g1*gw*MHT^(-2) - 1/2*lamprime[f2]*
         lamprimebar[f2]*Ta[n97,l8,l2]*e_[l2,l99]*e_[l93,l8]*
         FourPi^(-2)*I^10*g1*gw*MHT^(-2) - 3/2*lamprime[f2]*
         lamprimebar[f2]*Ta[n97,l8,l2]*samb[3,25]*e_[l2,l99]*e_[l93,l8]
         *FourPi^(-2)*I^10*g1*gw*MHT^(-2) + lamprime[f2]*lamprimebar[f2
         ]*Ta[n97,l8,l2]*samb[3,26]*e_[l2,l99]*e_[l93,l8]*FourPi^(-2)*
         I^10*g1*gw*MHT^(-2) + 3/2*lamprime[f2]*lamprimebar[f2]*Ta[n97,
         l8,l2]*samb[3,27]*e_[l2,l99]*e_[l93,l8]*FourPi^(-2)*I^10*g1*gw
         *MHT^(-2) - lamprime[f2]*lamprimebar[f2]*Ta[n97,l8,l2]*samb[3,
         28]*e_[l2,l99]*e_[l93,l8]*FourPi^(-2)*I^10*g1*gw*MHT^(-2) - 5/
         18*lamprime[f2]*lamprimebar[f2]*Ta[n97,l8,l2]*samb[3,31]*e_[l2
         ,l99]*e_[l93,l8]*FourPi^(-2)*I^10*g1*gw*MHT^(-2) + 1/9*
         lamprime[f2]*lamprimebar[f2]*Ta[n97,l8,l2]*samb[3,32]*e_[l2,
         l99]*e_[l93,l8]*FourPi^(-2)*I^10*g1*gw*MHT^(-2) + 11/18*
         lamprime[f2]*lamprimebar[f2]*Ta[n97,l8,l2]*samb[3,33]*e_[l2,
         l99]*e_[l93,l8]*FourPi^(-2)*I^10*g1*gw*MHT^(-2) - 4/9*
         lamprime[f2]*lamprimebar[f2]*Ta[n97,l8,l2]*samb[3,34]*e_[l2,
         l99]*e_[l93,l8]*FourPi^(-2)*I^10*g1*gw*MHT^(-2) - 11/18*
         lamprime[f2]*lamprimebar[f2]*Ta[n97,l8,l2]*samb[3,35]*e_[l2,
         l99]*e_[l93,l8]*FourPi^(-2)*I^10*g1*gw*MHT^(-2) + 4/9*
         lamprime[f2]*lamprimebar[f2]*Ta[n97,l8,l2]*samb[3,36]*e_[l2,
         l99]*e_[l93,l8]*FourPi^(-2)*I^10*g1*gw*MHT^(-2) )

       + e_[p3,pol2,pol3,p4]*sSS^2 * (  - Log[MHT^2]*lamprime[f2]*
         lamprimebar[f2]*Ta[n97,l8,l2]*samb[3,27]*e_[l2,l99]*e_[l93,l8]
         *FourPi^(-2)*I^10*g1*gw*MHT^(-2) + Log[MHT^2]*lamprime[f2]*
         lamprimebar[f2]*Ta[n97,l8,l2]*samb[3,28]*e_[l2,l99]*e_[l93,l8]
         *FourPi^(-2)*I^10*g1*gw*MHT^(-2) + 1/3*Log[MHT^2]*lamprime[f2]
         *lamprimebar[f2]*Ta[n97,l8,l2]*samb[3,31]*e_[l2,l99]*e_[l93,l8
         ]*FourPi^(-2)*I^10*g1*gw*MHT^(-2) - 1/3*Log[MHT^2]*lamprime[f2
         ]*lamprimebar[f2]*Ta[n97,l8,l2]*samb[3,32]*e_[l2,l99]*e_[l93,
         l8]*FourPi^(-2)*I^10*g1*gw*MHT^(-2) + 1/3*Log[MHT^2]*lamprime[
         f2]*lamprimebar[f2]*Ta[n97,l8,l2]*samb[3,35]*e_[l2,l99]*e_[l93
         ,l8]*FourPi^(-2)*I^10*g1*gw*MHT^(-2) - 1/3*Log[MHT^2]*
         lamprime[f2]*lamprimebar[f2]*Ta[n97,l8,l2]*samb[3,36]*e_[l2,
         l99]*e_[l93,l8]*FourPi^(-2)*I^10*g1*gw*MHT^(-2) + 1/2*
         lamprime[f2]*lamprimebar[f2]*Ta[n97,l8,l2]*e_[l2,l99]*e_[l93,
         l8]*FourPi^(-2)*I^10*g1*gw*MHT^(-2) + 3/2*lamprime[f2]*
         lamprimebar[f2]*Ta[n97,l8,l2]*samb[3,27]*e_[l2,l99]*e_[l93,l8]
         *FourPi^(-2)*I^10*g1*gw*MHT^(-2) - lamprime[f2]*lamprimebar[f2
         ]*Ta[n97,l8,l2]*samb[3,28]*e_[l2,l99]*e_[l93,l8]*FourPi^(-2)*
         I^10*g1*gw*MHT^(-2) - 11/18*lamprime[f2]*lamprimebar[f2]*Ta[
         n97,l8,l2]*samb[3,31]*e_[l2,l99]*e_[l93,l8]*FourPi^(-2)*I^10*
         g1*gw*MHT^(-2) + 4/9*lamprime[f2]*lamprimebar[f2]*Ta[n97,l8,l2
         ]*samb[3,32]*e_[l2,l99]*e_[l93,l8]*FourPi^(-2)*I^10*g1*gw*
         MHT^(-2) - 11/18*lamprime[f2]*lamprimebar[f2]*Ta[n97,l8,l2]*
         samb[3,35]*e_[l2,l99]*e_[l93,l8]*FourPi^(-2)*I^10*g1*gw*
         MHT^(-2) + 4/9*lamprime[f2]*lamprimebar[f2]*Ta[n97,l8,l2]*
         samb[3,36]*e_[l2,l99]*e_[l93,l8]*FourPi^(-2)*I^10*g1*gw*
         MHT^(-2) )

       + e_[p1,pol2,pol3,p4]*sSS^2 * (  - Log[MHT^2]*lamprime[f2]*
         lamprimebar[f2]*Ta[n97,l6,l2]*samb[2,17]*e_[l2,l99]*e_[l6,l93]
         *FourPi^(-2)*I^10*g1*gw*MHT^(-2) + Log[MHT^2]*lamprime[f2]*
         lamprimebar[f2]*Ta[n97,l6,l2]*samb[2,18]*e_[l2,l99]*e_[l6,l93]
         *FourPi^(-2)*I^10*g1*gw*MHT^(-2) - 1/3*Log[MHT^2]*lamprime[f2]
         *lamprimebar[f2]*Ta[n97,l6,l2]*samb[2,21]*e_[l2,l99]*e_[l6,l93
         ]*FourPi^(-2)*I^10*g1*gw*MHT^(-2) + 1/3*Log[MHT^2]*lamprime[f2
         ]*lamprimebar[f2]*Ta[n97,l6,l2]*samb[2,22]*e_[l2,l99]*e_[l6,
         l93]*FourPi^(-2)*I^10*g1*gw*MHT^(-2) + Log[MHT^2]*lamprime[f2]
         *lamprimebar[f2]*Ta[n97,l8,l2]*samb[3,29]*e_[l2,l99]*e_[l93,l8
         ]*FourPi^(-2)*I^10*g1*gw*MHT^(-2) - Log[MHT^2]*lamprime[f2]*
         lamprimebar[f2]*Ta[n97,l8,l2]*samb[3,30]*e_[l2,l99]*e_[l93,l8]
         *FourPi^(-2)*I^10*g1*gw*MHT^(-2) - 1/3*Log[MHT^2]*lamprime[f2]
         *lamprimebar[f2]*Ta[n97,l8,l2]*samb[3,33]*e_[l2,l99]*e_[l93,l8
         ]*FourPi^(-2)*I^10*g1*gw*MHT^(-2) + 1/3*Log[MHT^2]*lamprime[f2
         ]*lamprimebar[f2]*Ta[n97,l8,l2]*samb[3,34]*e_[l2,l99]*e_[l93,
         l8]*FourPi^(-2)*I^10*g1*gw*MHT^(-2) + lamprime[f2]*
         lamprimebar[f2]*Ta[n97,l6,l2]*e_[l2,l99]*e_[l6,l93]*
         FourPi^(-2)*I^10*g1*gw*MHT^(-2) + 3/2*lamprime[f2]*
         lamprimebar[f2]*Ta[n97,l6,l2]*samb[2,17]*e_[l2,l99]*e_[l6,l93]
         *FourPi^(-2)*I^10*g1*gw*MHT^(-2) - lamprime[f2]*lamprimebar[f2
         ]*Ta[n97,l6,l2]*samb[2,18]*e_[l2,l99]*e_[l6,l93]*FourPi^(-2)*
         I^10*g1*gw*MHT^(-2) + 11/18*lamprime[f2]*lamprimebar[f2]*Ta[
         n97,l6,l2]*samb[2,21]*e_[l2,l99]*e_[l6,l93]*FourPi^(-2)*I^10*
         g1*gw*MHT^(-2) - 4/9*lamprime[f2]*lamprimebar[f2]*Ta[n97,l6,l2
         ]*samb[2,22]*e_[l2,l99]*e_[l6,l93]*FourPi^(-2)*I^10*g1*gw*
         MHT^(-2) - 1/3*lamprime[f2]*lamprimebar[f2]*Ta[n97,l6,l2]*
         samb[2,23]*e_[l2,l99]*e_[l6,l93]*FourPi^(-2)*I^10*g1*gw*
         MHT^(-2) + 1/3*lamprime[f2]*lamprimebar[f2]*Ta[n97,l6,l2]*
         samb[2,24]*e_[l2,l99]*e_[l6,l93]*FourPi^(-2)*I^10*g1*gw*
         MHT^(-2) - 3/2*lamprime[f2]*lamprimebar[f2]*Ta[n97,l8,l2]*
         samb[3,29]*e_[l2,l99]*e_[l93,l8]*FourPi^(-2)*I^10*g1*gw*
         MHT^(-2) + lamprime[f2]*lamprimebar[f2]*Ta[n97,l8,l2]*samb[3,
         30]*e_[l2,l99]*e_[l93,l8]*FourPi^(-2)*I^10*g1*gw*MHT^(-2) + 11/
         18*lamprime[f2]*lamprimebar[f2]*Ta[n97,l8,l2]*samb[3,33]*e_[l2
         ,l99]*e_[l93,l8]*FourPi^(-2)*I^10*g1*gw*MHT^(-2) - 4/9*
         lamprime[f2]*lamprimebar[f2]*Ta[n97,l8,l2]*samb[3,34]*e_[l2,
         l99]*e_[l93,l8]*FourPi^(-2)*I^10*g1*gw*MHT^(-2) - 1/3*
         lamprime[f2]*lamprimebar[f2]*Ta[n97,l8,l2]*samb[3,35]*e_[l2,
         l99]*e_[l93,l8]*FourPi^(-2)*I^10*g1*gw*MHT^(-2) + 1/3*
         lamprime[f2]*lamprimebar[f2]*Ta[n97,l8,l2]*samb[3,36]*e_[l2,
         l99]*e_[l93,l8]*FourPi^(-2)*I^10*g1*gw*MHT^(-2) );

  0.30 sec out of 0.29 sec
