FORM 4.2.0 (Jul  6 2017, v4.2.0) 64-bits         Run: Tue Mar 20 01:18:10 2018
    * -*-Form-*-
    
    #: Parentheses 2000
    #-

   amplPhibarPhiBB =
       + sSS^2 * (  - 2/9*Log[MHT^2]*lamprime[f2]*lamprimebar[f2]*e_[l2
         ,l99]*e_[l2,l97]*p3.p3*pol3.pol4*FourPi^(-2)*I^9*g1^2*MHT^(-2)
          + 2/9*Log[MHT^2]*lamprime[f2]*lamprimebar[f2]*e_[l2,l99]*e_[
         l2,l97]*p3.pol3*p3.pol4*FourPi^(-2)*I^9*g1^2*MHT^(-2) + 1/18*
         Log[MHT^2]*lamprime[f4]*lamprimebar[f4]*e_[l99,l4]*e_[l97,l4]*
         p3.p3*pol3.pol4*FourPi^(-2)*I^9*g1^2*MHT^(-2) + 1/9*Log[MHT^2]
         *lamprime[f4]*lamprimebar[f4]*e_[l99,l4]*e_[l97,l4]*p3.p2*
         pol3.pol4*FourPi^(-2)*I^9*g1^2*MHT^(-2) - 1/18*Log[MHT^2]*
         lamprime[f4]*lamprimebar[f4]*e_[l99,l4]*e_[l97,l4]*p3.pol3*
         p3.pol4*FourPi^(-2)*I^9*g1^2*MHT^(-2) - 1/18*Log[MHT^2]*
         lamprime[f4]*lamprimebar[f4]*e_[l99,l4]*e_[l97,l4]*p3.pol3*
         p2.pol4*FourPi^(-2)*I^9*g1^2*MHT^(-2) - 1/18*Log[MHT^2]*
         lamprime[f4]*lamprimebar[f4]*e_[l99,l4]*e_[l97,l4]*p3.pol4*
         p2.pol3*FourPi^(-2)*I^9*g1^2*MHT^(-2) + 1/9*Log[MHT^2]*
         lamprime[f4]*lamprimebar[f4]*e_[l99,l4]*e_[l97,l4]*p1.p2*
         pol3.pol4*FourPi^(-2)*I^9*g1^2*MHT^(-2) - 1/18*Log[MHT^2]*
         lamprime[f4]*lamprimebar[f4]*e_[l99,l4]*e_[l97,l4]*p1.pol3*
         p2.pol4*FourPi^(-2)*I^9*g1^2*MHT^(-2) - 1/18*Log[MHT^2]*
         lamprime[f4]*lamprimebar[f4]*e_[l99,l4]*e_[l97,l4]*p1.pol4*
         p2.pol3*FourPi^(-2)*I^9*g1^2*MHT^(-2) + 1/9*Log[MHT^2]*
         lamprime[f4]*lamprimebar[f4]*e_[l99,l4]*e_[l97,l4]*p2.p2*
         pol3.pol4*FourPi^(-2)*I^9*g1^2*MHT^(-2) - 1/9*Log[MHT^2]*
         lamprime[f4]*lamprimebar[f4]*e_[l99,l4]*e_[l97,l4]*p2.pol3*
         p2.pol4*FourPi^(-2)*I^9*g1^2*MHT^(-2) - 1/18*Log[MHT^2]*
         lamprime[f4]*lamprimebar[f4]*e_[l99,l4]*e_[l97,l4]*p2.pol3*
         pol4.p4*FourPi^(-2)*I^9*g1^2*MHT^(-2) - 1/18*Log[MHT^2]*
         lamprime[f4]*lamprimebar[f4]*e_[l99,l4]*e_[l97,l4]*p2.pol4*
         pol3.p4*FourPi^(-2)*I^9*g1^2*MHT^(-2) + 1/9*Log[MHT^2]*
         lamprime[f4]*lamprimebar[f4]*e_[l99,l4]*e_[l97,l4]*p2.p4*
         pol3.pol4*FourPi^(-2)*I^9*g1^2*MHT^(-2) - 1/6*Log[MHT^2]*
         lamprime[f4]*lamprimebar[f4]*e_[l99,l4]*e_[l97,l4]*pol3.pol4*
         p4.p4*FourPi^(-2)*I^9*g1^2*MHT^(-2) + 1/6*Log[MHT^2]*lamprime[
         f4]*lamprimebar[f4]*e_[l99,l4]*e_[l97,l4]*pol3.p4*pol4.p4*
         FourPi^(-2)*I^9*g1^2*MHT^(-2) + 1/6*Log[MHT^2]*lamprime[f4]*
         lamprimebar[f4]*samb[2,13]*e_[l99,l4]*e_[l97,l4]*e_[p3,p1,pol3
         ,pol4]*FourPi^(-2)*I^10*g1^2*MHT^(-2) - 1/6*Log[MHT^2]*
         lamprime[f4]*lamprimebar[f4]*samb[2,14]*e_[l99,l4]*e_[l97,l4]*
         e_[p3,p1,pol3,pol4]*FourPi^(-2)*I^10*g1^2*MHT^(-2) - 1/6*Log[
         MHT^2]*lamprime[f4]*lamprimebar[f4]*samb[2,15]*e_[l99,l4]*e_[
         l97,l4]*e_[p3,p2,pol3,pol4]*FourPi^(-2)*I^10*g1^2*MHT^(-2) - 1/
         6*Log[MHT^2]*lamprime[f4]*lamprimebar[f4]*samb[2,15]*e_[l99,l4
         ]*e_[l97,l4]*e_[p1,p2,pol3,pol4]*FourPi^(-2)*I^10*g1^2*
         MHT^(-2) + 1/6*Log[MHT^2]*lamprime[f4]*lamprimebar[f4]*samb[2,
         16]*e_[l99,l4]*e_[l97,l4]*e_[p3,p2,pol3,pol4]*FourPi^(-2)*I^10
         *g1^2*MHT^(-2) + 1/6*Log[MHT^2]*lamprime[f4]*lamprimebar[f4]*
         samb[2,16]*e_[l99,l4]*e_[l97,l4]*e_[p1,p2,pol3,pol4]*
         FourPi^(-2)*I^10*g1^2*MHT^(-2) - 1/6*Log[MHT^2]*lamprime[f4]*
         lamprimebar[f4]*samb[2,17]*e_[l99,l4]*e_[l97,l4]*e_[p1,p2,pol3
         ,pol4]*FourPi^(-2)*I^10*g1^2*MHT^(-2) + 1/6*Log[MHT^2]*
         lamprime[f4]*lamprimebar[f4]*samb[2,18]*e_[l99,l4]*e_[l97,l4]*
         e_[p1,p2,pol3,pol4]*FourPi^(-2)*I^10*g1^2*MHT^(-2) - 1/18*Log[
         MHT^2]*lamprime[f4]*lamprimebar[f4]*samb[2,19]*e_[l99,l4]*e_[
         l97,l4]*e_[p3,p1,pol3,pol4]*FourPi^(-2)*I^10*g1^2*MHT^(-2) + 1/
         18*Log[MHT^2]*lamprime[f4]*lamprimebar[f4]*samb[2,19]*e_[l99,
         l4]*e_[l97,l4]*e_[p3,p2,pol3,pol4]*FourPi^(-2)*I^10*g1^2*
         MHT^(-2) + 1/18*Log[MHT^2]*lamprime[f4]*lamprimebar[f4]*samb[2
         ,19]*e_[l99,l4]*e_[l97,l4]*e_[p1,p2,pol3,pol4]*FourPi^(-2)*
         I^10*g1^2*MHT^(-2) + 1/18*Log[MHT^2]*lamprime[f4]*lamprimebar[
         f4]*samb[2,20]*e_[l99,l4]*e_[l97,l4]*e_[p3,p1,pol3,pol4]*
         FourPi^(-2)*I^10*g1^2*MHT^(-2) - 1/18*Log[MHT^2]*lamprime[f4]*
         lamprimebar[f4]*samb[2,20]*e_[l99,l4]*e_[l97,l4]*e_[p3,p2,pol3
         ,pol4]*FourPi^(-2)*I^10*g1^2*MHT^(-2) - 1/18*Log[MHT^2]*
         lamprime[f4]*lamprimebar[f4]*samb[2,20]*e_[l99,l4]*e_[l97,l4]*
         e_[p1,p2,pol3,pol4]*FourPi^(-2)*I^10*g1^2*MHT^(-2) - 1/18*Log[
         MHT^2]*lamprime[f4]*lamprimebar[f4]*samb[2,21]*e_[l99,l4]*e_[
         l97,l4]*e_[p3,p1,pol3,pol4]*FourPi^(-2)*I^10*g1^2*MHT^(-2) - 1/
         18*Log[MHT^2]*lamprime[f4]*lamprimebar[f4]*samb[2,21]*e_[l99,
         l4]*e_[l97,l4]*e_[p1,p2,pol3,pol4]*FourPi^(-2)*I^10*g1^2*
         MHT^(-2) + 1/18*Log[MHT^2]*lamprime[f4]*lamprimebar[f4]*samb[2
         ,22]*e_[l99,l4]*e_[l97,l4]*e_[p3,p1,pol3,pol4]*FourPi^(-2)*
         I^10*g1^2*MHT^(-2) + 1/18*Log[MHT^2]*lamprime[f4]*lamprimebar[
         f4]*samb[2,22]*e_[l99,l4]*e_[l97,l4]*e_[p1,p2,pol3,pol4]*
         FourPi^(-2)*I^10*g1^2*MHT^(-2) + 1/18*Log[MHT^2]*lamprime[f4]*
         lamprimebar[f4]*samb[2,23]*e_[l99,l4]*e_[l97,l4]*e_[p3,p2,pol3
         ,pol4]*FourPi^(-2)*I^10*g1^2*MHT^(-2) + 1/9*Log[MHT^2]*
         lamprime[f4]*lamprimebar[f4]*samb[2,23]*e_[l99,l4]*e_[l97,l4]*
         e_[p1,p2,pol3,pol4]*FourPi^(-2)*I^10*g1^2*MHT^(-2) - 1/18*Log[
         MHT^2]*lamprime[f4]*lamprimebar[f4]*samb[2,24]*e_[l99,l4]*e_[
         l97,l4]*e_[p3,p2,pol3,pol4]*FourPi^(-2)*I^10*g1^2*MHT^(-2) - 1/
         9*Log[MHT^2]*lamprime[f4]*lamprimebar[f4]*samb[2,24]*e_[l99,l4
         ]*e_[l97,l4]*e_[p1,p2,pol3,pol4]*FourPi^(-2)*I^10*g1^2*
         MHT^(-2) + 1/6*Log[MHT^2]*lamprime[f4]*lamprimebar[f4]*samb[4,
         37]*e_[l99,l4]*e_[l97,l4]*e_[p1,pol3,pol4,p4]*FourPi^(-2)*I^10
         *g1^2*MHT^(-2) - 1/6*Log[MHT^2]*lamprime[f4]*lamprimebar[f4]*
         samb[4,38]*e_[l99,l4]*e_[l97,l4]*e_[p1,pol3,pol4,p4]*
         FourPi^(-2)*I^10*g1^2*MHT^(-2) + 1/6*Log[MHT^2]*lamprime[f4]*
         lamprimebar[f4]*samb[4,39]*e_[l99,l4]*e_[l97,l4]*e_[p1,p2,pol3
         ,pol4]*FourPi^(-2)*I^10*g1^2*MHT^(-2) - 1/6*Log[MHT^2]*
         lamprime[f4]*lamprimebar[f4]*samb[4,39]*e_[l99,l4]*e_[l97,l4]*
         e_[p2,pol3,pol4,p4]*FourPi^(-2)*I^10*g1^2*MHT^(-2) - 1/6*Log[
         MHT^2]*lamprime[f4]*lamprimebar[f4]*samb[4,40]*e_[l99,l4]*e_[
         l97,l4]*e_[p1,p2,pol3,pol4]*FourPi^(-2)*I^10*g1^2*MHT^(-2) + 1/
         6*Log[MHT^2]*lamprime[f4]*lamprimebar[f4]*samb[4,40]*e_[l99,l4
         ]*e_[l97,l4]*e_[p2,pol3,pol4,p4]*FourPi^(-2)*I^10*g1^2*
         MHT^(-2) - 1/6*Log[MHT^2]*lamprime[f4]*lamprimebar[f4]*samb[4,
         41]*e_[l99,l4]*e_[l97,l4]*e_[p1,p2,pol3,pol4]*FourPi^(-2)*I^10
         *g1^2*MHT^(-2) + 1/6*Log[MHT^2]*lamprime[f4]*lamprimebar[f4]*
         samb[4,42]*e_[l99,l4]*e_[l97,l4]*e_[p1,p2,pol3,pol4]*
         FourPi^(-2)*I^10*g1^2*MHT^(-2) - 1/18*Log[MHT^2]*lamprime[f4]*
         lamprimebar[f4]*samb[4,43]*e_[l99,l4]*e_[l97,l4]*e_[p1,p2,pol3
         ,pol4]*FourPi^(-2)*I^10*g1^2*MHT^(-2) - 1/18*Log[MHT^2]*
         lamprime[f4]*lamprimebar[f4]*samb[4,43]*e_[l99,l4]*e_[l97,l4]*
         e_[p1,pol3,pol4,p4]*FourPi^(-2)*I^10*g1^2*MHT^(-2) + 1/18*Log[
         MHT^2]*lamprime[f4]*lamprimebar[f4]*samb[4,43]*e_[l99,l4]*e_[
         l97,l4]*e_[p2,pol3,pol4,p4]*FourPi^(-2)*I^10*g1^2*MHT^(-2) + 1/
         18*Log[MHT^2]*lamprime[f4]*lamprimebar[f4]*samb[4,44]*e_[l99,
         l4]*e_[l97,l4]*e_[p1,p2,pol3,pol4]*FourPi^(-2)*I^10*g1^2*
         MHT^(-2) + 1/18*Log[MHT^2]*lamprime[f4]*lamprimebar[f4]*samb[4
         ,44]*e_[l99,l4]*e_[l97,l4]*e_[p1,pol3,pol4,p4]*FourPi^(-2)*
         I^10*g1^2*MHT^(-2) - 1/18*Log[MHT^2]*lamprime[f4]*lamprimebar[
         f4]*samb[4,44]*e_[l99,l4]*e_[l97,l4]*e_[p2,pol3,pol4,p4]*
         FourPi^(-2)*I^10*g1^2*MHT^(-2) + 1/18*Log[MHT^2]*lamprime[f4]*
         lamprimebar[f4]*samb[4,45]*e_[l99,l4]*e_[l97,l4]*e_[p1,p2,pol3
         ,pol4]*FourPi^(-2)*I^10*g1^2*MHT^(-2) - 1/18*Log[MHT^2]*
         lamprime[f4]*lamprimebar[f4]*samb[4,45]*e_[l99,l4]*e_[l97,l4]*
         e_[p1,pol3,pol4,p4]*FourPi^(-2)*I^10*g1^2*MHT^(-2) - 1/18*Log[
         MHT^2]*lamprime[f4]*lamprimebar[f4]*samb[4,46]*e_[l99,l4]*e_[
         l97,l4]*e_[p1,p2,pol3,pol4]*FourPi^(-2)*I^10*g1^2*MHT^(-2) + 1/
         18*Log[MHT^2]*lamprime[f4]*lamprimebar[f4]*samb[4,46]*e_[l99,
         l4]*e_[l97,l4]*e_[p1,pol3,pol4,p4]*FourPi^(-2)*I^10*g1^2*
         MHT^(-2) - 1/9*Log[MHT^2]*lamprime[f4]*lamprimebar[f4]*samb[4,
         47]*e_[l99,l4]*e_[l97,l4]*e_[p1,p2,pol3,pol4]*FourPi^(-2)*I^10
         *g1^2*MHT^(-2) + 1/18*Log[MHT^2]*lamprime[f4]*lamprimebar[f4]*
         samb[4,47]*e_[l99,l4]*e_[l97,l4]*e_[p2,pol3,pol4,p4]*
         FourPi^(-2)*I^10*g1^2*MHT^(-2) + 1/9*Log[MHT^2]*lamprime[f4]*
         lamprimebar[f4]*samb[4,48]*e_[l99,l4]*e_[l97,l4]*e_[p1,p2,pol3
         ,pol4]*FourPi^(-2)*I^10*g1^2*MHT^(-2) - 1/18*Log[MHT^2]*
         lamprime[f4]*lamprimebar[f4]*samb[4,48]*e_[l99,l4]*e_[l97,l4]*
         e_[p2,pol3,pol4,p4]*FourPi^(-2)*I^10*g1^2*MHT^(-2) + 5/9*
         lamprime[f2]*lamprimebar[f2]*e_[l2,l99]*e_[l2,l97]*p3.p3*
         pol3.pol4*FourPi^(-2)*I^9*g1^2*MHT^(-2) - 4/9*lamprime[f2]*
         lamprimebar[f2]*e_[l2,l99]*e_[l2,l97]*p3.p1*pol3.pol4*
         FourPi^(-2)*I^9*g1^2*MHT^(-2) + 32/27*lamprime[f2]*
         lamprimebar[f2]*e_[l2,l99]*e_[l2,l97]*p3.p2*pol3.pol4*
         FourPi^(-2)*I^9*g1^2*MHT^(-2) - 5/9*lamprime[f2]*lamprimebar[
         f2]*e_[l2,l99]*e_[l2,l97]*p3.pol3*p3.pol4*FourPi^(-2)*I^9*g1^2
         *MHT^(-2) - 28/27*lamprime[f2]*lamprimebar[f2]*e_[l2,l99]*e_[
         l2,l97]*p3.pol3*p2.pol4*FourPi^(-2)*I^9*g1^2*MHT^(-2) - 2/9*
         lamprime[f2]*lamprimebar[f2]*e_[l2,l99]*e_[l2,l97]*p3.pol3*
         pol4.p4*FourPi^(-2)*I^9*g1^2*MHT^(-2) + 4/9*lamprime[f2]*
         lamprimebar[f2]*e_[l2,l99]*e_[l2,l97]*p3.pol4*p1.pol3*
         FourPi^(-2)*I^9*g1^2*MHT^(-2) - 16/27*lamprime[f2]*
         lamprimebar[f2]*e_[l2,l99]*e_[l2,l97]*p3.pol4*p2.pol3*
         FourPi^(-2)*I^9*g1^2*MHT^(-2) + 1/9*lamprime[f2]*lamprimebar[
         f2]*e_[l2,l99]*e_[l2,l97]*p3.pol4*pol3.p4*FourPi^(-2)*I^9*g1^2
         *MHT^(-2) - 5/9*lamprime[f2]*lamprimebar[f2]*e_[l2,l99]*e_[l2,
         l97]*p3.p4*pol3.pol4*FourPi^(-2)*I^9*g1^2*MHT^(-2) + 4/9*
         lamprime[f2]*lamprimebar[f2]*e_[l2,l99]*e_[l2,l97]*p1.p1*
         pol3.pol4*FourPi^(-2)*I^9*g1^2*MHT^(-2) + 32/27*lamprime[f2]*
         lamprimebar[f2]*e_[l2,l99]*e_[l2,l97]*p1.p2*pol3.pol4*
         FourPi^(-2)*I^9*g1^2*MHT^(-2) + 8/9*lamprime[f2]*lamprimebar[
         f2]*e_[l2,l99]*e_[l2,l97]*p1.pol3*p1.pol4*FourPi^(-2)*I^9*g1^2
         *MHT^(-2) - 40/27*lamprime[f2]*lamprimebar[f2]*e_[l2,l99]*e_[
         l2,l97]*p1.pol3*p2.pol4*FourPi^(-2)*I^9*g1^2*MHT^(-2) - 40/27*
         lamprime[f2]*lamprimebar[f2]*e_[l2,l99]*e_[l2,l97]*p1.pol4*
         p2.pol3*FourPi^(-2)*I^9*g1^2*MHT^(-2) + 4/9*lamprime[f2]*
         lamprimebar[f2]*e_[l2,l99]*e_[l2,l97]*p1.pol4*pol3.p4*
         FourPi^(-2)*I^9*g1^2*MHT^(-2) - 4/9*lamprime[f2]*lamprimebar[
         f2]*e_[l2,l99]*e_[l2,l97]*p1.p4*pol3.pol4*FourPi^(-2)*I^9*g1^2
         *MHT^(-2) + 56/27*lamprime[f2]*lamprimebar[f2]*e_[l2,l99]*e_[
         l2,l97]*p2.p2*pol3.pol4*FourPi^(-2)*I^9*g1^2*MHT^(-2) - 32/27*
         lamprime[f2]*lamprimebar[f2]*e_[l2,l99]*e_[l2,l97]*p2.pol3*
         p2.pol4*FourPi^(-2)*I^9*g1^2*MHT^(-2) - 28/27*lamprime[f2]*
         lamprimebar[f2]*e_[l2,l99]*e_[l2,l97]*p2.pol3*pol4.p4*
         FourPi^(-2)*I^9*g1^2*MHT^(-2) - 16/27*lamprime[f2]*
         lamprimebar[f2]*e_[l2,l99]*e_[l2,l97]*p2.pol4*pol3.p4*
         FourPi^(-2)*I^9*g1^2*MHT^(-2) + 32/27*lamprime[f2]*
         lamprimebar[f2]*e_[l2,l99]*e_[l2,l97]*p2.p4*pol3.pol4*
         FourPi^(-2)*I^9*g1^2*MHT^(-2) + 2/9*lamprime[f2]*lamprimebar[
         f2]*e_[l2,l99]*e_[l2,l97]*pol3.pol4*p4.p4*FourPi^(-2)*I^9*g1^2
         *MHT^(-2) - 2/9*lamprime[f2]*lamprimebar[f2]*e_[l2,l99]*e_[l2,
         l97]*pol3.p4*pol4.p4*FourPi^(-2)*I^9*g1^2*MHT^(-2) + 4/3*
         lamprime[f2]*lamprimebar[f2]*samb[1,1]*e_[l2,l99]*e_[l2,l97]*
         e_[p3,p1,pol3,pol4]*FourPi^(-2)*I^10*g1^2*MHT^(-2) - 4/3*
         lamprime[f2]*lamprimebar[f2]*samb[1,2]*e_[l2,l99]*e_[l2,l97]*
         e_[p3,p1,pol3,pol4]*FourPi^(-2)*I^10*g1^2*MHT^(-2) - 4/3*
         lamprime[f2]*lamprimebar[f2]*samb[1,3]*e_[l2,l99]*e_[l2,l97]*
         e_[p3,p2,pol3,pol4]*FourPi^(-2)*I^10*g1^2*MHT^(-2) - 4/3*
         lamprime[f2]*lamprimebar[f2]*samb[1,3]*e_[l2,l99]*e_[l2,l97]*
         e_[p1,p2,pol3,pol4]*FourPi^(-2)*I^10*g1^2*MHT^(-2) + 4/3*
         lamprime[f2]*lamprimebar[f2]*samb[1,4]*e_[l2,l99]*e_[l2,l97]*
         e_[p3,p2,pol3,pol4]*FourPi^(-2)*I^10*g1^2*MHT^(-2) + 4/3*
         lamprime[f2]*lamprimebar[f2]*samb[1,4]*e_[l2,l99]*e_[l2,l97]*
         e_[p1,p2,pol3,pol4]*FourPi^(-2)*I^10*g1^2*MHT^(-2) - 4/3*
         lamprime[f2]*lamprimebar[f2]*samb[1,5]*e_[l2,l99]*e_[l2,l97]*
         e_[p1,p2,pol3,pol4]*FourPi^(-2)*I^10*g1^2*MHT^(-2) + 4/3*
         lamprime[f2]*lamprimebar[f2]*samb[1,6]*e_[l2,l99]*e_[l2,l97]*
         e_[p1,p2,pol3,pol4]*FourPi^(-2)*I^10*g1^2*MHT^(-2) - 8/27*
         lamprime[f2]*lamprimebar[f2]*samb[1,7]*e_[l2,l99]*e_[l2,l97]*
         e_[p3,p1,pol3,pol4]*FourPi^(-2)*I^10*g1^2*MHT^(-2) + 8/27*
         lamprime[f2]*lamprimebar[f2]*samb[1,7]*e_[l2,l99]*e_[l2,l97]*
         e_[p3,p2,pol3,pol4]*FourPi^(-2)*I^10*g1^2*MHT^(-2) + 8/27*
         lamprime[f2]*lamprimebar[f2]*samb[1,7]*e_[l2,l99]*e_[l2,l97]*
         e_[p1,p2,pol3,pol4]*FourPi^(-2)*I^10*g1^2*MHT^(-2) + 8/27*
         lamprime[f2]*lamprimebar[f2]*samb[1,8]*e_[l2,l99]*e_[l2,l97]*
         e_[p3,p1,pol3,pol4]*FourPi^(-2)*I^10*g1^2*MHT^(-2) - 8/27*
         lamprime[f2]*lamprimebar[f2]*samb[1,8]*e_[l2,l99]*e_[l2,l97]*
         e_[p3,p2,pol3,pol4]*FourPi^(-2)*I^10*g1^2*MHT^(-2) - 8/27*
         lamprime[f2]*lamprimebar[f2]*samb[1,8]*e_[l2,l99]*e_[l2,l97]*
         e_[p1,p2,pol3,pol4]*FourPi^(-2)*I^10*g1^2*MHT^(-2) - 8/27*
         lamprime[f2]*lamprimebar[f2]*samb[1,9]*e_[l2,l99]*e_[l2,l97]*
         e_[p3,p1,pol3,pol4]*FourPi^(-2)*I^10*g1^2*MHT^(-2) - 8/27*
         lamprime[f2]*lamprimebar[f2]*samb[1,9]*e_[l2,l99]*e_[l2,l97]*
         e_[p1,p2,pol3,pol4]*FourPi^(-2)*I^10*g1^2*MHT^(-2) + 8/27*
         lamprime[f2]*lamprimebar[f2]*samb[1,10]*e_[l2,l99]*e_[l2,l97]*
         e_[p3,p1,pol3,pol4]*FourPi^(-2)*I^10*g1^2*MHT^(-2) + 8/27*
         lamprime[f2]*lamprimebar[f2]*samb[1,10]*e_[l2,l99]*e_[l2,l97]*
         e_[p1,p2,pol3,pol4]*FourPi^(-2)*I^10*g1^2*MHT^(-2) + 8/27*
         lamprime[f2]*lamprimebar[f2]*samb[1,11]*e_[l2,l99]*e_[l2,l97]*
         e_[p3,p2,pol3,pol4]*FourPi^(-2)*I^10*g1^2*MHT^(-2) + 16/27*
         lamprime[f2]*lamprimebar[f2]*samb[1,11]*e_[l2,l99]*e_[l2,l97]*
         e_[p1,p2,pol3,pol4]*FourPi^(-2)*I^10*g1^2*MHT^(-2) - 8/27*
         lamprime[f2]*lamprimebar[f2]*samb[1,12]*e_[l2,l99]*e_[l2,l97]*
         e_[p3,p2,pol3,pol4]*FourPi^(-2)*I^10*g1^2*MHT^(-2) - 16/27*
         lamprime[f2]*lamprimebar[f2]*samb[1,12]*e_[l2,l99]*e_[l2,l97]*
         e_[p1,p2,pol3,pol4]*FourPi^(-2)*I^10*g1^2*MHT^(-2) + 4/3*
         lamprime[f2]*lamprimebar[f2]*samb[3,25]*e_[l2,l99]*e_[l2,l97]*
         e_[p1,pol3,pol4,p4]*FourPi^(-2)*I^10*g1^2*MHT^(-2) - 4/3*
         lamprime[f2]*lamprimebar[f2]*samb[3,26]*e_[l2,l99]*e_[l2,l97]*
         e_[p1,pol3,pol4,p4]*FourPi^(-2)*I^10*g1^2*MHT^(-2) + 4/3*
         lamprime[f2]*lamprimebar[f2]*samb[3,27]*e_[l2,l99]*e_[l2,l97]*
         e_[p1,p2,pol3,pol4]*FourPi^(-2)*I^10*g1^2*MHT^(-2) - 4/3*
         lamprime[f2]*lamprimebar[f2]*samb[3,27]*e_[l2,l99]*e_[l2,l97]*
         e_[p2,pol3,pol4,p4]*FourPi^(-2)*I^10*g1^2*MHT^(-2) - 4/3*
         lamprime[f2]*lamprimebar[f2]*samb[3,28]*e_[l2,l99]*e_[l2,l97]*
         e_[p1,p2,pol3,pol4]*FourPi^(-2)*I^10*g1^2*MHT^(-2) + 4/3*
         lamprime[f2]*lamprimebar[f2]*samb[3,28]*e_[l2,l99]*e_[l2,l97]*
         e_[p2,pol3,pol4,p4]*FourPi^(-2)*I^10*g1^2*MHT^(-2) - 4/3*
         lamprime[f2]*lamprimebar[f2]*samb[3,29]*e_[l2,l99]*e_[l2,l97]*
         e_[p1,p2,pol3,pol4]*FourPi^(-2)*I^10*g1^2*MHT^(-2) + 4/3*
         lamprime[f2]*lamprimebar[f2]*samb[3,30]*e_[l2,l99]*e_[l2,l97]*
         e_[p1,p2,pol3,pol4]*FourPi^(-2)*I^10*g1^2*MHT^(-2) - 8/27*
         lamprime[f2]*lamprimebar[f2]*samb[3,31]*e_[l2,l99]*e_[l2,l97]*
         e_[p1,p2,pol3,pol4]*FourPi^(-2)*I^10*g1^2*MHT^(-2) - 8/27*
         lamprime[f2]*lamprimebar[f2]*samb[3,31]*e_[l2,l99]*e_[l2,l97]*
         e_[p1,pol3,pol4,p4]*FourPi^(-2)*I^10*g1^2*MHT^(-2) + 8/27*
         lamprime[f2]*lamprimebar[f2]*samb[3,31]*e_[l2,l99]*e_[l2,l97]*
         e_[p2,pol3,pol4,p4]*FourPi^(-2)*I^10*g1^2*MHT^(-2) + 8/27*
         lamprime[f2]*lamprimebar[f2]*samb[3,32]*e_[l2,l99]*e_[l2,l97]*
         e_[p1,p2,pol3,pol4]*FourPi^(-2)*I^10*g1^2*MHT^(-2) + 8/27*
         lamprime[f2]*lamprimebar[f2]*samb[3,32]*e_[l2,l99]*e_[l2,l97]*
         e_[p1,pol3,pol4,p4]*FourPi^(-2)*I^10*g1^2*MHT^(-2) - 8/27*
         lamprime[f2]*lamprimebar[f2]*samb[3,32]*e_[l2,l99]*e_[l2,l97]*
         e_[p2,pol3,pol4,p4]*FourPi^(-2)*I^10*g1^2*MHT^(-2) + 8/27*
         lamprime[f2]*lamprimebar[f2]*samb[3,33]*e_[l2,l99]*e_[l2,l97]*
         e_[p1,p2,pol3,pol4]*FourPi^(-2)*I^10*g1^2*MHT^(-2) - 8/27*
         lamprime[f2]*lamprimebar[f2]*samb[3,33]*e_[l2,l99]*e_[l2,l97]*
         e_[p1,pol3,pol4,p4]*FourPi^(-2)*I^10*g1^2*MHT^(-2) - 8/27*
         lamprime[f2]*lamprimebar[f2]*samb[3,34]*e_[l2,l99]*e_[l2,l97]*
         e_[p1,p2,pol3,pol4]*FourPi^(-2)*I^10*g1^2*MHT^(-2) + 8/27*
         lamprime[f2]*lamprimebar[f2]*samb[3,34]*e_[l2,l99]*e_[l2,l97]*
         e_[p1,pol3,pol4,p4]*FourPi^(-2)*I^10*g1^2*MHT^(-2) - 16/27*
         lamprime[f2]*lamprimebar[f2]*samb[3,35]*e_[l2,l99]*e_[l2,l97]*
         e_[p1,p2,pol3,pol4]*FourPi^(-2)*I^10*g1^2*MHT^(-2) + 8/27*
         lamprime[f2]*lamprimebar[f2]*samb[3,35]*e_[l2,l99]*e_[l2,l97]*
         e_[p2,pol3,pol4,p4]*FourPi^(-2)*I^10*g1^2*MHT^(-2) + 16/27*
         lamprime[f2]*lamprimebar[f2]*samb[3,36]*e_[l2,l99]*e_[l2,l97]*
         e_[p1,p2,pol3,pol4]*FourPi^(-2)*I^10*g1^2*MHT^(-2) - 8/27*
         lamprime[f2]*lamprimebar[f2]*samb[3,36]*e_[l2,l99]*e_[l2,l97]*
         e_[p2,pol3,pol4,p4]*FourPi^(-2)*I^10*g1^2*MHT^(-2) + 2/3*
         lamprime[f2]*lamprimebar[f2]*samb[5,49]*e_[l2,l99]*e_[l2,l97]*
         e_[p3,p1,pol3,pol4]*FourPi^(-2)*I^10*g1^2*MHT^(-2) + 2/3*
         lamprime[f2]*lamprimebar[f2]*samb[5,49]*e_[l2,l99]*e_[l2,l97]*
         e_[p3,pol3,pol4,p4]*FourPi^(-2)*I^10*g1^2*MHT^(-2) - 2/3*
         lamprime[f2]*lamprimebar[f2]*samb[5,50]*e_[l2,l99]*e_[l2,l97]*
         e_[p3,p1,pol3,pol4]*FourPi^(-2)*I^10*g1^2*MHT^(-2) - 2/3*
         lamprime[f2]*lamprimebar[f2]*samb[5,50]*e_[l2,l99]*e_[l2,l97]*
         e_[p3,pol3,pol4,p4]*FourPi^(-2)*I^10*g1^2*MHT^(-2) - 2/3*
         lamprime[f2]*lamprimebar[f2]*samb[5,51]*e_[l2,l99]*e_[l2,l97]*
         e_[p3,p1,pol3,pol4]*FourPi^(-2)*I^10*g1^2*MHT^(-2) + 2/3*
         lamprime[f2]*lamprimebar[f2]*samb[5,52]*e_[l2,l99]*e_[l2,l97]*
         e_[p3,p1,pol3,pol4]*FourPi^(-2)*I^10*g1^2*MHT^(-2) + 2/3*
         lamprime[f2]*lamprimebar[f2]*samb[5,53]*e_[l2,l99]*e_[l2,l97]*
         e_[p1,pol3,pol4,p4]*FourPi^(-2)*I^10*g1^2*MHT^(-2) - 2/3*
         lamprime[f2]*lamprimebar[f2]*samb[5,54]*e_[l2,l99]*e_[l2,l97]*
         e_[p1,pol3,pol4,p4]*FourPi^(-2)*I^10*g1^2*MHT^(-2) - 2/9*
         lamprime[f2]*lamprimebar[f2]*samb[5,55]*e_[l2,l99]*e_[l2,l97]*
         e_[p3,p1,pol3,pol4]*FourPi^(-2)*I^10*g1^2*MHT^(-2) - 1/9*
         lamprime[f2]*lamprimebar[f2]*samb[5,55]*e_[l2,l99]*e_[l2,l97]*
         e_[p3,pol3,pol4,p4]*FourPi^(-2)*I^10*g1^2*MHT^(-2) + 2/9*
         lamprime[f2]*lamprimebar[f2]*samb[5,56]*e_[l2,l99]*e_[l2,l97]*
         e_[p3,p1,pol3,pol4]*FourPi^(-2)*I^10*g1^2*MHT^(-2) + 1/9*
         lamprime[f2]*lamprimebar[f2]*samb[5,56]*e_[l2,l99]*e_[l2,l97]*
         e_[p3,pol3,pol4,p4]*FourPi^(-2)*I^10*g1^2*MHT^(-2) - 2/9*
         lamprime[f2]*lamprimebar[f2]*samb[5,57]*e_[l2,l99]*e_[l2,l97]*
         e_[p3,p1,pol3,pol4]*FourPi^(-2)*I^10*g1^2*MHT^(-2) - 2/9*
         lamprime[f2]*lamprimebar[f2]*samb[5,57]*e_[l2,l99]*e_[l2,l97]*
         e_[p3,pol3,pol4,p4]*FourPi^(-2)*I^10*g1^2*MHT^(-2) + 1/9*
         lamprime[f2]*lamprimebar[f2]*samb[5,57]*e_[l2,l99]*e_[l2,l97]*
         e_[p1,pol3,pol4,p4]*FourPi^(-2)*I^10*g1^2*MHT^(-2) + 2/9*
         lamprime[f2]*lamprimebar[f2]*samb[5,58]*e_[l2,l99]*e_[l2,l97]*
         e_[p3,p1,pol3,pol4]*FourPi^(-2)*I^10*g1^2*MHT^(-2) + 2/9*
         lamprime[f2]*lamprimebar[f2]*samb[5,58]*e_[l2,l99]*e_[l2,l97]*
         e_[p3,pol3,pol4,p4]*FourPi^(-2)*I^10*g1^2*MHT^(-2) - 1/9*
         lamprime[f2]*lamprimebar[f2]*samb[5,58]*e_[l2,l99]*e_[l2,l97]*
         e_[p1,pol3,pol4,p4]*FourPi^(-2)*I^10*g1^2*MHT^(-2) + 2/9*
         lamprime[f2]*lamprimebar[f2]*samb[5,59]*e_[l2,l99]*e_[l2,l97]*
         e_[p3,p1,pol3,pol4]*FourPi^(-2)*I^10*g1^2*MHT^(-2) + 1/9*
         lamprime[f2]*lamprimebar[f2]*samb[5,59]*e_[l2,l99]*e_[l2,l97]*
         e_[p1,pol3,pol4,p4]*FourPi^(-2)*I^10*g1^2*MHT^(-2) - 2/9*
         lamprime[f2]*lamprimebar[f2]*samb[5,60]*e_[l2,l99]*e_[l2,l97]*
         e_[p3,p1,pol3,pol4]*FourPi^(-2)*I^10*g1^2*MHT^(-2) - 1/9*
         lamprime[f2]*lamprimebar[f2]*samb[5,60]*e_[l2,l99]*e_[l2,l97]*
         e_[p1,pol3,pol4,p4]*FourPi^(-2)*I^10*g1^2*MHT^(-2) - 7/18*
         lamprime[f4]*lamprimebar[f4]*e_[l99,l4]*e_[l97,l4]*p3.p3*
         pol3.pol4*FourPi^(-2)*I^9*g1^2*MHT^(-2) - 5/12*lamprime[f4]*
         lamprimebar[f4]*e_[l99,l4]*e_[l97,l4]*p3.p1*pol3.pol4*
         FourPi^(-2)*I^9*g1^2*MHT^(-2) - 7/108*lamprime[f4]*
         lamprimebar[f4]*e_[l99,l4]*e_[l97,l4]*p3.p2*pol3.pol4*
         FourPi^(-2)*I^9*g1^2*MHT^(-2) - 1/36*lamprime[f4]*lamprimebar[
         f4]*e_[l99,l4]*e_[l97,l4]*p3.pol3*p3.pol4*FourPi^(-2)*I^9*g1^2
         *MHT^(-2) - 5/12*lamprime[f4]*lamprimebar[f4]*e_[l99,l4]*e_[
         l97,l4]*p3.pol3*p1.pol4*FourPi^(-2)*I^9*g1^2*MHT^(-2) + 1/54*
         lamprime[f4]*lamprimebar[f4]*e_[l99,l4]*e_[l97,l4]*p3.pol3*
         p2.pol4*FourPi^(-2)*I^9*g1^2*MHT^(-2) - 2/9*lamprime[f4]*
         lamprimebar[f4]*e_[l99,l4]*e_[l97,l4]*p3.pol3*pol4.p4*
         FourPi^(-2)*I^9*g1^2*MHT^(-2) - 5/12*lamprime[f4]*lamprimebar[
         f4]*e_[l99,l4]*e_[l97,l4]*p3.pol4*p1.pol3*FourPi^(-2)*I^9*g1^2
         *MHT^(-2) + 1/54*lamprime[f4]*lamprimebar[f4]*e_[l99,l4]*e_[
         l97,l4]*p3.pol4*p2.pol3*FourPi^(-2)*I^9*g1^2*MHT^(-2) + 1/9*
         lamprime[f4]*lamprimebar[f4]*e_[l99,l4]*e_[l97,l4]*p3.pol4*
         pol3.p4*FourPi^(-2)*I^9*g1^2*MHT^(-2) - 5/9*lamprime[f4]*
         lamprimebar[f4]*e_[l99,l4]*e_[l97,l4]*p3.p4*pol3.pol4*
         FourPi^(-2)*I^9*g1^2*MHT^(-2) - 7/18*lamprime[f4]*lamprimebar[
         f4]*e_[l99,l4]*e_[l97,l4]*p1.p1*pol3.pol4*FourPi^(-2)*I^9*g1^2
         *MHT^(-2) - 5/54*lamprime[f4]*lamprimebar[f4]*e_[l99,l4]*e_[
         l97,l4]*p1.p2*pol3.pol4*FourPi^(-2)*I^9*g1^2*MHT^(-2) - 7/9*
         lamprime[f4]*lamprimebar[f4]*e_[l99,l4]*e_[l97,l4]*p1.pol3*
         p1.pol4*FourPi^(-2)*I^9*g1^2*MHT^(-2) - 1/108*lamprime[f4]*
         lamprimebar[f4]*e_[l99,l4]*e_[l97,l4]*p1.pol3*p2.pol4*
         FourPi^(-2)*I^9*g1^2*MHT^(-2) - 5/12*lamprime[f4]*lamprimebar[
         f4]*e_[l99,l4]*e_[l97,l4]*p1.pol3*pol4.p4*FourPi^(-2)*I^9*g1^2
         *MHT^(-2) - 1/108*lamprime[f4]*lamprimebar[f4]*e_[l99,l4]*e_[
         l97,l4]*p1.pol4*p2.pol3*FourPi^(-2)*I^9*g1^2*MHT^(-2) - 5/12*
         lamprime[f4]*lamprimebar[f4]*e_[l99,l4]*e_[l97,l4]*p1.pol4*
         pol3.p4*FourPi^(-2)*I^9*g1^2*MHT^(-2) - 5/12*lamprime[f4]*
         lamprimebar[f4]*e_[l99,l4]*e_[l97,l4]*p1.p4*pol3.pol4*
         FourPi^(-2)*I^9*g1^2*MHT^(-2) - 1/27*lamprime[f4]*lamprimebar[
         f4]*e_[l99,l4]*e_[l97,l4]*p2.p2*pol3.pol4*FourPi^(-2)*I^9*g1^2
         *MHT^(-2) + 5/54*lamprime[f4]*lamprimebar[f4]*e_[l99,l4]*e_[
         l97,l4]*p2.pol3*p2.pol4*FourPi^(-2)*I^9*g1^2*MHT^(-2) + 1/54*
         lamprime[f4]*lamprimebar[f4]*e_[l99,l4]*e_[l97,l4]*p2.pol3*
         pol4.p4*FourPi^(-2)*I^9*g1^2*MHT^(-2) + 1/54*lamprime[f4]*
         lamprimebar[f4]*e_[l99,l4]*e_[l97,l4]*p2.pol4*pol3.p4*
         FourPi^(-2)*I^9*g1^2*MHT^(-2) - 7/108*lamprime[f4]*
         lamprimebar[f4]*e_[l99,l4]*e_[l97,l4]*p2.p4*pol3.pol4*
         FourPi^(-2)*I^9*g1^2*MHT^(-2) - 1/18*lamprime[f4]*lamprimebar[
         f4]*e_[l99,l4]*e_[l97,l4]*pol3.pol4*p4.p4*FourPi^(-2)*I^9*g1^2
         *MHT^(-2) - 13/36*lamprime[f4]*lamprimebar[f4]*e_[l99,l4]*e_[
         l97,l4]*pol3.p4*pol4.p4*FourPi^(-2)*I^9*g1^2*MHT^(-2) - 1/12*
         lamprime[f4]*lamprimebar[f4]*e_[l99,l4]*e_[l97,l4]*e_[p3,p1,
         pol3,pol4]*FourPi^(-2)*I^10*g1^2*MHT^(-2) + 1/12*lamprime[f4]*
         lamprimebar[f4]*e_[l99,l4]*e_[l97,l4]*e_[p3,p2,pol3,pol4]*
         FourPi^(-2)*I^10*g1^2*MHT^(-2) + 1/6*lamprime[f4]*lamprimebar[
         f4]*e_[l99,l4]*e_[l97,l4]*e_[p1,p2,pol3,pol4]*FourPi^(-2)*I^10
         *g1^2*MHT^(-2) - 1/12*lamprime[f4]*lamprimebar[f4]*e_[l99,l4]*
         e_[l97,l4]*e_[p1,pol3,pol4,p4]*FourPi^(-2)*I^10*g1^2*MHT^(-2)
          + 1/12*lamprime[f4]*lamprimebar[f4]*e_[l99,l4]*e_[l97,l4]*e_[
         p2,pol3,pol4,p4]*FourPi^(-2)*I^10*g1^2*MHT^(-2) - 1/4*
         lamprime[f4]*lamprimebar[f4]*samb[2,13]*e_[l99,l4]*e_[l97,l4]*
         e_[p3,p1,pol3,pol4]*FourPi^(-2)*I^10*g1^2*MHT^(-2) + 1/6*
         lamprime[f4]*lamprimebar[f4]*samb[2,14]*e_[l99,l4]*e_[l97,l4]*
         e_[p3,p1,pol3,pol4]*FourPi^(-2)*I^10*g1^2*MHT^(-2) + 1/4*
         lamprime[f4]*lamprimebar[f4]*samb[2,15]*e_[l99,l4]*e_[l97,l4]*
         e_[p3,p2,pol3,pol4]*FourPi^(-2)*I^10*g1^2*MHT^(-2) + 1/4*
         lamprime[f4]*lamprimebar[f4]*samb[2,15]*e_[l99,l4]*e_[l97,l4]*
         e_[p1,p2,pol3,pol4]*FourPi^(-2)*I^10*g1^2*MHT^(-2) - 1/6*
         lamprime[f4]*lamprimebar[f4]*samb[2,16]*e_[l99,l4]*e_[l97,l4]*
         e_[p3,p2,pol3,pol4]*FourPi^(-2)*I^10*g1^2*MHT^(-2) - 1/6*
         lamprime[f4]*lamprimebar[f4]*samb[2,16]*e_[l99,l4]*e_[l97,l4]*
         e_[p1,p2,pol3,pol4]*FourPi^(-2)*I^10*g1^2*MHT^(-2) + 1/4*
         lamprime[f4]*lamprimebar[f4]*samb[2,17]*e_[l99,l4]*e_[l97,l4]*
         e_[p1,p2,pol3,pol4]*FourPi^(-2)*I^10*g1^2*MHT^(-2) - 1/6*
         lamprime[f4]*lamprimebar[f4]*samb[2,18]*e_[l99,l4]*e_[l97,l4]*
         e_[p1,p2,pol3,pol4]*FourPi^(-2)*I^10*g1^2*MHT^(-2) + 11/108*
         lamprime[f4]*lamprimebar[f4]*samb[2,19]*e_[l99,l4]*e_[l97,l4]*
         e_[p3,p1,pol3,pol4]*FourPi^(-2)*I^10*g1^2*MHT^(-2) - 11/108*
         lamprime[f4]*lamprimebar[f4]*samb[2,19]*e_[l99,l4]*e_[l97,l4]*
         e_[p3,p2,pol3,pol4]*FourPi^(-2)*I^10*g1^2*MHT^(-2) - 11/108*
         lamprime[f4]*lamprimebar[f4]*samb[2,19]*e_[l99,l4]*e_[l97,l4]*
         e_[p1,p2,pol3,pol4]*FourPi^(-2)*I^10*g1^2*MHT^(-2) - 2/27*
         lamprime[f4]*lamprimebar[f4]*samb[2,20]*e_[l99,l4]*e_[l97,l4]*
         e_[p3,p1,pol3,pol4]*FourPi^(-2)*I^10*g1^2*MHT^(-2) + 2/27*
         lamprime[f4]*lamprimebar[f4]*samb[2,20]*e_[l99,l4]*e_[l97,l4]*
         e_[p3,p2,pol3,pol4]*FourPi^(-2)*I^10*g1^2*MHT^(-2) + 2/27*
         lamprime[f4]*lamprimebar[f4]*samb[2,20]*e_[l99,l4]*e_[l97,l4]*
         e_[p1,p2,pol3,pol4]*FourPi^(-2)*I^10*g1^2*MHT^(-2) + 11/108*
         lamprime[f4]*lamprimebar[f4]*samb[2,21]*e_[l99,l4]*e_[l97,l4]*
         e_[p3,p1,pol3,pol4]*FourPi^(-2)*I^10*g1^2*MHT^(-2) + 11/108*
         lamprime[f4]*lamprimebar[f4]*samb[2,21]*e_[l99,l4]*e_[l97,l4]*
         e_[p1,p2,pol3,pol4]*FourPi^(-2)*I^10*g1^2*MHT^(-2) - 2/27*
         lamprime[f4]*lamprimebar[f4]*samb[2,22]*e_[l99,l4]*e_[l97,l4]*
         e_[p3,p1,pol3,pol4]*FourPi^(-2)*I^10*g1^2*MHT^(-2) - 2/27*
         lamprime[f4]*lamprimebar[f4]*samb[2,22]*e_[l99,l4]*e_[l97,l4]*
         e_[p1,p2,pol3,pol4]*FourPi^(-2)*I^10*g1^2*MHT^(-2) - 11/108*
         lamprime[f4]*lamprimebar[f4]*samb[2,23]*e_[l99,l4]*e_[l97,l4]*
         e_[p3,p2,pol3,pol4]*FourPi^(-2)*I^10*g1^2*MHT^(-2) - 11/54*
         lamprime[f4]*lamprimebar[f4]*samb[2,23]*e_[l99,l4]*e_[l97,l4]*
         e_[p1,p2,pol3,pol4]*FourPi^(-2)*I^10*g1^2*MHT^(-2) + 2/27*
         lamprime[f4]*lamprimebar[f4]*samb[2,24]*e_[l99,l4]*e_[l97,l4]*
         e_[p3,p2,pol3,pol4]*FourPi^(-2)*I^10*g1^2*MHT^(-2) + 4/27*
         lamprime[f4]*lamprimebar[f4]*samb[2,24]*e_[l99,l4]*e_[l97,l4]*
         e_[p1,p2,pol3,pol4]*FourPi^(-2)*I^10*g1^2*MHT^(-2) - 1/4*
         lamprime[f4]*lamprimebar[f4]*samb[4,37]*e_[l99,l4]*e_[l97,l4]*
         e_[p1,pol3,pol4,p4]*FourPi^(-2)*I^10*g1^2*MHT^(-2) + 1/6*
         lamprime[f4]*lamprimebar[f4]*samb[4,38]*e_[l99,l4]*e_[l97,l4]*
         e_[p1,pol3,pol4,p4]*FourPi^(-2)*I^10*g1^2*MHT^(-2) - 1/4*
         lamprime[f4]*lamprimebar[f4]*samb[4,39]*e_[l99,l4]*e_[l97,l4]*
         e_[p1,p2,pol3,pol4]*FourPi^(-2)*I^10*g1^2*MHT^(-2) + 1/4*
         lamprime[f4]*lamprimebar[f4]*samb[4,39]*e_[l99,l4]*e_[l97,l4]*
         e_[p2,pol3,pol4,p4]*FourPi^(-2)*I^10*g1^2*MHT^(-2) + 1/6*
         lamprime[f4]*lamprimebar[f4]*samb[4,40]*e_[l99,l4]*e_[l97,l4]*
         e_[p1,p2,pol3,pol4]*FourPi^(-2)*I^10*g1^2*MHT^(-2) - 1/6*
         lamprime[f4]*lamprimebar[f4]*samb[4,40]*e_[l99,l4]*e_[l97,l4]*
         e_[p2,pol3,pol4,p4]*FourPi^(-2)*I^10*g1^2*MHT^(-2) + 1/4*
         lamprime[f4]*lamprimebar[f4]*samb[4,41]*e_[l99,l4]*e_[l97,l4]*
         e_[p1,p2,pol3,pol4]*FourPi^(-2)*I^10*g1^2*MHT^(-2) - 1/6*
         lamprime[f4]*lamprimebar[f4]*samb[4,42]*e_[l99,l4]*e_[l97,l4]*
         e_[p1,p2,pol3,pol4]*FourPi^(-2)*I^10*g1^2*MHT^(-2) + 11/108*
         lamprime[f4]*lamprimebar[f4]*samb[4,43]*e_[l99,l4]*e_[l97,l4]*
         e_[p1,p2,pol3,pol4]*FourPi^(-2)*I^10*g1^2*MHT^(-2) + 11/108*
         lamprime[f4]*lamprimebar[f4]*samb[4,43]*e_[l99,l4]*e_[l97,l4]*
         e_[p1,pol3,pol4,p4]*FourPi^(-2)*I^10*g1^2*MHT^(-2) - 11/108*
         lamprime[f4]*lamprimebar[f4]*samb[4,43]*e_[l99,l4]*e_[l97,l4]*
         e_[p2,pol3,pol4,p4]*FourPi^(-2)*I^10*g1^2*MHT^(-2) - 2/27*
         lamprime[f4]*lamprimebar[f4]*samb[4,44]*e_[l99,l4]*e_[l97,l4]*
         e_[p1,p2,pol3,pol4]*FourPi^(-2)*I^10*g1^2*MHT^(-2) - 2/27*
         lamprime[f4]*lamprimebar[f4]*samb[4,44]*e_[l99,l4]*e_[l97,l4]*
         e_[p1,pol3,pol4,p4]*FourPi^(-2)*I^10*g1^2*MHT^(-2) + 2/27*
         lamprime[f4]*lamprimebar[f4]*samb[4,44]*e_[l99,l4]*e_[l97,l4]*
         e_[p2,pol3,pol4,p4]*FourPi^(-2)*I^10*g1^2*MHT^(-2) - 11/108*
         lamprime[f4]*lamprimebar[f4]*samb[4,45]*e_[l99,l4]*e_[l97,l4]*
         e_[p1,p2,pol3,pol4]*FourPi^(-2)*I^10*g1^2*MHT^(-2) + 11/108*
         lamprime[f4]*lamprimebar[f4]*samb[4,45]*e_[l99,l4]*e_[l97,l4]*
         e_[p1,pol3,pol4,p4]*FourPi^(-2)*I^10*g1^2*MHT^(-2) + 2/27*
         lamprime[f4]*lamprimebar[f4]*samb[4,46]*e_[l99,l4]*e_[l97,l4]*
         e_[p1,p2,pol3,pol4]*FourPi^(-2)*I^10*g1^2*MHT^(-2) - 2/27*
         lamprime[f4]*lamprimebar[f4]*samb[4,46]*e_[l99,l4]*e_[l97,l4]*
         e_[p1,pol3,pol4,p4]*FourPi^(-2)*I^10*g1^2*MHT^(-2) + 11/54*
         lamprime[f4]*lamprimebar[f4]*samb[4,47]*e_[l99,l4]*e_[l97,l4]*
         e_[p1,p2,pol3,pol4]*FourPi^(-2)*I^10*g1^2*MHT^(-2) - 11/108*
         lamprime[f4]*lamprimebar[f4]*samb[4,47]*e_[l99,l4]*e_[l97,l4]*
         e_[p2,pol3,pol4,p4]*FourPi^(-2)*I^10*g1^2*MHT^(-2) - 4/27*
         lamprime[f4]*lamprimebar[f4]*samb[4,48]*e_[l99,l4]*e_[l97,l4]*
         e_[p1,p2,pol3,pol4]*FourPi^(-2)*I^10*g1^2*MHT^(-2) + 2/27*
         lamprime[f4]*lamprimebar[f4]*samb[4,48]*e_[l99,l4]*e_[l97,l4]*
         e_[p2,pol3,pol4,p4]*FourPi^(-2)*I^10*g1^2*MHT^(-2) + 2/3*
         lamprime[f4]*lamprimebar[f4]*samb[6,61]*e_[l99,l4]*e_[l97,l4]*
         e_[p3,p1,pol3,pol4]*FourPi^(-2)*I^10*g1^2*MHT^(-2) + 2/3*
         lamprime[f4]*lamprimebar[f4]*samb[6,61]*e_[l99,l4]*e_[l97,l4]*
         e_[p3,pol3,pol4,p4]*FourPi^(-2)*I^10*g1^2*MHT^(-2) - 2/3*
         lamprime[f4]*lamprimebar[f4]*samb[6,62]*e_[l99,l4]*e_[l97,l4]*
         e_[p3,p1,pol3,pol4]*FourPi^(-2)*I^10*g1^2*MHT^(-2) - 2/3*
         lamprime[f4]*lamprimebar[f4]*samb[6,62]*e_[l99,l4]*e_[l97,l4]*
         e_[p3,pol3,pol4,p4]*FourPi^(-2)*I^10*g1^2*MHT^(-2) - 2/3*
         lamprime[f4]*lamprimebar[f4]*samb[6,63]*e_[l99,l4]*e_[l97,l4]*
         e_[p3,p1,pol3,pol4]*FourPi^(-2)*I^10*g1^2*MHT^(-2) + 2/3*
         lamprime[f4]*lamprimebar[f4]*samb[6,64]*e_[l99,l4]*e_[l97,l4]*
         e_[p3,p1,pol3,pol4]*FourPi^(-2)*I^10*g1^2*MHT^(-2) + 2/3*
         lamprime[f4]*lamprimebar[f4]*samb[6,65]*e_[l99,l4]*e_[l97,l4]*
         e_[p1,pol3,pol4,p4]*FourPi^(-2)*I^10*g1^2*MHT^(-2) - 2/3*
         lamprime[f4]*lamprimebar[f4]*samb[6,66]*e_[l99,l4]*e_[l97,l4]*
         e_[p1,pol3,pol4,p4]*FourPi^(-2)*I^10*g1^2*MHT^(-2) - 4/9*
         lamprime[f4]*lamprimebar[f4]*samb[6,67]*e_[l99,l4]*e_[l97,l4]*
         e_[p3,p1,pol3,pol4]*FourPi^(-2)*I^10*g1^2*MHT^(-2) - 2/9*
         lamprime[f4]*lamprimebar[f4]*samb[6,67]*e_[l99,l4]*e_[l97,l4]*
         e_[p3,pol3,pol4,p4]*FourPi^(-2)*I^10*g1^2*MHT^(-2) + 4/9*
         lamprime[f4]*lamprimebar[f4]*samb[6,68]*e_[l99,l4]*e_[l97,l4]*
         e_[p3,p1,pol3,pol4]*FourPi^(-2)*I^10*g1^2*MHT^(-2) + 2/9*
         lamprime[f4]*lamprimebar[f4]*samb[6,68]*e_[l99,l4]*e_[l97,l4]*
         e_[p3,pol3,pol4,p4]*FourPi^(-2)*I^10*g1^2*MHT^(-2) - 1/9*
         lamprime[f4]*lamprimebar[f4]*samb[6,69]*e_[l99,l4]*e_[l97,l4]*
         e_[p3,p1,pol3,pol4]*FourPi^(-2)*I^10*g1^2*MHT^(-2) - 1/9*
         lamprime[f4]*lamprimebar[f4]*samb[6,69]*e_[l99,l4]*e_[l97,l4]*
         e_[p3,pol3,pol4,p4]*FourPi^(-2)*I^10*g1^2*MHT^(-2) + 2/9*
         lamprime[f4]*lamprimebar[f4]*samb[6,69]*e_[l99,l4]*e_[l97,l4]*
         e_[p1,pol3,pol4,p4]*FourPi^(-2)*I^10*g1^2*MHT^(-2) + 1/9*
         lamprime[f4]*lamprimebar[f4]*samb[6,70]*e_[l99,l4]*e_[l97,l4]*
         e_[p3,p1,pol3,pol4]*FourPi^(-2)*I^10*g1^2*MHT^(-2) + 1/9*
         lamprime[f4]*lamprimebar[f4]*samb[6,70]*e_[l99,l4]*e_[l97,l4]*
         e_[p3,pol3,pol4,p4]*FourPi^(-2)*I^10*g1^2*MHT^(-2) - 2/9*
         lamprime[f4]*lamprimebar[f4]*samb[6,70]*e_[l99,l4]*e_[l97,l4]*
         e_[p1,pol3,pol4,p4]*FourPi^(-2)*I^10*g1^2*MHT^(-2) + 1/9*
         lamprime[f4]*lamprimebar[f4]*samb[6,71]*e_[l99,l4]*e_[l97,l4]*
         e_[p3,p1,pol3,pol4]*FourPi^(-2)*I^10*g1^2*MHT^(-2) + 2/9*
         lamprime[f4]*lamprimebar[f4]*samb[6,71]*e_[l99,l4]*e_[l97,l4]*
         e_[p1,pol3,pol4,p4]*FourPi^(-2)*I^10*g1^2*MHT^(-2) - 1/9*
         lamprime[f4]*lamprimebar[f4]*samb[6,72]*e_[l99,l4]*e_[l97,l4]*
         e_[p3,p1,pol3,pol4]*FourPi^(-2)*I^10*g1^2*MHT^(-2) - 2/9*
         lamprime[f4]*lamprimebar[f4]*samb[6,72]*e_[l99,l4]*e_[l97,l4]*
         e_[p1,pol3,pol4,p4]*FourPi^(-2)*I^10*g1^2*MHT^(-2) )

       - 2*Log[MHT^2]*lamprime[f2]*lamprimebar[f2]*e_[l2,l99]*e_[l2,l97
      ]*pol3.pol4*FourPi^(-2)*I^9*g1^2 + 1/2*Log[MHT^2]*lamprime[f4]*
         lamprimebar[f4]*e_[l99,l4]*e_[l97,l4]*pol3.pol4*FourPi^(-2)*
         I^9*g1^2 + lamprime[f2]*lamprimebar[f2]*e_[l2,l99]*e_[l2,l97]*
         pol3.pol4*FourPi^(-2)*I^9*g1^2 - 1/4*lamprime[f4]*lamprimebar[
         f4]*e_[l99,l4]*e_[l97,l4]*pol3.pol4*FourPi^(-2)*I^9*g1^2;

  1.42 sec out of 1.42 sec
