FORM 4.2.0 (Jul  6 2017, v4.2.0) 64-bits         Run: Tue Mar 20 01:17:54 2018
    * -*-Form-*-
    
    #: Parentheses 2000
    #-

   amplqLbarqL =
       + sSS * (  - 1/4*Log[MHT^2]*lamprime[f99]*lamprimebar[f97]*gam[
         y99,FIVE,p1,y97]*uspin[p2,y97]*vbspin[p1,y99]*e_[l2,l99]*e_[l2
         ,l97]*d_(m99,m97)*FourPi^(-2)*I^5 - 1/4*Log[MHT^2]*lamprime[
         f99]*lamprimebar[f97]*gam[y99,p1,y97]*uspin[p2,y97]*vbspin[p1,
         y99]*e_[l2,l99]*e_[l2,l97]*d_(m99,m97)*FourPi^(-2)*I^5 + 3/8*
         lamprime[f99]*lamprimebar[f97]*gam[y99,FIVE,p1,y97]*uspin[p2,
         y97]*vbspin[p1,y99]*e_[l2,l99]*e_[l2,l97]*d_(m99,m97)*
         FourPi^(-2)*I^5 + 3/8*lamprime[f99]*lamprimebar[f97]*gam[y99,
         p1,y97]*uspin[p2,y97]*vbspin[p1,y99]*e_[l2,l99]*e_[l2,l97]*
         d_(m99,m97)*FourPi^(-2)*I^5 )

       + sSS^3 * ( 1/6*lamprime[f99]*lamprimebar[f97]*gam[y99,FIVE,p1,
         y97]*uspin[p2,y97]*vbspin[p1,y99]*e_[l2,l99]*e_[l2,l97]*
         d_(m99,m97)*p1.p1*FourPi^(-2)*I^5*MHT^(-2) + 1/6*lamprime[f99]
         *lamprimebar[f97]*gam[y99,p1,y97]*uspin[p2,y97]*vbspin[p1,y99]
         *e_[l2,l99]*e_[l2,l97]*d_(m99,m97)*p1.p1*FourPi^(-2)*I^5*
         MHT^(-2) );

  0.01 sec out of 0.00 sec
