FORM 4.2.0 (Jul  6 2017, v4.2.0) 64-bits         Run: Tue Mar 20 01:18:17 2018
    * -*-Form-*-
    
    #: Parentheses 2000
    #-

   amplqLbarqLqLbarqL =
       + 1/16*Log[MHT^2]*lamprime[f99]*yd[f95,f8]*lamprimebar[f97]*
         ydbar[f93,f8]*gam[y99,FIVE,mugam2,y97]*gam[y95,FIVE,mugam2,y93
         ]*uspin[p2,y97]*uspin[p4,y93]*vbspin[p1,y99]*vbspin[p3,y95]*
         e_[l99,l95]*e_[l97,l93]*d_(m99,m97)*d_(m95,m93)*FourPi^(-2)*
         I^9*MHT^(-2) + 1/16*Log[MHT^2]*lamprime[f99]*yd[f95,f8]*
         lamprimebar[f97]*ydbar[f93,f8]*gam[y99,FIVE,mugam2,y97]*gam[
         y95,mugam2,y93]*uspin[p2,y97]*uspin[p4,y93]*vbspin[p1,y99]*
         vbspin[p3,y95]*e_[l99,l95]*e_[l97,l93]*d_(m99,m97)*d_(m95,m93)
         *FourPi^(-2)*I^9*MHT^(-2) + 1/16*Log[MHT^2]*lamprime[f99]*yd[
         f95,f8]*lamprimebar[f97]*ydbar[f93,f8]*gam[y99,mugam2,y97]*
         gam[y95,FIVE,mugam2,y93]*uspin[p2,y97]*uspin[p4,y93]*vbspin[p1
         ,y99]*vbspin[p3,y95]*e_[l99,l95]*e_[l97,l93]*d_(m99,m97)*
         d_(m95,m93)*FourPi^(-2)*I^9*MHT^(-2) + 1/16*Log[MHT^2]*
         lamprime[f99]*yd[f95,f8]*lamprimebar[f97]*ydbar[f93,f8]*gam[
         y99,mugam2,y97]*gam[y95,mugam2,y93]*uspin[p2,y97]*uspin[p4,y93
         ]*vbspin[p1,y99]*vbspin[p3,y95]*e_[l99,l95]*e_[l97,l93]*
         d_(m99,m97)*d_(m95,m93)*FourPi^(-2)*I^9*MHT^(-2) + 1/16*Log[
         MHT^2]*lamprime[f99]*yd[f95,f6]*lamprimebar[f93]*ydbar[f97,f6]
         *gam[y99,FIVE,mugam2,y93]*gam[y95,FIVE,mugam2,y97]*uspin[p2,
         y97]*uspin[p4,y93]*vbspin[p1,y99]*vbspin[p3,y95]*e_[l99,l95]*
         e_[l97,l93]*d_(m99,m93)*d_(m97,m95)*FourPi^(-2)*I^9*MHT^(-2)
          + 1/16*Log[MHT^2]*lamprime[f99]*yd[f95,f6]*lamprimebar[f93]*
         ydbar[f97,f6]*gam[y99,FIVE,mugam2,y93]*gam[y95,mugam2,y97]*
         uspin[p2,y97]*uspin[p4,y93]*vbspin[p1,y99]*vbspin[p3,y95]*e_[
         l99,l95]*e_[l97,l93]*d_(m99,m93)*d_(m97,m95)*FourPi^(-2)*I^9*
         MHT^(-2) + 1/16*Log[MHT^2]*lamprime[f99]*yd[f95,f6]*
         lamprimebar[f93]*ydbar[f97,f6]*gam[y99,mugam2,y93]*gam[y95,
         FIVE,mugam2,y97]*uspin[p2,y97]*uspin[p4,y93]*vbspin[p1,y99]*
         vbspin[p3,y95]*e_[l99,l95]*e_[l97,l93]*d_(m99,m93)*d_(m97,m95)
         *FourPi^(-2)*I^9*MHT^(-2) + 1/16*Log[MHT^2]*lamprime[f99]*yd[
         f95,f6]*lamprimebar[f93]*ydbar[f97,f6]*gam[y99,mugam2,y93]*
         gam[y95,mugam2,y97]*uspin[p2,y97]*uspin[p4,y93]*vbspin[p1,y99]
         *vbspin[p3,y95]*e_[l99,l95]*e_[l97,l93]*d_(m99,m93)*
         d_(m97,m95)*FourPi^(-2)*I^9*MHT^(-2) - 1/16*Log[MHT^2]*
         lamprime[f99]*yu[f95,f8]*lamprimebar[f97]*yubar[f93,f8]*gam[
         y99,FIVE,mugam2,y97]*gam[y95,FIVE,mugam2,y93]*uspin[p2,y97]*
         uspin[p4,y93]*vbspin[p1,y99]*vbspin[p3,y95]*e_[l99,l4]*e_[l97,
         l6]*e_[l95,l6]*e_[l93,l4]*d_(m99,m97)*d_(m95,m93)*FourPi^(-2)*
         I^9*MHT^(-2) - 1/16*Log[MHT^2]*lamprime[f99]*yu[f95,f8]*
         lamprimebar[f97]*yubar[f93,f8]*gam[y99,FIVE,mugam2,y97]*gam[
         y95,mugam2,y93]*uspin[p2,y97]*uspin[p4,y93]*vbspin[p1,y99]*
         vbspin[p3,y95]*e_[l99,l4]*e_[l97,l6]*e_[l95,l6]*e_[l93,l4]*
         d_(m99,m97)*d_(m95,m93)*FourPi^(-2)*I^9*MHT^(-2) - 1/16*Log[
         MHT^2]*lamprime[f99]*yu[f95,f8]*lamprimebar[f97]*yubar[f93,f8]
         *gam[y99,mugam2,y97]*gam[y95,FIVE,mugam2,y93]*uspin[p2,y97]*
         uspin[p4,y93]*vbspin[p1,y99]*vbspin[p3,y95]*e_[l99,l4]*e_[l97,
         l6]*e_[l95,l6]*e_[l93,l4]*d_(m99,m97)*d_(m95,m93)*FourPi^(-2)*
         I^9*MHT^(-2) - 1/16*Log[MHT^2]*lamprime[f99]*yu[f95,f8]*
         lamprimebar[f97]*yubar[f93,f8]*gam[y99,mugam2,y97]*gam[y95,
         mugam2,y93]*uspin[p2,y97]*uspin[p4,y93]*vbspin[p1,y99]*vbspin[
         p3,y95]*e_[l99,l4]*e_[l97,l6]*e_[l95,l6]*e_[l93,l4]*
         d_(m99,m97)*d_(m95,m93)*FourPi^(-2)*I^9*MHT^(-2) + 1/16*Log[
         MHT^2]*lamprime[f99]*yu[f95,f6]*lamprimebar[f93]*yubar[f97,f6]
         *gam[y99,FIVE,mugam2,y93]*gam[y95,FIVE,mugam2,y97]*uspin[p2,
         y97]*uspin[p4,y93]*vbspin[p1,y99]*vbspin[p3,y95]*e_[l99,l2]*
         e_[l97,l2]*e_[l95,l8]*e_[l93,l8]*d_(m99,m93)*d_(m97,m95)*
         FourPi^(-2)*I^9*MHT^(-2) + 1/16*Log[MHT^2]*lamprime[f99]*yu[
         f95,f6]*lamprimebar[f93]*yubar[f97,f6]*gam[y99,FIVE,mugam2,y93
         ]*gam[y95,mugam2,y97]*uspin[p2,y97]*uspin[p4,y93]*vbspin[p1,
         y99]*vbspin[p3,y95]*e_[l99,l2]*e_[l97,l2]*e_[l95,l8]*e_[l93,l8
         ]*d_(m99,m93)*d_(m97,m95)*FourPi^(-2)*I^9*MHT^(-2) + 1/16*Log[
         MHT^2]*lamprime[f99]*yu[f95,f6]*lamprimebar[f93]*yubar[f97,f6]
         *gam[y99,mugam2,y93]*gam[y95,FIVE,mugam2,y97]*uspin[p2,y97]*
         uspin[p4,y93]*vbspin[p1,y99]*vbspin[p3,y95]*e_[l99,l2]*e_[l97,
         l2]*e_[l95,l8]*e_[l93,l8]*d_(m99,m93)*d_(m97,m95)*FourPi^(-2)*
         I^9*MHT^(-2) + 1/16*Log[MHT^2]*lamprime[f99]*yu[f95,f6]*
         lamprimebar[f93]*yubar[f97,f6]*gam[y99,mugam2,y93]*gam[y95,
         mugam2,y97]*uspin[p2,y97]*uspin[p4,y93]*vbspin[p1,y99]*vbspin[
         p3,y95]*e_[l99,l2]*e_[l97,l2]*e_[l95,l8]*e_[l93,l8]*
         d_(m99,m93)*d_(m97,m95)*FourPi^(-2)*I^9*MHT^(-2) + 1/16*Log[
         MHT^2]*lamprime[f95]*yd[f99,f2]*lamprimebar[f93]*ydbar[f97,f2]
         *gam[y99,FIVE,mugam2,y97]*gam[y95,FIVE,mugam2,y93]*uspin[p2,
         y97]*uspin[p4,y93]*vbspin[p1,y99]*vbspin[p3,y95]*e_[l99,l95]*
         e_[l97,l93]*d_(m99,m97)*d_(m95,m93)*FourPi^(-2)*I^9*MHT^(-2)
          + 1/16*Log[MHT^2]*lamprime[f95]*yd[f99,f2]*lamprimebar[f93]*
         ydbar[f97,f2]*gam[y99,FIVE,mugam2,y97]*gam[y95,mugam2,y93]*
         uspin[p2,y97]*uspin[p4,y93]*vbspin[p1,y99]*vbspin[p3,y95]*e_[
         l99,l95]*e_[l97,l93]*d_(m99,m97)*d_(m95,m93)*FourPi^(-2)*I^9*
         MHT^(-2) + 1/16*Log[MHT^2]*lamprime[f95]*yd[f99,f2]*
         lamprimebar[f93]*ydbar[f97,f2]*gam[y99,mugam2,y97]*gam[y95,
         FIVE,mugam2,y93]*uspin[p2,y97]*uspin[p4,y93]*vbspin[p1,y99]*
         vbspin[p3,y95]*e_[l99,l95]*e_[l97,l93]*d_(m99,m97)*d_(m95,m93)
         *FourPi^(-2)*I^9*MHT^(-2) + 1/16*Log[MHT^2]*lamprime[f95]*yd[
         f99,f2]*lamprimebar[f93]*ydbar[f97,f2]*gam[y99,mugam2,y97]*
         gam[y95,mugam2,y93]*uspin[p2,y97]*uspin[p4,y93]*vbspin[p1,y99]
         *vbspin[p3,y95]*e_[l99,l95]*e_[l97,l93]*d_(m99,m97)*
         d_(m95,m93)*FourPi^(-2)*I^9*MHT^(-2) + 1/16*Log[MHT^2]*
         lamprime[f95]*yd[f99,f4]*lamprimebar[f97]*ydbar[f93,f4]*gam[
         y99,FIVE,mugam2,y93]*gam[y95,FIVE,mugam2,y97]*uspin[p2,y97]*
         uspin[p4,y93]*vbspin[p1,y99]*vbspin[p3,y95]*e_[l99,l95]*e_[l97
         ,l93]*d_(m99,m93)*d_(m97,m95)*FourPi^(-2)*I^9*MHT^(-2) + 1/16*
         Log[MHT^2]*lamprime[f95]*yd[f99,f4]*lamprimebar[f97]*ydbar[f93
         ,f4]*gam[y99,FIVE,mugam2,y93]*gam[y95,mugam2,y97]*uspin[p2,y97
         ]*uspin[p4,y93]*vbspin[p1,y99]*vbspin[p3,y95]*e_[l99,l95]*e_[
         l97,l93]*d_(m99,m93)*d_(m97,m95)*FourPi^(-2)*I^9*MHT^(-2) + 1/
         16*Log[MHT^2]*lamprime[f95]*yd[f99,f4]*lamprimebar[f97]*ydbar[
         f93,f4]*gam[y99,mugam2,y93]*gam[y95,FIVE,mugam2,y97]*uspin[p2,
         y97]*uspin[p4,y93]*vbspin[p1,y99]*vbspin[p3,y95]*e_[l99,l95]*
         e_[l97,l93]*d_(m99,m93)*d_(m97,m95)*FourPi^(-2)*I^9*MHT^(-2)
          + 1/16*Log[MHT^2]*lamprime[f95]*yd[f99,f4]*lamprimebar[f97]*
         ydbar[f93,f4]*gam[y99,mugam2,y93]*gam[y95,mugam2,y97]*uspin[p2
         ,y97]*uspin[p4,y93]*vbspin[p1,y99]*vbspin[p3,y95]*e_[l99,l95]*
         e_[l97,l93]*d_(m99,m93)*d_(m97,m95)*FourPi^(-2)*I^9*MHT^(-2)
          - 1/16*Log[MHT^2]*lamprime[f95]*yu[f99,f2]*lamprimebar[f93]*
         yubar[f97,f2]*gam[y99,FIVE,mugam2,y97]*gam[y95,FIVE,mugam2,y93
         ]*uspin[p2,y97]*uspin[p4,y93]*vbspin[p1,y99]*vbspin[p3,y95]*
         e_[l99,l4]*e_[l97,l6]*e_[l95,l6]*e_[l93,l4]*d_(m99,m97)*
         d_(m95,m93)*FourPi^(-2)*I^9*MHT^(-2) - 1/16*Log[MHT^2]*
         lamprime[f95]*yu[f99,f2]*lamprimebar[f93]*yubar[f97,f2]*gam[
         y99,FIVE,mugam2,y97]*gam[y95,mugam2,y93]*uspin[p2,y97]*uspin[
         p4,y93]*vbspin[p1,y99]*vbspin[p3,y95]*e_[l99,l4]*e_[l97,l6]*
         e_[l95,l6]*e_[l93,l4]*d_(m99,m97)*d_(m95,m93)*FourPi^(-2)*I^9*
         MHT^(-2) - 1/16*Log[MHT^2]*lamprime[f95]*yu[f99,f2]*
         lamprimebar[f93]*yubar[f97,f2]*gam[y99,mugam2,y97]*gam[y95,
         FIVE,mugam2,y93]*uspin[p2,y97]*uspin[p4,y93]*vbspin[p1,y99]*
         vbspin[p3,y95]*e_[l99,l4]*e_[l97,l6]*e_[l95,l6]*e_[l93,l4]*
         d_(m99,m97)*d_(m95,m93)*FourPi^(-2)*I^9*MHT^(-2) - 1/16*Log[
         MHT^2]*lamprime[f95]*yu[f99,f2]*lamprimebar[f93]*yubar[f97,f2]
         *gam[y99,mugam2,y97]*gam[y95,mugam2,y93]*uspin[p2,y97]*uspin[
         p4,y93]*vbspin[p1,y99]*vbspin[p3,y95]*e_[l99,l4]*e_[l97,l6]*
         e_[l95,l6]*e_[l93,l4]*d_(m99,m97)*d_(m95,m93)*FourPi^(-2)*I^9*
         MHT^(-2) + 1/16*Log[MHT^2]*lamprime[f95]*yu[f99,f4]*
         lamprimebar[f97]*yubar[f93,f4]*gam[y99,FIVE,mugam2,y93]*gam[
         y95,FIVE,mugam2,y97]*uspin[p2,y97]*uspin[p4,y93]*vbspin[p1,y99
         ]*vbspin[p3,y95]*e_[l99,l2]*e_[l97,l2]*e_[l95,l8]*e_[l93,l8]*
         d_(m99,m93)*d_(m97,m95)*FourPi^(-2)*I^9*MHT^(-2) + 1/16*Log[
         MHT^2]*lamprime[f95]*yu[f99,f4]*lamprimebar[f97]*yubar[f93,f4]
         *gam[y99,FIVE,mugam2,y93]*gam[y95,mugam2,y97]*uspin[p2,y97]*
         uspin[p4,y93]*vbspin[p1,y99]*vbspin[p3,y95]*e_[l99,l2]*e_[l97,
         l2]*e_[l95,l8]*e_[l93,l8]*d_(m99,m93)*d_(m97,m95)*FourPi^(-2)*
         I^9*MHT^(-2) + 1/16*Log[MHT^2]*lamprime[f95]*yu[f99,f4]*
         lamprimebar[f97]*yubar[f93,f4]*gam[y99,mugam2,y93]*gam[y95,
         FIVE,mugam2,y97]*uspin[p2,y97]*uspin[p4,y93]*vbspin[p1,y99]*
         vbspin[p3,y95]*e_[l99,l2]*e_[l97,l2]*e_[l95,l8]*e_[l93,l8]*
         d_(m99,m93)*d_(m97,m95)*FourPi^(-2)*I^9*MHT^(-2) + 1/16*Log[
         MHT^2]*lamprime[f95]*yu[f99,f4]*lamprimebar[f97]*yubar[f93,f4]
         *gam[y99,mugam2,y93]*gam[y95,mugam2,y97]*uspin[p2,y97]*uspin[
         p4,y93]*vbspin[p1,y99]*vbspin[p3,y95]*e_[l99,l2]*e_[l97,l2]*
         e_[l95,l8]*e_[l93,l8]*d_(m99,m93)*d_(m97,m95)*FourPi^(-2)*I^9*
         MHT^(-2) - 1/16*lamprime[f99]*lamprime[f95]*lamprimebar[f97]*
         lamprimebar[f93]*gam[y99,FIVE,mugam2,y97]*gam[y95,FIVE,mugam2,
         y93]*uspin[p2,y97]*uspin[p4,y93]*vbspin[p1,y99]*vbspin[p3,y95]
         *e_[l99,l4]*e_[l97,l6]*e_[l95,l6]*e_[l93,l4]*d_(m99,m97)*
         d_(m95,m93)*FourPi^(-2)*I^9*MHT^(-2) - 1/16*lamprime[f99]*
         lamprime[f95]*lamprimebar[f97]*lamprimebar[f93]*gam[y99,FIVE,
         mugam2,y97]*gam[y95,mugam2,y93]*uspin[p2,y97]*uspin[p4,y93]*
         vbspin[p1,y99]*vbspin[p3,y95]*e_[l99,l4]*e_[l97,l6]*e_[l95,l6]
         *e_[l93,l4]*d_(m99,m97)*d_(m95,m93)*FourPi^(-2)*I^9*MHT^(-2)
          + 1/16*lamprime[f99]*lamprime[f95]*lamprimebar[f97]*
         lamprimebar[f93]*gam[y99,FIVE,mugam2,y93]*gam[y95,FIVE,mugam2,
         y97]*uspin[p2,y97]*uspin[p4,y93]*vbspin[p1,y99]*vbspin[p3,y95]
         *e_[l99,l2]*e_[l97,l2]*e_[l95,l8]*e_[l93,l8]*d_(m99,m93)*
         d_(m97,m95)*FourPi^(-2)*I^9*MHT^(-2) + 1/16*lamprime[f99]*
         lamprime[f95]*lamprimebar[f97]*lamprimebar[f93]*gam[y99,FIVE,
         mugam2,y93]*gam[y95,mugam2,y97]*uspin[p2,y97]*uspin[p4,y93]*
         vbspin[p1,y99]*vbspin[p3,y95]*e_[l99,l2]*e_[l97,l2]*e_[l95,l8]
         *e_[l93,l8]*d_(m99,m93)*d_(m97,m95)*FourPi^(-2)*I^9*MHT^(-2)
          - 1/16*lamprime[f99]*lamprime[f95]*lamprimebar[f97]*
         lamprimebar[f93]*gam[y99,mugam2,y97]*gam[y95,FIVE,mugam2,y93]*
         uspin[p2,y97]*uspin[p4,y93]*vbspin[p1,y99]*vbspin[p3,y95]*e_[
         l99,l4]*e_[l97,l6]*e_[l95,l6]*e_[l93,l4]*d_(m99,m97)*
         d_(m95,m93)*FourPi^(-2)*I^9*MHT^(-2) - 1/16*lamprime[f99]*
         lamprime[f95]*lamprimebar[f97]*lamprimebar[f93]*gam[y99,mugam2
         ,y97]*gam[y95,mugam2,y93]*uspin[p2,y97]*uspin[p4,y93]*vbspin[
         p1,y99]*vbspin[p3,y95]*e_[l99,l4]*e_[l97,l6]*e_[l95,l6]*e_[l93
         ,l4]*d_(m99,m97)*d_(m95,m93)*FourPi^(-2)*I^9*MHT^(-2) + 1/16*
         lamprime[f99]*lamprime[f95]*lamprimebar[f97]*lamprimebar[f93]*
         gam[y99,mugam2,y93]*gam[y95,FIVE,mugam2,y97]*uspin[p2,y97]*
         uspin[p4,y93]*vbspin[p1,y99]*vbspin[p3,y95]*e_[l99,l2]*e_[l97,
         l2]*e_[l95,l8]*e_[l93,l8]*d_(m99,m93)*d_(m97,m95)*FourPi^(-2)*
         I^9*MHT^(-2) + 1/16*lamprime[f99]*lamprime[f95]*lamprimebar[
         f97]*lamprimebar[f93]*gam[y99,mugam2,y93]*gam[y95,mugam2,y97]*
         uspin[p2,y97]*uspin[p4,y93]*vbspin[p1,y99]*vbspin[p3,y95]*e_[
         l99,l2]*e_[l97,l2]*e_[l95,l8]*e_[l93,l8]*d_(m99,m93)*
         d_(m97,m95)*FourPi^(-2)*I^9*MHT^(-2) - 3/32*lamprime[f99]*yd[
         f95,f8]*lamprimebar[f97]*ydbar[f93,f8]*gam[y99,FIVE,mugam2,y97
         ]*gam[y95,FIVE,mugam2,y93]*uspin[p2,y97]*uspin[p4,y93]*vbspin[
         p1,y99]*vbspin[p3,y95]*e_[l99,l95]*e_[l97,l93]*d_(m99,m97)*
         d_(m95,m93)*FourPi^(-2)*I^9*MHT^(-2) - 3/32*lamprime[f99]*yd[
         f95,f8]*lamprimebar[f97]*ydbar[f93,f8]*gam[y99,FIVE,mugam2,y97
         ]*gam[y95,mugam2,y93]*uspin[p2,y97]*uspin[p4,y93]*vbspin[p1,
         y99]*vbspin[p3,y95]*e_[l99,l95]*e_[l97,l93]*d_(m99,m97)*
         d_(m95,m93)*FourPi^(-2)*I^9*MHT^(-2) - 3/32*lamprime[f99]*yd[
         f95,f8]*lamprimebar[f97]*ydbar[f93,f8]*gam[y99,mugam2,y97]*
         gam[y95,FIVE,mugam2,y93]*uspin[p2,y97]*uspin[p4,y93]*vbspin[p1
         ,y99]*vbspin[p3,y95]*e_[l99,l95]*e_[l97,l93]*d_(m99,m97)*
         d_(m95,m93)*FourPi^(-2)*I^9*MHT^(-2) - 3/32*lamprime[f99]*yd[
         f95,f8]*lamprimebar[f97]*ydbar[f93,f8]*gam[y99,mugam2,y97]*
         gam[y95,mugam2,y93]*uspin[p2,y97]*uspin[p4,y93]*vbspin[p1,y99]
         *vbspin[p3,y95]*e_[l99,l95]*e_[l97,l93]*d_(m99,m97)*
         d_(m95,m93)*FourPi^(-2)*I^9*MHT^(-2) - 3/32*lamprime[f99]*yd[
         f95,f6]*lamprimebar[f93]*ydbar[f97,f6]*gam[y99,FIVE,mugam2,y93
         ]*gam[y95,FIVE,mugam2,y97]*uspin[p2,y97]*uspin[p4,y93]*vbspin[
         p1,y99]*vbspin[p3,y95]*e_[l99,l95]*e_[l97,l93]*d_(m99,m93)*
         d_(m97,m95)*FourPi^(-2)*I^9*MHT^(-2) - 3/32*lamprime[f99]*yd[
         f95,f6]*lamprimebar[f93]*ydbar[f97,f6]*gam[y99,FIVE,mugam2,y93
         ]*gam[y95,mugam2,y97]*uspin[p2,y97]*uspin[p4,y93]*vbspin[p1,
         y99]*vbspin[p3,y95]*e_[l99,l95]*e_[l97,l93]*d_(m99,m93)*
         d_(m97,m95)*FourPi^(-2)*I^9*MHT^(-2) - 3/32*lamprime[f99]*yd[
         f95,f6]*lamprimebar[f93]*ydbar[f97,f6]*gam[y99,mugam2,y93]*
         gam[y95,FIVE,mugam2,y97]*uspin[p2,y97]*uspin[p4,y93]*vbspin[p1
         ,y99]*vbspin[p3,y95]*e_[l99,l95]*e_[l97,l93]*d_(m99,m93)*
         d_(m97,m95)*FourPi^(-2)*I^9*MHT^(-2) - 3/32*lamprime[f99]*yd[
         f95,f6]*lamprimebar[f93]*ydbar[f97,f6]*gam[y99,mugam2,y93]*
         gam[y95,mugam2,y97]*uspin[p2,y97]*uspin[p4,y93]*vbspin[p1,y99]
         *vbspin[p3,y95]*e_[l99,l95]*e_[l97,l93]*d_(m99,m93)*
         d_(m97,m95)*FourPi^(-2)*I^9*MHT^(-2) + 3/32*lamprime[f99]*yu[
         f95,f8]*lamprimebar[f97]*yubar[f93,f8]*gam[y99,FIVE,mugam2,y97
         ]*gam[y95,FIVE,mugam2,y93]*uspin[p2,y97]*uspin[p4,y93]*vbspin[
         p1,y99]*vbspin[p3,y95]*e_[l99,l4]*e_[l97,l6]*e_[l95,l6]*e_[l93
         ,l4]*d_(m99,m97)*d_(m95,m93)*FourPi^(-2)*I^9*MHT^(-2) + 3/32*
         lamprime[f99]*yu[f95,f8]*lamprimebar[f97]*yubar[f93,f8]*gam[
         y99,FIVE,mugam2,y97]*gam[y95,mugam2,y93]*uspin[p2,y97]*uspin[
         p4,y93]*vbspin[p1,y99]*vbspin[p3,y95]*e_[l99,l4]*e_[l97,l6]*
         e_[l95,l6]*e_[l93,l4]*d_(m99,m97)*d_(m95,m93)*FourPi^(-2)*I^9*
         MHT^(-2) + 3/32*lamprime[f99]*yu[f95,f8]*lamprimebar[f97]*
         yubar[f93,f8]*gam[y99,mugam2,y97]*gam[y95,FIVE,mugam2,y93]*
         uspin[p2,y97]*uspin[p4,y93]*vbspin[p1,y99]*vbspin[p3,y95]*e_[
         l99,l4]*e_[l97,l6]*e_[l95,l6]*e_[l93,l4]*d_(m99,m97)*
         d_(m95,m93)*FourPi^(-2)*I^9*MHT^(-2) + 3/32*lamprime[f99]*yu[
         f95,f8]*lamprimebar[f97]*yubar[f93,f8]*gam[y99,mugam2,y97]*
         gam[y95,mugam2,y93]*uspin[p2,y97]*uspin[p4,y93]*vbspin[p1,y99]
         *vbspin[p3,y95]*e_[l99,l4]*e_[l97,l6]*e_[l95,l6]*e_[l93,l4]*
         d_(m99,m97)*d_(m95,m93)*FourPi^(-2)*I^9*MHT^(-2) - 3/32*
         lamprime[f99]*yu[f95,f6]*lamprimebar[f93]*yubar[f97,f6]*gam[
         y99,FIVE,mugam2,y93]*gam[y95,FIVE,mugam2,y97]*uspin[p2,y97]*
         uspin[p4,y93]*vbspin[p1,y99]*vbspin[p3,y95]*e_[l99,l2]*e_[l97,
         l2]*e_[l95,l8]*e_[l93,l8]*d_(m99,m93)*d_(m97,m95)*FourPi^(-2)*
         I^9*MHT^(-2) - 3/32*lamprime[f99]*yu[f95,f6]*lamprimebar[f93]*
         yubar[f97,f6]*gam[y99,FIVE,mugam2,y93]*gam[y95,mugam2,y97]*
         uspin[p2,y97]*uspin[p4,y93]*vbspin[p1,y99]*vbspin[p3,y95]*e_[
         l99,l2]*e_[l97,l2]*e_[l95,l8]*e_[l93,l8]*d_(m99,m93)*
         d_(m97,m95)*FourPi^(-2)*I^9*MHT^(-2) - 3/32*lamprime[f99]*yu[
         f95,f6]*lamprimebar[f93]*yubar[f97,f6]*gam[y99,mugam2,y93]*
         gam[y95,FIVE,mugam2,y97]*uspin[p2,y97]*uspin[p4,y93]*vbspin[p1
         ,y99]*vbspin[p3,y95]*e_[l99,l2]*e_[l97,l2]*e_[l95,l8]*e_[l93,
         l8]*d_(m99,m93)*d_(m97,m95)*FourPi^(-2)*I^9*MHT^(-2) - 3/32*
         lamprime[f99]*yu[f95,f6]*lamprimebar[f93]*yubar[f97,f6]*gam[
         y99,mugam2,y93]*gam[y95,mugam2,y97]*uspin[p2,y97]*uspin[p4,y93
         ]*vbspin[p1,y99]*vbspin[p3,y95]*e_[l99,l2]*e_[l97,l2]*e_[l95,
         l8]*e_[l93,l8]*d_(m99,m93)*d_(m97,m95)*FourPi^(-2)*I^9*
         MHT^(-2) - 3/32*lamprime[f95]*yd[f99,f2]*lamprimebar[f93]*
         ydbar[f97,f2]*gam[y99,FIVE,mugam2,y97]*gam[y95,FIVE,mugam2,y93
         ]*uspin[p2,y97]*uspin[p4,y93]*vbspin[p1,y99]*vbspin[p3,y95]*
         e_[l99,l95]*e_[l97,l93]*d_(m99,m97)*d_(m95,m93)*FourPi^(-2)*
         I^9*MHT^(-2) - 3/32*lamprime[f95]*yd[f99,f2]*lamprimebar[f93]*
         ydbar[f97,f2]*gam[y99,FIVE,mugam2,y97]*gam[y95,mugam2,y93]*
         uspin[p2,y97]*uspin[p4,y93]*vbspin[p1,y99]*vbspin[p3,y95]*e_[
         l99,l95]*e_[l97,l93]*d_(m99,m97)*d_(m95,m93)*FourPi^(-2)*I^9*
         MHT^(-2) - 3/32*lamprime[f95]*yd[f99,f2]*lamprimebar[f93]*
         ydbar[f97,f2]*gam[y99,mugam2,y97]*gam[y95,FIVE,mugam2,y93]*
         uspin[p2,y97]*uspin[p4,y93]*vbspin[p1,y99]*vbspin[p3,y95]*e_[
         l99,l95]*e_[l97,l93]*d_(m99,m97)*d_(m95,m93)*FourPi^(-2)*I^9*
         MHT^(-2) - 3/32*lamprime[f95]*yd[f99,f2]*lamprimebar[f93]*
         ydbar[f97,f2]*gam[y99,mugam2,y97]*gam[y95,mugam2,y93]*uspin[p2
         ,y97]*uspin[p4,y93]*vbspin[p1,y99]*vbspin[p3,y95]*e_[l99,l95]*
         e_[l97,l93]*d_(m99,m97)*d_(m95,m93)*FourPi^(-2)*I^9*MHT^(-2)
          - 3/32*lamprime[f95]*yd[f99,f4]*lamprimebar[f97]*ydbar[f93,f4
         ]*gam[y99,FIVE,mugam2,y93]*gam[y95,FIVE,mugam2,y97]*uspin[p2,
         y97]*uspin[p4,y93]*vbspin[p1,y99]*vbspin[p3,y95]*e_[l99,l95]*
         e_[l97,l93]*d_(m99,m93)*d_(m97,m95)*FourPi^(-2)*I^9*MHT^(-2)
          - 3/32*lamprime[f95]*yd[f99,f4]*lamprimebar[f97]*ydbar[f93,f4
         ]*gam[y99,FIVE,mugam2,y93]*gam[y95,mugam2,y97]*uspin[p2,y97]*
         uspin[p4,y93]*vbspin[p1,y99]*vbspin[p3,y95]*e_[l99,l95]*e_[l97
         ,l93]*d_(m99,m93)*d_(m97,m95)*FourPi^(-2)*I^9*MHT^(-2) - 3/32*
         lamprime[f95]*yd[f99,f4]*lamprimebar[f97]*ydbar[f93,f4]*gam[
         y99,mugam2,y93]*gam[y95,FIVE,mugam2,y97]*uspin[p2,y97]*uspin[
         p4,y93]*vbspin[p1,y99]*vbspin[p3,y95]*e_[l99,l95]*e_[l97,l93]*
         d_(m99,m93)*d_(m97,m95)*FourPi^(-2)*I^9*MHT^(-2) - 3/32*
         lamprime[f95]*yd[f99,f4]*lamprimebar[f97]*ydbar[f93,f4]*gam[
         y99,mugam2,y93]*gam[y95,mugam2,y97]*uspin[p2,y97]*uspin[p4,y93
         ]*vbspin[p1,y99]*vbspin[p3,y95]*e_[l99,l95]*e_[l97,l93]*
         d_(m99,m93)*d_(m97,m95)*FourPi^(-2)*I^9*MHT^(-2) + 3/32*
         lamprime[f95]*yu[f99,f2]*lamprimebar[f93]*yubar[f97,f2]*gam[
         y99,FIVE,mugam2,y97]*gam[y95,FIVE,mugam2,y93]*uspin[p2,y97]*
         uspin[p4,y93]*vbspin[p1,y99]*vbspin[p3,y95]*e_[l99,l4]*e_[l97,
         l6]*e_[l95,l6]*e_[l93,l4]*d_(m99,m97)*d_(m95,m93)*FourPi^(-2)*
         I^9*MHT^(-2) + 3/32*lamprime[f95]*yu[f99,f2]*lamprimebar[f93]*
         yubar[f97,f2]*gam[y99,FIVE,mugam2,y97]*gam[y95,mugam2,y93]*
         uspin[p2,y97]*uspin[p4,y93]*vbspin[p1,y99]*vbspin[p3,y95]*e_[
         l99,l4]*e_[l97,l6]*e_[l95,l6]*e_[l93,l4]*d_(m99,m97)*
         d_(m95,m93)*FourPi^(-2)*I^9*MHT^(-2) + 3/32*lamprime[f95]*yu[
         f99,f2]*lamprimebar[f93]*yubar[f97,f2]*gam[y99,mugam2,y97]*
         gam[y95,FIVE,mugam2,y93]*uspin[p2,y97]*uspin[p4,y93]*vbspin[p1
         ,y99]*vbspin[p3,y95]*e_[l99,l4]*e_[l97,l6]*e_[l95,l6]*e_[l93,
         l4]*d_(m99,m97)*d_(m95,m93)*FourPi^(-2)*I^9*MHT^(-2) + 3/32*
         lamprime[f95]*yu[f99,f2]*lamprimebar[f93]*yubar[f97,f2]*gam[
         y99,mugam2,y97]*gam[y95,mugam2,y93]*uspin[p2,y97]*uspin[p4,y93
         ]*vbspin[p1,y99]*vbspin[p3,y95]*e_[l99,l4]*e_[l97,l6]*e_[l95,
         l6]*e_[l93,l4]*d_(m99,m97)*d_(m95,m93)*FourPi^(-2)*I^9*
         MHT^(-2) - 3/32*lamprime[f95]*yu[f99,f4]*lamprimebar[f97]*
         yubar[f93,f4]*gam[y99,FIVE,mugam2,y93]*gam[y95,FIVE,mugam2,y97
         ]*uspin[p2,y97]*uspin[p4,y93]*vbspin[p1,y99]*vbspin[p3,y95]*
         e_[l99,l2]*e_[l97,l2]*e_[l95,l8]*e_[l93,l8]*d_(m99,m93)*
         d_(m97,m95)*FourPi^(-2)*I^9*MHT^(-2) - 3/32*lamprime[f95]*yu[
         f99,f4]*lamprimebar[f97]*yubar[f93,f4]*gam[y99,FIVE,mugam2,y93
         ]*gam[y95,mugam2,y97]*uspin[p2,y97]*uspin[p4,y93]*vbspin[p1,
         y99]*vbspin[p3,y95]*e_[l99,l2]*e_[l97,l2]*e_[l95,l8]*e_[l93,l8
         ]*d_(m99,m93)*d_(m97,m95)*FourPi^(-2)*I^9*MHT^(-2) - 3/32*
         lamprime[f95]*yu[f99,f4]*lamprimebar[f97]*yubar[f93,f4]*gam[
         y99,mugam2,y93]*gam[y95,FIVE,mugam2,y97]*uspin[p2,y97]*uspin[
         p4,y93]*vbspin[p1,y99]*vbspin[p3,y95]*e_[l99,l2]*e_[l97,l2]*
         e_[l95,l8]*e_[l93,l8]*d_(m99,m93)*d_(m97,m95)*FourPi^(-2)*I^9*
         MHT^(-2) - 3/32*lamprime[f95]*yu[f99,f4]*lamprimebar[f97]*
         yubar[f93,f4]*gam[y99,mugam2,y93]*gam[y95,mugam2,y97]*uspin[p2
         ,y97]*uspin[p4,y93]*vbspin[p1,y99]*vbspin[p3,y95]*e_[l99,l2]*
         e_[l97,l2]*e_[l95,l8]*e_[l93,l8]*d_(m99,m93)*d_(m97,m95)*
         FourPi^(-2)*I^9*MHT^(-2);

  0.07 sec out of 0.07 sec
