FORM 4.2.0 (Jul  6 2017, v4.2.0) 64-bits         Run: Tue Mar 20 01:18:15 2018
    * -*-Form-*-
    
    #: Parentheses 2000
    #-

   amplqLbardRWiPhi =
       + sSS * ( 1/48*Log[MHT^2]*lamprime[f99]*yd[f6,f97]*lamprimebar[
         f6]*Ta[n95,l8,l2]*gam[y99,FIVE,y3]*gam[y3,p1,y4]*gam[y4,FIVE,
         y7]*gam[y7,mugam3,y8]*gam[y8,FIVE,pol3,mugam3,y97]*uspin[p2,
         y97]*vbspin[p1,y99]*e_[l2,l99]*e_[l8,l93]*d_(m99,m97)*
         FourPi^(-2)*I^9*gw*MHT^(-2) + 1/48*Log[MHT^2]*lamprime[f99]*
         yd[f6,f97]*lamprimebar[f6]*Ta[n95,l8,l2]*gam[y99,FIVE,y3]*gam[
         y3,p1,y4]*gam[y4,FIVE,y7]*gam[y7,mugam3,y8]*gam[y8,pol3,mugam3
         ,y97]*uspin[p2,y97]*vbspin[p1,y99]*e_[l2,l99]*e_[l8,l93]*
         d_(m99,m97)*FourPi^(-2)*I^9*gw*MHT^(-2) - 1/48*Log[MHT^2]*
         lamprime[f99]*yd[f6,f97]*lamprimebar[f6]*Ta[n95,l8,l2]*gam[y99
         ,FIVE,y3]*gam[y3,p1,y4]*gam[y4,y7]*gam[y7,mugam3,y8]*gam[y8,
         FIVE,pol3,mugam3,y97]*uspin[p2,y97]*vbspin[p1,y99]*e_[l2,l99]*
         e_[l8,l93]*d_(m99,m97)*FourPi^(-2)*I^9*gw*MHT^(-2) - 1/48*Log[
         MHT^2]*lamprime[f99]*yd[f6,f97]*lamprimebar[f6]*Ta[n95,l8,l2]*
         gam[y99,FIVE,y3]*gam[y3,p1,y4]*gam[y4,y7]*gam[y7,mugam3,y8]*
         gam[y8,pol3,mugam3,y97]*uspin[p2,y97]*vbspin[p1,y99]*e_[l2,l99
         ]*e_[l8,l93]*d_(m99,m97)*FourPi^(-2)*I^9*gw*MHT^(-2) + 1/96*
         Log[MHT^2]*lamprime[f99]*yd[f6,f97]*lamprimebar[f6]*Ta[n95,l8,
         l2]*gam[y99,FIVE,y3]*gam[y3,p2,y4]*gam[y4,FIVE,y7]*gam[y7,
         mugam3,y8]*gam[y8,FIVE,pol3,mugam3,y97]*uspin[p2,y97]*vbspin[
         p1,y99]*e_[l2,l99]*e_[l8,l93]*d_(m99,m97)*FourPi^(-2)*I^9*gw*
         MHT^(-2) + 1/96*Log[MHT^2]*lamprime[f99]*yd[f6,f97]*
         lamprimebar[f6]*Ta[n95,l8,l2]*gam[y99,FIVE,y3]*gam[y3,p2,y4]*
         gam[y4,FIVE,y7]*gam[y7,mugam3,y8]*gam[y8,pol3,mugam3,y97]*
         uspin[p2,y97]*vbspin[p1,y99]*e_[l2,l99]*e_[l8,l93]*d_(m99,m97)
         *FourPi^(-2)*I^9*gw*MHT^(-2) - 1/96*Log[MHT^2]*lamprime[f99]*
         yd[f6,f97]*lamprimebar[f6]*Ta[n95,l8,l2]*gam[y99,FIVE,y3]*gam[
         y3,p2,y4]*gam[y4,y7]*gam[y7,mugam3,y8]*gam[y8,FIVE,pol3,mugam3
         ,y97]*uspin[p2,y97]*vbspin[p1,y99]*e_[l2,l99]*e_[l8,l93]*
         d_(m99,m97)*FourPi^(-2)*I^9*gw*MHT^(-2) - 1/96*Log[MHT^2]*
         lamprime[f99]*yd[f6,f97]*lamprimebar[f6]*Ta[n95,l8,l2]*gam[y99
         ,FIVE,y3]*gam[y3,p2,y4]*gam[y4,y7]*gam[y7,mugam3,y8]*gam[y8,
         pol3,mugam3,y97]*uspin[p2,y97]*vbspin[p1,y99]*e_[l2,l99]*e_[l8
         ,l93]*d_(m99,m97)*FourPi^(-2)*I^9*gw*MHT^(-2) - 1/96*Log[MHT^2
         ]*lamprime[f99]*yd[f6,f97]*lamprimebar[f6]*Ta[n95,l8,l2]*gam[
         y99,FIVE,y3]*gam[y3,p4,y4]*gam[y4,FIVE,y7]*gam[y7,mugam3,y8]*
         gam[y8,FIVE,pol3,mugam3,y97]*uspin[p2,y97]*vbspin[p1,y99]*e_[
         l2,l99]*e_[l8,l93]*d_(m99,m97)*FourPi^(-2)*I^9*gw*MHT^(-2) - 1/
         96*Log[MHT^2]*lamprime[f99]*yd[f6,f97]*lamprimebar[f6]*Ta[n95,
         l8,l2]*gam[y99,FIVE,y3]*gam[y3,p4,y4]*gam[y4,FIVE,y7]*gam[y7,
         mugam3,y8]*gam[y8,pol3,mugam3,y97]*uspin[p2,y97]*vbspin[p1,y99
         ]*e_[l2,l99]*e_[l8,l93]*d_(m99,m97)*FourPi^(-2)*I^9*gw*
         MHT^(-2) + 1/96*Log[MHT^2]*lamprime[f99]*yd[f6,f97]*
         lamprimebar[f6]*Ta[n95,l8,l2]*gam[y99,FIVE,y3]*gam[y3,p4,y4]*
         gam[y4,y7]*gam[y7,mugam3,y8]*gam[y8,FIVE,pol3,mugam3,y97]*
         uspin[p2,y97]*vbspin[p1,y99]*e_[l2,l99]*e_[l8,l93]*d_(m99,m97)
         *FourPi^(-2)*I^9*gw*MHT^(-2) + 1/96*Log[MHT^2]*lamprime[f99]*
         yd[f6,f97]*lamprimebar[f6]*Ta[n95,l8,l2]*gam[y99,FIVE,y3]*gam[
         y3,p4,y4]*gam[y4,y7]*gam[y7,mugam3,y8]*gam[y8,pol3,mugam3,y97]
         *uspin[p2,y97]*vbspin[p1,y99]*e_[l2,l99]*e_[l8,l93]*
         d_(m99,m97)*FourPi^(-2)*I^9*gw*MHT^(-2) + 1/48*Log[MHT^2]*
         lamprime[f99]*yd[f6,f97]*lamprimebar[f6]*Ta[n95,l8,l2]*gam[y99
         ,FIVE,y3]*gam[y3,mugam2,y4]*gam[y4,FIVE,y7]*gam[y7,p1,y8]*gam[
         y8,FIVE,pol3,mugam2,y97]*uspin[p2,y97]*vbspin[p1,y99]*e_[l2,
         l99]*e_[l8,l93]*d_(m99,m97)*FourPi^(-2)*I^9*gw*MHT^(-2) + 1/48
         *Log[MHT^2]*lamprime[f99]*yd[f6,f97]*lamprimebar[f6]*Ta[n95,l8
         ,l2]*gam[y99,FIVE,y3]*gam[y3,mugam2,y4]*gam[y4,FIVE,y7]*gam[y7
         ,p1,y8]*gam[y8,pol3,mugam2,y97]*uspin[p2,y97]*vbspin[p1,y99]*
         e_[l2,l99]*e_[l8,l93]*d_(m99,m97)*FourPi^(-2)*I^9*gw*MHT^(-2)
          + 1/96*Log[MHT^2]*lamprime[f99]*yd[f6,f97]*lamprimebar[f6]*
         Ta[n95,l8,l2]*gam[y99,FIVE,y3]*gam[y3,mugam2,y4]*gam[y4,FIVE,
         y7]*gam[y7,p2,y8]*gam[y8,FIVE,pol3,mugam2,y97]*uspin[p2,y97]*
         vbspin[p1,y99]*e_[l2,l99]*e_[l8,l93]*d_(m99,m97)*FourPi^(-2)*
         I^9*gw*MHT^(-2) + 1/96*Log[MHT^2]*lamprime[f99]*yd[f6,f97]*
         lamprimebar[f6]*Ta[n95,l8,l2]*gam[y99,FIVE,y3]*gam[y3,mugam2,
         y4]*gam[y4,FIVE,y7]*gam[y7,p2,y8]*gam[y8,pol3,mugam2,y97]*
         uspin[p2,y97]*vbspin[p1,y99]*e_[l2,l99]*e_[l8,l93]*d_(m99,m97)
         *FourPi^(-2)*I^9*gw*MHT^(-2) + 1/48*Log[MHT^2]*lamprime[f99]*
         yd[f6,f97]*lamprimebar[f6]*Ta[n95,l8,l2]*gam[y99,FIVE,y3]*gam[
         y3,mugam2,y4]*gam[y4,FIVE,y7]*gam[y7,p4,y8]*gam[y8,FIVE,pol3,
         mugam2,y97]*uspin[p2,y97]*vbspin[p1,y99]*e_[l2,l99]*e_[l8,l93]
         *d_(m99,m97)*FourPi^(-2)*I^9*gw*MHT^(-2) + 1/48*Log[MHT^2]*
         lamprime[f99]*yd[f6,f97]*lamprimebar[f6]*Ta[n95,l8,l2]*gam[y99
         ,FIVE,y3]*gam[y3,mugam2,y4]*gam[y4,FIVE,y7]*gam[y7,p4,y8]*gam[
         y8,pol3,mugam2,y97]*uspin[p2,y97]*vbspin[p1,y99]*e_[l2,l99]*
         e_[l8,l93]*d_(m99,m97)*FourPi^(-2)*I^9*gw*MHT^(-2) - 1/48*Log[
         MHT^2]*lamprime[f99]*yd[f6,f97]*lamprimebar[f6]*Ta[n95,l8,l2]*
         gam[y99,FIVE,y3]*gam[y3,mugam2,y4]*gam[y4,y7]*gam[y7,p1,y8]*
         gam[y8,FIVE,pol3,mugam2,y97]*uspin[p2,y97]*vbspin[p1,y99]*e_[
         l2,l99]*e_[l8,l93]*d_(m99,m97)*FourPi^(-2)*I^9*gw*MHT^(-2) - 1/
         48*Log[MHT^2]*lamprime[f99]*yd[f6,f97]*lamprimebar[f6]*Ta[n95,
         l8,l2]*gam[y99,FIVE,y3]*gam[y3,mugam2,y4]*gam[y4,y7]*gam[y7,p1
         ,y8]*gam[y8,pol3,mugam2,y97]*uspin[p2,y97]*vbspin[p1,y99]*e_[
         l2,l99]*e_[l8,l93]*d_(m99,m97)*FourPi^(-2)*I^9*gw*MHT^(-2) - 1/
         96*Log[MHT^2]*lamprime[f99]*yd[f6,f97]*lamprimebar[f6]*Ta[n95,
         l8,l2]*gam[y99,FIVE,y3]*gam[y3,mugam2,y4]*gam[y4,y7]*gam[y7,p2
         ,y8]*gam[y8,FIVE,pol3,mugam2,y97]*uspin[p2,y97]*vbspin[p1,y99]
         *e_[l2,l99]*e_[l8,l93]*d_(m99,m97)*FourPi^(-2)*I^9*gw*MHT^(-2)
          - 1/96*Log[MHT^2]*lamprime[f99]*yd[f6,f97]*lamprimebar[f6]*
         Ta[n95,l8,l2]*gam[y99,FIVE,y3]*gam[y3,mugam2,y4]*gam[y4,y7]*
         gam[y7,p2,y8]*gam[y8,pol3,mugam2,y97]*uspin[p2,y97]*vbspin[p1,
         y99]*e_[l2,l99]*e_[l8,l93]*d_(m99,m97)*FourPi^(-2)*I^9*gw*
         MHT^(-2) - 1/48*Log[MHT^2]*lamprime[f99]*yd[f6,f97]*
         lamprimebar[f6]*Ta[n95,l8,l2]*gam[y99,FIVE,y3]*gam[y3,mugam2,
         y4]*gam[y4,y7]*gam[y7,p4,y8]*gam[y8,FIVE,pol3,mugam2,y97]*
         uspin[p2,y97]*vbspin[p1,y99]*e_[l2,l99]*e_[l8,l93]*d_(m99,m97)
         *FourPi^(-2)*I^9*gw*MHT^(-2) - 1/48*Log[MHT^2]*lamprime[f99]*
         yd[f6,f97]*lamprimebar[f6]*Ta[n95,l8,l2]*gam[y99,FIVE,y3]*gam[
         y3,mugam2,y4]*gam[y4,y7]*gam[y7,p4,y8]*gam[y8,pol3,mugam2,y97]
         *uspin[p2,y97]*vbspin[p1,y99]*e_[l2,l99]*e_[l8,l93]*
         d_(m99,m97)*FourPi^(-2)*I^9*gw*MHT^(-2) - 1/96*Log[MHT^2]*
         lamprime[f99]*yd[f6,f97]*lamprimebar[f6]*Ta[n95,l8,l2]*gam[y99
         ,FIVE,y3]*gam[y3,mugam3,y4]*gam[y4,FIVE,y7]*gam[y7,mugam3,y8]*
         gam[y8,FIVE,pol3,p1,y97]*uspin[p2,y97]*vbspin[p1,y99]*e_[l2,
         l99]*e_[l8,l93]*d_(m99,m97)*FourPi^(-2)*I^9*gw*MHT^(-2) - 1/48
         *Log[MHT^2]*lamprime[f99]*yd[f6,f97]*lamprimebar[f6]*Ta[n95,l8
         ,l2]*gam[y99,FIVE,y3]*gam[y3,mugam3,y4]*gam[y4,FIVE,y7]*gam[y7
         ,mugam3,y8]*gam[y8,FIVE,pol3,p2,y97]*uspin[p2,y97]*vbspin[p1,
         y99]*e_[l2,l99]*e_[l8,l93]*d_(m99,m97)*FourPi^(-2)*I^9*gw*
         MHT^(-2) - 1/96*Log[MHT^2]*lamprime[f99]*yd[f6,f97]*
         lamprimebar[f6]*Ta[n95,l8,l2]*gam[y99,FIVE,y3]*gam[y3,mugam3,
         y4]*gam[y4,FIVE,y7]*gam[y7,mugam3,y8]*gam[y8,FIVE,pol3,p4,y97]
         *uspin[p2,y97]*vbspin[p1,y99]*e_[l2,l99]*e_[l8,l93]*
         d_(m99,m97)*FourPi^(-2)*I^9*gw*MHT^(-2) - 1/96*Log[MHT^2]*
         lamprime[f99]*yd[f6,f97]*lamprimebar[f6]*Ta[n95,l8,l2]*gam[y99
         ,FIVE,y3]*gam[y3,mugam3,y4]*gam[y4,FIVE,y7]*gam[y7,mugam3,y8]*
         gam[y8,pol3,p1,y97]*uspin[p2,y97]*vbspin[p1,y99]*e_[l2,l99]*
         e_[l8,l93]*d_(m99,m97)*FourPi^(-2)*I^9*gw*MHT^(-2) - 1/48*Log[
         MHT^2]*lamprime[f99]*yd[f6,f97]*lamprimebar[f6]*Ta[n95,l8,l2]*
         gam[y99,FIVE,y3]*gam[y3,mugam3,y4]*gam[y4,FIVE,y7]*gam[y7,
         mugam3,y8]*gam[y8,pol3,p2,y97]*uspin[p2,y97]*vbspin[p1,y99]*
         e_[l2,l99]*e_[l8,l93]*d_(m99,m97)*FourPi^(-2)*I^9*gw*MHT^(-2)
          - 1/96*Log[MHT^2]*lamprime[f99]*yd[f6,f97]*lamprimebar[f6]*
         Ta[n95,l8,l2]*gam[y99,FIVE,y3]*gam[y3,mugam3,y4]*gam[y4,FIVE,
         y7]*gam[y7,mugam3,y8]*gam[y8,pol3,p4,y97]*uspin[p2,y97]*
         vbspin[p1,y99]*e_[l2,l99]*e_[l8,l93]*d_(m99,m97)*FourPi^(-2)*
         I^9*gw*MHT^(-2) + 1/96*Log[MHT^2]*lamprime[f99]*yd[f6,f97]*
         lamprimebar[f6]*Ta[n95,l8,l2]*gam[y99,FIVE,y3]*gam[y3,mugam3,
         y4]*gam[y4,y7]*gam[y7,mugam3,y8]*gam[y8,FIVE,pol3,p1,y97]*
         uspin[p2,y97]*vbspin[p1,y99]*e_[l2,l99]*e_[l8,l93]*d_(m99,m97)
         *FourPi^(-2)*I^9*gw*MHT^(-2) + 1/48*Log[MHT^2]*lamprime[f99]*
         yd[f6,f97]*lamprimebar[f6]*Ta[n95,l8,l2]*gam[y99,FIVE,y3]*gam[
         y3,mugam3,y4]*gam[y4,y7]*gam[y7,mugam3,y8]*gam[y8,FIVE,pol3,p2
         ,y97]*uspin[p2,y97]*vbspin[p1,y99]*e_[l2,l99]*e_[l8,l93]*
         d_(m99,m97)*FourPi^(-2)*I^9*gw*MHT^(-2) + 1/96*Log[MHT^2]*
         lamprime[f99]*yd[f6,f97]*lamprimebar[f6]*Ta[n95,l8,l2]*gam[y99
         ,FIVE,y3]*gam[y3,mugam3,y4]*gam[y4,y7]*gam[y7,mugam3,y8]*gam[
         y8,FIVE,pol3,p4,y97]*uspin[p2,y97]*vbspin[p1,y99]*e_[l2,l99]*
         e_[l8,l93]*d_(m99,m97)*FourPi^(-2)*I^9*gw*MHT^(-2) + 1/96*Log[
         MHT^2]*lamprime[f99]*yd[f6,f97]*lamprimebar[f6]*Ta[n95,l8,l2]*
         gam[y99,FIVE,y3]*gam[y3,mugam3,y4]*gam[y4,y7]*gam[y7,mugam3,y8
         ]*gam[y8,pol3,p1,y97]*uspin[p2,y97]*vbspin[p1,y99]*e_[l2,l99]*
         e_[l8,l93]*d_(m99,m97)*FourPi^(-2)*I^9*gw*MHT^(-2) + 1/48*Log[
         MHT^2]*lamprime[f99]*yd[f6,f97]*lamprimebar[f6]*Ta[n95,l8,l2]*
         gam[y99,FIVE,y3]*gam[y3,mugam3,y4]*gam[y4,y7]*gam[y7,mugam3,y8
         ]*gam[y8,pol3,p2,y97]*uspin[p2,y97]*vbspin[p1,y99]*e_[l2,l99]*
         e_[l8,l93]*d_(m99,m97)*FourPi^(-2)*I^9*gw*MHT^(-2) + 1/96*Log[
         MHT^2]*lamprime[f99]*yd[f6,f97]*lamprimebar[f6]*Ta[n95,l8,l2]*
         gam[y99,FIVE,y3]*gam[y3,mugam3,y4]*gam[y4,y7]*gam[y7,mugam3,y8
         ]*gam[y8,pol3,p4,y97]*uspin[p2,y97]*vbspin[p1,y99]*e_[l2,l99]*
         e_[l8,l93]*d_(m99,m97)*FourPi^(-2)*I^9*gw*MHT^(-2) + 1/48*Log[
         MHT^2]*lamprime[f99]*yd[f6,f97]*lamprimebar[f6]*Ta[n95,l8,l2]*
         gam[y99,y3]*gam[y3,p1,y4]*gam[y4,FIVE,y7]*gam[y7,mugam3,y8]*
         gam[y8,FIVE,pol3,mugam3,y97]*uspin[p2,y97]*vbspin[p1,y99]*e_[
         l2,l99]*e_[l8,l93]*d_(m99,m97)*FourPi^(-2)*I^9*gw*MHT^(-2) + 1/
         48*Log[MHT^2]*lamprime[f99]*yd[f6,f97]*lamprimebar[f6]*Ta[n95,
         l8,l2]*gam[y99,y3]*gam[y3,p1,y4]*gam[y4,FIVE,y7]*gam[y7,mugam3
         ,y8]*gam[y8,pol3,mugam3,y97]*uspin[p2,y97]*vbspin[p1,y99]*e_[
         l2,l99]*e_[l8,l93]*d_(m99,m97)*FourPi^(-2)*I^9*gw*MHT^(-2) - 1/
         48*Log[MHT^2]*lamprime[f99]*yd[f6,f97]*lamprimebar[f6]*Ta[n95,
         l8,l2]*gam[y99,y3]*gam[y3,p1,y4]*gam[y4,y7]*gam[y7,mugam3,y8]*
         gam[y8,FIVE,pol3,mugam3,y97]*uspin[p2,y97]*vbspin[p1,y99]*e_[
         l2,l99]*e_[l8,l93]*d_(m99,m97)*FourPi^(-2)*I^9*gw*MHT^(-2) - 1/
         48*Log[MHT^2]*lamprime[f99]*yd[f6,f97]*lamprimebar[f6]*Ta[n95,
         l8,l2]*gam[y99,y3]*gam[y3,p1,y4]*gam[y4,y7]*gam[y7,mugam3,y8]*
         gam[y8,pol3,mugam3,y97]*uspin[p2,y97]*vbspin[p1,y99]*e_[l2,l99
         ]*e_[l8,l93]*d_(m99,m97)*FourPi^(-2)*I^9*gw*MHT^(-2) + 1/96*
         Log[MHT^2]*lamprime[f99]*yd[f6,f97]*lamprimebar[f6]*Ta[n95,l8,
         l2]*gam[y99,y3]*gam[y3,p2,y4]*gam[y4,FIVE,y7]*gam[y7,mugam3,y8
         ]*gam[y8,FIVE,pol3,mugam3,y97]*uspin[p2,y97]*vbspin[p1,y99]*
         e_[l2,l99]*e_[l8,l93]*d_(m99,m97)*FourPi^(-2)*I^9*gw*MHT^(-2)
          + 1/96*Log[MHT^2]*lamprime[f99]*yd[f6,f97]*lamprimebar[f6]*
         Ta[n95,l8,l2]*gam[y99,y3]*gam[y3,p2,y4]*gam[y4,FIVE,y7]*gam[y7
         ,mugam3,y8]*gam[y8,pol3,mugam3,y97]*uspin[p2,y97]*vbspin[p1,
         y99]*e_[l2,l99]*e_[l8,l93]*d_(m99,m97)*FourPi^(-2)*I^9*gw*
         MHT^(-2) - 1/96*Log[MHT^2]*lamprime[f99]*yd[f6,f97]*
         lamprimebar[f6]*Ta[n95,l8,l2]*gam[y99,y3]*gam[y3,p2,y4]*gam[y4
         ,y7]*gam[y7,mugam3,y8]*gam[y8,FIVE,pol3,mugam3,y97]*uspin[p2,
         y97]*vbspin[p1,y99]*e_[l2,l99]*e_[l8,l93]*d_(m99,m97)*
         FourPi^(-2)*I^9*gw*MHT^(-2) - 1/96*Log[MHT^2]*lamprime[f99]*
         yd[f6,f97]*lamprimebar[f6]*Ta[n95,l8,l2]*gam[y99,y3]*gam[y3,p2
         ,y4]*gam[y4,y7]*gam[y7,mugam3,y8]*gam[y8,pol3,mugam3,y97]*
         uspin[p2,y97]*vbspin[p1,y99]*e_[l2,l99]*e_[l8,l93]*d_(m99,m97)
         *FourPi^(-2)*I^9*gw*MHT^(-2) - 1/96*Log[MHT^2]*lamprime[f99]*
         yd[f6,f97]*lamprimebar[f6]*Ta[n95,l8,l2]*gam[y99,y3]*gam[y3,p4
         ,y4]*gam[y4,FIVE,y7]*gam[y7,mugam3,y8]*gam[y8,FIVE,pol3,mugam3
         ,y97]*uspin[p2,y97]*vbspin[p1,y99]*e_[l2,l99]*e_[l8,l93]*
         d_(m99,m97)*FourPi^(-2)*I^9*gw*MHT^(-2) - 1/96*Log[MHT^2]*
         lamprime[f99]*yd[f6,f97]*lamprimebar[f6]*Ta[n95,l8,l2]*gam[y99
         ,y3]*gam[y3,p4,y4]*gam[y4,FIVE,y7]*gam[y7,mugam3,y8]*gam[y8,
         pol3,mugam3,y97]*uspin[p2,y97]*vbspin[p1,y99]*e_[l2,l99]*e_[l8
         ,l93]*d_(m99,m97)*FourPi^(-2)*I^9*gw*MHT^(-2) + 1/96*Log[MHT^2
         ]*lamprime[f99]*yd[f6,f97]*lamprimebar[f6]*Ta[n95,l8,l2]*gam[
         y99,y3]*gam[y3,p4,y4]*gam[y4,y7]*gam[y7,mugam3,y8]*gam[y8,FIVE
         ,pol3,mugam3,y97]*uspin[p2,y97]*vbspin[p1,y99]*e_[l2,l99]*e_[
         l8,l93]*d_(m99,m97)*FourPi^(-2)*I^9*gw*MHT^(-2) + 1/96*Log[
         MHT^2]*lamprime[f99]*yd[f6,f97]*lamprimebar[f6]*Ta[n95,l8,l2]*
         gam[y99,y3]*gam[y3,p4,y4]*gam[y4,y7]*gam[y7,mugam3,y8]*gam[y8,
         pol3,mugam3,y97]*uspin[p2,y97]*vbspin[p1,y99]*e_[l2,l99]*e_[l8
         ,l93]*d_(m99,m97)*FourPi^(-2)*I^9*gw*MHT^(-2) + 1/48*Log[MHT^2
         ]*lamprime[f99]*yd[f6,f97]*lamprimebar[f6]*Ta[n95,l8,l2]*gam[
         y99,y3]*gam[y3,mugam2,y4]*gam[y4,FIVE,y7]*gam[y7,p1,y8]*gam[y8
         ,FIVE,pol3,mugam2,y97]*uspin[p2,y97]*vbspin[p1,y99]*e_[l2,l99]
         *e_[l8,l93]*d_(m99,m97)*FourPi^(-2)*I^9*gw*MHT^(-2) + 1/48*
         Log[MHT^2]*lamprime[f99]*yd[f6,f97]*lamprimebar[f6]*Ta[n95,l8,
         l2]*gam[y99,y3]*gam[y3,mugam2,y4]*gam[y4,FIVE,y7]*gam[y7,p1,y8
         ]*gam[y8,pol3,mugam2,y97]*uspin[p2,y97]*vbspin[p1,y99]*e_[l2,
         l99]*e_[l8,l93]*d_(m99,m97)*FourPi^(-2)*I^9*gw*MHT^(-2) + 1/96
         *Log[MHT^2]*lamprime[f99]*yd[f6,f97]*lamprimebar[f6]*Ta[n95,l8
         ,l2]*gam[y99,y3]*gam[y3,mugam2,y4]*gam[y4,FIVE,y7]*gam[y7,p2,
         y8]*gam[y8,FIVE,pol3,mugam2,y97]*uspin[p2,y97]*vbspin[p1,y99]*
         e_[l2,l99]*e_[l8,l93]*d_(m99,m97)*FourPi^(-2)*I^9*gw*MHT^(-2)
          + 1/96*Log[MHT^2]*lamprime[f99]*yd[f6,f97]*lamprimebar[f6]*
         Ta[n95,l8,l2]*gam[y99,y3]*gam[y3,mugam2,y4]*gam[y4,FIVE,y7]*
         gam[y7,p2,y8]*gam[y8,pol3,mugam2,y97]*uspin[p2,y97]*vbspin[p1,
         y99]*e_[l2,l99]*e_[l8,l93]*d_(m99,m97)*FourPi^(-2)*I^9*gw*
         MHT^(-2) + 1/48*Log[MHT^2]*lamprime[f99]*yd[f6,f97]*
         lamprimebar[f6]*Ta[n95,l8,l2]*gam[y99,y3]*gam[y3,mugam2,y4]*
         gam[y4,FIVE,y7]*gam[y7,p4,y8]*gam[y8,FIVE,pol3,mugam2,y97]*
         uspin[p2,y97]*vbspin[p1,y99]*e_[l2,l99]*e_[l8,l93]*d_(m99,m97)
         *FourPi^(-2)*I^9*gw*MHT^(-2) + 1/48*Log[MHT^2]*lamprime[f99]*
         yd[f6,f97]*lamprimebar[f6]*Ta[n95,l8,l2]*gam[y99,y3]*gam[y3,
         mugam2,y4]*gam[y4,FIVE,y7]*gam[y7,p4,y8]*gam[y8,pol3,mugam2,
         y97]*uspin[p2,y97]*vbspin[p1,y99]*e_[l2,l99]*e_[l8,l93]*
         d_(m99,m97)*FourPi^(-2)*I^9*gw*MHT^(-2) - 1/48*Log[MHT^2]*
         lamprime[f99]*yd[f6,f97]*lamprimebar[f6]*Ta[n95,l8,l2]*gam[y99
         ,y3]*gam[y3,mugam2,y4]*gam[y4,y7]*gam[y7,p1,y8]*gam[y8,FIVE,
         pol3,mugam2,y97]*uspin[p2,y97]*vbspin[p1,y99]*e_[l2,l99]*e_[l8
         ,l93]*d_(m99,m97)*FourPi^(-2)*I^9*gw*MHT^(-2) - 1/48*Log[MHT^2
         ]*lamprime[f99]*yd[f6,f97]*lamprimebar[f6]*Ta[n95,l8,l2]*gam[
         y99,y3]*gam[y3,mugam2,y4]*gam[y4,y7]*gam[y7,p1,y8]*gam[y8,pol3
         ,mugam2,y97]*uspin[p2,y97]*vbspin[p1,y99]*e_[l2,l99]*e_[l8,l93
         ]*d_(m99,m97)*FourPi^(-2)*I^9*gw*MHT^(-2) - 1/96*Log[MHT^2]*
         lamprime[f99]*yd[f6,f97]*lamprimebar[f6]*Ta[n95,l8,l2]*gam[y99
         ,y3]*gam[y3,mugam2,y4]*gam[y4,y7]*gam[y7,p2,y8]*gam[y8,FIVE,
         pol3,mugam2,y97]*uspin[p2,y97]*vbspin[p1,y99]*e_[l2,l99]*e_[l8
         ,l93]*d_(m99,m97)*FourPi^(-2)*I^9*gw*MHT^(-2) - 1/96*Log[MHT^2
         ]*lamprime[f99]*yd[f6,f97]*lamprimebar[f6]*Ta[n95,l8,l2]*gam[
         y99,y3]*gam[y3,mugam2,y4]*gam[y4,y7]*gam[y7,p2,y8]*gam[y8,pol3
         ,mugam2,y97]*uspin[p2,y97]*vbspin[p1,y99]*e_[l2,l99]*e_[l8,l93
         ]*d_(m99,m97)*FourPi^(-2)*I^9*gw*MHT^(-2) - 1/48*Log[MHT^2]*
         lamprime[f99]*yd[f6,f97]*lamprimebar[f6]*Ta[n95,l8,l2]*gam[y99
         ,y3]*gam[y3,mugam2,y4]*gam[y4,y7]*gam[y7,p4,y8]*gam[y8,FIVE,
         pol3,mugam2,y97]*uspin[p2,y97]*vbspin[p1,y99]*e_[l2,l99]*e_[l8
         ,l93]*d_(m99,m97)*FourPi^(-2)*I^9*gw*MHT^(-2) - 1/48*Log[MHT^2
         ]*lamprime[f99]*yd[f6,f97]*lamprimebar[f6]*Ta[n95,l8,l2]*gam[
         y99,y3]*gam[y3,mugam2,y4]*gam[y4,y7]*gam[y7,p4,y8]*gam[y8,pol3
         ,mugam2,y97]*uspin[p2,y97]*vbspin[p1,y99]*e_[l2,l99]*e_[l8,l93
         ]*d_(m99,m97)*FourPi^(-2)*I^9*gw*MHT^(-2) - 1/96*Log[MHT^2]*
         lamprime[f99]*yd[f6,f97]*lamprimebar[f6]*Ta[n95,l8,l2]*gam[y99
         ,y3]*gam[y3,mugam3,y4]*gam[y4,FIVE,y7]*gam[y7,mugam3,y8]*gam[
         y8,FIVE,pol3,p1,y97]*uspin[p2,y97]*vbspin[p1,y99]*e_[l2,l99]*
         e_[l8,l93]*d_(m99,m97)*FourPi^(-2)*I^9*gw*MHT^(-2) - 1/48*Log[
         MHT^2]*lamprime[f99]*yd[f6,f97]*lamprimebar[f6]*Ta[n95,l8,l2]*
         gam[y99,y3]*gam[y3,mugam3,y4]*gam[y4,FIVE,y7]*gam[y7,mugam3,y8
         ]*gam[y8,FIVE,pol3,p2,y97]*uspin[p2,y97]*vbspin[p1,y99]*e_[l2,
         l99]*e_[l8,l93]*d_(m99,m97)*FourPi^(-2)*I^9*gw*MHT^(-2) - 1/96
         *Log[MHT^2]*lamprime[f99]*yd[f6,f97]*lamprimebar[f6]*Ta[n95,l8
         ,l2]*gam[y99,y3]*gam[y3,mugam3,y4]*gam[y4,FIVE,y7]*gam[y7,
         mugam3,y8]*gam[y8,FIVE,pol3,p4,y97]*uspin[p2,y97]*vbspin[p1,
         y99]*e_[l2,l99]*e_[l8,l93]*d_(m99,m97)*FourPi^(-2)*I^9*gw*
         MHT^(-2) - 1/96*Log[MHT^2]*lamprime[f99]*yd[f6,f97]*
         lamprimebar[f6]*Ta[n95,l8,l2]*gam[y99,y3]*gam[y3,mugam3,y4]*
         gam[y4,FIVE,y7]*gam[y7,mugam3,y8]*gam[y8,pol3,p1,y97]*uspin[p2
         ,y97]*vbspin[p1,y99]*e_[l2,l99]*e_[l8,l93]*d_(m99,m97)*
         FourPi^(-2)*I^9*gw*MHT^(-2) - 1/48*Log[MHT^2]*lamprime[f99]*
         yd[f6,f97]*lamprimebar[f6]*Ta[n95,l8,l2]*gam[y99,y3]*gam[y3,
         mugam3,y4]*gam[y4,FIVE,y7]*gam[y7,mugam3,y8]*gam[y8,pol3,p2,
         y97]*uspin[p2,y97]*vbspin[p1,y99]*e_[l2,l99]*e_[l8,l93]*
         d_(m99,m97)*FourPi^(-2)*I^9*gw*MHT^(-2) - 1/96*Log[MHT^2]*
         lamprime[f99]*yd[f6,f97]*lamprimebar[f6]*Ta[n95,l8,l2]*gam[y99
         ,y3]*gam[y3,mugam3,y4]*gam[y4,FIVE,y7]*gam[y7,mugam3,y8]*gam[
         y8,pol3,p4,y97]*uspin[p2,y97]*vbspin[p1,y99]*e_[l2,l99]*e_[l8,
         l93]*d_(m99,m97)*FourPi^(-2)*I^9*gw*MHT^(-2) + 1/96*Log[MHT^2]
         *lamprime[f99]*yd[f6,f97]*lamprimebar[f6]*Ta[n95,l8,l2]*gam[
         y99,y3]*gam[y3,mugam3,y4]*gam[y4,y7]*gam[y7,mugam3,y8]*gam[y8,
         FIVE,pol3,p1,y97]*uspin[p2,y97]*vbspin[p1,y99]*e_[l2,l99]*e_[
         l8,l93]*d_(m99,m97)*FourPi^(-2)*I^9*gw*MHT^(-2) + 1/48*Log[
         MHT^2]*lamprime[f99]*yd[f6,f97]*lamprimebar[f6]*Ta[n95,l8,l2]*
         gam[y99,y3]*gam[y3,mugam3,y4]*gam[y4,y7]*gam[y7,mugam3,y8]*
         gam[y8,FIVE,pol3,p2,y97]*uspin[p2,y97]*vbspin[p1,y99]*e_[l2,
         l99]*e_[l8,l93]*d_(m99,m97)*FourPi^(-2)*I^9*gw*MHT^(-2) + 1/96
         *Log[MHT^2]*lamprime[f99]*yd[f6,f97]*lamprimebar[f6]*Ta[n95,l8
         ,l2]*gam[y99,y3]*gam[y3,mugam3,y4]*gam[y4,y7]*gam[y7,mugam3,y8
         ]*gam[y8,FIVE,pol3,p4,y97]*uspin[p2,y97]*vbspin[p1,y99]*e_[l2,
         l99]*e_[l8,l93]*d_(m99,m97)*FourPi^(-2)*I^9*gw*MHT^(-2) + 1/96
         *Log[MHT^2]*lamprime[f99]*yd[f6,f97]*lamprimebar[f6]*Ta[n95,l8
         ,l2]*gam[y99,y3]*gam[y3,mugam3,y4]*gam[y4,y7]*gam[y7,mugam3,y8
         ]*gam[y8,pol3,p1,y97]*uspin[p2,y97]*vbspin[p1,y99]*e_[l2,l99]*
         e_[l8,l93]*d_(m99,m97)*FourPi^(-2)*I^9*gw*MHT^(-2) + 1/48*Log[
         MHT^2]*lamprime[f99]*yd[f6,f97]*lamprimebar[f6]*Ta[n95,l8,l2]*
         gam[y99,y3]*gam[y3,mugam3,y4]*gam[y4,y7]*gam[y7,mugam3,y8]*
         gam[y8,pol3,p2,y97]*uspin[p2,y97]*vbspin[p1,y99]*e_[l2,l99]*
         e_[l8,l93]*d_(m99,m97)*FourPi^(-2)*I^9*gw*MHT^(-2) + 1/96*Log[
         MHT^2]*lamprime[f99]*yd[f6,f97]*lamprimebar[f6]*Ta[n95,l8,l2]*
         gam[y99,y3]*gam[y3,mugam3,y4]*gam[y4,y7]*gam[y7,mugam3,y8]*
         gam[y8,pol3,p4,y97]*uspin[p2,y97]*vbspin[p1,y99]*e_[l2,l99]*
         e_[l8,l93]*d_(m99,m97)*FourPi^(-2)*I^9*gw*MHT^(-2) - 1/3*Log[
         MHT^2]*lamprime[f99]*yd[f8,f97]*lamprimebar[f8]*Ta[n95,l6,l2]*
         gam[y99,FIVE,y97]*uspin[p2,y97]*vbspin[p1,y99]*e_[l2,l99]*e_[
         l93,l6]*d_(m99,m97)*p1.pol3*FourPi^(-2)*I^9*gw*MHT^(-2) - 1/3*
         Log[MHT^2]*lamprime[f99]*yd[f8,f97]*lamprimebar[f8]*Ta[n95,l6,
         l2]*gam[y99,FIVE,y97]*uspin[p2,y97]*vbspin[p1,y99]*e_[l2,l99]*
         e_[l93,l6]*d_(m99,m97)*p4.pol3*FourPi^(-2)*I^9*gw*MHT^(-2) - 1/
         6*Log[MHT^2]*lamprime[f99]*yd[f8,f97]*lamprimebar[f8]*Ta[n95,
         l6,l2]*gam[y99,FIVE,y97]*uspin[p2,y97]*vbspin[p1,y99]*e_[l2,
         l99]*e_[l93,l6]*d_(m99,m97)*pol3.p3*FourPi^(-2)*I^9*gw*
         MHT^(-2) + 1/12*Log[MHT^2]*lamprime[f99]*yd[f8,f97]*
         lamprimebar[f8]*Ta[n95,l6,l2]*gam[y99,FIVE,y3]*gam[y3,FIVE,
         pol3,p1,y97]*uspin[p2,y97]*vbspin[p1,y99]*e_[l2,l99]*e_[l93,l6
         ]*d_(m99,m97)*FourPi^(-2)*I^9*gw*MHT^(-2) + 1/12*Log[MHT^2]*
         lamprime[f99]*yd[f8,f97]*lamprimebar[f8]*Ta[n95,l6,l2]*gam[y99
         ,FIVE,y3]*gam[y3,FIVE,pol3,p4,y97]*uspin[p2,y97]*vbspin[p1,y99
         ]*e_[l2,l99]*e_[l93,l6]*d_(m99,m97)*FourPi^(-2)*I^9*gw*
         MHT^(-2) + 1/24*Log[MHT^2]*lamprime[f99]*yd[f8,f97]*
         lamprimebar[f8]*Ta[n95,l6,l2]*gam[y99,FIVE,y3]*gam[y3,FIVE,
         pol3,p3,y97]*uspin[p2,y97]*vbspin[p1,y99]*e_[l2,l99]*e_[l93,l6
         ]*d_(m99,m97)*FourPi^(-2)*I^9*gw*MHT^(-2) + 1/24*Log[MHT^2]*
         lamprime[f99]*yd[f8,f97]*lamprimebar[f8]*Ta[n95,l6,l2]*gam[y99
         ,FIVE,y3]*gam[y3,p1,y4]*gam[y4,FIVE,y7]*gam[y7,FIVE,pol3,y97]*
         uspin[p2,y97]*vbspin[p1,y99]*e_[l2,l99]*e_[l93,l6]*d_(m99,m97)
         *FourPi^(-2)*I^9*gw*MHT^(-2) - 1/24*Log[MHT^2]*lamprime[f99]*
         yd[f8,f97]*lamprimebar[f8]*Ta[n95,l6,l2]*gam[y99,FIVE,y3]*gam[
         y3,p1,y4]*gam[y4,FIVE,y7]*gam[y7,pol3,y97]*uspin[p2,y97]*
         vbspin[p1,y99]*e_[l2,l99]*e_[l93,l6]*d_(m99,m97)*FourPi^(-2)*
         I^9*gw*MHT^(-2) - 1/24*Log[MHT^2]*lamprime[f99]*yd[f8,f97]*
         lamprimebar[f8]*Ta[n95,l6,l2]*gam[y99,FIVE,y3]*gam[y3,p1,y4]*
         gam[y4,y7]*gam[y7,FIVE,pol3,y97]*uspin[p2,y97]*vbspin[p1,y99]*
         e_[l2,l99]*e_[l93,l6]*d_(m99,m97)*FourPi^(-2)*I^9*gw*MHT^(-2)
          + 1/24*Log[MHT^2]*lamprime[f99]*yd[f8,f97]*lamprimebar[f8]*
         Ta[n95,l6,l2]*gam[y99,FIVE,y3]*gam[y3,p1,y4]*gam[y4,y7]*gam[y7
         ,pol3,y97]*uspin[p2,y97]*vbspin[p1,y99]*e_[l2,l99]*e_[l93,l6]*
         d_(m99,m97)*FourPi^(-2)*I^9*gw*MHT^(-2) - 1/48*Log[MHT^2]*
         lamprime[f99]*yd[f8,f97]*lamprimebar[f8]*Ta[n95,l6,l2]*gam[y99
         ,FIVE,y3]*gam[y3,p4,y4]*gam[y4,FIVE,y7]*gam[y7,FIVE,pol3,y97]*
         uspin[p2,y97]*vbspin[p1,y99]*e_[l2,l99]*e_[l93,l6]*d_(m99,m97)
         *FourPi^(-2)*I^9*gw*MHT^(-2) + 1/48*Log[MHT^2]*lamprime[f99]*
         yd[f8,f97]*lamprimebar[f8]*Ta[n95,l6,l2]*gam[y99,FIVE,y3]*gam[
         y3,p4,y4]*gam[y4,FIVE,y7]*gam[y7,pol3,y97]*uspin[p2,y97]*
         vbspin[p1,y99]*e_[l2,l99]*e_[l93,l6]*d_(m99,m97)*FourPi^(-2)*
         I^9*gw*MHT^(-2) + 1/48*Log[MHT^2]*lamprime[f99]*yd[f8,f97]*
         lamprimebar[f8]*Ta[n95,l6,l2]*gam[y99,FIVE,y3]*gam[y3,p4,y4]*
         gam[y4,y7]*gam[y7,FIVE,pol3,y97]*uspin[p2,y97]*vbspin[p1,y99]*
         e_[l2,l99]*e_[l93,l6]*d_(m99,m97)*FourPi^(-2)*I^9*gw*MHT^(-2)
          - 1/48*Log[MHT^2]*lamprime[f99]*yd[f8,f97]*lamprimebar[f8]*
         Ta[n95,l6,l2]*gam[y99,FIVE,y3]*gam[y3,p4,y4]*gam[y4,y7]*gam[y7
         ,pol3,y97]*uspin[p2,y97]*vbspin[p1,y99]*e_[l2,l99]*e_[l93,l6]*
         d_(m99,m97)*FourPi^(-2)*I^9*gw*MHT^(-2) + 1/12*Log[MHT^2]*
         lamprime[f99]*yd[f8,f97]*lamprimebar[f8]*Ta[n95,l6,l2]*gam[y99
         ,FIVE,y3]*gam[y3,pol3,p1,y97]*uspin[p2,y97]*vbspin[p1,y99]*e_[
         l2,l99]*e_[l93,l6]*d_(m99,m97)*FourPi^(-2)*I^9*gw*MHT^(-2) + 1/
         12*Log[MHT^2]*lamprime[f99]*yd[f8,f97]*lamprimebar[f8]*Ta[n95,
         l6,l2]*gam[y99,FIVE,y3]*gam[y3,pol3,p4,y97]*uspin[p2,y97]*
         vbspin[p1,y99]*e_[l2,l99]*e_[l93,l6]*d_(m99,m97)*FourPi^(-2)*
         I^9*gw*MHT^(-2) + 1/24*Log[MHT^2]*lamprime[f99]*yd[f8,f97]*
         lamprimebar[f8]*Ta[n95,l6,l2]*gam[y99,FIVE,y3]*gam[y3,pol3,p3,
         y97]*uspin[p2,y97]*vbspin[p1,y99]*e_[l2,l99]*e_[l93,l6]*
         d_(m99,m97)*FourPi^(-2)*I^9*gw*MHT^(-2) + 1/48*Log[MHT^2]*
         lamprime[f99]*yd[f8,f97]*lamprimebar[f8]*Ta[n95,l6,l2]*gam[y99
         ,FIVE,y3]*gam[y3,p3,y4]*gam[y4,FIVE,y7]*gam[y7,FIVE,pol3,y97]*
         uspin[p2,y97]*vbspin[p1,y99]*e_[l2,l99]*e_[l93,l6]*d_(m99,m97)
         *FourPi^(-2)*I^9*gw*MHT^(-2) - 1/48*Log[MHT^2]*lamprime[f99]*
         yd[f8,f97]*lamprimebar[f8]*Ta[n95,l6,l2]*gam[y99,FIVE,y3]*gam[
         y3,p3,y4]*gam[y4,FIVE,y7]*gam[y7,pol3,y97]*uspin[p2,y97]*
         vbspin[p1,y99]*e_[l2,l99]*e_[l93,l6]*d_(m99,m97)*FourPi^(-2)*
         I^9*gw*MHT^(-2) - 1/48*Log[MHT^2]*lamprime[f99]*yd[f8,f97]*
         lamprimebar[f8]*Ta[n95,l6,l2]*gam[y99,FIVE,y3]*gam[y3,p3,y4]*
         gam[y4,y7]*gam[y7,FIVE,pol3,y97]*uspin[p2,y97]*vbspin[p1,y99]*
         e_[l2,l99]*e_[l93,l6]*d_(m99,m97)*FourPi^(-2)*I^9*gw*MHT^(-2)
          + 1/48*Log[MHT^2]*lamprime[f99]*yd[f8,f97]*lamprimebar[f8]*
         Ta[n95,l6,l2]*gam[y99,FIVE,y3]*gam[y3,p3,y4]*gam[y4,y7]*gam[y7
         ,pol3,y97]*uspin[p2,y97]*vbspin[p1,y99]*e_[l2,l99]*e_[l93,l6]*
         d_(m99,m97)*FourPi^(-2)*I^9*gw*MHT^(-2) - 1/3*Log[MHT^2]*
         lamprime[f99]*yd[f8,f97]*lamprimebar[f8]*Ta[n95,l6,l2]*gam[y99
         ,y97]*uspin[p2,y97]*vbspin[p1,y99]*e_[l2,l99]*e_[l93,l6]*
         d_(m99,m97)*p1.pol3*FourPi^(-2)*I^9*gw*MHT^(-2) - 1/3*Log[
         MHT^2]*lamprime[f99]*yd[f8,f97]*lamprimebar[f8]*Ta[n95,l6,l2]*
         gam[y99,y97]*uspin[p2,y97]*vbspin[p1,y99]*e_[l2,l99]*e_[l93,l6
         ]*d_(m99,m97)*p4.pol3*FourPi^(-2)*I^9*gw*MHT^(-2) - 1/6*Log[
         MHT^2]*lamprime[f99]*yd[f8,f97]*lamprimebar[f8]*Ta[n95,l6,l2]*
         gam[y99,y97]*uspin[p2,y97]*vbspin[p1,y99]*e_[l2,l99]*e_[l93,l6
         ]*d_(m99,m97)*pol3.p3*FourPi^(-2)*I^9*gw*MHT^(-2) + 1/12*Log[
         MHT^2]*lamprime[f99]*yd[f8,f97]*lamprimebar[f8]*Ta[n95,l6,l2]*
         gam[y99,y3]*gam[y3,FIVE,pol3,p1,y97]*uspin[p2,y97]*vbspin[p1,
         y99]*e_[l2,l99]*e_[l93,l6]*d_(m99,m97)*FourPi^(-2)*I^9*gw*
         MHT^(-2) + 1/12*Log[MHT^2]*lamprime[f99]*yd[f8,f97]*
         lamprimebar[f8]*Ta[n95,l6,l2]*gam[y99,y3]*gam[y3,FIVE,pol3,p4,
         y97]*uspin[p2,y97]*vbspin[p1,y99]*e_[l2,l99]*e_[l93,l6]*
         d_(m99,m97)*FourPi^(-2)*I^9*gw*MHT^(-2) + 1/24*Log[MHT^2]*
         lamprime[f99]*yd[f8,f97]*lamprimebar[f8]*Ta[n95,l6,l2]*gam[y99
         ,y3]*gam[y3,FIVE,pol3,p3,y97]*uspin[p2,y97]*vbspin[p1,y99]*e_[
         l2,l99]*e_[l93,l6]*d_(m99,m97)*FourPi^(-2)*I^9*gw*MHT^(-2) + 1/
         24*Log[MHT^2]*lamprime[f99]*yd[f8,f97]*lamprimebar[f8]*Ta[n95,
         l6,l2]*gam[y99,y3]*gam[y3,p1,y4]*gam[y4,FIVE,y7]*gam[y7,FIVE,
         pol3,y97]*uspin[p2,y97]*vbspin[p1,y99]*e_[l2,l99]*e_[l93,l6]*
         d_(m99,m97)*FourPi^(-2)*I^9*gw*MHT^(-2) - 1/24*Log[MHT^2]*
         lamprime[f99]*yd[f8,f97]*lamprimebar[f8]*Ta[n95,l6,l2]*gam[y99
         ,y3]*gam[y3,p1,y4]*gam[y4,FIVE,y7]*gam[y7,pol3,y97]*uspin[p2,
         y97]*vbspin[p1,y99]*e_[l2,l99]*e_[l93,l6]*d_(m99,m97)*
         FourPi^(-2)*I^9*gw*MHT^(-2) - 1/24*Log[MHT^2]*lamprime[f99]*
         yd[f8,f97]*lamprimebar[f8]*Ta[n95,l6,l2]*gam[y99,y3]*gam[y3,p1
         ,y4]*gam[y4,y7]*gam[y7,FIVE,pol3,y97]*uspin[p2,y97]*vbspin[p1,
         y99]*e_[l2,l99]*e_[l93,l6]*d_(m99,m97)*FourPi^(-2)*I^9*gw*
         MHT^(-2) + 1/24*Log[MHT^2]*lamprime[f99]*yd[f8,f97]*
         lamprimebar[f8]*Ta[n95,l6,l2]*gam[y99,y3]*gam[y3,p1,y4]*gam[y4
         ,y7]*gam[y7,pol3,y97]*uspin[p2,y97]*vbspin[p1,y99]*e_[l2,l99]*
         e_[l93,l6]*d_(m99,m97)*FourPi^(-2)*I^9*gw*MHT^(-2) - 1/48*Log[
         MHT^2]*lamprime[f99]*yd[f8,f97]*lamprimebar[f8]*Ta[n95,l6,l2]*
         gam[y99,y3]*gam[y3,p4,y4]*gam[y4,FIVE,y7]*gam[y7,FIVE,pol3,y97
         ]*uspin[p2,y97]*vbspin[p1,y99]*e_[l2,l99]*e_[l93,l6]*
         d_(m99,m97)*FourPi^(-2)*I^9*gw*MHT^(-2) + 1/48*Log[MHT^2]*
         lamprime[f99]*yd[f8,f97]*lamprimebar[f8]*Ta[n95,l6,l2]*gam[y99
         ,y3]*gam[y3,p4,y4]*gam[y4,FIVE,y7]*gam[y7,pol3,y97]*uspin[p2,
         y97]*vbspin[p1,y99]*e_[l2,l99]*e_[l93,l6]*d_(m99,m97)*
         FourPi^(-2)*I^9*gw*MHT^(-2) + 1/48*Log[MHT^2]*lamprime[f99]*
         yd[f8,f97]*lamprimebar[f8]*Ta[n95,l6,l2]*gam[y99,y3]*gam[y3,p4
         ,y4]*gam[y4,y7]*gam[y7,FIVE,pol3,y97]*uspin[p2,y97]*vbspin[p1,
         y99]*e_[l2,l99]*e_[l93,l6]*d_(m99,m97)*FourPi^(-2)*I^9*gw*
         MHT^(-2) - 1/48*Log[MHT^2]*lamprime[f99]*yd[f8,f97]*
         lamprimebar[f8]*Ta[n95,l6,l2]*gam[y99,y3]*gam[y3,p4,y4]*gam[y4
         ,y7]*gam[y7,pol3,y97]*uspin[p2,y97]*vbspin[p1,y99]*e_[l2,l99]*
         e_[l93,l6]*d_(m99,m97)*FourPi^(-2)*I^9*gw*MHT^(-2) + 1/12*Log[
         MHT^2]*lamprime[f99]*yd[f8,f97]*lamprimebar[f8]*Ta[n95,l6,l2]*
         gam[y99,y3]*gam[y3,pol3,p1,y97]*uspin[p2,y97]*vbspin[p1,y99]*
         e_[l2,l99]*e_[l93,l6]*d_(m99,m97)*FourPi^(-2)*I^9*gw*MHT^(-2)
          + 1/12*Log[MHT^2]*lamprime[f99]*yd[f8,f97]*lamprimebar[f8]*
         Ta[n95,l6,l2]*gam[y99,y3]*gam[y3,pol3,p4,y97]*uspin[p2,y97]*
         vbspin[p1,y99]*e_[l2,l99]*e_[l93,l6]*d_(m99,m97)*FourPi^(-2)*
         I^9*gw*MHT^(-2) + 1/24*Log[MHT^2]*lamprime[f99]*yd[f8,f97]*
         lamprimebar[f8]*Ta[n95,l6,l2]*gam[y99,y3]*gam[y3,pol3,p3,y97]*
         uspin[p2,y97]*vbspin[p1,y99]*e_[l2,l99]*e_[l93,l6]*d_(m99,m97)
         *FourPi^(-2)*I^9*gw*MHT^(-2) + 1/48*Log[MHT^2]*lamprime[f99]*
         yd[f8,f97]*lamprimebar[f8]*Ta[n95,l6,l2]*gam[y99,y3]*gam[y3,p3
         ,y4]*gam[y4,FIVE,y7]*gam[y7,FIVE,pol3,y97]*uspin[p2,y97]*
         vbspin[p1,y99]*e_[l2,l99]*e_[l93,l6]*d_(m99,m97)*FourPi^(-2)*
         I^9*gw*MHT^(-2) - 1/48*Log[MHT^2]*lamprime[f99]*yd[f8,f97]*
         lamprimebar[f8]*Ta[n95,l6,l2]*gam[y99,y3]*gam[y3,p3,y4]*gam[y4
         ,FIVE,y7]*gam[y7,pol3,y97]*uspin[p2,y97]*vbspin[p1,y99]*e_[l2,
         l99]*e_[l93,l6]*d_(m99,m97)*FourPi^(-2)*I^9*gw*MHT^(-2) - 1/48
         *Log[MHT^2]*lamprime[f99]*yd[f8,f97]*lamprimebar[f8]*Ta[n95,l6
         ,l2]*gam[y99,y3]*gam[y3,p3,y4]*gam[y4,y7]*gam[y7,FIVE,pol3,y97
         ]*uspin[p2,y97]*vbspin[p1,y99]*e_[l2,l99]*e_[l93,l6]*
         d_(m99,m97)*FourPi^(-2)*I^9*gw*MHT^(-2) + 1/48*Log[MHT^2]*
         lamprime[f99]*yd[f8,f97]*lamprimebar[f8]*Ta[n95,l6,l2]*gam[y99
         ,y3]*gam[y3,p3,y4]*gam[y4,y7]*gam[y7,pol3,y97]*uspin[p2,y97]*
         vbspin[p1,y99]*e_[l2,l99]*e_[l93,l6]*d_(m99,m97)*FourPi^(-2)*
         I^9*gw*MHT^(-2) - 11/288*lamprime[f99]*yd[f6,f97]*lamprimebar[
         f6]*Ta[n95,l8,l2]*gam[y99,FIVE,y3]*gam[y3,p1,y4]*gam[y4,FIVE,
         y7]*gam[y7,mugam3,y8]*gam[y8,FIVE,pol3,mugam3,y97]*uspin[p2,
         y97]*vbspin[p1,y99]*e_[l2,l99]*e_[l8,l93]*d_(m99,m97)*
         FourPi^(-2)*I^9*gw*MHT^(-2) - 11/288*lamprime[f99]*yd[f6,f97]*
         lamprimebar[f6]*Ta[n95,l8,l2]*gam[y99,FIVE,y3]*gam[y3,p1,y4]*
         gam[y4,FIVE,y7]*gam[y7,mugam3,y8]*gam[y8,pol3,mugam3,y97]*
         uspin[p2,y97]*vbspin[p1,y99]*e_[l2,l99]*e_[l8,l93]*d_(m99,m97)
         *FourPi^(-2)*I^9*gw*MHT^(-2) + 11/288*lamprime[f99]*yd[f6,f97]
         *lamprimebar[f6]*Ta[n95,l8,l2]*gam[y99,FIVE,y3]*gam[y3,p1,y4]*
         gam[y4,y7]*gam[y7,mugam3,y8]*gam[y8,FIVE,pol3,mugam3,y97]*
         uspin[p2,y97]*vbspin[p1,y99]*e_[l2,l99]*e_[l8,l93]*d_(m99,m97)
         *FourPi^(-2)*I^9*gw*MHT^(-2) + 11/288*lamprime[f99]*yd[f6,f97]
         *lamprimebar[f6]*Ta[n95,l8,l2]*gam[y99,FIVE,y3]*gam[y3,p1,y4]*
         gam[y4,y7]*gam[y7,mugam3,y8]*gam[y8,pol3,mugam3,y97]*uspin[p2,
         y97]*vbspin[p1,y99]*e_[l2,l99]*e_[l8,l93]*d_(m99,m97)*
         FourPi^(-2)*I^9*gw*MHT^(-2) - 11/576*lamprime[f99]*yd[f6,f97]*
         lamprimebar[f6]*Ta[n95,l8,l2]*gam[y99,FIVE,y3]*gam[y3,p2,y4]*
         gam[y4,FIVE,y7]*gam[y7,mugam3,y8]*gam[y8,FIVE,pol3,mugam3,y97]
         *uspin[p2,y97]*vbspin[p1,y99]*e_[l2,l99]*e_[l8,l93]*
         d_(m99,m97)*FourPi^(-2)*I^9*gw*MHT^(-2) - 11/576*lamprime[f99]
         *yd[f6,f97]*lamprimebar[f6]*Ta[n95,l8,l2]*gam[y99,FIVE,y3]*
         gam[y3,p2,y4]*gam[y4,FIVE,y7]*gam[y7,mugam3,y8]*gam[y8,pol3,
         mugam3,y97]*uspin[p2,y97]*vbspin[p1,y99]*e_[l2,l99]*e_[l8,l93]
         *d_(m99,m97)*FourPi^(-2)*I^9*gw*MHT^(-2) + 11/576*lamprime[f99
         ]*yd[f6,f97]*lamprimebar[f6]*Ta[n95,l8,l2]*gam[y99,FIVE,y3]*
         gam[y3,p2,y4]*gam[y4,y7]*gam[y7,mugam3,y8]*gam[y8,FIVE,pol3,
         mugam3,y97]*uspin[p2,y97]*vbspin[p1,y99]*e_[l2,l99]*e_[l8,l93]
         *d_(m99,m97)*FourPi^(-2)*I^9*gw*MHT^(-2) + 11/576*lamprime[f99
         ]*yd[f6,f97]*lamprimebar[f6]*Ta[n95,l8,l2]*gam[y99,FIVE,y3]*
         gam[y3,p2,y4]*gam[y4,y7]*gam[y7,mugam3,y8]*gam[y8,pol3,mugam3,
         y97]*uspin[p2,y97]*vbspin[p1,y99]*e_[l2,l99]*e_[l8,l93]*
         d_(m99,m97)*FourPi^(-2)*I^9*gw*MHT^(-2) + 11/576*lamprime[f99]
         *yd[f6,f97]*lamprimebar[f6]*Ta[n95,l8,l2]*gam[y99,FIVE,y3]*
         gam[y3,p4,y4]*gam[y4,FIVE,y7]*gam[y7,mugam3,y8]*gam[y8,FIVE,
         pol3,mugam3,y97]*uspin[p2,y97]*vbspin[p1,y99]*e_[l2,l99]*e_[l8
         ,l93]*d_(m99,m97)*FourPi^(-2)*I^9*gw*MHT^(-2) + 11/576*
         lamprime[f99]*yd[f6,f97]*lamprimebar[f6]*Ta[n95,l8,l2]*gam[y99
         ,FIVE,y3]*gam[y3,p4,y4]*gam[y4,FIVE,y7]*gam[y7,mugam3,y8]*gam[
         y8,pol3,mugam3,y97]*uspin[p2,y97]*vbspin[p1,y99]*e_[l2,l99]*
         e_[l8,l93]*d_(m99,m97)*FourPi^(-2)*I^9*gw*MHT^(-2) - 11/576*
         lamprime[f99]*yd[f6,f97]*lamprimebar[f6]*Ta[n95,l8,l2]*gam[y99
         ,FIVE,y3]*gam[y3,p4,y4]*gam[y4,y7]*gam[y7,mugam3,y8]*gam[y8,
         FIVE,pol3,mugam3,y97]*uspin[p2,y97]*vbspin[p1,y99]*e_[l2,l99]*
         e_[l8,l93]*d_(m99,m97)*FourPi^(-2)*I^9*gw*MHT^(-2) - 11/576*
         lamprime[f99]*yd[f6,f97]*lamprimebar[f6]*Ta[n95,l8,l2]*gam[y99
         ,FIVE,y3]*gam[y3,p4,y4]*gam[y4,y7]*gam[y7,mugam3,y8]*gam[y8,
         pol3,mugam3,y97]*uspin[p2,y97]*vbspin[p1,y99]*e_[l2,l99]*e_[l8
         ,l93]*d_(m99,m97)*FourPi^(-2)*I^9*gw*MHT^(-2) - 11/288*
         lamprime[f99]*yd[f6,f97]*lamprimebar[f6]*Ta[n95,l8,l2]*gam[y99
         ,FIVE,y3]*gam[y3,mugam2,y4]*gam[y4,FIVE,y7]*gam[y7,p1,y8]*gam[
         y8,FIVE,pol3,mugam2,y97]*uspin[p2,y97]*vbspin[p1,y99]*e_[l2,
         l99]*e_[l8,l93]*d_(m99,m97)*FourPi^(-2)*I^9*gw*MHT^(-2) - 11/
         288*lamprime[f99]*yd[f6,f97]*lamprimebar[f6]*Ta[n95,l8,l2]*
         gam[y99,FIVE,y3]*gam[y3,mugam2,y4]*gam[y4,FIVE,y7]*gam[y7,p1,
         y8]*gam[y8,pol3,mugam2,y97]*uspin[p2,y97]*vbspin[p1,y99]*e_[l2
         ,l99]*e_[l8,l93]*d_(m99,m97)*FourPi^(-2)*I^9*gw*MHT^(-2) - 11/
         576*lamprime[f99]*yd[f6,f97]*lamprimebar[f6]*Ta[n95,l8,l2]*
         gam[y99,FIVE,y3]*gam[y3,mugam2,y4]*gam[y4,FIVE,y7]*gam[y7,p2,
         y8]*gam[y8,FIVE,pol3,mugam2,y97]*uspin[p2,y97]*vbspin[p1,y99]*
         e_[l2,l99]*e_[l8,l93]*d_(m99,m97)*FourPi^(-2)*I^9*gw*MHT^(-2)
          - 11/576*lamprime[f99]*yd[f6,f97]*lamprimebar[f6]*Ta[n95,l8,
         l2]*gam[y99,FIVE,y3]*gam[y3,mugam2,y4]*gam[y4,FIVE,y7]*gam[y7,
         p2,y8]*gam[y8,pol3,mugam2,y97]*uspin[p2,y97]*vbspin[p1,y99]*
         e_[l2,l99]*e_[l8,l93]*d_(m99,m97)*FourPi^(-2)*I^9*gw*MHT^(-2)
          - 1/36*lamprime[f99]*yd[f6,f97]*lamprimebar[f6]*Ta[n95,l8,l2]
         *gam[y99,FIVE,y3]*gam[y3,mugam2,y4]*gam[y4,FIVE,y7]*gam[y7,p4,
         y8]*gam[y8,FIVE,pol3,mugam2,y97]*uspin[p2,y97]*vbspin[p1,y99]*
         e_[l2,l99]*e_[l8,l93]*d_(m99,m97)*FourPi^(-2)*I^9*gw*MHT^(-2)
          - 1/36*lamprime[f99]*yd[f6,f97]*lamprimebar[f6]*Ta[n95,l8,l2]
         *gam[y99,FIVE,y3]*gam[y3,mugam2,y4]*gam[y4,FIVE,y7]*gam[y7,p4,
         y8]*gam[y8,pol3,mugam2,y97]*uspin[p2,y97]*vbspin[p1,y99]*e_[l2
         ,l99]*e_[l8,l93]*d_(m99,m97)*FourPi^(-2)*I^9*gw*MHT^(-2) + 11/
         288*lamprime[f99]*yd[f6,f97]*lamprimebar[f6]*Ta[n95,l8,l2]*
         gam[y99,FIVE,y3]*gam[y3,mugam2,y4]*gam[y4,y7]*gam[y7,p1,y8]*
         gam[y8,FIVE,pol3,mugam2,y97]*uspin[p2,y97]*vbspin[p1,y99]*e_[
         l2,l99]*e_[l8,l93]*d_(m99,m97)*FourPi^(-2)*I^9*gw*MHT^(-2) + 
         11/288*lamprime[f99]*yd[f6,f97]*lamprimebar[f6]*Ta[n95,l8,l2]*
         gam[y99,FIVE,y3]*gam[y3,mugam2,y4]*gam[y4,y7]*gam[y7,p1,y8]*
         gam[y8,pol3,mugam2,y97]*uspin[p2,y97]*vbspin[p1,y99]*e_[l2,l99
         ]*e_[l8,l93]*d_(m99,m97)*FourPi^(-2)*I^9*gw*MHT^(-2) + 11/576*
         lamprime[f99]*yd[f6,f97]*lamprimebar[f6]*Ta[n95,l8,l2]*gam[y99
         ,FIVE,y3]*gam[y3,mugam2,y4]*gam[y4,y7]*gam[y7,p2,y8]*gam[y8,
         FIVE,pol3,mugam2,y97]*uspin[p2,y97]*vbspin[p1,y99]*e_[l2,l99]*
         e_[l8,l93]*d_(m99,m97)*FourPi^(-2)*I^9*gw*MHT^(-2) + 11/576*
         lamprime[f99]*yd[f6,f97]*lamprimebar[f6]*Ta[n95,l8,l2]*gam[y99
         ,FIVE,y3]*gam[y3,mugam2,y4]*gam[y4,y7]*gam[y7,p2,y8]*gam[y8,
         pol3,mugam2,y97]*uspin[p2,y97]*vbspin[p1,y99]*e_[l2,l99]*e_[l8
         ,l93]*d_(m99,m97)*FourPi^(-2)*I^9*gw*MHT^(-2) + 1/36*lamprime[
         f99]*yd[f6,f97]*lamprimebar[f6]*Ta[n95,l8,l2]*gam[y99,FIVE,y3]
         *gam[y3,mugam2,y4]*gam[y4,y7]*gam[y7,p4,y8]*gam[y8,FIVE,pol3,
         mugam2,y97]*uspin[p2,y97]*vbspin[p1,y99]*e_[l2,l99]*e_[l8,l93]
         *d_(m99,m97)*FourPi^(-2)*I^9*gw*MHT^(-2) + 1/36*lamprime[f99]*
         yd[f6,f97]*lamprimebar[f6]*Ta[n95,l8,l2]*gam[y99,FIVE,y3]*gam[
         y3,mugam2,y4]*gam[y4,y7]*gam[y7,p4,y8]*gam[y8,pol3,mugam2,y97]
         *uspin[p2,y97]*vbspin[p1,y99]*e_[l2,l99]*e_[l8,l93]*
         d_(m99,m97)*FourPi^(-2)*I^9*gw*MHT^(-2) + 5/576*lamprime[f99]*
         yd[f6,f97]*lamprimebar[f6]*Ta[n95,l8,l2]*gam[y99,FIVE,y3]*gam[
         y3,mugam3,y4]*gam[y4,FIVE,y7]*gam[y7,mugam3,y8]*gam[y8,FIVE,
         pol3,p1,y97]*uspin[p2,y97]*vbspin[p1,y99]*e_[l2,l99]*e_[l8,l93
         ]*d_(m99,m97)*FourPi^(-2)*I^9*gw*MHT^(-2) + 1/36*lamprime[f99]
         *yd[f6,f97]*lamprimebar[f6]*Ta[n95,l8,l2]*gam[y99,FIVE,y3]*
         gam[y3,mugam3,y4]*gam[y4,FIVE,y7]*gam[y7,mugam3,y8]*gam[y8,
         FIVE,pol3,p2,y97]*uspin[p2,y97]*vbspin[p1,y99]*e_[l2,l99]*e_[
         l8,l93]*d_(m99,m97)*FourPi^(-2)*I^9*gw*MHT^(-2) + 11/576*
         lamprime[f99]*yd[f6,f97]*lamprimebar[f6]*Ta[n95,l8,l2]*gam[y99
         ,FIVE,y3]*gam[y3,mugam3,y4]*gam[y4,FIVE,y7]*gam[y7,mugam3,y8]*
         gam[y8,FIVE,pol3,p4,y97]*uspin[p2,y97]*vbspin[p1,y99]*e_[l2,
         l99]*e_[l8,l93]*d_(m99,m97)*FourPi^(-2)*I^9*gw*MHT^(-2) + 5/
         576*lamprime[f99]*yd[f6,f97]*lamprimebar[f6]*Ta[n95,l8,l2]*
         gam[y99,FIVE,y3]*gam[y3,mugam3,y4]*gam[y4,FIVE,y7]*gam[y7,
         mugam3,y8]*gam[y8,pol3,p1,y97]*uspin[p2,y97]*vbspin[p1,y99]*
         e_[l2,l99]*e_[l8,l93]*d_(m99,m97)*FourPi^(-2)*I^9*gw*MHT^(-2)
          + 1/36*lamprime[f99]*yd[f6,f97]*lamprimebar[f6]*Ta[n95,l8,l2]
         *gam[y99,FIVE,y3]*gam[y3,mugam3,y4]*gam[y4,FIVE,y7]*gam[y7,
         mugam3,y8]*gam[y8,pol3,p2,y97]*uspin[p2,y97]*vbspin[p1,y99]*
         e_[l2,l99]*e_[l8,l93]*d_(m99,m97)*FourPi^(-2)*I^9*gw*MHT^(-2)
          + 11/576*lamprime[f99]*yd[f6,f97]*lamprimebar[f6]*Ta[n95,l8,
         l2]*gam[y99,FIVE,y3]*gam[y3,mugam3,y4]*gam[y4,FIVE,y7]*gam[y7,
         mugam3,y8]*gam[y8,pol3,p4,y97]*uspin[p2,y97]*vbspin[p1,y99]*
         e_[l2,l99]*e_[l8,l93]*d_(m99,m97)*FourPi^(-2)*I^9*gw*MHT^(-2)
          - 5/576*lamprime[f99]*yd[f6,f97]*lamprimebar[f6]*Ta[n95,l8,l2
         ]*gam[y99,FIVE,y3]*gam[y3,mugam3,y4]*gam[y4,y7]*gam[y7,mugam3,
         y8]*gam[y8,FIVE,pol3,p1,y97]*uspin[p2,y97]*vbspin[p1,y99]*e_[
         l2,l99]*e_[l8,l93]*d_(m99,m97)*FourPi^(-2)*I^9*gw*MHT^(-2) - 1/
         36*lamprime[f99]*yd[f6,f97]*lamprimebar[f6]*Ta[n95,l8,l2]*gam[
         y99,FIVE,y3]*gam[y3,mugam3,y4]*gam[y4,y7]*gam[y7,mugam3,y8]*
         gam[y8,FIVE,pol3,p2,y97]*uspin[p2,y97]*vbspin[p1,y99]*e_[l2,
         l99]*e_[l8,l93]*d_(m99,m97)*FourPi^(-2)*I^9*gw*MHT^(-2) - 11/
         576*lamprime[f99]*yd[f6,f97]*lamprimebar[f6]*Ta[n95,l8,l2]*
         gam[y99,FIVE,y3]*gam[y3,mugam3,y4]*gam[y4,y7]*gam[y7,mugam3,y8
         ]*gam[y8,FIVE,pol3,p4,y97]*uspin[p2,y97]*vbspin[p1,y99]*e_[l2,
         l99]*e_[l8,l93]*d_(m99,m97)*FourPi^(-2)*I^9*gw*MHT^(-2) - 5/
         576*lamprime[f99]*yd[f6,f97]*lamprimebar[f6]*Ta[n95,l8,l2]*
         gam[y99,FIVE,y3]*gam[y3,mugam3,y4]*gam[y4,y7]*gam[y7,mugam3,y8
         ]*gam[y8,pol3,p1,y97]*uspin[p2,y97]*vbspin[p1,y99]*e_[l2,l99]*
         e_[l8,l93]*d_(m99,m97)*FourPi^(-2)*I^9*gw*MHT^(-2) - 1/36*
         lamprime[f99]*yd[f6,f97]*lamprimebar[f6]*Ta[n95,l8,l2]*gam[y99
         ,FIVE,y3]*gam[y3,mugam3,y4]*gam[y4,y7]*gam[y7,mugam3,y8]*gam[
         y8,pol3,p2,y97]*uspin[p2,y97]*vbspin[p1,y99]*e_[l2,l99]*e_[l8,
         l93]*d_(m99,m97)*FourPi^(-2)*I^9*gw*MHT^(-2) - 11/576*
         lamprime[f99]*yd[f6,f97]*lamprimebar[f6]*Ta[n95,l8,l2]*gam[y99
         ,FIVE,y3]*gam[y3,mugam3,y4]*gam[y4,y7]*gam[y7,mugam3,y8]*gam[
         y8,pol3,p4,y97]*uspin[p2,y97]*vbspin[p1,y99]*e_[l2,l99]*e_[l8,
         l93]*d_(m99,m97)*FourPi^(-2)*I^9*gw*MHT^(-2) - 11/288*
         lamprime[f99]*yd[f6,f97]*lamprimebar[f6]*Ta[n95,l8,l2]*gam[y99
         ,y3]*gam[y3,p1,y4]*gam[y4,FIVE,y7]*gam[y7,mugam3,y8]*gam[y8,
         FIVE,pol3,mugam3,y97]*uspin[p2,y97]*vbspin[p1,y99]*e_[l2,l99]*
         e_[l8,l93]*d_(m99,m97)*FourPi^(-2)*I^9*gw*MHT^(-2) - 11/288*
         lamprime[f99]*yd[f6,f97]*lamprimebar[f6]*Ta[n95,l8,l2]*gam[y99
         ,y3]*gam[y3,p1,y4]*gam[y4,FIVE,y7]*gam[y7,mugam3,y8]*gam[y8,
         pol3,mugam3,y97]*uspin[p2,y97]*vbspin[p1,y99]*e_[l2,l99]*e_[l8
         ,l93]*d_(m99,m97)*FourPi^(-2)*I^9*gw*MHT^(-2) + 11/288*
         lamprime[f99]*yd[f6,f97]*lamprimebar[f6]*Ta[n95,l8,l2]*gam[y99
         ,y3]*gam[y3,p1,y4]*gam[y4,y7]*gam[y7,mugam3,y8]*gam[y8,FIVE,
         pol3,mugam3,y97]*uspin[p2,y97]*vbspin[p1,y99]*e_[l2,l99]*e_[l8
         ,l93]*d_(m99,m97)*FourPi^(-2)*I^9*gw*MHT^(-2) + 11/288*
         lamprime[f99]*yd[f6,f97]*lamprimebar[f6]*Ta[n95,l8,l2]*gam[y99
         ,y3]*gam[y3,p1,y4]*gam[y4,y7]*gam[y7,mugam3,y8]*gam[y8,pol3,
         mugam3,y97]*uspin[p2,y97]*vbspin[p1,y99]*e_[l2,l99]*e_[l8,l93]
         *d_(m99,m97)*FourPi^(-2)*I^9*gw*MHT^(-2) - 11/576*lamprime[f99
         ]*yd[f6,f97]*lamprimebar[f6]*Ta[n95,l8,l2]*gam[y99,y3]*gam[y3,
         p2,y4]*gam[y4,FIVE,y7]*gam[y7,mugam3,y8]*gam[y8,FIVE,pol3,
         mugam3,y97]*uspin[p2,y97]*vbspin[p1,y99]*e_[l2,l99]*e_[l8,l93]
         *d_(m99,m97)*FourPi^(-2)*I^9*gw*MHT^(-2) - 11/576*lamprime[f99
         ]*yd[f6,f97]*lamprimebar[f6]*Ta[n95,l8,l2]*gam[y99,y3]*gam[y3,
         p2,y4]*gam[y4,FIVE,y7]*gam[y7,mugam3,y8]*gam[y8,pol3,mugam3,
         y97]*uspin[p2,y97]*vbspin[p1,y99]*e_[l2,l99]*e_[l8,l93]*
         d_(m99,m97)*FourPi^(-2)*I^9*gw*MHT^(-2) + 11/576*lamprime[f99]
         *yd[f6,f97]*lamprimebar[f6]*Ta[n95,l8,l2]*gam[y99,y3]*gam[y3,
         p2,y4]*gam[y4,y7]*gam[y7,mugam3,y8]*gam[y8,FIVE,pol3,mugam3,
         y97]*uspin[p2,y97]*vbspin[p1,y99]*e_[l2,l99]*e_[l8,l93]*
         d_(m99,m97)*FourPi^(-2)*I^9*gw*MHT^(-2) + 11/576*lamprime[f99]
         *yd[f6,f97]*lamprimebar[f6]*Ta[n95,l8,l2]*gam[y99,y3]*gam[y3,
         p2,y4]*gam[y4,y7]*gam[y7,mugam3,y8]*gam[y8,pol3,mugam3,y97]*
         uspin[p2,y97]*vbspin[p1,y99]*e_[l2,l99]*e_[l8,l93]*d_(m99,m97)
         *FourPi^(-2)*I^9*gw*MHT^(-2) + 11/576*lamprime[f99]*yd[f6,f97]
         *lamprimebar[f6]*Ta[n95,l8,l2]*gam[y99,y3]*gam[y3,p4,y4]*gam[
         y4,FIVE,y7]*gam[y7,mugam3,y8]*gam[y8,FIVE,pol3,mugam3,y97]*
         uspin[p2,y97]*vbspin[p1,y99]*e_[l2,l99]*e_[l8,l93]*d_(m99,m97)
         *FourPi^(-2)*I^9*gw*MHT^(-2) + 11/576*lamprime[f99]*yd[f6,f97]
         *lamprimebar[f6]*Ta[n95,l8,l2]*gam[y99,y3]*gam[y3,p4,y4]*gam[
         y4,FIVE,y7]*gam[y7,mugam3,y8]*gam[y8,pol3,mugam3,y97]*uspin[p2
         ,y97]*vbspin[p1,y99]*e_[l2,l99]*e_[l8,l93]*d_(m99,m97)*
         FourPi^(-2)*I^9*gw*MHT^(-2) - 11/576*lamprime[f99]*yd[f6,f97]*
         lamprimebar[f6]*Ta[n95,l8,l2]*gam[y99,y3]*gam[y3,p4,y4]*gam[y4
         ,y7]*gam[y7,mugam3,y8]*gam[y8,FIVE,pol3,mugam3,y97]*uspin[p2,
         y97]*vbspin[p1,y99]*e_[l2,l99]*e_[l8,l93]*d_(m99,m97)*
         FourPi^(-2)*I^9*gw*MHT^(-2) - 11/576*lamprime[f99]*yd[f6,f97]*
         lamprimebar[f6]*Ta[n95,l8,l2]*gam[y99,y3]*gam[y3,p4,y4]*gam[y4
         ,y7]*gam[y7,mugam3,y8]*gam[y8,pol3,mugam3,y97]*uspin[p2,y97]*
         vbspin[p1,y99]*e_[l2,l99]*e_[l8,l93]*d_(m99,m97)*FourPi^(-2)*
         I^9*gw*MHT^(-2) - 11/288*lamprime[f99]*yd[f6,f97]*lamprimebar[
         f6]*Ta[n95,l8,l2]*gam[y99,y3]*gam[y3,mugam2,y4]*gam[y4,FIVE,y7
         ]*gam[y7,p1,y8]*gam[y8,FIVE,pol3,mugam2,y97]*uspin[p2,y97]*
         vbspin[p1,y99]*e_[l2,l99]*e_[l8,l93]*d_(m99,m97)*FourPi^(-2)*
         I^9*gw*MHT^(-2) - 11/288*lamprime[f99]*yd[f6,f97]*lamprimebar[
         f6]*Ta[n95,l8,l2]*gam[y99,y3]*gam[y3,mugam2,y4]*gam[y4,FIVE,y7
         ]*gam[y7,p1,y8]*gam[y8,pol3,mugam2,y97]*uspin[p2,y97]*vbspin[
         p1,y99]*e_[l2,l99]*e_[l8,l93]*d_(m99,m97)*FourPi^(-2)*I^9*gw*
         MHT^(-2) - 11/576*lamprime[f99]*yd[f6,f97]*lamprimebar[f6]*Ta[
         n95,l8,l2]*gam[y99,y3]*gam[y3,mugam2,y4]*gam[y4,FIVE,y7]*gam[
         y7,p2,y8]*gam[y8,FIVE,pol3,mugam2,y97]*uspin[p2,y97]*vbspin[p1
         ,y99]*e_[l2,l99]*e_[l8,l93]*d_(m99,m97)*FourPi^(-2)*I^9*gw*
         MHT^(-2) - 11/576*lamprime[f99]*yd[f6,f97]*lamprimebar[f6]*Ta[
         n95,l8,l2]*gam[y99,y3]*gam[y3,mugam2,y4]*gam[y4,FIVE,y7]*gam[
         y7,p2,y8]*gam[y8,pol3,mugam2,y97]*uspin[p2,y97]*vbspin[p1,y99]
         *e_[l2,l99]*e_[l8,l93]*d_(m99,m97)*FourPi^(-2)*I^9*gw*MHT^(-2)
          - 1/36*lamprime[f99]*yd[f6,f97]*lamprimebar[f6]*Ta[n95,l8,l2]
         *gam[y99,y3]*gam[y3,mugam2,y4]*gam[y4,FIVE,y7]*gam[y7,p4,y8]*
         gam[y8,FIVE,pol3,mugam2,y97]*uspin[p2,y97]*vbspin[p1,y99]*e_[
         l2,l99]*e_[l8,l93]*d_(m99,m97)*FourPi^(-2)*I^9*gw*MHT^(-2) - 1/
         36*lamprime[f99]*yd[f6,f97]*lamprimebar[f6]*Ta[n95,l8,l2]*gam[
         y99,y3]*gam[y3,mugam2,y4]*gam[y4,FIVE,y7]*gam[y7,p4,y8]*gam[y8
         ,pol3,mugam2,y97]*uspin[p2,y97]*vbspin[p1,y99]*e_[l2,l99]*e_[
         l8,l93]*d_(m99,m97)*FourPi^(-2)*I^9*gw*MHT^(-2) + 11/288*
         lamprime[f99]*yd[f6,f97]*lamprimebar[f6]*Ta[n95,l8,l2]*gam[y99
         ,y3]*gam[y3,mugam2,y4]*gam[y4,y7]*gam[y7,p1,y8]*gam[y8,FIVE,
         pol3,mugam2,y97]*uspin[p2,y97]*vbspin[p1,y99]*e_[l2,l99]*e_[l8
         ,l93]*d_(m99,m97)*FourPi^(-2)*I^9*gw*MHT^(-2) + 11/288*
         lamprime[f99]*yd[f6,f97]*lamprimebar[f6]*Ta[n95,l8,l2]*gam[y99
         ,y3]*gam[y3,mugam2,y4]*gam[y4,y7]*gam[y7,p1,y8]*gam[y8,pol3,
         mugam2,y97]*uspin[p2,y97]*vbspin[p1,y99]*e_[l2,l99]*e_[l8,l93]
         *d_(m99,m97)*FourPi^(-2)*I^9*gw*MHT^(-2) + 11/576*lamprime[f99
         ]*yd[f6,f97]*lamprimebar[f6]*Ta[n95,l8,l2]*gam[y99,y3]*gam[y3,
         mugam2,y4]*gam[y4,y7]*gam[y7,p2,y8]*gam[y8,FIVE,pol3,mugam2,
         y97]*uspin[p2,y97]*vbspin[p1,y99]*e_[l2,l99]*e_[l8,l93]*
         d_(m99,m97)*FourPi^(-2)*I^9*gw*MHT^(-2) + 11/576*lamprime[f99]
         *yd[f6,f97]*lamprimebar[f6]*Ta[n95,l8,l2]*gam[y99,y3]*gam[y3,
         mugam2,y4]*gam[y4,y7]*gam[y7,p2,y8]*gam[y8,pol3,mugam2,y97]*
         uspin[p2,y97]*vbspin[p1,y99]*e_[l2,l99]*e_[l8,l93]*d_(m99,m97)
         *FourPi^(-2)*I^9*gw*MHT^(-2) + 1/36*lamprime[f99]*yd[f6,f97]*
         lamprimebar[f6]*Ta[n95,l8,l2]*gam[y99,y3]*gam[y3,mugam2,y4]*
         gam[y4,y7]*gam[y7,p4,y8]*gam[y8,FIVE,pol3,mugam2,y97]*uspin[p2
         ,y97]*vbspin[p1,y99]*e_[l2,l99]*e_[l8,l93]*d_(m99,m97)*
         FourPi^(-2)*I^9*gw*MHT^(-2) + 1/36*lamprime[f99]*yd[f6,f97]*
         lamprimebar[f6]*Ta[n95,l8,l2]*gam[y99,y3]*gam[y3,mugam2,y4]*
         gam[y4,y7]*gam[y7,p4,y8]*gam[y8,pol3,mugam2,y97]*uspin[p2,y97]
         *vbspin[p1,y99]*e_[l2,l99]*e_[l8,l93]*d_(m99,m97)*FourPi^(-2)*
         I^9*gw*MHT^(-2) + 5/576*lamprime[f99]*yd[f6,f97]*lamprimebar[
         f6]*Ta[n95,l8,l2]*gam[y99,y3]*gam[y3,mugam3,y4]*gam[y4,FIVE,y7
         ]*gam[y7,mugam3,y8]*gam[y8,FIVE,pol3,p1,y97]*uspin[p2,y97]*
         vbspin[p1,y99]*e_[l2,l99]*e_[l8,l93]*d_(m99,m97)*FourPi^(-2)*
         I^9*gw*MHT^(-2) + 1/36*lamprime[f99]*yd[f6,f97]*lamprimebar[f6
         ]*Ta[n95,l8,l2]*gam[y99,y3]*gam[y3,mugam3,y4]*gam[y4,FIVE,y7]*
         gam[y7,mugam3,y8]*gam[y8,FIVE,pol3,p2,y97]*uspin[p2,y97]*
         vbspin[p1,y99]*e_[l2,l99]*e_[l8,l93]*d_(m99,m97)*FourPi^(-2)*
         I^9*gw*MHT^(-2) + 11/576*lamprime[f99]*yd[f6,f97]*lamprimebar[
         f6]*Ta[n95,l8,l2]*gam[y99,y3]*gam[y3,mugam3,y4]*gam[y4,FIVE,y7
         ]*gam[y7,mugam3,y8]*gam[y8,FIVE,pol3,p4,y97]*uspin[p2,y97]*
         vbspin[p1,y99]*e_[l2,l99]*e_[l8,l93]*d_(m99,m97)*FourPi^(-2)*
         I^9*gw*MHT^(-2) + 5/576*lamprime[f99]*yd[f6,f97]*lamprimebar[
         f6]*Ta[n95,l8,l2]*gam[y99,y3]*gam[y3,mugam3,y4]*gam[y4,FIVE,y7
         ]*gam[y7,mugam3,y8]*gam[y8,pol3,p1,y97]*uspin[p2,y97]*vbspin[
         p1,y99]*e_[l2,l99]*e_[l8,l93]*d_(m99,m97)*FourPi^(-2)*I^9*gw*
         MHT^(-2) + 1/36*lamprime[f99]*yd[f6,f97]*lamprimebar[f6]*Ta[
         n95,l8,l2]*gam[y99,y3]*gam[y3,mugam3,y4]*gam[y4,FIVE,y7]*gam[
         y7,mugam3,y8]*gam[y8,pol3,p2,y97]*uspin[p2,y97]*vbspin[p1,y99]
         *e_[l2,l99]*e_[l8,l93]*d_(m99,m97)*FourPi^(-2)*I^9*gw*MHT^(-2)
          + 11/576*lamprime[f99]*yd[f6,f97]*lamprimebar[f6]*Ta[n95,l8,
         l2]*gam[y99,y3]*gam[y3,mugam3,y4]*gam[y4,FIVE,y7]*gam[y7,
         mugam3,y8]*gam[y8,pol3,p4,y97]*uspin[p2,y97]*vbspin[p1,y99]*
         e_[l2,l99]*e_[l8,l93]*d_(m99,m97)*FourPi^(-2)*I^9*gw*MHT^(-2)
          - 5/576*lamprime[f99]*yd[f6,f97]*lamprimebar[f6]*Ta[n95,l8,l2
         ]*gam[y99,y3]*gam[y3,mugam3,y4]*gam[y4,y7]*gam[y7,mugam3,y8]*
         gam[y8,FIVE,pol3,p1,y97]*uspin[p2,y97]*vbspin[p1,y99]*e_[l2,
         l99]*e_[l8,l93]*d_(m99,m97)*FourPi^(-2)*I^9*gw*MHT^(-2) - 1/36
         *lamprime[f99]*yd[f6,f97]*lamprimebar[f6]*Ta[n95,l8,l2]*gam[
         y99,y3]*gam[y3,mugam3,y4]*gam[y4,y7]*gam[y7,mugam3,y8]*gam[y8,
         FIVE,pol3,p2,y97]*uspin[p2,y97]*vbspin[p1,y99]*e_[l2,l99]*e_[
         l8,l93]*d_(m99,m97)*FourPi^(-2)*I^9*gw*MHT^(-2) - 11/576*
         lamprime[f99]*yd[f6,f97]*lamprimebar[f6]*Ta[n95,l8,l2]*gam[y99
         ,y3]*gam[y3,mugam3,y4]*gam[y4,y7]*gam[y7,mugam3,y8]*gam[y8,
         FIVE,pol3,p4,y97]*uspin[p2,y97]*vbspin[p1,y99]*e_[l2,l99]*e_[
         l8,l93]*d_(m99,m97)*FourPi^(-2)*I^9*gw*MHT^(-2) - 5/576*
         lamprime[f99]*yd[f6,f97]*lamprimebar[f6]*Ta[n95,l8,l2]*gam[y99
         ,y3]*gam[y3,mugam3,y4]*gam[y4,y7]*gam[y7,mugam3,y8]*gam[y8,
         pol3,p1,y97]*uspin[p2,y97]*vbspin[p1,y99]*e_[l2,l99]*e_[l8,l93
         ]*d_(m99,m97)*FourPi^(-2)*I^9*gw*MHT^(-2) - 1/36*lamprime[f99]
         *yd[f6,f97]*lamprimebar[f6]*Ta[n95,l8,l2]*gam[y99,y3]*gam[y3,
         mugam3,y4]*gam[y4,y7]*gam[y7,mugam3,y8]*gam[y8,pol3,p2,y97]*
         uspin[p2,y97]*vbspin[p1,y99]*e_[l2,l99]*e_[l8,l93]*d_(m99,m97)
         *FourPi^(-2)*I^9*gw*MHT^(-2) - 11/576*lamprime[f99]*yd[f6,f97]
         *lamprimebar[f6]*Ta[n95,l8,l2]*gam[y99,y3]*gam[y3,mugam3,y4]*
         gam[y4,y7]*gam[y7,mugam3,y8]*gam[y8,pol3,p4,y97]*uspin[p2,y97]
         *vbspin[p1,y99]*e_[l2,l99]*e_[l8,l93]*d_(m99,m97)*FourPi^(-2)*
         I^9*gw*MHT^(-2) + 1/9*lamprime[f99]*yd[f8,f97]*lamprimebar[f8]
         *Ta[n95,l6,l2]*gam[y99,FIVE,y97]*uspin[p2,y97]*vbspin[p1,y99]*
         e_[l2,l99]*e_[l93,l6]*d_(m99,m97)*p1.pol3*FourPi^(-2)*I^9*gw*
         MHT^(-2) + 4/9*lamprime[f99]*yd[f8,f97]*lamprimebar[f8]*Ta[n95
         ,l6,l2]*gam[y99,FIVE,y97]*uspin[p2,y97]*vbspin[p1,y99]*e_[l2,
         l99]*e_[l93,l6]*d_(m99,m97)*p4.pol3*FourPi^(-2)*I^9*gw*
         MHT^(-2) + 1/18*lamprime[f99]*yd[f8,f97]*lamprimebar[f8]*Ta[
         n95,l6,l2]*gam[y99,FIVE,y97]*uspin[p2,y97]*vbspin[p1,y99]*e_[
         l2,l99]*e_[l93,l6]*d_(m99,m97)*pol3.p3*FourPi^(-2)*I^9*gw*
         MHT^(-2) - 11/72*lamprime[f99]*yd[f8,f97]*lamprimebar[f8]*Ta[
         n95,l6,l2]*gam[y99,FIVE,y3]*gam[y3,FIVE,pol3,p1,y97]*uspin[p2,
         y97]*vbspin[p1,y99]*e_[l2,l99]*e_[l93,l6]*d_(m99,m97)*
         FourPi^(-2)*I^9*gw*MHT^(-2) - 1/9*lamprime[f99]*yd[f8,f97]*
         lamprimebar[f8]*Ta[n95,l6,l2]*gam[y99,FIVE,y3]*gam[y3,FIVE,
         pol3,p4,y97]*uspin[p2,y97]*vbspin[p1,y99]*e_[l2,l99]*e_[l93,l6
         ]*d_(m99,m97)*FourPi^(-2)*I^9*gw*MHT^(-2) - 11/144*lamprime[
         f99]*yd[f8,f97]*lamprimebar[f8]*Ta[n95,l6,l2]*gam[y99,FIVE,y3]
         *gam[y3,FIVE,pol3,p3,y97]*uspin[p2,y97]*vbspin[p1,y99]*e_[l2,
         l99]*e_[l93,l6]*d_(m99,m97)*FourPi^(-2)*I^9*gw*MHT^(-2) - 11/
         144*lamprime[f99]*yd[f8,f97]*lamprimebar[f8]*Ta[n95,l6,l2]*
         gam[y99,FIVE,y3]*gam[y3,p1,y4]*gam[y4,FIVE,y7]*gam[y7,FIVE,
         pol3,y97]*uspin[p2,y97]*vbspin[p1,y99]*e_[l2,l99]*e_[l93,l6]*
         d_(m99,m97)*FourPi^(-2)*I^9*gw*MHT^(-2) + 11/144*lamprime[f99]
         *yd[f8,f97]*lamprimebar[f8]*Ta[n95,l6,l2]*gam[y99,FIVE,y3]*
         gam[y3,p1,y4]*gam[y4,FIVE,y7]*gam[y7,pol3,y97]*uspin[p2,y97]*
         vbspin[p1,y99]*e_[l2,l99]*e_[l93,l6]*d_(m99,m97)*FourPi^(-2)*
         I^9*gw*MHT^(-2) + 11/144*lamprime[f99]*yd[f8,f97]*lamprimebar[
         f8]*Ta[n95,l6,l2]*gam[y99,FIVE,y3]*gam[y3,p1,y4]*gam[y4,y7]*
         gam[y7,FIVE,pol3,y97]*uspin[p2,y97]*vbspin[p1,y99]*e_[l2,l99]*
         e_[l93,l6]*d_(m99,m97)*FourPi^(-2)*I^9*gw*MHT^(-2) - 11/144*
         lamprime[f99]*yd[f8,f97]*lamprimebar[f8]*Ta[n95,l6,l2]*gam[y99
         ,FIVE,y3]*gam[y3,p1,y4]*gam[y4,y7]*gam[y7,pol3,y97]*uspin[p2,
         y97]*vbspin[p1,y99]*e_[l2,l99]*e_[l93,l6]*d_(m99,m97)*
         FourPi^(-2)*I^9*gw*MHT^(-2) + 11/288*lamprime[f99]*yd[f8,f97]*
         lamprimebar[f8]*Ta[n95,l6,l2]*gam[y99,FIVE,y3]*gam[y3,p4,y4]*
         gam[y4,FIVE,y7]*gam[y7,FIVE,pol3,y97]*uspin[p2,y97]*vbspin[p1,
         y99]*e_[l2,l99]*e_[l93,l6]*d_(m99,m97)*FourPi^(-2)*I^9*gw*
         MHT^(-2) - 11/288*lamprime[f99]*yd[f8,f97]*lamprimebar[f8]*Ta[
         n95,l6,l2]*gam[y99,FIVE,y3]*gam[y3,p4,y4]*gam[y4,FIVE,y7]*gam[
         y7,pol3,y97]*uspin[p2,y97]*vbspin[p1,y99]*e_[l2,l99]*e_[l93,l6
         ]*d_(m99,m97)*FourPi^(-2)*I^9*gw*MHT^(-2) - 11/288*lamprime[
         f99]*yd[f8,f97]*lamprimebar[f8]*Ta[n95,l6,l2]*gam[y99,FIVE,y3]
         *gam[y3,p4,y4]*gam[y4,y7]*gam[y7,FIVE,pol3,y97]*uspin[p2,y97]*
         vbspin[p1,y99]*e_[l2,l99]*e_[l93,l6]*d_(m99,m97)*FourPi^(-2)*
         I^9*gw*MHT^(-2) + 11/288*lamprime[f99]*yd[f8,f97]*lamprimebar[
         f8]*Ta[n95,l6,l2]*gam[y99,FIVE,y3]*gam[y3,p4,y4]*gam[y4,y7]*
         gam[y7,pol3,y97]*uspin[p2,y97]*vbspin[p1,y99]*e_[l2,l99]*e_[
         l93,l6]*d_(m99,m97)*FourPi^(-2)*I^9*gw*MHT^(-2) - 11/72*
         lamprime[f99]*yd[f8,f97]*lamprimebar[f8]*Ta[n95,l6,l2]*gam[y99
         ,FIVE,y3]*gam[y3,pol3,p1,y97]*uspin[p2,y97]*vbspin[p1,y99]*e_[
         l2,l99]*e_[l93,l6]*d_(m99,m97)*FourPi^(-2)*I^9*gw*MHT^(-2) - 1/
         9*lamprime[f99]*yd[f8,f97]*lamprimebar[f8]*Ta[n95,l6,l2]*gam[
         y99,FIVE,y3]*gam[y3,pol3,p4,y97]*uspin[p2,y97]*vbspin[p1,y99]*
         e_[l2,l99]*e_[l93,l6]*d_(m99,m97)*FourPi^(-2)*I^9*gw*MHT^(-2)
          - 11/144*lamprime[f99]*yd[f8,f97]*lamprimebar[f8]*Ta[n95,l6,
         l2]*gam[y99,FIVE,y3]*gam[y3,pol3,p3,y97]*uspin[p2,y97]*vbspin[
         p1,y99]*e_[l2,l99]*e_[l93,l6]*d_(m99,m97)*FourPi^(-2)*I^9*gw*
         MHT^(-2) - 11/288*lamprime[f99]*yd[f8,f97]*lamprimebar[f8]*Ta[
         n95,l6,l2]*gam[y99,FIVE,y3]*gam[y3,p3,y4]*gam[y4,FIVE,y7]*gam[
         y7,FIVE,pol3,y97]*uspin[p2,y97]*vbspin[p1,y99]*e_[l2,l99]*e_[
         l93,l6]*d_(m99,m97)*FourPi^(-2)*I^9*gw*MHT^(-2) + 11/288*
         lamprime[f99]*yd[f8,f97]*lamprimebar[f8]*Ta[n95,l6,l2]*gam[y99
         ,FIVE,y3]*gam[y3,p3,y4]*gam[y4,FIVE,y7]*gam[y7,pol3,y97]*
         uspin[p2,y97]*vbspin[p1,y99]*e_[l2,l99]*e_[l93,l6]*d_(m99,m97)
         *FourPi^(-2)*I^9*gw*MHT^(-2) + 11/288*lamprime[f99]*yd[f8,f97]
         *lamprimebar[f8]*Ta[n95,l6,l2]*gam[y99,FIVE,y3]*gam[y3,p3,y4]*
         gam[y4,y7]*gam[y7,FIVE,pol3,y97]*uspin[p2,y97]*vbspin[p1,y99]*
         e_[l2,l99]*e_[l93,l6]*d_(m99,m97)*FourPi^(-2)*I^9*gw*MHT^(-2)
          - 11/288*lamprime[f99]*yd[f8,f97]*lamprimebar[f8]*Ta[n95,l6,
         l2]*gam[y99,FIVE,y3]*gam[y3,p3,y4]*gam[y4,y7]*gam[y7,pol3,y97]
         *uspin[p2,y97]*vbspin[p1,y99]*e_[l2,l99]*e_[l93,l6]*
         d_(m99,m97)*FourPi^(-2)*I^9*gw*MHT^(-2) + 1/9*lamprime[f99]*
         yd[f8,f97]*lamprimebar[f8]*Ta[n95,l6,l2]*gam[y99,y97]*uspin[p2
         ,y97]*vbspin[p1,y99]*e_[l2,l99]*e_[l93,l6]*d_(m99,m97)*p1.pol3
         *FourPi^(-2)*I^9*gw*MHT^(-2) + 4/9*lamprime[f99]*yd[f8,f97]*
         lamprimebar[f8]*Ta[n95,l6,l2]*gam[y99,y97]*uspin[p2,y97]*
         vbspin[p1,y99]*e_[l2,l99]*e_[l93,l6]*d_(m99,m97)*p4.pol3*
         FourPi^(-2)*I^9*gw*MHT^(-2) + 1/18*lamprime[f99]*yd[f8,f97]*
         lamprimebar[f8]*Ta[n95,l6,l2]*gam[y99,y97]*uspin[p2,y97]*
         vbspin[p1,y99]*e_[l2,l99]*e_[l93,l6]*d_(m99,m97)*pol3.p3*
         FourPi^(-2)*I^9*gw*MHT^(-2) - 11/72*lamprime[f99]*yd[f8,f97]*
         lamprimebar[f8]*Ta[n95,l6,l2]*gam[y99,y3]*gam[y3,FIVE,pol3,p1,
         y97]*uspin[p2,y97]*vbspin[p1,y99]*e_[l2,l99]*e_[l93,l6]*
         d_(m99,m97)*FourPi^(-2)*I^9*gw*MHT^(-2) - 1/9*lamprime[f99]*
         yd[f8,f97]*lamprimebar[f8]*Ta[n95,l6,l2]*gam[y99,y3]*gam[y3,
         FIVE,pol3,p4,y97]*uspin[p2,y97]*vbspin[p1,y99]*e_[l2,l99]*e_[
         l93,l6]*d_(m99,m97)*FourPi^(-2)*I^9*gw*MHT^(-2) - 11/144*
         lamprime[f99]*yd[f8,f97]*lamprimebar[f8]*Ta[n95,l6,l2]*gam[y99
         ,y3]*gam[y3,FIVE,pol3,p3,y97]*uspin[p2,y97]*vbspin[p1,y99]*e_[
         l2,l99]*e_[l93,l6]*d_(m99,m97)*FourPi^(-2)*I^9*gw*MHT^(-2) - 
         11/144*lamprime[f99]*yd[f8,f97]*lamprimebar[f8]*Ta[n95,l6,l2]*
         gam[y99,y3]*gam[y3,p1,y4]*gam[y4,FIVE,y7]*gam[y7,FIVE,pol3,y97
         ]*uspin[p2,y97]*vbspin[p1,y99]*e_[l2,l99]*e_[l93,l6]*
         d_(m99,m97)*FourPi^(-2)*I^9*gw*MHT^(-2) + 11/144*lamprime[f99]
         *yd[f8,f97]*lamprimebar[f8]*Ta[n95,l6,l2]*gam[y99,y3]*gam[y3,
         p1,y4]*gam[y4,FIVE,y7]*gam[y7,pol3,y97]*uspin[p2,y97]*vbspin[
         p1,y99]*e_[l2,l99]*e_[l93,l6]*d_(m99,m97)*FourPi^(-2)*I^9*gw*
         MHT^(-2) + 11/144*lamprime[f99]*yd[f8,f97]*lamprimebar[f8]*Ta[
         n95,l6,l2]*gam[y99,y3]*gam[y3,p1,y4]*gam[y4,y7]*gam[y7,FIVE,
         pol3,y97]*uspin[p2,y97]*vbspin[p1,y99]*e_[l2,l99]*e_[l93,l6]*
         d_(m99,m97)*FourPi^(-2)*I^9*gw*MHT^(-2) - 11/144*lamprime[f99]
         *yd[f8,f97]*lamprimebar[f8]*Ta[n95,l6,l2]*gam[y99,y3]*gam[y3,
         p1,y4]*gam[y4,y7]*gam[y7,pol3,y97]*uspin[p2,y97]*vbspin[p1,y99
         ]*e_[l2,l99]*e_[l93,l6]*d_(m99,m97)*FourPi^(-2)*I^9*gw*
         MHT^(-2) + 11/288*lamprime[f99]*yd[f8,f97]*lamprimebar[f8]*Ta[
         n95,l6,l2]*gam[y99,y3]*gam[y3,p4,y4]*gam[y4,FIVE,y7]*gam[y7,
         FIVE,pol3,y97]*uspin[p2,y97]*vbspin[p1,y99]*e_[l2,l99]*e_[l93,
         l6]*d_(m99,m97)*FourPi^(-2)*I^9*gw*MHT^(-2) - 11/288*lamprime[
         f99]*yd[f8,f97]*lamprimebar[f8]*Ta[n95,l6,l2]*gam[y99,y3]*gam[
         y3,p4,y4]*gam[y4,FIVE,y7]*gam[y7,pol3,y97]*uspin[p2,y97]*
         vbspin[p1,y99]*e_[l2,l99]*e_[l93,l6]*d_(m99,m97)*FourPi^(-2)*
         I^9*gw*MHT^(-2) - 11/288*lamprime[f99]*yd[f8,f97]*lamprimebar[
         f8]*Ta[n95,l6,l2]*gam[y99,y3]*gam[y3,p4,y4]*gam[y4,y7]*gam[y7,
         FIVE,pol3,y97]*uspin[p2,y97]*vbspin[p1,y99]*e_[l2,l99]*e_[l93,
         l6]*d_(m99,m97)*FourPi^(-2)*I^9*gw*MHT^(-2) + 11/288*lamprime[
         f99]*yd[f8,f97]*lamprimebar[f8]*Ta[n95,l6,l2]*gam[y99,y3]*gam[
         y3,p4,y4]*gam[y4,y7]*gam[y7,pol3,y97]*uspin[p2,y97]*vbspin[p1,
         y99]*e_[l2,l99]*e_[l93,l6]*d_(m99,m97)*FourPi^(-2)*I^9*gw*
         MHT^(-2) - 11/72*lamprime[f99]*yd[f8,f97]*lamprimebar[f8]*Ta[
         n95,l6,l2]*gam[y99,y3]*gam[y3,pol3,p1,y97]*uspin[p2,y97]*
         vbspin[p1,y99]*e_[l2,l99]*e_[l93,l6]*d_(m99,m97)*FourPi^(-2)*
         I^9*gw*MHT^(-2) - 1/9*lamprime[f99]*yd[f8,f97]*lamprimebar[f8]
         *Ta[n95,l6,l2]*gam[y99,y3]*gam[y3,pol3,p4,y97]*uspin[p2,y97]*
         vbspin[p1,y99]*e_[l2,l99]*e_[l93,l6]*d_(m99,m97)*FourPi^(-2)*
         I^9*gw*MHT^(-2) - 11/144*lamprime[f99]*yd[f8,f97]*lamprimebar[
         f8]*Ta[n95,l6,l2]*gam[y99,y3]*gam[y3,pol3,p3,y97]*uspin[p2,y97
         ]*vbspin[p1,y99]*e_[l2,l99]*e_[l93,l6]*d_(m99,m97)*FourPi^(-2)
         *I^9*gw*MHT^(-2) - 11/288*lamprime[f99]*yd[f8,f97]*
         lamprimebar[f8]*Ta[n95,l6,l2]*gam[y99,y3]*gam[y3,p3,y4]*gam[y4
         ,FIVE,y7]*gam[y7,FIVE,pol3,y97]*uspin[p2,y97]*vbspin[p1,y99]*
         e_[l2,l99]*e_[l93,l6]*d_(m99,m97)*FourPi^(-2)*I^9*gw*MHT^(-2)
          + 11/288*lamprime[f99]*yd[f8,f97]*lamprimebar[f8]*Ta[n95,l6,
         l2]*gam[y99,y3]*gam[y3,p3,y4]*gam[y4,FIVE,y7]*gam[y7,pol3,y97]
         *uspin[p2,y97]*vbspin[p1,y99]*e_[l2,l99]*e_[l93,l6]*
         d_(m99,m97)*FourPi^(-2)*I^9*gw*MHT^(-2) + 11/288*lamprime[f99]
         *yd[f8,f97]*lamprimebar[f8]*Ta[n95,l6,l2]*gam[y99,y3]*gam[y3,
         p3,y4]*gam[y4,y7]*gam[y7,FIVE,pol3,y97]*uspin[p2,y97]*vbspin[
         p1,y99]*e_[l2,l99]*e_[l93,l6]*d_(m99,m97)*FourPi^(-2)*I^9*gw*
         MHT^(-2) - 11/288*lamprime[f99]*yd[f8,f97]*lamprimebar[f8]*Ta[
         n95,l6,l2]*gam[y99,y3]*gam[y3,p3,y4]*gam[y4,y7]*gam[y7,pol3,
         y97]*uspin[p2,y97]*vbspin[p1,y99]*e_[l2,l99]*e_[l93,l6]*
         d_(m99,m97)*FourPi^(-2)*I^9*gw*MHT^(-2) )

       - 1/32*Log[MHT^2]*lamprime[f99]*yd[f6,f97]*lamprimebar[f6]*Ta[
      n95,l8,l2]*gam[y99,FIVE,y4]*gam[y4,FIVE,y7]*gam[y7,mugam2,y8]*
      gam[y8,FIVE,pol3,mugam2,y97]*uspin[p2,y97]*vbspin[p1,y99]*e_[l2,
      l99]*e_[l8,l93]*d_(m99,m97)*FourPi^(-2)*I^9*gw*MHT^(-1) - 1/32*
         Log[MHT^2]*lamprime[f99]*yd[f6,f97]*lamprimebar[f6]*Ta[n95,l8,
         l2]*gam[y99,FIVE,y4]*gam[y4,FIVE,y7]*gam[y7,mugam2,y8]*gam[y8,
         pol3,mugam2,y97]*uspin[p2,y97]*vbspin[p1,y99]*e_[l2,l99]*e_[l8
         ,l93]*d_(m99,m97)*FourPi^(-2)*I^9*gw*MHT^(-1) + 1/32*Log[MHT^2
         ]*lamprime[f99]*yd[f6,f97]*lamprimebar[f6]*Ta[n95,l8,l2]*gam[
         y99,FIVE,y4]*gam[y4,y7]*gam[y7,mugam2,y8]*gam[y8,FIVE,pol3,
         mugam2,y97]*uspin[p2,y97]*vbspin[p1,y99]*e_[l2,l99]*e_[l8,l93]
         *d_(m99,m97)*FourPi^(-2)*I^9*gw*MHT^(-1) + 1/32*Log[MHT^2]*
         lamprime[f99]*yd[f6,f97]*lamprimebar[f6]*Ta[n95,l8,l2]*gam[y99
         ,FIVE,y4]*gam[y4,y7]*gam[y7,mugam2,y8]*gam[y8,pol3,mugam2,y97]
         *uspin[p2,y97]*vbspin[p1,y99]*e_[l2,l99]*e_[l8,l93]*
         d_(m99,m97)*FourPi^(-2)*I^9*gw*MHT^(-1) - 1/32*Log[MHT^2]*
         lamprime[f99]*yd[f6,f97]*lamprimebar[f6]*Ta[n95,l8,l2]*gam[y99
         ,y4]*gam[y4,FIVE,y7]*gam[y7,mugam2,y8]*gam[y8,FIVE,pol3,mugam2
         ,y97]*uspin[p2,y97]*vbspin[p1,y99]*e_[l2,l99]*e_[l8,l93]*
         d_(m99,m97)*FourPi^(-2)*I^9*gw*MHT^(-1) - 1/32*Log[MHT^2]*
         lamprime[f99]*yd[f6,f97]*lamprimebar[f6]*Ta[n95,l8,l2]*gam[y99
         ,y4]*gam[y4,FIVE,y7]*gam[y7,mugam2,y8]*gam[y8,pol3,mugam2,y97]
         *uspin[p2,y97]*vbspin[p1,y99]*e_[l2,l99]*e_[l8,l93]*
         d_(m99,m97)*FourPi^(-2)*I^9*gw*MHT^(-1) + 1/32*Log[MHT^2]*
         lamprime[f99]*yd[f6,f97]*lamprimebar[f6]*Ta[n95,l8,l2]*gam[y99
         ,y4]*gam[y4,y7]*gam[y7,mugam2,y8]*gam[y8,FIVE,pol3,mugam2,y97]
         *uspin[p2,y97]*vbspin[p1,y99]*e_[l2,l99]*e_[l8,l93]*
         d_(m99,m97)*FourPi^(-2)*I^9*gw*MHT^(-1) + 1/32*Log[MHT^2]*
         lamprime[f99]*yd[f6,f97]*lamprimebar[f6]*Ta[n95,l8,l2]*gam[y99
         ,y4]*gam[y4,y7]*gam[y7,mugam2,y8]*gam[y8,pol3,mugam2,y97]*
         uspin[p2,y97]*vbspin[p1,y99]*e_[l2,l99]*e_[l8,l93]*d_(m99,m97)
         *FourPi^(-2)*I^9*gw*MHT^(-1) - 1/16*Log[MHT^2]*lamprime[f99]*
         yd[f8,f97]*lamprimebar[f8]*Ta[n95,l6,l2]*gam[y99,FIVE,y4]*gam[
         y4,FIVE,y7]*gam[y7,FIVE,pol3,y97]*uspin[p2,y97]*vbspin[p1,y99]
         *e_[l2,l99]*e_[l93,l6]*d_(m99,m97)*FourPi^(-2)*I^9*gw*MHT^(-1)
          + 1/16*Log[MHT^2]*lamprime[f99]*yd[f8,f97]*lamprimebar[f8]*
         Ta[n95,l6,l2]*gam[y99,FIVE,y4]*gam[y4,FIVE,y7]*gam[y7,pol3,y97
         ]*uspin[p2,y97]*vbspin[p1,y99]*e_[l2,l99]*e_[l93,l6]*
         d_(m99,m97)*FourPi^(-2)*I^9*gw*MHT^(-1) + 1/16*Log[MHT^2]*
         lamprime[f99]*yd[f8,f97]*lamprimebar[f8]*Ta[n95,l6,l2]*gam[y99
         ,FIVE,y4]*gam[y4,y7]*gam[y7,FIVE,pol3,y97]*uspin[p2,y97]*
         vbspin[p1,y99]*e_[l2,l99]*e_[l93,l6]*d_(m99,m97)*FourPi^(-2)*
         I^9*gw*MHT^(-1) - 1/16*Log[MHT^2]*lamprime[f99]*yd[f8,f97]*
         lamprimebar[f8]*Ta[n95,l6,l2]*gam[y99,FIVE,y4]*gam[y4,y7]*gam[
         y7,pol3,y97]*uspin[p2,y97]*vbspin[p1,y99]*e_[l2,l99]*e_[l93,l6
         ]*d_(m99,m97)*FourPi^(-2)*I^9*gw*MHT^(-1) - 1/16*Log[MHT^2]*
         lamprime[f99]*yd[f8,f97]*lamprimebar[f8]*Ta[n95,l6,l2]*gam[y99
         ,y4]*gam[y4,FIVE,y7]*gam[y7,FIVE,pol3,y97]*uspin[p2,y97]*
         vbspin[p1,y99]*e_[l2,l99]*e_[l93,l6]*d_(m99,m97)*FourPi^(-2)*
         I^9*gw*MHT^(-1) + 1/16*Log[MHT^2]*lamprime[f99]*yd[f8,f97]*
         lamprimebar[f8]*Ta[n95,l6,l2]*gam[y99,y4]*gam[y4,FIVE,y7]*gam[
         y7,pol3,y97]*uspin[p2,y97]*vbspin[p1,y99]*e_[l2,l99]*e_[l93,l6
         ]*d_(m99,m97)*FourPi^(-2)*I^9*gw*MHT^(-1) + 1/16*Log[MHT^2]*
         lamprime[f99]*yd[f8,f97]*lamprimebar[f8]*Ta[n95,l6,l2]*gam[y99
         ,y4]*gam[y4,y7]*gam[y7,FIVE,pol3,y97]*uspin[p2,y97]*vbspin[p1,
         y99]*e_[l2,l99]*e_[l93,l6]*d_(m99,m97)*FourPi^(-2)*I^9*gw*
         MHT^(-1) - 1/16*Log[MHT^2]*lamprime[f99]*yd[f8,f97]*
         lamprimebar[f8]*Ta[n95,l6,l2]*gam[y99,y4]*gam[y4,y7]*gam[y7,
         pol3,y97]*uspin[p2,y97]*vbspin[p1,y99]*e_[l2,l99]*e_[l93,l6]*
         d_(m99,m97)*FourPi^(-2)*I^9*gw*MHT^(-1) + 3/64*lamprime[f99]*
         yd[f6,f97]*lamprimebar[f6]*Ta[n95,l8,l2]*gam[y99,FIVE,y4]*gam[
         y4,FIVE,y7]*gam[y7,mugam2,y8]*gam[y8,FIVE,pol3,mugam2,y97]*
         uspin[p2,y97]*vbspin[p1,y99]*e_[l2,l99]*e_[l8,l93]*d_(m99,m97)
         *FourPi^(-2)*I^9*gw*MHT^(-1) + 3/64*lamprime[f99]*yd[f6,f97]*
         lamprimebar[f6]*Ta[n95,l8,l2]*gam[y99,FIVE,y4]*gam[y4,FIVE,y7]
         *gam[y7,mugam2,y8]*gam[y8,pol3,mugam2,y97]*uspin[p2,y97]*
         vbspin[p1,y99]*e_[l2,l99]*e_[l8,l93]*d_(m99,m97)*FourPi^(-2)*
         I^9*gw*MHT^(-1) - 3/64*lamprime[f99]*yd[f6,f97]*lamprimebar[f6
         ]*Ta[n95,l8,l2]*gam[y99,FIVE,y4]*gam[y4,y7]*gam[y7,mugam2,y8]*
         gam[y8,FIVE,pol3,mugam2,y97]*uspin[p2,y97]*vbspin[p1,y99]*e_[
         l2,l99]*e_[l8,l93]*d_(m99,m97)*FourPi^(-2)*I^9*gw*MHT^(-1) - 3/
         64*lamprime[f99]*yd[f6,f97]*lamprimebar[f6]*Ta[n95,l8,l2]*gam[
         y99,FIVE,y4]*gam[y4,y7]*gam[y7,mugam2,y8]*gam[y8,pol3,mugam2,
         y97]*uspin[p2,y97]*vbspin[p1,y99]*e_[l2,l99]*e_[l8,l93]*
         d_(m99,m97)*FourPi^(-2)*I^9*gw*MHT^(-1) + 3/64*lamprime[f99]*
         yd[f6,f97]*lamprimebar[f6]*Ta[n95,l8,l2]*gam[y99,y4]*gam[y4,
         FIVE,y7]*gam[y7,mugam2,y8]*gam[y8,FIVE,pol3,mugam2,y97]*uspin[
         p2,y97]*vbspin[p1,y99]*e_[l2,l99]*e_[l8,l93]*d_(m99,m97)*
         FourPi^(-2)*I^9*gw*MHT^(-1) + 3/64*lamprime[f99]*yd[f6,f97]*
         lamprimebar[f6]*Ta[n95,l8,l2]*gam[y99,y4]*gam[y4,FIVE,y7]*gam[
         y7,mugam2,y8]*gam[y8,pol3,mugam2,y97]*uspin[p2,y97]*vbspin[p1,
         y99]*e_[l2,l99]*e_[l8,l93]*d_(m99,m97)*FourPi^(-2)*I^9*gw*
         MHT^(-1) - 3/64*lamprime[f99]*yd[f6,f97]*lamprimebar[f6]*Ta[
         n95,l8,l2]*gam[y99,y4]*gam[y4,y7]*gam[y7,mugam2,y8]*gam[y8,
         FIVE,pol3,mugam2,y97]*uspin[p2,y97]*vbspin[p1,y99]*e_[l2,l99]*
         e_[l8,l93]*d_(m99,m97)*FourPi^(-2)*I^9*gw*MHT^(-1) - 3/64*
         lamprime[f99]*yd[f6,f97]*lamprimebar[f6]*Ta[n95,l8,l2]*gam[y99
         ,y4]*gam[y4,y7]*gam[y7,mugam2,y8]*gam[y8,pol3,mugam2,y97]*
         uspin[p2,y97]*vbspin[p1,y99]*e_[l2,l99]*e_[l8,l93]*d_(m99,m97)
         *FourPi^(-2)*I^9*gw*MHT^(-1) + 3/32*lamprime[f99]*yd[f8,f97]*
         lamprimebar[f8]*Ta[n95,l6,l2]*gam[y99,FIVE,y4]*gam[y4,FIVE,y7]
         *gam[y7,FIVE,pol3,y97]*uspin[p2,y97]*vbspin[p1,y99]*e_[l2,l99]
         *e_[l93,l6]*d_(m99,m97)*FourPi^(-2)*I^9*gw*MHT^(-1) - 3/32*
         lamprime[f99]*yd[f8,f97]*lamprimebar[f8]*Ta[n95,l6,l2]*gam[y99
         ,FIVE,y4]*gam[y4,FIVE,y7]*gam[y7,pol3,y97]*uspin[p2,y97]*
         vbspin[p1,y99]*e_[l2,l99]*e_[l93,l6]*d_(m99,m97)*FourPi^(-2)*
         I^9*gw*MHT^(-1) - 3/32*lamprime[f99]*yd[f8,f97]*lamprimebar[f8
         ]*Ta[n95,l6,l2]*gam[y99,FIVE,y4]*gam[y4,y7]*gam[y7,FIVE,pol3,
         y97]*uspin[p2,y97]*vbspin[p1,y99]*e_[l2,l99]*e_[l93,l6]*
         d_(m99,m97)*FourPi^(-2)*I^9*gw*MHT^(-1) + 3/32*lamprime[f99]*
         yd[f8,f97]*lamprimebar[f8]*Ta[n95,l6,l2]*gam[y99,FIVE,y4]*gam[
         y4,y7]*gam[y7,pol3,y97]*uspin[p2,y97]*vbspin[p1,y99]*e_[l2,l99
         ]*e_[l93,l6]*d_(m99,m97)*FourPi^(-2)*I^9*gw*MHT^(-1) + 3/32*
         lamprime[f99]*yd[f8,f97]*lamprimebar[f8]*Ta[n95,l6,l2]*gam[y99
         ,y4]*gam[y4,FIVE,y7]*gam[y7,FIVE,pol3,y97]*uspin[p2,y97]*
         vbspin[p1,y99]*e_[l2,l99]*e_[l93,l6]*d_(m99,m97)*FourPi^(-2)*
         I^9*gw*MHT^(-1) - 3/32*lamprime[f99]*yd[f8,f97]*lamprimebar[f8
         ]*Ta[n95,l6,l2]*gam[y99,y4]*gam[y4,FIVE,y7]*gam[y7,pol3,y97]*
         uspin[p2,y97]*vbspin[p1,y99]*e_[l2,l99]*e_[l93,l6]*d_(m99,m97)
         *FourPi^(-2)*I^9*gw*MHT^(-1) - 3/32*lamprime[f99]*yd[f8,f97]*
         lamprimebar[f8]*Ta[n95,l6,l2]*gam[y99,y4]*gam[y4,y7]*gam[y7,
         FIVE,pol3,y97]*uspin[p2,y97]*vbspin[p1,y99]*e_[l2,l99]*e_[l93,
         l6]*d_(m99,m97)*FourPi^(-2)*I^9*gw*MHT^(-1) + 3/32*lamprime[
         f99]*yd[f8,f97]*lamprimebar[f8]*Ta[n95,l6,l2]*gam[y99,y4]*gam[
         y4,y7]*gam[y7,pol3,y97]*uspin[p2,y97]*vbspin[p1,y99]*e_[l2,l99
         ]*e_[l93,l6]*d_(m99,m97)*FourPi^(-2)*I^9*gw*MHT^(-1);

  0.06 sec out of 0.06 sec
