FORM 4.2.0 (Jul  6 2017, v4.2.0) 64-bits         Run: Tue Mar 20 01:18:14 2018
    * -*-Form-*-
    
    #: Parentheses 2000
    #-

   amplqLbarqLG =
       + sSS * (  - 3/16*lamprime[f99]*lamprimebar[f97]*T[a95,m99,m97]*
         gam[y99,FIVE,y3]*gam[y3,p1,y4]*gam[y4,FIVE,pol3,y97]*uspin[p2,
         y97]*vbspin[p1,y99]*e_[l2,l99]*e_[l2,l97]*FourPi^(-2)*I^7*gs*
         MHT^(-1) - 3/16*lamprime[f99]*lamprimebar[f97]*T[a95,m99,m97]*
         gam[y99,FIVE,y3]*gam[y3,p1,y4]*gam[y4,pol3,y97]*uspin[p2,y97]*
         vbspin[p1,y99]*e_[l2,l99]*e_[l2,l97]*FourPi^(-2)*I^7*gs*
         MHT^(-1) - 1/16*lamprime[f99]*lamprimebar[f97]*T[a95,m99,m97]*
         gam[y99,FIVE,y3]*gam[y3,p2,y4]*gam[y4,FIVE,pol3,y97]*uspin[p2,
         y97]*vbspin[p1,y99]*e_[l2,l99]*e_[l2,l97]*FourPi^(-2)*I^7*gs*
         MHT^(-1) - 1/16*lamprime[f99]*lamprimebar[f97]*T[a95,m99,m97]*
         gam[y99,FIVE,y3]*gam[y3,p2,y4]*gam[y4,pol3,y97]*uspin[p2,y97]*
         vbspin[p1,y99]*e_[l2,l99]*e_[l2,l97]*FourPi^(-2)*I^7*gs*
         MHT^(-1) - 1/16*lamprime[f99]*lamprimebar[f97]*T[a95,m99,m97]*
         gam[y99,FIVE,y4]*gam[y4,FIVE,pol3,p1,y97]*uspin[p2,y97]*
         vbspin[p1,y99]*e_[l2,l99]*e_[l2,l97]*FourPi^(-2)*I^7*gs*
         MHT^(-1) - 3/16*lamprime[f99]*lamprimebar[f97]*T[a95,m99,m97]*
         gam[y99,FIVE,y4]*gam[y4,FIVE,pol3,p2,y97]*uspin[p2,y97]*
         vbspin[p1,y99]*e_[l2,l99]*e_[l2,l97]*FourPi^(-2)*I^7*gs*
         MHT^(-1) + 1/16*lamprime[f99]*lamprimebar[f97]*T[a95,m99,m97]*
         gam[y99,FIVE,y4]*gam[y4,pol3,p1,y97]*uspin[p2,y97]*vbspin[p1,
         y99]*e_[l2,l99]*e_[l2,l97]*FourPi^(-2)*I^7*gs*MHT^(-1) + 3/16*
         lamprime[f99]*lamprimebar[f97]*T[a95,m99,m97]*gam[y99,FIVE,y4]
         *gam[y4,pol3,p2,y97]*uspin[p2,y97]*vbspin[p1,y99]*e_[l2,l99]*
         e_[l2,l97]*FourPi^(-2)*I^7*gs*MHT^(-1) - 3/16*lamprime[f99]*
         lamprimebar[f97]*T[a95,m99,m97]*gam[y99,y3]*gam[y3,p1,y4]*gam[
         y4,FIVE,pol3,y97]*uspin[p2,y97]*vbspin[p1,y99]*e_[l2,l99]*e_[
         l2,l97]*FourPi^(-2)*I^7*gs*MHT^(-1) - 3/16*lamprime[f99]*
         lamprimebar[f97]*T[a95,m99,m97]*gam[y99,y3]*gam[y3,p1,y4]*gam[
         y4,pol3,y97]*uspin[p2,y97]*vbspin[p1,y99]*e_[l2,l99]*e_[l2,l97
         ]*FourPi^(-2)*I^7*gs*MHT^(-1) - 1/16*lamprime[f99]*
         lamprimebar[f97]*T[a95,m99,m97]*gam[y99,y3]*gam[y3,p2,y4]*gam[
         y4,FIVE,pol3,y97]*uspin[p2,y97]*vbspin[p1,y99]*e_[l2,l99]*e_[
         l2,l97]*FourPi^(-2)*I^7*gs*MHT^(-1) - 1/16*lamprime[f99]*
         lamprimebar[f97]*T[a95,m99,m97]*gam[y99,y3]*gam[y3,p2,y4]*gam[
         y4,pol3,y97]*uspin[p2,y97]*vbspin[p1,y99]*e_[l2,l99]*e_[l2,l97
         ]*FourPi^(-2)*I^7*gs*MHT^(-1) - 1/16*lamprime[f99]*
         lamprimebar[f97]*T[a95,m99,m97]*gam[y99,y4]*gam[y4,FIVE,pol3,
         p1,y97]*uspin[p2,y97]*vbspin[p1,y99]*e_[l2,l99]*e_[l2,l97]*
         FourPi^(-2)*I^7*gs*MHT^(-1) - 3/16*lamprime[f99]*lamprimebar[
         f97]*T[a95,m99,m97]*gam[y99,y4]*gam[y4,FIVE,pol3,p2,y97]*
         uspin[p2,y97]*vbspin[p1,y99]*e_[l2,l99]*e_[l2,l97]*FourPi^(-2)
         *I^7*gs*MHT^(-1) + 1/16*lamprime[f99]*lamprimebar[f97]*T[a95,
         m99,m97]*gam[y99,y4]*gam[y4,pol3,p1,y97]*uspin[p2,y97]*vbspin[
         p1,y99]*e_[l2,l99]*e_[l2,l97]*FourPi^(-2)*I^7*gs*MHT^(-1) + 3/
         16*lamprime[f99]*lamprimebar[f97]*T[a95,m99,m97]*gam[y99,y4]*
         gam[y4,pol3,p2,y97]*uspin[p2,y97]*vbspin[p1,y99]*e_[l2,l99]*
         e_[l2,l97]*FourPi^(-2)*I^7*gs*MHT^(-1) )

       + sSS^2 * ( 5/144*lamprime[f99]*lamprimebar[f97]*T[a95,m99,m97]*
         gam[y99,FIVE,y3]*gam[y3,p1,y4]*gam[y4,FIVE,pol3,p1,y97]*uspin[
         p2,y97]*vbspin[p1,y99]*e_[l2,l99]*e_[l2,l97]*FourPi^(-2)*I^7*
         gs*MHT^(-2) + 5/36*lamprime[f99]*lamprimebar[f97]*T[a95,m99,
         m97]*gam[y99,FIVE,y3]*gam[y3,p1,y4]*gam[y4,FIVE,pol3,p2,y97]*
         uspin[p2,y97]*vbspin[p1,y99]*e_[l2,l99]*e_[l2,l97]*FourPi^(-2)
         *I^7*gs*MHT^(-2) - 5/144*lamprime[f99]*lamprimebar[f97]*T[a95,
         m99,m97]*gam[y99,FIVE,y3]*gam[y3,p1,y4]*gam[y4,pol3,p1,y97]*
         uspin[p2,y97]*vbspin[p1,y99]*e_[l2,l99]*e_[l2,l97]*FourPi^(-2)
         *I^7*gs*MHT^(-2) - 5/36*lamprime[f99]*lamprimebar[f97]*T[a95,
         m99,m97]*gam[y99,FIVE,y3]*gam[y3,p1,y4]*gam[y4,pol3,p2,y97]*
         uspin[p2,y97]*vbspin[p1,y99]*e_[l2,l99]*e_[l2,l97]*FourPi^(-2)
         *I^7*gs*MHT^(-2) + 1/72*lamprime[f99]*lamprimebar[f97]*T[a95,
         m99,m97]*gam[y99,FIVE,y3]*gam[y3,p2,y4]*gam[y4,FIVE,pol3,p1,
         y97]*uspin[p2,y97]*vbspin[p1,y99]*e_[l2,l99]*e_[l2,l97]*
         FourPi^(-2)*I^7*gs*MHT^(-2) + 5/144*lamprime[f99]*lamprimebar[
         f97]*T[a95,m99,m97]*gam[y99,FIVE,y3]*gam[y3,p2,y4]*gam[y4,FIVE
         ,pol3,p2,y97]*uspin[p2,y97]*vbspin[p1,y99]*e_[l2,l99]*e_[l2,
         l97]*FourPi^(-2)*I^7*gs*MHT^(-2) - 1/72*lamprime[f99]*
         lamprimebar[f97]*T[a95,m99,m97]*gam[y99,FIVE,y3]*gam[y3,p2,y4]
         *gam[y4,pol3,p1,y97]*uspin[p2,y97]*vbspin[p1,y99]*e_[l2,l99]*
         e_[l2,l97]*FourPi^(-2)*I^7*gs*MHT^(-2) - 5/144*lamprime[f99]*
         lamprimebar[f97]*T[a95,m99,m97]*gam[y99,FIVE,y3]*gam[y3,p2,y4]
         *gam[y4,pol3,p2,y97]*uspin[p2,y97]*vbspin[p1,y99]*e_[l2,l99]*
         e_[l2,l97]*FourPi^(-2)*I^7*gs*MHT^(-2) + 5/288*lamprime[f99]*
         lamprimebar[f97]*T[a95,m99,m97]*gam[y99,FIVE,y3]*gam[y3,mugam2
         ,y4]*gam[y4,FIVE,pol3,mugam2,y97]*uspin[p2,y97]*vbspin[p1,y99]
         *e_[l2,l99]*e_[l2,l97]*p1.p1*FourPi^(-2)*I^7*gs*MHT^(-2) + 1/
         72*lamprime[f99]*lamprimebar[f97]*T[a95,m99,m97]*gam[y99,FIVE,
         y3]*gam[y3,mugam2,y4]*gam[y4,FIVE,pol3,mugam2,y97]*uspin[p2,
         y97]*vbspin[p1,y99]*e_[l2,l99]*e_[l2,l97]*p1.p2*FourPi^(-2)*
         I^7*gs*MHT^(-2) + 5/288*lamprime[f99]*lamprimebar[f97]*T[a95,
         m99,m97]*gam[y99,FIVE,y3]*gam[y3,mugam2,y4]*gam[y4,FIVE,pol3,
         mugam2,y97]*uspin[p2,y97]*vbspin[p1,y99]*e_[l2,l99]*e_[l2,l97]
         *p2.p2*FourPi^(-2)*I^7*gs*MHT^(-2) - 5/288*lamprime[f99]*
         lamprimebar[f97]*T[a95,m99,m97]*gam[y99,FIVE,y3]*gam[y3,mugam2
         ,y4]*gam[y4,pol3,mugam2,y97]*uspin[p2,y97]*vbspin[p1,y99]*e_[
         l2,l99]*e_[l2,l97]*p1.p1*FourPi^(-2)*I^7*gs*MHT^(-2) - 1/72*
         lamprime[f99]*lamprimebar[f97]*T[a95,m99,m97]*gam[y99,FIVE,y3]
         *gam[y3,mugam2,y4]*gam[y4,pol3,mugam2,y97]*uspin[p2,y97]*
         vbspin[p1,y99]*e_[l2,l99]*e_[l2,l97]*p1.p2*FourPi^(-2)*I^7*gs*
         MHT^(-2) - 5/288*lamprime[f99]*lamprimebar[f97]*T[a95,m99,m97]
         *gam[y99,FIVE,y3]*gam[y3,mugam2,y4]*gam[y4,pol3,mugam2,y97]*
         uspin[p2,y97]*vbspin[p1,y99]*e_[l2,l99]*e_[l2,l97]*p2.p2*
         FourPi^(-2)*I^7*gs*MHT^(-2) + 1/12*lamprime[f99]*lamprimebar[
         f97]*T[a95,m99,m97]*gam[y99,FIVE,y4]*gam[y4,FIVE,pol3,y97]*
         uspin[p2,y97]*vbspin[p1,y99]*e_[l2,l99]*e_[l2,l97]*p1.p1*
         FourPi^(-2)*I^7*gs*MHT^(-2) + 1/24*lamprime[f99]*lamprimebar[
         f97]*T[a95,m99,m97]*gam[y99,FIVE,y4]*gam[y4,FIVE,pol3,y97]*
         uspin[p2,y97]*vbspin[p1,y99]*e_[l2,l99]*e_[l2,l97]*p1.p2*
         FourPi^(-2)*I^7*gs*MHT^(-2) + 1/12*lamprime[f99]*lamprimebar[
         f97]*T[a95,m99,m97]*gam[y99,FIVE,y4]*gam[y4,FIVE,pol3,y97]*
         uspin[p2,y97]*vbspin[p1,y99]*e_[l2,l99]*e_[l2,l97]*p2.p2*
         FourPi^(-2)*I^7*gs*MHT^(-2) + 1/12*lamprime[f99]*lamprimebar[
         f97]*T[a95,m99,m97]*gam[y99,FIVE,y4]*gam[y4,pol3,y97]*uspin[p2
         ,y97]*vbspin[p1,y99]*e_[l2,l99]*e_[l2,l97]*p1.p1*FourPi^(-2)*
         I^7*gs*MHT^(-2) + 1/24*lamprime[f99]*lamprimebar[f97]*T[a95,
         m99,m97]*gam[y99,FIVE,y4]*gam[y4,pol3,y97]*uspin[p2,y97]*
         vbspin[p1,y99]*e_[l2,l99]*e_[l2,l97]*p1.p2*FourPi^(-2)*I^7*gs*
         MHT^(-2) + 1/12*lamprime[f99]*lamprimebar[f97]*T[a95,m99,m97]*
         gam[y99,FIVE,y4]*gam[y4,pol3,y97]*uspin[p2,y97]*vbspin[p1,y99]
         *e_[l2,l99]*e_[l2,l97]*p2.p2*FourPi^(-2)*I^7*gs*MHT^(-2) + 5/
         144*lamprime[f99]*lamprimebar[f97]*T[a95,m99,m97]*gam[y99,y3]*
         gam[y3,p1,y4]*gam[y4,FIVE,pol3,p1,y97]*uspin[p2,y97]*vbspin[p1
         ,y99]*e_[l2,l99]*e_[l2,l97]*FourPi^(-2)*I^7*gs*MHT^(-2) + 5/36
         *lamprime[f99]*lamprimebar[f97]*T[a95,m99,m97]*gam[y99,y3]*
         gam[y3,p1,y4]*gam[y4,FIVE,pol3,p2,y97]*uspin[p2,y97]*vbspin[p1
         ,y99]*e_[l2,l99]*e_[l2,l97]*FourPi^(-2)*I^7*gs*MHT^(-2) - 5/
         144*lamprime[f99]*lamprimebar[f97]*T[a95,m99,m97]*gam[y99,y3]*
         gam[y3,p1,y4]*gam[y4,pol3,p1,y97]*uspin[p2,y97]*vbspin[p1,y99]
         *e_[l2,l99]*e_[l2,l97]*FourPi^(-2)*I^7*gs*MHT^(-2) - 5/36*
         lamprime[f99]*lamprimebar[f97]*T[a95,m99,m97]*gam[y99,y3]*gam[
         y3,p1,y4]*gam[y4,pol3,p2,y97]*uspin[p2,y97]*vbspin[p1,y99]*e_[
         l2,l99]*e_[l2,l97]*FourPi^(-2)*I^7*gs*MHT^(-2) + 1/72*
         lamprime[f99]*lamprimebar[f97]*T[a95,m99,m97]*gam[y99,y3]*gam[
         y3,p2,y4]*gam[y4,FIVE,pol3,p1,y97]*uspin[p2,y97]*vbspin[p1,y99
         ]*e_[l2,l99]*e_[l2,l97]*FourPi^(-2)*I^7*gs*MHT^(-2) + 5/144*
         lamprime[f99]*lamprimebar[f97]*T[a95,m99,m97]*gam[y99,y3]*gam[
         y3,p2,y4]*gam[y4,FIVE,pol3,p2,y97]*uspin[p2,y97]*vbspin[p1,y99
         ]*e_[l2,l99]*e_[l2,l97]*FourPi^(-2)*I^7*gs*MHT^(-2) - 1/72*
         lamprime[f99]*lamprimebar[f97]*T[a95,m99,m97]*gam[y99,y3]*gam[
         y3,p2,y4]*gam[y4,pol3,p1,y97]*uspin[p2,y97]*vbspin[p1,y99]*e_[
         l2,l99]*e_[l2,l97]*FourPi^(-2)*I^7*gs*MHT^(-2) - 5/144*
         lamprime[f99]*lamprimebar[f97]*T[a95,m99,m97]*gam[y99,y3]*gam[
         y3,p2,y4]*gam[y4,pol3,p2,y97]*uspin[p2,y97]*vbspin[p1,y99]*e_[
         l2,l99]*e_[l2,l97]*FourPi^(-2)*I^7*gs*MHT^(-2) + 5/288*
         lamprime[f99]*lamprimebar[f97]*T[a95,m99,m97]*gam[y99,y3]*gam[
         y3,mugam2,y4]*gam[y4,FIVE,pol3,mugam2,y97]*uspin[p2,y97]*
         vbspin[p1,y99]*e_[l2,l99]*e_[l2,l97]*p1.p1*FourPi^(-2)*I^7*gs*
         MHT^(-2) + 1/72*lamprime[f99]*lamprimebar[f97]*T[a95,m99,m97]*
         gam[y99,y3]*gam[y3,mugam2,y4]*gam[y4,FIVE,pol3,mugam2,y97]*
         uspin[p2,y97]*vbspin[p1,y99]*e_[l2,l99]*e_[l2,l97]*p1.p2*
         FourPi^(-2)*I^7*gs*MHT^(-2) + 5/288*lamprime[f99]*lamprimebar[
         f97]*T[a95,m99,m97]*gam[y99,y3]*gam[y3,mugam2,y4]*gam[y4,FIVE,
         pol3,mugam2,y97]*uspin[p2,y97]*vbspin[p1,y99]*e_[l2,l99]*e_[l2
         ,l97]*p2.p2*FourPi^(-2)*I^7*gs*MHT^(-2) - 5/288*lamprime[f99]*
         lamprimebar[f97]*T[a95,m99,m97]*gam[y99,y3]*gam[y3,mugam2,y4]*
         gam[y4,pol3,mugam2,y97]*uspin[p2,y97]*vbspin[p1,y99]*e_[l2,l99
         ]*e_[l2,l97]*p1.p1*FourPi^(-2)*I^7*gs*MHT^(-2) - 1/72*
         lamprime[f99]*lamprimebar[f97]*T[a95,m99,m97]*gam[y99,y3]*gam[
         y3,mugam2,y4]*gam[y4,pol3,mugam2,y97]*uspin[p2,y97]*vbspin[p1,
         y99]*e_[l2,l99]*e_[l2,l97]*p1.p2*FourPi^(-2)*I^7*gs*MHT^(-2)
          - 5/288*lamprime[f99]*lamprimebar[f97]*T[a95,m99,m97]*gam[y99
         ,y3]*gam[y3,mugam2,y4]*gam[y4,pol3,mugam2,y97]*uspin[p2,y97]*
         vbspin[p1,y99]*e_[l2,l99]*e_[l2,l97]*p2.p2*FourPi^(-2)*I^7*gs*
         MHT^(-2) + 1/12*lamprime[f99]*lamprimebar[f97]*T[a95,m99,m97]*
         gam[y99,y4]*gam[y4,FIVE,pol3,y97]*uspin[p2,y97]*vbspin[p1,y99]
         *e_[l2,l99]*e_[l2,l97]*p1.p1*FourPi^(-2)*I^7*gs*MHT^(-2) + 1/
         24*lamprime[f99]*lamprimebar[f97]*T[a95,m99,m97]*gam[y99,y4]*
         gam[y4,FIVE,pol3,y97]*uspin[p2,y97]*vbspin[p1,y99]*e_[l2,l99]*
         e_[l2,l97]*p1.p2*FourPi^(-2)*I^7*gs*MHT^(-2) + 1/12*lamprime[
         f99]*lamprimebar[f97]*T[a95,m99,m97]*gam[y99,y4]*gam[y4,FIVE,
         pol3,y97]*uspin[p2,y97]*vbspin[p1,y99]*e_[l2,l99]*e_[l2,l97]*
         p2.p2*FourPi^(-2)*I^7*gs*MHT^(-2) + 1/12*lamprime[f99]*
         lamprimebar[f97]*T[a95,m99,m97]*gam[y99,y4]*gam[y4,pol3,y97]*
         uspin[p2,y97]*vbspin[p1,y99]*e_[l2,l99]*e_[l2,l97]*p1.p1*
         FourPi^(-2)*I^7*gs*MHT^(-2) + 1/24*lamprime[f99]*lamprimebar[
         f97]*T[a95,m99,m97]*gam[y99,y4]*gam[y4,pol3,y97]*uspin[p2,y97]
         *vbspin[p1,y99]*e_[l2,l99]*e_[l2,l97]*p1.p2*FourPi^(-2)*I^7*gs
         *MHT^(-2) + 1/12*lamprime[f99]*lamprimebar[f97]*T[a95,m99,m97]
         *gam[y99,y4]*gam[y4,pol3,y97]*uspin[p2,y97]*vbspin[p1,y99]*e_[
         l2,l99]*e_[l2,l97]*p2.p2*FourPi^(-2)*I^7*gs*MHT^(-2) )

       - 1/16*Log[MHT^2]*lamprime[f99]*lamprimebar[f97]*T[a95,m99,m97]*
      gam[y99,FIVE,y3]*gam[y3,mugam2,y4]*gam[y4,FIVE,pol3,mugam2,y97]*
      uspin[p2,y97]*vbspin[p1,y99]*e_[l2,l99]*e_[l2,l97]*FourPi^(-2)*
      I^7*gs + 1/16*Log[MHT^2]*lamprime[f99]*lamprimebar[f97]*T[a95,m99
         ,m97]*gam[y99,FIVE,y3]*gam[y3,mugam2,y4]*gam[y4,pol3,mugam2,
         y97]*uspin[p2,y97]*vbspin[p1,y99]*e_[l2,l99]*e_[l2,l97]*
         FourPi^(-2)*I^7*gs - 1/16*Log[MHT^2]*lamprime[f99]*
         lamprimebar[f97]*T[a95,m99,m97]*gam[y99,y3]*gam[y3,mugam2,y4]*
         gam[y4,FIVE,pol3,mugam2,y97]*uspin[p2,y97]*vbspin[p1,y99]*e_[
         l2,l99]*e_[l2,l97]*FourPi^(-2)*I^7*gs + 1/16*Log[MHT^2]*
         lamprime[f99]*lamprimebar[f97]*T[a95,m99,m97]*gam[y99,y3]*gam[
         y3,mugam2,y4]*gam[y4,pol3,mugam2,y97]*uspin[p2,y97]*vbspin[p1,
         y99]*e_[l2,l99]*e_[l2,l97]*FourPi^(-2)*I^7*gs + 1/32*lamprime[
         f99]*lamprimebar[f97]*T[a95,m99,m97]*gam[y99,FIVE,y3]*gam[y3,
         mugam2,y4]*gam[y4,FIVE,pol3,mugam2,y97]*uspin[p2,y97]*vbspin[
         p1,y99]*e_[l2,l99]*e_[l2,l97]*FourPi^(-2)*I^7*gs - 1/32*
         lamprime[f99]*lamprimebar[f97]*T[a95,m99,m97]*gam[y99,FIVE,y3]
         *gam[y3,mugam2,y4]*gam[y4,pol3,mugam2,y97]*uspin[p2,y97]*
         vbspin[p1,y99]*e_[l2,l99]*e_[l2,l97]*FourPi^(-2)*I^7*gs + 1/4*
         lamprime[f99]*lamprimebar[f97]*T[a95,m99,m97]*gam[y99,FIVE,y4]
         *gam[y4,FIVE,pol3,y97]*uspin[p2,y97]*vbspin[p1,y99]*e_[l2,l99]
         *e_[l2,l97]*FourPi^(-2)*I^7*gs + 1/4*lamprime[f99]*
         lamprimebar[f97]*T[a95,m99,m97]*gam[y99,FIVE,y4]*gam[y4,pol3,
         y97]*uspin[p2,y97]*vbspin[p1,y99]*e_[l2,l99]*e_[l2,l97]*
         FourPi^(-2)*I^7*gs + 1/32*lamprime[f99]*lamprimebar[f97]*T[a95
         ,m99,m97]*gam[y99,y3]*gam[y3,mugam2,y4]*gam[y4,FIVE,pol3,
         mugam2,y97]*uspin[p2,y97]*vbspin[p1,y99]*e_[l2,l99]*e_[l2,l97]
         *FourPi^(-2)*I^7*gs - 1/32*lamprime[f99]*lamprimebar[f97]*T[
         a95,m99,m97]*gam[y99,y3]*gam[y3,mugam2,y4]*gam[y4,pol3,mugam2,
         y97]*uspin[p2,y97]*vbspin[p1,y99]*e_[l2,l99]*e_[l2,l97]*
         FourPi^(-2)*I^7*gs + 1/4*lamprime[f99]*lamprimebar[f97]*T[a95,
         m99,m97]*gam[y99,y4]*gam[y4,FIVE,pol3,y97]*uspin[p2,y97]*
         vbspin[p1,y99]*e_[l2,l99]*e_[l2,l97]*FourPi^(-2)*I^7*gs + 1/4*
         lamprime[f99]*lamprimebar[f97]*T[a95,m99,m97]*gam[y99,y4]*gam[
         y4,pol3,y97]*uspin[p2,y97]*vbspin[p1,y99]*e_[l2,l99]*e_[l2,l97
         ]*FourPi^(-2)*I^7*gs;

  0.14 sec out of 0.14 sec
