FORM 4.2.0 (Jul  6 2017, v4.2.0) 64-bits         Run: Tue Apr  3 00:22:13 2018
    * -*-Form-*-
    
    #: Parentheses 2000
    #-

   amplBPhiPhibarWi =
       + p1.pol1*sSS^2 * ( 2*Ta[n93,l95,l97]*p1.pol4*I*gw*alphaR03 + 
         Ta[n93,l95,l97]*p1.pol4*I*g1*gw*alphaR02 + Ta[n93,l95,l97]*
         p4.pol4*I*g1*gw*alphaR02 + 2*Ta[n93,l95,l97]*p2.pol4*I*g1*gw*
         alphaR02 )

       + p4.pol1*sSS^2 * ( 4*Ta[n93,l95,l97]*p1.pol4*I*alphaO10 + 2*Ta[
         n93,l95,l97]*p4.pol4*I*g1*alphaR04 + Ta[n93,l95,l97]*p4.pol4*I
         *g1*gw*alphaR02 + 2*Ta[n93,l95,l97]*p2.pol4*I*g1*gw*alphaR02 )

       + p2.pol1*sSS^2 * ( 2*Ta[n93,l95,l97]*p1.pol4*I*g1*gw*alphaR02
          + 2*Ta[n93,l95,l97]*p4.pol4*I*g1*gw*alphaR02 + 4*Ta[n93,l95,
         l97]*p2.pol4*I*g1*gw*alphaR02 )

       + pol1.pol4*sSS^2 * (  - 2*Ta[n93,l95,l97]*p1.p1*I*gw*alphaR03
          + Ta[n93,l95,l97]*p1.p1*I*g1*gw*alphaR02 - 4*Ta[n93,l95,l97]*
         p1.p4*I*alphaO10 + 2*Ta[n93,l95,l97]*p1.p4*I*g1*gw*alphaR02 + 
         2*Ta[n93,l95,l97]*p1.p2*I*g1*gw*alphaR02 - 2*Ta[n93,l95,l97]*
         p4.p4*I*g1*alphaR04 + Ta[n93,l95,l97]*p4.p4*I*g1*gw*alphaR02
          + 2*Ta[n93,l95,l97]*p4.p2*I*g1*gw*alphaR02 + 2*Ta[n93,l95,l97
         ]*p2.p2*I*g1*gw*alphaR02 )

       + e_[p1,p4,pol1,pol4]*sSS^2 * ( 4*Ta[n93,l95,l97]*I*alphaO11 );

  0.01 sec out of 0.00 sec
