FORM 4.2.0 (Jul  6 2017, v4.2.0) 64-bits         Run: Tue Apr  3 00:22:13 2018
    * -*-Form-*-
    
    #: Parentheses 2000
    #-

   amplGGG =
       + p1.pol1*p1.pol2*sSS^3 * (  - 4*fsu3[a99,a97,a95]*p2.pol3*gs*
         alphaR05 - 2*fsu3[a99,a97,a95]*p3.pol3*gs*alphaR05 )

       + p1.pol1*p2.pol2*sSS^3 * ( 2*fsu3[a99,a97,a95]*p1.pol3*gs*
         alphaR05 - 2*fsu3[a99,a97,a95]*p2.pol3*gs*alphaR05 )

       + p1.pol1*p3.pol2*sSS^3 * ( 4*fsu3[a99,a97,a95]*p1.pol3*gs*
         alphaR05 + 2*fsu3[a99,a97,a95]*p3.pol3*gs*alphaR05 )

       + p1.pol1*pol2.pol3*sSS^3 * ( 2*fsu3[a99,a97,a95]*p1.p2*gs*
         alphaR05 - 2*fsu3[a99,a97,a95]*p1.p3*gs*alphaR05 + 2*fsu3[a99,
         a97,a95]*p2.p2*gs*alphaR05 - 2*fsu3[a99,a97,a95]*p3.p3*gs*
         alphaR05 )

       + p1.pol2*p3.pol1*sSS^3 * ( 6*fsu3[a99,a97,a95]*p2.pol3*alphaO12
          - 4*fsu3[a99,a97,a95]*p3.pol3*gs*alphaR05 )

       + p1.pol2*pol1.pol3*sSS^3 * ( 2*fsu3[a99,a97,a95]*p2.p2*gs*
         alphaR05 - 6*fsu3[a99,a97,a95]*p2.p3*alphaO12 + 4*fsu3[a99,a97
         ,a95]*p3.p3*gs*alphaR05 )

       + p2.pol1*p2.pol2*sSS^3 * ( 4*fsu3[a99,a97,a95]*p1.pol3*gs*
         alphaR05 + 2*fsu3[a99,a97,a95]*p3.pol3*gs*alphaR05 )

       + p2.pol1*p3.pol2*sSS^3 * (  - 6*fsu3[a99,a97,a95]*p1.pol3*
         alphaO12 + 4*fsu3[a99,a97,a95]*p3.pol3*gs*alphaR05 )

       + p2.pol1*pol2.pol3*sSS^3 * (  - 2*fsu3[a99,a97,a95]*p1.p1*gs*
         alphaR05 + 6*fsu3[a99,a97,a95]*p1.p3*alphaO12 - 4*fsu3[a99,a97
         ,a95]*p3.p3*gs*alphaR05 )

       + p2.pol2*p3.pol1*sSS^3 * (  - 4*fsu3[a99,a97,a95]*p2.pol3*gs*
         alphaR05 - 2*fsu3[a99,a97,a95]*p3.pol3*gs*alphaR05 )

       + p2.pol2*pol1.pol3*sSS^3 * (  - 2*fsu3[a99,a97,a95]*p1.p1*gs*
         alphaR05 - 2*fsu3[a99,a97,a95]*p1.p2*gs*alphaR05 + 2*fsu3[a99,
         a97,a95]*p2.p3*gs*alphaR05 + 2*fsu3[a99,a97,a95]*p3.p3*gs*
         alphaR05 )

       + p3.pol1*pol2.pol3*sSS^3 * ( 2*fsu3[a99,a97,a95]*p1.p1*gs*
         alphaR05 - 6*fsu3[a99,a97,a95]*p1.p2*alphaO12 + 4*fsu3[a99,a97
         ,a95]*p2.p2*gs*alphaR05 )

       + p3.pol2*pol1.pol3*sSS^3 * (  - 4*fsu3[a99,a97,a95]*p1.p1*gs*
         alphaR05 + 6*fsu3[a99,a97,a95]*p1.p2*alphaO12 - 2*fsu3[a99,a97
         ,a95]*p2.p2*gs*alphaR05 )

       + pol1.pol2*sSS^3 * ( 4*fsu3[a99,a97,a95]*p1.p1*p2.pol3*gs*
         alphaR05 + 2*fsu3[a99,a97,a95]*p1.p1*p3.pol3*gs*alphaR05 - 6*
         fsu3[a99,a97,a95]*p1.p3*p2.pol3*alphaO12 + 2*fsu3[a99,a97,a95]
         *p1.p3*p3.pol3*gs*alphaR05 - 4*fsu3[a99,a97,a95]*p1.pol3*p2.p2
         *gs*alphaR05 + 6*fsu3[a99,a97,a95]*p1.pol3*p2.p3*alphaO12 - 2*
         fsu3[a99,a97,a95]*p1.pol3*p3.p3*gs*alphaR05 - 2*fsu3[a99,a97,
         a95]*p2.p2*p3.pol3*gs*alphaR05 - 2*fsu3[a99,a97,a95]*p2.p3*
         p3.pol3*gs*alphaR05 + 2*fsu3[a99,a97,a95]*p2.pol3*p3.p3*gs*
         alphaR05 - 2*fsu3[a99,a97,a95]*e_[p1,p2,p3,pol3]*alphaO13 )

       + e_[p1,p2,p3,pol1]*pol2.pol3*sSS^3 * (  - 2*fsu3[a99,a97,a95]*
         alphaO13 )

       + e_[p1,p2,p3,pol2]*pol1.pol3*sSS^3 * (  - 2*fsu3[a99,a97,a95]*
         alphaO13 )

       + e_[p1,p2,pol1,pol3]*p3.pol2*sSS^3 * (  - 2*fsu3[a99,a97,a95]*
         alphaO13 )

       + e_[p1,p2,pol2,pol3]*p3.pol1*sSS^3 * (  - 2*fsu3[a99,a97,a95]*
         alphaO13 )

       + e_[p1,p3,pol1,pol2]*sSS^3 * ( 2*fsu3[a99,a97,a95]*p2.pol3*
         alphaO13 )

       + e_[p1,p3,pol2,pol3]*p2.pol1*sSS^3 * (  - 2*fsu3[a99,a97,a95]*
         alphaO13 )

       + e_[p1,pol1,pol2,pol3]*sSS^3 * (  - 2*fsu3[a99,a97,a95]*p2.p3*
         alphaO13 )

       + e_[p2,p3,pol1,pol2]*sSS^3 * ( 2*fsu3[a99,a97,a95]*p1.pol3*
         alphaO13 )

       + e_[p2,p3,pol1,pol3]*p1.pol2*sSS^3 * ( 2*fsu3[a99,a97,a95]*
         alphaO13 )

       + e_[p2,pol1,pol2,pol3]*sSS^3 * (  - 2*fsu3[a99,a97,a95]*p1.p3*
         alphaO13 )

       + e_[p3,pol1,pol2,pol3]*sSS^3 * (  - 2*fsu3[a99,a97,a95]*p1.p2*
         alphaO13 );

  0.02 sec out of 0.01 sec
