FORM 4.2.0 (Jul  6 2017, v4.2.0) 64-bits         Run: Tue Apr  3 00:22:13 2018
    * -*-Form-*-
    
    #: Parentheses 2000
    #-

   amplPhiPhiPhibarPhibar =
       + sSS^2 * (  - d_(l99,l93)*d_(l97,l95)*p1.p1*I*alphaR01 - 
         d_(l99,l93)*d_(l97,l95)*p1.p1*I*alphaO02 - d_(l99,l93)*
         d_(l97,l95)*p1.p3*I*alphaO01 - 2*d_(l99,l93)*d_(l97,l95)*p1.p4
         *I*alphaO02 - d_(l99,l93)*d_(l97,l95)*p3.p3*I*alphaR01bar - 
         d_(l99,l93)*d_(l97,l95)*p3.p3*I*alphaO02 - 2*d_(l99,l93)*
         d_(l97,l95)*p3.p2*I*alphaO02 - d_(l99,l93)*d_(l97,l95)*p4.p4*I
         *alphaR01bar - d_(l99,l93)*d_(l97,l95)*p4.p4*I*alphaO02 - 
         d_(l99,l93)*d_(l97,l95)*p4.p2*I*alphaO01 - d_(l99,l93)*
         d_(l97,l95)*p2.p2*I*alphaR01 - d_(l99,l93)*d_(l97,l95)*p2.p2*I
         *alphaO02 - d_(l99,l95)*d_(l93,l97)*p1.p1*I*alphaR01 - 
         d_(l99,l95)*d_(l93,l97)*p1.p1*I*alphaO02 - 2*d_(l99,l95)*
         d_(l93,l97)*p1.p3*I*alphaO02 - d_(l99,l95)*d_(l93,l97)*p1.p4*I
         *alphaO01 - d_(l99,l95)*d_(l93,l97)*p3.p3*I*alphaR01bar - 
         d_(l99,l95)*d_(l93,l97)*p3.p3*I*alphaO02 - d_(l99,l95)*
         d_(l93,l97)*p3.p2*I*alphaO01 - d_(l99,l95)*d_(l93,l97)*p4.p4*I
         *alphaR01bar - d_(l99,l95)*d_(l93,l97)*p4.p4*I*alphaO02 - 2*
         d_(l99,l95)*d_(l93,l97)*p4.p2*I*alphaO02 - d_(l99,l95)*
         d_(l93,l97)*p2.p2*I*alphaR01 - d_(l99,l95)*d_(l93,l97)*p2.p2*I
         *alphaO02 );

  0.01 sec out of 0.00 sec
