FORM 4.2.0 (Jul  6 2017, v4.2.0) 64-bits         Run: Sun Apr 15 23:53:15 2018
    * -*-Form-*-
    
    #: Parentheses 2000
    #-

   amplPhibarPhiWiB =
       + sSS^2 * (  - 2*Ta[n95,l99,l97]*p3.p3*pol3.pol4*I*g1*alphaR04
          + Ta[n95,l99,l97]*p3.p3*pol3.pol4*I*g1*gw*alphaR02 - 4*Ta[n95
         ,l99,l97]*p3.p4*pol3.pol4*I*alphaO10 + 2*Ta[n95,l99,l97]*p3.p4
         *pol3.pol4*I*g1*gw*alphaR02 + 2*Ta[n95,l99,l97]*p3.p2*
         pol3.pol4*I*g1*gw*alphaR02 + 2*Ta[n95,l99,l97]*p3.pol3*p3.pol4
         *I*g1*alphaR04 + Ta[n95,l99,l97]*p3.pol3*p3.pol4*I*g1*gw*
         alphaR02 + Ta[n95,l99,l97]*p3.pol3*p4.pol4*I*g1*gw*alphaR02 + 
         2*Ta[n95,l99,l97]*p3.pol3*p2.pol4*I*g1*gw*alphaR02 + 4*Ta[n95,
         l99,l97]*p3.pol4*p4.pol3*I*alphaO10 + 2*Ta[n95,l99,l97]*
         p3.pol4*p2.pol3*I*g1*gw*alphaR02 - 2*Ta[n95,l99,l97]*p4.p4*
         pol3.pol4*I*gw*alphaR03 + Ta[n95,l99,l97]*p4.p4*pol3.pol4*I*g1
         *gw*alphaR02 + 2*Ta[n95,l99,l97]*p4.p2*pol3.pol4*I*g1*gw*
         alphaR02 + 2*Ta[n95,l99,l97]*p4.pol3*p4.pol4*I*gw*alphaR03 + 
         Ta[n95,l99,l97]*p4.pol3*p4.pol4*I*g1*gw*alphaR02 + 2*Ta[n95,
         l99,l97]*p4.pol3*p2.pol4*I*g1*gw*alphaR02 + 2*Ta[n95,l99,l97]*
         p4.pol4*p2.pol3*I*g1*gw*alphaR02 + 2*Ta[n95,l99,l97]*p2.p2*
         pol3.pol4*I*g1*gw*alphaR02 + 4*Ta[n95,l99,l97]*p2.pol3*p2.pol4
         *I*g1*gw*alphaR02 + 4*Ta[n95,l99,l97]*e_[p3,p4,pol3,pol4]*I*
         alphaO11 );

  0.01 sec out of 0.00 sec
