FORM 4.2.0 (Jul  6 2017, v4.2.0) 64-bits         Run: Tue Apr  3 00:22:13 2018
    * -*-Form-*-
    
    #: Parentheses 2000
    #-

   amplPhibarPhiBB =
       + sSS^2 * (  - d_(l97,l99)*p3.p3*pol3.pol4*I*g1*alphaR03 + 1/2*
         d_(l97,l99)*p3.p3*pol3.pol4*I*g1^2*alphaR02 - 4*d_(l97,l99)*
         p3.p4*pol3.pol4*I*alphaO08 + d_(l97,l99)*p3.p4*pol3.pol4*I*
         g1^2*alphaR02 + d_(l97,l99)*p3.p2*pol3.pol4*I*g1^2*alphaR02 + 
         d_(l97,l99)*p3.pol3*p3.pol4*I*g1*alphaR03 + 1/2*d_(l97,l99)*
         p3.pol3*p3.pol4*I*g1^2*alphaR02 + 1/2*d_(l97,l99)*p3.pol3*
         p4.pol4*I*g1^2*alphaR02 + d_(l97,l99)*p3.pol3*p2.pol4*I*g1^2*
         alphaR02 + 4*d_(l97,l99)*p3.pol4*p4.pol3*I*alphaO08 + 
         d_(l97,l99)*p3.pol4*p2.pol3*I*g1^2*alphaR02 - d_(l97,l99)*
         p4.p4*pol3.pol4*I*g1*alphaR03 + 1/2*d_(l97,l99)*p4.p4*
         pol3.pol4*I*g1^2*alphaR02 + d_(l97,l99)*p4.p2*pol3.pol4*I*g1^2
         *alphaR02 + d_(l97,l99)*p4.pol3*p4.pol4*I*g1*alphaR03 + 1/2*
         d_(l97,l99)*p4.pol3*p4.pol4*I*g1^2*alphaR02 + d_(l97,l99)*
         p4.pol3*p2.pol4*I*g1^2*alphaR02 + d_(l97,l99)*p4.pol4*p2.pol3*
         I*g1^2*alphaR02 + d_(l97,l99)*p2.p2*pol3.pol4*I*g1^2*alphaR02
          + 2*d_(l97,l99)*p2.pol3*p2.pol4*I*g1^2*alphaR02 + 4*e_[p3,p4,
         pol3,pol4]*d_(l97,l99)*I*alphaO09 );

  0.01 sec out of 0.00 sec
