FORM 4.2.0 (Jul  6 2017, v4.2.0) 64-bits         Run: Tue Apr  3 00:22:13 2018
    * -*-Form-*-
    
    #: Parentheses 2000
    #-

   amplWiBPhiPhibar =
       + p1.pol1*p1.pol2*sSS^2 * ( 2*Ta[n99,l93,l95]*I*g1*alphaR04 + 
         Ta[n99,l93,l95]*I*g1*gw*alphaR02 )

       + p1.pol1*p2.pol2*sSS^2 * ( Ta[n99,l93,l95]*I*g1*gw*alphaR02 )

       + p1.pol1*p3.pol2*sSS^2 * ( 2*Ta[n99,l93,l95]*I*g1*gw*alphaR02 )

       + p1.pol2*p2.pol1*sSS^2 * ( 4*Ta[n99,l93,l95]*I*alphaO10 )

       + p1.pol2*p3.pol1*sSS^2 * ( 2*Ta[n99,l93,l95]*I*g1*gw*alphaR02 )

       + p2.pol1*p2.pol2*sSS^2 * ( 2*Ta[n99,l93,l95]*I*gw*alphaR03 + 
         Ta[n99,l93,l95]*I*g1*gw*alphaR02 )

       + p2.pol1*p3.pol2*sSS^2 * ( 2*Ta[n99,l93,l95]*I*g1*gw*alphaR02 )

       + p2.pol2*p3.pol1*sSS^2 * ( 2*Ta[n99,l93,l95]*I*g1*gw*alphaR02 )

       + p3.pol1*p3.pol2*sSS^2 * ( 4*Ta[n99,l93,l95]*I*g1*gw*alphaR02 )

       + pol1.pol2*sSS^2 * (  - 2*Ta[n99,l93,l95]*p1.p1*I*g1*alphaR04
          + Ta[n99,l93,l95]*p1.p1*I*g1*gw*alphaR02 - 4*Ta[n99,l93,l95]*
         p1.p2*I*alphaO10 + 2*Ta[n99,l93,l95]*p1.p2*I*g1*gw*alphaR02 + 
         2*Ta[n99,l93,l95]*p1.p3*I*g1*gw*alphaR02 - 2*Ta[n99,l93,l95]*
         p2.p2*I*gw*alphaR03 + Ta[n99,l93,l95]*p2.p2*I*g1*gw*alphaR02
          + 2*Ta[n99,l93,l95]*p2.p3*I*g1*gw*alphaR02 + 2*Ta[n99,l93,l95
         ]*p3.p3*I*g1*gw*alphaR02 )

       + e_[p1,p2,pol1,pol2]*sSS^2 * ( 4*Ta[n99,l93,l95]*I*alphaO11 );

  0.01 sec out of 0.00 sec
