FORM 4.2.0 (Jul  6 2017, v4.2.0) 64-bits         Run: Fri Mar  2 17:14:15 2018
    * -*-Form-*-
    
    #: Parentheses 2000
    #-

   ampldRbardReRbareR =
       - 1/8*Log[MHQ^2]*lamprimeQd[f97]*yl[f8,f93]*lamprimeQdbar[f99]*
         ylbar[f8,f95]*gam[y99,FIVE,mugam2,y97]*gam[y95,FIVE,mugam2,y93
         ]*uspin[p2,y97]*uspin[p4,y93]*vbspin[p1,y99]*vbspin[p3,y95]*
         d_(m99,m97)*FourPi^(-2)*I^9*MHQ^(-2) + 1/8*Log[MHQ^2]*
         lamprimeQd[f97]*yl[f8,f93]*lamprimeQdbar[f99]*ylbar[f8,f95]*
         gam[y99,FIVE,mugam2,y97]*gam[y95,mugam2,y93]*uspin[p2,y97]*
         uspin[p4,y93]*vbspin[p1,y99]*vbspin[p3,y95]*d_(m99,m97)*
         FourPi^(-2)*I^9*MHQ^(-2) + 1/8*Log[MHQ^2]*lamprimeQd[f97]*yl[
         f8,f93]*lamprimeQdbar[f99]*ylbar[f8,f95]*gam[y99,mugam2,y97]*
         gam[y95,FIVE,mugam2,y93]*uspin[p2,y97]*uspin[p4,y93]*vbspin[p1
         ,y99]*vbspin[p3,y95]*d_(m99,m97)*FourPi^(-2)*I^9*MHQ^(-2) - 1/
         8*Log[MHQ^2]*lamprimeQd[f97]*yl[f8,f93]*lamprimeQdbar[f99]*
         ylbar[f8,f95]*gam[y99,mugam2,y97]*gam[y95,mugam2,y93]*uspin[p2
         ,y97]*uspin[p4,y93]*vbspin[p1,y99]*vbspin[p3,y95]*d_(m99,m97)*
         FourPi^(-2)*I^9*MHQ^(-2) + 3/16*lamprimeQd[f97]*yl[f8,f93]*
         lamprimeQdbar[f99]*ylbar[f8,f95]*gam[y99,FIVE,mugam2,y97]*gam[
         y95,FIVE,mugam2,y93]*uspin[p2,y97]*uspin[p4,y93]*vbspin[p1,y99
         ]*vbspin[p3,y95]*d_(m99,m97)*FourPi^(-2)*I^9*MHQ^(-2) - 3/16*
         lamprimeQd[f97]*yl[f8,f93]*lamprimeQdbar[f99]*ylbar[f8,f95]*
         gam[y99,FIVE,mugam2,y97]*gam[y95,mugam2,y93]*uspin[p2,y97]*
         uspin[p4,y93]*vbspin[p1,y99]*vbspin[p3,y95]*d_(m99,m97)*
         FourPi^(-2)*I^9*MHQ^(-2) - 3/16*lamprimeQd[f97]*yl[f8,f93]*
         lamprimeQdbar[f99]*ylbar[f8,f95]*gam[y99,mugam2,y97]*gam[y95,
         FIVE,mugam2,y93]*uspin[p2,y97]*uspin[p4,y93]*vbspin[p1,y99]*
         vbspin[p3,y95]*d_(m99,m97)*FourPi^(-2)*I^9*MHQ^(-2) + 3/16*
         lamprimeQd[f97]*yl[f8,f93]*lamprimeQdbar[f99]*ylbar[f8,f95]*
         gam[y99,mugam2,y97]*gam[y95,mugam2,y93]*uspin[p2,y97]*uspin[p4
         ,y93]*vbspin[p1,y99]*vbspin[p3,y95]*d_(m99,m97)*FourPi^(-2)*
         I^9*MHQ^(-2);

  0.00 sec out of 0.00 sec
