FORM 4.2.0 (Jul  6 2017, v4.2.0) 64-bits         Run: Fri Mar  2 17:14:15 2018
    * -*-Form-*-
    
    #: Parentheses 2000
    #-

   ampldRbardRG =
       + sSS^2 * ( 5/36*lamprimeQd[f97]*lamprimeQdbar[f99]*T[a95,m99,
         m97]*gam[y99,FIVE,p1,pol3,p1,y97]*uspin[p2,y97]*vbspin[p1,y99]
         *FourPi^(-2)*I^7*gs*MHQ^(-2) + 5/9*lamprimeQd[f97]*
         lamprimeQdbar[f99]*T[a95,m99,m97]*gam[y99,FIVE,p1,pol3,p2,y97]
         *uspin[p2,y97]*vbspin[p1,y99]*FourPi^(-2)*I^7*gs*MHQ^(-2) + 1/
         18*lamprimeQd[f97]*lamprimeQdbar[f99]*T[a95,m99,m97]*gam[y99,
         FIVE,p2,pol3,p1,y97]*uspin[p2,y97]*vbspin[p1,y99]*FourPi^(-2)*
         I^7*gs*MHQ^(-2) + 5/36*lamprimeQd[f97]*lamprimeQdbar[f99]*T[
         a95,m99,m97]*gam[y99,FIVE,p2,pol3,p2,y97]*uspin[p2,y97]*
         vbspin[p1,y99]*FourPi^(-2)*I^7*gs*MHQ^(-2) - 17/36*lamprimeQd[
         f97]*lamprimeQdbar[f99]*T[a95,m99,m97]*gam[y99,FIVE,pol3,y97]*
         uspin[p2,y97]*vbspin[p1,y99]*p1.p1*FourPi^(-2)*I^7*gs*MHQ^(-2)
          - 5/18*lamprimeQd[f97]*lamprimeQdbar[f99]*T[a95,m99,m97]*gam[
         y99,FIVE,pol3,y97]*uspin[p2,y97]*vbspin[p1,y99]*p1.p2*
         FourPi^(-2)*I^7*gs*MHQ^(-2) - 17/36*lamprimeQd[f97]*
         lamprimeQdbar[f99]*T[a95,m99,m97]*gam[y99,FIVE,pol3,y97]*
         uspin[p2,y97]*vbspin[p1,y99]*p2.p2*FourPi^(-2)*I^7*gs*MHQ^(-2)
          - 5/36*lamprimeQd[f97]*lamprimeQdbar[f99]*T[a95,m99,m97]*gam[
         y99,p1,pol3,p1,y97]*uspin[p2,y97]*vbspin[p1,y99]*FourPi^(-2)*
         I^7*gs*MHQ^(-2) - 5/9*lamprimeQd[f97]*lamprimeQdbar[f99]*T[a95
         ,m99,m97]*gam[y99,p1,pol3,p2,y97]*uspin[p2,y97]*vbspin[p1,y99]
         *FourPi^(-2)*I^7*gs*MHQ^(-2) - 1/18*lamprimeQd[f97]*
         lamprimeQdbar[f99]*T[a95,m99,m97]*gam[y99,p2,pol3,p1,y97]*
         uspin[p2,y97]*vbspin[p1,y99]*FourPi^(-2)*I^7*gs*MHQ^(-2) - 5/
         36*lamprimeQd[f97]*lamprimeQdbar[f99]*T[a95,m99,m97]*gam[y99,
         p2,pol3,p2,y97]*uspin[p2,y97]*vbspin[p1,y99]*FourPi^(-2)*I^7*
         gs*MHQ^(-2) + 17/36*lamprimeQd[f97]*lamprimeQdbar[f99]*T[a95,
         m99,m97]*gam[y99,pol3,y97]*uspin[p2,y97]*vbspin[p1,y99]*p1.p1*
         FourPi^(-2)*I^7*gs*MHQ^(-2) + 5/18*lamprimeQd[f97]*
         lamprimeQdbar[f99]*T[a95,m99,m97]*gam[y99,pol3,y97]*uspin[p2,
         y97]*vbspin[p1,y99]*p1.p2*FourPi^(-2)*I^7*gs*MHQ^(-2) + 17/36*
         lamprimeQd[f97]*lamprimeQdbar[f99]*T[a95,m99,m97]*gam[y99,pol3
         ,y97]*uspin[p2,y97]*vbspin[p1,y99]*p2.p2*FourPi^(-2)*I^7*gs*
         MHQ^(-2) )

       + 1/2*Log[MHQ^2]*lamprimeQd[f97]*lamprimeQdbar[f99]*T[a95,m99,
      m97]*gam[y99,FIVE,pol3,y97]*uspin[p2,y97]*vbspin[p1,y99]*
      FourPi^(-2)*I^7*gs - 1/2*Log[MHQ^2]*lamprimeQd[f97]*
         lamprimeQdbar[f99]*T[a95,m99,m97]*gam[y99,pol3,y97]*uspin[p2,
         y97]*vbspin[p1,y99]*FourPi^(-2)*I^7*gs - 3/4*lamprimeQd[f97]*
         lamprimeQdbar[f99]*T[a95,m99,m97]*gam[y99,FIVE,pol3,y97]*
         uspin[p2,y97]*vbspin[p1,y99]*FourPi^(-2)*I^7*gs + 3/4*
         lamprimeQd[f97]*lamprimeQdbar[f99]*T[a95,m99,m97]*gam[y99,pol3
         ,y97]*uspin[p2,y97]*vbspin[p1,y99]*FourPi^(-2)*I^7*gs;

  0.06 sec out of 0.05 sec
