FORM 4.2.0 (Jul  6 2017, v4.2.0) 64-bits         Run: Fri Mar  2 17:10:31 2018
    * -*-Form-*-
    
    #: Parentheses 2000
    #-

   ampldRbardR =
       + sSS * ( 1/2*Log[MHQ^2]*lamprimeQd[f97]*lamprimeQdbar[f99]*gam[
         y99,FIVE,p1,y97]*uspin[p2,y97]*vbspin[p1,y99]*d_(m99,m97)*
         FourPi^(-2)*I^5 - 1/2*Log[MHQ^2]*lamprimeQd[f97]*
         lamprimeQdbar[f99]*gam[y99,p1,y97]*uspin[p2,y97]*vbspin[p1,y99
         ]*d_(m99,m97)*FourPi^(-2)*I^5 - 3/4*lamprimeQd[f97]*
         lamprimeQdbar[f99]*gam[y99,FIVE,p1,y97]*uspin[p2,y97]*vbspin[
         p1,y99]*d_(m99,m97)*FourPi^(-2)*I^5 + 3/4*lamprimeQd[f97]*
         lamprimeQdbar[f99]*gam[y99,p1,y97]*uspin[p2,y97]*vbspin[p1,y99
         ]*d_(m99,m97)*FourPi^(-2)*I^5 )

       + sSS^3 * (  - 1/3*lamprimeQd[f97]*lamprimeQdbar[f99]*gam[y99,
         FIVE,p1,y97]*uspin[p2,y97]*vbspin[p1,y99]*d_(m99,m97)*p1.p1*
         FourPi^(-2)*I^5*MHQ^(-2) + 1/3*lamprimeQd[f97]*lamprimeQdbar[
         f99]*gam[y99,p1,y97]*uspin[p2,y97]*vbspin[p1,y99]*d_(m99,m97)*
         p1.p1*FourPi^(-2)*I^5*MHQ^(-2) );

  0.01 sec out of 0.00 sec
