FORM 4.2.0 (Jul  6 2017, v4.2.0) 64-bits         Run: Fri Mar  2 17:09:56 2018
    * -*-Form-*-
    
    #: Parentheses 2000
    #-

   ampldRbardRB =
       + sSS^2 * (  - 1/12*Log[MHQ^2]*lamprimeQd[f97]*lamprimeQdbar[f99
         ]*gam[y99,FIVE,p1,y97]*uspin[p2,y97]*vbspin[p1,y99]*
         d_(m99,m97)*p1.pol3*FourPi^(-2)*I^7*g1*MHQ^(-2) - 1/12*Log[
         MHQ^2]*lamprimeQd[f97]*lamprimeQdbar[f99]*gam[y99,FIVE,p1,y97]
         *uspin[p2,y97]*vbspin[p1,y99]*d_(m99,m97)*p2.pol3*FourPi^(-2)*
         I^7*g1*MHQ^(-2) - 1/12*Log[MHQ^2]*lamprimeQd[f97]*
         lamprimeQdbar[f99]*gam[y99,FIVE,p2,y97]*uspin[p2,y97]*vbspin[
         p1,y99]*d_(m99,m97)*p1.pol3*FourPi^(-2)*I^7*g1*MHQ^(-2) - 1/12
         *Log[MHQ^2]*lamprimeQd[f97]*lamprimeQdbar[f99]*gam[y99,FIVE,p2
         ,y97]*uspin[p2,y97]*vbspin[p1,y99]*d_(m99,m97)*p2.pol3*
         FourPi^(-2)*I^7*g1*MHQ^(-2) + 1/12*Log[MHQ^2]*lamprimeQd[f97]*
         lamprimeQdbar[f99]*gam[y99,FIVE,pol3,y97]*uspin[p2,y97]*
         vbspin[p1,y99]*d_(m99,m97)*p1.p1*FourPi^(-2)*I^7*g1*MHQ^(-2)
          + 1/6*Log[MHQ^2]*lamprimeQd[f97]*lamprimeQdbar[f99]*gam[y99,
         FIVE,pol3,y97]*uspin[p2,y97]*vbspin[p1,y99]*d_(m99,m97)*p1.p2*
         FourPi^(-2)*I^7*g1*MHQ^(-2) + 1/12*Log[MHQ^2]*lamprimeQd[f97]*
         lamprimeQdbar[f99]*gam[y99,FIVE,pol3,y97]*uspin[p2,y97]*
         vbspin[p1,y99]*d_(m99,m97)*p2.p2*FourPi^(-2)*I^7*g1*MHQ^(-2)
          + 1/12*Log[MHQ^2]*lamprimeQd[f97]*lamprimeQdbar[f99]*gam[y99,
         p1,y97]*uspin[p2,y97]*vbspin[p1,y99]*d_(m99,m97)*p1.pol3*
         FourPi^(-2)*I^7*g1*MHQ^(-2) + 1/12*Log[MHQ^2]*lamprimeQd[f97]*
         lamprimeQdbar[f99]*gam[y99,p1,y97]*uspin[p2,y97]*vbspin[p1,y99
         ]*d_(m99,m97)*p2.pol3*FourPi^(-2)*I^7*g1*MHQ^(-2) + 1/12*Log[
         MHQ^2]*lamprimeQd[f97]*lamprimeQdbar[f99]*gam[y99,p2,y97]*
         uspin[p2,y97]*vbspin[p1,y99]*d_(m99,m97)*p1.pol3*FourPi^(-2)*
         I^7*g1*MHQ^(-2) + 1/12*Log[MHQ^2]*lamprimeQd[f97]*
         lamprimeQdbar[f99]*gam[y99,p2,y97]*uspin[p2,y97]*vbspin[p1,y99
         ]*d_(m99,m97)*p2.pol3*FourPi^(-2)*I^7*g1*MHQ^(-2) - 1/12*Log[
         MHQ^2]*lamprimeQd[f97]*lamprimeQdbar[f99]*gam[y99,pol3,y97]*
         uspin[p2,y97]*vbspin[p1,y99]*d_(m99,m97)*p1.p1*FourPi^(-2)*I^7
         *g1*MHQ^(-2) - 1/6*Log[MHQ^2]*lamprimeQd[f97]*lamprimeQdbar[
         f99]*gam[y99,pol3,y97]*uspin[p2,y97]*vbspin[p1,y99]*
         d_(m99,m97)*p1.p2*FourPi^(-2)*I^7*g1*MHQ^(-2) - 1/12*Log[MHQ^2
         ]*lamprimeQd[f97]*lamprimeQdbar[f99]*gam[y99,pol3,y97]*uspin[
         p2,y97]*vbspin[p1,y99]*d_(m99,m97)*p2.p2*FourPi^(-2)*I^7*g1*
         MHQ^(-2) + 5/216*lamprimeQd[f97]*lamprimeQdbar[f99]*gam[y99,
         FIVE,p1,pol3,p1,y97]*uspin[p2,y97]*vbspin[p1,y99]*d_(m99,m97)*
         FourPi^(-2)*I^7*g1*MHQ^(-2) + 5/54*lamprimeQd[f97]*
         lamprimeQdbar[f99]*gam[y99,FIVE,p1,pol3,p2,y97]*uspin[p2,y97]*
         vbspin[p1,y99]*d_(m99,m97)*FourPi^(-2)*I^7*g1*MHQ^(-2) + 17/72
         *lamprimeQd[f97]*lamprimeQdbar[f99]*gam[y99,FIVE,p1,y97]*
         uspin[p2,y97]*vbspin[p1,y99]*d_(m99,m97)*p1.pol3*FourPi^(-2)*
         I^7*g1*MHQ^(-2) + 5/72*lamprimeQd[f97]*lamprimeQdbar[f99]*gam[
         y99,FIVE,p1,y97]*uspin[p2,y97]*vbspin[p1,y99]*d_(m99,m97)*
         p2.pol3*FourPi^(-2)*I^7*g1*MHQ^(-2) + 1/108*lamprimeQd[f97]*
         lamprimeQdbar[f99]*gam[y99,FIVE,p2,pol3,p1,y97]*uspin[p2,y97]*
         vbspin[p1,y99]*d_(m99,m97)*FourPi^(-2)*I^7*g1*MHQ^(-2) + 5/216
         *lamprimeQd[f97]*lamprimeQdbar[f99]*gam[y99,FIVE,p2,pol3,p2,
         y97]*uspin[p2,y97]*vbspin[p1,y99]*d_(m99,m97)*FourPi^(-2)*I^7*
         g1*MHQ^(-2) + 5/72*lamprimeQd[f97]*lamprimeQdbar[f99]*gam[y99,
         FIVE,p2,y97]*uspin[p2,y97]*vbspin[p1,y99]*d_(m99,m97)*p1.pol3*
         FourPi^(-2)*I^7*g1*MHQ^(-2) + 17/72*lamprimeQd[f97]*
         lamprimeQdbar[f99]*gam[y99,FIVE,p2,y97]*uspin[p2,y97]*vbspin[
         p1,y99]*d_(m99,m97)*p2.pol3*FourPi^(-2)*I^7*g1*MHQ^(-2) - 4/27
         *lamprimeQd[f97]*lamprimeQdbar[f99]*gam[y99,FIVE,pol3,y97]*
         uspin[p2,y97]*vbspin[p1,y99]*d_(m99,m97)*p1.p1*FourPi^(-2)*I^7
         *g1*MHQ^(-2) - 19/54*lamprimeQd[f97]*lamprimeQdbar[f99]*gam[
         y99,FIVE,pol3,y97]*uspin[p2,y97]*vbspin[p1,y99]*d_(m99,m97)*
         p1.p2*FourPi^(-2)*I^7*g1*MHQ^(-2) - 4/27*lamprimeQd[f97]*
         lamprimeQdbar[f99]*gam[y99,FIVE,pol3,y97]*uspin[p2,y97]*
         vbspin[p1,y99]*d_(m99,m97)*p2.p2*FourPi^(-2)*I^7*g1*MHQ^(-2)
          - 5/216*lamprimeQd[f97]*lamprimeQdbar[f99]*gam[y99,p1,pol3,p1
         ,y97]*uspin[p2,y97]*vbspin[p1,y99]*d_(m99,m97)*FourPi^(-2)*I^7
         *g1*MHQ^(-2) - 5/54*lamprimeQd[f97]*lamprimeQdbar[f99]*gam[y99
         ,p1,pol3,p2,y97]*uspin[p2,y97]*vbspin[p1,y99]*d_(m99,m97)*
         FourPi^(-2)*I^7*g1*MHQ^(-2) - 17/72*lamprimeQd[f97]*
         lamprimeQdbar[f99]*gam[y99,p1,y97]*uspin[p2,y97]*vbspin[p1,y99
         ]*d_(m99,m97)*p1.pol3*FourPi^(-2)*I^7*g1*MHQ^(-2) - 5/72*
         lamprimeQd[f97]*lamprimeQdbar[f99]*gam[y99,p1,y97]*uspin[p2,
         y97]*vbspin[p1,y99]*d_(m99,m97)*p2.pol3*FourPi^(-2)*I^7*g1*
         MHQ^(-2) - 1/108*lamprimeQd[f97]*lamprimeQdbar[f99]*gam[y99,p2
         ,pol3,p1,y97]*uspin[p2,y97]*vbspin[p1,y99]*d_(m99,m97)*
         FourPi^(-2)*I^7*g1*MHQ^(-2) - 5/216*lamprimeQd[f97]*
         lamprimeQdbar[f99]*gam[y99,p2,pol3,p2,y97]*uspin[p2,y97]*
         vbspin[p1,y99]*d_(m99,m97)*FourPi^(-2)*I^7*g1*MHQ^(-2) - 5/72*
         lamprimeQd[f97]*lamprimeQdbar[f99]*gam[y99,p2,y97]*uspin[p2,
         y97]*vbspin[p1,y99]*d_(m99,m97)*p1.pol3*FourPi^(-2)*I^7*g1*
         MHQ^(-2) - 17/72*lamprimeQd[f97]*lamprimeQdbar[f99]*gam[y99,p2
         ,y97]*uspin[p2,y97]*vbspin[p1,y99]*d_(m99,m97)*p2.pol3*
         FourPi^(-2)*I^7*g1*MHQ^(-2) + 4/27*lamprimeQd[f97]*
         lamprimeQdbar[f99]*gam[y99,pol3,y97]*uspin[p2,y97]*vbspin[p1,
         y99]*d_(m99,m97)*p1.p1*FourPi^(-2)*I^7*g1*MHQ^(-2) + 19/54*
         lamprimeQd[f97]*lamprimeQdbar[f99]*gam[y99,pol3,y97]*uspin[p2,
         y97]*vbspin[p1,y99]*d_(m99,m97)*p1.p2*FourPi^(-2)*I^7*g1*
         MHQ^(-2) + 4/27*lamprimeQd[f97]*lamprimeQdbar[f99]*gam[y99,
         pol3,y97]*uspin[p2,y97]*vbspin[p1,y99]*d_(m99,m97)*p2.p2*
         FourPi^(-2)*I^7*g1*MHQ^(-2) )

       - 1/6*Log[MHQ^2]*lamprimeQd[f97]*lamprimeQdbar[f99]*gam[y99,FIVE
      ,pol3,y97]*uspin[p2,y97]*vbspin[p1,y99]*d_(m99,m97)*FourPi^(-2)*
      I^7*g1 + 1/6*Log[MHQ^2]*lamprimeQd[f97]*lamprimeQdbar[f99]*gam[
         y99,pol3,y97]*uspin[p2,y97]*vbspin[p1,y99]*d_(m99,m97)*
         FourPi^(-2)*I^7*g1 + 1/4*lamprimeQd[f97]*lamprimeQdbar[f99]*
         gam[y99,FIVE,pol3,y97]*uspin[p2,y97]*vbspin[p1,y99]*
         d_(m99,m97)*FourPi^(-2)*I^7*g1 - 1/4*lamprimeQd[f97]*
         lamprimeQdbar[f99]*gam[y99,pol3,y97]*uspin[p2,y97]*vbspin[p1,
         y99]*d_(m99,m97)*FourPi^(-2)*I^7*g1;

  0.08 sec out of 0.08 sec
