FORM 4.2.0 (Jul  6 2017, v4.2.0) 64-bits         Run: Fri Mar  2 17:09:29 2018
    * -*-Form-*-
    
    #: Parentheses 2000
    #-

   amplPhibarPhi =
       + sSS^2 * (  - 3*Log[MHQ^2]*lamprimeQd[f2]*lamprimeQdbar[f2]*
         d_(l99,l97)*p1.p1*FourPi^(-2)*I^5 - 3*Log[MHQ^2]*lamprimeQu[f2
         ]*lamprimeQubar[f2]*e_[l99,l4]*e_[l97,l4]*p1.p1*FourPi^(-2)*
         I^5 - 3*Log[MHT^2]*lamprime[f2]*lamprimebar[f2]*e_[l2,l99]*e_[
         l2,l97]*p1.p1*FourPi^(-2)*I^5 + 3/2*lamprime[f2]*lamprimebar[
         f2]*e_[l2,l99]*e_[l2,l97]*p1.p1*FourPi^(-2)*I^5 + 3/2*
         lamprimeQd[f2]*lamprimeQdbar[f2]*d_(l99,l97)*p1.p1*FourPi^(-2)
         *I^5 + 3/2*lamprimeQu[f2]*lamprimeQubar[f2]*e_[l99,l4]*e_[l97,
         l4]*p1.p1*FourPi^(-2)*I^5 + 21/2/(MHQ^2 - MHT^2)/(MHQ^2 - 
         MHT^2)*e_[l99,l4]*e_[l97,l4]*p1.p1*FourPi^(-2)*I^5*lamprimeQTR
         *MHQ^4*lamprimeQTRbar + 6/(MHQ^2 - MHT^2)/(MHQ^2 - MHT^2)*e_[
         l99,l4]*e_[l97,l4]*p1.p1*FourPi^(-2)*I^5*lamprimeQTR*MHT*MHQ^3
         *lamprimeQTLbar + 6/(MHQ^2 - MHT^2)/(MHQ^2 - MHT^2)*e_[l99,l4]
         *e_[l97,l4]*p1.p1*FourPi^(-2)*I^5*lamprimeQTR*MHT^3*MHQ*
         lamprimeQTLbar + 21/2/(MHQ^2 - MHT^2)/(MHQ^2 - MHT^2)*e_[l99,
         l4]*e_[l97,l4]*p1.p1*FourPi^(-2)*I^5*lamprimeQTR*MHT^4*
         lamprimeQTRbar + 21/2/(MHQ^2 - MHT^2)/(MHQ^2 - MHT^2)*e_[l99,
         l4]*e_[l97,l4]*p1.p1*FourPi^(-2)*I^5*lamprimeQTL*MHQ^4*
         lamprimeQTLbar + 6/(MHQ^2 - MHT^2)/(MHQ^2 - MHT^2)*e_[l99,l4]*
         e_[l97,l4]*p1.p1*FourPi^(-2)*I^5*lamprimeQTL*MHT*MHQ^3*
         lamprimeQTRbar + 6/(MHQ^2 - MHT^2)/(MHQ^2 - MHT^2)*e_[l99,l4]*
         e_[l97,l4]*p1.p1*FourPi^(-2)*I^5*lamprimeQTL*MHT^3*MHQ*
         lamprimeQTRbar + 21/2/(MHQ^2 - MHT^2)/(MHQ^2 - MHT^2)*e_[l99,
         l4]*e_[l97,l4]*p1.p1*FourPi^(-2)*I^5*lamprimeQTL*MHT^4*
         lamprimeQTLbar + 6/(MHQ^2 - MHT^2)/(MHQ^2 - MHT^2)*e_[l99,l4]*
         e_[l97,l4]*p1.p1*I^4*lamprimeQTR*lamprimeQTRbar + 6/(MHQ^2 - 
         MHT^2)/(MHQ^2 - MHT^2)*e_[l99,l4]*e_[l97,l4]*p1.p1*I^4*
         lamprimeQTL*lamprimeQTLbar - 9/(MHQ^2 - MHT^2)/(MHQ^2 - MHT^2)
         *Log[MHQ^2]*e_[l99,l4]*e_[l97,l4]*p1.p1*FourPi^(-2)*I^5*
         lamprimeQTR*MHQ^4*lamprimeQTRbar - 6/(MHQ^2 - MHT^2)/(MHQ^2 - 
         MHT^2)*Log[MHQ^2]*e_[l99,l4]*e_[l97,l4]*p1.p1*FourPi^(-2)*I^5*
         lamprimeQTR*MHT*MHQ^3*lamprimeQTLbar - 9/(MHQ^2 - MHT^2)/(
         MHQ^2 - MHT^2)*Log[MHQ^2]*e_[l99,l4]*e_[l97,l4]*p1.p1*
         FourPi^(-2)*I^5*lamprimeQTL*MHQ^4*lamprimeQTLbar - 6/(MHQ^2 - 
         MHT^2)/(MHQ^2 - MHT^2)*Log[MHQ^2]*e_[l99,l4]*e_[l97,l4]*p1.p1*
         FourPi^(-2)*I^5*lamprimeQTL*MHT*MHQ^3*lamprimeQTRbar - 6/(
         MHQ^2 - MHT^2)/(MHQ^2 - MHT^2)*Log[MHT^2]*e_[l99,l4]*e_[l97,l4
         ]*p1.p1*FourPi^(-2)*I^5*lamprimeQTR*MHT^3*MHQ*lamprimeQTLbar
          - 9/(MHQ^2 - MHT^2)/(MHQ^2 - MHT^2)*Log[MHT^2]*e_[l99,l4]*e_[
         l97,l4]*p1.p1*FourPi^(-2)*I^5*lamprimeQTR*MHT^4*lamprimeQTRbar
          - 6/(MHQ^2 - MHT^2)/(MHQ^2 - MHT^2)*Log[MHT^2]*e_[l99,l4]*e_[
         l97,l4]*p1.p1*FourPi^(-2)*I^5*lamprimeQTL*MHT^3*MHQ*
         lamprimeQTRbar - 9/(MHQ^2 - MHT^2)/(MHQ^2 - MHT^2)*Log[MHT^2]*
         e_[l99,l4]*e_[l97,l4]*p1.p1*FourPi^(-2)*I^5*lamprimeQTL*MHT^4*
         lamprimeQTLbar - 9/(MHQ^2 - MHT^2)/(MHQ^2 - MHT^2)/(MHQ^2 - 
         MHT^2)*e_[l99,l4]*e_[l97,l4]*p1.p1*FourPi^(-2)*I^5*lamprimeQTR
         *MHQ^6*lamprimeQTRbar - 9/(MHQ^2 - MHT^2)/(MHQ^2 - MHT^2)/(
         MHQ^2 - MHT^2)*e_[l99,l4]*e_[l97,l4]*p1.p1*FourPi^(-2)*I^5*
         lamprimeQTR*MHT*MHQ^5*lamprimeQTLbar + 9/(MHQ^2 - MHT^2)/(
         MHQ^2 - MHT^2)/(MHQ^2 - MHT^2)*e_[l99,l4]*e_[l97,l4]*p1.p1*
         FourPi^(-2)*I^5*lamprimeQTR*MHT^5*MHQ*lamprimeQTLbar + 9/(
         MHQ^2 - MHT^2)/(MHQ^2 - MHT^2)/(MHQ^2 - MHT^2)*e_[l99,l4]*e_[
         l97,l4]*p1.p1*FourPi^(-2)*I^5*lamprimeQTR*MHT^6*lamprimeQTRbar
          - 9/(MHQ^2 - MHT^2)/(MHQ^2 - MHT^2)/(MHQ^2 - MHT^2)*e_[l99,l4
         ]*e_[l97,l4]*p1.p1*FourPi^(-2)*I^5*lamprimeQTL*MHQ^6*
         lamprimeQTLbar - 9/(MHQ^2 - MHT^2)/(MHQ^2 - MHT^2)/(MHQ^2 - 
         MHT^2)*e_[l99,l4]*e_[l97,l4]*p1.p1*FourPi^(-2)*I^5*lamprimeQTL
         *MHT*MHQ^5*lamprimeQTRbar + 9/(MHQ^2 - MHT^2)/(MHQ^2 - MHT^2)
         /(MHQ^2 - MHT^2)*e_[l99,l4]*e_[l97,l4]*p1.p1*FourPi^(-2)*I^5*
         lamprimeQTL*MHT^5*MHQ*lamprimeQTRbar + 9/(MHQ^2 - MHT^2)/(
         MHQ^2 - MHT^2)/(MHQ^2 - MHT^2)*e_[l99,l4]*e_[l97,l4]*p1.p1*
         FourPi^(-2)*I^5*lamprimeQTL*MHT^6*lamprimeQTLbar - 6/(MHQ^2 - 
         MHT^2)/(MHQ^2 - MHT^2)/(MHQ^2 - MHT^2)*e_[l99,l4]*e_[l97,l4]*
         p1.p1*I^4*lamprimeQTR*MHQ^2*lamprimeQTRbar + 6/(MHQ^2 - MHT^2)
         /(MHQ^2 - MHT^2)/(MHQ^2 - MHT^2)*e_[l99,l4]*e_[l97,l4]*p1.p1*
         I^4*lamprimeQTR*MHT^2*lamprimeQTRbar - 6/(MHQ^2 - MHT^2)/(
         MHQ^2 - MHT^2)/(MHQ^2 - MHT^2)*e_[l99,l4]*e_[l97,l4]*p1.p1*I^4
         *lamprimeQTL*MHQ^2*lamprimeQTLbar + 6/(MHQ^2 - MHT^2)/(MHQ^2
          - MHT^2)/(MHQ^2 - MHT^2)*e_[l99,l4]*e_[l97,l4]*p1.p1*I^4*
         lamprimeQTL*MHT^2*lamprimeQTLbar + 6/(MHQ^2 - MHT^2)/(MHQ^2 - 
         MHT^2)/(MHQ^2 - MHT^2)*Log[MHQ^2]*e_[l99,l4]*e_[l97,l4]*p1.p1*
         FourPi^(-2)*I^5*lamprimeQTR*MHQ^6*lamprimeQTRbar + 6/(MHQ^2 - 
         MHT^2)/(MHQ^2 - MHT^2)/(MHQ^2 - MHT^2)*Log[MHQ^2]*e_[l99,l4]*
         e_[l97,l4]*p1.p1*FourPi^(-2)*I^5*lamprimeQTR*MHT*MHQ^5*
         lamprimeQTLbar + 6/(MHQ^2 - MHT^2)/(MHQ^2 - MHT^2)/(MHQ^2 - 
         MHT^2)*Log[MHQ^2]*e_[l99,l4]*e_[l97,l4]*p1.p1*FourPi^(-2)*I^5*
         lamprimeQTL*MHQ^6*lamprimeQTLbar + 6/(MHQ^2 - MHT^2)/(MHQ^2 - 
         MHT^2)/(MHQ^2 - MHT^2)*Log[MHQ^2]*e_[l99,l4]*e_[l97,l4]*p1.p1*
         FourPi^(-2)*I^5*lamprimeQTL*MHT*MHQ^5*lamprimeQTRbar - 6/(
         MHQ^2 - MHT^2)/(MHQ^2 - MHT^2)/(MHQ^2 - MHT^2)*Log[MHT^2]*e_[
         l99,l4]*e_[l97,l4]*p1.p1*FourPi^(-2)*I^5*lamprimeQTR*MHT^5*MHQ
         *lamprimeQTLbar - 6/(MHQ^2 - MHT^2)/(MHQ^2 - MHT^2)/(MHQ^2 - 
         MHT^2)*Log[MHT^2]*e_[l99,l4]*e_[l97,l4]*p1.p1*FourPi^(-2)*I^5*
         lamprimeQTR*MHT^6*lamprimeQTRbar - 6/(MHQ^2 - MHT^2)/(MHQ^2 - 
         MHT^2)/(MHQ^2 - MHT^2)*Log[MHT^2]*e_[l99,l4]*e_[l97,l4]*p1.p1*
         FourPi^(-2)*I^5*lamprimeQTL*MHT^5*MHQ*lamprimeQTRbar - 6/(
         MHQ^2 - MHT^2)/(MHQ^2 - MHT^2)/(MHQ^2 - MHT^2)*Log[MHT^2]*e_[
         l99,l4]*e_[l97,l4]*p1.p1*FourPi^(-2)*I^5*lamprimeQTL*MHT^6*
         lamprimeQTLbar )

       + sSS^4 * ( lamprime[f2]*lamprimebar[f2]*e_[l2,l99]*e_[l2,l97]*
         p1.p1^2*FourPi^(-2)*I^5*MHT^(-2) + lamprimeQd[f2]*
         lamprimeQdbar[f2]*d_(l99,l97)*p1.p1^2*FourPi^(-2)*I^5*MHQ^(-2)
          + lamprimeQu[f2]*lamprimeQubar[f2]*e_[l99,l4]*e_[l97,l4]*
         p1.p1^2*FourPi^(-2)*I^5*MHQ^(-2) - 15/(MHQ^2 - MHT^2)/(MHQ^2
          - MHT^2)/(MHQ^2 - MHT^2)*e_[l99,l4]*e_[l97,l4]*p1.p1^2*
         FourPi^(-2)*I^5*lamprimeQTR*MHQ^4*lamprimeQTRbar - 6/(MHQ^2 - 
         MHT^2)/(MHQ^2 - MHT^2)/(MHQ^2 - MHT^2)*e_[l99,l4]*e_[l97,l4]*
         p1.p1^2*FourPi^(-2)*I^5*lamprimeQTR*MHT*MHQ^3*lamprimeQTLbar
          + 6/(MHQ^2 - MHT^2)/(MHQ^2 - MHT^2)/(MHQ^2 - MHT^2)*e_[l99,l4
         ]*e_[l97,l4]*p1.p1^2*FourPi^(-2)*I^5*lamprimeQTR*MHT^3*MHQ*
         lamprimeQTLbar + 15/(MHQ^2 - MHT^2)/(MHQ^2 - MHT^2)/(MHQ^2 - 
         MHT^2)*e_[l99,l4]*e_[l97,l4]*p1.p1^2*FourPi^(-2)*I^5*
         lamprimeQTR*MHT^4*lamprimeQTRbar - 15/(MHQ^2 - MHT^2)/(MHQ^2
          - MHT^2)/(MHQ^2 - MHT^2)*e_[l99,l4]*e_[l97,l4]*p1.p1^2*
         FourPi^(-2)*I^5*lamprimeQTL*MHQ^4*lamprimeQTLbar - 6/(MHQ^2 - 
         MHT^2)/(MHQ^2 - MHT^2)/(MHQ^2 - MHT^2)*e_[l99,l4]*e_[l97,l4]*
         p1.p1^2*FourPi^(-2)*I^5*lamprimeQTL*MHT*MHQ^3*lamprimeQTRbar
          + 6/(MHQ^2 - MHT^2)/(MHQ^2 - MHT^2)/(MHQ^2 - MHT^2)*e_[l99,l4
         ]*e_[l97,l4]*p1.p1^2*FourPi^(-2)*I^5*lamprimeQTL*MHT^3*MHQ*
         lamprimeQTRbar + 15/(MHQ^2 - MHT^2)/(MHQ^2 - MHT^2)/(MHQ^2 - 
         MHT^2)*e_[l99,l4]*e_[l97,l4]*p1.p1^2*FourPi^(-2)*I^5*
         lamprimeQTL*MHT^4*lamprimeQTLbar - 12/(MHQ^2 - MHT^2)/(MHQ^2
          - MHT^2)/(MHQ^2 - MHT^2)*e_[l99,l4]*e_[l97,l4]*p1.p1^2*I^4*
         lamprimeQTR*lamprimeQTRbar - 12/(MHQ^2 - MHT^2)/(MHQ^2 - MHT^2
         )/(MHQ^2 - MHT^2)*e_[l99,l4]*e_[l97,l4]*p1.p1^2*I^4*
         lamprimeQTL*lamprimeQTLbar + 12/(MHQ^2 - MHT^2)/(MHQ^2 - MHT^2
         )/(MHQ^2 - MHT^2)*Log[MHQ^2]*e_[l99,l4]*e_[l97,l4]*p1.p1^2*
         FourPi^(-2)*I^5*lamprimeQTR*MHQ^4*lamprimeQTRbar + 6/(MHQ^2 - 
         MHT^2)/(MHQ^2 - MHT^2)/(MHQ^2 - MHT^2)*Log[MHQ^2]*e_[l99,l4]*
         e_[l97,l4]*p1.p1^2*FourPi^(-2)*I^5*lamprimeQTR*MHT*MHQ^3*
         lamprimeQTLbar + 12/(MHQ^2 - MHT^2)/(MHQ^2 - MHT^2)/(MHQ^2 - 
         MHT^2)*Log[MHQ^2]*e_[l99,l4]*e_[l97,l4]*p1.p1^2*FourPi^(-2)*
         I^5*lamprimeQTL*MHQ^4*lamprimeQTLbar + 6/(MHQ^2 - MHT^2)/(
         MHQ^2 - MHT^2)/(MHQ^2 - MHT^2)*Log[MHQ^2]*e_[l99,l4]*e_[l97,l4
         ]*p1.p1^2*FourPi^(-2)*I^5*lamprimeQTL*MHT*MHQ^3*lamprimeQTRbar
          - 6/(MHQ^2 - MHT^2)/(MHQ^2 - MHT^2)/(MHQ^2 - MHT^2)*Log[MHT^2
         ]*e_[l99,l4]*e_[l97,l4]*p1.p1^2*FourPi^(-2)*I^5*lamprimeQTR*
         MHT^3*MHQ*lamprimeQTLbar - 12/(MHQ^2 - MHT^2)/(MHQ^2 - MHT^2)
         /(MHQ^2 - MHT^2)*Log[MHT^2]*e_[l99,l4]*e_[l97,l4]*p1.p1^2*
         FourPi^(-2)*I^5*lamprimeQTR*MHT^4*lamprimeQTRbar - 6/(MHQ^2 - 
         MHT^2)/(MHQ^2 - MHT^2)/(MHQ^2 - MHT^2)*Log[MHT^2]*e_[l99,l4]*
         e_[l97,l4]*p1.p1^2*FourPi^(-2)*I^5*lamprimeQTL*MHT^3*MHQ*
         lamprimeQTRbar - 12/(MHQ^2 - MHT^2)/(MHQ^2 - MHT^2)/(MHQ^2 - 
         MHT^2)*Log[MHT^2]*e_[l99,l4]*e_[l97,l4]*p1.p1^2*FourPi^(-2)*
         I^5*lamprimeQTL*MHT^4*lamprimeQTLbar + 38/(MHQ^2 - MHT^2)/(
         MHQ^2 - MHT^2)/(MHQ^2 - MHT^2)/(MHQ^2 - MHT^2)*e_[l99,l4]*e_[
         l97,l4]*p1.p1^2*FourPi^(-2)*I^5*lamprimeQTR*MHQ^6*
         lamprimeQTRbar + 27/(MHQ^2 - MHT^2)/(MHQ^2 - MHT^2)/(MHQ^2 - 
         MHT^2)/(MHQ^2 - MHT^2)*e_[l99,l4]*e_[l97,l4]*p1.p1^2*
         FourPi^(-2)*I^5*lamprimeQTR*MHT*MHQ^5*lamprimeQTLbar + 27/(
         MHQ^2 - MHT^2)/(MHQ^2 - MHT^2)/(MHQ^2 - MHT^2)/(MHQ^2 - MHT^2)
         *e_[l99,l4]*e_[l97,l4]*p1.p1^2*FourPi^(-2)*I^5*lamprimeQTR*
         MHT^5*MHQ*lamprimeQTLbar + 38/(MHQ^2 - MHT^2)/(MHQ^2 - MHT^2)
         /(MHQ^2 - MHT^2)/(MHQ^2 - MHT^2)*e_[l99,l4]*e_[l97,l4]*p1.p1^2
         *FourPi^(-2)*I^5*lamprimeQTR*MHT^6*lamprimeQTRbar + 38/(MHQ^2
          - MHT^2)/(MHQ^2 - MHT^2)/(MHQ^2 - MHT^2)/(MHQ^2 - MHT^2)*e_[
         l99,l4]*e_[l97,l4]*p1.p1^2*FourPi^(-2)*I^5*lamprimeQTL*MHQ^6*
         lamprimeQTLbar + 27/(MHQ^2 - MHT^2)/(MHQ^2 - MHT^2)/(MHQ^2 - 
         MHT^2)/(MHQ^2 - MHT^2)*e_[l99,l4]*e_[l97,l4]*p1.p1^2*
         FourPi^(-2)*I^5*lamprimeQTL*MHT*MHQ^5*lamprimeQTRbar + 27/(
         MHQ^2 - MHT^2)/(MHQ^2 - MHT^2)/(MHQ^2 - MHT^2)/(MHQ^2 - MHT^2)
         *e_[l99,l4]*e_[l97,l4]*p1.p1^2*FourPi^(-2)*I^5*lamprimeQTL*
         MHT^5*MHQ*lamprimeQTRbar + 38/(MHQ^2 - MHT^2)/(MHQ^2 - MHT^2)
         /(MHQ^2 - MHT^2)/(MHQ^2 - MHT^2)*e_[l99,l4]*e_[l97,l4]*p1.p1^2
         *FourPi^(-2)*I^5*lamprimeQTL*MHT^6*lamprimeQTLbar + 24/(MHQ^2
          - MHT^2)/(MHQ^2 - MHT^2)/(MHQ^2 - MHT^2)/(MHQ^2 - MHT^2)*e_[
         l99,l4]*e_[l97,l4]*p1.p1^2*I^4*lamprimeQTR*MHQ^2*
         lamprimeQTRbar + 12/(MHQ^2 - MHT^2)/(MHQ^2 - MHT^2)/(MHQ^2 - 
         MHT^2)/(MHQ^2 - MHT^2)*e_[l99,l4]*e_[l97,l4]*p1.p1^2*I^4*
         lamprimeQTR*MHT*MHQ*lamprimeQTLbar + 24/(MHQ^2 - MHT^2)/(MHQ^2
          - MHT^2)/(MHQ^2 - MHT^2)/(MHQ^2 - MHT^2)*e_[l99,l4]*e_[l97,l4
         ]*p1.p1^2*I^4*lamprimeQTL*MHQ^2*lamprimeQTLbar + 12/(MHQ^2 - 
         MHT^2)/(MHQ^2 - MHT^2)/(MHQ^2 - MHT^2)/(MHQ^2 - MHT^2)*e_[l99,
         l4]*e_[l97,l4]*p1.p1^2*I^4*lamprimeQTL*MHT*MHQ*lamprimeQTRbar
          - 24/(MHQ^2 - MHT^2)/(MHQ^2 - MHT^2)/(MHQ^2 - MHT^2)/(MHQ^2
          - MHT^2)*Log[MHQ^2]*e_[l99,l4]*e_[l97,l4]*p1.p1^2*FourPi^(-2)
         *I^5*lamprimeQTR*MHQ^6*lamprimeQTRbar - 18/(MHQ^2 - MHT^2)/(
         MHQ^2 - MHT^2)/(MHQ^2 - MHT^2)/(MHQ^2 - MHT^2)*Log[MHQ^2]*e_[
         l99,l4]*e_[l97,l4]*p1.p1^2*FourPi^(-2)*I^5*lamprimeQTR*MHT*
         MHQ^5*lamprimeQTLbar - 24/(MHQ^2 - MHT^2)/(MHQ^2 - MHT^2)/(
         MHQ^2 - MHT^2)/(MHQ^2 - MHT^2)*Log[MHQ^2]*e_[l99,l4]*e_[l97,l4
         ]*p1.p1^2*FourPi^(-2)*I^5*lamprimeQTL*MHQ^6*lamprimeQTLbar - 
         18/(MHQ^2 - MHT^2)/(MHQ^2 - MHT^2)/(MHQ^2 - MHT^2)/(MHQ^2 - 
         MHT^2)*Log[MHQ^2]*e_[l99,l4]*e_[l97,l4]*p1.p1^2*FourPi^(-2)*
         I^5*lamprimeQTL*MHT*MHQ^5*lamprimeQTRbar - 18/(MHQ^2 - MHT^2)
         /(MHQ^2 - MHT^2)/(MHQ^2 - MHT^2)/(MHQ^2 - MHT^2)*Log[MHT^2]*
         e_[l99,l4]*e_[l97,l4]*p1.p1^2*FourPi^(-2)*I^5*lamprimeQTR*
         MHT^5*MHQ*lamprimeQTLbar - 24/(MHQ^2 - MHT^2)/(MHQ^2 - MHT^2)
         /(MHQ^2 - MHT^2)/(MHQ^2 - MHT^2)*Log[MHT^2]*e_[l99,l4]*e_[l97,
         l4]*p1.p1^2*FourPi^(-2)*I^5*lamprimeQTR*MHT^6*lamprimeQTRbar
          - 18/(MHQ^2 - MHT^2)/(MHQ^2 - MHT^2)/(MHQ^2 - MHT^2)/(MHQ^2
          - MHT^2)*Log[MHT^2]*e_[l99,l4]*e_[l97,l4]*p1.p1^2*FourPi^(-2)
         *I^5*lamprimeQTL*MHT^5*MHQ*lamprimeQTRbar - 24/(MHQ^2 - MHT^2)
         /(MHQ^2 - MHT^2)/(MHQ^2 - MHT^2)/(MHQ^2 - MHT^2)*Log[MHT^2]*
         e_[l99,l4]*e_[l97,l4]*p1.p1^2*FourPi^(-2)*I^5*lamprimeQTL*
         MHT^6*lamprimeQTLbar + 12/(MHQ^2 - MHT^2)/(MHQ^2 - MHT^2)/(
         MHQ^2 - MHT^2)/(MHQ^2 - MHT^2)*invprop[k1,0]*e_[l99,l4]*e_[l97
         ,l4]*p1.p1^2*I^4*lamprimeQTR*lamprimeQTRbar + 12/(MHQ^2 - 
         MHT^2)/(MHQ^2 - MHT^2)/(MHQ^2 - MHT^2)/(MHQ^2 - MHT^2)*
         invprop[k1,0]*e_[l99,l4]*e_[l97,l4]*p1.p1^2*I^4*lamprimeQTL*
         lamprimeQTLbar - 22/(MHQ^2 - MHT^2)/(MHQ^2 - MHT^2)/(MHQ^2 - 
         MHT^2)/(MHQ^2 - MHT^2)/(MHQ^2 - MHT^2)*e_[l99,l4]*e_[l97,l4]*
         p1.p1^2*FourPi^(-2)*I^5*lamprimeQTR*MHQ^8*lamprimeQTRbar - 22
         /(MHQ^2 - MHT^2)/(MHQ^2 - MHT^2)/(MHQ^2 - MHT^2)/(MHQ^2 - 
         MHT^2)/(MHQ^2 - MHT^2)*e_[l99,l4]*e_[l97,l4]*p1.p1^2*
         FourPi^(-2)*I^5*lamprimeQTR*MHT*MHQ^7*lamprimeQTLbar + 22/(
         MHQ^2 - MHT^2)/(MHQ^2 - MHT^2)/(MHQ^2 - MHT^2)/(MHQ^2 - MHT^2)
         /(MHQ^2 - MHT^2)*e_[l99,l4]*e_[l97,l4]*p1.p1^2*FourPi^(-2)*I^5
         *lamprimeQTR*MHT^7*MHQ*lamprimeQTLbar + 22/(MHQ^2 - MHT^2)/(
         MHQ^2 - MHT^2)/(MHQ^2 - MHT^2)/(MHQ^2 - MHT^2)/(MHQ^2 - MHT^2)
         *e_[l99,l4]*e_[l97,l4]*p1.p1^2*FourPi^(-2)*I^5*lamprimeQTR*
         MHT^8*lamprimeQTRbar - 22/(MHQ^2 - MHT^2)/(MHQ^2 - MHT^2)/(
         MHQ^2 - MHT^2)/(MHQ^2 - MHT^2)/(MHQ^2 - MHT^2)*e_[l99,l4]*e_[
         l97,l4]*p1.p1^2*FourPi^(-2)*I^5*lamprimeQTL*MHQ^8*
         lamprimeQTLbar - 22/(MHQ^2 - MHT^2)/(MHQ^2 - MHT^2)/(MHQ^2 - 
         MHT^2)/(MHQ^2 - MHT^2)/(MHQ^2 - MHT^2)*e_[l99,l4]*e_[l97,l4]*
         p1.p1^2*FourPi^(-2)*I^5*lamprimeQTL*MHT*MHQ^7*lamprimeQTRbar
          + 22/(MHQ^2 - MHT^2)/(MHQ^2 - MHT^2)/(MHQ^2 - MHT^2)/(MHQ^2
          - MHT^2)/(MHQ^2 - MHT^2)*e_[l99,l4]*e_[l97,l4]*p1.p1^2*
         FourPi^(-2)*I^5*lamprimeQTL*MHT^7*MHQ*lamprimeQTRbar + 22/(
         MHQ^2 - MHT^2)/(MHQ^2 - MHT^2)/(MHQ^2 - MHT^2)/(MHQ^2 - MHT^2)
         /(MHQ^2 - MHT^2)*e_[l99,l4]*e_[l97,l4]*p1.p1^2*FourPi^(-2)*I^5
         *lamprimeQTL*MHT^8*lamprimeQTLbar - 12/(MHQ^2 - MHT^2)/(MHQ^2
          - MHT^2)/(MHQ^2 - MHT^2)/(MHQ^2 - MHT^2)/(MHQ^2 - MHT^2)*e_[
         l99,l4]*e_[l97,l4]*p1.p1^2*I^4*lamprimeQTR*MHQ^4*
         lamprimeQTRbar - 12/(MHQ^2 - MHT^2)/(MHQ^2 - MHT^2)/(MHQ^2 - 
         MHT^2)/(MHQ^2 - MHT^2)/(MHQ^2 - MHT^2)*e_[l99,l4]*e_[l97,l4]*
         p1.p1^2*I^4*lamprimeQTR*MHT*MHQ^3*lamprimeQTLbar + 12/(MHQ^2
          - MHT^2)/(MHQ^2 - MHT^2)/(MHQ^2 - MHT^2)/(MHQ^2 - MHT^2)/(
         MHQ^2 - MHT^2)*e_[l99,l4]*e_[l97,l4]*p1.p1^2*I^4*lamprimeQTR*
         MHT^3*MHQ*lamprimeQTLbar + 12/(MHQ^2 - MHT^2)/(MHQ^2 - MHT^2)
         /(MHQ^2 - MHT^2)/(MHQ^2 - MHT^2)/(MHQ^2 - MHT^2)*e_[l99,l4]*
         e_[l97,l4]*p1.p1^2*I^4*lamprimeQTR*MHT^4*lamprimeQTRbar - 12/(
         MHQ^2 - MHT^2)/(MHQ^2 - MHT^2)/(MHQ^2 - MHT^2)/(MHQ^2 - MHT^2)
         /(MHQ^2 - MHT^2)*e_[l99,l4]*e_[l97,l4]*p1.p1^2*I^4*lamprimeQTL
         *MHQ^4*lamprimeQTLbar - 12/(MHQ^2 - MHT^2)/(MHQ^2 - MHT^2)/(
         MHQ^2 - MHT^2)/(MHQ^2 - MHT^2)/(MHQ^2 - MHT^2)*e_[l99,l4]*e_[
         l97,l4]*p1.p1^2*I^4*lamprimeQTL*MHT*MHQ^3*lamprimeQTRbar + 12
         /(MHQ^2 - MHT^2)/(MHQ^2 - MHT^2)/(MHQ^2 - MHT^2)/(MHQ^2 - 
         MHT^2)/(MHQ^2 - MHT^2)*e_[l99,l4]*e_[l97,l4]*p1.p1^2*I^4*
         lamprimeQTL*MHT^3*MHQ*lamprimeQTRbar + 12/(MHQ^2 - MHT^2)/(
         MHQ^2 - MHT^2)/(MHQ^2 - MHT^2)/(MHQ^2 - MHT^2)/(MHQ^2 - MHT^2)
         *e_[l99,l4]*e_[l97,l4]*p1.p1^2*I^4*lamprimeQTL*MHT^4*
         lamprimeQTLbar + 12/(MHQ^2 - MHT^2)/(MHQ^2 - MHT^2)/(MHQ^2 - 
         MHT^2)/(MHQ^2 - MHT^2)/(MHQ^2 - MHT^2)*Log[MHQ^2]*e_[l99,l4]*
         e_[l97,l4]*p1.p1^2*FourPi^(-2)*I^5*lamprimeQTR*MHQ^8*
         lamprimeQTRbar + 12/(MHQ^2 - MHT^2)/(MHQ^2 - MHT^2)/(MHQ^2 - 
         MHT^2)/(MHQ^2 - MHT^2)/(MHQ^2 - MHT^2)*Log[MHQ^2]*e_[l99,l4]*
         e_[l97,l4]*p1.p1^2*FourPi^(-2)*I^5*lamprimeQTR*MHT*MHQ^7*
         lamprimeQTLbar + 12/(MHQ^2 - MHT^2)/(MHQ^2 - MHT^2)/(MHQ^2 - 
         MHT^2)/(MHQ^2 - MHT^2)/(MHQ^2 - MHT^2)*Log[MHQ^2]*e_[l99,l4]*
         e_[l97,l4]*p1.p1^2*FourPi^(-2)*I^5*lamprimeQTL*MHQ^8*
         lamprimeQTLbar + 12/(MHQ^2 - MHT^2)/(MHQ^2 - MHT^2)/(MHQ^2 - 
         MHT^2)/(MHQ^2 - MHT^2)/(MHQ^2 - MHT^2)*Log[MHQ^2]*e_[l99,l4]*
         e_[l97,l4]*p1.p1^2*FourPi^(-2)*I^5*lamprimeQTL*MHT*MHQ^7*
         lamprimeQTRbar - 12/(MHQ^2 - MHT^2)/(MHQ^2 - MHT^2)/(MHQ^2 - 
         MHT^2)/(MHQ^2 - MHT^2)/(MHQ^2 - MHT^2)*Log[MHT^2]*e_[l99,l4]*
         e_[l97,l4]*p1.p1^2*FourPi^(-2)*I^5*lamprimeQTR*MHT^7*MHQ*
         lamprimeQTLbar - 12/(MHQ^2 - MHT^2)/(MHQ^2 - MHT^2)/(MHQ^2 - 
         MHT^2)/(MHQ^2 - MHT^2)/(MHQ^2 - MHT^2)*Log[MHT^2]*e_[l99,l4]*
         e_[l97,l4]*p1.p1^2*FourPi^(-2)*I^5*lamprimeQTR*MHT^8*
         lamprimeQTRbar - 12/(MHQ^2 - MHT^2)/(MHQ^2 - MHT^2)/(MHQ^2 - 
         MHT^2)/(MHQ^2 - MHT^2)/(MHQ^2 - MHT^2)*Log[MHT^2]*e_[l99,l4]*
         e_[l97,l4]*p1.p1^2*FourPi^(-2)*I^5*lamprimeQTL*MHT^7*MHQ*
         lamprimeQTRbar - 12/(MHQ^2 - MHT^2)/(MHQ^2 - MHT^2)/(MHQ^2 - 
         MHT^2)/(MHQ^2 - MHT^2)/(MHQ^2 - MHT^2)*Log[MHT^2]*e_[l99,l4]*
         e_[l97,l4]*p1.p1^2*FourPi^(-2)*I^5*lamprimeQTL*MHT^8*
         lamprimeQTLbar - 12/(MHQ^2 - MHT^2)/(MHQ^2 - MHT^2)/(MHQ^2 - 
         MHT^2)/(MHQ^2 - MHT^2)/(MHQ^2 - MHT^2)*invprop[k1,0]*e_[l99,l4
         ]*e_[l97,l4]*p1.p1^2*I^4*lamprimeQTR*MHQ^2*lamprimeQTRbar + 12
         /(MHQ^2 - MHT^2)/(MHQ^2 - MHT^2)/(MHQ^2 - MHT^2)/(MHQ^2 - 
         MHT^2)/(MHQ^2 - MHT^2)*invprop[k1,0]*e_[l99,l4]*e_[l97,l4]*
         p1.p1^2*I^4*lamprimeQTR*MHT^2*lamprimeQTRbar - 12/(MHQ^2 - 
         MHT^2)/(MHQ^2 - MHT^2)/(MHQ^2 - MHT^2)/(MHQ^2 - MHT^2)/(MHQ^2
          - MHT^2)*invprop[k1,0]*e_[l99,l4]*e_[l97,l4]*p1.p1^2*I^4*
         lamprimeQTL*MHQ^2*lamprimeQTLbar + 12/(MHQ^2 - MHT^2)/(MHQ^2
          - MHT^2)/(MHQ^2 - MHT^2)/(MHQ^2 - MHT^2)/(MHQ^2 - MHT^2)*
         invprop[k1,0]*e_[l99,l4]*e_[l97,l4]*p1.p1^2*I^4*lamprimeQTL*
         MHT^2*lamprimeQTLbar )

       + 6*Log[MHQ^2]*lamprimeQd[f2]*lamprimeQdbar[f2]*d_(l99,l97)*
      FourPi^(-2)*I^5*MHQ^2 + 6*Log[MHQ^2]*lamprimeQu[f2]*
         lamprimeQubar[f2]*e_[l99,l4]*e_[l97,l4]*FourPi^(-2)*I^5*MHQ^2
          + 6*Log[MHT^2]*lamprime[f2]*lamprimebar[f2]*e_[l2,l99]*e_[l2,
         l97]*FourPi^(-2)*I^5*MHT^2 - 6*lamprime[f2]*lamprimebar[f2]*
         e_[l2,l99]*e_[l2,l97]*FourPi^(-2)*I^5*MHT^2 - 6*lamprimeQd[f2]
         *lamprimeQdbar[f2]*d_(l99,l97)*FourPi^(-2)*I^5*MHQ^2 - 6*
         lamprimeQu[f2]*lamprimeQubar[f2]*e_[l99,l4]*e_[l97,l4]*
         FourPi^(-2)*I^5*MHQ^2 - 6/(MHQ^2 - MHT^2)*e_[l99,l4]*e_[l97,l4
         ]*FourPi^(-2)*I^5*lamprimeQTR*MHQ^4*lamprimeQTRbar - 6/(MHQ^2
          - MHT^2)*e_[l99,l4]*e_[l97,l4]*FourPi^(-2)*I^5*lamprimeQTR*
         MHT*MHQ^3*lamprimeQTLbar + 6/(MHQ^2 - MHT^2)*e_[l99,l4]*e_[l97
         ,l4]*FourPi^(-2)*I^5*lamprimeQTR*MHT^3*MHQ*lamprimeQTLbar + 6
         /(MHQ^2 - MHT^2)*e_[l99,l4]*e_[l97,l4]*FourPi^(-2)*I^5*
         lamprimeQTR*MHT^4*lamprimeQTRbar - 6/(MHQ^2 - MHT^2)*e_[l99,l4
         ]*e_[l97,l4]*FourPi^(-2)*I^5*lamprimeQTL*MHQ^4*lamprimeQTLbar
          - 6/(MHQ^2 - MHT^2)*e_[l99,l4]*e_[l97,l4]*FourPi^(-2)*I^5*
         lamprimeQTL*MHT*MHQ^3*lamprimeQTRbar + 6/(MHQ^2 - MHT^2)*e_[
         l99,l4]*e_[l97,l4]*FourPi^(-2)*I^5*lamprimeQTL*MHT^3*MHQ*
         lamprimeQTRbar + 6/(MHQ^2 - MHT^2)*e_[l99,l4]*e_[l97,l4]*
         FourPi^(-2)*I^5*lamprimeQTL*MHT^4*lamprimeQTLbar + 6/(MHQ^2 - 
         MHT^2)*Log[MHQ^2]*e_[l99,l4]*e_[l97,l4]*FourPi^(-2)*I^5*
         lamprimeQTR*MHQ^4*lamprimeQTRbar + 6/(MHQ^2 - MHT^2)*Log[MHQ^2
         ]*e_[l99,l4]*e_[l97,l4]*FourPi^(-2)*I^5*lamprimeQTR*MHT*MHQ^3*
         lamprimeQTLbar + 6/(MHQ^2 - MHT^2)*Log[MHQ^2]*e_[l99,l4]*e_[
         l97,l4]*FourPi^(-2)*I^5*lamprimeQTL*MHQ^4*lamprimeQTLbar + 6/(
         MHQ^2 - MHT^2)*Log[MHQ^2]*e_[l99,l4]*e_[l97,l4]*FourPi^(-2)*
         I^5*lamprimeQTL*MHT*MHQ^3*lamprimeQTRbar - 6/(MHQ^2 - MHT^2)*
         Log[MHT^2]*e_[l99,l4]*e_[l97,l4]*FourPi^(-2)*I^5*lamprimeQTR*
         MHT^3*MHQ*lamprimeQTLbar - 6/(MHQ^2 - MHT^2)*Log[MHT^2]*e_[l99
         ,l4]*e_[l97,l4]*FourPi^(-2)*I^5*lamprimeQTR*MHT^4*
         lamprimeQTRbar - 6/(MHQ^2 - MHT^2)*Log[MHT^2]*e_[l99,l4]*e_[
         l97,l4]*FourPi^(-2)*I^5*lamprimeQTL*MHT^3*MHQ*lamprimeQTRbar
          - 6/(MHQ^2 - MHT^2)*Log[MHT^2]*e_[l99,l4]*e_[l97,l4]*
         FourPi^(-2)*I^5*lamprimeQTL*MHT^4*lamprimeQTLbar;

  0.35 sec out of 0.35 sec
