FORM 4.2.0 (Jul  6 2017, v4.2.0) 64-bits         Run: Fri Mar  2 17:14:13 2018
    * -*-Form-*-
    
    #: Parentheses 2000
    #-

   amplqLbaruRPhibar =
       + sSS^2 * ( 1/4*Log[MHQ^2]*lamprime[f99]*lamprimeQu[f97]*gam[y99
         ,FIVE,p2,p2,y97]*uspin[p2,y97]*vbspin[p1,y99]*e_[l4,l6]*e_[l4,
         l6]*e_[l99,l95]*d_(m99,m97)*FourPi^(-2)*I^7*MHT^(-2)*
         lamprimeQTRbar + 1/2*Log[MHQ^2]*lamprime[f99]*lamprimeQu[f97]*
         gam[y99,FIVE,y97]*uspin[p2,y97]*vbspin[p1,y99]*e_[l4,l6]*e_[l4
         ,l6]*e_[l99,l95]*d_(m99,m97)*p2.p2*FourPi^(-2)*I^7*MHT^(-3)*
         MHQ*lamprimeQTLbar + 1/4*Log[MHQ^2]*lamprime[f99]*lamprimeQu[
         f97]*gam[y99,p2,p2,y97]*uspin[p2,y97]*vbspin[p1,y99]*e_[l4,l6]
         *e_[l4,l6]*e_[l99,l95]*d_(m99,m97)*FourPi^(-2)*I^7*MHT^(-2)*
         lamprimeQTRbar + 1/2*Log[MHQ^2]*lamprime[f99]*lamprimeQu[f97]*
         gam[y99,y97]*uspin[p2,y97]*vbspin[p1,y99]*e_[l4,l6]*e_[l4,l6]*
         e_[l99,l95]*d_(m99,m97)*p2.p2*FourPi^(-2)*I^7*MHT^(-3)*MHQ*
         lamprimeQTLbar - 1/12*Log[MHQ^2]*lamprimeQu[f97]*yd[f99,f4]*
         lamprimeQdbar[f4]*gam[y99,FIVE,p1,p1,y97]*uspin[p2,y97]*
         vbspin[p1,y99]*e_[l99,l95]*d_(m99,m97)*FourPi^(-2)*I^7*
         MHQ^(-2) - 1/4*Log[MHQ^2]*lamprimeQu[f97]*yd[f99,f4]*
         lamprimeQdbar[f4]*gam[y99,FIVE,p1,p2,y97]*uspin[p2,y97]*
         vbspin[p1,y99]*e_[l99,l95]*d_(m99,m97)*FourPi^(-2)*I^7*
         MHQ^(-2) - 1/6*Log[MHQ^2]*lamprimeQu[f97]*yd[f99,f4]*
         lamprimeQdbar[f4]*gam[y99,FIVE,y97]*uspin[p2,y97]*vbspin[p1,
         y99]*e_[l99,l95]*d_(m99,m97)*p1.p1*FourPi^(-2)*I^7*MHQ^(-2) - 
         1/12*Log[MHQ^2]*lamprimeQu[f97]*yd[f99,f4]*lamprimeQdbar[f4]*
         gam[y99,p1,p1,y97]*uspin[p2,y97]*vbspin[p1,y99]*e_[l99,l95]*
         d_(m99,m97)*FourPi^(-2)*I^7*MHQ^(-2) - 1/4*Log[MHQ^2]*
         lamprimeQu[f97]*yd[f99,f4]*lamprimeQdbar[f4]*gam[y99,p1,p2,y97
         ]*uspin[p2,y97]*vbspin[p1,y99]*e_[l99,l95]*d_(m99,m97)*
         FourPi^(-2)*I^7*MHQ^(-2) - 1/6*Log[MHQ^2]*lamprimeQu[f97]*yd[
         f99,f4]*lamprimeQdbar[f4]*gam[y99,y97]*uspin[p2,y97]*vbspin[p1
         ,y99]*e_[l99,l95]*d_(m99,m97)*p1.p1*FourPi^(-2)*I^7*MHQ^(-2)
          - 1/4*Log[MHT^2]*lamprime[f99]*lamprimeQu[f97]*gam[y99,FIVE,
         p1,p1,y97]*uspin[p2,y97]*vbspin[p1,y99]*e_[l4,l99]*e_[l4,l2]*
         e_[l95,l2]*d_(m99,m97)*FourPi^(-2)*I^7*MHQ^(-2)*lamprimeQTRbar
          - 1/2*Log[MHT^2]*lamprime[f99]*lamprimeQu[f97]*gam[y99,FIVE,
         y97]*uspin[p2,y97]*vbspin[p1,y99]*e_[l4,l99]*e_[l4,l2]*e_[l95,
         l2]*d_(m99,m97)*p1.p1*FourPi^(-2)*I^7*MHT*MHQ^(-3)*
         lamprimeQTLbar - 1/4*Log[MHT^2]*lamprime[f99]*lamprimeQu[f97]*
         gam[y99,p1,p1,y97]*uspin[p2,y97]*vbspin[p1,y99]*e_[l4,l99]*e_[
         l4,l2]*e_[l95,l2]*d_(m99,m97)*FourPi^(-2)*I^7*MHQ^(-2)*
         lamprimeQTRbar - 1/2*Log[MHT^2]*lamprime[f99]*lamprimeQu[f97]*
         gam[y99,y97]*uspin[p2,y97]*vbspin[p1,y99]*e_[l4,l99]*e_[l4,l2]
         *e_[l95,l2]*d_(m99,m97)*p1.p1*FourPi^(-2)*I^7*MHT*MHQ^(-3)*
         lamprimeQTLbar + 3/8*lamprime[f99]*lamprimeQu[f97]*gam[y99,
         FIVE,p1,p1,y97]*uspin[p2,y97]*vbspin[p1,y99]*e_[l4,l99]*e_[l4,
         l2]*e_[l95,l2]*d_(m99,m97)*FourPi^(-2)*I^7*MHQ^(-2)*
         lamprimeQTRbar - 3/8*lamprime[f99]*lamprimeQu[f97]*gam[y99,
         FIVE,p2,p2,y97]*uspin[p2,y97]*vbspin[p1,y99]*e_[l4,l6]*e_[l4,
         l6]*e_[l99,l95]*d_(m99,m97)*FourPi^(-2)*I^7*MHT^(-2)*
         lamprimeQTRbar - 1/2*lamprime[f99]*lamprimeQu[f97]*gam[y99,
         FIVE,y97]*uspin[p2,y97]*vbspin[p1,y99]*e_[l4,l6]*e_[l4,l6]*e_[
         l99,l95]*d_(m99,m97)*p2.p2*FourPi^(-2)*I^7*MHT^(-3)*MHQ*
         lamprimeQTLbar - 1/4*lamprime[f99]*lamprimeQu[f97]*gam[y99,
         FIVE,y97]*uspin[p2,y97]*vbspin[p1,y99]*e_[l4,l6]*e_[l4,l6]*e_[
         l99,l95]*d_(m99,m97)*p2.p2*FourPi^(-2)*I^7*MHT^(-1)*MHQ^(-1)*
         lamprimeQTLbar + 1/4*lamprime[f99]*lamprimeQu[f97]*gam[y99,
         FIVE,y97]*uspin[p2,y97]*vbspin[p1,y99]*e_[l4,l99]*e_[l4,l2]*
         e_[l95,l2]*d_(m99,m97)*p1.p1*FourPi^(-2)*I^7*MHT^(-1)*MHQ^(-1)
         *lamprimeQTLbar + 1/2*lamprime[f99]*lamprimeQu[f97]*gam[y99,
         FIVE,y97]*uspin[p2,y97]*vbspin[p1,y99]*e_[l4,l99]*e_[l4,l2]*
         e_[l95,l2]*d_(m99,m97)*p1.p1*FourPi^(-2)*I^7*MHT*MHQ^(-3)*
         lamprimeQTLbar + 3/8*lamprime[f99]*lamprimeQu[f97]*gam[y99,p1,
         p1,y97]*uspin[p2,y97]*vbspin[p1,y99]*e_[l4,l99]*e_[l4,l2]*e_[
         l95,l2]*d_(m99,m97)*FourPi^(-2)*I^7*MHQ^(-2)*lamprimeQTRbar - 
         3/8*lamprime[f99]*lamprimeQu[f97]*gam[y99,p2,p2,y97]*uspin[p2,
         y97]*vbspin[p1,y99]*e_[l4,l6]*e_[l4,l6]*e_[l99,l95]*
         d_(m99,m97)*FourPi^(-2)*I^7*MHT^(-2)*lamprimeQTRbar - 1/2*
         lamprime[f99]*lamprimeQu[f97]*gam[y99,y97]*uspin[p2,y97]*
         vbspin[p1,y99]*e_[l4,l6]*e_[l4,l6]*e_[l99,l95]*d_(m99,m97)*
         p2.p2*FourPi^(-2)*I^7*MHT^(-3)*MHQ*lamprimeQTLbar - 1/4*
         lamprime[f99]*lamprimeQu[f97]*gam[y99,y97]*uspin[p2,y97]*
         vbspin[p1,y99]*e_[l4,l6]*e_[l4,l6]*e_[l99,l95]*d_(m99,m97)*
         p2.p2*FourPi^(-2)*I^7*MHT^(-1)*MHQ^(-1)*lamprimeQTLbar + 1/4*
         lamprime[f99]*lamprimeQu[f97]*gam[y99,y97]*uspin[p2,y97]*
         vbspin[p1,y99]*e_[l4,l99]*e_[l4,l2]*e_[l95,l2]*d_(m99,m97)*
         p1.p1*FourPi^(-2)*I^7*MHT^(-1)*MHQ^(-1)*lamprimeQTLbar + 1/2*
         lamprime[f99]*lamprimeQu[f97]*gam[y99,y97]*uspin[p2,y97]*
         vbspin[p1,y99]*e_[l4,l99]*e_[l4,l2]*e_[l95,l2]*d_(m99,m97)*
         p1.p1*FourPi^(-2)*I^7*MHT*MHQ^(-3)*lamprimeQTLbar + 5/72*
         lamprimeQu[f97]*yd[f99,f4]*lamprimeQdbar[f4]*gam[y99,FIVE,p1,
         p1,y97]*uspin[p2,y97]*vbspin[p1,y99]*e_[l99,l95]*d_(m99,m97)*
         FourPi^(-2)*I^7*MHQ^(-2) + 7/24*lamprimeQu[f97]*yd[f99,f4]*
         lamprimeQdbar[f4]*gam[y99,FIVE,p1,p2,y97]*uspin[p2,y97]*
         vbspin[p1,y99]*e_[l99,l95]*d_(m99,m97)*FourPi^(-2)*I^7*
         MHQ^(-2) - 1/12*lamprimeQu[f97]*yd[f99,f4]*lamprimeQdbar[f4]*
         gam[y99,FIVE,p2,p1,y97]*uspin[p2,y97]*vbspin[p1,y99]*e_[l99,
         l95]*d_(m99,m97)*FourPi^(-2)*I^7*MHQ^(-2) - 1/6*lamprimeQu[f97
         ]*yd[f99,f4]*lamprimeQdbar[f4]*gam[y99,FIVE,p2,p2,y97]*uspin[
         p2,y97]*vbspin[p1,y99]*e_[l99,l95]*d_(m99,m97)*FourPi^(-2)*I^7
         *MHQ^(-2) + 1/18*lamprimeQu[f97]*yd[f99,f4]*lamprimeQdbar[f4]*
         gam[y99,FIVE,y97]*uspin[p2,y97]*vbspin[p1,y99]*e_[l99,l95]*
         d_(m99,m97)*p1.p1*FourPi^(-2)*I^7*MHQ^(-2) - 1/3*lamprimeQu[
         f97]*yd[f99,f4]*lamprimeQdbar[f4]*gam[y99,FIVE,y97]*uspin[p2,
         y97]*vbspin[p1,y99]*e_[l99,l95]*d_(m99,m97)*p1.p2*FourPi^(-2)*
         I^7*MHQ^(-2) - 1/3*lamprimeQu[f97]*yd[f99,f4]*lamprimeQdbar[f4
         ]*gam[y99,FIVE,y97]*uspin[p2,y97]*vbspin[p1,y99]*e_[l99,l95]*
         d_(m99,m97)*p2.p2*FourPi^(-2)*I^7*MHQ^(-2) + 5/72*lamprimeQu[
         f97]*yd[f99,f4]*lamprimeQdbar[f4]*gam[y99,p1,p1,y97]*uspin[p2,
         y97]*vbspin[p1,y99]*e_[l99,l95]*d_(m99,m97)*FourPi^(-2)*I^7*
         MHQ^(-2) + 7/24*lamprimeQu[f97]*yd[f99,f4]*lamprimeQdbar[f4]*
         gam[y99,p1,p2,y97]*uspin[p2,y97]*vbspin[p1,y99]*e_[l99,l95]*
         d_(m99,m97)*FourPi^(-2)*I^7*MHQ^(-2) - 1/12*lamprimeQu[f97]*
         yd[f99,f4]*lamprimeQdbar[f4]*gam[y99,p2,p1,y97]*uspin[p2,y97]*
         vbspin[p1,y99]*e_[l99,l95]*d_(m99,m97)*FourPi^(-2)*I^7*
         MHQ^(-2) - 1/6*lamprimeQu[f97]*yd[f99,f4]*lamprimeQdbar[f4]*
         gam[y99,p2,p2,y97]*uspin[p2,y97]*vbspin[p1,y99]*e_[l99,l95]*
         d_(m99,m97)*FourPi^(-2)*I^7*MHQ^(-2) + 1/18*lamprimeQu[f97]*
         yd[f99,f4]*lamprimeQdbar[f4]*gam[y99,y97]*uspin[p2,y97]*
         vbspin[p1,y99]*e_[l99,l95]*d_(m99,m97)*p1.p1*FourPi^(-2)*I^7*
         MHQ^(-2) - 1/3*lamprimeQu[f97]*yd[f99,f4]*lamprimeQdbar[f4]*
         gam[y99,y97]*uspin[p2,y97]*vbspin[p1,y99]*e_[l99,l95]*
         d_(m99,m97)*p1.p2*FourPi^(-2)*I^7*MHQ^(-2) - 1/3*lamprimeQu[
         f97]*yd[f99,f4]*lamprimeQdbar[f4]*gam[y99,y97]*uspin[p2,y97]*
         vbspin[p1,y99]*e_[l99,l95]*d_(m99,m97)*p2.p2*FourPi^(-2)*I^7*
         MHQ^(-2) )

       + 1/2*Log[MHQ^2]*lamprime[f99]*lamprimeQu[f97]*gam[y99,FIVE,y97]
      *uspin[p2,y97]*vbspin[p1,y99]*e_[l4,l6]*e_[l4,l6]*e_[l99,l95]*
      d_(m99,m97)*FourPi^(-2)*I^7*MHT^(-1)*MHQ*lamprimeQTLbar + 1/2*
         Log[MHQ^2]*lamprime[f99]*lamprimeQu[f97]*gam[y99,y97]*uspin[p2
         ,y97]*vbspin[p1,y99]*e_[l4,l6]*e_[l4,l6]*e_[l99,l95]*
         d_(m99,m97)*FourPi^(-2)*I^7*MHT^(-1)*MHQ*lamprimeQTLbar + 1/2*
         Log[MHQ^2]*lamprimeQu[f97]*yd[f99,f4]*lamprimeQdbar[f4]*gam[
         y99,FIVE,y97]*uspin[p2,y97]*vbspin[p1,y99]*e_[l99,l95]*
         d_(m99,m97)*FourPi^(-2)*I^7 + 1/2*Log[MHQ^2]*lamprimeQu[f97]*
         yd[f99,f4]*lamprimeQdbar[f4]*gam[y99,y97]*uspin[p2,y97]*
         vbspin[p1,y99]*e_[l99,l95]*d_(m99,m97)*FourPi^(-2)*I^7 - 1/2*
         Log[MHT^2]*lamprime[f99]*lamprimeQu[f97]*gam[y99,FIVE,y97]*
         uspin[p2,y97]*vbspin[p1,y99]*e_[l4,l99]*e_[l4,l2]*e_[l95,l2]*
         d_(m99,m97)*FourPi^(-2)*I^7*MHT*MHQ^(-1)*lamprimeQTLbar - 1/2*
         Log[MHT^2]*lamprime[f99]*lamprimeQu[f97]*gam[y99,y97]*uspin[p2
         ,y97]*vbspin[p1,y99]*e_[l4,l99]*e_[l4,l2]*e_[l95,l2]*
         d_(m99,m97)*FourPi^(-2)*I^7*MHT*MHQ^(-1)*lamprimeQTLbar - 1/2*
         lamprime[f99]*lamprimeQu[f97]*gam[y99,FIVE,y97]*uspin[p2,y97]*
         vbspin[p1,y99]*e_[l4,l6]*e_[l4,l6]*e_[l99,l95]*d_(m99,m97)*
         FourPi^(-2)*I^7*MHT^(-1)*MHQ*lamprimeQTLbar + 1/2*lamprime[f99
         ]*lamprimeQu[f97]*gam[y99,FIVE,y97]*uspin[p2,y97]*vbspin[p1,
         y99]*e_[l4,l99]*e_[l4,l2]*e_[l95,l2]*d_(m99,m97)*FourPi^(-2)*
         I^7*MHT*MHQ^(-1)*lamprimeQTLbar - 1/2*lamprime[f99]*
         lamprimeQu[f97]*gam[y99,y97]*uspin[p2,y97]*vbspin[p1,y99]*e_[
         l4,l6]*e_[l4,l6]*e_[l99,l95]*d_(m99,m97)*FourPi^(-2)*I^7*
         MHT^(-1)*MHQ*lamprimeQTLbar + 1/2*lamprime[f99]*lamprimeQu[f97
         ]*gam[y99,y97]*uspin[p2,y97]*vbspin[p1,y99]*e_[l4,l99]*e_[l4,
         l2]*e_[l95,l2]*d_(m99,m97)*FourPi^(-2)*I^7*MHT*MHQ^(-1)*
         lamprimeQTLbar - 1/2*lamprimeQu[f97]*yd[f99,f4]*lamprimeQdbar[
         f4]*gam[y99,FIVE,y97]*uspin[p2,y97]*vbspin[p1,y99]*e_[l99,l95]
         *d_(m99,m97)*FourPi^(-2)*I^7 - 1/2*lamprimeQu[f97]*yd[f99,f4]*
         lamprimeQdbar[f4]*gam[y99,y97]*uspin[p2,y97]*vbspin[p1,y99]*
         e_[l99,l95]*d_(m99,m97)*FourPi^(-2)*I^7;

  0.03 sec out of 0.02 sec
