FORM 4.2.0 (Jul  6 2017, v4.2.0) 64-bits         Run: Fri Mar  2 17:09:29 2018
    * -*-Form-*-
    
    #: Parentheses 2000
    #-

   amplqLbaruRBPhibar =
       + sSS * ( 1/6*Log[MHQ^2]*lamprime[f99]*lamprimeQu[f97]*gam[y99,
         FIVE,p1,pol3,y97]*uspin[p2,y97]*vbspin[p1,y99]*e_[l4,l6]*e_[l4
         ,l6]*e_[l99,l93]*d_(m99,m97)*FourPi^(-2)*I^9*g1*MHT^(-2)*
         lamprimeQTRbar + 1/3*Log[MHQ^2]*lamprime[f99]*lamprimeQu[f97]*
         gam[y99,FIVE,p1,pol3,y97]*uspin[p2,y97]*vbspin[p1,y99]*e_[l6,
         l8]*e_[l6,l8]*e_[l99,l93]*d_(m99,m97)*FourPi^(-2)*I^9*g1*
         MHT^(-3)*MHQ*lamprimeQTLbar + 1/6*Log[MHQ^2]*lamprime[f99]*
         lamprimeQu[f97]*gam[y99,FIVE,p4,pol3,y97]*uspin[p2,y97]*
         vbspin[p1,y99]*e_[l4,l6]*e_[l4,l6]*e_[l99,l93]*d_(m99,m97)*
         FourPi^(-2)*I^9*g1*MHT^(-2)*lamprimeQTRbar + 1/3*Log[MHQ^2]*
         lamprime[f99]*lamprimeQu[f97]*gam[y99,FIVE,p4,pol3,y97]*uspin[
         p2,y97]*vbspin[p1,y99]*e_[l6,l8]*e_[l6,l8]*e_[l99,l93]*
         d_(m99,m97)*FourPi^(-2)*I^9*g1*MHT^(-3)*MHQ*lamprimeQTLbar - 1/
         3*Log[MHQ^2]*lamprime[f99]*lamprimeQu[f97]*gam[y99,FIVE,pol3,
         p2,y97]*uspin[p2,y97]*vbspin[p1,y99]*e_[l6,l8]*e_[l6,l8]*e_[
         l99,l93]*d_(m99,m97)*FourPi^(-2)*I^9*g1*MHT^(-3)*MHQ*
         lamprimeQTLbar - 1/6*Log[MHQ^2]*lamprime[f99]*lamprimeQu[f97]*
         gam[y99,FIVE,pol3,p2,y97]*uspin[p2,y97]*vbspin[p1,y99]*e_[l6,
         l8]*e_[l6,l8]*e_[l99,l93]*d_(m99,m97)*FourPi^(-2)*I^9*g1*
         MHT^(-2)*lamprimeQTRbar + 1/6*Log[MHQ^2]*lamprime[f99]*
         lamprimeQu[f97]*gam[y99,p1,pol3,y97]*uspin[p2,y97]*vbspin[p1,
         y99]*e_[l4,l6]*e_[l4,l6]*e_[l99,l93]*d_(m99,m97)*FourPi^(-2)*
         I^9*g1*MHT^(-2)*lamprimeQTRbar + 1/3*Log[MHQ^2]*lamprime[f99]*
         lamprimeQu[f97]*gam[y99,p1,pol3,y97]*uspin[p2,y97]*vbspin[p1,
         y99]*e_[l6,l8]*e_[l6,l8]*e_[l99,l93]*d_(m99,m97)*FourPi^(-2)*
         I^9*g1*MHT^(-3)*MHQ*lamprimeQTLbar + 1/6*Log[MHQ^2]*lamprime[
         f99]*lamprimeQu[f97]*gam[y99,p4,pol3,y97]*uspin[p2,y97]*
         vbspin[p1,y99]*e_[l4,l6]*e_[l4,l6]*e_[l99,l93]*d_(m99,m97)*
         FourPi^(-2)*I^9*g1*MHT^(-2)*lamprimeQTRbar + 1/3*Log[MHQ^2]*
         lamprime[f99]*lamprimeQu[f97]*gam[y99,p4,pol3,y97]*uspin[p2,
         y97]*vbspin[p1,y99]*e_[l6,l8]*e_[l6,l8]*e_[l99,l93]*
         d_(m99,m97)*FourPi^(-2)*I^9*g1*MHT^(-3)*MHQ*lamprimeQTLbar - 1/
         3*Log[MHQ^2]*lamprime[f99]*lamprimeQu[f97]*gam[y99,pol3,p2,y97
         ]*uspin[p2,y97]*vbspin[p1,y99]*e_[l6,l8]*e_[l6,l8]*e_[l99,l93]
         *d_(m99,m97)*FourPi^(-2)*I^9*g1*MHT^(-3)*MHQ*lamprimeQTLbar - 
         1/6*Log[MHQ^2]*lamprime[f99]*lamprimeQu[f97]*gam[y99,pol3,p2,
         y97]*uspin[p2,y97]*vbspin[p1,y99]*e_[l6,l8]*e_[l6,l8]*e_[l99,
         l93]*d_(m99,m97)*FourPi^(-2)*I^9*g1*MHT^(-2)*lamprimeQTRbar + 
         1/12*Log[MHQ^2]*lamprimeQu[f97]*yd[f99,f8]*lamprimeQdbar[f8]*
         gam[y99,FIVE,p1,pol3,y97]*uspin[p2,y97]*vbspin[p1,y99]*e_[l99,
         l93]*d_(m99,m97)*FourPi^(-2)*I^9*g1*MHQ^(-2) + 1/12*Log[MHQ^2]
         *lamprimeQu[f97]*yd[f99,f8]*lamprimeQdbar[f8]*gam[y99,FIVE,
         pol3,p1,y97]*uspin[p2,y97]*vbspin[p1,y99]*e_[l99,l93]*
         d_(m99,m97)*FourPi^(-2)*I^9*g1*MHQ^(-2) + 1/12*Log[MHQ^2]*
         lamprimeQu[f97]*yd[f99,f8]*lamprimeQdbar[f8]*gam[y99,FIVE,pol3
         ,p2,y97]*uspin[p2,y97]*vbspin[p1,y99]*e_[l99,l93]*d_(m99,m97)*
         FourPi^(-2)*I^9*g1*MHQ^(-2) + 1/12*Log[MHQ^2]*lamprimeQu[f97]*
         yd[f99,f8]*lamprimeQdbar[f8]*gam[y99,FIVE,pol3,p3,y97]*uspin[
         p2,y97]*vbspin[p1,y99]*e_[l99,l93]*d_(m99,m97)*FourPi^(-2)*I^9
         *g1*MHQ^(-2) + 1/12*Log[MHQ^2]*lamprimeQu[f97]*yd[f99,f8]*
         lamprimeQdbar[f8]*gam[y99,p1,pol3,y97]*uspin[p2,y97]*vbspin[p1
         ,y99]*e_[l99,l93]*d_(m99,m97)*FourPi^(-2)*I^9*g1*MHQ^(-2) + 1/
         12*Log[MHQ^2]*lamprimeQu[f97]*yd[f99,f8]*lamprimeQdbar[f8]*
         gam[y99,pol3,p1,y97]*uspin[p2,y97]*vbspin[p1,y99]*e_[l99,l93]*
         d_(m99,m97)*FourPi^(-2)*I^9*g1*MHQ^(-2) + 1/12*Log[MHQ^2]*
         lamprimeQu[f97]*yd[f99,f8]*lamprimeQdbar[f8]*gam[y99,pol3,p2,
         y97]*uspin[p2,y97]*vbspin[p1,y99]*e_[l99,l93]*d_(m99,m97)*
         FourPi^(-2)*I^9*g1*MHQ^(-2) + 1/12*Log[MHQ^2]*lamprimeQu[f97]*
         yd[f99,f8]*lamprimeQdbar[f8]*gam[y99,pol3,p3,y97]*uspin[p2,y97
         ]*vbspin[p1,y99]*e_[l99,l93]*d_(m99,m97)*FourPi^(-2)*I^9*g1*
         MHQ^(-2) + 1/8*Log[MHQ^2]*lamprimeQu[f97]*yd[f99,f4]*
         lamprimeQdbar[f4]*gam[y99,FIVE,p1,pol3,y97]*uspin[p2,y97]*
         vbspin[p1,y99]*e_[l99,l93]*d_(m99,m97)*FourPi^(-2)*I^9*g1*
         MHQ^(-2) + 1/24*Log[MHQ^2]*lamprimeQu[f97]*yd[f99,f4]*
         lamprimeQdbar[f4]*gam[y99,FIVE,p3,pol3,y97]*uspin[p2,y97]*
         vbspin[p1,y99]*e_[l99,l93]*d_(m99,m97)*FourPi^(-2)*I^9*g1*
         MHQ^(-2) + 1/12*Log[MHQ^2]*lamprimeQu[f97]*yd[f99,f4]*
         lamprimeQdbar[f4]*gam[y99,FIVE,pol3,p1,y97]*uspin[p2,y97]*
         vbspin[p1,y99]*e_[l99,l93]*d_(m99,m97)*FourPi^(-2)*I^9*g1*
         MHQ^(-2) + 1/24*Log[MHQ^2]*lamprimeQu[f97]*yd[f99,f4]*
         lamprimeQdbar[f4]*gam[y99,FIVE,pol3,p3,y97]*uspin[p2,y97]*
         vbspin[p1,y99]*e_[l99,l93]*d_(m99,m97)*FourPi^(-2)*I^9*g1*
         MHQ^(-2) + 1/8*Log[MHQ^2]*lamprimeQu[f97]*yd[f99,f4]*
         lamprimeQdbar[f4]*gam[y99,FIVE,pol3,p4,y97]*uspin[p2,y97]*
         vbspin[p1,y99]*e_[l99,l93]*d_(m99,m97)*FourPi^(-2)*I^9*g1*
         MHQ^(-2) - 1/6*Log[MHQ^2]*lamprimeQu[f97]*yd[f99,f4]*
         lamprimeQdbar[f4]*gam[y99,FIVE,y97]*uspin[p2,y97]*vbspin[p1,
         y99]*e_[l99,l93]*d_(m99,m97)*p1.pol3*FourPi^(-2)*I^9*g1*
         MHQ^(-2) - 1/12*Log[MHQ^2]*lamprimeQu[f97]*yd[f99,f4]*
         lamprimeQdbar[f4]*gam[y99,FIVE,y97]*uspin[p2,y97]*vbspin[p1,
         y99]*e_[l99,l93]*d_(m99,m97)*p3.pol3*FourPi^(-2)*I^9*g1*
         MHQ^(-2) + 1/8*Log[MHQ^2]*lamprimeQu[f97]*yd[f99,f4]*
         lamprimeQdbar[f4]*gam[y99,p1,pol3,y97]*uspin[p2,y97]*vbspin[p1
         ,y99]*e_[l99,l93]*d_(m99,m97)*FourPi^(-2)*I^9*g1*MHQ^(-2) + 1/
         24*Log[MHQ^2]*lamprimeQu[f97]*yd[f99,f4]*lamprimeQdbar[f4]*
         gam[y99,p3,pol3,y97]*uspin[p2,y97]*vbspin[p1,y99]*e_[l99,l93]*
         d_(m99,m97)*FourPi^(-2)*I^9*g1*MHQ^(-2) + 1/12*Log[MHQ^2]*
         lamprimeQu[f97]*yd[f99,f4]*lamprimeQdbar[f4]*gam[y99,pol3,p1,
         y97]*uspin[p2,y97]*vbspin[p1,y99]*e_[l99,l93]*d_(m99,m97)*
         FourPi^(-2)*I^9*g1*MHQ^(-2) + 1/24*Log[MHQ^2]*lamprimeQu[f97]*
         yd[f99,f4]*lamprimeQdbar[f4]*gam[y99,pol3,p3,y97]*uspin[p2,y97
         ]*vbspin[p1,y99]*e_[l99,l93]*d_(m99,m97)*FourPi^(-2)*I^9*g1*
         MHQ^(-2) + 1/8*Log[MHQ^2]*lamprimeQu[f97]*yd[f99,f4]*
         lamprimeQdbar[f4]*gam[y99,pol3,p4,y97]*uspin[p2,y97]*vbspin[p1
         ,y99]*e_[l99,l93]*d_(m99,m97)*FourPi^(-2)*I^9*g1*MHQ^(-2) - 1/
         6*Log[MHQ^2]*lamprimeQu[f97]*yd[f99,f4]*lamprimeQdbar[f4]*gam[
         y99,y97]*uspin[p2,y97]*vbspin[p1,y99]*e_[l99,l93]*d_(m99,m97)*
         p1.pol3*FourPi^(-2)*I^9*g1*MHQ^(-2) - 1/12*Log[MHQ^2]*
         lamprimeQu[f97]*yd[f99,f4]*lamprimeQdbar[f4]*gam[y99,y97]*
         uspin[p2,y97]*vbspin[p1,y99]*e_[l99,l93]*d_(m99,m97)*p3.pol3*
         FourPi^(-2)*I^9*g1*MHQ^(-2) - 1/24*Log[MHT^2]*lamprime[f99]*
         lamprimeQu[f97]*gam[y99,FIVE,p1,pol3,y97]*uspin[p2,y97]*
         vbspin[p1,y99]*e_[l6,l99]*e_[l6,l2]*e_[l93,l2]*d_(m99,m97)*
         FourPi^(-2)*I^9*g1*MHQ^(-2)*lamprimeQTRbar - 1/12*Log[MHT^2]*
         lamprime[f99]*lamprimeQu[f97]*gam[y99,FIVE,p1,pol3,y97]*uspin[
         p2,y97]*vbspin[p1,y99]*e_[l6,l99]*e_[l6,l2]*e_[l93,l2]*
         d_(m99,m97)*FourPi^(-2)*I^9*g1*MHT*MHQ^(-3)*lamprimeQTLbar - 1/
         8*Log[MHT^2]*lamprime[f99]*lamprimeQu[f97]*gam[y99,FIVE,pol3,
         p2,y97]*uspin[p2,y97]*vbspin[p1,y99]*e_[l4,l99]*e_[l4,l2]*e_[
         l93,l2]*d_(m99,m97)*FourPi^(-2)*I^9*g1*MHQ^(-2)*lamprimeQTRbar
          + 1/6*Log[MHT^2]*lamprime[f99]*lamprimeQu[f97]*gam[y99,FIVE,
         pol3,p2,y97]*uspin[p2,y97]*vbspin[p1,y99]*e_[l6,l99]*e_[l6,l2]
         *e_[l93,l2]*d_(m99,m97)*FourPi^(-2)*I^9*g1*MHQ^(-2)*
         lamprimeQTRbar + 1/12*Log[MHT^2]*lamprime[f99]*lamprimeQu[f97]
         *gam[y99,FIVE,pol3,p2,y97]*uspin[p2,y97]*vbspin[p1,y99]*e_[l6,
         l99]*e_[l6,l2]*e_[l93,l2]*d_(m99,m97)*FourPi^(-2)*I^9*g1*MHT*
         MHQ^(-3)*lamprimeQTLbar - 1/8*Log[MHT^2]*lamprime[f99]*
         lamprimeQu[f97]*gam[y99,FIVE,pol3,p4,y97]*uspin[p2,y97]*
         vbspin[p1,y99]*e_[l4,l99]*e_[l4,l2]*e_[l93,l2]*d_(m99,m97)*
         FourPi^(-2)*I^9*g1*MHQ^(-2)*lamprimeQTRbar + 1/6*Log[MHT^2]*
         lamprime[f99]*lamprimeQu[f97]*gam[y99,FIVE,pol3,p4,y97]*uspin[
         p2,y97]*vbspin[p1,y99]*e_[l6,l99]*e_[l6,l2]*e_[l93,l2]*
         d_(m99,m97)*FourPi^(-2)*I^9*g1*MHQ^(-2)*lamprimeQTRbar + 1/12*
         Log[MHT^2]*lamprime[f99]*lamprimeQu[f97]*gam[y99,FIVE,pol3,p4,
         y97]*uspin[p2,y97]*vbspin[p1,y99]*e_[l6,l99]*e_[l6,l2]*e_[l93,
         l2]*d_(m99,m97)*FourPi^(-2)*I^9*g1*MHT*MHQ^(-3)*lamprimeQTLbar
          - 1/24*Log[MHT^2]*lamprime[f99]*lamprimeQu[f97]*gam[y99,p1,
         pol3,y97]*uspin[p2,y97]*vbspin[p1,y99]*e_[l6,l99]*e_[l6,l2]*
         e_[l93,l2]*d_(m99,m97)*FourPi^(-2)*I^9*g1*MHQ^(-2)*
         lamprimeQTRbar - 1/12*Log[MHT^2]*lamprime[f99]*lamprimeQu[f97]
         *gam[y99,p1,pol3,y97]*uspin[p2,y97]*vbspin[p1,y99]*e_[l6,l99]*
         e_[l6,l2]*e_[l93,l2]*d_(m99,m97)*FourPi^(-2)*I^9*g1*MHT*
         MHQ^(-3)*lamprimeQTLbar - 1/8*Log[MHT^2]*lamprime[f99]*
         lamprimeQu[f97]*gam[y99,pol3,p2,y97]*uspin[p2,y97]*vbspin[p1,
         y99]*e_[l4,l99]*e_[l4,l2]*e_[l93,l2]*d_(m99,m97)*FourPi^(-2)*
         I^9*g1*MHQ^(-2)*lamprimeQTRbar + 1/6*Log[MHT^2]*lamprime[f99]*
         lamprimeQu[f97]*gam[y99,pol3,p2,y97]*uspin[p2,y97]*vbspin[p1,
         y99]*e_[l6,l99]*e_[l6,l2]*e_[l93,l2]*d_(m99,m97)*FourPi^(-2)*
         I^9*g1*MHQ^(-2)*lamprimeQTRbar + 1/12*Log[MHT^2]*lamprime[f99]
         *lamprimeQu[f97]*gam[y99,pol3,p2,y97]*uspin[p2,y97]*vbspin[p1,
         y99]*e_[l6,l99]*e_[l6,l2]*e_[l93,l2]*d_(m99,m97)*FourPi^(-2)*
         I^9*g1*MHT*MHQ^(-3)*lamprimeQTLbar - 1/8*Log[MHT^2]*lamprime[
         f99]*lamprimeQu[f97]*gam[y99,pol3,p4,y97]*uspin[p2,y97]*
         vbspin[p1,y99]*e_[l4,l99]*e_[l4,l2]*e_[l93,l2]*d_(m99,m97)*
         FourPi^(-2)*I^9*g1*MHQ^(-2)*lamprimeQTRbar + 1/6*Log[MHT^2]*
         lamprime[f99]*lamprimeQu[f97]*gam[y99,pol3,p4,y97]*uspin[p2,
         y97]*vbspin[p1,y99]*e_[l6,l99]*e_[l6,l2]*e_[l93,l2]*
         d_(m99,m97)*FourPi^(-2)*I^9*g1*MHQ^(-2)*lamprimeQTRbar + 1/12*
         Log[MHT^2]*lamprime[f99]*lamprimeQu[f97]*gam[y99,pol3,p4,y97]*
         uspin[p2,y97]*vbspin[p1,y99]*e_[l6,l99]*e_[l6,l2]*e_[l93,l2]*
         d_(m99,m97)*FourPi^(-2)*I^9*g1*MHT*MHQ^(-3)*lamprimeQTLbar - 1/
         4*lamprime[f99]*lamprimeQu[f97]*gam[y99,FIVE,p1,pol3,y97]*
         uspin[p2,y97]*vbspin[p1,y99]*e_[l4,l6]*e_[l4,l6]*e_[l99,l93]*
         d_(m99,m97)*FourPi^(-2)*I^9*g1*MHT^(-2)*lamprimeQTRbar + 1/6*
         lamprime[f99]*lamprimeQu[f97]*gam[y99,FIVE,p1,pol3,y97]*uspin[
         p2,y97]*vbspin[p1,y99]*e_[l6,l99]*e_[l6,l2]*e_[l93,l2]*
         d_(m99,m97)*FourPi^(-2)*I^9*g1*MHT^(-1)*MHQ^(-1)*
         lamprimeQTLbar + 1/16*lamprime[f99]*lamprimeQu[f97]*gam[y99,
         FIVE,p1,pol3,y97]*uspin[p2,y97]*vbspin[p1,y99]*e_[l6,l99]*e_[
         l6,l2]*e_[l93,l2]*d_(m99,m97)*FourPi^(-2)*I^9*g1*MHQ^(-2)*
         lamprimeQTRbar + 1/12*lamprime[f99]*lamprimeQu[f97]*gam[y99,
         FIVE,p1,pol3,y97]*uspin[p2,y97]*vbspin[p1,y99]*e_[l6,l99]*e_[
         l6,l2]*e_[l93,l2]*d_(m99,m97)*FourPi^(-2)*I^9*g1*MHT*MHQ^(-3)*
         lamprimeQTLbar - 1/3*lamprime[f99]*lamprimeQu[f97]*gam[y99,
         FIVE,p1,pol3,y97]*uspin[p2,y97]*vbspin[p1,y99]*e_[l6,l8]*e_[l6
         ,l8]*e_[l99,l93]*d_(m99,m97)*FourPi^(-2)*I^9*g1*MHT^(-3)*MHQ*
         lamprimeQTLbar + 1/24*lamprime[f99]*lamprimeQu[f97]*gam[y99,
         FIVE,p2,pol3,y97]*uspin[p2,y97]*vbspin[p1,y99]*e_[l4,l6]*e_[l4
         ,l6]*e_[l99,l93]*d_(m99,m97)*FourPi^(-2)*I^9*g1*MHT^(-1)*
         MHQ^(-1)*lamprimeQTLbar + 1/16*lamprime[f99]*lamprimeQu[f97]*
         gam[y99,FIVE,p3,pol3,y97]*uspin[p2,y97]*vbspin[p1,y99]*e_[l4,
         l6]*e_[l4,l6]*e_[l99,l93]*d_(m99,m97)*FourPi^(-2)*I^9*g1*
         MHT^(-1)*MHQ^(-1)*lamprimeQTLbar - 1/12*lamprime[f99]*
         lamprimeQu[f97]*gam[y99,FIVE,p3,pol3,y97]*uspin[p2,y97]*
         vbspin[p1,y99]*e_[l6,l99]*e_[l6,l2]*e_[l93,l2]*d_(m99,m97)*
         FourPi^(-2)*I^9*g1*MHT^(-1)*MHQ^(-1)*lamprimeQTLbar - 1/4*
         lamprime[f99]*lamprimeQu[f97]*gam[y99,FIVE,p4,pol3,y97]*uspin[
         p2,y97]*vbspin[p1,y99]*e_[l4,l6]*e_[l4,l6]*e_[l99,l93]*
         d_(m99,m97)*FourPi^(-2)*I^9*g1*MHT^(-2)*lamprimeQTRbar - 1/3*
         lamprime[f99]*lamprimeQu[f97]*gam[y99,FIVE,p4,pol3,y97]*uspin[
         p2,y97]*vbspin[p1,y99]*e_[l6,l8]*e_[l6,l8]*e_[l99,l93]*
         d_(m99,m97)*FourPi^(-2)*I^9*g1*MHT^(-3)*MHQ*lamprimeQTLbar + 1/
         6*lamprime[f99]*lamprimeQu[f97]*gam[y99,FIVE,pol3,p1,y97]*
         uspin[p2,y97]*vbspin[p1,y99]*e_[l6,l99]*e_[l6,l2]*e_[l93,l2]*
         d_(m99,m97)*FourPi^(-2)*I^9*g1*MHT^(-1)*MHQ^(-1)*
         lamprimeQTLbar + 1/24*lamprime[f99]*lamprimeQu[f97]*gam[y99,
         FIVE,pol3,p2,y97]*uspin[p2,y97]*vbspin[p1,y99]*e_[l4,l6]*e_[l4
         ,l6]*e_[l99,l93]*d_(m99,m97)*FourPi^(-2)*I^9*g1*MHT^(-1)*
         MHQ^(-1)*lamprimeQTLbar + 3/16*lamprime[f99]*lamprimeQu[f97]*
         gam[y99,FIVE,pol3,p2,y97]*uspin[p2,y97]*vbspin[p1,y99]*e_[l4,
         l99]*e_[l4,l2]*e_[l93,l2]*d_(m99,m97)*FourPi^(-2)*I^9*g1*
         MHQ^(-2)*lamprimeQTRbar - 1/4*lamprime[f99]*lamprimeQu[f97]*
         gam[y99,FIVE,pol3,p2,y97]*uspin[p2,y97]*vbspin[p1,y99]*e_[l6,
         l99]*e_[l6,l2]*e_[l93,l2]*d_(m99,m97)*FourPi^(-2)*I^9*g1*
         MHQ^(-2)*lamprimeQTRbar - 1/12*lamprime[f99]*lamprimeQu[f97]*
         gam[y99,FIVE,pol3,p2,y97]*uspin[p2,y97]*vbspin[p1,y99]*e_[l6,
         l99]*e_[l6,l2]*e_[l93,l2]*d_(m99,m97)*FourPi^(-2)*I^9*g1*MHT*
         MHQ^(-3)*lamprimeQTLbar + 1/3*lamprime[f99]*lamprimeQu[f97]*
         gam[y99,FIVE,pol3,p2,y97]*uspin[p2,y97]*vbspin[p1,y99]*e_[l6,
         l8]*e_[l6,l8]*e_[l99,l93]*d_(m99,m97)*FourPi^(-2)*I^9*g1*
         MHT^(-3)*MHQ*lamprimeQTLbar + 1/4*lamprime[f99]*lamprimeQu[f97
         ]*gam[y99,FIVE,pol3,p2,y97]*uspin[p2,y97]*vbspin[p1,y99]*e_[l6
         ,l8]*e_[l6,l8]*e_[l99,l93]*d_(m99,m97)*FourPi^(-2)*I^9*g1*
         MHT^(-2)*lamprimeQTRbar - 1/48*lamprime[f99]*lamprimeQu[f97]*
         gam[y99,FIVE,pol3,p3,y97]*uspin[p2,y97]*vbspin[p1,y99]*e_[l4,
         l6]*e_[l4,l6]*e_[l99,l93]*d_(m99,m97)*FourPi^(-2)*I^9*g1*
         MHT^(-1)*MHQ^(-1)*lamprimeQTLbar + 1/4*lamprime[f99]*
         lamprimeQu[f97]*gam[y99,FIVE,pol3,p3,y97]*uspin[p2,y97]*
         vbspin[p1,y99]*e_[l6,l99]*e_[l6,l2]*e_[l93,l2]*d_(m99,m97)*
         FourPi^(-2)*I^9*g1*MHT^(-1)*MHQ^(-1)*lamprimeQTLbar + 3/16*
         lamprime[f99]*lamprimeQu[f97]*gam[y99,FIVE,pol3,p4,y97]*uspin[
         p2,y97]*vbspin[p1,y99]*e_[l4,l99]*e_[l4,l2]*e_[l93,l2]*
         d_(m99,m97)*FourPi^(-2)*I^9*g1*MHQ^(-2)*lamprimeQTRbar - 1/4*
         lamprime[f99]*lamprimeQu[f97]*gam[y99,FIVE,pol3,p4,y97]*uspin[
         p2,y97]*vbspin[p1,y99]*e_[l6,l99]*e_[l6,l2]*e_[l93,l2]*
         d_(m99,m97)*FourPi^(-2)*I^9*g1*MHQ^(-2)*lamprimeQTRbar - 1/12*
         lamprime[f99]*lamprimeQu[f97]*gam[y99,FIVE,pol3,p4,y97]*uspin[
         p2,y97]*vbspin[p1,y99]*e_[l6,l99]*e_[l6,l2]*e_[l93,l2]*
         d_(m99,m97)*FourPi^(-2)*I^9*g1*MHT*MHQ^(-3)*lamprimeQTLbar + 1/
         4*lamprime[f99]*lamprimeQu[f97]*gam[y99,FIVE,y97]*uspin[p2,y97
         ]*vbspin[p1,y99]*e_[l4,l6]*e_[l4,l6]*e_[l99,l93]*d_(m99,m97)*
         p2.pol3*FourPi^(-2)*I^9*g1*MHT^(-1)*MHQ^(-1)*lamprimeQTLbar + 
         1/8*lamprime[f99]*lamprimeQu[f97]*gam[y99,FIVE,y97]*uspin[p2,
         y97]*vbspin[p1,y99]*e_[l4,l6]*e_[l4,l6]*e_[l99,l93]*
         d_(m99,m97)*p3.pol3*FourPi^(-2)*I^9*g1*MHT^(-1)*MHQ^(-1)*
         lamprimeQTLbar - 1/4*lamprime[f99]*lamprimeQu[f97]*gam[y99,
         FIVE,y97]*uspin[p2,y97]*vbspin[p1,y99]*e_[l4,l99]*e_[l4,l2]*
         e_[l93,l2]*d_(m99,m97)*p1.pol3*FourPi^(-2)*I^9*g1*MHT^(-1)*
         MHQ^(-1)*lamprimeQTLbar - 1/8*lamprime[f99]*lamprimeQu[f97]*
         gam[y99,FIVE,y97]*uspin[p2,y97]*vbspin[p1,y99]*e_[l4,l99]*e_[
         l4,l2]*e_[l93,l2]*d_(m99,m97)*p3.pol3*FourPi^(-2)*I^9*g1*
         MHT^(-1)*MHQ^(-1)*lamprimeQTLbar - 1/4*lamprime[f99]*
         lamprimeQu[f97]*gam[y99,p1,pol3,y97]*uspin[p2,y97]*vbspin[p1,
         y99]*e_[l4,l6]*e_[l4,l6]*e_[l99,l93]*d_(m99,m97)*FourPi^(-2)*
         I^9*g1*MHT^(-2)*lamprimeQTRbar + 1/6*lamprime[f99]*lamprimeQu[
         f97]*gam[y99,p1,pol3,y97]*uspin[p2,y97]*vbspin[p1,y99]*e_[l6,
         l99]*e_[l6,l2]*e_[l93,l2]*d_(m99,m97)*FourPi^(-2)*I^9*g1*
         MHT^(-1)*MHQ^(-1)*lamprimeQTLbar + 1/16*lamprime[f99]*
         lamprimeQu[f97]*gam[y99,p1,pol3,y97]*uspin[p2,y97]*vbspin[p1,
         y99]*e_[l6,l99]*e_[l6,l2]*e_[l93,l2]*d_(m99,m97)*FourPi^(-2)*
         I^9*g1*MHQ^(-2)*lamprimeQTRbar + 1/12*lamprime[f99]*
         lamprimeQu[f97]*gam[y99,p1,pol3,y97]*uspin[p2,y97]*vbspin[p1,
         y99]*e_[l6,l99]*e_[l6,l2]*e_[l93,l2]*d_(m99,m97)*FourPi^(-2)*
         I^9*g1*MHT*MHQ^(-3)*lamprimeQTLbar - 1/3*lamprime[f99]*
         lamprimeQu[f97]*gam[y99,p1,pol3,y97]*uspin[p2,y97]*vbspin[p1,
         y99]*e_[l6,l8]*e_[l6,l8]*e_[l99,l93]*d_(m99,m97)*FourPi^(-2)*
         I^9*g1*MHT^(-3)*MHQ*lamprimeQTLbar + 1/24*lamprime[f99]*
         lamprimeQu[f97]*gam[y99,p2,pol3,y97]*uspin[p2,y97]*vbspin[p1,
         y99]*e_[l4,l6]*e_[l4,l6]*e_[l99,l93]*d_(m99,m97)*FourPi^(-2)*
         I^9*g1*MHT^(-1)*MHQ^(-1)*lamprimeQTLbar + 1/16*lamprime[f99]*
         lamprimeQu[f97]*gam[y99,p3,pol3,y97]*uspin[p2,y97]*vbspin[p1,
         y99]*e_[l4,l6]*e_[l4,l6]*e_[l99,l93]*d_(m99,m97)*FourPi^(-2)*
         I^9*g1*MHT^(-1)*MHQ^(-1)*lamprimeQTLbar - 1/12*lamprime[f99]*
         lamprimeQu[f97]*gam[y99,p3,pol3,y97]*uspin[p2,y97]*vbspin[p1,
         y99]*e_[l6,l99]*e_[l6,l2]*e_[l93,l2]*d_(m99,m97)*FourPi^(-2)*
         I^9*g1*MHT^(-1)*MHQ^(-1)*lamprimeQTLbar - 1/4*lamprime[f99]*
         lamprimeQu[f97]*gam[y99,p4,pol3,y97]*uspin[p2,y97]*vbspin[p1,
         y99]*e_[l4,l6]*e_[l4,l6]*e_[l99,l93]*d_(m99,m97)*FourPi^(-2)*
         I^9*g1*MHT^(-2)*lamprimeQTRbar - 1/3*lamprime[f99]*lamprimeQu[
         f97]*gam[y99,p4,pol3,y97]*uspin[p2,y97]*vbspin[p1,y99]*e_[l6,
         l8]*e_[l6,l8]*e_[l99,l93]*d_(m99,m97)*FourPi^(-2)*I^9*g1*
         MHT^(-3)*MHQ*lamprimeQTLbar + 1/6*lamprime[f99]*lamprimeQu[f97
         ]*gam[y99,pol3,p1,y97]*uspin[p2,y97]*vbspin[p1,y99]*e_[l6,l99]
         *e_[l6,l2]*e_[l93,l2]*d_(m99,m97)*FourPi^(-2)*I^9*g1*MHT^(-1)*
         MHQ^(-1)*lamprimeQTLbar + 1/24*lamprime[f99]*lamprimeQu[f97]*
         gam[y99,pol3,p2,y97]*uspin[p2,y97]*vbspin[p1,y99]*e_[l4,l6]*
         e_[l4,l6]*e_[l99,l93]*d_(m99,m97)*FourPi^(-2)*I^9*g1*MHT^(-1)*
         MHQ^(-1)*lamprimeQTLbar + 3/16*lamprime[f99]*lamprimeQu[f97]*
         gam[y99,pol3,p2,y97]*uspin[p2,y97]*vbspin[p1,y99]*e_[l4,l99]*
         e_[l4,l2]*e_[l93,l2]*d_(m99,m97)*FourPi^(-2)*I^9*g1*MHQ^(-2)*
         lamprimeQTRbar - 1/4*lamprime[f99]*lamprimeQu[f97]*gam[y99,
         pol3,p2,y97]*uspin[p2,y97]*vbspin[p1,y99]*e_[l6,l99]*e_[l6,l2]
         *e_[l93,l2]*d_(m99,m97)*FourPi^(-2)*I^9*g1*MHQ^(-2)*
         lamprimeQTRbar - 1/12*lamprime[f99]*lamprimeQu[f97]*gam[y99,
         pol3,p2,y97]*uspin[p2,y97]*vbspin[p1,y99]*e_[l6,l99]*e_[l6,l2]
         *e_[l93,l2]*d_(m99,m97)*FourPi^(-2)*I^9*g1*MHT*MHQ^(-3)*
         lamprimeQTLbar + 1/3*lamprime[f99]*lamprimeQu[f97]*gam[y99,
         pol3,p2,y97]*uspin[p2,y97]*vbspin[p1,y99]*e_[l6,l8]*e_[l6,l8]*
         e_[l99,l93]*d_(m99,m97)*FourPi^(-2)*I^9*g1*MHT^(-3)*MHQ*
         lamprimeQTLbar + 1/4*lamprime[f99]*lamprimeQu[f97]*gam[y99,
         pol3,p2,y97]*uspin[p2,y97]*vbspin[p1,y99]*e_[l6,l8]*e_[l6,l8]*
         e_[l99,l93]*d_(m99,m97)*FourPi^(-2)*I^9*g1*MHT^(-2)*
         lamprimeQTRbar - 1/48*lamprime[f99]*lamprimeQu[f97]*gam[y99,
         pol3,p3,y97]*uspin[p2,y97]*vbspin[p1,y99]*e_[l4,l6]*e_[l4,l6]*
         e_[l99,l93]*d_(m99,m97)*FourPi^(-2)*I^9*g1*MHT^(-1)*MHQ^(-1)*
         lamprimeQTLbar + 1/4*lamprime[f99]*lamprimeQu[f97]*gam[y99,
         pol3,p3,y97]*uspin[p2,y97]*vbspin[p1,y99]*e_[l6,l99]*e_[l6,l2]
         *e_[l93,l2]*d_(m99,m97)*FourPi^(-2)*I^9*g1*MHT^(-1)*MHQ^(-1)*
         lamprimeQTLbar + 3/16*lamprime[f99]*lamprimeQu[f97]*gam[y99,
         pol3,p4,y97]*uspin[p2,y97]*vbspin[p1,y99]*e_[l4,l99]*e_[l4,l2]
         *e_[l93,l2]*d_(m99,m97)*FourPi^(-2)*I^9*g1*MHQ^(-2)*
         lamprimeQTRbar - 1/4*lamprime[f99]*lamprimeQu[f97]*gam[y99,
         pol3,p4,y97]*uspin[p2,y97]*vbspin[p1,y99]*e_[l6,l99]*e_[l6,l2]
         *e_[l93,l2]*d_(m99,m97)*FourPi^(-2)*I^9*g1*MHQ^(-2)*
         lamprimeQTRbar - 1/12*lamprime[f99]*lamprimeQu[f97]*gam[y99,
         pol3,p4,y97]*uspin[p2,y97]*vbspin[p1,y99]*e_[l6,l99]*e_[l6,l2]
         *e_[l93,l2]*d_(m99,m97)*FourPi^(-2)*I^9*g1*MHT*MHQ^(-3)*
         lamprimeQTLbar + 1/4*lamprime[f99]*lamprimeQu[f97]*gam[y99,y97
         ]*uspin[p2,y97]*vbspin[p1,y99]*e_[l4,l6]*e_[l4,l6]*e_[l99,l93]
         *d_(m99,m97)*p2.pol3*FourPi^(-2)*I^9*g1*MHT^(-1)*MHQ^(-1)*
         lamprimeQTLbar + 1/8*lamprime[f99]*lamprimeQu[f97]*gam[y99,y97
         ]*uspin[p2,y97]*vbspin[p1,y99]*e_[l4,l6]*e_[l4,l6]*e_[l99,l93]
         *d_(m99,m97)*p3.pol3*FourPi^(-2)*I^9*g1*MHT^(-1)*MHQ^(-1)*
         lamprimeQTLbar - 1/4*lamprime[f99]*lamprimeQu[f97]*gam[y99,y97
         ]*uspin[p2,y97]*vbspin[p1,y99]*e_[l4,l99]*e_[l4,l2]*e_[l93,l2]
         *d_(m99,m97)*p1.pol3*FourPi^(-2)*I^9*g1*MHT^(-1)*MHQ^(-1)*
         lamprimeQTLbar - 1/8*lamprime[f99]*lamprimeQu[f97]*gam[y99,y97
         ]*uspin[p2,y97]*vbspin[p1,y99]*e_[l4,l99]*e_[l4,l2]*e_[l93,l2]
         *d_(m99,m97)*p3.pol3*FourPi^(-2)*I^9*g1*MHT^(-1)*MHQ^(-1)*
         lamprimeQTLbar - 1/24*lamprimeQu[f97]*yd[f99,f8]*
         lamprimeQdbar[f8]*gam[y99,FIVE,p1,pol3,y97]*uspin[p2,y97]*
         vbspin[p1,y99]*e_[l99,l93]*d_(m99,m97)*FourPi^(-2)*I^9*g1*
         MHQ^(-2) + 1/12*lamprimeQu[f97]*yd[f99,f8]*lamprimeQdbar[f8]*
         gam[y99,FIVE,p2,pol3,y97]*uspin[p2,y97]*vbspin[p1,y99]*e_[l99,
         l93]*d_(m99,m97)*FourPi^(-2)*I^9*g1*MHQ^(-2) - 1/24*
         lamprimeQu[f97]*yd[f99,f8]*lamprimeQdbar[f8]*gam[y99,FIVE,pol3
         ,p1,y97]*uspin[p2,y97]*vbspin[p1,y99]*e_[l99,l93]*d_(m99,m97)*
         FourPi^(-2)*I^9*g1*MHQ^(-2) - 1/24*lamprimeQu[f97]*yd[f99,f8]*
         lamprimeQdbar[f8]*gam[y99,FIVE,pol3,p2,y97]*uspin[p2,y97]*
         vbspin[p1,y99]*e_[l99,l93]*d_(m99,m97)*FourPi^(-2)*I^9*g1*
         MHQ^(-2) - 1/24*lamprimeQu[f97]*yd[f99,f8]*lamprimeQdbar[f8]*
         gam[y99,FIVE,pol3,p3,y97]*uspin[p2,y97]*vbspin[p1,y99]*e_[l99,
         l93]*d_(m99,m97)*FourPi^(-2)*I^9*g1*MHQ^(-2) - 1/24*
         lamprimeQu[f97]*yd[f99,f8]*lamprimeQdbar[f8]*gam[y99,p1,pol3,
         y97]*uspin[p2,y97]*vbspin[p1,y99]*e_[l99,l93]*d_(m99,m97)*
         FourPi^(-2)*I^9*g1*MHQ^(-2) + 1/12*lamprimeQu[f97]*yd[f99,f8]*
         lamprimeQdbar[f8]*gam[y99,p2,pol3,y97]*uspin[p2,y97]*vbspin[p1
         ,y99]*e_[l99,l93]*d_(m99,m97)*FourPi^(-2)*I^9*g1*MHQ^(-2) - 1/
         24*lamprimeQu[f97]*yd[f99,f8]*lamprimeQdbar[f8]*gam[y99,pol3,
         p1,y97]*uspin[p2,y97]*vbspin[p1,y99]*e_[l99,l93]*d_(m99,m97)*
         FourPi^(-2)*I^9*g1*MHQ^(-2) - 1/24*lamprimeQu[f97]*yd[f99,f8]*
         lamprimeQdbar[f8]*gam[y99,pol3,p2,y97]*uspin[p2,y97]*vbspin[p1
         ,y99]*e_[l99,l93]*d_(m99,m97)*FourPi^(-2)*I^9*g1*MHQ^(-2) - 1/
         24*lamprimeQu[f97]*yd[f99,f8]*lamprimeQdbar[f8]*gam[y99,pol3,
         p3,y97]*uspin[p2,y97]*vbspin[p1,y99]*e_[l99,l93]*d_(m99,m97)*
         FourPi^(-2)*I^9*g1*MHQ^(-2) - 17/72*lamprimeQu[f97]*yd[f99,f4]
         *lamprimeQdbar[f4]*gam[y99,FIVE,p1,pol3,y97]*uspin[p2,y97]*
         vbspin[p1,y99]*e_[l99,l93]*d_(m99,m97)*FourPi^(-2)*I^9*g1*
         MHQ^(-2) + 1/48*lamprimeQu[f97]*yd[f99,f4]*lamprimeQdbar[f4]*
         gam[y99,FIVE,p2,pol3,y97]*uspin[p2,y97]*vbspin[p1,y99]*e_[l99,
         l93]*d_(m99,m97)*FourPi^(-2)*I^9*g1*MHQ^(-2) - 11/144*
         lamprimeQu[f97]*yd[f99,f4]*lamprimeQdbar[f4]*gam[y99,FIVE,p3,
         pol3,y97]*uspin[p2,y97]*vbspin[p1,y99]*e_[l99,l93]*d_(m99,m97)
         *FourPi^(-2)*I^9*g1*MHQ^(-2) - 5/48*lamprimeQu[f97]*yd[f99,f4]
         *lamprimeQdbar[f4]*gam[y99,FIVE,p4,pol3,y97]*uspin[p2,y97]*
         vbspin[p1,y99]*e_[l99,l93]*d_(m99,m97)*FourPi^(-2)*I^9*g1*
         MHQ^(-2) - 19/144*lamprimeQu[f97]*yd[f99,f4]*lamprimeQdbar[f4]
         *gam[y99,FIVE,pol3,p1,y97]*uspin[p2,y97]*vbspin[p1,y99]*e_[l99
         ,l93]*d_(m99,m97)*FourPi^(-2)*I^9*g1*MHQ^(-2) + 1/16*
         lamprimeQu[f97]*yd[f99,f4]*lamprimeQdbar[f4]*gam[y99,FIVE,pol3
         ,p2,y97]*uspin[p2,y97]*vbspin[p1,y99]*e_[l99,l93]*d_(m99,m97)*
         FourPi^(-2)*I^9*g1*MHQ^(-2) - 11/144*lamprimeQu[f97]*yd[f99,f4
         ]*lamprimeQdbar[f4]*gam[y99,FIVE,pol3,p3,y97]*uspin[p2,y97]*
         vbspin[p1,y99]*e_[l99,l93]*d_(m99,m97)*FourPi^(-2)*I^9*g1*
         MHQ^(-2) - 1/4*lamprimeQu[f97]*yd[f99,f4]*lamprimeQdbar[f4]*
         gam[y99,FIVE,pol3,p4,y97]*uspin[p2,y97]*vbspin[p1,y99]*e_[l99,
         l93]*d_(m99,m97)*FourPi^(-2)*I^9*g1*MHQ^(-2) + 1/18*
         lamprimeQu[f97]*yd[f99,f4]*lamprimeQdbar[f4]*gam[y99,FIVE,y97]
         *uspin[p2,y97]*vbspin[p1,y99]*e_[l99,l93]*d_(m99,m97)*p1.pol3*
         FourPi^(-2)*I^9*g1*MHQ^(-2) + 1/36*lamprimeQu[f97]*yd[f99,f4]*
         lamprimeQdbar[f4]*gam[y99,FIVE,y97]*uspin[p2,y97]*vbspin[p1,
         y99]*e_[l99,l93]*d_(m99,m97)*p3.pol3*FourPi^(-2)*I^9*g1*
         MHQ^(-2) - 1/6*lamprimeQu[f97]*yd[f99,f4]*lamprimeQdbar[f4]*
         gam[y99,FIVE,y97]*uspin[p2,y97]*vbspin[p1,y99]*e_[l99,l93]*
         d_(m99,m97)*p4.pol3*FourPi^(-2)*I^9*g1*MHQ^(-2) - 17/72*
         lamprimeQu[f97]*yd[f99,f4]*lamprimeQdbar[f4]*gam[y99,p1,pol3,
         y97]*uspin[p2,y97]*vbspin[p1,y99]*e_[l99,l93]*d_(m99,m97)*
         FourPi^(-2)*I^9*g1*MHQ^(-2) + 1/48*lamprimeQu[f97]*yd[f99,f4]*
         lamprimeQdbar[f4]*gam[y99,p2,pol3,y97]*uspin[p2,y97]*vbspin[p1
         ,y99]*e_[l99,l93]*d_(m99,m97)*FourPi^(-2)*I^9*g1*MHQ^(-2) - 11/
         144*lamprimeQu[f97]*yd[f99,f4]*lamprimeQdbar[f4]*gam[y99,p3,
         pol3,y97]*uspin[p2,y97]*vbspin[p1,y99]*e_[l99,l93]*d_(m99,m97)
         *FourPi^(-2)*I^9*g1*MHQ^(-2) - 5/48*lamprimeQu[f97]*yd[f99,f4]
         *lamprimeQdbar[f4]*gam[y99,p4,pol3,y97]*uspin[p2,y97]*vbspin[
         p1,y99]*e_[l99,l93]*d_(m99,m97)*FourPi^(-2)*I^9*g1*MHQ^(-2) - 
         19/144*lamprimeQu[f97]*yd[f99,f4]*lamprimeQdbar[f4]*gam[y99,
         pol3,p1,y97]*uspin[p2,y97]*vbspin[p1,y99]*e_[l99,l93]*
         d_(m99,m97)*FourPi^(-2)*I^9*g1*MHQ^(-2) + 1/16*lamprimeQu[f97]
         *yd[f99,f4]*lamprimeQdbar[f4]*gam[y99,pol3,p2,y97]*uspin[p2,
         y97]*vbspin[p1,y99]*e_[l99,l93]*d_(m99,m97)*FourPi^(-2)*I^9*g1
         *MHQ^(-2) - 11/144*lamprimeQu[f97]*yd[f99,f4]*lamprimeQdbar[f4
         ]*gam[y99,pol3,p3,y97]*uspin[p2,y97]*vbspin[p1,y99]*e_[l99,l93
         ]*d_(m99,m97)*FourPi^(-2)*I^9*g1*MHQ^(-2) - 1/4*lamprimeQu[f97
         ]*yd[f99,f4]*lamprimeQdbar[f4]*gam[y99,pol3,p4,y97]*uspin[p2,
         y97]*vbspin[p1,y99]*e_[l99,l93]*d_(m99,m97)*FourPi^(-2)*I^9*g1
         *MHQ^(-2) + 1/18*lamprimeQu[f97]*yd[f99,f4]*lamprimeQdbar[f4]*
         gam[y99,y97]*uspin[p2,y97]*vbspin[p1,y99]*e_[l99,l93]*
         d_(m99,m97)*p1.pol3*FourPi^(-2)*I^9*g1*MHQ^(-2) + 1/36*
         lamprimeQu[f97]*yd[f99,f4]*lamprimeQdbar[f4]*gam[y99,y97]*
         uspin[p2,y97]*vbspin[p1,y99]*e_[l99,l93]*d_(m99,m97)*p3.pol3*
         FourPi^(-2)*I^9*g1*MHQ^(-2) - 1/6*lamprimeQu[f97]*yd[f99,f4]*
         lamprimeQdbar[f4]*gam[y99,y97]*uspin[p2,y97]*vbspin[p1,y99]*
         e_[l99,l93]*d_(m99,m97)*p4.pol3*FourPi^(-2)*I^9*g1*MHQ^(-2) );

  0.14 sec out of 0.14 sec
