FORM 4.2.0 (Jul  6 2017, v4.2.0) 64-bits         Run: Fri Mar  2 17:14:25 2018
    * -*-Form-*-
    
    #: Parentheses 2000
    #-

   amplqLbarqLB =
       + sSS^2 * ( 1/24*Log[MHT^2]*lamprime[f99]*lamprimebar[f97]*gam[
         y99,FIVE,p1,y97]*uspin[p2,y97]*vbspin[p1,y99]*e_[l99,l4]*e_[
         l97,l4]*d_(m99,m97)*p1.pol3*FourPi^(-2)*I^7*g1*MHT^(-2) + 1/24
         *Log[MHT^2]*lamprime[f99]*lamprimebar[f97]*gam[y99,FIVE,p1,y97
         ]*uspin[p2,y97]*vbspin[p1,y99]*e_[l99,l4]*e_[l97,l4]*
         d_(m99,m97)*p2.pol3*FourPi^(-2)*I^7*g1*MHT^(-2) + 1/24*Log[
         MHT^2]*lamprime[f99]*lamprimebar[f97]*gam[y99,FIVE,p2,y97]*
         uspin[p2,y97]*vbspin[p1,y99]*e_[l99,l4]*e_[l97,l4]*d_(m99,m97)
         *p1.pol3*FourPi^(-2)*I^7*g1*MHT^(-2) + 1/24*Log[MHT^2]*
         lamprime[f99]*lamprimebar[f97]*gam[y99,FIVE,p2,y97]*uspin[p2,
         y97]*vbspin[p1,y99]*e_[l99,l4]*e_[l97,l4]*d_(m99,m97)*p2.pol3*
         FourPi^(-2)*I^7*g1*MHT^(-2) - 1/24*Log[MHT^2]*lamprime[f99]*
         lamprimebar[f97]*gam[y99,FIVE,pol3,y97]*uspin[p2,y97]*vbspin[
         p1,y99]*e_[l99,l4]*e_[l97,l4]*d_(m99,m97)*p1.p1*FourPi^(-2)*
         I^7*g1*MHT^(-2) - 1/12*Log[MHT^2]*lamprime[f99]*lamprimebar[
         f97]*gam[y99,FIVE,pol3,y97]*uspin[p2,y97]*vbspin[p1,y99]*e_[
         l99,l4]*e_[l97,l4]*d_(m99,m97)*p1.p2*FourPi^(-2)*I^7*g1*
         MHT^(-2) - 1/24*Log[MHT^2]*lamprime[f99]*lamprimebar[f97]*gam[
         y99,FIVE,pol3,y97]*uspin[p2,y97]*vbspin[p1,y99]*e_[l99,l4]*e_[
         l97,l4]*d_(m99,m97)*p2.p2*FourPi^(-2)*I^7*g1*MHT^(-2) + 1/24*
         Log[MHT^2]*lamprime[f99]*lamprimebar[f97]*gam[y99,p1,y97]*
         uspin[p2,y97]*vbspin[p1,y99]*e_[l99,l4]*e_[l97,l4]*d_(m99,m97)
         *p1.pol3*FourPi^(-2)*I^7*g1*MHT^(-2) + 1/24*Log[MHT^2]*
         lamprime[f99]*lamprimebar[f97]*gam[y99,p1,y97]*uspin[p2,y97]*
         vbspin[p1,y99]*e_[l99,l4]*e_[l97,l4]*d_(m99,m97)*p2.pol3*
         FourPi^(-2)*I^7*g1*MHT^(-2) + 1/24*Log[MHT^2]*lamprime[f99]*
         lamprimebar[f97]*gam[y99,p2,y97]*uspin[p2,y97]*vbspin[p1,y99]*
         e_[l99,l4]*e_[l97,l4]*d_(m99,m97)*p1.pol3*FourPi^(-2)*I^7*g1*
         MHT^(-2) + 1/24*Log[MHT^2]*lamprime[f99]*lamprimebar[f97]*gam[
         y99,p2,y97]*uspin[p2,y97]*vbspin[p1,y99]*e_[l99,l4]*e_[l97,l4]
         *d_(m99,m97)*p2.pol3*FourPi^(-2)*I^7*g1*MHT^(-2) - 1/24*Log[
         MHT^2]*lamprime[f99]*lamprimebar[f97]*gam[y99,pol3,y97]*uspin[
         p2,y97]*vbspin[p1,y99]*e_[l99,l4]*e_[l97,l4]*d_(m99,m97)*p1.p1
         *FourPi^(-2)*I^7*g1*MHT^(-2) - 1/12*Log[MHT^2]*lamprime[f99]*
         lamprimebar[f97]*gam[y99,pol3,y97]*uspin[p2,y97]*vbspin[p1,y99
         ]*e_[l99,l4]*e_[l97,l4]*d_(m99,m97)*p1.p2*FourPi^(-2)*I^7*g1*
         MHT^(-2) - 1/24*Log[MHT^2]*lamprime[f99]*lamprimebar[f97]*gam[
         y99,pol3,y97]*uspin[p2,y97]*vbspin[p1,y99]*e_[l99,l4]*e_[l97,
         l4]*d_(m99,m97)*p2.p2*FourPi^(-2)*I^7*g1*MHT^(-2) - 5/108*
         lamprime[f99]*lamprimebar[f97]*gam[y99,FIVE,p1,pol3,p1,y97]*
         uspin[p2,y97]*vbspin[p1,y99]*e_[l2,l99]*e_[l2,l97]*d_(m99,m97)
         *FourPi^(-2)*I^7*g1*MHT^(-2) - 5/27*lamprime[f99]*lamprimebar[
         f97]*gam[y99,FIVE,p1,pol3,p2,y97]*uspin[p2,y97]*vbspin[p1,y99]
         *e_[l2,l99]*e_[l2,l97]*d_(m99,m97)*FourPi^(-2)*I^7*g1*MHT^(-2)
          - 17/144*lamprime[f99]*lamprimebar[f97]*gam[y99,FIVE,p1,y97]*
         uspin[p2,y97]*vbspin[p1,y99]*e_[l99,l4]*e_[l97,l4]*d_(m99,m97)
         *p1.pol3*FourPi^(-2)*I^7*g1*MHT^(-2) - 5/144*lamprime[f99]*
         lamprimebar[f97]*gam[y99,FIVE,p1,y97]*uspin[p2,y97]*vbspin[p1,
         y99]*e_[l99,l4]*e_[l97,l4]*d_(m99,m97)*p2.pol3*FourPi^(-2)*I^7
         *g1*MHT^(-2) - 1/54*lamprime[f99]*lamprimebar[f97]*gam[y99,
         FIVE,p2,pol3,p1,y97]*uspin[p2,y97]*vbspin[p1,y99]*e_[l2,l99]*
         e_[l2,l97]*d_(m99,m97)*FourPi^(-2)*I^7*g1*MHT^(-2) - 5/108*
         lamprime[f99]*lamprimebar[f97]*gam[y99,FIVE,p2,pol3,p2,y97]*
         uspin[p2,y97]*vbspin[p1,y99]*e_[l2,l99]*e_[l2,l97]*d_(m99,m97)
         *FourPi^(-2)*I^7*g1*MHT^(-2) - 5/144*lamprime[f99]*
         lamprimebar[f97]*gam[y99,FIVE,p2,y97]*uspin[p2,y97]*vbspin[p1,
         y99]*e_[l99,l4]*e_[l97,l4]*d_(m99,m97)*p1.pol3*FourPi^(-2)*I^7
         *g1*MHT^(-2) - 17/144*lamprime[f99]*lamprimebar[f97]*gam[y99,
         FIVE,p2,y97]*uspin[p2,y97]*vbspin[p1,y99]*e_[l99,l4]*e_[l97,l4
         ]*d_(m99,m97)*p2.pol3*FourPi^(-2)*I^7*g1*MHT^(-2) + 17/108*
         lamprime[f99]*lamprimebar[f97]*gam[y99,FIVE,pol3,y97]*uspin[p2
         ,y97]*vbspin[p1,y99]*e_[l2,l99]*e_[l2,l97]*d_(m99,m97)*p1.p1*
         FourPi^(-2)*I^7*g1*MHT^(-2) + 5/54*lamprime[f99]*lamprimebar[
         f97]*gam[y99,FIVE,pol3,y97]*uspin[p2,y97]*vbspin[p1,y99]*e_[l2
         ,l99]*e_[l2,l97]*d_(m99,m97)*p1.p2*FourPi^(-2)*I^7*g1*MHT^(-2)
          + 17/108*lamprime[f99]*lamprimebar[f97]*gam[y99,FIVE,pol3,y97
         ]*uspin[p2,y97]*vbspin[p1,y99]*e_[l2,l99]*e_[l2,l97]*
         d_(m99,m97)*p2.p2*FourPi^(-2)*I^7*g1*MHT^(-2) + 5/144*
         lamprime[f99]*lamprimebar[f97]*gam[y99,FIVE,pol3,y97]*uspin[p2
         ,y97]*vbspin[p1,y99]*e_[l99,l4]*e_[l97,l4]*d_(m99,m97)*p1.p1*
         FourPi^(-2)*I^7*g1*MHT^(-2) + 11/72*lamprime[f99]*lamprimebar[
         f97]*gam[y99,FIVE,pol3,y97]*uspin[p2,y97]*vbspin[p1,y99]*e_[
         l99,l4]*e_[l97,l4]*d_(m99,m97)*p1.p2*FourPi^(-2)*I^7*g1*
         MHT^(-2) + 5/144*lamprime[f99]*lamprimebar[f97]*gam[y99,FIVE,
         pol3,y97]*uspin[p2,y97]*vbspin[p1,y99]*e_[l99,l4]*e_[l97,l4]*
         d_(m99,m97)*p2.p2*FourPi^(-2)*I^7*g1*MHT^(-2) - 5/108*
         lamprime[f99]*lamprimebar[f97]*gam[y99,p1,pol3,p1,y97]*uspin[
         p2,y97]*vbspin[p1,y99]*e_[l2,l99]*e_[l2,l97]*d_(m99,m97)*
         FourPi^(-2)*I^7*g1*MHT^(-2) - 5/27*lamprime[f99]*lamprimebar[
         f97]*gam[y99,p1,pol3,p2,y97]*uspin[p2,y97]*vbspin[p1,y99]*e_[
         l2,l99]*e_[l2,l97]*d_(m99,m97)*FourPi^(-2)*I^7*g1*MHT^(-2) - 
         17/144*lamprime[f99]*lamprimebar[f97]*gam[y99,p1,y97]*uspin[p2
         ,y97]*vbspin[p1,y99]*e_[l99,l4]*e_[l97,l4]*d_(m99,m97)*p1.pol3
         *FourPi^(-2)*I^7*g1*MHT^(-2) - 5/144*lamprime[f99]*
         lamprimebar[f97]*gam[y99,p1,y97]*uspin[p2,y97]*vbspin[p1,y99]*
         e_[l99,l4]*e_[l97,l4]*d_(m99,m97)*p2.pol3*FourPi^(-2)*I^7*g1*
         MHT^(-2) - 1/54*lamprime[f99]*lamprimebar[f97]*gam[y99,p2,pol3
         ,p1,y97]*uspin[p2,y97]*vbspin[p1,y99]*e_[l2,l99]*e_[l2,l97]*
         d_(m99,m97)*FourPi^(-2)*I^7*g1*MHT^(-2) - 5/108*lamprime[f99]*
         lamprimebar[f97]*gam[y99,p2,pol3,p2,y97]*uspin[p2,y97]*vbspin[
         p1,y99]*e_[l2,l99]*e_[l2,l97]*d_(m99,m97)*FourPi^(-2)*I^7*g1*
         MHT^(-2) - 5/144*lamprime[f99]*lamprimebar[f97]*gam[y99,p2,y97
         ]*uspin[p2,y97]*vbspin[p1,y99]*e_[l99,l4]*e_[l97,l4]*
         d_(m99,m97)*p1.pol3*FourPi^(-2)*I^7*g1*MHT^(-2) - 17/144*
         lamprime[f99]*lamprimebar[f97]*gam[y99,p2,y97]*uspin[p2,y97]*
         vbspin[p1,y99]*e_[l99,l4]*e_[l97,l4]*d_(m99,m97)*p2.pol3*
         FourPi^(-2)*I^7*g1*MHT^(-2) + 17/108*lamprime[f99]*
         lamprimebar[f97]*gam[y99,pol3,y97]*uspin[p2,y97]*vbspin[p1,y99
         ]*e_[l2,l99]*e_[l2,l97]*d_(m99,m97)*p1.p1*FourPi^(-2)*I^7*g1*
         MHT^(-2) + 5/54*lamprime[f99]*lamprimebar[f97]*gam[y99,pol3,
         y97]*uspin[p2,y97]*vbspin[p1,y99]*e_[l2,l99]*e_[l2,l97]*
         d_(m99,m97)*p1.p2*FourPi^(-2)*I^7*g1*MHT^(-2) + 17/108*
         lamprime[f99]*lamprimebar[f97]*gam[y99,pol3,y97]*uspin[p2,y97]
         *vbspin[p1,y99]*e_[l2,l99]*e_[l2,l97]*d_(m99,m97)*p2.p2*
         FourPi^(-2)*I^7*g1*MHT^(-2) + 5/144*lamprime[f99]*lamprimebar[
         f97]*gam[y99,pol3,y97]*uspin[p2,y97]*vbspin[p1,y99]*e_[l99,l4]
         *e_[l97,l4]*d_(m99,m97)*p1.p1*FourPi^(-2)*I^7*g1*MHT^(-2) + 11/
         72*lamprime[f99]*lamprimebar[f97]*gam[y99,pol3,y97]*uspin[p2,
         y97]*vbspin[p1,y99]*e_[l99,l4]*e_[l97,l4]*d_(m99,m97)*p1.p2*
         FourPi^(-2)*I^7*g1*MHT^(-2) + 5/144*lamprime[f99]*lamprimebar[
         f97]*gam[y99,pol3,y97]*uspin[p2,y97]*vbspin[p1,y99]*e_[l99,l4]
         *e_[l97,l4]*d_(m99,m97)*p2.p2*FourPi^(-2)*I^7*g1*MHT^(-2) )

       - 1/6*Log[MHT^2]*lamprime[f99]*lamprimebar[f97]*gam[y99,FIVE,
      pol3,y97]*uspin[p2,y97]*vbspin[p1,y99]*e_[l2,l99]*e_[l2,l97]*
      d_(m99,m97)*FourPi^(-2)*I^7*g1 + 1/8*Log[MHT^2]*lamprime[f99]*
         lamprimebar[f97]*gam[y99,FIVE,pol3,y97]*uspin[p2,y97]*vbspin[
         p1,y99]*e_[l99,l4]*e_[l97,l4]*d_(m99,m97)*FourPi^(-2)*I^7*g1
          - 1/6*Log[MHT^2]*lamprime[f99]*lamprimebar[f97]*gam[y99,pol3,
         y97]*uspin[p2,y97]*vbspin[p1,y99]*e_[l2,l99]*e_[l2,l97]*
         d_(m99,m97)*FourPi^(-2)*I^7*g1 + 1/8*Log[MHT^2]*lamprime[f99]*
         lamprimebar[f97]*gam[y99,pol3,y97]*uspin[p2,y97]*vbspin[p1,y99
         ]*e_[l99,l4]*e_[l97,l4]*d_(m99,m97)*FourPi^(-2)*I^7*g1 + 1/4*
         lamprime[f99]*lamprimebar[f97]*gam[y99,FIVE,pol3,y97]*uspin[p2
         ,y97]*vbspin[p1,y99]*e_[l2,l99]*e_[l2,l97]*d_(m99,m97)*
         FourPi^(-2)*I^7*g1 - 3/16*lamprime[f99]*lamprimebar[f97]*gam[
         y99,FIVE,pol3,y97]*uspin[p2,y97]*vbspin[p1,y99]*e_[l99,l4]*e_[
         l97,l4]*d_(m99,m97)*FourPi^(-2)*I^7*g1 + 1/4*lamprime[f99]*
         lamprimebar[f97]*gam[y99,pol3,y97]*uspin[p2,y97]*vbspin[p1,y99
         ]*e_[l2,l99]*e_[l2,l97]*d_(m99,m97)*FourPi^(-2)*I^7*g1 - 3/16*
         lamprime[f99]*lamprimebar[f97]*gam[y99,pol3,y97]*uspin[p2,y97]
         *vbspin[p1,y99]*e_[l99,l4]*e_[l97,l4]*d_(m99,m97)*FourPi^(-2)*
         I^7*g1;

  0.09 sec out of 0.09 sec
