FORM 4.2.0 (Jul  6 2017, v4.2.0) 64-bits         Run: Fri Mar  2 17:09:56 2018
    * -*-Form-*-
    
    #: Parentheses 2000
    #-

   amplqLbaruRWiPhibar =
       + sSS * (  - 1/2*Log[MHQ^2]*lamprime[f99]*lamprimeQu[f97]*Ta[n95
         ,l8,l4]*gam[y99,FIVE,p1,pol3,y97]*uspin[p2,y97]*vbspin[p1,y99]
         *e_[l4,l6]*e_[l6,l8]*e_[l99,l93]*d_(m99,m97)*FourPi^(-2)*I^9*
         gw*MHT^(-2)*lamprimeQTRbar - 1/2*Log[MHQ^2]*lamprime[f99]*
         lamprimeQu[f97]*Ta[n95,l8,l4]*gam[y99,FIVE,p4,pol3,y97]*uspin[
         p2,y97]*vbspin[p1,y99]*e_[l4,l6]*e_[l6,l8]*e_[l99,l93]*
         d_(m99,m97)*FourPi^(-2)*I^9*gw*MHT^(-2)*lamprimeQTRbar - 1/2*
         Log[MHQ^2]*lamprime[f99]*lamprimeQu[f97]*Ta[n95,l8,l4]*gam[y99
         ,p1,pol3,y97]*uspin[p2,y97]*vbspin[p1,y99]*e_[l4,l6]*e_[l6,l8]
         *e_[l99,l93]*d_(m99,m97)*FourPi^(-2)*I^9*gw*MHT^(-2)*
         lamprimeQTRbar - 1/2*Log[MHQ^2]*lamprime[f99]*lamprimeQu[f97]*
         Ta[n95,l8,l4]*gam[y99,p4,pol3,y97]*uspin[p2,y97]*vbspin[p1,y99
         ]*e_[l4,l6]*e_[l6,l8]*e_[l99,l93]*d_(m99,m97)*FourPi^(-2)*I^9*
         gw*MHT^(-2)*lamprimeQTRbar + 1/6*Log[MHQ^2]*lamprimeQu[f97]*
         yd[f99,f4]*lamprimeQdbar[f4]*Ta[n95,l99,l6]*gam[y99,FIVE,p1,
         pol3,y97]*uspin[p2,y97]*vbspin[p1,y99]*e_[l6,l93]*d_(m99,m97)*
         FourPi^(-2)*I^9*gw*MHQ^(-2) + 1/12*Log[MHQ^2]*lamprimeQu[f97]*
         yd[f99,f4]*lamprimeQdbar[f4]*Ta[n95,l99,l6]*gam[y99,FIVE,p3,
         pol3,y97]*uspin[p2,y97]*vbspin[p1,y99]*e_[l6,l93]*d_(m99,m97)*
         FourPi^(-2)*I^9*gw*MHQ^(-2) + 1/6*Log[MHQ^2]*lamprimeQu[f97]*
         yd[f99,f4]*lamprimeQdbar[f4]*Ta[n95,l99,l6]*gam[y99,FIVE,pol3,
         p1,y97]*uspin[p2,y97]*vbspin[p1,y99]*e_[l6,l93]*d_(m99,m97)*
         FourPi^(-2)*I^9*gw*MHQ^(-2) + 1/12*Log[MHQ^2]*lamprimeQu[f97]*
         yd[f99,f4]*lamprimeQdbar[f4]*Ta[n95,l99,l6]*gam[y99,FIVE,pol3,
         p3,y97]*uspin[p2,y97]*vbspin[p1,y99]*e_[l6,l93]*d_(m99,m97)*
         FourPi^(-2)*I^9*gw*MHQ^(-2) + 1/4*Log[MHQ^2]*lamprimeQu[f97]*
         yd[f99,f4]*lamprimeQdbar[f4]*Ta[n95,l99,l6]*gam[y99,FIVE,pol3,
         p4,y97]*uspin[p2,y97]*vbspin[p1,y99]*e_[l6,l93]*d_(m99,m97)*
         FourPi^(-2)*I^9*gw*MHQ^(-2) - 1/3*Log[MHQ^2]*lamprimeQu[f97]*
         yd[f99,f4]*lamprimeQdbar[f4]*Ta[n95,l99,l6]*gam[y99,FIVE,y97]*
         uspin[p2,y97]*vbspin[p1,y99]*e_[l6,l93]*d_(m99,m97)*p1.pol3*
         FourPi^(-2)*I^9*gw*MHQ^(-2) - 1/6*Log[MHQ^2]*lamprimeQu[f97]*
         yd[f99,f4]*lamprimeQdbar[f4]*Ta[n95,l99,l6]*gam[y99,FIVE,y97]*
         uspin[p2,y97]*vbspin[p1,y99]*e_[l6,l93]*d_(m99,m97)*p3.pol3*
         FourPi^(-2)*I^9*gw*MHQ^(-2) + 1/6*Log[MHQ^2]*lamprimeQu[f97]*
         yd[f99,f4]*lamprimeQdbar[f4]*Ta[n95,l99,l6]*gam[y99,p1,pol3,
         y97]*uspin[p2,y97]*vbspin[p1,y99]*e_[l6,l93]*d_(m99,m97)*
         FourPi^(-2)*I^9*gw*MHQ^(-2) + 1/12*Log[MHQ^2]*lamprimeQu[f97]*
         yd[f99,f4]*lamprimeQdbar[f4]*Ta[n95,l99,l6]*gam[y99,p3,pol3,
         y97]*uspin[p2,y97]*vbspin[p1,y99]*e_[l6,l93]*d_(m99,m97)*
         FourPi^(-2)*I^9*gw*MHQ^(-2) + 1/6*Log[MHQ^2]*lamprimeQu[f97]*
         yd[f99,f4]*lamprimeQdbar[f4]*Ta[n95,l99,l6]*gam[y99,pol3,p1,
         y97]*uspin[p2,y97]*vbspin[p1,y99]*e_[l6,l93]*d_(m99,m97)*
         FourPi^(-2)*I^9*gw*MHQ^(-2) + 1/12*Log[MHQ^2]*lamprimeQu[f97]*
         yd[f99,f4]*lamprimeQdbar[f4]*Ta[n95,l99,l6]*gam[y99,pol3,p3,
         y97]*uspin[p2,y97]*vbspin[p1,y99]*e_[l6,l93]*d_(m99,m97)*
         FourPi^(-2)*I^9*gw*MHQ^(-2) + 1/4*Log[MHQ^2]*lamprimeQu[f97]*
         yd[f99,f4]*lamprimeQdbar[f4]*Ta[n95,l99,l6]*gam[y99,pol3,p4,
         y97]*uspin[p2,y97]*vbspin[p1,y99]*e_[l6,l93]*d_(m99,m97)*
         FourPi^(-2)*I^9*gw*MHQ^(-2) - 1/3*Log[MHQ^2]*lamprimeQu[f97]*
         yd[f99,f4]*lamprimeQdbar[f4]*Ta[n95,l99,l6]*gam[y99,y97]*
         uspin[p2,y97]*vbspin[p1,y99]*e_[l6,l93]*d_(m99,m97)*p1.pol3*
         FourPi^(-2)*I^9*gw*MHQ^(-2) - 1/6*Log[MHQ^2]*lamprimeQu[f97]*
         yd[f99,f4]*lamprimeQdbar[f4]*Ta[n95,l99,l6]*gam[y99,y97]*
         uspin[p2,y97]*vbspin[p1,y99]*e_[l6,l93]*d_(m99,m97)*p3.pol3*
         FourPi^(-2)*I^9*gw*MHQ^(-2) - 1/4*Log[MHQ^2]*lamprimeQu[f97]*
         yd[f99,f4]*lamprimeQdbar[f4]*Ta[n95,l93,l6]*gam[y99,FIVE,p1,
         pol3,y97]*uspin[p2,y97]*vbspin[p1,y99]*e_[l6,l99]*d_(m99,m97)*
         FourPi^(-2)*I^9*gw*MHQ^(-2) - 1/4*Log[MHQ^2]*lamprimeQu[f97]*
         yd[f99,f4]*lamprimeQdbar[f4]*Ta[n95,l93,l6]*gam[y99,p1,pol3,
         y97]*uspin[p2,y97]*vbspin[p1,y99]*e_[l6,l99]*d_(m99,m97)*
         FourPi^(-2)*I^9*gw*MHQ^(-2) + 1/4*Log[MHT^2]*lamprime[f99]*
         lamprimeQu[f97]*Ta[n95,l4,l2]*gam[y99,FIVE,p1,pol3,y97]*uspin[
         p2,y97]*vbspin[p1,y99]*e_[l4,l6]*e_[l6,l99]*e_[l93,l2]*
         d_(m99,m97)*FourPi^(-2)*I^9*gw*MHQ^(-2)*lamprimeQTRbar + 1/2*
         Log[MHT^2]*lamprime[f99]*lamprimeQu[f97]*Ta[n95,l4,l2]*gam[y99
         ,FIVE,p1,pol3,y97]*uspin[p2,y97]*vbspin[p1,y99]*e_[l4,l6]*e_[
         l6,l99]*e_[l93,l2]*d_(m99,m97)*FourPi^(-2)*I^9*gw*MHT*MHQ^(-3)
         *lamprimeQTLbar - 1/2*Log[MHT^2]*lamprime[f99]*lamprimeQu[f97]
         *Ta[n95,l4,l2]*gam[y99,FIVE,pol3,p2,y97]*uspin[p2,y97]*vbspin[
         p1,y99]*e_[l4,l6]*e_[l6,l99]*e_[l93,l2]*d_(m99,m97)*
         FourPi^(-2)*I^9*gw*MHT*MHQ^(-3)*lamprimeQTLbar - 1/2*Log[MHT^2
         ]*lamprime[f99]*lamprimeQu[f97]*Ta[n95,l4,l2]*gam[y99,FIVE,
         pol3,p4,y97]*uspin[p2,y97]*vbspin[p1,y99]*e_[l4,l6]*e_[l6,l99]
         *e_[l93,l2]*d_(m99,m97)*FourPi^(-2)*I^9*gw*MHT*MHQ^(-3)*
         lamprimeQTLbar + 1/4*Log[MHT^2]*lamprime[f99]*lamprimeQu[f97]*
         Ta[n95,l4,l2]*gam[y99,p1,pol3,y97]*uspin[p2,y97]*vbspin[p1,y99
         ]*e_[l4,l6]*e_[l6,l99]*e_[l93,l2]*d_(m99,m97)*FourPi^(-2)*I^9*
         gw*MHQ^(-2)*lamprimeQTRbar + 1/2*Log[MHT^2]*lamprime[f99]*
         lamprimeQu[f97]*Ta[n95,l4,l2]*gam[y99,p1,pol3,y97]*uspin[p2,
         y97]*vbspin[p1,y99]*e_[l4,l6]*e_[l6,l99]*e_[l93,l2]*
         d_(m99,m97)*FourPi^(-2)*I^9*gw*MHT*MHQ^(-3)*lamprimeQTLbar - 1/
         2*Log[MHT^2]*lamprime[f99]*lamprimeQu[f97]*Ta[n95,l4,l2]*gam[
         y99,pol3,p2,y97]*uspin[p2,y97]*vbspin[p1,y99]*e_[l4,l6]*e_[l6,
         l99]*e_[l93,l2]*d_(m99,m97)*FourPi^(-2)*I^9*gw*MHT*MHQ^(-3)*
         lamprimeQTLbar - 1/2*Log[MHT^2]*lamprime[f99]*lamprimeQu[f97]*
         Ta[n95,l4,l2]*gam[y99,pol3,p4,y97]*uspin[p2,y97]*vbspin[p1,y99
         ]*e_[l4,l6]*e_[l6,l99]*e_[l93,l2]*d_(m99,m97)*FourPi^(-2)*I^9*
         gw*MHT*MHQ^(-3)*lamprimeQTLbar - 1/4*Log[MHT^2]*lamprime[f99]*
         lamprimeQu[f97]*Ta[n95,l8,l4]*gam[y99,FIVE,pol3,p2,y97]*uspin[
         p2,y97]*vbspin[p1,y99]*e_[l4,l99]*e_[l8,l2]*e_[l93,l2]*
         d_(m99,m97)*FourPi^(-2)*I^9*gw*MHQ^(-2)*lamprimeQTRbar - 1/4*
         Log[MHT^2]*lamprime[f99]*lamprimeQu[f97]*Ta[n95,l8,l4]*gam[y99
         ,FIVE,pol3,p4,y97]*uspin[p2,y97]*vbspin[p1,y99]*e_[l4,l99]*e_[
         l8,l2]*e_[l93,l2]*d_(m99,m97)*FourPi^(-2)*I^9*gw*MHQ^(-2)*
         lamprimeQTRbar - 1/4*Log[MHT^2]*lamprime[f99]*lamprimeQu[f97]*
         Ta[n95,l8,l4]*gam[y99,pol3,p2,y97]*uspin[p2,y97]*vbspin[p1,y99
         ]*e_[l4,l99]*e_[l8,l2]*e_[l93,l2]*d_(m99,m97)*FourPi^(-2)*I^9*
         gw*MHQ^(-2)*lamprimeQTRbar - 1/4*Log[MHT^2]*lamprime[f99]*
         lamprimeQu[f97]*Ta[n95,l8,l4]*gam[y99,pol3,p4,y97]*uspin[p2,
         y97]*vbspin[p1,y99]*e_[l4,l99]*e_[l8,l2]*e_[l93,l2]*
         d_(m99,m97)*FourPi^(-2)*I^9*gw*MHQ^(-2)*lamprimeQTRbar - 3/8*
         lamprime[f99]*lamprimeQu[f97]*Ta[n95,l4,l2]*gam[y99,FIVE,p1,
         pol3,y97]*uspin[p2,y97]*vbspin[p1,y99]*e_[l4,l6]*e_[l6,l99]*
         e_[l93,l2]*d_(m99,m97)*FourPi^(-2)*I^9*gw*MHQ^(-2)*
         lamprimeQTRbar - 1/2*lamprime[f99]*lamprimeQu[f97]*Ta[n95,l4,
         l2]*gam[y99,FIVE,p1,pol3,y97]*uspin[p2,y97]*vbspin[p1,y99]*e_[
         l4,l6]*e_[l6,l99]*e_[l93,l2]*d_(m99,m97)*FourPi^(-2)*I^9*gw*
         MHT*MHQ^(-3)*lamprimeQTLbar + 1/2*lamprime[f99]*lamprimeQu[f97
         ]*Ta[n95,l4,l2]*gam[y99,FIVE,pol3,p2,y97]*uspin[p2,y97]*
         vbspin[p1,y99]*e_[l4,l6]*e_[l6,l99]*e_[l93,l2]*d_(m99,m97)*
         FourPi^(-2)*I^9*gw*MHT*MHQ^(-3)*lamprimeQTLbar + 1/2*lamprime[
         f99]*lamprimeQu[f97]*Ta[n95,l4,l2]*gam[y99,FIVE,pol3,p4,y97]*
         uspin[p2,y97]*vbspin[p1,y99]*e_[l4,l6]*e_[l6,l99]*e_[l93,l2]*
         d_(m99,m97)*FourPi^(-2)*I^9*gw*MHT*MHQ^(-3)*lamprimeQTLbar - 3/
         8*lamprime[f99]*lamprimeQu[f97]*Ta[n95,l4,l2]*gam[y99,p1,pol3,
         y97]*uspin[p2,y97]*vbspin[p1,y99]*e_[l4,l6]*e_[l6,l99]*e_[l93,
         l2]*d_(m99,m97)*FourPi^(-2)*I^9*gw*MHQ^(-2)*lamprimeQTRbar - 1/
         2*lamprime[f99]*lamprimeQu[f97]*Ta[n95,l4,l2]*gam[y99,p1,pol3,
         y97]*uspin[p2,y97]*vbspin[p1,y99]*e_[l4,l6]*e_[l6,l99]*e_[l93,
         l2]*d_(m99,m97)*FourPi^(-2)*I^9*gw*MHT*MHQ^(-3)*lamprimeQTLbar
          + 1/2*lamprime[f99]*lamprimeQu[f97]*Ta[n95,l4,l2]*gam[y99,
         pol3,p2,y97]*uspin[p2,y97]*vbspin[p1,y99]*e_[l4,l6]*e_[l6,l99]
         *e_[l93,l2]*d_(m99,m97)*FourPi^(-2)*I^9*gw*MHT*MHQ^(-3)*
         lamprimeQTLbar + 1/2*lamprime[f99]*lamprimeQu[f97]*Ta[n95,l4,
         l2]*gam[y99,pol3,p4,y97]*uspin[p2,y97]*vbspin[p1,y99]*e_[l4,l6
         ]*e_[l6,l99]*e_[l93,l2]*d_(m99,m97)*FourPi^(-2)*I^9*gw*MHT*
         MHQ^(-3)*lamprimeQTLbar + 3/4*lamprime[f99]*lamprimeQu[f97]*
         Ta[n95,l8,l4]*gam[y99,FIVE,p1,pol3,y97]*uspin[p2,y97]*vbspin[
         p1,y99]*e_[l4,l6]*e_[l6,l8]*e_[l99,l93]*d_(m99,m97)*
         FourPi^(-2)*I^9*gw*MHT^(-2)*lamprimeQTRbar - 1/4*lamprime[f99]
         *lamprimeQu[f97]*Ta[n95,l8,l4]*gam[y99,FIVE,p2,pol3,y97]*
         uspin[p2,y97]*vbspin[p1,y99]*e_[l4,l6]*e_[l6,l8]*e_[l99,l93]*
         d_(m99,m97)*FourPi^(-2)*I^9*gw*MHT^(-1)*MHQ^(-1)*
         lamprimeQTLbar - 3/8*lamprime[f99]*lamprimeQu[f97]*Ta[n95,l8,
         l4]*gam[y99,FIVE,p3,pol3,y97]*uspin[p2,y97]*vbspin[p1,y99]*e_[
         l4,l6]*e_[l6,l8]*e_[l99,l93]*d_(m99,m97)*FourPi^(-2)*I^9*gw*
         MHT^(-1)*MHQ^(-1)*lamprimeQTLbar + 3/4*lamprime[f99]*
         lamprimeQu[f97]*Ta[n95,l8,l4]*gam[y99,FIVE,p4,pol3,y97]*uspin[
         p2,y97]*vbspin[p1,y99]*e_[l4,l6]*e_[l6,l8]*e_[l99,l93]*
         d_(m99,m97)*FourPi^(-2)*I^9*gw*MHT^(-2)*lamprimeQTRbar - 1/4*
         lamprime[f99]*lamprimeQu[f97]*Ta[n95,l8,l4]*gam[y99,FIVE,pol3,
         p2,y97]*uspin[p2,y97]*vbspin[p1,y99]*e_[l4,l6]*e_[l6,l8]*e_[
         l99,l93]*d_(m99,m97)*FourPi^(-2)*I^9*gw*MHT^(-1)*MHQ^(-1)*
         lamprimeQTLbar + 3/8*lamprime[f99]*lamprimeQu[f97]*Ta[n95,l8,
         l4]*gam[y99,FIVE,pol3,p2,y97]*uspin[p2,y97]*vbspin[p1,y99]*e_[
         l4,l99]*e_[l8,l2]*e_[l93,l2]*d_(m99,m97)*FourPi^(-2)*I^9*gw*
         MHQ^(-2)*lamprimeQTRbar + 1/8*lamprime[f99]*lamprimeQu[f97]*
         Ta[n95,l8,l4]*gam[y99,FIVE,pol3,p3,y97]*uspin[p2,y97]*vbspin[
         p1,y99]*e_[l4,l6]*e_[l6,l8]*e_[l99,l93]*d_(m99,m97)*
         FourPi^(-2)*I^9*gw*MHT^(-1)*MHQ^(-1)*lamprimeQTLbar + 3/8*
         lamprime[f99]*lamprimeQu[f97]*Ta[n95,l8,l4]*gam[y99,FIVE,pol3,
         p4,y97]*uspin[p2,y97]*vbspin[p1,y99]*e_[l4,l99]*e_[l8,l2]*e_[
         l93,l2]*d_(m99,m97)*FourPi^(-2)*I^9*gw*MHQ^(-2)*lamprimeQTRbar
          - 1/2*lamprime[f99]*lamprimeQu[f97]*Ta[n95,l8,l4]*gam[y99,
         FIVE,y97]*uspin[p2,y97]*vbspin[p1,y99]*e_[l4,l6]*e_[l6,l8]*e_[
         l99,l93]*d_(m99,m97)*p2.pol3*FourPi^(-2)*I^9*gw*MHT^(-1)*
         MHQ^(-1)*lamprimeQTLbar - 1/4*lamprime[f99]*lamprimeQu[f97]*
         Ta[n95,l8,l4]*gam[y99,FIVE,y97]*uspin[p2,y97]*vbspin[p1,y99]*
         e_[l4,l6]*e_[l6,l8]*e_[l99,l93]*d_(m99,m97)*p3.pol3*
         FourPi^(-2)*I^9*gw*MHT^(-1)*MHQ^(-1)*lamprimeQTLbar - 1/2*
         lamprime[f99]*lamprimeQu[f97]*Ta[n95,l8,l4]*gam[y99,FIVE,y97]*
         uspin[p2,y97]*vbspin[p1,y99]*e_[l4,l99]*e_[l8,l2]*e_[l93,l2]*
         d_(m99,m97)*p1.pol3*FourPi^(-2)*I^9*gw*MHT^(-1)*MHQ^(-1)*
         lamprimeQTLbar - 1/4*lamprime[f99]*lamprimeQu[f97]*Ta[n95,l8,
         l4]*gam[y99,FIVE,y97]*uspin[p2,y97]*vbspin[p1,y99]*e_[l4,l99]*
         e_[l8,l2]*e_[l93,l2]*d_(m99,m97)*p3.pol3*FourPi^(-2)*I^9*gw*
         MHT^(-1)*MHQ^(-1)*lamprimeQTLbar + 3/4*lamprime[f99]*
         lamprimeQu[f97]*Ta[n95,l8,l4]*gam[y99,p1,pol3,y97]*uspin[p2,
         y97]*vbspin[p1,y99]*e_[l4,l6]*e_[l6,l8]*e_[l99,l93]*
         d_(m99,m97)*FourPi^(-2)*I^9*gw*MHT^(-2)*lamprimeQTRbar - 1/4*
         lamprime[f99]*lamprimeQu[f97]*Ta[n95,l8,l4]*gam[y99,p2,pol3,
         y97]*uspin[p2,y97]*vbspin[p1,y99]*e_[l4,l6]*e_[l6,l8]*e_[l99,
         l93]*d_(m99,m97)*FourPi^(-2)*I^9*gw*MHT^(-1)*MHQ^(-1)*
         lamprimeQTLbar - 3/8*lamprime[f99]*lamprimeQu[f97]*Ta[n95,l8,
         l4]*gam[y99,p3,pol3,y97]*uspin[p2,y97]*vbspin[p1,y99]*e_[l4,l6
         ]*e_[l6,l8]*e_[l99,l93]*d_(m99,m97)*FourPi^(-2)*I^9*gw*
         MHT^(-1)*MHQ^(-1)*lamprimeQTLbar + 3/4*lamprime[f99]*
         lamprimeQu[f97]*Ta[n95,l8,l4]*gam[y99,p4,pol3,y97]*uspin[p2,
         y97]*vbspin[p1,y99]*e_[l4,l6]*e_[l6,l8]*e_[l99,l93]*
         d_(m99,m97)*FourPi^(-2)*I^9*gw*MHT^(-2)*lamprimeQTRbar - 1/4*
         lamprime[f99]*lamprimeQu[f97]*Ta[n95,l8,l4]*gam[y99,pol3,p2,
         y97]*uspin[p2,y97]*vbspin[p1,y99]*e_[l4,l6]*e_[l6,l8]*e_[l99,
         l93]*d_(m99,m97)*FourPi^(-2)*I^9*gw*MHT^(-1)*MHQ^(-1)*
         lamprimeQTLbar + 3/8*lamprime[f99]*lamprimeQu[f97]*Ta[n95,l8,
         l4]*gam[y99,pol3,p2,y97]*uspin[p2,y97]*vbspin[p1,y99]*e_[l4,
         l99]*e_[l8,l2]*e_[l93,l2]*d_(m99,m97)*FourPi^(-2)*I^9*gw*
         MHQ^(-2)*lamprimeQTRbar + 1/8*lamprime[f99]*lamprimeQu[f97]*
         Ta[n95,l8,l4]*gam[y99,pol3,p3,y97]*uspin[p2,y97]*vbspin[p1,y99
         ]*e_[l4,l6]*e_[l6,l8]*e_[l99,l93]*d_(m99,m97)*FourPi^(-2)*I^9*
         gw*MHT^(-1)*MHQ^(-1)*lamprimeQTLbar + 3/8*lamprime[f99]*
         lamprimeQu[f97]*Ta[n95,l8,l4]*gam[y99,pol3,p4,y97]*uspin[p2,
         y97]*vbspin[p1,y99]*e_[l4,l99]*e_[l8,l2]*e_[l93,l2]*
         d_(m99,m97)*FourPi^(-2)*I^9*gw*MHQ^(-2)*lamprimeQTRbar - 1/2*
         lamprime[f99]*lamprimeQu[f97]*Ta[n95,l8,l4]*gam[y99,y97]*
         uspin[p2,y97]*vbspin[p1,y99]*e_[l4,l6]*e_[l6,l8]*e_[l99,l93]*
         d_(m99,m97)*p2.pol3*FourPi^(-2)*I^9*gw*MHT^(-1)*MHQ^(-1)*
         lamprimeQTLbar - 1/4*lamprime[f99]*lamprimeQu[f97]*Ta[n95,l8,
         l4]*gam[y99,y97]*uspin[p2,y97]*vbspin[p1,y99]*e_[l4,l6]*e_[l6,
         l8]*e_[l99,l93]*d_(m99,m97)*p3.pol3*FourPi^(-2)*I^9*gw*
         MHT^(-1)*MHQ^(-1)*lamprimeQTLbar - 1/2*lamprime[f99]*
         lamprimeQu[f97]*Ta[n95,l8,l4]*gam[y99,y97]*uspin[p2,y97]*
         vbspin[p1,y99]*e_[l4,l99]*e_[l8,l2]*e_[l93,l2]*d_(m99,m97)*
         p1.pol3*FourPi^(-2)*I^9*gw*MHT^(-1)*MHQ^(-1)*lamprimeQTLbar - 
         1/4*lamprime[f99]*lamprimeQu[f97]*Ta[n95,l8,l4]*gam[y99,y97]*
         uspin[p2,y97]*vbspin[p1,y99]*e_[l4,l99]*e_[l8,l2]*e_[l93,l2]*
         d_(m99,m97)*p3.pol3*FourPi^(-2)*I^9*gw*MHT^(-1)*MHQ^(-1)*
         lamprimeQTLbar - 11/36*lamprimeQu[f97]*yd[f99,f4]*
         lamprimeQdbar[f4]*Ta[n95,l99,l6]*gam[y99,FIVE,p1,pol3,y97]*
         uspin[p2,y97]*vbspin[p1,y99]*e_[l6,l93]*d_(m99,m97)*
         FourPi^(-2)*I^9*gw*MHQ^(-2) - 11/72*lamprimeQu[f97]*yd[f99,f4]
         *lamprimeQdbar[f4]*Ta[n95,l99,l6]*gam[y99,FIVE,p3,pol3,y97]*
         uspin[p2,y97]*vbspin[p1,y99]*e_[l6,l93]*d_(m99,m97)*
         FourPi^(-2)*I^9*gw*MHQ^(-2) - 1/12*lamprimeQu[f97]*yd[f99,f4]*
         lamprimeQdbar[f4]*Ta[n95,l99,l6]*gam[y99,FIVE,p4,pol3,y97]*
         uspin[p2,y97]*vbspin[p1,y99]*e_[l6,l93]*d_(m99,m97)*
         FourPi^(-2)*I^9*gw*MHQ^(-2) - 11/36*lamprimeQu[f97]*yd[f99,f4]
         *lamprimeQdbar[f4]*Ta[n95,l99,l6]*gam[y99,FIVE,pol3,p1,y97]*
         uspin[p2,y97]*vbspin[p1,y99]*e_[l6,l93]*d_(m99,m97)*
         FourPi^(-2)*I^9*gw*MHQ^(-2) - 11/72*lamprimeQu[f97]*yd[f99,f4]
         *lamprimeQdbar[f4]*Ta[n95,l99,l6]*gam[y99,FIVE,pol3,p3,y97]*
         uspin[p2,y97]*vbspin[p1,y99]*e_[l6,l93]*d_(m99,m97)*
         FourPi^(-2)*I^9*gw*MHQ^(-2) - 11/24*lamprimeQu[f97]*yd[f99,f4]
         *lamprimeQdbar[f4]*Ta[n95,l99,l6]*gam[y99,FIVE,pol3,p4,y97]*
         uspin[p2,y97]*vbspin[p1,y99]*e_[l6,l93]*d_(m99,m97)*
         FourPi^(-2)*I^9*gw*MHQ^(-2) + 1/9*lamprimeQu[f97]*yd[f99,f4]*
         lamprimeQdbar[f4]*Ta[n95,l99,l6]*gam[y99,FIVE,y97]*uspin[p2,
         y97]*vbspin[p1,y99]*e_[l6,l93]*d_(m99,m97)*p1.pol3*FourPi^(-2)
         *I^9*gw*MHQ^(-2) + 1/18*lamprimeQu[f97]*yd[f99,f4]*
         lamprimeQdbar[f4]*Ta[n95,l99,l6]*gam[y99,FIVE,y97]*uspin[p2,
         y97]*vbspin[p1,y99]*e_[l6,l93]*d_(m99,m97)*p3.pol3*FourPi^(-2)
         *I^9*gw*MHQ^(-2) - 1/3*lamprimeQu[f97]*yd[f99,f4]*
         lamprimeQdbar[f4]*Ta[n95,l99,l6]*gam[y99,FIVE,y97]*uspin[p2,
         y97]*vbspin[p1,y99]*e_[l6,l93]*d_(m99,m97)*p4.pol3*FourPi^(-2)
         *I^9*gw*MHQ^(-2) - 11/36*lamprimeQu[f97]*yd[f99,f4]*
         lamprimeQdbar[f4]*Ta[n95,l99,l6]*gam[y99,p1,pol3,y97]*uspin[p2
         ,y97]*vbspin[p1,y99]*e_[l6,l93]*d_(m99,m97)*FourPi^(-2)*I^9*gw
         *MHQ^(-2) - 11/72*lamprimeQu[f97]*yd[f99,f4]*lamprimeQdbar[f4]
         *Ta[n95,l99,l6]*gam[y99,p3,pol3,y97]*uspin[p2,y97]*vbspin[p1,
         y99]*e_[l6,l93]*d_(m99,m97)*FourPi^(-2)*I^9*gw*MHQ^(-2) - 1/12
         *lamprimeQu[f97]*yd[f99,f4]*lamprimeQdbar[f4]*Ta[n95,l99,l6]*
         gam[y99,p4,pol3,y97]*uspin[p2,y97]*vbspin[p1,y99]*e_[l6,l93]*
         d_(m99,m97)*FourPi^(-2)*I^9*gw*MHQ^(-2) - 11/36*lamprimeQu[f97
         ]*yd[f99,f4]*lamprimeQdbar[f4]*Ta[n95,l99,l6]*gam[y99,pol3,p1,
         y97]*uspin[p2,y97]*vbspin[p1,y99]*e_[l6,l93]*d_(m99,m97)*
         FourPi^(-2)*I^9*gw*MHQ^(-2) - 11/72*lamprimeQu[f97]*yd[f99,f4]
         *lamprimeQdbar[f4]*Ta[n95,l99,l6]*gam[y99,pol3,p3,y97]*uspin[
         p2,y97]*vbspin[p1,y99]*e_[l6,l93]*d_(m99,m97)*FourPi^(-2)*I^9*
         gw*MHQ^(-2) - 11/24*lamprimeQu[f97]*yd[f99,f4]*lamprimeQdbar[
         f4]*Ta[n95,l99,l6]*gam[y99,pol3,p4,y97]*uspin[p2,y97]*vbspin[
         p1,y99]*e_[l6,l93]*d_(m99,m97)*FourPi^(-2)*I^9*gw*MHQ^(-2) + 1/
         9*lamprimeQu[f97]*yd[f99,f4]*lamprimeQdbar[f4]*Ta[n95,l99,l6]*
         gam[y99,y97]*uspin[p2,y97]*vbspin[p1,y99]*e_[l6,l93]*
         d_(m99,m97)*p1.pol3*FourPi^(-2)*I^9*gw*MHQ^(-2) + 1/18*
         lamprimeQu[f97]*yd[f99,f4]*lamprimeQdbar[f4]*Ta[n95,l99,l6]*
         gam[y99,y97]*uspin[p2,y97]*vbspin[p1,y99]*e_[l6,l93]*
         d_(m99,m97)*p3.pol3*FourPi^(-2)*I^9*gw*MHQ^(-2) - 1/3*
         lamprimeQu[f97]*yd[f99,f4]*lamprimeQdbar[f4]*Ta[n95,l99,l6]*
         gam[y99,y97]*uspin[p2,y97]*vbspin[p1,y99]*e_[l6,l93]*
         d_(m99,m97)*p4.pol3*FourPi^(-2)*I^9*gw*MHQ^(-2) + 1/2*
         lamprimeQu[f97]*yd[f99,f4]*lamprimeQdbar[f4]*Ta[n95,l93,l6]*
         gam[y99,FIVE,p1,pol3,y97]*uspin[p2,y97]*vbspin[p1,y99]*e_[l6,
         l99]*d_(m99,m97)*FourPi^(-2)*I^9*gw*MHQ^(-2) - 1/8*lamprimeQu[
         f97]*yd[f99,f4]*lamprimeQdbar[f4]*Ta[n95,l93,l6]*gam[y99,FIVE,
         p2,pol3,y97]*uspin[p2,y97]*vbspin[p1,y99]*e_[l6,l99]*
         d_(m99,m97)*FourPi^(-2)*I^9*gw*MHQ^(-2) + 3/8*lamprimeQu[f97]*
         yd[f99,f4]*lamprimeQdbar[f4]*Ta[n95,l93,l6]*gam[y99,FIVE,p4,
         pol3,y97]*uspin[p2,y97]*vbspin[p1,y99]*e_[l6,l99]*d_(m99,m97)*
         FourPi^(-2)*I^9*gw*MHQ^(-2) - 1/8*lamprimeQu[f97]*yd[f99,f4]*
         lamprimeQdbar[f4]*Ta[n95,l93,l6]*gam[y99,FIVE,pol3,p1,y97]*
         uspin[p2,y97]*vbspin[p1,y99]*e_[l6,l99]*d_(m99,m97)*
         FourPi^(-2)*I^9*gw*MHQ^(-2) - 3/8*lamprimeQu[f97]*yd[f99,f4]*
         lamprimeQdbar[f4]*Ta[n95,l93,l6]*gam[y99,FIVE,pol3,p2,y97]*
         uspin[p2,y97]*vbspin[p1,y99]*e_[l6,l99]*d_(m99,m97)*
         FourPi^(-2)*I^9*gw*MHQ^(-2) + 1/8*lamprimeQu[f97]*yd[f99,f4]*
         lamprimeQdbar[f4]*Ta[n95,l93,l6]*gam[y99,FIVE,pol3,p4,y97]*
         uspin[p2,y97]*vbspin[p1,y99]*e_[l6,l99]*d_(m99,m97)*
         FourPi^(-2)*I^9*gw*MHQ^(-2) + 1/2*lamprimeQu[f97]*yd[f99,f4]*
         lamprimeQdbar[f4]*Ta[n95,l93,l6]*gam[y99,p1,pol3,y97]*uspin[p2
         ,y97]*vbspin[p1,y99]*e_[l6,l99]*d_(m99,m97)*FourPi^(-2)*I^9*gw
         *MHQ^(-2) - 1/8*lamprimeQu[f97]*yd[f99,f4]*lamprimeQdbar[f4]*
         Ta[n95,l93,l6]*gam[y99,p2,pol3,y97]*uspin[p2,y97]*vbspin[p1,
         y99]*e_[l6,l99]*d_(m99,m97)*FourPi^(-2)*I^9*gw*MHQ^(-2) + 3/8*
         lamprimeQu[f97]*yd[f99,f4]*lamprimeQdbar[f4]*Ta[n95,l93,l6]*
         gam[y99,p4,pol3,y97]*uspin[p2,y97]*vbspin[p1,y99]*e_[l6,l99]*
         d_(m99,m97)*FourPi^(-2)*I^9*gw*MHQ^(-2) - 1/8*lamprimeQu[f97]*
         yd[f99,f4]*lamprimeQdbar[f4]*Ta[n95,l93,l6]*gam[y99,pol3,p1,
         y97]*uspin[p2,y97]*vbspin[p1,y99]*e_[l6,l99]*d_(m99,m97)*
         FourPi^(-2)*I^9*gw*MHQ^(-2) - 3/8*lamprimeQu[f97]*yd[f99,f4]*
         lamprimeQdbar[f4]*Ta[n95,l93,l6]*gam[y99,pol3,p2,y97]*uspin[p2
         ,y97]*vbspin[p1,y99]*e_[l6,l99]*d_(m99,m97)*FourPi^(-2)*I^9*gw
         *MHQ^(-2) + 1/8*lamprimeQu[f97]*yd[f99,f4]*lamprimeQdbar[f4]*
         Ta[n95,l93,l6]*gam[y99,pol3,p4,y97]*uspin[p2,y97]*vbspin[p1,
         y99]*e_[l6,l99]*d_(m99,m97)*FourPi^(-2)*I^9*gw*MHQ^(-2) );

  0.11 sec out of 0.10 sec
