FORM 4.2.0 (Jul  6 2017, v4.2.0) 64-bits         Run: Fri Mar  2 17:09:56 2018
    * -*-Form-*-
    
    #: Parentheses 2000
    #-

   amplqLbarqLG =
       + sSS^2 * (  - 5/72*lamprime[f99]*lamprimebar[f97]*T[a95,m99,m97
         ]*gam[y99,FIVE,p1,pol3,p1,y97]*uspin[p2,y97]*vbspin[p1,y99]*
         e_[l2,l99]*e_[l2,l97]*FourPi^(-2)*I^7*gs*MHT^(-2) - 5/18*
         lamprime[f99]*lamprimebar[f97]*T[a95,m99,m97]*gam[y99,FIVE,p1,
         pol3,p2,y97]*uspin[p2,y97]*vbspin[p1,y99]*e_[l2,l99]*e_[l2,l97
         ]*FourPi^(-2)*I^7*gs*MHT^(-2) - 1/36*lamprime[f99]*
         lamprimebar[f97]*T[a95,m99,m97]*gam[y99,FIVE,p2,pol3,p1,y97]*
         uspin[p2,y97]*vbspin[p1,y99]*e_[l2,l99]*e_[l2,l97]*FourPi^(-2)
         *I^7*gs*MHT^(-2) - 5/72*lamprime[f99]*lamprimebar[f97]*T[a95,
         m99,m97]*gam[y99,FIVE,p2,pol3,p2,y97]*uspin[p2,y97]*vbspin[p1,
         y99]*e_[l2,l99]*e_[l2,l97]*FourPi^(-2)*I^7*gs*MHT^(-2) + 17/72
         *lamprime[f99]*lamprimebar[f97]*T[a95,m99,m97]*gam[y99,FIVE,
         pol3,y97]*uspin[p2,y97]*vbspin[p1,y99]*e_[l2,l99]*e_[l2,l97]*
         p1.p1*FourPi^(-2)*I^7*gs*MHT^(-2) + 5/36*lamprime[f99]*
         lamprimebar[f97]*T[a95,m99,m97]*gam[y99,FIVE,pol3,y97]*uspin[
         p2,y97]*vbspin[p1,y99]*e_[l2,l99]*e_[l2,l97]*p1.p2*FourPi^(-2)
         *I^7*gs*MHT^(-2) + 17/72*lamprime[f99]*lamprimebar[f97]*T[a95,
         m99,m97]*gam[y99,FIVE,pol3,y97]*uspin[p2,y97]*vbspin[p1,y99]*
         e_[l2,l99]*e_[l2,l97]*p2.p2*FourPi^(-2)*I^7*gs*MHT^(-2) - 5/72
         *lamprime[f99]*lamprimebar[f97]*T[a95,m99,m97]*gam[y99,p1,pol3
         ,p1,y97]*uspin[p2,y97]*vbspin[p1,y99]*e_[l2,l99]*e_[l2,l97]*
         FourPi^(-2)*I^7*gs*MHT^(-2) - 5/18*lamprime[f99]*lamprimebar[
         f97]*T[a95,m99,m97]*gam[y99,p1,pol3,p2,y97]*uspin[p2,y97]*
         vbspin[p1,y99]*e_[l2,l99]*e_[l2,l97]*FourPi^(-2)*I^7*gs*
         MHT^(-2) - 1/36*lamprime[f99]*lamprimebar[f97]*T[a95,m99,m97]*
         gam[y99,p2,pol3,p1,y97]*uspin[p2,y97]*vbspin[p1,y99]*e_[l2,l99
         ]*e_[l2,l97]*FourPi^(-2)*I^7*gs*MHT^(-2) - 5/72*lamprime[f99]*
         lamprimebar[f97]*T[a95,m99,m97]*gam[y99,p2,pol3,p2,y97]*uspin[
         p2,y97]*vbspin[p1,y99]*e_[l2,l99]*e_[l2,l97]*FourPi^(-2)*I^7*
         gs*MHT^(-2) + 17/72*lamprime[f99]*lamprimebar[f97]*T[a95,m99,
         m97]*gam[y99,pol3,y97]*uspin[p2,y97]*vbspin[p1,y99]*e_[l2,l99]
         *e_[l2,l97]*p1.p1*FourPi^(-2)*I^7*gs*MHT^(-2) + 5/36*lamprime[
         f99]*lamprimebar[f97]*T[a95,m99,m97]*gam[y99,pol3,y97]*uspin[
         p2,y97]*vbspin[p1,y99]*e_[l2,l99]*e_[l2,l97]*p1.p2*FourPi^(-2)
         *I^7*gs*MHT^(-2) + 17/72*lamprime[f99]*lamprimebar[f97]*T[a95,
         m99,m97]*gam[y99,pol3,y97]*uspin[p2,y97]*vbspin[p1,y99]*e_[l2,
         l99]*e_[l2,l97]*p2.p2*FourPi^(-2)*I^7*gs*MHT^(-2) )

       - 1/4*Log[MHT^2]*lamprime[f99]*lamprimebar[f97]*T[a95,m99,m97]*
      gam[y99,FIVE,pol3,y97]*uspin[p2,y97]*vbspin[p1,y99]*e_[l2,l99]*
      e_[l2,l97]*FourPi^(-2)*I^7*gs - 1/4*Log[MHT^2]*lamprime[f99]*
         lamprimebar[f97]*T[a95,m99,m97]*gam[y99,pol3,y97]*uspin[p2,y97
         ]*vbspin[p1,y99]*e_[l2,l99]*e_[l2,l97]*FourPi^(-2)*I^7*gs + 3/
         8*lamprime[f99]*lamprimebar[f97]*T[a95,m99,m97]*gam[y99,FIVE,
         pol3,y97]*uspin[p2,y97]*vbspin[p1,y99]*e_[l2,l99]*e_[l2,l97]*
         FourPi^(-2)*I^7*gs + 3/8*lamprime[f99]*lamprimebar[f97]*T[a95,
         m99,m97]*gam[y99,pol3,y97]*uspin[p2,y97]*vbspin[p1,y99]*e_[l2,
         l99]*e_[l2,l97]*FourPi^(-2)*I^7*gs;

  0.07 sec out of 0.07 sec
