FORM 4.2.0 (Jul  6 2017, v4.2.0) 64-bits         Run: Fri Mar  2 17:14:44 2018
    * -*-Form-*-
    
    #: Parentheses 2000
    #-

   amplqLbaruRGPhibar =
       + sSS * ( 1/4*Log[MHQ^2]*lamprime[f99]*lamprimeQu[f97]*T[a95,m99
         ,m97]*gam[y99,FIVE,p1,pol3,y97]*uspin[p2,y97]*vbspin[p1,y99]*
         e_[l4,l6]*e_[l4,l6]*e_[l99,l93]*FourPi^(-2)*I^9*gs*MHT^(-2)*
         lamprimeQTRbar + 1/2*Log[MHQ^2]*lamprime[f99]*lamprimeQu[f97]*
         T[a95,m99,m97]*gam[y99,FIVE,p1,pol3,y97]*uspin[p2,y97]*vbspin[
         p1,y99]*e_[l6,l8]*e_[l6,l8]*e_[l99,l93]*FourPi^(-2)*I^9*gs*
         MHT^(-3)*MHQ*lamprimeQTLbar + 1/4*Log[MHQ^2]*lamprime[f99]*
         lamprimeQu[f97]*T[a95,m99,m97]*gam[y99,FIVE,p4,pol3,y97]*
         uspin[p2,y97]*vbspin[p1,y99]*e_[l4,l6]*e_[l4,l6]*e_[l99,l93]*
         FourPi^(-2)*I^9*gs*MHT^(-2)*lamprimeQTRbar + 1/2*Log[MHQ^2]*
         lamprime[f99]*lamprimeQu[f97]*T[a95,m99,m97]*gam[y99,FIVE,p4,
         pol3,y97]*uspin[p2,y97]*vbspin[p1,y99]*e_[l6,l8]*e_[l6,l8]*e_[
         l99,l93]*FourPi^(-2)*I^9*gs*MHT^(-3)*MHQ*lamprimeQTLbar - 1/2*
         Log[MHQ^2]*lamprime[f99]*lamprimeQu[f97]*T[a95,m99,m97]*gam[
         y99,FIVE,pol3,p2,y97]*uspin[p2,y97]*vbspin[p1,y99]*e_[l6,l8]*
         e_[l6,l8]*e_[l99,l93]*FourPi^(-2)*I^9*gs*MHT^(-3)*MHQ*
         lamprimeQTLbar - 1/4*Log[MHQ^2]*lamprime[f99]*lamprimeQu[f97]*
         T[a95,m99,m97]*gam[y99,FIVE,pol3,p2,y97]*uspin[p2,y97]*vbspin[
         p1,y99]*e_[l6,l8]*e_[l6,l8]*e_[l99,l93]*FourPi^(-2)*I^9*gs*
         MHT^(-2)*lamprimeQTRbar + 1/4*Log[MHQ^2]*lamprime[f99]*
         lamprimeQu[f97]*T[a95,m99,m97]*gam[y99,p1,pol3,y97]*uspin[p2,
         y97]*vbspin[p1,y99]*e_[l4,l6]*e_[l4,l6]*e_[l99,l93]*
         FourPi^(-2)*I^9*gs*MHT^(-2)*lamprimeQTRbar + 1/2*Log[MHQ^2]*
         lamprime[f99]*lamprimeQu[f97]*T[a95,m99,m97]*gam[y99,p1,pol3,
         y97]*uspin[p2,y97]*vbspin[p1,y99]*e_[l6,l8]*e_[l6,l8]*e_[l99,
         l93]*FourPi^(-2)*I^9*gs*MHT^(-3)*MHQ*lamprimeQTLbar + 1/4*Log[
         MHQ^2]*lamprime[f99]*lamprimeQu[f97]*T[a95,m99,m97]*gam[y99,p4
         ,pol3,y97]*uspin[p2,y97]*vbspin[p1,y99]*e_[l4,l6]*e_[l4,l6]*
         e_[l99,l93]*FourPi^(-2)*I^9*gs*MHT^(-2)*lamprimeQTRbar + 1/2*
         Log[MHQ^2]*lamprime[f99]*lamprimeQu[f97]*T[a95,m99,m97]*gam[
         y99,p4,pol3,y97]*uspin[p2,y97]*vbspin[p1,y99]*e_[l6,l8]*e_[l6,
         l8]*e_[l99,l93]*FourPi^(-2)*I^9*gs*MHT^(-3)*MHQ*lamprimeQTLbar
          - 1/2*Log[MHQ^2]*lamprime[f99]*lamprimeQu[f97]*T[a95,m99,m97]
         *gam[y99,pol3,p2,y97]*uspin[p2,y97]*vbspin[p1,y99]*e_[l6,l8]*
         e_[l6,l8]*e_[l99,l93]*FourPi^(-2)*I^9*gs*MHT^(-3)*MHQ*
         lamprimeQTLbar - 1/4*Log[MHQ^2]*lamprime[f99]*lamprimeQu[f97]*
         T[a95,m99,m97]*gam[y99,pol3,p2,y97]*uspin[p2,y97]*vbspin[p1,
         y99]*e_[l6,l8]*e_[l6,l8]*e_[l99,l93]*FourPi^(-2)*I^9*gs*
         MHT^(-2)*lamprimeQTRbar - 1/4*Log[MHQ^2]*lamprimeQu[f97]*yd[
         f99,f8]*lamprimeQdbar[f8]*T[a95,m99,m97]*gam[y99,FIVE,p1,pol3,
         y97]*uspin[p2,y97]*vbspin[p1,y99]*e_[l99,l93]*FourPi^(-2)*I^9*
         gs*MHQ^(-2) - 1/4*Log[MHQ^2]*lamprimeQu[f97]*yd[f99,f8]*
         lamprimeQdbar[f8]*T[a95,m99,m97]*gam[y99,FIVE,pol3,p1,y97]*
         uspin[p2,y97]*vbspin[p1,y99]*e_[l99,l93]*FourPi^(-2)*I^9*gs*
         MHQ^(-2) - 1/4*Log[MHQ^2]*lamprimeQu[f97]*yd[f99,f8]*
         lamprimeQdbar[f8]*T[a95,m99,m97]*gam[y99,FIVE,pol3,p2,y97]*
         uspin[p2,y97]*vbspin[p1,y99]*e_[l99,l93]*FourPi^(-2)*I^9*gs*
         MHQ^(-2) - 1/4*Log[MHQ^2]*lamprimeQu[f97]*yd[f99,f8]*
         lamprimeQdbar[f8]*T[a95,m99,m97]*gam[y99,FIVE,pol3,p3,y97]*
         uspin[p2,y97]*vbspin[p1,y99]*e_[l99,l93]*FourPi^(-2)*I^9*gs*
         MHQ^(-2) - 1/4*Log[MHQ^2]*lamprimeQu[f97]*yd[f99,f8]*
         lamprimeQdbar[f8]*T[a95,m99,m97]*gam[y99,p1,pol3,y97]*uspin[p2
         ,y97]*vbspin[p1,y99]*e_[l99,l93]*FourPi^(-2)*I^9*gs*MHQ^(-2)
          - 1/4*Log[MHQ^2]*lamprimeQu[f97]*yd[f99,f8]*lamprimeQdbar[f8]
         *T[a95,m99,m97]*gam[y99,pol3,p1,y97]*uspin[p2,y97]*vbspin[p1,
         y99]*e_[l99,l93]*FourPi^(-2)*I^9*gs*MHQ^(-2) - 1/4*Log[MHQ^2]*
         lamprimeQu[f97]*yd[f99,f8]*lamprimeQdbar[f8]*T[a95,m99,m97]*
         gam[y99,pol3,p2,y97]*uspin[p2,y97]*vbspin[p1,y99]*e_[l99,l93]*
         FourPi^(-2)*I^9*gs*MHQ^(-2) - 1/4*Log[MHQ^2]*lamprimeQu[f97]*
         yd[f99,f8]*lamprimeQdbar[f8]*T[a95,m99,m97]*gam[y99,pol3,p3,
         y97]*uspin[p2,y97]*vbspin[p1,y99]*e_[l99,l93]*FourPi^(-2)*I^9*
         gs*MHQ^(-2) + 1/4*Log[MHQ^2]*lamprimeQu[f97]*yd[f99,f4]*
         lamprimeQdbar[f4]*T[a95,m99,m97]*gam[y99,FIVE,p1,pol3,y97]*
         uspin[p2,y97]*vbspin[p1,y99]*e_[l99,l93]*FourPi^(-2)*I^9*gs*
         MHQ^(-2) + 1/4*Log[MHQ^2]*lamprimeQu[f97]*yd[f99,f4]*
         lamprimeQdbar[f4]*T[a95,m99,m97]*gam[y99,p1,pol3,y97]*uspin[p2
         ,y97]*vbspin[p1,y99]*e_[l99,l93]*FourPi^(-2)*I^9*gs*MHQ^(-2)
          - 1/4*Log[MHT^2]*lamprime[f99]*lamprimeQu[f97]*T[a95,m99,m97]
         *gam[y99,FIVE,p1,pol3,y97]*uspin[p2,y97]*vbspin[p1,y99]*e_[l6,
         l99]*e_[l6,l2]*e_[l93,l2]*FourPi^(-2)*I^9*gs*MHQ^(-2)*
         lamprimeQTRbar - 1/2*Log[MHT^2]*lamprime[f99]*lamprimeQu[f97]*
         T[a95,m99,m97]*gam[y99,FIVE,p1,pol3,y97]*uspin[p2,y97]*vbspin[
         p1,y99]*e_[l6,l99]*e_[l6,l2]*e_[l93,l2]*FourPi^(-2)*I^9*gs*MHT
         *MHQ^(-3)*lamprimeQTLbar + 1/4*Log[MHT^2]*lamprime[f99]*
         lamprimeQu[f97]*T[a95,m99,m97]*gam[y99,FIVE,pol3,p2,y97]*
         uspin[p2,y97]*vbspin[p1,y99]*e_[l6,l99]*e_[l6,l2]*e_[l93,l2]*
         FourPi^(-2)*I^9*gs*MHQ^(-2)*lamprimeQTRbar + 1/2*Log[MHT^2]*
         lamprime[f99]*lamprimeQu[f97]*T[a95,m99,m97]*gam[y99,FIVE,pol3
         ,p2,y97]*uspin[p2,y97]*vbspin[p1,y99]*e_[l6,l99]*e_[l6,l2]*e_[
         l93,l2]*FourPi^(-2)*I^9*gs*MHT*MHQ^(-3)*lamprimeQTLbar + 1/4*
         Log[MHT^2]*lamprime[f99]*lamprimeQu[f97]*T[a95,m99,m97]*gam[
         y99,FIVE,pol3,p4,y97]*uspin[p2,y97]*vbspin[p1,y99]*e_[l6,l99]*
         e_[l6,l2]*e_[l93,l2]*FourPi^(-2)*I^9*gs*MHQ^(-2)*
         lamprimeQTRbar + 1/2*Log[MHT^2]*lamprime[f99]*lamprimeQu[f97]*
         T[a95,m99,m97]*gam[y99,FIVE,pol3,p4,y97]*uspin[p2,y97]*vbspin[
         p1,y99]*e_[l6,l99]*e_[l6,l2]*e_[l93,l2]*FourPi^(-2)*I^9*gs*MHT
         *MHQ^(-3)*lamprimeQTLbar - 1/4*Log[MHT^2]*lamprime[f99]*
         lamprimeQu[f97]*T[a95,m99,m97]*gam[y99,p1,pol3,y97]*uspin[p2,
         y97]*vbspin[p1,y99]*e_[l6,l99]*e_[l6,l2]*e_[l93,l2]*
         FourPi^(-2)*I^9*gs*MHQ^(-2)*lamprimeQTRbar - 1/2*Log[MHT^2]*
         lamprime[f99]*lamprimeQu[f97]*T[a95,m99,m97]*gam[y99,p1,pol3,
         y97]*uspin[p2,y97]*vbspin[p1,y99]*e_[l6,l99]*e_[l6,l2]*e_[l93,
         l2]*FourPi^(-2)*I^9*gs*MHT*MHQ^(-3)*lamprimeQTLbar + 1/4*Log[
         MHT^2]*lamprime[f99]*lamprimeQu[f97]*T[a95,m99,m97]*gam[y99,
         pol3,p2,y97]*uspin[p2,y97]*vbspin[p1,y99]*e_[l6,l99]*e_[l6,l2]
         *e_[l93,l2]*FourPi^(-2)*I^9*gs*MHQ^(-2)*lamprimeQTRbar + 1/2*
         Log[MHT^2]*lamprime[f99]*lamprimeQu[f97]*T[a95,m99,m97]*gam[
         y99,pol3,p2,y97]*uspin[p2,y97]*vbspin[p1,y99]*e_[l6,l99]*e_[l6
         ,l2]*e_[l93,l2]*FourPi^(-2)*I^9*gs*MHT*MHQ^(-3)*lamprimeQTLbar
          + 1/4*Log[MHT^2]*lamprime[f99]*lamprimeQu[f97]*T[a95,m99,m97]
         *gam[y99,pol3,p4,y97]*uspin[p2,y97]*vbspin[p1,y99]*e_[l6,l99]*
         e_[l6,l2]*e_[l93,l2]*FourPi^(-2)*I^9*gs*MHQ^(-2)*
         lamprimeQTRbar + 1/2*Log[MHT^2]*lamprime[f99]*lamprimeQu[f97]*
         T[a95,m99,m97]*gam[y99,pol3,p4,y97]*uspin[p2,y97]*vbspin[p1,
         y99]*e_[l6,l99]*e_[l6,l2]*e_[l93,l2]*FourPi^(-2)*I^9*gs*MHT*
         MHQ^(-3)*lamprimeQTLbar - 3/8*lamprime[f99]*lamprimeQu[f97]*T[
         a95,m99,m97]*gam[y99,FIVE,p1,pol3,y97]*uspin[p2,y97]*vbspin[p1
         ,y99]*e_[l4,l6]*e_[l4,l6]*e_[l99,l93]*FourPi^(-2)*I^9*gs*
         MHT^(-2)*lamprimeQTRbar + 1/4*lamprime[f99]*lamprimeQu[f97]*T[
         a95,m99,m97]*gam[y99,FIVE,p1,pol3,y97]*uspin[p2,y97]*vbspin[p1
         ,y99]*e_[l6,l99]*e_[l6,l2]*e_[l93,l2]*FourPi^(-2)*I^9*gs*
         MHT^(-1)*MHQ^(-1)*lamprimeQTLbar + 3/8*lamprime[f99]*
         lamprimeQu[f97]*T[a95,m99,m97]*gam[y99,FIVE,p1,pol3,y97]*
         uspin[p2,y97]*vbspin[p1,y99]*e_[l6,l99]*e_[l6,l2]*e_[l93,l2]*
         FourPi^(-2)*I^9*gs*MHQ^(-2)*lamprimeQTRbar + 1/2*lamprime[f99]
         *lamprimeQu[f97]*T[a95,m99,m97]*gam[y99,FIVE,p1,pol3,y97]*
         uspin[p2,y97]*vbspin[p1,y99]*e_[l6,l99]*e_[l6,l2]*e_[l93,l2]*
         FourPi^(-2)*I^9*gs*MHT*MHQ^(-3)*lamprimeQTLbar - 1/2*lamprime[
         f99]*lamprimeQu[f97]*T[a95,m99,m97]*gam[y99,FIVE,p1,pol3,y97]*
         uspin[p2,y97]*vbspin[p1,y99]*e_[l6,l8]*e_[l6,l8]*e_[l99,l93]*
         FourPi^(-2)*I^9*gs*MHT^(-3)*MHQ*lamprimeQTLbar + 1/4*lamprime[
         f99]*lamprimeQu[f97]*T[a95,m99,m97]*gam[y99,FIVE,p2,pol3,y97]*
         uspin[p2,y97]*vbspin[p1,y99]*e_[l4,l6]*e_[l4,l6]*e_[l99,l93]*
         FourPi^(-2)*I^9*gs*MHT^(-1)*MHQ^(-1)*lamprimeQTLbar + 3/8*
         lamprime[f99]*lamprimeQu[f97]*T[a95,m99,m97]*gam[y99,FIVE,p3,
         pol3,y97]*uspin[p2,y97]*vbspin[p1,y99]*e_[l4,l6]*e_[l4,l6]*e_[
         l99,l93]*FourPi^(-2)*I^9*gs*MHT^(-1)*MHQ^(-1)*lamprimeQTLbar
          - 1/8*lamprime[f99]*lamprimeQu[f97]*T[a95,m99,m97]*gam[y99,
         FIVE,p3,pol3,y97]*uspin[p2,y97]*vbspin[p1,y99]*e_[l6,l99]*e_[
         l6,l2]*e_[l93,l2]*FourPi^(-2)*I^9*gs*MHT^(-1)*MHQ^(-1)*
         lamprimeQTLbar - 3/8*lamprime[f99]*lamprimeQu[f97]*T[a95,m99,
         m97]*gam[y99,FIVE,p4,pol3,y97]*uspin[p2,y97]*vbspin[p1,y99]*
         e_[l4,l6]*e_[l4,l6]*e_[l99,l93]*FourPi^(-2)*I^9*gs*MHT^(-2)*
         lamprimeQTRbar - 1/2*lamprime[f99]*lamprimeQu[f97]*T[a95,m99,
         m97]*gam[y99,FIVE,p4,pol3,y97]*uspin[p2,y97]*vbspin[p1,y99]*
         e_[l6,l8]*e_[l6,l8]*e_[l99,l93]*FourPi^(-2)*I^9*gs*MHT^(-3)*
         MHQ*lamprimeQTLbar + 1/4*lamprime[f99]*lamprimeQu[f97]*T[a95,
         m99,m97]*gam[y99,FIVE,pol3,p1,y97]*uspin[p2,y97]*vbspin[p1,y99
         ]*e_[l6,l99]*e_[l6,l2]*e_[l93,l2]*FourPi^(-2)*I^9*gs*MHT^(-1)*
         MHQ^(-1)*lamprimeQTLbar + 1/4*lamprime[f99]*lamprimeQu[f97]*T[
         a95,m99,m97]*gam[y99,FIVE,pol3,p2,y97]*uspin[p2,y97]*vbspin[p1
         ,y99]*e_[l4,l6]*e_[l4,l6]*e_[l99,l93]*FourPi^(-2)*I^9*gs*
         MHT^(-1)*MHQ^(-1)*lamprimeQTLbar - 3/8*lamprime[f99]*
         lamprimeQu[f97]*T[a95,m99,m97]*gam[y99,FIVE,pol3,p2,y97]*
         uspin[p2,y97]*vbspin[p1,y99]*e_[l6,l99]*e_[l6,l2]*e_[l93,l2]*
         FourPi^(-2)*I^9*gs*MHQ^(-2)*lamprimeQTRbar - 1/2*lamprime[f99]
         *lamprimeQu[f97]*T[a95,m99,m97]*gam[y99,FIVE,pol3,p2,y97]*
         uspin[p2,y97]*vbspin[p1,y99]*e_[l6,l99]*e_[l6,l2]*e_[l93,l2]*
         FourPi^(-2)*I^9*gs*MHT*MHQ^(-3)*lamprimeQTLbar + 1/2*lamprime[
         f99]*lamprimeQu[f97]*T[a95,m99,m97]*gam[y99,FIVE,pol3,p2,y97]*
         uspin[p2,y97]*vbspin[p1,y99]*e_[l6,l8]*e_[l6,l8]*e_[l99,l93]*
         FourPi^(-2)*I^9*gs*MHT^(-3)*MHQ*lamprimeQTLbar + 3/8*lamprime[
         f99]*lamprimeQu[f97]*T[a95,m99,m97]*gam[y99,FIVE,pol3,p2,y97]*
         uspin[p2,y97]*vbspin[p1,y99]*e_[l6,l8]*e_[l6,l8]*e_[l99,l93]*
         FourPi^(-2)*I^9*gs*MHT^(-2)*lamprimeQTRbar - 1/8*lamprime[f99]
         *lamprimeQu[f97]*T[a95,m99,m97]*gam[y99,FIVE,pol3,p3,y97]*
         uspin[p2,y97]*vbspin[p1,y99]*e_[l4,l6]*e_[l4,l6]*e_[l99,l93]*
         FourPi^(-2)*I^9*gs*MHT^(-1)*MHQ^(-1)*lamprimeQTLbar + 3/8*
         lamprime[f99]*lamprimeQu[f97]*T[a95,m99,m97]*gam[y99,FIVE,pol3
         ,p3,y97]*uspin[p2,y97]*vbspin[p1,y99]*e_[l6,l99]*e_[l6,l2]*e_[
         l93,l2]*FourPi^(-2)*I^9*gs*MHT^(-1)*MHQ^(-1)*lamprimeQTLbar - 
         3/8*lamprime[f99]*lamprimeQu[f97]*T[a95,m99,m97]*gam[y99,FIVE,
         pol3,p4,y97]*uspin[p2,y97]*vbspin[p1,y99]*e_[l6,l99]*e_[l6,l2]
         *e_[l93,l2]*FourPi^(-2)*I^9*gs*MHQ^(-2)*lamprimeQTRbar - 1/2*
         lamprime[f99]*lamprimeQu[f97]*T[a95,m99,m97]*gam[y99,FIVE,pol3
         ,p4,y97]*uspin[p2,y97]*vbspin[p1,y99]*e_[l6,l99]*e_[l6,l2]*e_[
         l93,l2]*FourPi^(-2)*I^9*gs*MHT*MHQ^(-3)*lamprimeQTLbar - 3/8*
         lamprime[f99]*lamprimeQu[f97]*T[a95,m99,m97]*gam[y99,p1,pol3,
         y97]*uspin[p2,y97]*vbspin[p1,y99]*e_[l4,l6]*e_[l4,l6]*e_[l99,
         l93]*FourPi^(-2)*I^9*gs*MHT^(-2)*lamprimeQTRbar + 1/4*
         lamprime[f99]*lamprimeQu[f97]*T[a95,m99,m97]*gam[y99,p1,pol3,
         y97]*uspin[p2,y97]*vbspin[p1,y99]*e_[l6,l99]*e_[l6,l2]*e_[l93,
         l2]*FourPi^(-2)*I^9*gs*MHT^(-1)*MHQ^(-1)*lamprimeQTLbar + 3/8*
         lamprime[f99]*lamprimeQu[f97]*T[a95,m99,m97]*gam[y99,p1,pol3,
         y97]*uspin[p2,y97]*vbspin[p1,y99]*e_[l6,l99]*e_[l6,l2]*e_[l93,
         l2]*FourPi^(-2)*I^9*gs*MHQ^(-2)*lamprimeQTRbar + 1/2*lamprime[
         f99]*lamprimeQu[f97]*T[a95,m99,m97]*gam[y99,p1,pol3,y97]*
         uspin[p2,y97]*vbspin[p1,y99]*e_[l6,l99]*e_[l6,l2]*e_[l93,l2]*
         FourPi^(-2)*I^9*gs*MHT*MHQ^(-3)*lamprimeQTLbar - 1/2*lamprime[
         f99]*lamprimeQu[f97]*T[a95,m99,m97]*gam[y99,p1,pol3,y97]*
         uspin[p2,y97]*vbspin[p1,y99]*e_[l6,l8]*e_[l6,l8]*e_[l99,l93]*
         FourPi^(-2)*I^9*gs*MHT^(-3)*MHQ*lamprimeQTLbar + 1/4*lamprime[
         f99]*lamprimeQu[f97]*T[a95,m99,m97]*gam[y99,p2,pol3,y97]*
         uspin[p2,y97]*vbspin[p1,y99]*e_[l4,l6]*e_[l4,l6]*e_[l99,l93]*
         FourPi^(-2)*I^9*gs*MHT^(-1)*MHQ^(-1)*lamprimeQTLbar + 3/8*
         lamprime[f99]*lamprimeQu[f97]*T[a95,m99,m97]*gam[y99,p3,pol3,
         y97]*uspin[p2,y97]*vbspin[p1,y99]*e_[l4,l6]*e_[l4,l6]*e_[l99,
         l93]*FourPi^(-2)*I^9*gs*MHT^(-1)*MHQ^(-1)*lamprimeQTLbar - 1/8
         *lamprime[f99]*lamprimeQu[f97]*T[a95,m99,m97]*gam[y99,p3,pol3,
         y97]*uspin[p2,y97]*vbspin[p1,y99]*e_[l6,l99]*e_[l6,l2]*e_[l93,
         l2]*FourPi^(-2)*I^9*gs*MHT^(-1)*MHQ^(-1)*lamprimeQTLbar - 3/8*
         lamprime[f99]*lamprimeQu[f97]*T[a95,m99,m97]*gam[y99,p4,pol3,
         y97]*uspin[p2,y97]*vbspin[p1,y99]*e_[l4,l6]*e_[l4,l6]*e_[l99,
         l93]*FourPi^(-2)*I^9*gs*MHT^(-2)*lamprimeQTRbar - 1/2*
         lamprime[f99]*lamprimeQu[f97]*T[a95,m99,m97]*gam[y99,p4,pol3,
         y97]*uspin[p2,y97]*vbspin[p1,y99]*e_[l6,l8]*e_[l6,l8]*e_[l99,
         l93]*FourPi^(-2)*I^9*gs*MHT^(-3)*MHQ*lamprimeQTLbar + 1/4*
         lamprime[f99]*lamprimeQu[f97]*T[a95,m99,m97]*gam[y99,pol3,p1,
         y97]*uspin[p2,y97]*vbspin[p1,y99]*e_[l6,l99]*e_[l6,l2]*e_[l93,
         l2]*FourPi^(-2)*I^9*gs*MHT^(-1)*MHQ^(-1)*lamprimeQTLbar + 1/4*
         lamprime[f99]*lamprimeQu[f97]*T[a95,m99,m97]*gam[y99,pol3,p2,
         y97]*uspin[p2,y97]*vbspin[p1,y99]*e_[l4,l6]*e_[l4,l6]*e_[l99,
         l93]*FourPi^(-2)*I^9*gs*MHT^(-1)*MHQ^(-1)*lamprimeQTLbar - 3/8
         *lamprime[f99]*lamprimeQu[f97]*T[a95,m99,m97]*gam[y99,pol3,p2,
         y97]*uspin[p2,y97]*vbspin[p1,y99]*e_[l6,l99]*e_[l6,l2]*e_[l93,
         l2]*FourPi^(-2)*I^9*gs*MHQ^(-2)*lamprimeQTRbar - 1/2*lamprime[
         f99]*lamprimeQu[f97]*T[a95,m99,m97]*gam[y99,pol3,p2,y97]*
         uspin[p2,y97]*vbspin[p1,y99]*e_[l6,l99]*e_[l6,l2]*e_[l93,l2]*
         FourPi^(-2)*I^9*gs*MHT*MHQ^(-3)*lamprimeQTLbar + 1/2*lamprime[
         f99]*lamprimeQu[f97]*T[a95,m99,m97]*gam[y99,pol3,p2,y97]*
         uspin[p2,y97]*vbspin[p1,y99]*e_[l6,l8]*e_[l6,l8]*e_[l99,l93]*
         FourPi^(-2)*I^9*gs*MHT^(-3)*MHQ*lamprimeQTLbar + 3/8*lamprime[
         f99]*lamprimeQu[f97]*T[a95,m99,m97]*gam[y99,pol3,p2,y97]*
         uspin[p2,y97]*vbspin[p1,y99]*e_[l6,l8]*e_[l6,l8]*e_[l99,l93]*
         FourPi^(-2)*I^9*gs*MHT^(-2)*lamprimeQTRbar - 1/8*lamprime[f99]
         *lamprimeQu[f97]*T[a95,m99,m97]*gam[y99,pol3,p3,y97]*uspin[p2,
         y97]*vbspin[p1,y99]*e_[l4,l6]*e_[l4,l6]*e_[l99,l93]*
         FourPi^(-2)*I^9*gs*MHT^(-1)*MHQ^(-1)*lamprimeQTLbar + 3/8*
         lamprime[f99]*lamprimeQu[f97]*T[a95,m99,m97]*gam[y99,pol3,p3,
         y97]*uspin[p2,y97]*vbspin[p1,y99]*e_[l6,l99]*e_[l6,l2]*e_[l93,
         l2]*FourPi^(-2)*I^9*gs*MHT^(-1)*MHQ^(-1)*lamprimeQTLbar - 3/8*
         lamprime[f99]*lamprimeQu[f97]*T[a95,m99,m97]*gam[y99,pol3,p4,
         y97]*uspin[p2,y97]*vbspin[p1,y99]*e_[l6,l99]*e_[l6,l2]*e_[l93,
         l2]*FourPi^(-2)*I^9*gs*MHQ^(-2)*lamprimeQTRbar - 1/2*lamprime[
         f99]*lamprimeQu[f97]*T[a95,m99,m97]*gam[y99,pol3,p4,y97]*
         uspin[p2,y97]*vbspin[p1,y99]*e_[l6,l99]*e_[l6,l2]*e_[l93,l2]*
         FourPi^(-2)*I^9*gs*MHT*MHQ^(-3)*lamprimeQTLbar + 1/8*
         lamprimeQu[f97]*yd[f99,f8]*lamprimeQdbar[f8]*T[a95,m99,m97]*
         gam[y99,FIVE,p1,pol3,y97]*uspin[p2,y97]*vbspin[p1,y99]*e_[l99,
         l93]*FourPi^(-2)*I^9*gs*MHQ^(-2) - 1/4*lamprimeQu[f97]*yd[f99,
         f8]*lamprimeQdbar[f8]*T[a95,m99,m97]*gam[y99,FIVE,p2,pol3,y97]
         *uspin[p2,y97]*vbspin[p1,y99]*e_[l99,l93]*FourPi^(-2)*I^9*gs*
         MHQ^(-2) + 1/8*lamprimeQu[f97]*yd[f99,f8]*lamprimeQdbar[f8]*T[
         a95,m99,m97]*gam[y99,FIVE,pol3,p1,y97]*uspin[p2,y97]*vbspin[p1
         ,y99]*e_[l99,l93]*FourPi^(-2)*I^9*gs*MHQ^(-2) + 1/8*
         lamprimeQu[f97]*yd[f99,f8]*lamprimeQdbar[f8]*T[a95,m99,m97]*
         gam[y99,FIVE,pol3,p2,y97]*uspin[p2,y97]*vbspin[p1,y99]*e_[l99,
         l93]*FourPi^(-2)*I^9*gs*MHQ^(-2) + 1/8*lamprimeQu[f97]*yd[f99,
         f8]*lamprimeQdbar[f8]*T[a95,m99,m97]*gam[y99,FIVE,pol3,p3,y97]
         *uspin[p2,y97]*vbspin[p1,y99]*e_[l99,l93]*FourPi^(-2)*I^9*gs*
         MHQ^(-2) + 1/8*lamprimeQu[f97]*yd[f99,f8]*lamprimeQdbar[f8]*T[
         a95,m99,m97]*gam[y99,p1,pol3,y97]*uspin[p2,y97]*vbspin[p1,y99]
         *e_[l99,l93]*FourPi^(-2)*I^9*gs*MHQ^(-2) - 1/4*lamprimeQu[f97]
         *yd[f99,f8]*lamprimeQdbar[f8]*T[a95,m99,m97]*gam[y99,p2,pol3,
         y97]*uspin[p2,y97]*vbspin[p1,y99]*e_[l99,l93]*FourPi^(-2)*I^9*
         gs*MHQ^(-2) + 1/8*lamprimeQu[f97]*yd[f99,f8]*lamprimeQdbar[f8]
         *T[a95,m99,m97]*gam[y99,pol3,p1,y97]*uspin[p2,y97]*vbspin[p1,
         y99]*e_[l99,l93]*FourPi^(-2)*I^9*gs*MHQ^(-2) + 1/8*lamprimeQu[
         f97]*yd[f99,f8]*lamprimeQdbar[f8]*T[a95,m99,m97]*gam[y99,pol3,
         p2,y97]*uspin[p2,y97]*vbspin[p1,y99]*e_[l99,l93]*FourPi^(-2)*
         I^9*gs*MHQ^(-2) + 1/8*lamprimeQu[f97]*yd[f99,f8]*
         lamprimeQdbar[f8]*T[a95,m99,m97]*gam[y99,pol3,p3,y97]*uspin[p2
         ,y97]*vbspin[p1,y99]*e_[l99,l93]*FourPi^(-2)*I^9*gs*MHQ^(-2)
          - 1/2*lamprimeQu[f97]*yd[f99,f4]*lamprimeQdbar[f4]*T[a95,m99,
         m97]*gam[y99,FIVE,p1,pol3,y97]*uspin[p2,y97]*vbspin[p1,y99]*
         e_[l99,l93]*FourPi^(-2)*I^9*gs*MHQ^(-2) + 1/8*lamprimeQu[f97]*
         yd[f99,f4]*lamprimeQdbar[f4]*T[a95,m99,m97]*gam[y99,FIVE,p2,
         pol3,y97]*uspin[p2,y97]*vbspin[p1,y99]*e_[l99,l93]*FourPi^(-2)
         *I^9*gs*MHQ^(-2) - 3/8*lamprimeQu[f97]*yd[f99,f4]*
         lamprimeQdbar[f4]*T[a95,m99,m97]*gam[y99,FIVE,p4,pol3,y97]*
         uspin[p2,y97]*vbspin[p1,y99]*e_[l99,l93]*FourPi^(-2)*I^9*gs*
         MHQ^(-2) + 1/8*lamprimeQu[f97]*yd[f99,f4]*lamprimeQdbar[f4]*T[
         a95,m99,m97]*gam[y99,FIVE,pol3,p1,y97]*uspin[p2,y97]*vbspin[p1
         ,y99]*e_[l99,l93]*FourPi^(-2)*I^9*gs*MHQ^(-2) + 3/8*
         lamprimeQu[f97]*yd[f99,f4]*lamprimeQdbar[f4]*T[a95,m99,m97]*
         gam[y99,FIVE,pol3,p2,y97]*uspin[p2,y97]*vbspin[p1,y99]*e_[l99,
         l93]*FourPi^(-2)*I^9*gs*MHQ^(-2) - 1/8*lamprimeQu[f97]*yd[f99,
         f4]*lamprimeQdbar[f4]*T[a95,m99,m97]*gam[y99,FIVE,pol3,p4,y97]
         *uspin[p2,y97]*vbspin[p1,y99]*e_[l99,l93]*FourPi^(-2)*I^9*gs*
         MHQ^(-2) - 1/2*lamprimeQu[f97]*yd[f99,f4]*lamprimeQdbar[f4]*T[
         a95,m99,m97]*gam[y99,p1,pol3,y97]*uspin[p2,y97]*vbspin[p1,y99]
         *e_[l99,l93]*FourPi^(-2)*I^9*gs*MHQ^(-2) + 1/8*lamprimeQu[f97]
         *yd[f99,f4]*lamprimeQdbar[f4]*T[a95,m99,m97]*gam[y99,p2,pol3,
         y97]*uspin[p2,y97]*vbspin[p1,y99]*e_[l99,l93]*FourPi^(-2)*I^9*
         gs*MHQ^(-2) - 3/8*lamprimeQu[f97]*yd[f99,f4]*lamprimeQdbar[f4]
         *T[a95,m99,m97]*gam[y99,p4,pol3,y97]*uspin[p2,y97]*vbspin[p1,
         y99]*e_[l99,l93]*FourPi^(-2)*I^9*gs*MHQ^(-2) + 1/8*lamprimeQu[
         f97]*yd[f99,f4]*lamprimeQdbar[f4]*T[a95,m99,m97]*gam[y99,pol3,
         p1,y97]*uspin[p2,y97]*vbspin[p1,y99]*e_[l99,l93]*FourPi^(-2)*
         I^9*gs*MHQ^(-2) + 3/8*lamprimeQu[f97]*yd[f99,f4]*
         lamprimeQdbar[f4]*T[a95,m99,m97]*gam[y99,pol3,p2,y97]*uspin[p2
         ,y97]*vbspin[p1,y99]*e_[l99,l93]*FourPi^(-2)*I^9*gs*MHQ^(-2)
          - 1/8*lamprimeQu[f97]*yd[f99,f4]*lamprimeQdbar[f4]*T[a95,m99,
         m97]*gam[y99,pol3,p4,y97]*uspin[p2,y97]*vbspin[p1,y99]*e_[l99,
         l93]*FourPi^(-2)*I^9*gs*MHQ^(-2) );

  0.13 sec out of 0.13 sec
