FORM 4.2.0 (Jul  6 2017, v4.2.0) 64-bits         Run: Fri Mar  2 17:14:25 2018
    * -*-Form-*-
    
    #: Parentheses 2000
    #-

   amplqLbarqLuRbaruR =
       + 1/16*Log[MHQ^2]*lamprimeQu[f93]*yd[f99,f2]*lamprimeQubar[f95]*
         ydbar[f97,f2]*gam[y99,FIVE,mugam2,y97]*gam[y95,FIVE,mugam2,y93
         ]*uspin[p2,y97]*uspin[p4,y93]*vbspin[p1,y99]*vbspin[p3,y95]*
         e_[l8,l99]*e_[l8,l97]*d_(m99,m97)*d_(m95,m93)*FourPi^(-2)*I^9*
         MHQ^(-2) - 1/16*Log[MHQ^2]*lamprimeQu[f93]*yd[f99,f2]*
         lamprimeQubar[f95]*ydbar[f97,f2]*gam[y99,FIVE,mugam2,y97]*gam[
         y95,mugam2,y93]*uspin[p2,y97]*uspin[p4,y93]*vbspin[p1,y99]*
         vbspin[p3,y95]*e_[l8,l99]*e_[l8,l97]*d_(m99,m97)*d_(m95,m93)*
         FourPi^(-2)*I^9*MHQ^(-2) + 1/16*Log[MHQ^2]*lamprimeQu[f93]*yd[
         f99,f2]*lamprimeQubar[f95]*ydbar[f97,f2]*gam[y99,mugam2,y97]*
         gam[y95,FIVE,mugam2,y93]*uspin[p2,y97]*uspin[p4,y93]*vbspin[p1
         ,y99]*vbspin[p3,y95]*e_[l8,l99]*e_[l8,l97]*d_(m99,m97)*
         d_(m95,m93)*FourPi^(-2)*I^9*MHQ^(-2) - 1/16*Log[MHQ^2]*
         lamprimeQu[f93]*yd[f99,f2]*lamprimeQubar[f95]*ydbar[f97,f2]*
         gam[y99,mugam2,y97]*gam[y95,mugam2,y93]*uspin[p2,y97]*uspin[p4
         ,y93]*vbspin[p1,y99]*vbspin[p3,y95]*e_[l8,l99]*e_[l8,l97]*
         d_(m99,m97)*d_(m95,m93)*FourPi^(-2)*I^9*MHQ^(-2) - 1/16*Log[
         MHQ^2]*lamprimeQu[f93]*yu[f99,f2]*lamprimeQubar[f95]*yubar[f97
         ,f2]*gam[y99,FIVE,mugam2,y97]*gam[y95,FIVE,mugam2,y93]*uspin[
         p2,y97]*uspin[p4,y93]*vbspin[p1,y99]*vbspin[p3,y95]*e_[l4,l8]*
         e_[l4,l99]*e_[l6,l8]*e_[l6,l97]*d_(m99,m97)*d_(m95,m93)*
         FourPi^(-2)*I^9*MHQ^(-2) + 1/16*Log[MHQ^2]*lamprimeQu[f93]*yu[
         f99,f2]*lamprimeQubar[f95]*yubar[f97,f2]*gam[y99,FIVE,mugam2,
         y97]*gam[y95,mugam2,y93]*uspin[p2,y97]*uspin[p4,y93]*vbspin[p1
         ,y99]*vbspin[p3,y95]*e_[l4,l8]*e_[l4,l99]*e_[l6,l8]*e_[l6,l97]
         *d_(m99,m97)*d_(m95,m93)*FourPi^(-2)*I^9*MHQ^(-2) - 1/16*Log[
         MHQ^2]*lamprimeQu[f93]*yu[f99,f2]*lamprimeQubar[f95]*yubar[f97
         ,f2]*gam[y99,mugam2,y97]*gam[y95,FIVE,mugam2,y93]*uspin[p2,y97
         ]*uspin[p4,y93]*vbspin[p1,y99]*vbspin[p3,y95]*e_[l4,l8]*e_[l4,
         l99]*e_[l6,l8]*e_[l6,l97]*d_(m99,m97)*d_(m95,m93)*FourPi^(-2)*
         I^9*MHQ^(-2) + 1/16*Log[MHQ^2]*lamprimeQu[f93]*yu[f99,f2]*
         lamprimeQubar[f95]*yubar[f97,f2]*gam[y99,mugam2,y97]*gam[y95,
         mugam2,y93]*uspin[p2,y97]*uspin[p4,y93]*vbspin[p1,y99]*vbspin[
         p3,y95]*e_[l4,l8]*e_[l4,l99]*e_[l6,l8]*e_[l6,l97]*d_(m99,m97)*
         d_(m95,m93)*FourPi^(-2)*I^9*MHQ^(-2) + 1/16*Log[MHT^2]*
         lamprime[f99]*lamprimeQu[f93]*lamprimebar[f97]*lamprimeQubar[
         f95]*gam[y99,FIVE,mugam2,y97]*gam[y95,FIVE,mugam2,y93]*uspin[
         p2,y97]*uspin[p4,y93]*vbspin[p1,y99]*vbspin[p3,y95]*e_[l4,l8]*
         e_[l4,l99]*e_[l6,l8]*e_[l6,l97]*d_(m99,m97)*d_(m95,m93)*
         FourPi^(-2)*I^9*MHQ^(-2) - 1/16*Log[MHT^2]*lamprime[f99]*
         lamprimeQu[f93]*lamprimebar[f97]*lamprimeQubar[f95]*gam[y99,
         FIVE,mugam2,y97]*gam[y95,mugam2,y93]*uspin[p2,y97]*uspin[p4,
         y93]*vbspin[p1,y99]*vbspin[p3,y95]*e_[l4,l8]*e_[l4,l99]*e_[l6,
         l8]*e_[l6,l97]*d_(m99,m97)*d_(m95,m93)*FourPi^(-2)*I^9*
         MHQ^(-2) + 1/16*Log[MHT^2]*lamprime[f99]*lamprimeQu[f93]*
         lamprimebar[f97]*lamprimeQubar[f95]*gam[y99,mugam2,y97]*gam[
         y95,FIVE,mugam2,y93]*uspin[p2,y97]*uspin[p4,y93]*vbspin[p1,y99
         ]*vbspin[p3,y95]*e_[l4,l8]*e_[l4,l99]*e_[l6,l8]*e_[l6,l97]*
         d_(m99,m97)*d_(m95,m93)*FourPi^(-2)*I^9*MHQ^(-2) - 1/16*Log[
         MHT^2]*lamprime[f99]*lamprimeQu[f93]*lamprimebar[f97]*
         lamprimeQubar[f95]*gam[y99,mugam2,y97]*gam[y95,mugam2,y93]*
         uspin[p2,y97]*uspin[p4,y93]*vbspin[p1,y99]*vbspin[p3,y95]*e_[
         l4,l8]*e_[l4,l99]*e_[l6,l8]*e_[l6,l97]*d_(m99,m97)*d_(m95,m93)
         *FourPi^(-2)*I^9*MHQ^(-2) - 1/16*Log[MHT^2]*lamprime[f99]*yu[
         f8,f93]*lamprimebar[f97]*yubar[f8,f95]*gam[y99,FIVE,mugam2,y97
         ]*gam[y95,FIVE,mugam2,y93]*uspin[p2,y97]*uspin[p4,y93]*vbspin[
         p1,y99]*vbspin[p3,y95]*e_[l4,l8]*e_[l4,l99]*e_[l6,l8]*e_[l6,
         l97]*d_(m99,m97)*d_(m95,m93)*FourPi^(-2)*I^9*MHT^(-2) + 1/16*
         Log[MHT^2]*lamprime[f99]*yu[f8,f93]*lamprimebar[f97]*yubar[f8,
         f95]*gam[y99,FIVE,mugam2,y97]*gam[y95,mugam2,y93]*uspin[p2,y97
         ]*uspin[p4,y93]*vbspin[p1,y99]*vbspin[p3,y95]*e_[l4,l8]*e_[l4,
         l99]*e_[l6,l8]*e_[l6,l97]*d_(m99,m97)*d_(m95,m93)*FourPi^(-2)*
         I^9*MHT^(-2) - 1/16*Log[MHT^2]*lamprime[f99]*yu[f8,f93]*
         lamprimebar[f97]*yubar[f8,f95]*gam[y99,mugam2,y97]*gam[y95,
         FIVE,mugam2,y93]*uspin[p2,y97]*uspin[p4,y93]*vbspin[p1,y99]*
         vbspin[p3,y95]*e_[l4,l8]*e_[l4,l99]*e_[l6,l8]*e_[l6,l97]*
         d_(m99,m97)*d_(m95,m93)*FourPi^(-2)*I^9*MHT^(-2) + 1/16*Log[
         MHT^2]*lamprime[f99]*yu[f8,f93]*lamprimebar[f97]*yubar[f8,f95]
         *gam[y99,mugam2,y97]*gam[y95,mugam2,y93]*uspin[p2,y97]*uspin[
         p4,y93]*vbspin[p1,y99]*vbspin[p3,y95]*e_[l4,l8]*e_[l4,l99]*e_[
         l6,l8]*e_[l6,l97]*d_(m99,m97)*d_(m95,m93)*FourPi^(-2)*I^9*
         MHT^(-2) - 3/32*lamprime[f99]*lamprimeQu[f93]*lamprimebar[f97]
         *lamprimeQubar[f95]*gam[y99,FIVE,mugam2,y97]*gam[y95,FIVE,
         mugam2,y93]*uspin[p2,y97]*uspin[p4,y93]*vbspin[p1,y99]*vbspin[
         p3,y95]*e_[l4,l8]*e_[l4,l99]*e_[l6,l8]*e_[l6,l97]*d_(m99,m97)*
         d_(m95,m93)*FourPi^(-2)*I^9*MHQ^(-2) + 3/32*lamprime[f99]*
         lamprimeQu[f93]*lamprimebar[f97]*lamprimeQubar[f95]*gam[y99,
         FIVE,mugam2,y97]*gam[y95,mugam2,y93]*uspin[p2,y97]*uspin[p4,
         y93]*vbspin[p1,y99]*vbspin[p3,y95]*e_[l4,l8]*e_[l4,l99]*e_[l6,
         l8]*e_[l6,l97]*d_(m99,m97)*d_(m95,m93)*FourPi^(-2)*I^9*
         MHQ^(-2) - 3/32*lamprime[f99]*lamprimeQu[f93]*lamprimebar[f97]
         *lamprimeQubar[f95]*gam[y99,mugam2,y97]*gam[y95,FIVE,mugam2,
         y93]*uspin[p2,y97]*uspin[p4,y93]*vbspin[p1,y99]*vbspin[p3,y95]
         *e_[l4,l8]*e_[l4,l99]*e_[l6,l8]*e_[l6,l97]*d_(m99,m97)*
         d_(m95,m93)*FourPi^(-2)*I^9*MHQ^(-2) + 3/32*lamprime[f99]*
         lamprimeQu[f93]*lamprimebar[f97]*lamprimeQubar[f95]*gam[y99,
         mugam2,y97]*gam[y95,mugam2,y93]*uspin[p2,y97]*uspin[p4,y93]*
         vbspin[p1,y99]*vbspin[p3,y95]*e_[l4,l8]*e_[l4,l99]*e_[l6,l8]*
         e_[l6,l97]*d_(m99,m97)*d_(m95,m93)*FourPi^(-2)*I^9*MHQ^(-2) + 
         3/32*lamprime[f99]*yu[f8,f93]*lamprimebar[f97]*yubar[f8,f95]*
         gam[y99,FIVE,mugam2,y97]*gam[y95,FIVE,mugam2,y93]*uspin[p2,y97
         ]*uspin[p4,y93]*vbspin[p1,y99]*vbspin[p3,y95]*e_[l4,l8]*e_[l4,
         l99]*e_[l6,l8]*e_[l6,l97]*d_(m99,m97)*d_(m95,m93)*FourPi^(-2)*
         I^9*MHT^(-2) - 3/32*lamprime[f99]*yu[f8,f93]*lamprimebar[f97]*
         yubar[f8,f95]*gam[y99,FIVE,mugam2,y97]*gam[y95,mugam2,y93]*
         uspin[p2,y97]*uspin[p4,y93]*vbspin[p1,y99]*vbspin[p3,y95]*e_[
         l4,l8]*e_[l4,l99]*e_[l6,l8]*e_[l6,l97]*d_(m99,m97)*d_(m95,m93)
         *FourPi^(-2)*I^9*MHT^(-2) + 3/32*lamprime[f99]*yu[f8,f93]*
         lamprimebar[f97]*yubar[f8,f95]*gam[y99,mugam2,y97]*gam[y95,
         FIVE,mugam2,y93]*uspin[p2,y97]*uspin[p4,y93]*vbspin[p1,y99]*
         vbspin[p3,y95]*e_[l4,l8]*e_[l4,l99]*e_[l6,l8]*e_[l6,l97]*
         d_(m99,m97)*d_(m95,m93)*FourPi^(-2)*I^9*MHT^(-2) - 3/32*
         lamprime[f99]*yu[f8,f93]*lamprimebar[f97]*yubar[f8,f95]*gam[
         y99,mugam2,y97]*gam[y95,mugam2,y93]*uspin[p2,y97]*uspin[p4,y93
         ]*vbspin[p1,y99]*vbspin[p3,y95]*e_[l4,l8]*e_[l4,l99]*e_[l6,l8]
         *e_[l6,l97]*d_(m99,m97)*d_(m95,m93)*FourPi^(-2)*I^9*MHT^(-2)
          - 3/32*lamprimeQu[f93]*yd[f99,f2]*lamprimeQubar[f95]*ydbar[
         f97,f2]*gam[y99,FIVE,mugam2,y97]*gam[y95,FIVE,mugam2,y93]*
         uspin[p2,y97]*uspin[p4,y93]*vbspin[p1,y99]*vbspin[p3,y95]*e_[
         l8,l99]*e_[l8,l97]*d_(m99,m97)*d_(m95,m93)*FourPi^(-2)*I^9*
         MHQ^(-2) + 3/32*lamprimeQu[f93]*yd[f99,f2]*lamprimeQubar[f95]*
         ydbar[f97,f2]*gam[y99,FIVE,mugam2,y97]*gam[y95,mugam2,y93]*
         uspin[p2,y97]*uspin[p4,y93]*vbspin[p1,y99]*vbspin[p3,y95]*e_[
         l8,l99]*e_[l8,l97]*d_(m99,m97)*d_(m95,m93)*FourPi^(-2)*I^9*
         MHQ^(-2) - 3/32*lamprimeQu[f93]*yd[f99,f2]*lamprimeQubar[f95]*
         ydbar[f97,f2]*gam[y99,mugam2,y97]*gam[y95,FIVE,mugam2,y93]*
         uspin[p2,y97]*uspin[p4,y93]*vbspin[p1,y99]*vbspin[p3,y95]*e_[
         l8,l99]*e_[l8,l97]*d_(m99,m97)*d_(m95,m93)*FourPi^(-2)*I^9*
         MHQ^(-2) + 3/32*lamprimeQu[f93]*yd[f99,f2]*lamprimeQubar[f95]*
         ydbar[f97,f2]*gam[y99,mugam2,y97]*gam[y95,mugam2,y93]*uspin[p2
         ,y97]*uspin[p4,y93]*vbspin[p1,y99]*vbspin[p3,y95]*e_[l8,l99]*
         e_[l8,l97]*d_(m99,m97)*d_(m95,m93)*FourPi^(-2)*I^9*MHQ^(-2) + 
         3/32*lamprimeQu[f93]*yu[f99,f2]*lamprimeQubar[f95]*yubar[f97,
         f2]*gam[y99,FIVE,mugam2,y97]*gam[y95,FIVE,mugam2,y93]*uspin[p2
         ,y97]*uspin[p4,y93]*vbspin[p1,y99]*vbspin[p3,y95]*e_[l4,l8]*
         e_[l4,l99]*e_[l6,l8]*e_[l6,l97]*d_(m99,m97)*d_(m95,m93)*
         FourPi^(-2)*I^9*MHQ^(-2) - 3/32*lamprimeQu[f93]*yu[f99,f2]*
         lamprimeQubar[f95]*yubar[f97,f2]*gam[y99,FIVE,mugam2,y97]*gam[
         y95,mugam2,y93]*uspin[p2,y97]*uspin[p4,y93]*vbspin[p1,y99]*
         vbspin[p3,y95]*e_[l4,l8]*e_[l4,l99]*e_[l6,l8]*e_[l6,l97]*
         d_(m99,m97)*d_(m95,m93)*FourPi^(-2)*I^9*MHQ^(-2) + 3/32*
         lamprimeQu[f93]*yu[f99,f2]*lamprimeQubar[f95]*yubar[f97,f2]*
         gam[y99,mugam2,y97]*gam[y95,FIVE,mugam2,y93]*uspin[p2,y97]*
         uspin[p4,y93]*vbspin[p1,y99]*vbspin[p3,y95]*e_[l4,l8]*e_[l4,
         l99]*e_[l6,l8]*e_[l6,l97]*d_(m99,m97)*d_(m95,m93)*FourPi^(-2)*
         I^9*MHQ^(-2) - 3/32*lamprimeQu[f93]*yu[f99,f2]*lamprimeQubar[
         f95]*yubar[f97,f2]*gam[y99,mugam2,y97]*gam[y95,mugam2,y93]*
         uspin[p2,y97]*uspin[p4,y93]*vbspin[p1,y99]*vbspin[p3,y95]*e_[
         l4,l8]*e_[l4,l99]*e_[l6,l8]*e_[l6,l97]*d_(m99,m97)*d_(m95,m93)
         *FourPi^(-2)*I^9*MHQ^(-2) - 1/16/(MHQ^2 - MHT^2)*Log[MHQ^2]*
         lamprime[f99]*lamprimeQu[f93]*lamprimebar[f97]*lamprimeQubar[
         f95]*gam[y99,FIVE,mugam2,y97]*gam[y95,FIVE,mugam2,y93]*uspin[
         p2,y97]*uspin[p4,y93]*vbspin[p1,y99]*vbspin[p3,y95]*e_[l4,l8]*
         e_[l4,l99]*e_[l6,l8]*e_[l6,l97]*d_(m99,m97)*d_(m95,m93)*
         FourPi^(-2)*I^9 + 1/16/(MHQ^2 - MHT^2)*Log[MHQ^2]*lamprime[f99
         ]*lamprimeQu[f93]*lamprimebar[f97]*lamprimeQubar[f95]*gam[y99,
         FIVE,mugam2,y97]*gam[y95,mugam2,y93]*uspin[p2,y97]*uspin[p4,
         y93]*vbspin[p1,y99]*vbspin[p3,y95]*e_[l4,l8]*e_[l4,l99]*e_[l6,
         l8]*e_[l6,l97]*d_(m99,m97)*d_(m95,m93)*FourPi^(-2)*I^9 - 1/16
         /(MHQ^2 - MHT^2)*Log[MHQ^2]*lamprime[f99]*lamprimeQu[f93]*
         lamprimebar[f97]*lamprimeQubar[f95]*gam[y99,mugam2,y97]*gam[
         y95,FIVE,mugam2,y93]*uspin[p2,y97]*uspin[p4,y93]*vbspin[p1,y99
         ]*vbspin[p3,y95]*e_[l4,l8]*e_[l4,l99]*e_[l6,l8]*e_[l6,l97]*
         d_(m99,m97)*d_(m95,m93)*FourPi^(-2)*I^9 + 1/16/(MHQ^2 - MHT^2)
         *Log[MHQ^2]*lamprime[f99]*lamprimeQu[f93]*lamprimebar[f97]*
         lamprimeQubar[f95]*gam[y99,mugam2,y97]*gam[y95,mugam2,y93]*
         uspin[p2,y97]*uspin[p4,y93]*vbspin[p1,y99]*vbspin[p3,y95]*e_[
         l4,l8]*e_[l4,l99]*e_[l6,l8]*e_[l6,l97]*d_(m99,m97)*d_(m95,m93)
         *FourPi^(-2)*I^9 + 1/16/(MHQ^2 - MHT^2)*Log[MHT^2]*lamprime[
         f99]*lamprimeQu[f93]*lamprimebar[f97]*lamprimeQubar[f95]*gam[
         y99,FIVE,mugam2,y97]*gam[y95,FIVE,mugam2,y93]*uspin[p2,y97]*
         uspin[p4,y93]*vbspin[p1,y99]*vbspin[p3,y95]*e_[l4,l8]*e_[l4,
         l99]*e_[l6,l8]*e_[l6,l97]*d_(m99,m97)*d_(m95,m93)*FourPi^(-2)*
         I^9*MHT^2*MHQ^(-2) - 1/16/(MHQ^2 - MHT^2)*Log[MHT^2]*lamprime[
         f99]*lamprimeQu[f93]*lamprimebar[f97]*lamprimeQubar[f95]*gam[
         y99,FIVE,mugam2,y97]*gam[y95,mugam2,y93]*uspin[p2,y97]*uspin[
         p4,y93]*vbspin[p1,y99]*vbspin[p3,y95]*e_[l4,l8]*e_[l4,l99]*e_[
         l6,l8]*e_[l6,l97]*d_(m99,m97)*d_(m95,m93)*FourPi^(-2)*I^9*
         MHT^2*MHQ^(-2) + 1/16/(MHQ^2 - MHT^2)*Log[MHT^2]*lamprime[f99]
         *lamprimeQu[f93]*lamprimebar[f97]*lamprimeQubar[f95]*gam[y99,
         mugam2,y97]*gam[y95,FIVE,mugam2,y93]*uspin[p2,y97]*uspin[p4,
         y93]*vbspin[p1,y99]*vbspin[p3,y95]*e_[l4,l8]*e_[l4,l99]*e_[l6,
         l8]*e_[l6,l97]*d_(m99,m97)*d_(m95,m93)*FourPi^(-2)*I^9*MHT^2*
         MHQ^(-2) - 1/16/(MHQ^2 - MHT^2)*Log[MHT^2]*lamprime[f99]*
         lamprimeQu[f93]*lamprimebar[f97]*lamprimeQubar[f95]*gam[y99,
         mugam2,y97]*gam[y95,mugam2,y93]*uspin[p2,y97]*uspin[p4,y93]*
         vbspin[p1,y99]*vbspin[p3,y95]*e_[l4,l8]*e_[l4,l99]*e_[l6,l8]*
         e_[l6,l97]*d_(m99,m97)*d_(m95,m93)*FourPi^(-2)*I^9*MHT^2*
         MHQ^(-2) + 3/32/(MHQ^2 - MHT^2)*lamprime[f99]*lamprimeQu[f93]*
         lamprimebar[f97]*lamprimeQubar[f95]*gam[y99,FIVE,mugam2,y97]*
         gam[y95,FIVE,mugam2,y93]*uspin[p2,y97]*uspin[p4,y93]*vbspin[p1
         ,y99]*vbspin[p3,y95]*e_[l4,l8]*e_[l4,l99]*e_[l6,l8]*e_[l6,l97]
         *d_(m99,m97)*d_(m95,m93)*FourPi^(-2)*I^9 - 3/32/(MHQ^2 - MHT^2
         )*lamprime[f99]*lamprimeQu[f93]*lamprimebar[f97]*
         lamprimeQubar[f95]*gam[y99,FIVE,mugam2,y97]*gam[y95,FIVE,
         mugam2,y93]*uspin[p2,y97]*uspin[p4,y93]*vbspin[p1,y99]*vbspin[
         p3,y95]*e_[l4,l8]*e_[l4,l99]*e_[l6,l8]*e_[l6,l97]*d_(m99,m97)*
         d_(m95,m93)*FourPi^(-2)*I^9*MHT^2*MHQ^(-2) - 3/32/(MHQ^2 - 
         MHT^2)*lamprime[f99]*lamprimeQu[f93]*lamprimebar[f97]*
         lamprimeQubar[f95]*gam[y99,FIVE,mugam2,y97]*gam[y95,mugam2,y93
         ]*uspin[p2,y97]*uspin[p4,y93]*vbspin[p1,y99]*vbspin[p3,y95]*
         e_[l4,l8]*e_[l4,l99]*e_[l6,l8]*e_[l6,l97]*d_(m99,m97)*
         d_(m95,m93)*FourPi^(-2)*I^9 + 3/32/(MHQ^2 - MHT^2)*lamprime[
         f99]*lamprimeQu[f93]*lamprimebar[f97]*lamprimeQubar[f95]*gam[
         y99,FIVE,mugam2,y97]*gam[y95,mugam2,y93]*uspin[p2,y97]*uspin[
         p4,y93]*vbspin[p1,y99]*vbspin[p3,y95]*e_[l4,l8]*e_[l4,l99]*e_[
         l6,l8]*e_[l6,l97]*d_(m99,m97)*d_(m95,m93)*FourPi^(-2)*I^9*
         MHT^2*MHQ^(-2) + 3/32/(MHQ^2 - MHT^2)*lamprime[f99]*
         lamprimeQu[f93]*lamprimebar[f97]*lamprimeQubar[f95]*gam[y99,
         mugam2,y97]*gam[y95,FIVE,mugam2,y93]*uspin[p2,y97]*uspin[p4,
         y93]*vbspin[p1,y99]*vbspin[p3,y95]*e_[l4,l8]*e_[l4,l99]*e_[l6,
         l8]*e_[l6,l97]*d_(m99,m97)*d_(m95,m93)*FourPi^(-2)*I^9 - 3/32
         /(MHQ^2 - MHT^2)*lamprime[f99]*lamprimeQu[f93]*lamprimebar[f97
         ]*lamprimeQubar[f95]*gam[y99,mugam2,y97]*gam[y95,FIVE,mugam2,
         y93]*uspin[p2,y97]*uspin[p4,y93]*vbspin[p1,y99]*vbspin[p3,y95]
         *e_[l4,l8]*e_[l4,l99]*e_[l6,l8]*e_[l6,l97]*d_(m99,m97)*
         d_(m95,m93)*FourPi^(-2)*I^9*MHT^2*MHQ^(-2) - 3/32/(MHQ^2 - 
         MHT^2)*lamprime[f99]*lamprimeQu[f93]*lamprimebar[f97]*
         lamprimeQubar[f95]*gam[y99,mugam2,y97]*gam[y95,mugam2,y93]*
         uspin[p2,y97]*uspin[p4,y93]*vbspin[p1,y99]*vbspin[p3,y95]*e_[
         l4,l8]*e_[l4,l99]*e_[l6,l8]*e_[l6,l97]*d_(m99,m97)*d_(m95,m93)
         *FourPi^(-2)*I^9 + 3/32/(MHQ^2 - MHT^2)*lamprime[f99]*
         lamprimeQu[f93]*lamprimebar[f97]*lamprimeQubar[f95]*gam[y99,
         mugam2,y97]*gam[y95,mugam2,y93]*uspin[p2,y97]*uspin[p4,y93]*
         vbspin[p1,y99]*vbspin[p3,y95]*e_[l4,l8]*e_[l4,l99]*e_[l6,l8]*
         e_[l6,l97]*d_(m99,m97)*d_(m95,m93)*FourPi^(-2)*I^9*MHT^2*
         MHQ^(-2);

  0.02 sec out of 0.02 sec
