FORM 4.2.0 (Jul  6 2017, v4.2.0) 64-bits         Run: Fri Mar 16 17:35:27 2018
    * -*-Form-*-
    
    #: Parentheses 2000
    #-

   ampluRbardRPhiPhi =
       + sSS * (  - 1/2*Log[MHQ^2]*lamprimeQd[f97]*lamprimeQd[f8]*
         lamprimeQdbar[f8]*lamprimeQubar[f99]*gam[y99,FIVE,p3,y97]*
         uspin[p2,y97]*vbspin[p1,y99]*e_[l95,l93]*d_(m99,m97)*
         FourPi^(-2)*I^9*MHQ^(-2) + 1/2*Log[MHQ^2]*lamprimeQd[f97]*
         lamprimeQd[f8]*lamprimeQdbar[f8]*lamprimeQubar[f99]*gam[y99,
         FIVE,p4,y97]*uspin[p2,y97]*vbspin[p1,y99]*e_[l95,l93]*
         d_(m99,m97)*FourPi^(-2)*I^9*MHQ^(-2) + 1/2*Log[MHQ^2]*
         lamprimeQd[f97]*lamprimeQd[f8]*lamprimeQdbar[f8]*
         lamprimeQubar[f99]*gam[y99,p3,y97]*uspin[p2,y97]*vbspin[p1,y99
         ]*e_[l95,l93]*d_(m99,m97)*FourPi^(-2)*I^9*MHQ^(-2) - 1/2*Log[
         MHQ^2]*lamprimeQd[f97]*lamprimeQd[f8]*lamprimeQdbar[f8]*
         lamprimeQubar[f99]*gam[y99,p4,y97]*uspin[p2,y97]*vbspin[p1,y99
         ]*e_[l95,l93]*d_(m99,m97)*FourPi^(-2)*I^9*MHQ^(-2) - 1/2*Log[
         MHQ^2]*lamprimeQd[f97]*lamprimeQu[f8]*lamprimeQubar[f99]*
         lamprimeQubar[f8]*gam[y99,FIVE,p1,y97]*uspin[p2,y97]*vbspin[p1
         ,y99]*e_[l95,l2]*e_[l93,l6]*e_[l2,l6]*d_(m99,m97)*FourPi^(-2)*
         I^9*MHQ^(-2) - 1/2*Log[MHQ^2]*lamprimeQd[f97]*lamprimeQu[f8]*
         lamprimeQubar[f99]*lamprimeQubar[f8]*gam[y99,FIVE,p1,y97]*
         uspin[p2,y97]*vbspin[p1,y99]*e_[l95,l6]*e_[l93,l2]*e_[l2,l6]*
         d_(m99,m97)*FourPi^(-2)*I^9*MHQ^(-2) - 1/2*Log[MHQ^2]*
         lamprimeQd[f97]*lamprimeQu[f8]*lamprimeQubar[f99]*
         lamprimeQubar[f8]*gam[y99,FIVE,p3,y97]*uspin[p2,y97]*vbspin[p1
         ,y99]*e_[l95,l2]*e_[l93,l6]*e_[l2,l6]*d_(m99,m97)*FourPi^(-2)*
         I^9*MHQ^(-2) - 1/2*Log[MHQ^2]*lamprimeQd[f97]*lamprimeQu[f8]*
         lamprimeQubar[f99]*lamprimeQubar[f8]*gam[y99,FIVE,p4,y97]*
         uspin[p2,y97]*vbspin[p1,y99]*e_[l95,l6]*e_[l93,l2]*e_[l2,l6]*
         d_(m99,m97)*FourPi^(-2)*I^9*MHQ^(-2) + 1/2*Log[MHQ^2]*
         lamprimeQd[f97]*lamprimeQu[f8]*lamprimeQubar[f99]*
         lamprimeQubar[f8]*gam[y99,p1,y97]*uspin[p2,y97]*vbspin[p1,y99]
         *e_[l95,l2]*e_[l93,l6]*e_[l2,l6]*d_(m99,m97)*FourPi^(-2)*I^9*
         MHQ^(-2) + 1/2*Log[MHQ^2]*lamprimeQd[f97]*lamprimeQu[f8]*
         lamprimeQubar[f99]*lamprimeQubar[f8]*gam[y99,p1,y97]*uspin[p2,
         y97]*vbspin[p1,y99]*e_[l95,l6]*e_[l93,l2]*e_[l2,l6]*
         d_(m99,m97)*FourPi^(-2)*I^9*MHQ^(-2) + 1/2*Log[MHQ^2]*
         lamprimeQd[f97]*lamprimeQu[f8]*lamprimeQubar[f99]*
         lamprimeQubar[f8]*gam[y99,p3,y97]*uspin[p2,y97]*vbspin[p1,y99]
         *e_[l95,l2]*e_[l93,l6]*e_[l2,l6]*d_(m99,m97)*FourPi^(-2)*I^9*
         MHQ^(-2) + 1/2*Log[MHQ^2]*lamprimeQd[f97]*lamprimeQu[f8]*
         lamprimeQubar[f99]*lamprimeQubar[f8]*gam[y99,p4,y97]*uspin[p2,
         y97]*vbspin[p1,y99]*e_[l95,l6]*e_[l93,l2]*e_[l2,l6]*
         d_(m99,m97)*FourPi^(-2)*I^9*MHQ^(-2) + 3/2*Log[MHQ^2]*
         lamprimeQd[f97]*lamprimeQubar[f99]*Ta[n6,l2,l8]*Ta[n6,l8,l95]*
         gam[y99,FIVE,p1,y97]*uspin[p2,y97]*vbspin[p1,y99]*e_[l93,l2]*
         d_(m99,m97)*FourPi^(-2)*I^9*gw^2*MHQ^(-2) - 2*Log[MHQ^2]*
         lamprimeQd[f97]*lamprimeQubar[f99]*Ta[n6,l2,l8]*Ta[n6,l8,l95]*
         gam[y99,FIVE,p2,y97]*uspin[p2,y97]*vbspin[p1,y99]*e_[l93,l2]*
         d_(m99,m97)*FourPi^(-2)*I^9*gw^2*MHQ^(-2) - 2*Log[MHQ^2]*
         lamprimeQd[f97]*lamprimeQubar[f99]*Ta[n6,l2,l8]*Ta[n6,l8,l95]*
         gam[y99,FIVE,p3,y97]*uspin[p2,y97]*vbspin[p1,y99]*e_[l93,l2]*
         d_(m99,m97)*FourPi^(-2)*I^9*gw^2*MHQ^(-2) + 3/2*Log[MHQ^2]*
         lamprimeQd[f97]*lamprimeQubar[f99]*Ta[n6,l2,l8]*Ta[n6,l8,l95]*
         gam[y99,FIVE,p4,y97]*uspin[p2,y97]*vbspin[p1,y99]*e_[l93,l2]*
         d_(m99,m97)*FourPi^(-2)*I^9*gw^2*MHQ^(-2) - 3/2*Log[MHQ^2]*
         lamprimeQd[f97]*lamprimeQubar[f99]*Ta[n6,l2,l8]*Ta[n6,l8,l95]*
         gam[y99,p1,y97]*uspin[p2,y97]*vbspin[p1,y99]*e_[l93,l2]*
         d_(m99,m97)*FourPi^(-2)*I^9*gw^2*MHQ^(-2) + 2*Log[MHQ^2]*
         lamprimeQd[f97]*lamprimeQubar[f99]*Ta[n6,l2,l8]*Ta[n6,l8,l95]*
         gam[y99,p2,y97]*uspin[p2,y97]*vbspin[p1,y99]*e_[l93,l2]*
         d_(m99,m97)*FourPi^(-2)*I^9*gw^2*MHQ^(-2) + 2*Log[MHQ^2]*
         lamprimeQd[f97]*lamprimeQubar[f99]*Ta[n6,l2,l8]*Ta[n6,l8,l95]*
         gam[y99,p3,y97]*uspin[p2,y97]*vbspin[p1,y99]*e_[l93,l2]*
         d_(m99,m97)*FourPi^(-2)*I^9*gw^2*MHQ^(-2) - 3/2*Log[MHQ^2]*
         lamprimeQd[f97]*lamprimeQubar[f99]*Ta[n6,l2,l8]*Ta[n6,l8,l95]*
         gam[y99,p4,y97]*uspin[p2,y97]*vbspin[p1,y99]*e_[l93,l2]*
         d_(m99,m97)*FourPi^(-2)*I^9*gw^2*MHQ^(-2) + 3/2*Log[MHQ^2]*
         lamprimeQd[f97]*lamprimeQubar[f99]*Ta[n6,l2,l8]*Ta[n6,l8,l93]*
         gam[y99,FIVE,p1,y97]*uspin[p2,y97]*vbspin[p1,y99]*e_[l95,l2]*
         d_(m99,m97)*FourPi^(-2)*I^9*gw^2*MHQ^(-2) - 2*Log[MHQ^2]*
         lamprimeQd[f97]*lamprimeQubar[f99]*Ta[n6,l2,l8]*Ta[n6,l8,l93]*
         gam[y99,FIVE,p2,y97]*uspin[p2,y97]*vbspin[p1,y99]*e_[l95,l2]*
         d_(m99,m97)*FourPi^(-2)*I^9*gw^2*MHQ^(-2) + 3/2*Log[MHQ^2]*
         lamprimeQd[f97]*lamprimeQubar[f99]*Ta[n6,l2,l8]*Ta[n6,l8,l93]*
         gam[y99,FIVE,p3,y97]*uspin[p2,y97]*vbspin[p1,y99]*e_[l95,l2]*
         d_(m99,m97)*FourPi^(-2)*I^9*gw^2*MHQ^(-2) - 2*Log[MHQ^2]*
         lamprimeQd[f97]*lamprimeQubar[f99]*Ta[n6,l2,l8]*Ta[n6,l8,l93]*
         gam[y99,FIVE,p4,y97]*uspin[p2,y97]*vbspin[p1,y99]*e_[l95,l2]*
         d_(m99,m97)*FourPi^(-2)*I^9*gw^2*MHQ^(-2) - 3/2*Log[MHQ^2]*
         lamprimeQd[f97]*lamprimeQubar[f99]*Ta[n6,l2,l8]*Ta[n6,l8,l93]*
         gam[y99,p1,y97]*uspin[p2,y97]*vbspin[p1,y99]*e_[l95,l2]*
         d_(m99,m97)*FourPi^(-2)*I^9*gw^2*MHQ^(-2) + 2*Log[MHQ^2]*
         lamprimeQd[f97]*lamprimeQubar[f99]*Ta[n6,l2,l8]*Ta[n6,l8,l93]*
         gam[y99,p2,y97]*uspin[p2,y97]*vbspin[p1,y99]*e_[l95,l2]*
         d_(m99,m97)*FourPi^(-2)*I^9*gw^2*MHQ^(-2) - 3/2*Log[MHQ^2]*
         lamprimeQd[f97]*lamprimeQubar[f99]*Ta[n6,l2,l8]*Ta[n6,l8,l93]*
         gam[y99,p3,y97]*uspin[p2,y97]*vbspin[p1,y99]*e_[l95,l2]*
         d_(m99,m97)*FourPi^(-2)*I^9*gw^2*MHQ^(-2) + 2*Log[MHQ^2]*
         lamprimeQd[f97]*lamprimeQubar[f99]*Ta[n6,l2,l8]*Ta[n6,l8,l93]*
         gam[y99,p4,y97]*uspin[p2,y97]*vbspin[p1,y99]*e_[l95,l2]*
         d_(m99,m97)*FourPi^(-2)*I^9*gw^2*MHQ^(-2) - 1/2*Log[MHQ^2]*
         lamprimeQd[f97]*lamprimeQubar[f99]*Ta[n8,l2,l4]*Ta[n8,l4,l95]*
         gam[y99,FIVE,p1,y97]*uspin[p2,y97]*vbspin[p1,y99]*e_[l93,l2]*
         d_(m99,m97)*FourPi^(-2)*I^9*gw^2*MHQ^(-2) + 3/4*Log[MHQ^2]*
         lamprimeQd[f97]*lamprimeQubar[f99]*Ta[n8,l2,l4]*Ta[n8,l4,l95]*
         gam[y99,FIVE,p3,y97]*uspin[p2,y97]*vbspin[p1,y99]*e_[l93,l2]*
         d_(m99,m97)*FourPi^(-2)*I^9*gw^2*MHQ^(-2) - 1/2*Log[MHQ^2]*
         lamprimeQd[f97]*lamprimeQubar[f99]*Ta[n8,l2,l4]*Ta[n8,l4,l95]*
         gam[y99,FIVE,p4,y97]*uspin[p2,y97]*vbspin[p1,y99]*e_[l93,l2]*
         d_(m99,m97)*FourPi^(-2)*I^9*gw^2*MHQ^(-2) + 1/2*Log[MHQ^2]*
         lamprimeQd[f97]*lamprimeQubar[f99]*Ta[n8,l2,l4]*Ta[n8,l4,l95]*
         gam[y99,p1,y97]*uspin[p2,y97]*vbspin[p1,y99]*e_[l93,l2]*
         d_(m99,m97)*FourPi^(-2)*I^9*gw^2*MHQ^(-2) - 3/4*Log[MHQ^2]*
         lamprimeQd[f97]*lamprimeQubar[f99]*Ta[n8,l2,l4]*Ta[n8,l4,l95]*
         gam[y99,p3,y97]*uspin[p2,y97]*vbspin[p1,y99]*e_[l93,l2]*
         d_(m99,m97)*FourPi^(-2)*I^9*gw^2*MHQ^(-2) + 1/2*Log[MHQ^2]*
         lamprimeQd[f97]*lamprimeQubar[f99]*Ta[n8,l2,l4]*Ta[n8,l4,l95]*
         gam[y99,p4,y97]*uspin[p2,y97]*vbspin[p1,y99]*e_[l93,l2]*
         d_(m99,m97)*FourPi^(-2)*I^9*gw^2*MHQ^(-2) - 1/2*Log[MHQ^2]*
         lamprimeQd[f97]*lamprimeQubar[f99]*Ta[n8,l2,l4]*Ta[n8,l4,l93]*
         gam[y99,FIVE,p1,y97]*uspin[p2,y97]*vbspin[p1,y99]*e_[l95,l2]*
         d_(m99,m97)*FourPi^(-2)*I^9*gw^2*MHQ^(-2) - 1/2*Log[MHQ^2]*
         lamprimeQd[f97]*lamprimeQubar[f99]*Ta[n8,l2,l4]*Ta[n8,l4,l93]*
         gam[y99,FIVE,p3,y97]*uspin[p2,y97]*vbspin[p1,y99]*e_[l95,l2]*
         d_(m99,m97)*FourPi^(-2)*I^9*gw^2*MHQ^(-2) + 3/4*Log[MHQ^2]*
         lamprimeQd[f97]*lamprimeQubar[f99]*Ta[n8,l2,l4]*Ta[n8,l4,l93]*
         gam[y99,FIVE,p4,y97]*uspin[p2,y97]*vbspin[p1,y99]*e_[l95,l2]*
         d_(m99,m97)*FourPi^(-2)*I^9*gw^2*MHQ^(-2) + 1/2*Log[MHQ^2]*
         lamprimeQd[f97]*lamprimeQubar[f99]*Ta[n8,l2,l4]*Ta[n8,l4,l93]*
         gam[y99,p1,y97]*uspin[p2,y97]*vbspin[p1,y99]*e_[l95,l2]*
         d_(m99,m97)*FourPi^(-2)*I^9*gw^2*MHQ^(-2) + 1/2*Log[MHQ^2]*
         lamprimeQd[f97]*lamprimeQubar[f99]*Ta[n8,l2,l4]*Ta[n8,l4,l93]*
         gam[y99,p3,y97]*uspin[p2,y97]*vbspin[p1,y99]*e_[l95,l2]*
         d_(m99,m97)*FourPi^(-2)*I^9*gw^2*MHQ^(-2) - 3/4*Log[MHQ^2]*
         lamprimeQd[f97]*lamprimeQubar[f99]*Ta[n8,l2,l4]*Ta[n8,l4,l93]*
         gam[y99,p4,y97]*uspin[p2,y97]*vbspin[p1,y99]*e_[l95,l2]*
         d_(m99,m97)*FourPi^(-2)*I^9*gw^2*MHQ^(-2) + 3/8*Log[MHQ^2]*
         lamprimeQd[f97]*lamprimeQubar[f99]*Ta[n8,l6,l95]*Ta[n8,l4,l93]
         *gam[y99,FIVE,p1,y97]*uspin[p2,y97]*vbspin[p1,y99]*e_[l6,l4]*
         d_(m99,m97)*FourPi^(-2)*I^9*gw^2*MHQ^(-2) + 3/8*Log[MHQ^2]*
         lamprimeQd[f97]*lamprimeQubar[f99]*Ta[n8,l6,l95]*Ta[n8,l4,l93]
         *gam[y99,FIVE,p2,y97]*uspin[p2,y97]*vbspin[p1,y99]*e_[l6,l4]*
         d_(m99,m97)*FourPi^(-2)*I^9*gw^2*MHQ^(-2) + 3/8*Log[MHQ^2]*
         lamprimeQd[f97]*lamprimeQubar[f99]*Ta[n8,l6,l95]*Ta[n8,l4,l93]
         *gam[y99,FIVE,p3,y97]*uspin[p2,y97]*vbspin[p1,y99]*e_[l6,l4]*
         d_(m99,m97)*FourPi^(-2)*I^9*gw^2*MHQ^(-2) - 3/8*Log[MHQ^2]*
         lamprimeQd[f97]*lamprimeQubar[f99]*Ta[n8,l6,l95]*Ta[n8,l4,l93]
         *gam[y99,FIVE,p4,y97]*uspin[p2,y97]*vbspin[p1,y99]*e_[l6,l4]*
         d_(m99,m97)*FourPi^(-2)*I^9*gw^2*MHQ^(-2) - 3/8*Log[MHQ^2]*
         lamprimeQd[f97]*lamprimeQubar[f99]*Ta[n8,l6,l95]*Ta[n8,l4,l93]
         *gam[y99,p1,y97]*uspin[p2,y97]*vbspin[p1,y99]*e_[l6,l4]*
         d_(m99,m97)*FourPi^(-2)*I^9*gw^2*MHQ^(-2) - 3/8*Log[MHQ^2]*
         lamprimeQd[f97]*lamprimeQubar[f99]*Ta[n8,l6,l95]*Ta[n8,l4,l93]
         *gam[y99,p2,y97]*uspin[p2,y97]*vbspin[p1,y99]*e_[l6,l4]*
         d_(m99,m97)*FourPi^(-2)*I^9*gw^2*MHQ^(-2) - 3/8*Log[MHQ^2]*
         lamprimeQd[f97]*lamprimeQubar[f99]*Ta[n8,l6,l95]*Ta[n8,l4,l93]
         *gam[y99,p3,y97]*uspin[p2,y97]*vbspin[p1,y99]*e_[l6,l4]*
         d_(m99,m97)*FourPi^(-2)*I^9*gw^2*MHQ^(-2) + 3/8*Log[MHQ^2]*
         lamprimeQd[f97]*lamprimeQubar[f99]*Ta[n8,l6,l95]*Ta[n8,l4,l93]
         *gam[y99,p4,y97]*uspin[p2,y97]*vbspin[p1,y99]*e_[l6,l4]*
         d_(m99,m97)*FourPi^(-2)*I^9*gw^2*MHQ^(-2) + 3/8*Log[MHQ^2]*
         lamprimeQd[f97]*lamprimeQubar[f99]*Ta[n8,l6,l93]*Ta[n8,l4,l95]
         *gam[y99,FIVE,p1,y97]*uspin[p2,y97]*vbspin[p1,y99]*e_[l6,l4]*
         d_(m99,m97)*FourPi^(-2)*I^9*gw^2*MHQ^(-2) + 3/8*Log[MHQ^2]*
         lamprimeQd[f97]*lamprimeQubar[f99]*Ta[n8,l6,l93]*Ta[n8,l4,l95]
         *gam[y99,FIVE,p2,y97]*uspin[p2,y97]*vbspin[p1,y99]*e_[l6,l4]*
         d_(m99,m97)*FourPi^(-2)*I^9*gw^2*MHQ^(-2) - 3/8*Log[MHQ^2]*
         lamprimeQd[f97]*lamprimeQubar[f99]*Ta[n8,l6,l93]*Ta[n8,l4,l95]
         *gam[y99,FIVE,p3,y97]*uspin[p2,y97]*vbspin[p1,y99]*e_[l6,l4]*
         d_(m99,m97)*FourPi^(-2)*I^9*gw^2*MHQ^(-2) + 3/8*Log[MHQ^2]*
         lamprimeQd[f97]*lamprimeQubar[f99]*Ta[n8,l6,l93]*Ta[n8,l4,l95]
         *gam[y99,FIVE,p4,y97]*uspin[p2,y97]*vbspin[p1,y99]*e_[l6,l4]*
         d_(m99,m97)*FourPi^(-2)*I^9*gw^2*MHQ^(-2) - 3/8*Log[MHQ^2]*
         lamprimeQd[f97]*lamprimeQubar[f99]*Ta[n8,l6,l93]*Ta[n8,l4,l95]
         *gam[y99,p1,y97]*uspin[p2,y97]*vbspin[p1,y99]*e_[l6,l4]*
         d_(m99,m97)*FourPi^(-2)*I^9*gw^2*MHQ^(-2) - 3/8*Log[MHQ^2]*
         lamprimeQd[f97]*lamprimeQubar[f99]*Ta[n8,l6,l93]*Ta[n8,l4,l95]
         *gam[y99,p2,y97]*uspin[p2,y97]*vbspin[p1,y99]*e_[l6,l4]*
         d_(m99,m97)*FourPi^(-2)*I^9*gw^2*MHQ^(-2) + 3/8*Log[MHQ^2]*
         lamprimeQd[f97]*lamprimeQubar[f99]*Ta[n8,l6,l93]*Ta[n8,l4,l95]
         *gam[y99,p3,y97]*uspin[p2,y97]*vbspin[p1,y99]*e_[l6,l4]*
         d_(m99,m97)*FourPi^(-2)*I^9*gw^2*MHQ^(-2) - 3/8*Log[MHQ^2]*
         lamprimeQd[f97]*lamprimeQubar[f99]*Ta[n8,l6,l93]*Ta[n8,l4,l95]
         *gam[y99,p4,y97]*uspin[p2,y97]*vbspin[p1,y99]*e_[l6,l4]*
         d_(m99,m97)*FourPi^(-2)*I^9*gw^2*MHQ^(-2) + 3/2*Log[MHQ^2]*
         lamprimeQd[f97]*lamprimeQubar[f99]*T[a6,m99,m8]*T[a6,m8,m97]*
         gam[y99,FIVE,p3,y97]*uspin[p2,y97]*vbspin[p1,y99]*e_[l95,l93]*
         FourPi^(-2)*I^9*gs^2*MHQ^(-2) - 3/2*Log[MHQ^2]*lamprimeQd[f97]
         *lamprimeQubar[f99]*T[a6,m99,m8]*T[a6,m8,m97]*gam[y99,FIVE,p4,
         y97]*uspin[p2,y97]*vbspin[p1,y99]*e_[l95,l93]*FourPi^(-2)*I^9*
         gs^2*MHQ^(-2) - 3/2*Log[MHQ^2]*lamprimeQd[f97]*lamprimeQubar[
         f99]*T[a6,m99,m8]*T[a6,m8,m97]*gam[y99,p3,y97]*uspin[p2,y97]*
         vbspin[p1,y99]*e_[l95,l93]*FourPi^(-2)*I^9*gs^2*MHQ^(-2) + 3/2
         *Log[MHQ^2]*lamprimeQd[f97]*lamprimeQubar[f99]*T[a6,m99,m8]*T[
         a6,m8,m97]*gam[y99,p4,y97]*uspin[p2,y97]*vbspin[p1,y99]*e_[l95
         ,l93]*FourPi^(-2)*I^9*gs^2*MHQ^(-2) - 2*Log[MHQ^2]*lamprimeQd[
         f97]*lamprimeQubar[f99]*T[a6,m99,m4]*T[a6,m4,m97]*gam[y99,FIVE
         ,p3,y97]*uspin[p2,y97]*vbspin[p1,y99]*e_[l95,l93]*FourPi^(-2)*
         I^9*gs^2*MHQ^(-2) + 2*Log[MHQ^2]*lamprimeQd[f97]*
         lamprimeQubar[f99]*T[a6,m99,m4]*T[a6,m4,m97]*gam[y99,FIVE,p4,
         y97]*uspin[p2,y97]*vbspin[p1,y99]*e_[l95,l93]*FourPi^(-2)*I^9*
         gs^2*MHQ^(-2) + 2*Log[MHQ^2]*lamprimeQd[f97]*lamprimeQubar[f99
         ]*T[a6,m99,m4]*T[a6,m4,m97]*gam[y99,p3,y97]*uspin[p2,y97]*
         vbspin[p1,y99]*e_[l95,l93]*FourPi^(-2)*I^9*gs^2*MHQ^(-2) - 2*
         Log[MHQ^2]*lamprimeQd[f97]*lamprimeQubar[f99]*T[a6,m99,m4]*T[
         a6,m4,m97]*gam[y99,p4,y97]*uspin[p2,y97]*vbspin[p1,y99]*e_[l95
         ,l93]*FourPi^(-2)*I^9*gs^2*MHQ^(-2) + 1/2*Log[MHQ^2]*
         lamprimeQd[f97]*lamprimeQubar[f99]*T[a2,m99,m6]*T[a2,m6,m97]*
         gam[y99,FIVE,p3,y97]*uspin[p2,y97]*vbspin[p1,y99]*e_[l95,l93]*
         FourPi^(-2)*I^9*gs^2*MHQ^(-2) - 1/2*Log[MHQ^2]*lamprimeQd[f97]
         *lamprimeQubar[f99]*T[a2,m99,m6]*T[a2,m6,m97]*gam[y99,FIVE,p4,
         y97]*uspin[p2,y97]*vbspin[p1,y99]*e_[l95,l93]*FourPi^(-2)*I^9*
         gs^2*MHQ^(-2) - 1/2*Log[MHQ^2]*lamprimeQd[f97]*lamprimeQubar[
         f99]*T[a2,m99,m6]*T[a2,m6,m97]*gam[y99,p3,y97]*uspin[p2,y97]*
         vbspin[p1,y99]*e_[l95,l93]*FourPi^(-2)*I^9*gs^2*MHQ^(-2) + 1/2
         *Log[MHQ^2]*lamprimeQd[f97]*lamprimeQubar[f99]*T[a2,m99,m6]*T[
         a2,m6,m97]*gam[y99,p4,y97]*uspin[p2,y97]*vbspin[p1,y99]*e_[l95
         ,l93]*FourPi^(-2)*I^9*gs^2*MHQ^(-2) + 3/8*Log[MHQ^2]*
         lamprimeQd[f97]*lamprimeQubar[f99]*gam[y99,FIVE,p3,y97]*uspin[
         p2,y97]*vbspin[p1,y99]*e_[l95,l93]*d_(m99,m97)*FourPi^(-2)*I^9
         *g1^2*MHQ^(-2) - 1/2*Log[MHQ^2]*lamprimeQd[f97]*lamprimeQubar[
         f99]*gam[y99,FIVE,p3,y97]*uspin[p2,y97]*vbspin[p1,y99]*e_[l95,
         l93]*e_[l8,l6]*e_[l8,l6]*d_(m99,m97)*FourPi^(-2)*I^9*
         lamprimeQTL*MHT^(-1)*MHQ^(-1)*lamprimeQTRbar - 3/8*Log[MHQ^2]*
         lamprimeQd[f97]*lamprimeQubar[f99]*gam[y99,FIVE,p4,y97]*uspin[
         p2,y97]*vbspin[p1,y99]*e_[l95,l93]*d_(m99,m97)*FourPi^(-2)*I^9
         *g1^2*MHQ^(-2) + 1/2*Log[MHQ^2]*lamprimeQd[f97]*lamprimeQubar[
         f99]*gam[y99,FIVE,p4,y97]*uspin[p2,y97]*vbspin[p1,y99]*e_[l95,
         l93]*e_[l8,l6]*e_[l8,l6]*d_(m99,m97)*FourPi^(-2)*I^9*
         lamprimeQTL*MHT^(-1)*MHQ^(-1)*lamprimeQTRbar - 3/8*Log[MHQ^2]*
         lamprimeQd[f97]*lamprimeQubar[f99]*gam[y99,p3,y97]*uspin[p2,
         y97]*vbspin[p1,y99]*e_[l95,l93]*d_(m99,m97)*FourPi^(-2)*I^9*
         g1^2*MHQ^(-2) + 1/2*Log[MHQ^2]*lamprimeQd[f97]*lamprimeQubar[
         f99]*gam[y99,p3,y97]*uspin[p2,y97]*vbspin[p1,y99]*e_[l95,l93]*
         e_[l8,l6]*e_[l8,l6]*d_(m99,m97)*FourPi^(-2)*I^9*lamprimeQTL*
         MHT^(-1)*MHQ^(-1)*lamprimeQTRbar + 3/8*Log[MHQ^2]*lamprimeQd[
         f97]*lamprimeQubar[f99]*gam[y99,p4,y97]*uspin[p2,y97]*vbspin[
         p1,y99]*e_[l95,l93]*d_(m99,m97)*FourPi^(-2)*I^9*g1^2*MHQ^(-2)
          - 1/2*Log[MHQ^2]*lamprimeQd[f97]*lamprimeQubar[f99]*gam[y99,
         p4,y97]*uspin[p2,y97]*vbspin[p1,y99]*e_[l95,l93]*e_[l8,l6]*e_[
         l8,l6]*d_(m99,m97)*FourPi^(-2)*I^9*lamprimeQTL*MHT^(-1)*
         MHQ^(-1)*lamprimeQTRbar - 1/4*Log[MHT^2]*lamprimeQd[f97]*
         lamprimeQubar[f99]*gam[y99,FIVE,p1,y97]*uspin[p2,y97]*vbspin[
         p1,y99]*e_[l95,l2]*e_[l93,l6]*e_[l2,l6]*d_(m99,m97)*
         FourPi^(-2)*I^9*lamprimeQTL*MHQ^(-2)*lamprimeQTLbar - 1/4*Log[
         MHT^2]*lamprimeQd[f97]*lamprimeQubar[f99]*gam[y99,FIVE,p1,y97]
         *uspin[p2,y97]*vbspin[p1,y99]*e_[l95,l6]*e_[l93,l2]*e_[l2,l6]*
         d_(m99,m97)*FourPi^(-2)*I^9*lamprimeQTL*MHQ^(-2)*
         lamprimeQTLbar - 1/4*Log[MHT^2]*lamprimeQd[f97]*lamprimeQubar[
         f99]*gam[y99,FIVE,p2,y97]*uspin[p2,y97]*vbspin[p1,y99]*e_[l95,
         l2]*e_[l93,l6]*e_[l2,l6]*d_(m99,m97)*FourPi^(-2)*I^9*
         lamprimeQTL*MHQ^(-2)*lamprimeQTLbar + 1/4*Log[MHT^2]*
         lamprimeQd[f97]*lamprimeQubar[f99]*gam[y99,FIVE,p2,y97]*uspin[
         p2,y97]*vbspin[p1,y99]*e_[l95,l2]*e_[l93,l6]*e_[l2,l6]*
         d_(m99,m97)*FourPi^(-2)*I^9*lamprimeQTL*MHT*MHQ^(-3)*
         lamprimeQTRbar - 1/4*Log[MHT^2]*lamprimeQd[f97]*lamprimeQubar[
         f99]*gam[y99,FIVE,p2,y97]*uspin[p2,y97]*vbspin[p1,y99]*e_[l95,
         l6]*e_[l93,l2]*e_[l2,l6]*d_(m99,m97)*FourPi^(-2)*I^9*
         lamprimeQTL*MHQ^(-2)*lamprimeQTLbar + 1/4*Log[MHT^2]*
         lamprimeQd[f97]*lamprimeQubar[f99]*gam[y99,FIVE,p2,y97]*uspin[
         p2,y97]*vbspin[p1,y99]*e_[l95,l6]*e_[l93,l2]*e_[l2,l6]*
         d_(m99,m97)*FourPi^(-2)*I^9*lamprimeQTL*MHT*MHQ^(-3)*
         lamprimeQTRbar - 1/4*Log[MHT^2]*lamprimeQd[f97]*lamprimeQubar[
         f99]*gam[y99,FIVE,p3,y97]*uspin[p2,y97]*vbspin[p1,y99]*e_[l95,
         l2]*e_[l93,l6]*e_[l2,l6]*d_(m99,m97)*FourPi^(-2)*I^9*
         lamprimeQTL*MHQ^(-2)*lamprimeQTLbar - 1/2*Log[MHT^2]*
         lamprimeQd[f97]*lamprimeQubar[f99]*gam[y99,FIVE,p3,y97]*uspin[
         p2,y97]*vbspin[p1,y99]*e_[l95,l6]*e_[l93,l2]*e_[l2,l6]*
         d_(m99,m97)*FourPi^(-2)*I^9*lamprimeQTL*MHQ^(-2)*
         lamprimeQTLbar + 1/2*Log[MHT^2]*lamprimeQd[f97]*lamprimeQubar[
         f99]*gam[y99,FIVE,p3,y97]*uspin[p2,y97]*vbspin[p1,y99]*e_[l95,
         l6]*e_[l93,l2]*e_[l2,l6]*d_(m99,m97)*FourPi^(-2)*I^9*
         lamprimeQTL*MHT*MHQ^(-3)*lamprimeQTRbar - 1/2*Log[MHT^2]*
         lamprimeQd[f97]*lamprimeQubar[f99]*gam[y99,FIVE,p4,y97]*uspin[
         p2,y97]*vbspin[p1,y99]*e_[l95,l2]*e_[l93,l6]*e_[l2,l6]*
         d_(m99,m97)*FourPi^(-2)*I^9*lamprimeQTL*MHQ^(-2)*
         lamprimeQTLbar + 1/2*Log[MHT^2]*lamprimeQd[f97]*lamprimeQubar[
         f99]*gam[y99,FIVE,p4,y97]*uspin[p2,y97]*vbspin[p1,y99]*e_[l95,
         l2]*e_[l93,l6]*e_[l2,l6]*d_(m99,m97)*FourPi^(-2)*I^9*
         lamprimeQTL*MHT*MHQ^(-3)*lamprimeQTRbar - 1/4*Log[MHT^2]*
         lamprimeQd[f97]*lamprimeQubar[f99]*gam[y99,FIVE,p4,y97]*uspin[
         p2,y97]*vbspin[p1,y99]*e_[l95,l6]*e_[l93,l2]*e_[l2,l6]*
         d_(m99,m97)*FourPi^(-2)*I^9*lamprimeQTL*MHQ^(-2)*
         lamprimeQTLbar + 1/4*Log[MHT^2]*lamprimeQd[f97]*lamprimeQubar[
         f99]*gam[y99,p1,y97]*uspin[p2,y97]*vbspin[p1,y99]*e_[l95,l2]*
         e_[l93,l6]*e_[l2,l6]*d_(m99,m97)*FourPi^(-2)*I^9*lamprimeQTL*
         MHQ^(-2)*lamprimeQTLbar + 1/4*Log[MHT^2]*lamprimeQd[f97]*
         lamprimeQubar[f99]*gam[y99,p1,y97]*uspin[p2,y97]*vbspin[p1,y99
         ]*e_[l95,l6]*e_[l93,l2]*e_[l2,l6]*d_(m99,m97)*FourPi^(-2)*I^9*
         lamprimeQTL*MHQ^(-2)*lamprimeQTLbar + 1/4*Log[MHT^2]*
         lamprimeQd[f97]*lamprimeQubar[f99]*gam[y99,p2,y97]*uspin[p2,
         y97]*vbspin[p1,y99]*e_[l95,l2]*e_[l93,l6]*e_[l2,l6]*
         d_(m99,m97)*FourPi^(-2)*I^9*lamprimeQTL*MHQ^(-2)*
         lamprimeQTLbar - 1/4*Log[MHT^2]*lamprimeQd[f97]*lamprimeQubar[
         f99]*gam[y99,p2,y97]*uspin[p2,y97]*vbspin[p1,y99]*e_[l95,l2]*
         e_[l93,l6]*e_[l2,l6]*d_(m99,m97)*FourPi^(-2)*I^9*lamprimeQTL*
         MHT*MHQ^(-3)*lamprimeQTRbar + 1/4*Log[MHT^2]*lamprimeQd[f97]*
         lamprimeQubar[f99]*gam[y99,p2,y97]*uspin[p2,y97]*vbspin[p1,y99
         ]*e_[l95,l6]*e_[l93,l2]*e_[l2,l6]*d_(m99,m97)*FourPi^(-2)*I^9*
         lamprimeQTL*MHQ^(-2)*lamprimeQTLbar - 1/4*Log[MHT^2]*
         lamprimeQd[f97]*lamprimeQubar[f99]*gam[y99,p2,y97]*uspin[p2,
         y97]*vbspin[p1,y99]*e_[l95,l6]*e_[l93,l2]*e_[l2,l6]*
         d_(m99,m97)*FourPi^(-2)*I^9*lamprimeQTL*MHT*MHQ^(-3)*
         lamprimeQTRbar + 1/4*Log[MHT^2]*lamprimeQd[f97]*lamprimeQubar[
         f99]*gam[y99,p3,y97]*uspin[p2,y97]*vbspin[p1,y99]*e_[l95,l2]*
         e_[l93,l6]*e_[l2,l6]*d_(m99,m97)*FourPi^(-2)*I^9*lamprimeQTL*
         MHQ^(-2)*lamprimeQTLbar + 1/2*Log[MHT^2]*lamprimeQd[f97]*
         lamprimeQubar[f99]*gam[y99,p3,y97]*uspin[p2,y97]*vbspin[p1,y99
         ]*e_[l95,l6]*e_[l93,l2]*e_[l2,l6]*d_(m99,m97)*FourPi^(-2)*I^9*
         lamprimeQTL*MHQ^(-2)*lamprimeQTLbar - 1/2*Log[MHT^2]*
         lamprimeQd[f97]*lamprimeQubar[f99]*gam[y99,p3,y97]*uspin[p2,
         y97]*vbspin[p1,y99]*e_[l95,l6]*e_[l93,l2]*e_[l2,l6]*
         d_(m99,m97)*FourPi^(-2)*I^9*lamprimeQTL*MHT*MHQ^(-3)*
         lamprimeQTRbar + 1/2*Log[MHT^2]*lamprimeQd[f97]*lamprimeQubar[
         f99]*gam[y99,p4,y97]*uspin[p2,y97]*vbspin[p1,y99]*e_[l95,l2]*
         e_[l93,l6]*e_[l2,l6]*d_(m99,m97)*FourPi^(-2)*I^9*lamprimeQTL*
         MHQ^(-2)*lamprimeQTLbar - 1/2*Log[MHT^2]*lamprimeQd[f97]*
         lamprimeQubar[f99]*gam[y99,p4,y97]*uspin[p2,y97]*vbspin[p1,y99
         ]*e_[l95,l2]*e_[l93,l6]*e_[l2,l6]*d_(m99,m97)*FourPi^(-2)*I^9*
         lamprimeQTL*MHT*MHQ^(-3)*lamprimeQTRbar + 1/4*Log[MHT^2]*
         lamprimeQd[f97]*lamprimeQubar[f99]*gam[y99,p4,y97]*uspin[p2,
         y97]*vbspin[p1,y99]*e_[l95,l6]*e_[l93,l2]*e_[l2,l6]*
         d_(m99,m97)*FourPi^(-2)*I^9*lamprimeQTL*MHQ^(-2)*
         lamprimeQTLbar - 1/2*Log[MHT^2]*yd[f4,f97]*lamprimebar[f4]*
         lamprimeQubar[f99]*gam[y99,FIVE,p1,y97]*uspin[p2,y97]*vbspin[
         p1,y99]*e_[l95,l2]*e_[l93,l6]*e_[l2,l6]*d_(m99,m97)*
         FourPi^(-2)*I^9*lamprimeQTR*MHQ^(-2) - 1/2*Log[MHT^2]*yd[f4,
         f97]*lamprimebar[f4]*lamprimeQubar[f99]*gam[y99,FIVE,p1,y97]*
         uspin[p2,y97]*vbspin[p1,y99]*e_[l95,l6]*e_[l93,l2]*e_[l2,l6]*
         d_(m99,m97)*FourPi^(-2)*I^9*lamprimeQTR*MHQ^(-2) + 1/4*Log[
         MHT^2]*yd[f4,f97]*lamprimebar[f4]*lamprimeQubar[f99]*gam[y99,
         FIVE,p2,y97]*uspin[p2,y97]*vbspin[p1,y99]*e_[l95,l2]*e_[l93,l6
         ]*e_[l2,l6]*d_(m99,m97)*FourPi^(-2)*I^9*lamprimeQTL*MHT^(-1)*
         MHQ^(-1) + 1/4*Log[MHT^2]*yd[f4,f97]*lamprimebar[f4]*
         lamprimeQubar[f99]*gam[y99,FIVE,p2,y97]*uspin[p2,y97]*vbspin[
         p1,y99]*e_[l95,l6]*e_[l93,l2]*e_[l2,l6]*d_(m99,m97)*
         FourPi^(-2)*I^9*lamprimeQTL*MHT^(-1)*MHQ^(-1) - 1/2*Log[MHT^2]
         *yd[f4,f97]*lamprimebar[f4]*lamprimeQubar[f99]*gam[y99,FIVE,p3
         ,y97]*uspin[p2,y97]*vbspin[p1,y99]*e_[l95,l2]*e_[l93,l6]*e_[l2
         ,l6]*d_(m99,m97)*FourPi^(-2)*I^9*lamprimeQTR*MHQ^(-2) - 1/2*
         Log[MHT^2]*yd[f4,f97]*lamprimebar[f4]*lamprimeQubar[f99]*gam[
         y99,FIVE,p4,y97]*uspin[p2,y97]*vbspin[p1,y99]*e_[l95,l6]*e_[
         l93,l2]*e_[l2,l6]*d_(m99,m97)*FourPi^(-2)*I^9*lamprimeQTR*
         MHQ^(-2) + 1/2*Log[MHT^2]*yd[f4,f97]*lamprimebar[f4]*
         lamprimeQubar[f99]*gam[y99,p1,y97]*uspin[p2,y97]*vbspin[p1,y99
         ]*e_[l95,l2]*e_[l93,l6]*e_[l2,l6]*d_(m99,m97)*FourPi^(-2)*I^9*
         lamprimeQTR*MHQ^(-2) + 1/2*Log[MHT^2]*yd[f4,f97]*lamprimebar[
         f4]*lamprimeQubar[f99]*gam[y99,p1,y97]*uspin[p2,y97]*vbspin[p1
         ,y99]*e_[l95,l6]*e_[l93,l2]*e_[l2,l6]*d_(m99,m97)*FourPi^(-2)*
         I^9*lamprimeQTR*MHQ^(-2) - 1/4*Log[MHT^2]*yd[f4,f97]*
         lamprimebar[f4]*lamprimeQubar[f99]*gam[y99,p2,y97]*uspin[p2,
         y97]*vbspin[p1,y99]*e_[l95,l2]*e_[l93,l6]*e_[l2,l6]*
         d_(m99,m97)*FourPi^(-2)*I^9*lamprimeQTL*MHT^(-1)*MHQ^(-1) - 1/
         4*Log[MHT^2]*yd[f4,f97]*lamprimebar[f4]*lamprimeQubar[f99]*
         gam[y99,p2,y97]*uspin[p2,y97]*vbspin[p1,y99]*e_[l95,l6]*e_[l93
         ,l2]*e_[l2,l6]*d_(m99,m97)*FourPi^(-2)*I^9*lamprimeQTL*
         MHT^(-1)*MHQ^(-1) + 1/2*Log[MHT^2]*yd[f4,f97]*lamprimebar[f4]*
         lamprimeQubar[f99]*gam[y99,p3,y97]*uspin[p2,y97]*vbspin[p1,y99
         ]*e_[l95,l2]*e_[l93,l6]*e_[l2,l6]*d_(m99,m97)*FourPi^(-2)*I^9*
         lamprimeQTR*MHQ^(-2) + 1/2*Log[MHT^2]*yd[f4,f97]*lamprimebar[
         f4]*lamprimeQubar[f99]*gam[y99,p4,y97]*uspin[p2,y97]*vbspin[p1
         ,y99]*e_[l95,l6]*e_[l93,l2]*e_[l2,l6]*d_(m99,m97)*FourPi^(-2)*
         I^9*lamprimeQTR*MHQ^(-2) + 1/2*lamprimeQd[f97]*lamprimeQd[f8]*
         lamprimeQdbar[f8]*lamprimeQubar[f99]*gam[y99,FIVE,p3,y97]*
         uspin[p2,y97]*vbspin[p1,y99]*e_[l95,l93]*d_(m99,m97)*
         FourPi^(-2)*I^9*MHQ^(-2) - 1/2*lamprimeQd[f97]*lamprimeQd[f8]*
         lamprimeQdbar[f8]*lamprimeQubar[f99]*gam[y99,FIVE,p4,y97]*
         uspin[p2,y97]*vbspin[p1,y99]*e_[l95,l93]*d_(m99,m97)*
         FourPi^(-2)*I^9*MHQ^(-2) - 1/2*lamprimeQd[f97]*lamprimeQd[f8]*
         lamprimeQdbar[f8]*lamprimeQubar[f99]*gam[y99,p3,y97]*uspin[p2,
         y97]*vbspin[p1,y99]*e_[l95,l93]*d_(m99,m97)*FourPi^(-2)*I^9*
         MHQ^(-2) + 1/2*lamprimeQd[f97]*lamprimeQd[f8]*lamprimeQdbar[f8
         ]*lamprimeQubar[f99]*gam[y99,p4,y97]*uspin[p2,y97]*vbspin[p1,
         y99]*e_[l95,l93]*d_(m99,m97)*FourPi^(-2)*I^9*MHQ^(-2) + 1/2*
         lamprimeQd[f97]*lamprimeQu[f8]*lamprimeQubar[f99]*
         lamprimeQubar[f8]*gam[y99,FIVE,p1,y97]*uspin[p2,y97]*vbspin[p1
         ,y99]*e_[l95,l2]*e_[l93,l6]*e_[l2,l6]*d_(m99,m97)*FourPi^(-2)*
         I^9*MHQ^(-2) + 1/2*lamprimeQd[f97]*lamprimeQu[f8]*
         lamprimeQubar[f99]*lamprimeQubar[f8]*gam[y99,FIVE,p1,y97]*
         uspin[p2,y97]*vbspin[p1,y99]*e_[l95,l6]*e_[l93,l2]*e_[l2,l6]*
         d_(m99,m97)*FourPi^(-2)*I^9*MHQ^(-2) + 1/2*lamprimeQd[f97]*
         lamprimeQu[f8]*lamprimeQubar[f99]*lamprimeQubar[f8]*gam[y99,
         FIVE,p3,y97]*uspin[p2,y97]*vbspin[p1,y99]*e_[l95,l2]*e_[l93,l6
         ]*e_[l2,l6]*d_(m99,m97)*FourPi^(-2)*I^9*MHQ^(-2) + 1/2*
         lamprimeQd[f97]*lamprimeQu[f8]*lamprimeQubar[f99]*
         lamprimeQubar[f8]*gam[y99,FIVE,p4,y97]*uspin[p2,y97]*vbspin[p1
         ,y99]*e_[l95,l6]*e_[l93,l2]*e_[l2,l6]*d_(m99,m97)*FourPi^(-2)*
         I^9*MHQ^(-2) - 1/2*lamprimeQd[f97]*lamprimeQu[f8]*
         lamprimeQubar[f99]*lamprimeQubar[f8]*gam[y99,p1,y97]*uspin[p2,
         y97]*vbspin[p1,y99]*e_[l95,l2]*e_[l93,l6]*e_[l2,l6]*
         d_(m99,m97)*FourPi^(-2)*I^9*MHQ^(-2) - 1/2*lamprimeQd[f97]*
         lamprimeQu[f8]*lamprimeQubar[f99]*lamprimeQubar[f8]*gam[y99,p1
         ,y97]*uspin[p2,y97]*vbspin[p1,y99]*e_[l95,l6]*e_[l93,l2]*e_[l2
         ,l6]*d_(m99,m97)*FourPi^(-2)*I^9*MHQ^(-2) - 1/2*lamprimeQd[f97
         ]*lamprimeQu[f8]*lamprimeQubar[f99]*lamprimeQubar[f8]*gam[y99,
         p3,y97]*uspin[p2,y97]*vbspin[p1,y99]*e_[l95,l2]*e_[l93,l6]*e_[
         l2,l6]*d_(m99,m97)*FourPi^(-2)*I^9*MHQ^(-2) - 1/2*lamprimeQd[
         f97]*lamprimeQu[f8]*lamprimeQubar[f99]*lamprimeQubar[f8]*gam[
         y99,p4,y97]*uspin[p2,y97]*vbspin[p1,y99]*e_[l95,l6]*e_[l93,l2]
         *e_[l2,l6]*d_(m99,m97)*FourPi^(-2)*I^9*MHQ^(-2) - 3/4*
         lamprimeQd[f97]*lamprimeQubar[f99]*Ta[n6,l2,l8]*Ta[n6,l8,l95]*
         gam[y99,FIVE,p1,y97]*uspin[p2,y97]*vbspin[p1,y99]*e_[l93,l2]*
         d_(m99,m97)*FourPi^(-2)*I^9*gw^2*MHQ^(-2) + lamprimeQd[f97]*
         lamprimeQubar[f99]*Ta[n6,l2,l8]*Ta[n6,l8,l95]*gam[y99,FIVE,p2,
         y97]*uspin[p2,y97]*vbspin[p1,y99]*e_[l93,l2]*d_(m99,m97)*
         FourPi^(-2)*I^9*gw^2*MHQ^(-2) + lamprimeQd[f97]*lamprimeQubar[
         f99]*Ta[n6,l2,l8]*Ta[n6,l8,l95]*gam[y99,FIVE,p3,y97]*uspin[p2,
         y97]*vbspin[p1,y99]*e_[l93,l2]*d_(m99,m97)*FourPi^(-2)*I^9*
         gw^2*MHQ^(-2) - 3/4*lamprimeQd[f97]*lamprimeQubar[f99]*Ta[n6,
         l2,l8]*Ta[n6,l8,l95]*gam[y99,FIVE,p4,y97]*uspin[p2,y97]*
         vbspin[p1,y99]*e_[l93,l2]*d_(m99,m97)*FourPi^(-2)*I^9*gw^2*
         MHQ^(-2) + 3/4*lamprimeQd[f97]*lamprimeQubar[f99]*Ta[n6,l2,l8]
         *Ta[n6,l8,l95]*gam[y99,p1,y97]*uspin[p2,y97]*vbspin[p1,y99]*
         e_[l93,l2]*d_(m99,m97)*FourPi^(-2)*I^9*gw^2*MHQ^(-2) - 
         lamprimeQd[f97]*lamprimeQubar[f99]*Ta[n6,l2,l8]*Ta[n6,l8,l95]*
         gam[y99,p2,y97]*uspin[p2,y97]*vbspin[p1,y99]*e_[l93,l2]*
         d_(m99,m97)*FourPi^(-2)*I^9*gw^2*MHQ^(-2) - lamprimeQd[f97]*
         lamprimeQubar[f99]*Ta[n6,l2,l8]*Ta[n6,l8,l95]*gam[y99,p3,y97]*
         uspin[p2,y97]*vbspin[p1,y99]*e_[l93,l2]*d_(m99,m97)*
         FourPi^(-2)*I^9*gw^2*MHQ^(-2) + 3/4*lamprimeQd[f97]*
         lamprimeQubar[f99]*Ta[n6,l2,l8]*Ta[n6,l8,l95]*gam[y99,p4,y97]*
         uspin[p2,y97]*vbspin[p1,y99]*e_[l93,l2]*d_(m99,m97)*
         FourPi^(-2)*I^9*gw^2*MHQ^(-2) - 3/4*lamprimeQd[f97]*
         lamprimeQubar[f99]*Ta[n6,l2,l8]*Ta[n6,l8,l93]*gam[y99,FIVE,p1,
         y97]*uspin[p2,y97]*vbspin[p1,y99]*e_[l95,l2]*d_(m99,m97)*
         FourPi^(-2)*I^9*gw^2*MHQ^(-2) + lamprimeQd[f97]*lamprimeQubar[
         f99]*Ta[n6,l2,l8]*Ta[n6,l8,l93]*gam[y99,FIVE,p2,y97]*uspin[p2,
         y97]*vbspin[p1,y99]*e_[l95,l2]*d_(m99,m97)*FourPi^(-2)*I^9*
         gw^2*MHQ^(-2) - 3/4*lamprimeQd[f97]*lamprimeQubar[f99]*Ta[n6,
         l2,l8]*Ta[n6,l8,l93]*gam[y99,FIVE,p3,y97]*uspin[p2,y97]*
         vbspin[p1,y99]*e_[l95,l2]*d_(m99,m97)*FourPi^(-2)*I^9*gw^2*
         MHQ^(-2) + lamprimeQd[f97]*lamprimeQubar[f99]*Ta[n6,l2,l8]*Ta[
         n6,l8,l93]*gam[y99,FIVE,p4,y97]*uspin[p2,y97]*vbspin[p1,y99]*
         e_[l95,l2]*d_(m99,m97)*FourPi^(-2)*I^9*gw^2*MHQ^(-2) + 3/4*
         lamprimeQd[f97]*lamprimeQubar[f99]*Ta[n6,l2,l8]*Ta[n6,l8,l93]*
         gam[y99,p1,y97]*uspin[p2,y97]*vbspin[p1,y99]*e_[l95,l2]*
         d_(m99,m97)*FourPi^(-2)*I^9*gw^2*MHQ^(-2) - lamprimeQd[f97]*
         lamprimeQubar[f99]*Ta[n6,l2,l8]*Ta[n6,l8,l93]*gam[y99,p2,y97]*
         uspin[p2,y97]*vbspin[p1,y99]*e_[l95,l2]*d_(m99,m97)*
         FourPi^(-2)*I^9*gw^2*MHQ^(-2) + 3/4*lamprimeQd[f97]*
         lamprimeQubar[f99]*Ta[n6,l2,l8]*Ta[n6,l8,l93]*gam[y99,p3,y97]*
         uspin[p2,y97]*vbspin[p1,y99]*e_[l95,l2]*d_(m99,m97)*
         FourPi^(-2)*I^9*gw^2*MHQ^(-2) - lamprimeQd[f97]*lamprimeQubar[
         f99]*Ta[n6,l2,l8]*Ta[n6,l8,l93]*gam[y99,p4,y97]*uspin[p2,y97]*
         vbspin[p1,y99]*e_[l95,l2]*d_(m99,m97)*FourPi^(-2)*I^9*gw^2*
         MHQ^(-2) + 1/2*lamprimeQd[f97]*lamprimeQubar[f99]*Ta[n8,l2,l4]
         *Ta[n8,l4,l95]*gam[y99,FIVE,p1,y97]*uspin[p2,y97]*vbspin[p1,
         y99]*e_[l93,l2]*d_(m99,m97)*FourPi^(-2)*I^9*gw^2*MHQ^(-2) - 1/
         4*lamprimeQd[f97]*lamprimeQubar[f99]*Ta[n8,l2,l4]*Ta[n8,l4,l95
         ]*gam[y99,FIVE,p2,y97]*uspin[p2,y97]*vbspin[p1,y99]*e_[l93,l2]
         *d_(m99,m97)*FourPi^(-2)*I^9*gw^2*MHQ^(-2) - 7/8*lamprimeQd[
         f97]*lamprimeQubar[f99]*Ta[n8,l2,l4]*Ta[n8,l4,l95]*gam[y99,
         FIVE,p3,y97]*uspin[p2,y97]*vbspin[p1,y99]*e_[l93,l2]*
         d_(m99,m97)*FourPi^(-2)*I^9*gw^2*MHQ^(-2) + 1/2*lamprimeQd[f97
         ]*lamprimeQubar[f99]*Ta[n8,l2,l4]*Ta[n8,l4,l95]*gam[y99,FIVE,
         p4,y97]*uspin[p2,y97]*vbspin[p1,y99]*e_[l93,l2]*d_(m99,m97)*
         FourPi^(-2)*I^9*gw^2*MHQ^(-2) - 1/2*lamprimeQd[f97]*
         lamprimeQubar[f99]*Ta[n8,l2,l4]*Ta[n8,l4,l95]*gam[y99,p1,y97]*
         uspin[p2,y97]*vbspin[p1,y99]*e_[l93,l2]*d_(m99,m97)*
         FourPi^(-2)*I^9*gw^2*MHQ^(-2) + 1/4*lamprimeQd[f97]*
         lamprimeQubar[f99]*Ta[n8,l2,l4]*Ta[n8,l4,l95]*gam[y99,p2,y97]*
         uspin[p2,y97]*vbspin[p1,y99]*e_[l93,l2]*d_(m99,m97)*
         FourPi^(-2)*I^9*gw^2*MHQ^(-2) + 7/8*lamprimeQd[f97]*
         lamprimeQubar[f99]*Ta[n8,l2,l4]*Ta[n8,l4,l95]*gam[y99,p3,y97]*
         uspin[p2,y97]*vbspin[p1,y99]*e_[l93,l2]*d_(m99,m97)*
         FourPi^(-2)*I^9*gw^2*MHQ^(-2) - 1/2*lamprimeQd[f97]*
         lamprimeQubar[f99]*Ta[n8,l2,l4]*Ta[n8,l4,l95]*gam[y99,p4,y97]*
         uspin[p2,y97]*vbspin[p1,y99]*e_[l93,l2]*d_(m99,m97)*
         FourPi^(-2)*I^9*gw^2*MHQ^(-2) + 1/2*lamprimeQd[f97]*
         lamprimeQubar[f99]*Ta[n8,l2,l4]*Ta[n8,l4,l93]*gam[y99,FIVE,p1,
         y97]*uspin[p2,y97]*vbspin[p1,y99]*e_[l95,l2]*d_(m99,m97)*
         FourPi^(-2)*I^9*gw^2*MHQ^(-2) - 1/4*lamprimeQd[f97]*
         lamprimeQubar[f99]*Ta[n8,l2,l4]*Ta[n8,l4,l93]*gam[y99,FIVE,p2,
         y97]*uspin[p2,y97]*vbspin[p1,y99]*e_[l95,l2]*d_(m99,m97)*
         FourPi^(-2)*I^9*gw^2*MHQ^(-2) + 1/2*lamprimeQd[f97]*
         lamprimeQubar[f99]*Ta[n8,l2,l4]*Ta[n8,l4,l93]*gam[y99,FIVE,p3,
         y97]*uspin[p2,y97]*vbspin[p1,y99]*e_[l95,l2]*d_(m99,m97)*
         FourPi^(-2)*I^9*gw^2*MHQ^(-2) - 7/8*lamprimeQd[f97]*
         lamprimeQubar[f99]*Ta[n8,l2,l4]*Ta[n8,l4,l93]*gam[y99,FIVE,p4,
         y97]*uspin[p2,y97]*vbspin[p1,y99]*e_[l95,l2]*d_(m99,m97)*
         FourPi^(-2)*I^9*gw^2*MHQ^(-2) - 1/2*lamprimeQd[f97]*
         lamprimeQubar[f99]*Ta[n8,l2,l4]*Ta[n8,l4,l93]*gam[y99,p1,y97]*
         uspin[p2,y97]*vbspin[p1,y99]*e_[l95,l2]*d_(m99,m97)*
         FourPi^(-2)*I^9*gw^2*MHQ^(-2) + 1/4*lamprimeQd[f97]*
         lamprimeQubar[f99]*Ta[n8,l2,l4]*Ta[n8,l4,l93]*gam[y99,p2,y97]*
         uspin[p2,y97]*vbspin[p1,y99]*e_[l95,l2]*d_(m99,m97)*
         FourPi^(-2)*I^9*gw^2*MHQ^(-2) - 1/2*lamprimeQd[f97]*
         lamprimeQubar[f99]*Ta[n8,l2,l4]*Ta[n8,l4,l93]*gam[y99,p3,y97]*
         uspin[p2,y97]*vbspin[p1,y99]*e_[l95,l2]*d_(m99,m97)*
         FourPi^(-2)*I^9*gw^2*MHQ^(-2) + 7/8*lamprimeQd[f97]*
         lamprimeQubar[f99]*Ta[n8,l2,l4]*Ta[n8,l4,l93]*gam[y99,p4,y97]*
         uspin[p2,y97]*vbspin[p1,y99]*e_[l95,l2]*d_(m99,m97)*
         FourPi^(-2)*I^9*gw^2*MHQ^(-2) - 5/16*lamprimeQd[f97]*
         lamprimeQubar[f99]*Ta[n8,l6,l95]*Ta[n8,l4,l93]*gam[y99,FIVE,p1
         ,y97]*uspin[p2,y97]*vbspin[p1,y99]*e_[l6,l4]*d_(m99,m97)*
         FourPi^(-2)*I^9*gw^2*MHQ^(-2) - 5/16*lamprimeQd[f97]*
         lamprimeQubar[f99]*Ta[n8,l6,l95]*Ta[n8,l4,l93]*gam[y99,FIVE,p2
         ,y97]*uspin[p2,y97]*vbspin[p1,y99]*e_[l6,l4]*d_(m99,m97)*
         FourPi^(-2)*I^9*gw^2*MHQ^(-2) - 5/16*lamprimeQd[f97]*
         lamprimeQubar[f99]*Ta[n8,l6,l95]*Ta[n8,l4,l93]*gam[y99,FIVE,p3
         ,y97]*uspin[p2,y97]*vbspin[p1,y99]*e_[l6,l4]*d_(m99,m97)*
         FourPi^(-2)*I^9*gw^2*MHQ^(-2) + 5/16*lamprimeQd[f97]*
         lamprimeQubar[f99]*Ta[n8,l6,l95]*Ta[n8,l4,l93]*gam[y99,FIVE,p4
         ,y97]*uspin[p2,y97]*vbspin[p1,y99]*e_[l6,l4]*d_(m99,m97)*
         FourPi^(-2)*I^9*gw^2*MHQ^(-2) + 5/16*lamprimeQd[f97]*
         lamprimeQubar[f99]*Ta[n8,l6,l95]*Ta[n8,l4,l93]*gam[y99,p1,y97]
         *uspin[p2,y97]*vbspin[p1,y99]*e_[l6,l4]*d_(m99,m97)*
         FourPi^(-2)*I^9*gw^2*MHQ^(-2) + 5/16*lamprimeQd[f97]*
         lamprimeQubar[f99]*Ta[n8,l6,l95]*Ta[n8,l4,l93]*gam[y99,p2,y97]
         *uspin[p2,y97]*vbspin[p1,y99]*e_[l6,l4]*d_(m99,m97)*
         FourPi^(-2)*I^9*gw^2*MHQ^(-2) + 5/16*lamprimeQd[f97]*
         lamprimeQubar[f99]*Ta[n8,l6,l95]*Ta[n8,l4,l93]*gam[y99,p3,y97]
         *uspin[p2,y97]*vbspin[p1,y99]*e_[l6,l4]*d_(m99,m97)*
         FourPi^(-2)*I^9*gw^2*MHQ^(-2) - 5/16*lamprimeQd[f97]*
         lamprimeQubar[f99]*Ta[n8,l6,l95]*Ta[n8,l4,l93]*gam[y99,p4,y97]
         *uspin[p2,y97]*vbspin[p1,y99]*e_[l6,l4]*d_(m99,m97)*
         FourPi^(-2)*I^9*gw^2*MHQ^(-2) - 5/16*lamprimeQd[f97]*
         lamprimeQubar[f99]*Ta[n8,l6,l93]*Ta[n8,l4,l95]*gam[y99,FIVE,p1
         ,y97]*uspin[p2,y97]*vbspin[p1,y99]*e_[l6,l4]*d_(m99,m97)*
         FourPi^(-2)*I^9*gw^2*MHQ^(-2) - 5/16*lamprimeQd[f97]*
         lamprimeQubar[f99]*Ta[n8,l6,l93]*Ta[n8,l4,l95]*gam[y99,FIVE,p2
         ,y97]*uspin[p2,y97]*vbspin[p1,y99]*e_[l6,l4]*d_(m99,m97)*
         FourPi^(-2)*I^9*gw^2*MHQ^(-2) + 5/16*lamprimeQd[f97]*
         lamprimeQubar[f99]*Ta[n8,l6,l93]*Ta[n8,l4,l95]*gam[y99,FIVE,p3
         ,y97]*uspin[p2,y97]*vbspin[p1,y99]*e_[l6,l4]*d_(m99,m97)*
         FourPi^(-2)*I^9*gw^2*MHQ^(-2) - 5/16*lamprimeQd[f97]*
         lamprimeQubar[f99]*Ta[n8,l6,l93]*Ta[n8,l4,l95]*gam[y99,FIVE,p4
         ,y97]*uspin[p2,y97]*vbspin[p1,y99]*e_[l6,l4]*d_(m99,m97)*
         FourPi^(-2)*I^9*gw^2*MHQ^(-2) + 5/16*lamprimeQd[f97]*
         lamprimeQubar[f99]*Ta[n8,l6,l93]*Ta[n8,l4,l95]*gam[y99,p1,y97]
         *uspin[p2,y97]*vbspin[p1,y99]*e_[l6,l4]*d_(m99,m97)*
         FourPi^(-2)*I^9*gw^2*MHQ^(-2) + 5/16*lamprimeQd[f97]*
         lamprimeQubar[f99]*Ta[n8,l6,l93]*Ta[n8,l4,l95]*gam[y99,p2,y97]
         *uspin[p2,y97]*vbspin[p1,y99]*e_[l6,l4]*d_(m99,m97)*
         FourPi^(-2)*I^9*gw^2*MHQ^(-2) - 5/16*lamprimeQd[f97]*
         lamprimeQubar[f99]*Ta[n8,l6,l93]*Ta[n8,l4,l95]*gam[y99,p3,y97]
         *uspin[p2,y97]*vbspin[p1,y99]*e_[l6,l4]*d_(m99,m97)*
         FourPi^(-2)*I^9*gw^2*MHQ^(-2) + 5/16*lamprimeQd[f97]*
         lamprimeQubar[f99]*Ta[n8,l6,l93]*Ta[n8,l4,l95]*gam[y99,p4,y97]
         *uspin[p2,y97]*vbspin[p1,y99]*e_[l6,l4]*d_(m99,m97)*
         FourPi^(-2)*I^9*gw^2*MHQ^(-2) - 5/4*lamprimeQd[f97]*
         lamprimeQubar[f99]*T[a6,m99,m8]*T[a6,m8,m97]*gam[y99,FIVE,p3,
         y97]*uspin[p2,y97]*vbspin[p1,y99]*e_[l95,l93]*FourPi^(-2)*I^9*
         gs^2*MHQ^(-2) + 5/4*lamprimeQd[f97]*lamprimeQubar[f99]*T[a6,
         m99,m8]*T[a6,m8,m97]*gam[y99,FIVE,p4,y97]*uspin[p2,y97]*
         vbspin[p1,y99]*e_[l95,l93]*FourPi^(-2)*I^9*gs^2*MHQ^(-2) + 5/4
         *lamprimeQd[f97]*lamprimeQubar[f99]*T[a6,m99,m8]*T[a6,m8,m97]*
         gam[y99,p3,y97]*uspin[p2,y97]*vbspin[p1,y99]*e_[l95,l93]*
         FourPi^(-2)*I^9*gs^2*MHQ^(-2) - 5/4*lamprimeQd[f97]*
         lamprimeQubar[f99]*T[a6,m99,m8]*T[a6,m8,m97]*gam[y99,p4,y97]*
         uspin[p2,y97]*vbspin[p1,y99]*e_[l95,l93]*FourPi^(-2)*I^9*gs^2*
         MHQ^(-2) + 1/2*lamprimeQd[f97]*lamprimeQubar[f99]*T[a6,m99,m4]
         *T[a6,m4,m97]*gam[y99,FIVE,p3,y97]*uspin[p2,y97]*vbspin[p1,y99
         ]*e_[l95,l93]*FourPi^(-2)*I^9*gs^2*MHQ^(-2) - 1/2*lamprimeQd[
         f97]*lamprimeQubar[f99]*T[a6,m99,m4]*T[a6,m4,m97]*gam[y99,FIVE
         ,p4,y97]*uspin[p2,y97]*vbspin[p1,y99]*e_[l95,l93]*FourPi^(-2)*
         I^9*gs^2*MHQ^(-2) - 1/2*lamprimeQd[f97]*lamprimeQubar[f99]*T[
         a6,m99,m4]*T[a6,m4,m97]*gam[y99,p3,y97]*uspin[p2,y97]*vbspin[
         p1,y99]*e_[l95,l93]*FourPi^(-2)*I^9*gs^2*MHQ^(-2) + 1/2*
         lamprimeQd[f97]*lamprimeQubar[f99]*T[a6,m99,m4]*T[a6,m4,m97]*
         gam[y99,p4,y97]*uspin[p2,y97]*vbspin[p1,y99]*e_[l95,l93]*
         FourPi^(-2)*I^9*gs^2*MHQ^(-2) + 3/4*lamprimeQd[f97]*
         lamprimeQubar[f99]*T[a2,m99,m6]*T[a2,m6,m97]*gam[y99,FIVE,p3,
         y97]*uspin[p2,y97]*vbspin[p1,y99]*e_[l95,l93]*FourPi^(-2)*I^9*
         gs^2*MHQ^(-2) - 3/4*lamprimeQd[f97]*lamprimeQubar[f99]*T[a2,
         m99,m6]*T[a2,m6,m97]*gam[y99,FIVE,p4,y97]*uspin[p2,y97]*
         vbspin[p1,y99]*e_[l95,l93]*FourPi^(-2)*I^9*gs^2*MHQ^(-2) - 3/4
         *lamprimeQd[f97]*lamprimeQubar[f99]*T[a2,m99,m6]*T[a2,m6,m97]*
         gam[y99,p3,y97]*uspin[p2,y97]*vbspin[p1,y99]*e_[l95,l93]*
         FourPi^(-2)*I^9*gs^2*MHQ^(-2) + 3/4*lamprimeQd[f97]*
         lamprimeQubar[f99]*T[a2,m99,m6]*T[a2,m6,m97]*gam[y99,p4,y97]*
         uspin[p2,y97]*vbspin[p1,y99]*e_[l95,l93]*FourPi^(-2)*I^9*gs^2*
         MHQ^(-2) + 3/8*lamprimeQd[f97]*lamprimeQubar[f99]*gam[y99,FIVE
         ,p1,y97]*uspin[p2,y97]*vbspin[p1,y99]*e_[l95,l2]*e_[l93,l6]*
         e_[l2,l6]*d_(m99,m97)*FourPi^(-2)*I^9*lamprimeQTL*MHQ^(-2)*
         lamprimeQTLbar + 3/8*lamprimeQd[f97]*lamprimeQubar[f99]*gam[
         y99,FIVE,p1,y97]*uspin[p2,y97]*vbspin[p1,y99]*e_[l95,l6]*e_[
         l93,l2]*e_[l2,l6]*d_(m99,m97)*FourPi^(-2)*I^9*lamprimeQTL*
         MHQ^(-2)*lamprimeQTLbar + 3/8*lamprimeQd[f97]*lamprimeQubar[
         f99]*gam[y99,FIVE,p2,y97]*uspin[p2,y97]*vbspin[p1,y99]*e_[l95,
         l2]*e_[l93,l6]*e_[l2,l6]*d_(m99,m97)*FourPi^(-2)*I^9*
         lamprimeQTL*MHQ^(-2)*lamprimeQTLbar - 1/8*lamprimeQd[f97]*
         lamprimeQubar[f99]*gam[y99,FIVE,p2,y97]*uspin[p2,y97]*vbspin[
         p1,y99]*e_[l95,l2]*e_[l93,l6]*e_[l2,l6]*d_(m99,m97)*
         FourPi^(-2)*I^9*lamprimeQTL*MHT*MHQ^(-3)*lamprimeQTRbar + 3/8*
         lamprimeQd[f97]*lamprimeQubar[f99]*gam[y99,FIVE,p2,y97]*uspin[
         p2,y97]*vbspin[p1,y99]*e_[l95,l6]*e_[l93,l2]*e_[l2,l6]*
         d_(m99,m97)*FourPi^(-2)*I^9*lamprimeQTL*MHQ^(-2)*
         lamprimeQTLbar - 1/8*lamprimeQd[f97]*lamprimeQubar[f99]*gam[
         y99,FIVE,p2,y97]*uspin[p2,y97]*vbspin[p1,y99]*e_[l95,l6]*e_[
         l93,l2]*e_[l2,l6]*d_(m99,m97)*FourPi^(-2)*I^9*lamprimeQTL*MHT*
         MHQ^(-3)*lamprimeQTRbar - 11/16*lamprimeQd[f97]*lamprimeQubar[
         f99]*gam[y99,FIVE,p3,y97]*uspin[p2,y97]*vbspin[p1,y99]*e_[l95,
         l93]*d_(m99,m97)*FourPi^(-2)*I^9*g1^2*MHQ^(-2) + 1/2*
         lamprimeQd[f97]*lamprimeQubar[f99]*gam[y99,FIVE,p3,y97]*uspin[
         p2,y97]*vbspin[p1,y99]*e_[l95,l93]*e_[l8,l6]*e_[l8,l6]*
         d_(m99,m97)*FourPi^(-2)*I^9*lamprimeQTL*MHT^(-1)*MHQ^(-1)*
         lamprimeQTRbar + 3/8*lamprimeQd[f97]*lamprimeQubar[f99]*gam[
         y99,FIVE,p3,y97]*uspin[p2,y97]*vbspin[p1,y99]*e_[l95,l2]*e_[
         l93,l6]*e_[l2,l6]*d_(m99,m97)*FourPi^(-2)*I^9*lamprimeQTL*
         MHQ^(-2)*lamprimeQTLbar + 1/2*lamprimeQd[f97]*lamprimeQubar[
         f99]*gam[y99,FIVE,p3,y97]*uspin[p2,y97]*vbspin[p1,y99]*e_[l95,
         l6]*e_[l93,l2]*e_[l2,l6]*d_(m99,m97)*FourPi^(-2)*I^9*
         lamprimeQTL*MHQ^(-2)*lamprimeQTLbar - 1/2*lamprimeQd[f97]*
         lamprimeQubar[f99]*gam[y99,FIVE,p3,y97]*uspin[p2,y97]*vbspin[
         p1,y99]*e_[l95,l6]*e_[l93,l2]*e_[l2,l6]*d_(m99,m97)*
         FourPi^(-2)*I^9*lamprimeQTL*MHT*MHQ^(-3)*lamprimeQTRbar + 11/
         16*lamprimeQd[f97]*lamprimeQubar[f99]*gam[y99,FIVE,p4,y97]*
         uspin[p2,y97]*vbspin[p1,y99]*e_[l95,l93]*d_(m99,m97)*
         FourPi^(-2)*I^9*g1^2*MHQ^(-2) - 1/2*lamprimeQd[f97]*
         lamprimeQubar[f99]*gam[y99,FIVE,p4,y97]*uspin[p2,y97]*vbspin[
         p1,y99]*e_[l95,l93]*e_[l8,l6]*e_[l8,l6]*d_(m99,m97)*
         FourPi^(-2)*I^9*lamprimeQTL*MHT^(-1)*MHQ^(-1)*lamprimeQTRbar
          + 1/2*lamprimeQd[f97]*lamprimeQubar[f99]*gam[y99,FIVE,p4,y97]
         *uspin[p2,y97]*vbspin[p1,y99]*e_[l95,l2]*e_[l93,l6]*e_[l2,l6]*
         d_(m99,m97)*FourPi^(-2)*I^9*lamprimeQTL*MHQ^(-2)*
         lamprimeQTLbar - 1/2*lamprimeQd[f97]*lamprimeQubar[f99]*gam[
         y99,FIVE,p4,y97]*uspin[p2,y97]*vbspin[p1,y99]*e_[l95,l2]*e_[
         l93,l6]*e_[l2,l6]*d_(m99,m97)*FourPi^(-2)*I^9*lamprimeQTL*MHT*
         MHQ^(-3)*lamprimeQTRbar + 3/8*lamprimeQd[f97]*lamprimeQubar[
         f99]*gam[y99,FIVE,p4,y97]*uspin[p2,y97]*vbspin[p1,y99]*e_[l95,
         l6]*e_[l93,l2]*e_[l2,l6]*d_(m99,m97)*FourPi^(-2)*I^9*
         lamprimeQTL*MHQ^(-2)*lamprimeQTLbar - 3/8*lamprimeQd[f97]*
         lamprimeQubar[f99]*gam[y99,p1,y97]*uspin[p2,y97]*vbspin[p1,y99
         ]*e_[l95,l2]*e_[l93,l6]*e_[l2,l6]*d_(m99,m97)*FourPi^(-2)*I^9*
         lamprimeQTL*MHQ^(-2)*lamprimeQTLbar - 3/8*lamprimeQd[f97]*
         lamprimeQubar[f99]*gam[y99,p1,y97]*uspin[p2,y97]*vbspin[p1,y99
         ]*e_[l95,l6]*e_[l93,l2]*e_[l2,l6]*d_(m99,m97)*FourPi^(-2)*I^9*
         lamprimeQTL*MHQ^(-2)*lamprimeQTLbar - 3/8*lamprimeQd[f97]*
         lamprimeQubar[f99]*gam[y99,p2,y97]*uspin[p2,y97]*vbspin[p1,y99
         ]*e_[l95,l2]*e_[l93,l6]*e_[l2,l6]*d_(m99,m97)*FourPi^(-2)*I^9*
         lamprimeQTL*MHQ^(-2)*lamprimeQTLbar + 1/8*lamprimeQd[f97]*
         lamprimeQubar[f99]*gam[y99,p2,y97]*uspin[p2,y97]*vbspin[p1,y99
         ]*e_[l95,l2]*e_[l93,l6]*e_[l2,l6]*d_(m99,m97)*FourPi^(-2)*I^9*
         lamprimeQTL*MHT*MHQ^(-3)*lamprimeQTRbar - 3/8*lamprimeQd[f97]*
         lamprimeQubar[f99]*gam[y99,p2,y97]*uspin[p2,y97]*vbspin[p1,y99
         ]*e_[l95,l6]*e_[l93,l2]*e_[l2,l6]*d_(m99,m97)*FourPi^(-2)*I^9*
         lamprimeQTL*MHQ^(-2)*lamprimeQTLbar + 1/8*lamprimeQd[f97]*
         lamprimeQubar[f99]*gam[y99,p2,y97]*uspin[p2,y97]*vbspin[p1,y99
         ]*e_[l95,l6]*e_[l93,l2]*e_[l2,l6]*d_(m99,m97)*FourPi^(-2)*I^9*
         lamprimeQTL*MHT*MHQ^(-3)*lamprimeQTRbar + 11/16*lamprimeQd[f97
         ]*lamprimeQubar[f99]*gam[y99,p3,y97]*uspin[p2,y97]*vbspin[p1,
         y99]*e_[l95,l93]*d_(m99,m97)*FourPi^(-2)*I^9*g1^2*MHQ^(-2) - 1/
         2*lamprimeQd[f97]*lamprimeQubar[f99]*gam[y99,p3,y97]*uspin[p2,
         y97]*vbspin[p1,y99]*e_[l95,l93]*e_[l8,l6]*e_[l8,l6]*
         d_(m99,m97)*FourPi^(-2)*I^9*lamprimeQTL*MHT^(-1)*MHQ^(-1)*
         lamprimeQTRbar - 3/8*lamprimeQd[f97]*lamprimeQubar[f99]*gam[
         y99,p3,y97]*uspin[p2,y97]*vbspin[p1,y99]*e_[l95,l2]*e_[l93,l6]
         *e_[l2,l6]*d_(m99,m97)*FourPi^(-2)*I^9*lamprimeQTL*MHQ^(-2)*
         lamprimeQTLbar - 1/2*lamprimeQd[f97]*lamprimeQubar[f99]*gam[
         y99,p3,y97]*uspin[p2,y97]*vbspin[p1,y99]*e_[l95,l6]*e_[l93,l2]
         *e_[l2,l6]*d_(m99,m97)*FourPi^(-2)*I^9*lamprimeQTL*MHQ^(-2)*
         lamprimeQTLbar + 1/2*lamprimeQd[f97]*lamprimeQubar[f99]*gam[
         y99,p3,y97]*uspin[p2,y97]*vbspin[p1,y99]*e_[l95,l6]*e_[l93,l2]
         *e_[l2,l6]*d_(m99,m97)*FourPi^(-2)*I^9*lamprimeQTL*MHT*
         MHQ^(-3)*lamprimeQTRbar - 11/16*lamprimeQd[f97]*lamprimeQubar[
         f99]*gam[y99,p4,y97]*uspin[p2,y97]*vbspin[p1,y99]*e_[l95,l93]*
         d_(m99,m97)*FourPi^(-2)*I^9*g1^2*MHQ^(-2) + 1/2*lamprimeQd[f97
         ]*lamprimeQubar[f99]*gam[y99,p4,y97]*uspin[p2,y97]*vbspin[p1,
         y99]*e_[l95,l93]*e_[l8,l6]*e_[l8,l6]*d_(m99,m97)*FourPi^(-2)*
         I^9*lamprimeQTL*MHT^(-1)*MHQ^(-1)*lamprimeQTRbar - 1/2*
         lamprimeQd[f97]*lamprimeQubar[f99]*gam[y99,p4,y97]*uspin[p2,
         y97]*vbspin[p1,y99]*e_[l95,l2]*e_[l93,l6]*e_[l2,l6]*
         d_(m99,m97)*FourPi^(-2)*I^9*lamprimeQTL*MHQ^(-2)*
         lamprimeQTLbar + 1/2*lamprimeQd[f97]*lamprimeQubar[f99]*gam[
         y99,p4,y97]*uspin[p2,y97]*vbspin[p1,y99]*e_[l95,l2]*e_[l93,l6]
         *e_[l2,l6]*d_(m99,m97)*FourPi^(-2)*I^9*lamprimeQTL*MHT*
         MHQ^(-3)*lamprimeQTRbar - 3/8*lamprimeQd[f97]*lamprimeQubar[
         f99]*gam[y99,p4,y97]*uspin[p2,y97]*vbspin[p1,y99]*e_[l95,l6]*
         e_[l93,l2]*e_[l2,l6]*d_(m99,m97)*FourPi^(-2)*I^9*lamprimeQTL*
         MHQ^(-2)*lamprimeQTLbar + 1/2*yd[f4,f97]*lamprimebar[f4]*
         lamprimeQubar[f99]*gam[y99,FIVE,p1,y97]*uspin[p2,y97]*vbspin[
         p1,y99]*e_[l95,l2]*e_[l93,l6]*e_[l2,l6]*d_(m99,m97)*
         FourPi^(-2)*I^9*lamprimeQTR*MHQ^(-2) + 1/2*yd[f4,f97]*
         lamprimebar[f4]*lamprimeQubar[f99]*gam[y99,FIVE,p1,y97]*uspin[
         p2,y97]*vbspin[p1,y99]*e_[l95,l6]*e_[l93,l2]*e_[l2,l6]*
         d_(m99,m97)*FourPi^(-2)*I^9*lamprimeQTR*MHQ^(-2) - 3/8*yd[f4,
         f97]*lamprimebar[f4]*lamprimeQubar[f99]*gam[y99,FIVE,p2,y97]*
         uspin[p2,y97]*vbspin[p1,y99]*e_[l95,l2]*e_[l93,l6]*e_[l2,l6]*
         d_(m99,m97)*FourPi^(-2)*I^9*lamprimeQTL*MHT^(-1)*MHQ^(-1) - 3/
         8*yd[f4,f97]*lamprimebar[f4]*lamprimeQubar[f99]*gam[y99,FIVE,
         p2,y97]*uspin[p2,y97]*vbspin[p1,y99]*e_[l95,l6]*e_[l93,l2]*e_[
         l2,l6]*d_(m99,m97)*FourPi^(-2)*I^9*lamprimeQTL*MHT^(-1)*
         MHQ^(-1) + 1/2*yd[f4,f97]*lamprimebar[f4]*lamprimeQubar[f99]*
         gam[y99,FIVE,p3,y97]*uspin[p2,y97]*vbspin[p1,y99]*e_[l95,l2]*
         e_[l93,l6]*e_[l2,l6]*d_(m99,m97)*FourPi^(-2)*I^9*lamprimeQTR*
         MHQ^(-2) - 1/4*yd[f4,f97]*lamprimebar[f4]*lamprimeQubar[f99]*
         gam[y99,FIVE,p3,y97]*uspin[p2,y97]*vbspin[p1,y99]*e_[l95,l6]*
         e_[l93,l2]*e_[l2,l6]*d_(m99,m97)*FourPi^(-2)*I^9*lamprimeQTL*
         MHT^(-1)*MHQ^(-1) - 1/4*yd[f4,f97]*lamprimebar[f4]*
         lamprimeQubar[f99]*gam[y99,FIVE,p4,y97]*uspin[p2,y97]*vbspin[
         p1,y99]*e_[l95,l2]*e_[l93,l6]*e_[l2,l6]*d_(m99,m97)*
         FourPi^(-2)*I^9*lamprimeQTL*MHT^(-1)*MHQ^(-1) + 1/2*yd[f4,f97]
         *lamprimebar[f4]*lamprimeQubar[f99]*gam[y99,FIVE,p4,y97]*
         uspin[p2,y97]*vbspin[p1,y99]*e_[l95,l6]*e_[l93,l2]*e_[l2,l6]*
         d_(m99,m97)*FourPi^(-2)*I^9*lamprimeQTR*MHQ^(-2) - 1/2*yd[f4,
         f97]*lamprimebar[f4]*lamprimeQubar[f99]*gam[y99,p1,y97]*uspin[
         p2,y97]*vbspin[p1,y99]*e_[l95,l2]*e_[l93,l6]*e_[l2,l6]*
         d_(m99,m97)*FourPi^(-2)*I^9*lamprimeQTR*MHQ^(-2) - 1/2*yd[f4,
         f97]*lamprimebar[f4]*lamprimeQubar[f99]*gam[y99,p1,y97]*uspin[
         p2,y97]*vbspin[p1,y99]*e_[l95,l6]*e_[l93,l2]*e_[l2,l6]*
         d_(m99,m97)*FourPi^(-2)*I^9*lamprimeQTR*MHQ^(-2) + 3/8*yd[f4,
         f97]*lamprimebar[f4]*lamprimeQubar[f99]*gam[y99,p2,y97]*uspin[
         p2,y97]*vbspin[p1,y99]*e_[l95,l2]*e_[l93,l6]*e_[l2,l6]*
         d_(m99,m97)*FourPi^(-2)*I^9*lamprimeQTL*MHT^(-1)*MHQ^(-1) + 3/
         8*yd[f4,f97]*lamprimebar[f4]*lamprimeQubar[f99]*gam[y99,p2,y97
         ]*uspin[p2,y97]*vbspin[p1,y99]*e_[l95,l6]*e_[l93,l2]*e_[l2,l6]
         *d_(m99,m97)*FourPi^(-2)*I^9*lamprimeQTL*MHT^(-1)*MHQ^(-1) - 1/
         2*yd[f4,f97]*lamprimebar[f4]*lamprimeQubar[f99]*gam[y99,p3,y97
         ]*uspin[p2,y97]*vbspin[p1,y99]*e_[l95,l2]*e_[l93,l6]*e_[l2,l6]
         *d_(m99,m97)*FourPi^(-2)*I^9*lamprimeQTR*MHQ^(-2) + 1/4*yd[f4,
         f97]*lamprimebar[f4]*lamprimeQubar[f99]*gam[y99,p3,y97]*uspin[
         p2,y97]*vbspin[p1,y99]*e_[l95,l6]*e_[l93,l2]*e_[l2,l6]*
         d_(m99,m97)*FourPi^(-2)*I^9*lamprimeQTL*MHT^(-1)*MHQ^(-1) + 1/
         4*yd[f4,f97]*lamprimebar[f4]*lamprimeQubar[f99]*gam[y99,p4,y97
         ]*uspin[p2,y97]*vbspin[p1,y99]*e_[l95,l2]*e_[l93,l6]*e_[l2,l6]
         *d_(m99,m97)*FourPi^(-2)*I^9*lamprimeQTL*MHT^(-1)*MHQ^(-1) - 1/
         2*yd[f4,f97]*lamprimebar[f4]*lamprimeQubar[f99]*gam[y99,p4,y97
         ]*uspin[p2,y97]*vbspin[p1,y99]*e_[l95,l6]*e_[l93,l2]*e_[l2,l6]
         *d_(m99,m97)*FourPi^(-2)*I^9*lamprimeQTR*MHQ^(-2) - 1/2/(MHQ^2
          - MHT^2)*Log[MHQ^2]*lamprimeQd[f97]*lamprimeQubar[f99]*gam[
         y99,FIVE,p1,y97]*uspin[p2,y97]*vbspin[p1,y99]*e_[l95,l2]*e_[
         l93,l6]*e_[l2,l6]*d_(m99,m97)*FourPi^(-2)*I^9*lamprimeQTR*
         lamprimeQTRbar - 1/2/(MHQ^2 - MHT^2)*Log[MHQ^2]*lamprimeQd[f97
         ]*lamprimeQubar[f99]*gam[y99,FIVE,p1,y97]*uspin[p2,y97]*
         vbspin[p1,y99]*e_[l95,l2]*e_[l93,l6]*e_[l2,l6]*d_(m99,m97)*
         FourPi^(-2)*I^9*lamprimeQTR*MHT*MHQ^(-1)*lamprimeQTLbar - 1/2
         /(MHQ^2 - MHT^2)*Log[MHQ^2]*lamprimeQd[f97]*lamprimeQubar[f99]
         *gam[y99,FIVE,p1,y97]*uspin[p2,y97]*vbspin[p1,y99]*e_[l95,l6]*
         e_[l93,l2]*e_[l2,l6]*d_(m99,m97)*FourPi^(-2)*I^9*lamprimeQTR*
         lamprimeQTRbar - 1/2/(MHQ^2 - MHT^2)*Log[MHQ^2]*lamprimeQd[f97
         ]*lamprimeQubar[f99]*gam[y99,FIVE,p1,y97]*uspin[p2,y97]*
         vbspin[p1,y99]*e_[l95,l6]*e_[l93,l2]*e_[l2,l6]*d_(m99,m97)*
         FourPi^(-2)*I^9*lamprimeQTR*MHT*MHQ^(-1)*lamprimeQTLbar + 1/4
         /(MHQ^2 - MHT^2)*Log[MHQ^2]*lamprimeQd[f97]*lamprimeQubar[f99]
         *gam[y99,FIVE,p2,y97]*uspin[p2,y97]*vbspin[p1,y99]*e_[l95,l2]*
         e_[l93,l6]*e_[l2,l6]*d_(m99,m97)*FourPi^(-2)*I^9*lamprimeQTL*
         lamprimeQTLbar + 1/4/(MHQ^2 - MHT^2)*Log[MHQ^2]*lamprimeQd[f97
         ]*lamprimeQubar[f99]*gam[y99,FIVE,p2,y97]*uspin[p2,y97]*
         vbspin[p1,y99]*e_[l95,l2]*e_[l93,l6]*e_[l2,l6]*d_(m99,m97)*
         FourPi^(-2)*I^9*lamprimeQTL*MHT*MHQ^(-1)*lamprimeQTRbar + 1/4
         /(MHQ^2 - MHT^2)*Log[MHQ^2]*lamprimeQd[f97]*lamprimeQubar[f99]
         *gam[y99,FIVE,p2,y97]*uspin[p2,y97]*vbspin[p1,y99]*e_[l95,l6]*
         e_[l93,l2]*e_[l2,l6]*d_(m99,m97)*FourPi^(-2)*I^9*lamprimeQTL*
         lamprimeQTLbar + 1/4/(MHQ^2 - MHT^2)*Log[MHQ^2]*lamprimeQd[f97
         ]*lamprimeQubar[f99]*gam[y99,FIVE,p2,y97]*uspin[p2,y97]*
         vbspin[p1,y99]*e_[l95,l6]*e_[l93,l2]*e_[l2,l6]*d_(m99,m97)*
         FourPi^(-2)*I^9*lamprimeQTL*MHT*MHQ^(-1)*lamprimeQTRbar - 1/2
         /(MHQ^2 - MHT^2)*Log[MHQ^2]*lamprimeQd[f97]*lamprimeQubar[f99]
         *gam[y99,FIVE,p3,y97]*uspin[p2,y97]*vbspin[p1,y99]*e_[l95,l2]*
         e_[l93,l6]*e_[l2,l6]*d_(m99,m97)*FourPi^(-2)*I^9*lamprimeQTR*
         lamprimeQTRbar - 1/2/(MHQ^2 - MHT^2)*Log[MHQ^2]*lamprimeQd[f97
         ]*lamprimeQubar[f99]*gam[y99,FIVE,p3,y97]*uspin[p2,y97]*
         vbspin[p1,y99]*e_[l95,l2]*e_[l93,l6]*e_[l2,l6]*d_(m99,m97)*
         FourPi^(-2)*I^9*lamprimeQTR*MHT*MHQ^(-1)*lamprimeQTLbar + 1/2
         /(MHQ^2 - MHT^2)*Log[MHQ^2]*lamprimeQd[f97]*lamprimeQubar[f99]
         *gam[y99,FIVE,p3,y97]*uspin[p2,y97]*vbspin[p1,y99]*e_[l95,l6]*
         e_[l93,l2]*e_[l2,l6]*d_(m99,m97)*FourPi^(-2)*I^9*lamprimeQTL*
         lamprimeQTLbar + 1/2/(MHQ^2 - MHT^2)*Log[MHQ^2]*lamprimeQd[f97
         ]*lamprimeQubar[f99]*gam[y99,FIVE,p4,y97]*uspin[p2,y97]*
         vbspin[p1,y99]*e_[l95,l2]*e_[l93,l6]*e_[l2,l6]*d_(m99,m97)*
         FourPi^(-2)*I^9*lamprimeQTL*lamprimeQTLbar - 1/2/(MHQ^2 - 
         MHT^2)*Log[MHQ^2]*lamprimeQd[f97]*lamprimeQubar[f99]*gam[y99,
         FIVE,p4,y97]*uspin[p2,y97]*vbspin[p1,y99]*e_[l95,l6]*e_[l93,l2
         ]*e_[l2,l6]*d_(m99,m97)*FourPi^(-2)*I^9*lamprimeQTR*
         lamprimeQTRbar - 1/2/(MHQ^2 - MHT^2)*Log[MHQ^2]*lamprimeQd[f97
         ]*lamprimeQubar[f99]*gam[y99,FIVE,p4,y97]*uspin[p2,y97]*
         vbspin[p1,y99]*e_[l95,l6]*e_[l93,l2]*e_[l2,l6]*d_(m99,m97)*
         FourPi^(-2)*I^9*lamprimeQTR*MHT*MHQ^(-1)*lamprimeQTLbar + 1/2
         /(MHQ^2 - MHT^2)*Log[MHQ^2]*lamprimeQd[f97]*lamprimeQubar[f99]
         *gam[y99,p1,y97]*uspin[p2,y97]*vbspin[p1,y99]*e_[l95,l2]*e_[
         l93,l6]*e_[l2,l6]*d_(m99,m97)*FourPi^(-2)*I^9*lamprimeQTR*
         lamprimeQTRbar + 1/2/(MHQ^2 - MHT^2)*Log[MHQ^2]*lamprimeQd[f97
         ]*lamprimeQubar[f99]*gam[y99,p1,y97]*uspin[p2,y97]*vbspin[p1,
         y99]*e_[l95,l2]*e_[l93,l6]*e_[l2,l6]*d_(m99,m97)*FourPi^(-2)*
         I^9*lamprimeQTR*MHT*MHQ^(-1)*lamprimeQTLbar + 1/2/(MHQ^2 - 
         MHT^2)*Log[MHQ^2]*lamprimeQd[f97]*lamprimeQubar[f99]*gam[y99,
         p1,y97]*uspin[p2,y97]*vbspin[p1,y99]*e_[l95,l6]*e_[l93,l2]*e_[
         l2,l6]*d_(m99,m97)*FourPi^(-2)*I^9*lamprimeQTR*lamprimeQTRbar
          + 1/2/(MHQ^2 - MHT^2)*Log[MHQ^2]*lamprimeQd[f97]*
         lamprimeQubar[f99]*gam[y99,p1,y97]*uspin[p2,y97]*vbspin[p1,y99
         ]*e_[l95,l6]*e_[l93,l2]*e_[l2,l6]*d_(m99,m97)*FourPi^(-2)*I^9*
         lamprimeQTR*MHT*MHQ^(-1)*lamprimeQTLbar - 1/4/(MHQ^2 - MHT^2)*
         Log[MHQ^2]*lamprimeQd[f97]*lamprimeQubar[f99]*gam[y99,p2,y97]*
         uspin[p2,y97]*vbspin[p1,y99]*e_[l95,l2]*e_[l93,l6]*e_[l2,l6]*
         d_(m99,m97)*FourPi^(-2)*I^9*lamprimeQTL*lamprimeQTLbar - 1/4/(
         MHQ^2 - MHT^2)*Log[MHQ^2]*lamprimeQd[f97]*lamprimeQubar[f99]*
         gam[y99,p2,y97]*uspin[p2,y97]*vbspin[p1,y99]*e_[l95,l2]*e_[l93
         ,l6]*e_[l2,l6]*d_(m99,m97)*FourPi^(-2)*I^9*lamprimeQTL*MHT*
         MHQ^(-1)*lamprimeQTRbar - 1/4/(MHQ^2 - MHT^2)*Log[MHQ^2]*
         lamprimeQd[f97]*lamprimeQubar[f99]*gam[y99,p2,y97]*uspin[p2,
         y97]*vbspin[p1,y99]*e_[l95,l6]*e_[l93,l2]*e_[l2,l6]*
         d_(m99,m97)*FourPi^(-2)*I^9*lamprimeQTL*lamprimeQTLbar - 1/4/(
         MHQ^2 - MHT^2)*Log[MHQ^2]*lamprimeQd[f97]*lamprimeQubar[f99]*
         gam[y99,p2,y97]*uspin[p2,y97]*vbspin[p1,y99]*e_[l95,l6]*e_[l93
         ,l2]*e_[l2,l6]*d_(m99,m97)*FourPi^(-2)*I^9*lamprimeQTL*MHT*
         MHQ^(-1)*lamprimeQTRbar + 1/2/(MHQ^2 - MHT^2)*Log[MHQ^2]*
         lamprimeQd[f97]*lamprimeQubar[f99]*gam[y99,p3,y97]*uspin[p2,
         y97]*vbspin[p1,y99]*e_[l95,l2]*e_[l93,l6]*e_[l2,l6]*
         d_(m99,m97)*FourPi^(-2)*I^9*lamprimeQTR*lamprimeQTRbar + 1/2/(
         MHQ^2 - MHT^2)*Log[MHQ^2]*lamprimeQd[f97]*lamprimeQubar[f99]*
         gam[y99,p3,y97]*uspin[p2,y97]*vbspin[p1,y99]*e_[l95,l2]*e_[l93
         ,l6]*e_[l2,l6]*d_(m99,m97)*FourPi^(-2)*I^9*lamprimeQTR*MHT*
         MHQ^(-1)*lamprimeQTLbar - 1/2/(MHQ^2 - MHT^2)*Log[MHQ^2]*
         lamprimeQd[f97]*lamprimeQubar[f99]*gam[y99,p3,y97]*uspin[p2,
         y97]*vbspin[p1,y99]*e_[l95,l6]*e_[l93,l2]*e_[l2,l6]*
         d_(m99,m97)*FourPi^(-2)*I^9*lamprimeQTL*lamprimeQTLbar - 1/2/(
         MHQ^2 - MHT^2)*Log[MHQ^2]*lamprimeQd[f97]*lamprimeQubar[f99]*
         gam[y99,p4,y97]*uspin[p2,y97]*vbspin[p1,y99]*e_[l95,l2]*e_[l93
         ,l6]*e_[l2,l6]*d_(m99,m97)*FourPi^(-2)*I^9*lamprimeQTL*
         lamprimeQTLbar + 1/2/(MHQ^2 - MHT^2)*Log[MHQ^2]*lamprimeQd[f97
         ]*lamprimeQubar[f99]*gam[y99,p4,y97]*uspin[p2,y97]*vbspin[p1,
         y99]*e_[l95,l6]*e_[l93,l2]*e_[l2,l6]*d_(m99,m97)*FourPi^(-2)*
         I^9*lamprimeQTR*lamprimeQTRbar + 1/2/(MHQ^2 - MHT^2)*Log[MHQ^2
         ]*lamprimeQd[f97]*lamprimeQubar[f99]*gam[y99,p4,y97]*uspin[p2,
         y97]*vbspin[p1,y99]*e_[l95,l6]*e_[l93,l2]*e_[l2,l6]*
         d_(m99,m97)*FourPi^(-2)*I^9*lamprimeQTR*MHT*MHQ^(-1)*
         lamprimeQTLbar + 1/2/(MHQ^2 - MHT^2)*Log[MHT^2]*lamprimeQd[f97
         ]*lamprimeQubar[f99]*gam[y99,FIVE,p1,y97]*uspin[p2,y97]*
         vbspin[p1,y99]*e_[l95,l2]*e_[l93,l6]*e_[l2,l6]*d_(m99,m97)*
         FourPi^(-2)*I^9*lamprimeQTR*MHT^2*MHQ^(-2)*lamprimeQTRbar + 1/
         2/(MHQ^2 - MHT^2)*Log[MHT^2]*lamprimeQd[f97]*lamprimeQubar[f99
         ]*gam[y99,FIVE,p1,y97]*uspin[p2,y97]*vbspin[p1,y99]*e_[l95,l2]
         *e_[l93,l6]*e_[l2,l6]*d_(m99,m97)*FourPi^(-2)*I^9*lamprimeQTR*
         MHT^3*MHQ^(-3)*lamprimeQTLbar + 1/2/(MHQ^2 - MHT^2)*Log[MHT^2]
         *lamprimeQd[f97]*lamprimeQubar[f99]*gam[y99,FIVE,p1,y97]*
         uspin[p2,y97]*vbspin[p1,y99]*e_[l95,l6]*e_[l93,l2]*e_[l2,l6]*
         d_(m99,m97)*FourPi^(-2)*I^9*lamprimeQTR*MHT^2*MHQ^(-2)*
         lamprimeQTRbar + 1/2/(MHQ^2 - MHT^2)*Log[MHT^2]*lamprimeQd[f97
         ]*lamprimeQubar[f99]*gam[y99,FIVE,p1,y97]*uspin[p2,y97]*
         vbspin[p1,y99]*e_[l95,l6]*e_[l93,l2]*e_[l2,l6]*d_(m99,m97)*
         FourPi^(-2)*I^9*lamprimeQTR*MHT^3*MHQ^(-3)*lamprimeQTLbar - 1/
         4/(MHQ^2 - MHT^2)*Log[MHT^2]*lamprimeQd[f97]*lamprimeQubar[f99
         ]*gam[y99,FIVE,p2,y97]*uspin[p2,y97]*vbspin[p1,y99]*e_[l95,l2]
         *e_[l93,l6]*e_[l2,l6]*d_(m99,m97)*FourPi^(-2)*I^9*lamprimeQTL*
         MHT^2*MHQ^(-2)*lamprimeQTLbar - 1/4/(MHQ^2 - MHT^2)*Log[MHT^2]
         *lamprimeQd[f97]*lamprimeQubar[f99]*gam[y99,FIVE,p2,y97]*
         uspin[p2,y97]*vbspin[p1,y99]*e_[l95,l2]*e_[l93,l6]*e_[l2,l6]*
         d_(m99,m97)*FourPi^(-2)*I^9*lamprimeQTL*MHT^3*MHQ^(-3)*
         lamprimeQTRbar - 1/4/(MHQ^2 - MHT^2)*Log[MHT^2]*lamprimeQd[f97
         ]*lamprimeQubar[f99]*gam[y99,FIVE,p2,y97]*uspin[p2,y97]*
         vbspin[p1,y99]*e_[l95,l6]*e_[l93,l2]*e_[l2,l6]*d_(m99,m97)*
         FourPi^(-2)*I^9*lamprimeQTL*MHT^2*MHQ^(-2)*lamprimeQTLbar - 1/
         4/(MHQ^2 - MHT^2)*Log[MHT^2]*lamprimeQd[f97]*lamprimeQubar[f99
         ]*gam[y99,FIVE,p2,y97]*uspin[p2,y97]*vbspin[p1,y99]*e_[l95,l6]
         *e_[l93,l2]*e_[l2,l6]*d_(m99,m97)*FourPi^(-2)*I^9*lamprimeQTL*
         MHT^3*MHQ^(-3)*lamprimeQTRbar + 1/2/(MHQ^2 - MHT^2)*Log[MHT^2]
         *lamprimeQd[f97]*lamprimeQubar[f99]*gam[y99,FIVE,p3,y97]*
         uspin[p2,y97]*vbspin[p1,y99]*e_[l95,l2]*e_[l93,l6]*e_[l2,l6]*
         d_(m99,m97)*FourPi^(-2)*I^9*lamprimeQTR*MHT^2*MHQ^(-2)*
         lamprimeQTRbar + 1/2/(MHQ^2 - MHT^2)*Log[MHT^2]*lamprimeQd[f97
         ]*lamprimeQubar[f99]*gam[y99,FIVE,p3,y97]*uspin[p2,y97]*
         vbspin[p1,y99]*e_[l95,l2]*e_[l93,l6]*e_[l2,l6]*d_(m99,m97)*
         FourPi^(-2)*I^9*lamprimeQTR*MHT^3*MHQ^(-3)*lamprimeQTLbar + 1/
         4/(MHQ^2 - MHT^2)*Log[MHT^2]*lamprimeQd[f97]*lamprimeQubar[f99
         ]*gam[y99,FIVE,p3,y97]*uspin[p2,y97]*vbspin[p1,y99]*e_[l95,l6]
         *e_[l93,l2]*e_[l2,l6]*d_(m99,m97)*FourPi^(-2)*I^9*lamprimeQTL*
         lamprimeQTLbar + 1/4/(MHQ^2 - MHT^2)*Log[MHT^2]*lamprimeQd[f97
         ]*lamprimeQubar[f99]*gam[y99,FIVE,p3,y97]*uspin[p2,y97]*
         vbspin[p1,y99]*e_[l95,l6]*e_[l93,l2]*e_[l2,l6]*d_(m99,m97)*
         FourPi^(-2)*I^9*lamprimeQTL*MHT*MHQ^(-1)*lamprimeQTRbar - 1/2
         /(MHQ^2 - MHT^2)*Log[MHT^2]*lamprimeQd[f97]*lamprimeQubar[f99]
         *gam[y99,FIVE,p3,y97]*uspin[p2,y97]*vbspin[p1,y99]*e_[l95,l6]*
         e_[l93,l2]*e_[l2,l6]*d_(m99,m97)*FourPi^(-2)*I^9*lamprimeQTL*
         MHT^2*MHQ^(-2)*lamprimeQTLbar + 1/4/(MHQ^2 - MHT^2)*Log[MHT^2]
         *lamprimeQd[f97]*lamprimeQubar[f99]*gam[y99,FIVE,p4,y97]*
         uspin[p2,y97]*vbspin[p1,y99]*e_[l95,l2]*e_[l93,l6]*e_[l2,l6]*
         d_(m99,m97)*FourPi^(-2)*I^9*lamprimeQTL*lamprimeQTLbar + 1/4/(
         MHQ^2 - MHT^2)*Log[MHT^2]*lamprimeQd[f97]*lamprimeQubar[f99]*
         gam[y99,FIVE,p4,y97]*uspin[p2,y97]*vbspin[p1,y99]*e_[l95,l2]*
         e_[l93,l6]*e_[l2,l6]*d_(m99,m97)*FourPi^(-2)*I^9*lamprimeQTL*
         MHT*MHQ^(-1)*lamprimeQTRbar - 1/2/(MHQ^2 - MHT^2)*Log[MHT^2]*
         lamprimeQd[f97]*lamprimeQubar[f99]*gam[y99,FIVE,p4,y97]*uspin[
         p2,y97]*vbspin[p1,y99]*e_[l95,l2]*e_[l93,l6]*e_[l2,l6]*
         d_(m99,m97)*FourPi^(-2)*I^9*lamprimeQTL*MHT^2*MHQ^(-2)*
         lamprimeQTLbar + 1/2/(MHQ^2 - MHT^2)*Log[MHT^2]*lamprimeQd[f97
         ]*lamprimeQubar[f99]*gam[y99,FIVE,p4,y97]*uspin[p2,y97]*
         vbspin[p1,y99]*e_[l95,l6]*e_[l93,l2]*e_[l2,l6]*d_(m99,m97)*
         FourPi^(-2)*I^9*lamprimeQTR*MHT^2*MHQ^(-2)*lamprimeQTRbar + 1/
         2/(MHQ^2 - MHT^2)*Log[MHT^2]*lamprimeQd[f97]*lamprimeQubar[f99
         ]*gam[y99,FIVE,p4,y97]*uspin[p2,y97]*vbspin[p1,y99]*e_[l95,l6]
         *e_[l93,l2]*e_[l2,l6]*d_(m99,m97)*FourPi^(-2)*I^9*lamprimeQTR*
         MHT^3*MHQ^(-3)*lamprimeQTLbar - 1/2/(MHQ^2 - MHT^2)*Log[MHT^2]
         *lamprimeQd[f97]*lamprimeQubar[f99]*gam[y99,p1,y97]*uspin[p2,
         y97]*vbspin[p1,y99]*e_[l95,l2]*e_[l93,l6]*e_[l2,l6]*
         d_(m99,m97)*FourPi^(-2)*I^9*lamprimeQTR*MHT^2*MHQ^(-2)*
         lamprimeQTRbar - 1/2/(MHQ^2 - MHT^2)*Log[MHT^2]*lamprimeQd[f97
         ]*lamprimeQubar[f99]*gam[y99,p1,y97]*uspin[p2,y97]*vbspin[p1,
         y99]*e_[l95,l2]*e_[l93,l6]*e_[l2,l6]*d_(m99,m97)*FourPi^(-2)*
         I^9*lamprimeQTR*MHT^3*MHQ^(-3)*lamprimeQTLbar - 1/2/(MHQ^2 - 
         MHT^2)*Log[MHT^2]*lamprimeQd[f97]*lamprimeQubar[f99]*gam[y99,
         p1,y97]*uspin[p2,y97]*vbspin[p1,y99]*e_[l95,l6]*e_[l93,l2]*e_[
         l2,l6]*d_(m99,m97)*FourPi^(-2)*I^9*lamprimeQTR*MHT^2*MHQ^(-2)*
         lamprimeQTRbar - 1/2/(MHQ^2 - MHT^2)*Log[MHT^2]*lamprimeQd[f97
         ]*lamprimeQubar[f99]*gam[y99,p1,y97]*uspin[p2,y97]*vbspin[p1,
         y99]*e_[l95,l6]*e_[l93,l2]*e_[l2,l6]*d_(m99,m97)*FourPi^(-2)*
         I^9*lamprimeQTR*MHT^3*MHQ^(-3)*lamprimeQTLbar + 1/4/(MHQ^2 - 
         MHT^2)*Log[MHT^2]*lamprimeQd[f97]*lamprimeQubar[f99]*gam[y99,
         p2,y97]*uspin[p2,y97]*vbspin[p1,y99]*e_[l95,l2]*e_[l93,l6]*e_[
         l2,l6]*d_(m99,m97)*FourPi^(-2)*I^9*lamprimeQTL*MHT^2*MHQ^(-2)*
         lamprimeQTLbar + 1/4/(MHQ^2 - MHT^2)*Log[MHT^2]*lamprimeQd[f97
         ]*lamprimeQubar[f99]*gam[y99,p2,y97]*uspin[p2,y97]*vbspin[p1,
         y99]*e_[l95,l2]*e_[l93,l6]*e_[l2,l6]*d_(m99,m97)*FourPi^(-2)*
         I^9*lamprimeQTL*MHT^3*MHQ^(-3)*lamprimeQTRbar + 1/4/(MHQ^2 - 
         MHT^2)*Log[MHT^2]*lamprimeQd[f97]*lamprimeQubar[f99]*gam[y99,
         p2,y97]*uspin[p2,y97]*vbspin[p1,y99]*e_[l95,l6]*e_[l93,l2]*e_[
         l2,l6]*d_(m99,m97)*FourPi^(-2)*I^9*lamprimeQTL*MHT^2*MHQ^(-2)*
         lamprimeQTLbar + 1/4/(MHQ^2 - MHT^2)*Log[MHT^2]*lamprimeQd[f97
         ]*lamprimeQubar[f99]*gam[y99,p2,y97]*uspin[p2,y97]*vbspin[p1,
         y99]*e_[l95,l6]*e_[l93,l2]*e_[l2,l6]*d_(m99,m97)*FourPi^(-2)*
         I^9*lamprimeQTL*MHT^3*MHQ^(-3)*lamprimeQTRbar - 1/2/(MHQ^2 - 
         MHT^2)*Log[MHT^2]*lamprimeQd[f97]*lamprimeQubar[f99]*gam[y99,
         p3,y97]*uspin[p2,y97]*vbspin[p1,y99]*e_[l95,l2]*e_[l93,l6]*e_[
         l2,l6]*d_(m99,m97)*FourPi^(-2)*I^9*lamprimeQTR*MHT^2*MHQ^(-2)*
         lamprimeQTRbar - 1/2/(MHQ^2 - MHT^2)*Log[MHT^2]*lamprimeQd[f97
         ]*lamprimeQubar[f99]*gam[y99,p3,y97]*uspin[p2,y97]*vbspin[p1,
         y99]*e_[l95,l2]*e_[l93,l6]*e_[l2,l6]*d_(m99,m97)*FourPi^(-2)*
         I^9*lamprimeQTR*MHT^3*MHQ^(-3)*lamprimeQTLbar - 1/4/(MHQ^2 - 
         MHT^2)*Log[MHT^2]*lamprimeQd[f97]*lamprimeQubar[f99]*gam[y99,
         p3,y97]*uspin[p2,y97]*vbspin[p1,y99]*e_[l95,l6]*e_[l93,l2]*e_[
         l2,l6]*d_(m99,m97)*FourPi^(-2)*I^9*lamprimeQTL*lamprimeQTLbar
          - 1/4/(MHQ^2 - MHT^2)*Log[MHT^2]*lamprimeQd[f97]*
         lamprimeQubar[f99]*gam[y99,p3,y97]*uspin[p2,y97]*vbspin[p1,y99
         ]*e_[l95,l6]*e_[l93,l2]*e_[l2,l6]*d_(m99,m97)*FourPi^(-2)*I^9*
         lamprimeQTL*MHT*MHQ^(-1)*lamprimeQTRbar + 1/2/(MHQ^2 - MHT^2)*
         Log[MHT^2]*lamprimeQd[f97]*lamprimeQubar[f99]*gam[y99,p3,y97]*
         uspin[p2,y97]*vbspin[p1,y99]*e_[l95,l6]*e_[l93,l2]*e_[l2,l6]*
         d_(m99,m97)*FourPi^(-2)*I^9*lamprimeQTL*MHT^2*MHQ^(-2)*
         lamprimeQTLbar - 1/4/(MHQ^2 - MHT^2)*Log[MHT^2]*lamprimeQd[f97
         ]*lamprimeQubar[f99]*gam[y99,p4,y97]*uspin[p2,y97]*vbspin[p1,
         y99]*e_[l95,l2]*e_[l93,l6]*e_[l2,l6]*d_(m99,m97)*FourPi^(-2)*
         I^9*lamprimeQTL*lamprimeQTLbar - 1/4/(MHQ^2 - MHT^2)*Log[MHT^2
         ]*lamprimeQd[f97]*lamprimeQubar[f99]*gam[y99,p4,y97]*uspin[p2,
         y97]*vbspin[p1,y99]*e_[l95,l2]*e_[l93,l6]*e_[l2,l6]*
         d_(m99,m97)*FourPi^(-2)*I^9*lamprimeQTL*MHT*MHQ^(-1)*
         lamprimeQTRbar + 1/2/(MHQ^2 - MHT^2)*Log[MHT^2]*lamprimeQd[f97
         ]*lamprimeQubar[f99]*gam[y99,p4,y97]*uspin[p2,y97]*vbspin[p1,
         y99]*e_[l95,l2]*e_[l93,l6]*e_[l2,l6]*d_(m99,m97)*FourPi^(-2)*
         I^9*lamprimeQTL*MHT^2*MHQ^(-2)*lamprimeQTLbar - 1/2/(MHQ^2 - 
         MHT^2)*Log[MHT^2]*lamprimeQd[f97]*lamprimeQubar[f99]*gam[y99,
         p4,y97]*uspin[p2,y97]*vbspin[p1,y99]*e_[l95,l6]*e_[l93,l2]*e_[
         l2,l6]*d_(m99,m97)*FourPi^(-2)*I^9*lamprimeQTR*MHT^2*MHQ^(-2)*
         lamprimeQTRbar - 1/2/(MHQ^2 - MHT^2)*Log[MHT^2]*lamprimeQd[f97
         ]*lamprimeQubar[f99]*gam[y99,p4,y97]*uspin[p2,y97]*vbspin[p1,
         y99]*e_[l95,l6]*e_[l93,l2]*e_[l2,l6]*d_(m99,m97)*FourPi^(-2)*
         I^9*lamprimeQTR*MHT^3*MHQ^(-3)*lamprimeQTLbar + 1/2/(MHQ^2 - 
         MHT^2)*lamprimeQd[f97]*lamprimeQubar[f99]*gam[y99,FIVE,p1,y97]
         *uspin[p2,y97]*vbspin[p1,y99]*e_[l95,l2]*e_[l93,l6]*e_[l2,l6]*
         d_(m99,m97)*FourPi^(-2)*I^9*lamprimeQTR*lamprimeQTRbar + 1/2/(
         MHQ^2 - MHT^2)*lamprimeQd[f97]*lamprimeQubar[f99]*gam[y99,FIVE
         ,p1,y97]*uspin[p2,y97]*vbspin[p1,y99]*e_[l95,l2]*e_[l93,l6]*
         e_[l2,l6]*d_(m99,m97)*FourPi^(-2)*I^9*lamprimeQTR*MHT*MHQ^(-1)
         *lamprimeQTLbar - 1/2/(MHQ^2 - MHT^2)*lamprimeQd[f97]*
         lamprimeQubar[f99]*gam[y99,FIVE,p1,y97]*uspin[p2,y97]*vbspin[
         p1,y99]*e_[l95,l2]*e_[l93,l6]*e_[l2,l6]*d_(m99,m97)*
         FourPi^(-2)*I^9*lamprimeQTR*MHT^2*MHQ^(-2)*lamprimeQTRbar - 1/
         2/(MHQ^2 - MHT^2)*lamprimeQd[f97]*lamprimeQubar[f99]*gam[y99,
         FIVE,p1,y97]*uspin[p2,y97]*vbspin[p1,y99]*e_[l95,l2]*e_[l93,l6
         ]*e_[l2,l6]*d_(m99,m97)*FourPi^(-2)*I^9*lamprimeQTR*MHT^3*
         MHQ^(-3)*lamprimeQTLbar + 1/2/(MHQ^2 - MHT^2)*lamprimeQd[f97]*
         lamprimeQubar[f99]*gam[y99,FIVE,p1,y97]*uspin[p2,y97]*vbspin[
         p1,y99]*e_[l95,l6]*e_[l93,l2]*e_[l2,l6]*d_(m99,m97)*
         FourPi^(-2)*I^9*lamprimeQTR*lamprimeQTRbar + 1/2/(MHQ^2 - 
         MHT^2)*lamprimeQd[f97]*lamprimeQubar[f99]*gam[y99,FIVE,p1,y97]
         *uspin[p2,y97]*vbspin[p1,y99]*e_[l95,l6]*e_[l93,l2]*e_[l2,l6]*
         d_(m99,m97)*FourPi^(-2)*I^9*lamprimeQTR*MHT*MHQ^(-1)*
         lamprimeQTLbar - 1/2/(MHQ^2 - MHT^2)*lamprimeQd[f97]*
         lamprimeQubar[f99]*gam[y99,FIVE,p1,y97]*uspin[p2,y97]*vbspin[
         p1,y99]*e_[l95,l6]*e_[l93,l2]*e_[l2,l6]*d_(m99,m97)*
         FourPi^(-2)*I^9*lamprimeQTR*MHT^2*MHQ^(-2)*lamprimeQTRbar - 1/
         2/(MHQ^2 - MHT^2)*lamprimeQd[f97]*lamprimeQubar[f99]*gam[y99,
         FIVE,p1,y97]*uspin[p2,y97]*vbspin[p1,y99]*e_[l95,l6]*e_[l93,l2
         ]*e_[l2,l6]*d_(m99,m97)*FourPi^(-2)*I^9*lamprimeQTR*MHT^3*
         MHQ^(-3)*lamprimeQTLbar - 3/8/(MHQ^2 - MHT^2)*lamprimeQd[f97]*
         lamprimeQubar[f99]*gam[y99,FIVE,p2,y97]*uspin[p2,y97]*vbspin[
         p1,y99]*e_[l95,l2]*e_[l93,l6]*e_[l2,l6]*d_(m99,m97)*
         FourPi^(-2)*I^9*lamprimeQTL*lamprimeQTLbar - 3/8/(MHQ^2 - 
         MHT^2)*lamprimeQd[f97]*lamprimeQubar[f99]*gam[y99,FIVE,p2,y97]
         *uspin[p2,y97]*vbspin[p1,y99]*e_[l95,l2]*e_[l93,l6]*e_[l2,l6]*
         d_(m99,m97)*FourPi^(-2)*I^9*lamprimeQTL*MHT*MHQ^(-1)*
         lamprimeQTRbar + 3/8/(MHQ^2 - MHT^2)*lamprimeQd[f97]*
         lamprimeQubar[f99]*gam[y99,FIVE,p2,y97]*uspin[p2,y97]*vbspin[
         p1,y99]*e_[l95,l2]*e_[l93,l6]*e_[l2,l6]*d_(m99,m97)*
         FourPi^(-2)*I^9*lamprimeQTL*MHT^2*MHQ^(-2)*lamprimeQTLbar + 3/
         8/(MHQ^2 - MHT^2)*lamprimeQd[f97]*lamprimeQubar[f99]*gam[y99,
         FIVE,p2,y97]*uspin[p2,y97]*vbspin[p1,y99]*e_[l95,l2]*e_[l93,l6
         ]*e_[l2,l6]*d_(m99,m97)*FourPi^(-2)*I^9*lamprimeQTL*MHT^3*
         MHQ^(-3)*lamprimeQTRbar - 3/8/(MHQ^2 - MHT^2)*lamprimeQd[f97]*
         lamprimeQubar[f99]*gam[y99,FIVE,p2,y97]*uspin[p2,y97]*vbspin[
         p1,y99]*e_[l95,l6]*e_[l93,l2]*e_[l2,l6]*d_(m99,m97)*
         FourPi^(-2)*I^9*lamprimeQTL*lamprimeQTLbar - 3/8/(MHQ^2 - 
         MHT^2)*lamprimeQd[f97]*lamprimeQubar[f99]*gam[y99,FIVE,p2,y97]
         *uspin[p2,y97]*vbspin[p1,y99]*e_[l95,l6]*e_[l93,l2]*e_[l2,l6]*
         d_(m99,m97)*FourPi^(-2)*I^9*lamprimeQTL*MHT*MHQ^(-1)*
         lamprimeQTRbar + 3/8/(MHQ^2 - MHT^2)*lamprimeQd[f97]*
         lamprimeQubar[f99]*gam[y99,FIVE,p2,y97]*uspin[p2,y97]*vbspin[
         p1,y99]*e_[l95,l6]*e_[l93,l2]*e_[l2,l6]*d_(m99,m97)*
         FourPi^(-2)*I^9*lamprimeQTL*MHT^2*MHQ^(-2)*lamprimeQTLbar + 3/
         8/(MHQ^2 - MHT^2)*lamprimeQd[f97]*lamprimeQubar[f99]*gam[y99,
         FIVE,p2,y97]*uspin[p2,y97]*vbspin[p1,y99]*e_[l95,l6]*e_[l93,l2
         ]*e_[l2,l6]*d_(m99,m97)*FourPi^(-2)*I^9*lamprimeQTL*MHT^3*
         MHQ^(-3)*lamprimeQTRbar + 1/2/(MHQ^2 - MHT^2)*lamprimeQd[f97]*
         lamprimeQubar[f99]*gam[y99,FIVE,p3,y97]*uspin[p2,y97]*vbspin[
         p1,y99]*e_[l95,l2]*e_[l93,l6]*e_[l2,l6]*d_(m99,m97)*
         FourPi^(-2)*I^9*lamprimeQTR*lamprimeQTRbar + 1/2/(MHQ^2 - 
         MHT^2)*lamprimeQd[f97]*lamprimeQubar[f99]*gam[y99,FIVE,p3,y97]
         *uspin[p2,y97]*vbspin[p1,y99]*e_[l95,l2]*e_[l93,l6]*e_[l2,l6]*
         d_(m99,m97)*FourPi^(-2)*I^9*lamprimeQTR*MHT*MHQ^(-1)*
         lamprimeQTLbar - 1/2/(MHQ^2 - MHT^2)*lamprimeQd[f97]*
         lamprimeQubar[f99]*gam[y99,FIVE,p3,y97]*uspin[p2,y97]*vbspin[
         p1,y99]*e_[l95,l2]*e_[l93,l6]*e_[l2,l6]*d_(m99,m97)*
         FourPi^(-2)*I^9*lamprimeQTR*MHT^2*MHQ^(-2)*lamprimeQTRbar - 1/
         2/(MHQ^2 - MHT^2)*lamprimeQd[f97]*lamprimeQubar[f99]*gam[y99,
         FIVE,p3,y97]*uspin[p2,y97]*vbspin[p1,y99]*e_[l95,l2]*e_[l93,l6
         ]*e_[l2,l6]*d_(m99,m97)*FourPi^(-2)*I^9*lamprimeQTR*MHT^3*
         MHQ^(-3)*lamprimeQTLbar - 5/8/(MHQ^2 - MHT^2)*lamprimeQd[f97]*
         lamprimeQubar[f99]*gam[y99,FIVE,p3,y97]*uspin[p2,y97]*vbspin[
         p1,y99]*e_[l95,l6]*e_[l93,l2]*e_[l2,l6]*d_(m99,m97)*
         FourPi^(-2)*I^9*lamprimeQTL*lamprimeQTLbar - 1/8/(MHQ^2 - 
         MHT^2)*lamprimeQd[f97]*lamprimeQubar[f99]*gam[y99,FIVE,p3,y97]
         *uspin[p2,y97]*vbspin[p1,y99]*e_[l95,l6]*e_[l93,l2]*e_[l2,l6]*
         d_(m99,m97)*FourPi^(-2)*I^9*lamprimeQTL*MHT*MHQ^(-1)*
         lamprimeQTRbar + 1/2/(MHQ^2 - MHT^2)*lamprimeQd[f97]*
         lamprimeQubar[f99]*gam[y99,FIVE,p3,y97]*uspin[p2,y97]*vbspin[
         p1,y99]*e_[l95,l6]*e_[l93,l2]*e_[l2,l6]*d_(m99,m97)*
         FourPi^(-2)*I^9*lamprimeQTL*MHT^2*MHQ^(-2)*lamprimeQTLbar - 5/
         8/(MHQ^2 - MHT^2)*lamprimeQd[f97]*lamprimeQubar[f99]*gam[y99,
         FIVE,p4,y97]*uspin[p2,y97]*vbspin[p1,y99]*e_[l95,l2]*e_[l93,l6
         ]*e_[l2,l6]*d_(m99,m97)*FourPi^(-2)*I^9*lamprimeQTL*
         lamprimeQTLbar - 1/8/(MHQ^2 - MHT^2)*lamprimeQd[f97]*
         lamprimeQubar[f99]*gam[y99,FIVE,p4,y97]*uspin[p2,y97]*vbspin[
         p1,y99]*e_[l95,l2]*e_[l93,l6]*e_[l2,l6]*d_(m99,m97)*
         FourPi^(-2)*I^9*lamprimeQTL*MHT*MHQ^(-1)*lamprimeQTRbar + 1/2
         /(MHQ^2 - MHT^2)*lamprimeQd[f97]*lamprimeQubar[f99]*gam[y99,
         FIVE,p4,y97]*uspin[p2,y97]*vbspin[p1,y99]*e_[l95,l2]*e_[l93,l6
         ]*e_[l2,l6]*d_(m99,m97)*FourPi^(-2)*I^9*lamprimeQTL*MHT^2*
         MHQ^(-2)*lamprimeQTLbar + 1/2/(MHQ^2 - MHT^2)*lamprimeQd[f97]*
         lamprimeQubar[f99]*gam[y99,FIVE,p4,y97]*uspin[p2,y97]*vbspin[
         p1,y99]*e_[l95,l6]*e_[l93,l2]*e_[l2,l6]*d_(m99,m97)*
         FourPi^(-2)*I^9*lamprimeQTR*lamprimeQTRbar + 1/2/(MHQ^2 - 
         MHT^2)*lamprimeQd[f97]*lamprimeQubar[f99]*gam[y99,FIVE,p4,y97]
         *uspin[p2,y97]*vbspin[p1,y99]*e_[l95,l6]*e_[l93,l2]*e_[l2,l6]*
         d_(m99,m97)*FourPi^(-2)*I^9*lamprimeQTR*MHT*MHQ^(-1)*
         lamprimeQTLbar - 1/2/(MHQ^2 - MHT^2)*lamprimeQd[f97]*
         lamprimeQubar[f99]*gam[y99,FIVE,p4,y97]*uspin[p2,y97]*vbspin[
         p1,y99]*e_[l95,l6]*e_[l93,l2]*e_[l2,l6]*d_(m99,m97)*
         FourPi^(-2)*I^9*lamprimeQTR*MHT^2*MHQ^(-2)*lamprimeQTRbar - 1/
         2/(MHQ^2 - MHT^2)*lamprimeQd[f97]*lamprimeQubar[f99]*gam[y99,
         FIVE,p4,y97]*uspin[p2,y97]*vbspin[p1,y99]*e_[l95,l6]*e_[l93,l2
         ]*e_[l2,l6]*d_(m99,m97)*FourPi^(-2)*I^9*lamprimeQTR*MHT^3*
         MHQ^(-3)*lamprimeQTLbar - 1/2/(MHQ^2 - MHT^2)*lamprimeQd[f97]*
         lamprimeQubar[f99]*gam[y99,p1,y97]*uspin[p2,y97]*vbspin[p1,y99
         ]*e_[l95,l2]*e_[l93,l6]*e_[l2,l6]*d_(m99,m97)*FourPi^(-2)*I^9*
         lamprimeQTR*lamprimeQTRbar - 1/2/(MHQ^2 - MHT^2)*lamprimeQd[
         f97]*lamprimeQubar[f99]*gam[y99,p1,y97]*uspin[p2,y97]*vbspin[
         p1,y99]*e_[l95,l2]*e_[l93,l6]*e_[l2,l6]*d_(m99,m97)*
         FourPi^(-2)*I^9*lamprimeQTR*MHT*MHQ^(-1)*lamprimeQTLbar + 1/2
         /(MHQ^2 - MHT^2)*lamprimeQd[f97]*lamprimeQubar[f99]*gam[y99,p1
         ,y97]*uspin[p2,y97]*vbspin[p1,y99]*e_[l95,l2]*e_[l93,l6]*e_[l2
         ,l6]*d_(m99,m97)*FourPi^(-2)*I^9*lamprimeQTR*MHT^2*MHQ^(-2)*
         lamprimeQTRbar + 1/2/(MHQ^2 - MHT^2)*lamprimeQd[f97]*
         lamprimeQubar[f99]*gam[y99,p1,y97]*uspin[p2,y97]*vbspin[p1,y99
         ]*e_[l95,l2]*e_[l93,l6]*e_[l2,l6]*d_(m99,m97)*FourPi^(-2)*I^9*
         lamprimeQTR*MHT^3*MHQ^(-3)*lamprimeQTLbar - 1/2/(MHQ^2 - MHT^2
         )*lamprimeQd[f97]*lamprimeQubar[f99]*gam[y99,p1,y97]*uspin[p2,
         y97]*vbspin[p1,y99]*e_[l95,l6]*e_[l93,l2]*e_[l2,l6]*
         d_(m99,m97)*FourPi^(-2)*I^9*lamprimeQTR*lamprimeQTRbar - 1/2/(
         MHQ^2 - MHT^2)*lamprimeQd[f97]*lamprimeQubar[f99]*gam[y99,p1,
         y97]*uspin[p2,y97]*vbspin[p1,y99]*e_[l95,l6]*e_[l93,l2]*e_[l2,
         l6]*d_(m99,m97)*FourPi^(-2)*I^9*lamprimeQTR*MHT*MHQ^(-1)*
         lamprimeQTLbar + 1/2/(MHQ^2 - MHT^2)*lamprimeQd[f97]*
         lamprimeQubar[f99]*gam[y99,p1,y97]*uspin[p2,y97]*vbspin[p1,y99
         ]*e_[l95,l6]*e_[l93,l2]*e_[l2,l6]*d_(m99,m97)*FourPi^(-2)*I^9*
         lamprimeQTR*MHT^2*MHQ^(-2)*lamprimeQTRbar + 1/2/(MHQ^2 - MHT^2
         )*lamprimeQd[f97]*lamprimeQubar[f99]*gam[y99,p1,y97]*uspin[p2,
         y97]*vbspin[p1,y99]*e_[l95,l6]*e_[l93,l2]*e_[l2,l6]*
         d_(m99,m97)*FourPi^(-2)*I^9*lamprimeQTR*MHT^3*MHQ^(-3)*
         lamprimeQTLbar + 3/8/(MHQ^2 - MHT^2)*lamprimeQd[f97]*
         lamprimeQubar[f99]*gam[y99,p2,y97]*uspin[p2,y97]*vbspin[p1,y99
         ]*e_[l95,l2]*e_[l93,l6]*e_[l2,l6]*d_(m99,m97)*FourPi^(-2)*I^9*
         lamprimeQTL*lamprimeQTLbar + 3/8/(MHQ^2 - MHT^2)*lamprimeQd[
         f97]*lamprimeQubar[f99]*gam[y99,p2,y97]*uspin[p2,y97]*vbspin[
         p1,y99]*e_[l95,l2]*e_[l93,l6]*e_[l2,l6]*d_(m99,m97)*
         FourPi^(-2)*I^9*lamprimeQTL*MHT*MHQ^(-1)*lamprimeQTRbar - 3/8
         /(MHQ^2 - MHT^2)*lamprimeQd[f97]*lamprimeQubar[f99]*gam[y99,p2
         ,y97]*uspin[p2,y97]*vbspin[p1,y99]*e_[l95,l2]*e_[l93,l6]*e_[l2
         ,l6]*d_(m99,m97)*FourPi^(-2)*I^9*lamprimeQTL*MHT^2*MHQ^(-2)*
         lamprimeQTLbar - 3/8/(MHQ^2 - MHT^2)*lamprimeQd[f97]*
         lamprimeQubar[f99]*gam[y99,p2,y97]*uspin[p2,y97]*vbspin[p1,y99
         ]*e_[l95,l2]*e_[l93,l6]*e_[l2,l6]*d_(m99,m97)*FourPi^(-2)*I^9*
         lamprimeQTL*MHT^3*MHQ^(-3)*lamprimeQTRbar + 3/8/(MHQ^2 - MHT^2
         )*lamprimeQd[f97]*lamprimeQubar[f99]*gam[y99,p2,y97]*uspin[p2,
         y97]*vbspin[p1,y99]*e_[l95,l6]*e_[l93,l2]*e_[l2,l6]*
         d_(m99,m97)*FourPi^(-2)*I^9*lamprimeQTL*lamprimeQTLbar + 3/8/(
         MHQ^2 - MHT^2)*lamprimeQd[f97]*lamprimeQubar[f99]*gam[y99,p2,
         y97]*uspin[p2,y97]*vbspin[p1,y99]*e_[l95,l6]*e_[l93,l2]*e_[l2,
         l6]*d_(m99,m97)*FourPi^(-2)*I^9*lamprimeQTL*MHT*MHQ^(-1)*
         lamprimeQTRbar - 3/8/(MHQ^2 - MHT^2)*lamprimeQd[f97]*
         lamprimeQubar[f99]*gam[y99,p2,y97]*uspin[p2,y97]*vbspin[p1,y99
         ]*e_[l95,l6]*e_[l93,l2]*e_[l2,l6]*d_(m99,m97)*FourPi^(-2)*I^9*
         lamprimeQTL*MHT^2*MHQ^(-2)*lamprimeQTLbar - 3/8/(MHQ^2 - MHT^2
         )*lamprimeQd[f97]*lamprimeQubar[f99]*gam[y99,p2,y97]*uspin[p2,
         y97]*vbspin[p1,y99]*e_[l95,l6]*e_[l93,l2]*e_[l2,l6]*
         d_(m99,m97)*FourPi^(-2)*I^9*lamprimeQTL*MHT^3*MHQ^(-3)*
         lamprimeQTRbar - 1/2/(MHQ^2 - MHT^2)*lamprimeQd[f97]*
         lamprimeQubar[f99]*gam[y99,p3,y97]*uspin[p2,y97]*vbspin[p1,y99
         ]*e_[l95,l2]*e_[l93,l6]*e_[l2,l6]*d_(m99,m97)*FourPi^(-2)*I^9*
         lamprimeQTR*lamprimeQTRbar - 1/2/(MHQ^2 - MHT^2)*lamprimeQd[
         f97]*lamprimeQubar[f99]*gam[y99,p3,y97]*uspin[p2,y97]*vbspin[
         p1,y99]*e_[l95,l2]*e_[l93,l6]*e_[l2,l6]*d_(m99,m97)*
         FourPi^(-2)*I^9*lamprimeQTR*MHT*MHQ^(-1)*lamprimeQTLbar + 1/2
         /(MHQ^2 - MHT^2)*lamprimeQd[f97]*lamprimeQubar[f99]*gam[y99,p3
         ,y97]*uspin[p2,y97]*vbspin[p1,y99]*e_[l95,l2]*e_[l93,l6]*e_[l2
         ,l6]*d_(m99,m97)*FourPi^(-2)*I^9*lamprimeQTR*MHT^2*MHQ^(-2)*
         lamprimeQTRbar + 1/2/(MHQ^2 - MHT^2)*lamprimeQd[f97]*
         lamprimeQubar[f99]*gam[y99,p3,y97]*uspin[p2,y97]*vbspin[p1,y99
         ]*e_[l95,l2]*e_[l93,l6]*e_[l2,l6]*d_(m99,m97)*FourPi^(-2)*I^9*
         lamprimeQTR*MHT^3*MHQ^(-3)*lamprimeQTLbar + 5/8/(MHQ^2 - MHT^2
         )*lamprimeQd[f97]*lamprimeQubar[f99]*gam[y99,p3,y97]*uspin[p2,
         y97]*vbspin[p1,y99]*e_[l95,l6]*e_[l93,l2]*e_[l2,l6]*
         d_(m99,m97)*FourPi^(-2)*I^9*lamprimeQTL*lamprimeQTLbar + 1/8/(
         MHQ^2 - MHT^2)*lamprimeQd[f97]*lamprimeQubar[f99]*gam[y99,p3,
         y97]*uspin[p2,y97]*vbspin[p1,y99]*e_[l95,l6]*e_[l93,l2]*e_[l2,
         l6]*d_(m99,m97)*FourPi^(-2)*I^9*lamprimeQTL*MHT*MHQ^(-1)*
         lamprimeQTRbar - 1/2/(MHQ^2 - MHT^2)*lamprimeQd[f97]*
         lamprimeQubar[f99]*gam[y99,p3,y97]*uspin[p2,y97]*vbspin[p1,y99
         ]*e_[l95,l6]*e_[l93,l2]*e_[l2,l6]*d_(m99,m97)*FourPi^(-2)*I^9*
         lamprimeQTL*MHT^2*MHQ^(-2)*lamprimeQTLbar + 5/8/(MHQ^2 - MHT^2
         )*lamprimeQd[f97]*lamprimeQubar[f99]*gam[y99,p4,y97]*uspin[p2,
         y97]*vbspin[p1,y99]*e_[l95,l2]*e_[l93,l6]*e_[l2,l6]*
         d_(m99,m97)*FourPi^(-2)*I^9*lamprimeQTL*lamprimeQTLbar + 1/8/(
         MHQ^2 - MHT^2)*lamprimeQd[f97]*lamprimeQubar[f99]*gam[y99,p4,
         y97]*uspin[p2,y97]*vbspin[p1,y99]*e_[l95,l2]*e_[l93,l6]*e_[l2,
         l6]*d_(m99,m97)*FourPi^(-2)*I^9*lamprimeQTL*MHT*MHQ^(-1)*
         lamprimeQTRbar - 1/2/(MHQ^2 - MHT^2)*lamprimeQd[f97]*
         lamprimeQubar[f99]*gam[y99,p4,y97]*uspin[p2,y97]*vbspin[p1,y99
         ]*e_[l95,l2]*e_[l93,l6]*e_[l2,l6]*d_(m99,m97)*FourPi^(-2)*I^9*
         lamprimeQTL*MHT^2*MHQ^(-2)*lamprimeQTLbar - 1/2/(MHQ^2 - MHT^2
         )*lamprimeQd[f97]*lamprimeQubar[f99]*gam[y99,p4,y97]*uspin[p2,
         y97]*vbspin[p1,y99]*e_[l95,l6]*e_[l93,l2]*e_[l2,l6]*
         d_(m99,m97)*FourPi^(-2)*I^9*lamprimeQTR*lamprimeQTRbar - 1/2/(
         MHQ^2 - MHT^2)*lamprimeQd[f97]*lamprimeQubar[f99]*gam[y99,p4,
         y97]*uspin[p2,y97]*vbspin[p1,y99]*e_[l95,l6]*e_[l93,l2]*e_[l2,
         l6]*d_(m99,m97)*FourPi^(-2)*I^9*lamprimeQTR*MHT*MHQ^(-1)*
         lamprimeQTLbar + 1/2/(MHQ^2 - MHT^2)*lamprimeQd[f97]*
         lamprimeQubar[f99]*gam[y99,p4,y97]*uspin[p2,y97]*vbspin[p1,y99
         ]*e_[l95,l6]*e_[l93,l2]*e_[l2,l6]*d_(m99,m97)*FourPi^(-2)*I^9*
         lamprimeQTR*MHT^2*MHQ^(-2)*lamprimeQTRbar + 1/2/(MHQ^2 - MHT^2
         )*lamprimeQd[f97]*lamprimeQubar[f99]*gam[y99,p4,y97]*uspin[p2,
         y97]*vbspin[p1,y99]*e_[l95,l6]*e_[l93,l2]*e_[l2,l6]*
         d_(m99,m97)*FourPi^(-2)*I^9*lamprimeQTR*MHT^3*MHQ^(-3)*
         lamprimeQTLbar - 1/4/(MHQ^2 - MHT^2)/(MHQ^2 - MHT^2)*Log[MHQ^2
         ]*lamprimeQd[f97]*lamprimeQubar[f99]*gam[y99,FIVE,p3,y97]*
         uspin[p2,y97]*vbspin[p1,y99]*e_[l95,l6]*e_[l93,l2]*e_[l2,l6]*
         d_(m99,m97)*FourPi^(-2)*I^9*lamprimeQTL*MHQ^2*lamprimeQTLbar
          - 1/4/(MHQ^2 - MHT^2)/(MHQ^2 - MHT^2)*Log[MHQ^2]*lamprimeQd[
         f97]*lamprimeQubar[f99]*gam[y99,FIVE,p3,y97]*uspin[p2,y97]*
         vbspin[p1,y99]*e_[l95,l6]*e_[l93,l2]*e_[l2,l6]*d_(m99,m97)*
         FourPi^(-2)*I^9*lamprimeQTL*MHT*MHQ*lamprimeQTRbar - 1/4/(
         MHQ^2 - MHT^2)/(MHQ^2 - MHT^2)*Log[MHQ^2]*lamprimeQd[f97]*
         lamprimeQubar[f99]*gam[y99,FIVE,p4,y97]*uspin[p2,y97]*vbspin[
         p1,y99]*e_[l95,l2]*e_[l93,l6]*e_[l2,l6]*d_(m99,m97)*
         FourPi^(-2)*I^9*lamprimeQTL*MHQ^2*lamprimeQTLbar - 1/4/(MHQ^2
          - MHT^2)/(MHQ^2 - MHT^2)*Log[MHQ^2]*lamprimeQd[f97]*
         lamprimeQubar[f99]*gam[y99,FIVE,p4,y97]*uspin[p2,y97]*vbspin[
         p1,y99]*e_[l95,l2]*e_[l93,l6]*e_[l2,l6]*d_(m99,m97)*
         FourPi^(-2)*I^9*lamprimeQTL*MHT*MHQ*lamprimeQTRbar + 1/4/(
         MHQ^2 - MHT^2)/(MHQ^2 - MHT^2)*Log[MHQ^2]*lamprimeQd[f97]*
         lamprimeQubar[f99]*gam[y99,p3,y97]*uspin[p2,y97]*vbspin[p1,y99
         ]*e_[l95,l6]*e_[l93,l2]*e_[l2,l6]*d_(m99,m97)*FourPi^(-2)*I^9*
         lamprimeQTL*MHQ^2*lamprimeQTLbar + 1/4/(MHQ^2 - MHT^2)/(MHQ^2
          - MHT^2)*Log[MHQ^2]*lamprimeQd[f97]*lamprimeQubar[f99]*gam[
         y99,p3,y97]*uspin[p2,y97]*vbspin[p1,y99]*e_[l95,l6]*e_[l93,l2]
         *e_[l2,l6]*d_(m99,m97)*FourPi^(-2)*I^9*lamprimeQTL*MHT*MHQ*
         lamprimeQTRbar + 1/4/(MHQ^2 - MHT^2)/(MHQ^2 - MHT^2)*Log[MHQ^2
         ]*lamprimeQd[f97]*lamprimeQubar[f99]*gam[y99,p4,y97]*uspin[p2,
         y97]*vbspin[p1,y99]*e_[l95,l2]*e_[l93,l6]*e_[l2,l6]*
         d_(m99,m97)*FourPi^(-2)*I^9*lamprimeQTL*MHQ^2*lamprimeQTLbar
          + 1/4/(MHQ^2 - MHT^2)/(MHQ^2 - MHT^2)*Log[MHQ^2]*lamprimeQd[
         f97]*lamprimeQubar[f99]*gam[y99,p4,y97]*uspin[p2,y97]*vbspin[
         p1,y99]*e_[l95,l2]*e_[l93,l6]*e_[l2,l6]*d_(m99,m97)*
         FourPi^(-2)*I^9*lamprimeQTL*MHT*MHQ*lamprimeQTRbar + 1/4/(
         MHQ^2 - MHT^2)/(MHQ^2 - MHT^2)*Log[MHT^2]*lamprimeQd[f97]*
         lamprimeQubar[f99]*gam[y99,FIVE,p3,y97]*uspin[p2,y97]*vbspin[
         p1,y99]*e_[l95,l6]*e_[l93,l2]*e_[l2,l6]*d_(m99,m97)*
         FourPi^(-2)*I^9*lamprimeQTL*MHT^2*lamprimeQTLbar + 1/4/(MHQ^2
          - MHT^2)/(MHQ^2 - MHT^2)*Log[MHT^2]*lamprimeQd[f97]*
         lamprimeQubar[f99]*gam[y99,FIVE,p3,y97]*uspin[p2,y97]*vbspin[
         p1,y99]*e_[l95,l6]*e_[l93,l2]*e_[l2,l6]*d_(m99,m97)*
         FourPi^(-2)*I^9*lamprimeQTL*MHT^3*MHQ^(-1)*lamprimeQTRbar + 1/
         4/(MHQ^2 - MHT^2)/(MHQ^2 - MHT^2)*Log[MHT^2]*lamprimeQd[f97]*
         lamprimeQubar[f99]*gam[y99,FIVE,p4,y97]*uspin[p2,y97]*vbspin[
         p1,y99]*e_[l95,l2]*e_[l93,l6]*e_[l2,l6]*d_(m99,m97)*
         FourPi^(-2)*I^9*lamprimeQTL*MHT^2*lamprimeQTLbar + 1/4/(MHQ^2
          - MHT^2)/(MHQ^2 - MHT^2)*Log[MHT^2]*lamprimeQd[f97]*
         lamprimeQubar[f99]*gam[y99,FIVE,p4,y97]*uspin[p2,y97]*vbspin[
         p1,y99]*e_[l95,l2]*e_[l93,l6]*e_[l2,l6]*d_(m99,m97)*
         FourPi^(-2)*I^9*lamprimeQTL*MHT^3*MHQ^(-1)*lamprimeQTRbar - 1/
         4/(MHQ^2 - MHT^2)/(MHQ^2 - MHT^2)*Log[MHT^2]*lamprimeQd[f97]*
         lamprimeQubar[f99]*gam[y99,p3,y97]*uspin[p2,y97]*vbspin[p1,y99
         ]*e_[l95,l6]*e_[l93,l2]*e_[l2,l6]*d_(m99,m97)*FourPi^(-2)*I^9*
         lamprimeQTL*MHT^2*lamprimeQTLbar - 1/4/(MHQ^2 - MHT^2)/(MHQ^2
          - MHT^2)*Log[MHT^2]*lamprimeQd[f97]*lamprimeQubar[f99]*gam[
         y99,p3,y97]*uspin[p2,y97]*vbspin[p1,y99]*e_[l95,l6]*e_[l93,l2]
         *e_[l2,l6]*d_(m99,m97)*FourPi^(-2)*I^9*lamprimeQTL*MHT^3*
         MHQ^(-1)*lamprimeQTRbar - 1/4/(MHQ^2 - MHT^2)/(MHQ^2 - MHT^2)*
         Log[MHT^2]*lamprimeQd[f97]*lamprimeQubar[f99]*gam[y99,p4,y97]*
         uspin[p2,y97]*vbspin[p1,y99]*e_[l95,l2]*e_[l93,l6]*e_[l2,l6]*
         d_(m99,m97)*FourPi^(-2)*I^9*lamprimeQTL*MHT^2*lamprimeQTLbar
          - 1/4/(MHQ^2 - MHT^2)/(MHQ^2 - MHT^2)*Log[MHT^2]*lamprimeQd[
         f97]*lamprimeQubar[f99]*gam[y99,p4,y97]*uspin[p2,y97]*vbspin[
         p1,y99]*e_[l95,l2]*e_[l93,l6]*e_[l2,l6]*d_(m99,m97)*
         FourPi^(-2)*I^9*lamprimeQTL*MHT^3*MHQ^(-1)*lamprimeQTRbar + 3/
         8/(MHQ^2 - MHT^2)/(MHQ^2 - MHT^2)*lamprimeQd[f97]*
         lamprimeQubar[f99]*gam[y99,FIVE,p3,y97]*uspin[p2,y97]*vbspin[
         p1,y99]*e_[l95,l6]*e_[l93,l2]*e_[l2,l6]*d_(m99,m97)*
         FourPi^(-2)*I^9*lamprimeQTL*MHQ^2*lamprimeQTLbar + 3/8/(MHQ^2
          - MHT^2)/(MHQ^2 - MHT^2)*lamprimeQd[f97]*lamprimeQubar[f99]*
         gam[y99,FIVE,p3,y97]*uspin[p2,y97]*vbspin[p1,y99]*e_[l95,l6]*
         e_[l93,l2]*e_[l2,l6]*d_(m99,m97)*FourPi^(-2)*I^9*lamprimeQTL*
         MHT*MHQ*lamprimeQTRbar - 3/8/(MHQ^2 - MHT^2)/(MHQ^2 - MHT^2)*
         lamprimeQd[f97]*lamprimeQubar[f99]*gam[y99,FIVE,p3,y97]*uspin[
         p2,y97]*vbspin[p1,y99]*e_[l95,l6]*e_[l93,l2]*e_[l2,l6]*
         d_(m99,m97)*FourPi^(-2)*I^9*lamprimeQTL*MHT^2*lamprimeQTLbar
          - 3/8/(MHQ^2 - MHT^2)/(MHQ^2 - MHT^2)*lamprimeQd[f97]*
         lamprimeQubar[f99]*gam[y99,FIVE,p3,y97]*uspin[p2,y97]*vbspin[
         p1,y99]*e_[l95,l6]*e_[l93,l2]*e_[l2,l6]*d_(m99,m97)*
         FourPi^(-2)*I^9*lamprimeQTL*MHT^3*MHQ^(-1)*lamprimeQTRbar + 3/
         8/(MHQ^2 - MHT^2)/(MHQ^2 - MHT^2)*lamprimeQd[f97]*
         lamprimeQubar[f99]*gam[y99,FIVE,p4,y97]*uspin[p2,y97]*vbspin[
         p1,y99]*e_[l95,l2]*e_[l93,l6]*e_[l2,l6]*d_(m99,m97)*
         FourPi^(-2)*I^9*lamprimeQTL*MHQ^2*lamprimeQTLbar + 3/8/(MHQ^2
          - MHT^2)/(MHQ^2 - MHT^2)*lamprimeQd[f97]*lamprimeQubar[f99]*
         gam[y99,FIVE,p4,y97]*uspin[p2,y97]*vbspin[p1,y99]*e_[l95,l2]*
         e_[l93,l6]*e_[l2,l6]*d_(m99,m97)*FourPi^(-2)*I^9*lamprimeQTL*
         MHT*MHQ*lamprimeQTRbar - 3/8/(MHQ^2 - MHT^2)/(MHQ^2 - MHT^2)*
         lamprimeQd[f97]*lamprimeQubar[f99]*gam[y99,FIVE,p4,y97]*uspin[
         p2,y97]*vbspin[p1,y99]*e_[l95,l2]*e_[l93,l6]*e_[l2,l6]*
         d_(m99,m97)*FourPi^(-2)*I^9*lamprimeQTL*MHT^2*lamprimeQTLbar
          - 3/8/(MHQ^2 - MHT^2)/(MHQ^2 - MHT^2)*lamprimeQd[f97]*
         lamprimeQubar[f99]*gam[y99,FIVE,p4,y97]*uspin[p2,y97]*vbspin[
         p1,y99]*e_[l95,l2]*e_[l93,l6]*e_[l2,l6]*d_(m99,m97)*
         FourPi^(-2)*I^9*lamprimeQTL*MHT^3*MHQ^(-1)*lamprimeQTRbar - 3/
         8/(MHQ^2 - MHT^2)/(MHQ^2 - MHT^2)*lamprimeQd[f97]*
         lamprimeQubar[f99]*gam[y99,p3,y97]*uspin[p2,y97]*vbspin[p1,y99
         ]*e_[l95,l6]*e_[l93,l2]*e_[l2,l6]*d_(m99,m97)*FourPi^(-2)*I^9*
         lamprimeQTL*MHQ^2*lamprimeQTLbar - 3/8/(MHQ^2 - MHT^2)/(MHQ^2
          - MHT^2)*lamprimeQd[f97]*lamprimeQubar[f99]*gam[y99,p3,y97]*
         uspin[p2,y97]*vbspin[p1,y99]*e_[l95,l6]*e_[l93,l2]*e_[l2,l6]*
         d_(m99,m97)*FourPi^(-2)*I^9*lamprimeQTL*MHT*MHQ*lamprimeQTRbar
          + 3/8/(MHQ^2 - MHT^2)/(MHQ^2 - MHT^2)*lamprimeQd[f97]*
         lamprimeQubar[f99]*gam[y99,p3,y97]*uspin[p2,y97]*vbspin[p1,y99
         ]*e_[l95,l6]*e_[l93,l2]*e_[l2,l6]*d_(m99,m97)*FourPi^(-2)*I^9*
         lamprimeQTL*MHT^2*lamprimeQTLbar + 3/8/(MHQ^2 - MHT^2)/(MHQ^2
          - MHT^2)*lamprimeQd[f97]*lamprimeQubar[f99]*gam[y99,p3,y97]*
         uspin[p2,y97]*vbspin[p1,y99]*e_[l95,l6]*e_[l93,l2]*e_[l2,l6]*
         d_(m99,m97)*FourPi^(-2)*I^9*lamprimeQTL*MHT^3*MHQ^(-1)*
         lamprimeQTRbar - 3/8/(MHQ^2 - MHT^2)/(MHQ^2 - MHT^2)*
         lamprimeQd[f97]*lamprimeQubar[f99]*gam[y99,p4,y97]*uspin[p2,
         y97]*vbspin[p1,y99]*e_[l95,l2]*e_[l93,l6]*e_[l2,l6]*
         d_(m99,m97)*FourPi^(-2)*I^9*lamprimeQTL*MHQ^2*lamprimeQTLbar
          - 3/8/(MHQ^2 - MHT^2)/(MHQ^2 - MHT^2)*lamprimeQd[f97]*
         lamprimeQubar[f99]*gam[y99,p4,y97]*uspin[p2,y97]*vbspin[p1,y99
         ]*e_[l95,l2]*e_[l93,l6]*e_[l2,l6]*d_(m99,m97)*FourPi^(-2)*I^9*
         lamprimeQTL*MHT*MHQ*lamprimeQTRbar + 3/8/(MHQ^2 - MHT^2)/(
         MHQ^2 - MHT^2)*lamprimeQd[f97]*lamprimeQubar[f99]*gam[y99,p4,
         y97]*uspin[p2,y97]*vbspin[p1,y99]*e_[l95,l2]*e_[l93,l6]*e_[l2,
         l6]*d_(m99,m97)*FourPi^(-2)*I^9*lamprimeQTL*MHT^2*
         lamprimeQTLbar + 3/8/(MHQ^2 - MHT^2)/(MHQ^2 - MHT^2)*
         lamprimeQd[f97]*lamprimeQubar[f99]*gam[y99,p4,y97]*uspin[p2,
         y97]*vbspin[p1,y99]*e_[l95,l2]*e_[l93,l6]*e_[l2,l6]*
         d_(m99,m97)*FourPi^(-2)*I^9*lamprimeQTL*MHT^3*MHQ^(-1)*
         lamprimeQTRbar );

  0.55 sec out of 0.54 sec
