FORM 4.2.0 (Jul  6 2017, v4.2.0) 64-bits         Run: Fri Mar  2 17:12:24 2018
    * -*-Form-*-
    
    #: Parentheses 2000
    #-

   ampluRbaruRB =
       + sSS^2 * ( 1/24*Log[MHQ^2]*lamprimeQu[f97]*lamprimeQubar[f99]*
         gam[y99,FIVE,p1,y97]*uspin[p2,y97]*vbspin[p1,y99]*e_[l2,l6]*
         e_[l2,l6]*d_(m99,m97)*p1.pol3*FourPi^(-2)*I^7*g1*MHQ^(-2) + 1/
         24*Log[MHQ^2]*lamprimeQu[f97]*lamprimeQubar[f99]*gam[y99,FIVE,
         p1,y97]*uspin[p2,y97]*vbspin[p1,y99]*e_[l2,l6]*e_[l2,l6]*
         d_(m99,m97)*p2.pol3*FourPi^(-2)*I^7*g1*MHQ^(-2) + 1/24*Log[
         MHQ^2]*lamprimeQu[f97]*lamprimeQubar[f99]*gam[y99,FIVE,p2,y97]
         *uspin[p2,y97]*vbspin[p1,y99]*e_[l2,l6]*e_[l2,l6]*d_(m99,m97)*
         p1.pol3*FourPi^(-2)*I^7*g1*MHQ^(-2) + 1/24*Log[MHQ^2]*
         lamprimeQu[f97]*lamprimeQubar[f99]*gam[y99,FIVE,p2,y97]*uspin[
         p2,y97]*vbspin[p1,y99]*e_[l2,l6]*e_[l2,l6]*d_(m99,m97)*p2.pol3
         *FourPi^(-2)*I^7*g1*MHQ^(-2) - 1/24*Log[MHQ^2]*lamprimeQu[f97]
         *lamprimeQubar[f99]*gam[y99,FIVE,pol3,y97]*uspin[p2,y97]*
         vbspin[p1,y99]*e_[l2,l6]*e_[l2,l6]*d_(m99,m97)*p1.p1*
         FourPi^(-2)*I^7*g1*MHQ^(-2) - 1/12*Log[MHQ^2]*lamprimeQu[f97]*
         lamprimeQubar[f99]*gam[y99,FIVE,pol3,y97]*uspin[p2,y97]*
         vbspin[p1,y99]*e_[l2,l6]*e_[l2,l6]*d_(m99,m97)*p1.p2*
         FourPi^(-2)*I^7*g1*MHQ^(-2) - 1/24*Log[MHQ^2]*lamprimeQu[f97]*
         lamprimeQubar[f99]*gam[y99,FIVE,pol3,y97]*uspin[p2,y97]*
         vbspin[p1,y99]*e_[l2,l6]*e_[l2,l6]*d_(m99,m97)*p2.p2*
         FourPi^(-2)*I^7*g1*MHQ^(-2) - 1/24*Log[MHQ^2]*lamprimeQu[f97]*
         lamprimeQubar[f99]*gam[y99,p1,y97]*uspin[p2,y97]*vbspin[p1,y99
         ]*e_[l2,l6]*e_[l2,l6]*d_(m99,m97)*p1.pol3*FourPi^(-2)*I^7*g1*
         MHQ^(-2) - 1/24*Log[MHQ^2]*lamprimeQu[f97]*lamprimeQubar[f99]*
         gam[y99,p1,y97]*uspin[p2,y97]*vbspin[p1,y99]*e_[l2,l6]*e_[l2,
         l6]*d_(m99,m97)*p2.pol3*FourPi^(-2)*I^7*g1*MHQ^(-2) - 1/24*
         Log[MHQ^2]*lamprimeQu[f97]*lamprimeQubar[f99]*gam[y99,p2,y97]*
         uspin[p2,y97]*vbspin[p1,y99]*e_[l2,l6]*e_[l2,l6]*d_(m99,m97)*
         p1.pol3*FourPi^(-2)*I^7*g1*MHQ^(-2) - 1/24*Log[MHQ^2]*
         lamprimeQu[f97]*lamprimeQubar[f99]*gam[y99,p2,y97]*uspin[p2,
         y97]*vbspin[p1,y99]*e_[l2,l6]*e_[l2,l6]*d_(m99,m97)*p2.pol3*
         FourPi^(-2)*I^7*g1*MHQ^(-2) + 1/24*Log[MHQ^2]*lamprimeQu[f97]*
         lamprimeQubar[f99]*gam[y99,pol3,y97]*uspin[p2,y97]*vbspin[p1,
         y99]*e_[l2,l6]*e_[l2,l6]*d_(m99,m97)*p1.p1*FourPi^(-2)*I^7*g1*
         MHQ^(-2) + 1/12*Log[MHQ^2]*lamprimeQu[f97]*lamprimeQubar[f99]*
         gam[y99,pol3,y97]*uspin[p2,y97]*vbspin[p1,y99]*e_[l2,l6]*e_[l2
         ,l6]*d_(m99,m97)*p1.p2*FourPi^(-2)*I^7*g1*MHQ^(-2) + 1/24*Log[
         MHQ^2]*lamprimeQu[f97]*lamprimeQubar[f99]*gam[y99,pol3,y97]*
         uspin[p2,y97]*vbspin[p1,y99]*e_[l2,l6]*e_[l2,l6]*d_(m99,m97)*
         p2.p2*FourPi^(-2)*I^7*g1*MHQ^(-2) + 5/432*lamprimeQu[f97]*
         lamprimeQubar[f99]*gam[y99,FIVE,p1,pol3,p1,y97]*uspin[p2,y97]*
         vbspin[p1,y99]*e_[l2,l6]*e_[l2,l6]*d_(m99,m97)*FourPi^(-2)*I^7
         *g1*MHQ^(-2) + 5/108*lamprimeQu[f97]*lamprimeQubar[f99]*gam[
         y99,FIVE,p1,pol3,p2,y97]*uspin[p2,y97]*vbspin[p1,y99]*e_[l2,l6
         ]*e_[l2,l6]*d_(m99,m97)*FourPi^(-2)*I^7*g1*MHQ^(-2) - 17/144*
         lamprimeQu[f97]*lamprimeQubar[f99]*gam[y99,FIVE,p1,y97]*uspin[
         p2,y97]*vbspin[p1,y99]*e_[l2,l6]*e_[l2,l6]*d_(m99,m97)*p1.pol3
         *FourPi^(-2)*I^7*g1*MHQ^(-2) - 5/144*lamprimeQu[f97]*
         lamprimeQubar[f99]*gam[y99,FIVE,p1,y97]*uspin[p2,y97]*vbspin[
         p1,y99]*e_[l2,l6]*e_[l2,l6]*d_(m99,m97)*p2.pol3*FourPi^(-2)*
         I^7*g1*MHQ^(-2) + 1/216*lamprimeQu[f97]*lamprimeQubar[f99]*
         gam[y99,FIVE,p2,pol3,p1,y97]*uspin[p2,y97]*vbspin[p1,y99]*e_[
         l2,l6]*e_[l2,l6]*d_(m99,m97)*FourPi^(-2)*I^7*g1*MHQ^(-2) + 5/
         432*lamprimeQu[f97]*lamprimeQubar[f99]*gam[y99,FIVE,p2,pol3,p2
         ,y97]*uspin[p2,y97]*vbspin[p1,y99]*e_[l2,l6]*e_[l2,l6]*
         d_(m99,m97)*FourPi^(-2)*I^7*g1*MHQ^(-2) - 5/144*lamprimeQu[f97
         ]*lamprimeQubar[f99]*gam[y99,FIVE,p2,y97]*uspin[p2,y97]*
         vbspin[p1,y99]*e_[l2,l6]*e_[l2,l6]*d_(m99,m97)*p1.pol3*
         FourPi^(-2)*I^7*g1*MHQ^(-2) - 17/144*lamprimeQu[f97]*
         lamprimeQubar[f99]*gam[y99,FIVE,p2,y97]*uspin[p2,y97]*vbspin[
         p1,y99]*e_[l2,l6]*e_[l2,l6]*d_(m99,m97)*p2.pol3*FourPi^(-2)*
         I^7*g1*MHQ^(-2) - 1/216*lamprimeQu[f97]*lamprimeQubar[f99]*
         gam[y99,FIVE,pol3,y97]*uspin[p2,y97]*vbspin[p1,y99]*e_[l2,l6]*
         e_[l2,l6]*d_(m99,m97)*p1.p1*FourPi^(-2)*I^7*g1*MHQ^(-2) + 7/54
         *lamprimeQu[f97]*lamprimeQubar[f99]*gam[y99,FIVE,pol3,y97]*
         uspin[p2,y97]*vbspin[p1,y99]*e_[l2,l6]*e_[l2,l6]*d_(m99,m97)*
         p1.p2*FourPi^(-2)*I^7*g1*MHQ^(-2) - 1/216*lamprimeQu[f97]*
         lamprimeQubar[f99]*gam[y99,FIVE,pol3,y97]*uspin[p2,y97]*
         vbspin[p1,y99]*e_[l2,l6]*e_[l2,l6]*d_(m99,m97)*p2.p2*
         FourPi^(-2)*I^7*g1*MHQ^(-2) - 5/432*lamprimeQu[f97]*
         lamprimeQubar[f99]*gam[y99,p1,pol3,p1,y97]*uspin[p2,y97]*
         vbspin[p1,y99]*e_[l2,l6]*e_[l2,l6]*d_(m99,m97)*FourPi^(-2)*I^7
         *g1*MHQ^(-2) - 5/108*lamprimeQu[f97]*lamprimeQubar[f99]*gam[
         y99,p1,pol3,p2,y97]*uspin[p2,y97]*vbspin[p1,y99]*e_[l2,l6]*e_[
         l2,l6]*d_(m99,m97)*FourPi^(-2)*I^7*g1*MHQ^(-2) + 17/144*
         lamprimeQu[f97]*lamprimeQubar[f99]*gam[y99,p1,y97]*uspin[p2,
         y97]*vbspin[p1,y99]*e_[l2,l6]*e_[l2,l6]*d_(m99,m97)*p1.pol3*
         FourPi^(-2)*I^7*g1*MHQ^(-2) + 5/144*lamprimeQu[f97]*
         lamprimeQubar[f99]*gam[y99,p1,y97]*uspin[p2,y97]*vbspin[p1,y99
         ]*e_[l2,l6]*e_[l2,l6]*d_(m99,m97)*p2.pol3*FourPi^(-2)*I^7*g1*
         MHQ^(-2) - 1/216*lamprimeQu[f97]*lamprimeQubar[f99]*gam[y99,p2
         ,pol3,p1,y97]*uspin[p2,y97]*vbspin[p1,y99]*e_[l2,l6]*e_[l2,l6]
         *d_(m99,m97)*FourPi^(-2)*I^7*g1*MHQ^(-2) - 5/432*lamprimeQu[
         f97]*lamprimeQubar[f99]*gam[y99,p2,pol3,p2,y97]*uspin[p2,y97]*
         vbspin[p1,y99]*e_[l2,l6]*e_[l2,l6]*d_(m99,m97)*FourPi^(-2)*I^7
         *g1*MHQ^(-2) + 5/144*lamprimeQu[f97]*lamprimeQubar[f99]*gam[
         y99,p2,y97]*uspin[p2,y97]*vbspin[p1,y99]*e_[l2,l6]*e_[l2,l6]*
         d_(m99,m97)*p1.pol3*FourPi^(-2)*I^7*g1*MHQ^(-2) + 17/144*
         lamprimeQu[f97]*lamprimeQubar[f99]*gam[y99,p2,y97]*uspin[p2,
         y97]*vbspin[p1,y99]*e_[l2,l6]*e_[l2,l6]*d_(m99,m97)*p2.pol3*
         FourPi^(-2)*I^7*g1*MHQ^(-2) + 1/216*lamprimeQu[f97]*
         lamprimeQubar[f99]*gam[y99,pol3,y97]*uspin[p2,y97]*vbspin[p1,
         y99]*e_[l2,l6]*e_[l2,l6]*d_(m99,m97)*p1.p1*FourPi^(-2)*I^7*g1*
         MHQ^(-2) - 7/54*lamprimeQu[f97]*lamprimeQubar[f99]*gam[y99,
         pol3,y97]*uspin[p2,y97]*vbspin[p1,y99]*e_[l2,l6]*e_[l2,l6]*
         d_(m99,m97)*p1.p2*FourPi^(-2)*I^7*g1*MHQ^(-2) + 1/216*
         lamprimeQu[f97]*lamprimeQubar[f99]*gam[y99,pol3,y97]*uspin[p2,
         y97]*vbspin[p1,y99]*e_[l2,l6]*e_[l2,l6]*d_(m99,m97)*p2.p2*
         FourPi^(-2)*I^7*g1*MHQ^(-2) )

       + 1/6*Log[MHQ^2]*lamprimeQu[f97]*lamprimeQubar[f99]*gam[y99,FIVE
      ,pol3,y97]*uspin[p2,y97]*vbspin[p1,y99]*e_[l2,l6]*e_[l2,l6]*
      d_(m99,m97)*FourPi^(-2)*I^7*g1 - 1/6*Log[MHQ^2]*lamprimeQu[f97]*
         lamprimeQubar[f99]*gam[y99,pol3,y97]*uspin[p2,y97]*vbspin[p1,
         y99]*e_[l2,l6]*e_[l2,l6]*d_(m99,m97)*FourPi^(-2)*I^7*g1 - 1/4*
         lamprimeQu[f97]*lamprimeQubar[f99]*gam[y99,FIVE,pol3,y97]*
         uspin[p2,y97]*vbspin[p1,y99]*e_[l2,l6]*e_[l2,l6]*d_(m99,m97)*
         FourPi^(-2)*I^7*g1 + 1/4*lamprimeQu[f97]*lamprimeQubar[f99]*
         gam[y99,pol3,y97]*uspin[p2,y97]*vbspin[p1,y99]*e_[l2,l6]*e_[l2
         ,l6]*d_(m99,m97)*FourPi^(-2)*I^7*g1;

  0.08 sec out of 0.08 sec
