FORM 4.2.0 (Jul  6 2017, v4.2.0) 64-bits         Run: Fri Mar  2 17:09:29 2018
    * -*-Form-*-
    
    #: Parentheses 2000
    #-

   ampluRbaruR =
       + sSS * ( 1/4*Log[MHQ^2]*lamprimeQu[f97]*lamprimeQubar[f99]*gam[
         y99,FIVE,p1,y97]*uspin[p2,y97]*vbspin[p1,y99]*e_[l2,l4]*e_[l2,
         l4]*d_(m99,m97)*FourPi^(-2)*I^5 - 1/4*Log[MHQ^2]*lamprimeQu[
         f97]*lamprimeQubar[f99]*gam[y99,p1,y97]*uspin[p2,y97]*vbspin[
         p1,y99]*e_[l2,l4]*e_[l2,l4]*d_(m99,m97)*FourPi^(-2)*I^5 - 3/8*
         lamprimeQu[f97]*lamprimeQubar[f99]*gam[y99,FIVE,p1,y97]*uspin[
         p2,y97]*vbspin[p1,y99]*e_[l2,l4]*e_[l2,l4]*d_(m99,m97)*
         FourPi^(-2)*I^5 + 3/8*lamprimeQu[f97]*lamprimeQubar[f99]*gam[
         y99,p1,y97]*uspin[p2,y97]*vbspin[p1,y99]*e_[l2,l4]*e_[l2,l4]*
         d_(m99,m97)*FourPi^(-2)*I^5 )

       + sSS^3 * (  - 1/6*lamprimeQu[f97]*lamprimeQubar[f99]*gam[y99,
         FIVE,p1,y97]*uspin[p2,y97]*vbspin[p1,y99]*e_[l2,l4]*e_[l2,l4]*
         d_(m99,m97)*p1.p1*FourPi^(-2)*I^5*MHQ^(-2) + 1/6*lamprimeQu[
         f97]*lamprimeQubar[f99]*gam[y99,p1,y97]*uspin[p2,y97]*vbspin[
         p1,y99]*e_[l2,l4]*e_[l2,l4]*d_(m99,m97)*p1.p1*FourPi^(-2)*I^5*
         MHQ^(-2) );

  0.01 sec out of 0.01 sec
