FORM 4.2.0 (Jul  6 2017, v4.2.0) 64-bits         Run: Fri Mar 16 14:57:16 2018
    * -*-Form-*-
    
    #: Parentheses 2000
    #-

   ampldRbardRB =
       + sSS^2 * (  - 1/18*Log[MBH0^2]*gBH0dR[f6,f97]*gBH0dR[f99,f6]*
         gam[y99,FIVE,p1,p1,pol3,y97]*uspin[p2,y97]*vbspin[p1,y99]*
         d_(m99,m97)*FourPi^(-2)*I^7*g1*MBH0^(-2) - 1/18*Log[MBH0^2]*
         gBH0dR[f6,f97]*gBH0dR[f99,f6]*gam[y99,FIVE,p1,p2,pol3,y97]*
         uspin[p2,y97]*vbspin[p1,y99]*d_(m99,m97)*FourPi^(-2)*I^7*g1*
         MBH0^(-2) - 1/18*Log[MBH0^2]*gBH0dR[f6,f97]*gBH0dR[f99,f6]*
         gam[y99,FIVE,p1,pol3,p1,y97]*uspin[p2,y97]*vbspin[p1,y99]*
         d_(m99,m97)*FourPi^(-2)*I^7*g1*MBH0^(-2) - 1/18*Log[MBH0^2]*
         gBH0dR[f6,f97]*gBH0dR[f99,f6]*gam[y99,FIVE,p1,pol3,p2,y97]*
         uspin[p2,y97]*vbspin[p1,y99]*d_(m99,m97)*FourPi^(-2)*I^7*g1*
         MBH0^(-2) - 1/18*Log[MBH0^2]*gBH0dR[f6,f97]*gBH0dR[f99,f6]*
         gam[y99,FIVE,p2,p1,pol3,y97]*uspin[p2,y97]*vbspin[p1,y99]*
         d_(m99,m97)*FourPi^(-2)*I^7*g1*MBH0^(-2) - 1/18*Log[MBH0^2]*
         gBH0dR[f6,f97]*gBH0dR[f99,f6]*gam[y99,FIVE,p2,p2,pol3,y97]*
         uspin[p2,y97]*vbspin[p1,y99]*d_(m99,m97)*FourPi^(-2)*I^7*g1*
         MBH0^(-2) - 1/18*Log[MBH0^2]*gBH0dR[f6,f97]*gBH0dR[f99,f6]*
         gam[y99,FIVE,p2,pol3,p1,y97]*uspin[p2,y97]*vbspin[p1,y99]*
         d_(m99,m97)*FourPi^(-2)*I^7*g1*MBH0^(-2) - 1/18*Log[MBH0^2]*
         gBH0dR[f6,f97]*gBH0dR[f99,f6]*gam[y99,FIVE,p2,pol3,p2,y97]*
         uspin[p2,y97]*vbspin[p1,y99]*d_(m99,m97)*FourPi^(-2)*I^7*g1*
         MBH0^(-2) + 1/18*Log[MBH0^2]*gBH0dR[f6,f97]*gBH0dR[f99,f6]*
         gam[y99,FIVE,pol3,p1,p1,y97]*uspin[p2,y97]*vbspin[p1,y99]*
         d_(m99,m97)*FourPi^(-2)*I^7*g1*MBH0^(-2) + 1/18*Log[MBH0^2]*
         gBH0dR[f6,f97]*gBH0dR[f99,f6]*gam[y99,FIVE,pol3,p1,p2,y97]*
         uspin[p2,y97]*vbspin[p1,y99]*d_(m99,m97)*FourPi^(-2)*I^7*g1*
         MBH0^(-2) + 1/18*Log[MBH0^2]*gBH0dR[f6,f97]*gBH0dR[f99,f6]*
         gam[y99,FIVE,pol3,p2,p1,y97]*uspin[p2,y97]*vbspin[p1,y99]*
         d_(m99,m97)*FourPi^(-2)*I^7*g1*MBH0^(-2) + 1/18*Log[MBH0^2]*
         gBH0dR[f6,f97]*gBH0dR[f99,f6]*gam[y99,FIVE,pol3,p2,p2,y97]*
         uspin[p2,y97]*vbspin[p1,y99]*d_(m99,m97)*FourPi^(-2)*I^7*g1*
         MBH0^(-2) + 1/18*Log[MBH0^2]*gBH0dR[f6,f97]*gBH0dR[f99,f6]*
         gam[y99,FIVE,pol3,y97]*uspin[p2,y97]*vbspin[p1,y99]*
         d_(m99,m97)*p1.p1*FourPi^(-2)*I^7*g1*MBH0^(-2) + 1/9*Log[
         MBH0^2]*gBH0dR[f6,f97]*gBH0dR[f99,f6]*gam[y99,FIVE,pol3,y97]*
         uspin[p2,y97]*vbspin[p1,y99]*d_(m99,m97)*p1.p2*FourPi^(-2)*I^7
         *g1*MBH0^(-2) + 1/18*Log[MBH0^2]*gBH0dR[f6,f97]*gBH0dR[f99,f6]
         *gam[y99,FIVE,pol3,y97]*uspin[p2,y97]*vbspin[p1,y99]*
         d_(m99,m97)*p2.p2*FourPi^(-2)*I^7*g1*MBH0^(-2) + 1/18*Log[
         MBH0^2]*gBH0dR[f6,f97]*gBH0dR[f99,f6]*gam[y99,p1,p1,pol3,y97]*
         uspin[p2,y97]*vbspin[p1,y99]*d_(m99,m97)*FourPi^(-2)*I^7*g1*
         MBH0^(-2) + 1/18*Log[MBH0^2]*gBH0dR[f6,f97]*gBH0dR[f99,f6]*
         gam[y99,p1,p2,pol3,y97]*uspin[p2,y97]*vbspin[p1,y99]*
         d_(m99,m97)*FourPi^(-2)*I^7*g1*MBH0^(-2) + 1/18*Log[MBH0^2]*
         gBH0dR[f6,f97]*gBH0dR[f99,f6]*gam[y99,p1,pol3,p1,y97]*uspin[p2
         ,y97]*vbspin[p1,y99]*d_(m99,m97)*FourPi^(-2)*I^7*g1*MBH0^(-2)
          + 1/18*Log[MBH0^2]*gBH0dR[f6,f97]*gBH0dR[f99,f6]*gam[y99,p1,
         pol3,p2,y97]*uspin[p2,y97]*vbspin[p1,y99]*d_(m99,m97)*
         FourPi^(-2)*I^7*g1*MBH0^(-2) + 1/18*Log[MBH0^2]*gBH0dR[f6,f97]
         *gBH0dR[f99,f6]*gam[y99,p2,p1,pol3,y97]*uspin[p2,y97]*vbspin[
         p1,y99]*d_(m99,m97)*FourPi^(-2)*I^7*g1*MBH0^(-2) + 1/18*Log[
         MBH0^2]*gBH0dR[f6,f97]*gBH0dR[f99,f6]*gam[y99,p2,p2,pol3,y97]*
         uspin[p2,y97]*vbspin[p1,y99]*d_(m99,m97)*FourPi^(-2)*I^7*g1*
         MBH0^(-2) + 1/18*Log[MBH0^2]*gBH0dR[f6,f97]*gBH0dR[f99,f6]*
         gam[y99,p2,pol3,p1,y97]*uspin[p2,y97]*vbspin[p1,y99]*
         d_(m99,m97)*FourPi^(-2)*I^7*g1*MBH0^(-2) + 1/18*Log[MBH0^2]*
         gBH0dR[f6,f97]*gBH0dR[f99,f6]*gam[y99,p2,pol3,p2,y97]*uspin[p2
         ,y97]*vbspin[p1,y99]*d_(m99,m97)*FourPi^(-2)*I^7*g1*MBH0^(-2)
          - 1/18*Log[MBH0^2]*gBH0dR[f6,f97]*gBH0dR[f99,f6]*gam[y99,pol3
         ,p1,p1,y97]*uspin[p2,y97]*vbspin[p1,y99]*d_(m99,m97)*
         FourPi^(-2)*I^7*g1*MBH0^(-2) - 1/18*Log[MBH0^2]*gBH0dR[f6,f97]
         *gBH0dR[f99,f6]*gam[y99,pol3,p1,p2,y97]*uspin[p2,y97]*vbspin[
         p1,y99]*d_(m99,m97)*FourPi^(-2)*I^7*g1*MBH0^(-2) - 1/18*Log[
         MBH0^2]*gBH0dR[f6,f97]*gBH0dR[f99,f6]*gam[y99,pol3,p2,p1,y97]*
         uspin[p2,y97]*vbspin[p1,y99]*d_(m99,m97)*FourPi^(-2)*I^7*g1*
         MBH0^(-2) - 1/18*Log[MBH0^2]*gBH0dR[f6,f97]*gBH0dR[f99,f6]*
         gam[y99,pol3,p2,p2,y97]*uspin[p2,y97]*vbspin[p1,y99]*
         d_(m99,m97)*FourPi^(-2)*I^7*g1*MBH0^(-2) - 1/18*Log[MBH0^2]*
         gBH0dR[f6,f97]*gBH0dR[f99,f6]*gam[y99,pol3,y97]*uspin[p2,y97]*
         vbspin[p1,y99]*d_(m99,m97)*p1.p1*FourPi^(-2)*I^7*g1*MBH0^(-2)
          - 1/9*Log[MBH0^2]*gBH0dR[f6,f97]*gBH0dR[f99,f6]*gam[y99,pol3,
         y97]*uspin[p2,y97]*vbspin[p1,y99]*d_(m99,m97)*p1.p2*
         FourPi^(-2)*I^7*g1*MBH0^(-2) - 1/18*Log[MBH0^2]*gBH0dR[f6,f97]
         *gBH0dR[f99,f6]*gam[y99,pol3,y97]*uspin[p2,y97]*vbspin[p1,y99]
         *d_(m99,m97)*p2.p2*FourPi^(-2)*I^7*g1*MBH0^(-2) + 5/108*
         gBH0dR[f6,f97]*gBH0dR[f99,f6]*gam[y99,FIVE,p1,p1,pol3,y97]*
         uspin[p2,y97]*vbspin[p1,y99]*d_(m99,m97)*FourPi^(-2)*I^7*g1*
         MBH0^(-2) - 7/108*gBH0dR[f6,f97]*gBH0dR[f99,f6]*gam[y99,FIVE,
         p1,p2,pol3,y97]*uspin[p2,y97]*vbspin[p1,y99]*d_(m99,m97)*
         FourPi^(-2)*I^7*g1*MBH0^(-2) - 1/108*gBH0dR[f6,f97]*gBH0dR[f99
         ,f6]*gam[y99,FIVE,p1,pol3,p1,y97]*uspin[p2,y97]*vbspin[p1,y99]
         *d_(m99,m97)*FourPi^(-2)*I^7*g1*MBH0^(-2) - 13/108*gBH0dR[f6,
         f97]*gBH0dR[f99,f6]*gam[y99,FIVE,p1,pol3,p2,y97]*uspin[p2,y97]
         *vbspin[p1,y99]*d_(m99,m97)*FourPi^(-2)*I^7*g1*MBH0^(-2) + 11/
         108*gBH0dR[f6,f97]*gBH0dR[f99,f6]*gam[y99,FIVE,p2,p1,pol3,y97]
         *uspin[p2,y97]*vbspin[p1,y99]*d_(m99,m97)*FourPi^(-2)*I^7*g1*
         MBH0^(-2) + 5/108*gBH0dR[f6,f97]*gBH0dR[f99,f6]*gam[y99,FIVE,
         p2,p2,pol3,y97]*uspin[p2,y97]*vbspin[p1,y99]*d_(m99,m97)*
         FourPi^(-2)*I^7*g1*MBH0^(-2) + 5/108*gBH0dR[f6,f97]*gBH0dR[f99
         ,f6]*gam[y99,FIVE,p2,pol3,p1,y97]*uspin[p2,y97]*vbspin[p1,y99]
         *d_(m99,m97)*FourPi^(-2)*I^7*g1*MBH0^(-2) - 1/108*gBH0dR[f6,
         f97]*gBH0dR[f99,f6]*gam[y99,FIVE,p2,pol3,p2,y97]*uspin[p2,y97]
         *vbspin[p1,y99]*d_(m99,m97)*FourPi^(-2)*I^7*g1*MBH0^(-2) - 5/
         108*gBH0dR[f6,f97]*gBH0dR[f99,f6]*gam[y99,FIVE,pol3,p1,p1,y97]
         *uspin[p2,y97]*vbspin[p1,y99]*d_(m99,m97)*FourPi^(-2)*I^7*g1*
         MBH0^(-2) - 11/108*gBH0dR[f6,f97]*gBH0dR[f99,f6]*gam[y99,FIVE,
         pol3,p1,p2,y97]*uspin[p2,y97]*vbspin[p1,y99]*d_(m99,m97)*
         FourPi^(-2)*I^7*g1*MBH0^(-2) + 7/108*gBH0dR[f6,f97]*gBH0dR[f99
         ,f6]*gam[y99,FIVE,pol3,p2,p1,y97]*uspin[p2,y97]*vbspin[p1,y99]
         *d_(m99,m97)*FourPi^(-2)*I^7*g1*MBH0^(-2) - 5/108*gBH0dR[f6,
         f97]*gBH0dR[f99,f6]*gam[y99,FIVE,pol3,p2,p2,y97]*uspin[p2,y97]
         *vbspin[p1,y99]*d_(m99,m97)*FourPi^(-2)*I^7*g1*MBH0^(-2) + 7/
         108*gBH0dR[f6,f97]*gBH0dR[f99,f6]*gam[y99,FIVE,pol3,y97]*
         uspin[p2,y97]*vbspin[p1,y99]*d_(m99,m97)*p1.p1*FourPi^(-2)*I^7
         *g1*MBH0^(-2) + 1/54*gBH0dR[f6,f97]*gBH0dR[f99,f6]*gam[y99,
         FIVE,pol3,y97]*uspin[p2,y97]*vbspin[p1,y99]*d_(m99,m97)*p1.p2*
         FourPi^(-2)*I^7*g1*MBH0^(-2) + 7/108*gBH0dR[f6,f97]*gBH0dR[f99
         ,f6]*gam[y99,FIVE,pol3,y97]*uspin[p2,y97]*vbspin[p1,y99]*
         d_(m99,m97)*p2.p2*FourPi^(-2)*I^7*g1*MBH0^(-2) - 5/108*gBH0dR[
         f6,f97]*gBH0dR[f99,f6]*gam[y99,p1,p1,pol3,y97]*uspin[p2,y97]*
         vbspin[p1,y99]*d_(m99,m97)*FourPi^(-2)*I^7*g1*MBH0^(-2) + 7/
         108*gBH0dR[f6,f97]*gBH0dR[f99,f6]*gam[y99,p1,p2,pol3,y97]*
         uspin[p2,y97]*vbspin[p1,y99]*d_(m99,m97)*FourPi^(-2)*I^7*g1*
         MBH0^(-2) + 1/108*gBH0dR[f6,f97]*gBH0dR[f99,f6]*gam[y99,p1,
         pol3,p1,y97]*uspin[p2,y97]*vbspin[p1,y99]*d_(m99,m97)*
         FourPi^(-2)*I^7*g1*MBH0^(-2) + 13/108*gBH0dR[f6,f97]*gBH0dR[
         f99,f6]*gam[y99,p1,pol3,p2,y97]*uspin[p2,y97]*vbspin[p1,y99]*
         d_(m99,m97)*FourPi^(-2)*I^7*g1*MBH0^(-2) - 11/108*gBH0dR[f6,
         f97]*gBH0dR[f99,f6]*gam[y99,p2,p1,pol3,y97]*uspin[p2,y97]*
         vbspin[p1,y99]*d_(m99,m97)*FourPi^(-2)*I^7*g1*MBH0^(-2) - 5/
         108*gBH0dR[f6,f97]*gBH0dR[f99,f6]*gam[y99,p2,p2,pol3,y97]*
         uspin[p2,y97]*vbspin[p1,y99]*d_(m99,m97)*FourPi^(-2)*I^7*g1*
         MBH0^(-2) - 5/108*gBH0dR[f6,f97]*gBH0dR[f99,f6]*gam[y99,p2,
         pol3,p1,y97]*uspin[p2,y97]*vbspin[p1,y99]*d_(m99,m97)*
         FourPi^(-2)*I^7*g1*MBH0^(-2) + 1/108*gBH0dR[f6,f97]*gBH0dR[f99
         ,f6]*gam[y99,p2,pol3,p2,y97]*uspin[p2,y97]*vbspin[p1,y99]*
         d_(m99,m97)*FourPi^(-2)*I^7*g1*MBH0^(-2) + 5/108*gBH0dR[f6,f97
         ]*gBH0dR[f99,f6]*gam[y99,pol3,p1,p1,y97]*uspin[p2,y97]*vbspin[
         p1,y99]*d_(m99,m97)*FourPi^(-2)*I^7*g1*MBH0^(-2) + 11/108*
         gBH0dR[f6,f97]*gBH0dR[f99,f6]*gam[y99,pol3,p1,p2,y97]*uspin[p2
         ,y97]*vbspin[p1,y99]*d_(m99,m97)*FourPi^(-2)*I^7*g1*MBH0^(-2)
          - 7/108*gBH0dR[f6,f97]*gBH0dR[f99,f6]*gam[y99,pol3,p2,p1,y97]
         *uspin[p2,y97]*vbspin[p1,y99]*d_(m99,m97)*FourPi^(-2)*I^7*g1*
         MBH0^(-2) + 5/108*gBH0dR[f6,f97]*gBH0dR[f99,f6]*gam[y99,pol3,
         p2,p2,y97]*uspin[p2,y97]*vbspin[p1,y99]*d_(m99,m97)*
         FourPi^(-2)*I^7*g1*MBH0^(-2) - 7/108*gBH0dR[f6,f97]*gBH0dR[f99
         ,f6]*gam[y99,pol3,y97]*uspin[p2,y97]*vbspin[p1,y99]*
         d_(m99,m97)*p1.p1*FourPi^(-2)*I^7*g1*MBH0^(-2) - 1/54*gBH0dR[
         f6,f97]*gBH0dR[f99,f6]*gam[y99,pol3,y97]*uspin[p2,y97]*vbspin[
         p1,y99]*d_(m99,m97)*p1.p2*FourPi^(-2)*I^7*g1*MBH0^(-2) - 7/108
         *gBH0dR[f6,f97]*gBH0dR[f99,f6]*gam[y99,pol3,y97]*uspin[p2,y97]
         *vbspin[p1,y99]*d_(m99,m97)*p2.p2*FourPi^(-2)*I^7*g1*MBH0^(-2)
          )

       - 1/6*Log[MBH0^2]*gBH0dR[f6,f97]*gBH0dR[f99,f6]*gam[y99,FIVE,
      pol3,y97]*uspin[p2,y97]*vbspin[p1,y99]*d_(m99,m97)*FourPi^(-2)*
      I^7*g1 + 1/6*Log[MBH0^2]*gBH0dR[f6,f97]*gBH0dR[f99,f6]*gam[y99,
         pol3,y97]*uspin[p2,y97]*vbspin[p1,y99]*d_(m99,m97)*FourPi^(-2)
         *I^7*g1 - 1/12*gBH0dR[f6,f97]*gBH0dR[f99,f6]*gam[y99,FIVE,pol3
         ,y97]*uspin[p2,y97]*vbspin[p1,y99]*d_(m99,m97)*FourPi^(-2)*I^7
         *g1 + 1/12*gBH0dR[f6,f97]*gBH0dR[f99,f6]*gam[y99,pol3,y97]*
         uspin[p2,y97]*vbspin[p1,y99]*d_(m99,m97)*FourPi^(-2)*I^7*g1;

  0.03 sec out of 0.02 sec
