FORM 4.2.0 (Jul  6 2017, v4.2.0) 64-bits         Run: Fri Mar 16 14:57:23 2018
    * -*-Form-*-
    
    #: Parentheses 2000
    #-

   ampllLbarlLeRbareR =
       - 1/4*Log[MBH0^2]*gBH0eR[f6,f8]*gBH0eR[f8,f93]*gBH0eR[f95,f6]*
         gBH0lL[f99,f97]*gam[y99,FIVE,mu2,y97]*gam[y95,FIVE,mu2,y93]*
         uspin[p2,y97]*uspin[p4,y93]*vbspin[p1,y99]*vbspin[p3,y95]*
         d_(l99,l97)*FourPi^(-2)*I^9*MBH0^(-2) + 1/4*Log[MBH0^2]*
         gBH0eR[f6,f8]*gBH0eR[f8,f93]*gBH0eR[f95,f6]*gBH0lL[f99,f97]*
         gam[y99,FIVE,mu2,y97]*gam[y95,mu2,y93]*uspin[p2,y97]*uspin[p4,
         y93]*vbspin[p1,y99]*vbspin[p3,y95]*d_(l99,l97)*FourPi^(-2)*I^9
         *MBH0^(-2) - 1/4*Log[MBH0^2]*gBH0eR[f6,f8]*gBH0eR[f8,f93]*
         gBH0eR[f95,f6]*gBH0lL[f99,f97]*gam[y99,mu2,y97]*gam[y95,FIVE,
         mu2,y93]*uspin[p2,y97]*uspin[p4,y93]*vbspin[p1,y99]*vbspin[p3,
         y95]*d_(l99,l97)*FourPi^(-2)*I^9*MBH0^(-2) + 1/4*Log[MBH0^2]*
         gBH0eR[f6,f8]*gBH0eR[f8,f93]*gBH0eR[f95,f6]*gBH0lL[f99,f97]*
         gam[y99,mu2,y97]*gam[y95,mu2,y93]*uspin[p2,y97]*uspin[p4,y93]*
         vbspin[p1,y99]*vbspin[p3,y95]*d_(l99,l97)*FourPi^(-2)*I^9*
         MBH0^(-2) + 1/16*Log[MBH0^2]*gBH0eR[f95,f6]*gBH0eR[f4,f93]*yl[
         f99,f4]*ylbar[f97,f6]*gam[y99,FIVE,mugam2,mu8,y93]*gam[y95,
         FIVE,mu8,mugam2,y97]*uspin[p2,y97]*uspin[p4,y93]*vbspin[p1,y99
         ]*vbspin[p3,y95]*d_(l99,l97)*FourPi^(-2)*I^9*MBH0^(-2) - 1/16*
         Log[MBH0^2]*gBH0eR[f95,f6]*gBH0eR[f4,f93]*yl[f99,f4]*ylbar[f97
         ,f6]*gam[y99,FIVE,mugam2,mu8,y93]*gam[y95,mu8,mugam2,y97]*
         uspin[p2,y97]*uspin[p4,y93]*vbspin[p1,y99]*vbspin[p3,y95]*
         d_(l99,l97)*FourPi^(-2)*I^9*MBH0^(-2) + 1/16*Log[MBH0^2]*
         gBH0eR[f95,f6]*gBH0eR[f4,f93]*yl[f99,f4]*ylbar[f97,f6]*gam[y99
         ,mugam2,mu8,y93]*gam[y95,FIVE,mu8,mugam2,y97]*uspin[p2,y97]*
         uspin[p4,y93]*vbspin[p1,y99]*vbspin[p3,y95]*d_(l99,l97)*
         FourPi^(-2)*I^9*MBH0^(-2) - 1/16*Log[MBH0^2]*gBH0eR[f95,f6]*
         gBH0eR[f4,f93]*yl[f99,f4]*ylbar[f97,f6]*gam[y99,mugam2,mu8,y93
         ]*gam[y95,mu8,mugam2,y97]*uspin[p2,y97]*uspin[p4,y93]*vbspin[
         p1,y99]*vbspin[p3,y95]*d_(l99,l97)*FourPi^(-2)*I^9*MBH0^(-2)
          - 1/16*Log[MBH0^2]*gBH0eR[f95,f6]*gBH0lL[f99,f4]*yl[f4,f93]*
         ylbar[f97,f6]*gam[y99,FIVE,mu2,mugam2,y93]*gam[y95,FIVE,mu2,
         mugam2,y97]*uspin[p2,y97]*uspin[p4,y93]*vbspin[p1,y99]*vbspin[
         p3,y95]*d_(l99,l97)*FourPi^(-2)*I^9*MBH0^(-2) + 1/16*Log[
         MBH0^2]*gBH0eR[f95,f6]*gBH0lL[f99,f4]*yl[f4,f93]*ylbar[f97,f6]
         *gam[y99,FIVE,mu2,mugam2,y93]*gam[y95,mu2,mugam2,y97]*uspin[p2
         ,y97]*uspin[p4,y93]*vbspin[p1,y99]*vbspin[p3,y95]*d_(l99,l97)*
         FourPi^(-2)*I^9*MBH0^(-2) - 1/16*Log[MBH0^2]*gBH0eR[f95,f6]*
         gBH0lL[f99,f4]*yl[f4,f93]*ylbar[f97,f6]*gam[y99,mu2,mugam2,y93
         ]*gam[y95,FIVE,mu2,mugam2,y97]*uspin[p2,y97]*uspin[p4,y93]*
         vbspin[p1,y99]*vbspin[p3,y95]*d_(l99,l97)*FourPi^(-2)*I^9*
         MBH0^(-2) + 1/16*Log[MBH0^2]*gBH0eR[f95,f6]*gBH0lL[f99,f4]*yl[
         f4,f93]*ylbar[f97,f6]*gam[y99,mu2,mugam2,y93]*gam[y95,mu2,
         mugam2,y97]*uspin[p2,y97]*uspin[p4,y93]*vbspin[p1,y99]*vbspin[
         p3,y95]*d_(l99,l97)*FourPi^(-2)*I^9*MBH0^(-2) - 1/4*Log[MBH0^2
         ]*gBH0eR[f95,f93]*gBH0lL[f6,f8]*gBH0lL[f8,f97]*gBH0lL[f99,f6]*
         gam[y99,FIVE,mu2,y97]*gam[y95,FIVE,mu2,y93]*uspin[p2,y97]*
         uspin[p4,y93]*vbspin[p1,y99]*vbspin[p3,y95]*d_(l99,l97)*
         FourPi^(-2)*I^9*MBH0^(-2) + 1/4*Log[MBH0^2]*gBH0eR[f95,f93]*
         gBH0lL[f6,f8]*gBH0lL[f8,f97]*gBH0lL[f99,f6]*gam[y99,FIVE,mu2,
         y97]*gam[y95,mu2,y93]*uspin[p2,y97]*uspin[p4,y93]*vbspin[p1,
         y99]*vbspin[p3,y95]*d_(l99,l97)*FourPi^(-2)*I^9*MBH0^(-2) - 1/
         4*Log[MBH0^2]*gBH0eR[f95,f93]*gBH0lL[f6,f8]*gBH0lL[f8,f97]*
         gBH0lL[f99,f6]*gam[y99,mu2,y97]*gam[y95,FIVE,mu2,y93]*uspin[p2
         ,y97]*uspin[p4,y93]*vbspin[p1,y99]*vbspin[p3,y95]*d_(l99,l97)*
         FourPi^(-2)*I^9*MBH0^(-2) + 1/4*Log[MBH0^2]*gBH0eR[f95,f93]*
         gBH0lL[f6,f8]*gBH0lL[f8,f97]*gBH0lL[f99,f6]*gam[y99,mu2,y97]*
         gam[y95,mu2,y93]*uspin[p2,y97]*uspin[p4,y93]*vbspin[p1,y99]*
         vbspin[p3,y95]*d_(l99,l97)*FourPi^(-2)*I^9*MBH0^(-2) - 1/16*
         Log[MBH0^2]*gBH0eR[f95,f93]*gBH0lL[f99,f97]*gam[y99,FIVE,mu4,
         mugam2,mu6,y97]*gam[y95,FIVE,mu4,mugam2,mu6,y93]*uspin[p2,y97]
         *uspin[p4,y93]*vbspin[p1,y99]*vbspin[p3,y95]*d_(l99,l97)*
         FourPi^(-2)*I^9*g1^2*MBH0^(-2) + 1/16*Log[MBH0^2]*gBH0eR[f95,
         f93]*gBH0lL[f99,f97]*gam[y99,FIVE,mu4,mugam2,mu6,y97]*gam[y95,
         FIVE,mu6,mugam2,mu4,y93]*uspin[p2,y97]*uspin[p4,y93]*vbspin[p1
         ,y99]*vbspin[p3,y95]*d_(l99,l97)*FourPi^(-2)*I^9*g1^2*
         MBH0^(-2) + 1/16*Log[MBH0^2]*gBH0eR[f95,f93]*gBH0lL[f99,f97]*
         gam[y99,FIVE,mu4,mugam2,mu6,y97]*gam[y95,mu4,mugam2,mu6,y93]*
         uspin[p2,y97]*uspin[p4,y93]*vbspin[p1,y99]*vbspin[p3,y95]*
         d_(l99,l97)*FourPi^(-2)*I^9*g1^2*MBH0^(-2) - 1/16*Log[MBH0^2]*
         gBH0eR[f95,f93]*gBH0lL[f99,f97]*gam[y99,FIVE,mu4,mugam2,mu6,
         y97]*gam[y95,mu6,mugam2,mu4,y93]*uspin[p2,y97]*uspin[p4,y93]*
         vbspin[p1,y99]*vbspin[p3,y95]*d_(l99,l97)*FourPi^(-2)*I^9*g1^2
         *MBH0^(-2) - 1/16*Log[MBH0^2]*gBH0eR[f95,f93]*gBH0lL[f99,f97]*
         gam[y99,mu4,mugam2,mu6,y97]*gam[y95,FIVE,mu4,mugam2,mu6,y93]*
         uspin[p2,y97]*uspin[p4,y93]*vbspin[p1,y99]*vbspin[p3,y95]*
         d_(l99,l97)*FourPi^(-2)*I^9*g1^2*MBH0^(-2) + 1/16*Log[MBH0^2]*
         gBH0eR[f95,f93]*gBH0lL[f99,f97]*gam[y99,mu4,mugam2,mu6,y97]*
         gam[y95,FIVE,mu6,mugam2,mu4,y93]*uspin[p2,y97]*uspin[p4,y93]*
         vbspin[p1,y99]*vbspin[p3,y95]*d_(l99,l97)*FourPi^(-2)*I^9*g1^2
         *MBH0^(-2) + 1/16*Log[MBH0^2]*gBH0eR[f95,f93]*gBH0lL[f99,f97]*
         gam[y99,mu4,mugam2,mu6,y97]*gam[y95,mu4,mugam2,mu6,y93]*uspin[
         p2,y97]*uspin[p4,y93]*vbspin[p1,y99]*vbspin[p3,y95]*
         d_(l99,l97)*FourPi^(-2)*I^9*g1^2*MBH0^(-2) - 1/16*Log[MBH0^2]*
         gBH0eR[f95,f93]*gBH0lL[f99,f97]*gam[y99,mu4,mugam2,mu6,y97]*
         gam[y95,mu6,mugam2,mu4,y93]*uspin[p2,y97]*uspin[p4,y93]*
         vbspin[p1,y99]*vbspin[p3,y95]*d_(l99,l97)*FourPi^(-2)*I^9*g1^2
         *MBH0^(-2) - 1/16*Log[MBH0^2]*gBH0eR[f4,f93]*gBH0lL[f6,f97]*
         yl[f99,f4]*ylbar[f6,f95]*gam[y99,FIVE,mugam2,mu8,y93]*gam[y95,
         FIVE,mugam2,mu8,y97]*uspin[p2,y97]*uspin[p4,y93]*vbspin[p1,y99
         ]*vbspin[p3,y95]*d_(l99,l97)*FourPi^(-2)*I^9*MBH0^(-2) + 1/16*
         Log[MBH0^2]*gBH0eR[f4,f93]*gBH0lL[f6,f97]*yl[f99,f4]*ylbar[f6,
         f95]*gam[y99,FIVE,mugam2,mu8,y93]*gam[y95,mugam2,mu8,y97]*
         uspin[p2,y97]*uspin[p4,y93]*vbspin[p1,y99]*vbspin[p3,y95]*
         d_(l99,l97)*FourPi^(-2)*I^9*MBH0^(-2) - 1/16*Log[MBH0^2]*
         gBH0eR[f4,f93]*gBH0lL[f6,f97]*yl[f99,f4]*ylbar[f6,f95]*gam[y99
         ,mugam2,mu8,y93]*gam[y95,FIVE,mugam2,mu8,y97]*uspin[p2,y97]*
         uspin[p4,y93]*vbspin[p1,y99]*vbspin[p3,y95]*d_(l99,l97)*
         FourPi^(-2)*I^9*MBH0^(-2) + 1/16*Log[MBH0^2]*gBH0eR[f4,f93]*
         gBH0lL[f6,f97]*yl[f99,f4]*ylbar[f6,f95]*gam[y99,mugam2,mu8,y93
         ]*gam[y95,mugam2,mu8,y97]*uspin[p2,y97]*uspin[p4,y93]*vbspin[
         p1,y99]*vbspin[p3,y95]*d_(l99,l97)*FourPi^(-2)*I^9*MBH0^(-2)
          + 1/16*Log[MBH0^2]*gBH0lL[f6,f97]*gBH0lL[f99,f4]*yl[f4,f93]*
         ylbar[f6,f95]*gam[y99,FIVE,mu2,mugam2,y93]*gam[y95,FIVE,mugam2
         ,mu2,y97]*uspin[p2,y97]*uspin[p4,y93]*vbspin[p1,y99]*vbspin[p3
         ,y95]*d_(l99,l97)*FourPi^(-2)*I^9*MBH0^(-2) - 1/16*Log[MBH0^2]
         *gBH0lL[f6,f97]*gBH0lL[f99,f4]*yl[f4,f93]*ylbar[f6,f95]*gam[
         y99,FIVE,mu2,mugam2,y93]*gam[y95,mugam2,mu2,y97]*uspin[p2,y97]
         *uspin[p4,y93]*vbspin[p1,y99]*vbspin[p3,y95]*d_(l99,l97)*
         FourPi^(-2)*I^9*MBH0^(-2) + 1/16*Log[MBH0^2]*gBH0lL[f6,f97]*
         gBH0lL[f99,f4]*yl[f4,f93]*ylbar[f6,f95]*gam[y99,mu2,mugam2,y93
         ]*gam[y95,FIVE,mugam2,mu2,y97]*uspin[p2,y97]*uspin[p4,y93]*
         vbspin[p1,y99]*vbspin[p3,y95]*d_(l99,l97)*FourPi^(-2)*I^9*
         MBH0^(-2) - 1/16*Log[MBH0^2]*gBH0lL[f6,f97]*gBH0lL[f99,f4]*yl[
         f4,f93]*ylbar[f6,f95]*gam[y99,mu2,mugam2,y93]*gam[y95,mugam2,
         mu2,y97]*uspin[p2,y97]*uspin[p4,y93]*vbspin[p1,y99]*vbspin[p3,
         y95]*d_(l99,l97)*FourPi^(-2)*I^9*MBH0^(-2) - 1/8*gBH0eR[f6,f8]
         *gBH0eR[f8,f93]*gBH0eR[f95,f6]*gBH0lL[f99,f97]*gam[y99,FIVE,
         mu2,y97]*gam[y95,FIVE,mu2,y93]*uspin[p2,y97]*uspin[p4,y93]*
         vbspin[p1,y99]*vbspin[p3,y95]*d_(l99,l97)*FourPi^(-2)*I^9*
         MBH0^(-2) + 1/8*gBH0eR[f6,f8]*gBH0eR[f8,f93]*gBH0eR[f95,f6]*
         gBH0lL[f99,f97]*gam[y99,FIVE,mu2,y97]*gam[y95,mu2,y93]*uspin[
         p2,y97]*uspin[p4,y93]*vbspin[p1,y99]*vbspin[p3,y95]*
         d_(l99,l97)*FourPi^(-2)*I^9*MBH0^(-2) - 1/8*gBH0eR[f6,f8]*
         gBH0eR[f8,f93]*gBH0eR[f95,f6]*gBH0lL[f99,f97]*gam[y99,mu2,y97]
         *gam[y95,FIVE,mu2,y93]*uspin[p2,y97]*uspin[p4,y93]*vbspin[p1,
         y99]*vbspin[p3,y95]*d_(l99,l97)*FourPi^(-2)*I^9*MBH0^(-2) + 1/
         8*gBH0eR[f6,f8]*gBH0eR[f8,f93]*gBH0eR[f95,f6]*gBH0lL[f99,f97]*
         gam[y99,mu2,y97]*gam[y95,mu2,y93]*uspin[p2,y97]*uspin[p4,y93]*
         vbspin[p1,y99]*vbspin[p3,y95]*d_(l99,l97)*FourPi^(-2)*I^9*
         MBH0^(-2) - 1/16*gBH0eR[f8,f93]*gBH0eR[f95,f8]*gBH0lL[f99,f2]*
         gBH0lL[f2,f97]*gam[y99,FIVE,mu4,mugam2,mu6,y97]*gam[y95,FIVE,
         mu4,mugam2,mu6,y93]*uspin[p2,y97]*uspin[p4,y93]*vbspin[p1,y99]
         *vbspin[p3,y95]*d_(l99,l97)*FourPi^(-2)*I^9*MBH0^(-2) + 1/16*
         gBH0eR[f8,f93]*gBH0eR[f95,f8]*gBH0lL[f99,f2]*gBH0lL[f2,f97]*
         gam[y99,FIVE,mu4,mugam2,mu6,y97]*gam[y95,FIVE,mu6,mugam2,mu4,
         y93]*uspin[p2,y97]*uspin[p4,y93]*vbspin[p1,y99]*vbspin[p3,y95]
         *d_(l99,l97)*FourPi^(-2)*I^9*MBH0^(-2) + 1/16*gBH0eR[f8,f93]*
         gBH0eR[f95,f8]*gBH0lL[f99,f2]*gBH0lL[f2,f97]*gam[y99,FIVE,mu4,
         mugam2,mu6,y97]*gam[y95,mu4,mugam2,mu6,y93]*uspin[p2,y97]*
         uspin[p4,y93]*vbspin[p1,y99]*vbspin[p3,y95]*d_(l99,l97)*
         FourPi^(-2)*I^9*MBH0^(-2) - 1/16*gBH0eR[f8,f93]*gBH0eR[f95,f8]
         *gBH0lL[f99,f2]*gBH0lL[f2,f97]*gam[y99,FIVE,mu4,mugam2,mu6,y97
         ]*gam[y95,mu6,mugam2,mu4,y93]*uspin[p2,y97]*uspin[p4,y93]*
         vbspin[p1,y99]*vbspin[p3,y95]*d_(l99,l97)*FourPi^(-2)*I^9*
         MBH0^(-2) - 1/16*gBH0eR[f8,f93]*gBH0eR[f95,f8]*gBH0lL[f99,f2]*
         gBH0lL[f2,f97]*gam[y99,mu4,mugam2,mu6,y97]*gam[y95,FIVE,mu4,
         mugam2,mu6,y93]*uspin[p2,y97]*uspin[p4,y93]*vbspin[p1,y99]*
         vbspin[p3,y95]*d_(l99,l97)*FourPi^(-2)*I^9*MBH0^(-2) + 1/16*
         gBH0eR[f8,f93]*gBH0eR[f95,f8]*gBH0lL[f99,f2]*gBH0lL[f2,f97]*
         gam[y99,mu4,mugam2,mu6,y97]*gam[y95,FIVE,mu6,mugam2,mu4,y93]*
         uspin[p2,y97]*uspin[p4,y93]*vbspin[p1,y99]*vbspin[p3,y95]*
         d_(l99,l97)*FourPi^(-2)*I^9*MBH0^(-2) + 1/16*gBH0eR[f8,f93]*
         gBH0eR[f95,f8]*gBH0lL[f99,f2]*gBH0lL[f2,f97]*gam[y99,mu4,
         mugam2,mu6,y97]*gam[y95,mu4,mugam2,mu6,y93]*uspin[p2,y97]*
         uspin[p4,y93]*vbspin[p1,y99]*vbspin[p3,y95]*d_(l99,l97)*
         FourPi^(-2)*I^9*MBH0^(-2) - 1/16*gBH0eR[f8,f93]*gBH0eR[f95,f8]
         *gBH0lL[f99,f2]*gBH0lL[f2,f97]*gam[y99,mu4,mugam2,mu6,y97]*
         gam[y95,mu6,mugam2,mu4,y93]*uspin[p2,y97]*uspin[p4,y93]*
         vbspin[p1,y99]*vbspin[p3,y95]*d_(l99,l97)*FourPi^(-2)*I^9*
         MBH0^(-2) - 3/32*gBH0eR[f95,f6]*gBH0eR[f4,f93]*yl[f99,f4]*
         ylbar[f97,f6]*gam[y99,FIVE,mugam2,mu8,y93]*gam[y95,FIVE,mu8,
         mugam2,y97]*uspin[p2,y97]*uspin[p4,y93]*vbspin[p1,y99]*vbspin[
         p3,y95]*d_(l99,l97)*FourPi^(-2)*I^9*MBH0^(-2) + 3/32*gBH0eR[
         f95,f6]*gBH0eR[f4,f93]*yl[f99,f4]*ylbar[f97,f6]*gam[y99,FIVE,
         mugam2,mu8,y93]*gam[y95,mu8,mugam2,y97]*uspin[p2,y97]*uspin[p4
         ,y93]*vbspin[p1,y99]*vbspin[p3,y95]*d_(l99,l97)*FourPi^(-2)*
         I^9*MBH0^(-2) - 3/32*gBH0eR[f95,f6]*gBH0eR[f4,f93]*yl[f99,f4]*
         ylbar[f97,f6]*gam[y99,mugam2,mu8,y93]*gam[y95,FIVE,mu8,mugam2,
         y97]*uspin[p2,y97]*uspin[p4,y93]*vbspin[p1,y99]*vbspin[p3,y95]
         *d_(l99,l97)*FourPi^(-2)*I^9*MBH0^(-2) + 3/32*gBH0eR[f95,f6]*
         gBH0eR[f4,f93]*yl[f99,f4]*ylbar[f97,f6]*gam[y99,mugam2,mu8,y93
         ]*gam[y95,mu8,mugam2,y97]*uspin[p2,y97]*uspin[p4,y93]*vbspin[
         p1,y99]*vbspin[p3,y95]*d_(l99,l97)*FourPi^(-2)*I^9*MBH0^(-2)
          + 3/32*gBH0eR[f95,f6]*gBH0lL[f99,f4]*yl[f4,f93]*ylbar[f97,f6]
         *gam[y99,FIVE,mu2,mugam2,y93]*gam[y95,FIVE,mu2,mugam2,y97]*
         uspin[p2,y97]*uspin[p4,y93]*vbspin[p1,y99]*vbspin[p3,y95]*
         d_(l99,l97)*FourPi^(-2)*I^9*MBH0^(-2) - 3/32*gBH0eR[f95,f6]*
         gBH0lL[f99,f4]*yl[f4,f93]*ylbar[f97,f6]*gam[y99,FIVE,mu2,
         mugam2,y93]*gam[y95,mu2,mugam2,y97]*uspin[p2,y97]*uspin[p4,y93
         ]*vbspin[p1,y99]*vbspin[p3,y95]*d_(l99,l97)*FourPi^(-2)*I^9*
         MBH0^(-2) + 3/32*gBH0eR[f95,f6]*gBH0lL[f99,f4]*yl[f4,f93]*
         ylbar[f97,f6]*gam[y99,mu2,mugam2,y93]*gam[y95,FIVE,mu2,mugam2,
         y97]*uspin[p2,y97]*uspin[p4,y93]*vbspin[p1,y99]*vbspin[p3,y95]
         *d_(l99,l97)*FourPi^(-2)*I^9*MBH0^(-2) - 3/32*gBH0eR[f95,f6]*
         gBH0lL[f99,f4]*yl[f4,f93]*ylbar[f97,f6]*gam[y99,mu2,mugam2,y93
         ]*gam[y95,mu2,mugam2,y97]*uspin[p2,y97]*uspin[p4,y93]*vbspin[
         p1,y99]*vbspin[p3,y95]*d_(l99,l97)*FourPi^(-2)*I^9*MBH0^(-2)
          - 1/8*gBH0eR[f95,f93]*gBH0lL[f6,f8]*gBH0lL[f8,f97]*gBH0lL[f99
         ,f6]*gam[y99,FIVE,mu2,y97]*gam[y95,FIVE,mu2,y93]*uspin[p2,y97]
         *uspin[p4,y93]*vbspin[p1,y99]*vbspin[p3,y95]*d_(l99,l97)*
         FourPi^(-2)*I^9*MBH0^(-2) + 1/8*gBH0eR[f95,f93]*gBH0lL[f6,f8]*
         gBH0lL[f8,f97]*gBH0lL[f99,f6]*gam[y99,FIVE,mu2,y97]*gam[y95,
         mu2,y93]*uspin[p2,y97]*uspin[p4,y93]*vbspin[p1,y99]*vbspin[p3,
         y95]*d_(l99,l97)*FourPi^(-2)*I^9*MBH0^(-2) - 1/8*gBH0eR[f95,
         f93]*gBH0lL[f6,f8]*gBH0lL[f8,f97]*gBH0lL[f99,f6]*gam[y99,mu2,
         y97]*gam[y95,FIVE,mu2,y93]*uspin[p2,y97]*uspin[p4,y93]*vbspin[
         p1,y99]*vbspin[p3,y95]*d_(l99,l97)*FourPi^(-2)*I^9*MBH0^(-2)
          + 1/8*gBH0eR[f95,f93]*gBH0lL[f6,f8]*gBH0lL[f8,f97]*gBH0lL[f99
         ,f6]*gam[y99,mu2,y97]*gam[y95,mu2,y93]*uspin[p2,y97]*uspin[p4,
         y93]*vbspin[p1,y99]*vbspin[p3,y95]*d_(l99,l97)*FourPi^(-2)*I^9
         *MBH0^(-2) + 3/32*gBH0eR[f95,f93]*gBH0lL[f99,f97]*gam[y99,FIVE
         ,mu4,mugam2,mu6,y97]*gam[y95,FIVE,mu4,mugam2,mu6,y93]*uspin[p2
         ,y97]*uspin[p4,y93]*vbspin[p1,y99]*vbspin[p3,y95]*d_(l99,l97)*
         FourPi^(-2)*I^9*g1^2*MBH0^(-2) - 3/32*gBH0eR[f95,f93]*gBH0lL[
         f99,f97]*gam[y99,FIVE,mu4,mugam2,mu6,y97]*gam[y95,FIVE,mu6,
         mugam2,mu4,y93]*uspin[p2,y97]*uspin[p4,y93]*vbspin[p1,y99]*
         vbspin[p3,y95]*d_(l99,l97)*FourPi^(-2)*I^9*g1^2*MBH0^(-2) - 3/
         32*gBH0eR[f95,f93]*gBH0lL[f99,f97]*gam[y99,FIVE,mu4,mugam2,mu6
         ,y97]*gam[y95,mu4,mugam2,mu6,y93]*uspin[p2,y97]*uspin[p4,y93]*
         vbspin[p1,y99]*vbspin[p3,y95]*d_(l99,l97)*FourPi^(-2)*I^9*g1^2
         *MBH0^(-2) + 3/32*gBH0eR[f95,f93]*gBH0lL[f99,f97]*gam[y99,FIVE
         ,mu4,mugam2,mu6,y97]*gam[y95,mu6,mugam2,mu4,y93]*uspin[p2,y97]
         *uspin[p4,y93]*vbspin[p1,y99]*vbspin[p3,y95]*d_(l99,l97)*
         FourPi^(-2)*I^9*g1^2*MBH0^(-2) + 3/32*gBH0eR[f95,f93]*gBH0lL[
         f99,f97]*gam[y99,mu4,mugam2,mu6,y97]*gam[y95,FIVE,mu4,mugam2,
         mu6,y93]*uspin[p2,y97]*uspin[p4,y93]*vbspin[p1,y99]*vbspin[p3,
         y95]*d_(l99,l97)*FourPi^(-2)*I^9*g1^2*MBH0^(-2) - 3/32*gBH0eR[
         f95,f93]*gBH0lL[f99,f97]*gam[y99,mu4,mugam2,mu6,y97]*gam[y95,
         FIVE,mu6,mugam2,mu4,y93]*uspin[p2,y97]*uspin[p4,y93]*vbspin[p1
         ,y99]*vbspin[p3,y95]*d_(l99,l97)*FourPi^(-2)*I^9*g1^2*
         MBH0^(-2) - 3/32*gBH0eR[f95,f93]*gBH0lL[f99,f97]*gam[y99,mu4,
         mugam2,mu6,y97]*gam[y95,mu4,mugam2,mu6,y93]*uspin[p2,y97]*
         uspin[p4,y93]*vbspin[p1,y99]*vbspin[p3,y95]*d_(l99,l97)*
         FourPi^(-2)*I^9*g1^2*MBH0^(-2) + 3/32*gBH0eR[f95,f93]*gBH0lL[
         f99,f97]*gam[y99,mu4,mugam2,mu6,y97]*gam[y95,mu6,mugam2,mu4,
         y93]*uspin[p2,y97]*uspin[p4,y93]*vbspin[p1,y99]*vbspin[p3,y95]
         *d_(l99,l97)*FourPi^(-2)*I^9*g1^2*MBH0^(-2) + 3/32*gBH0eR[f4,
         f93]*gBH0lL[f6,f97]*yl[f99,f4]*ylbar[f6,f95]*gam[y99,FIVE,
         mugam2,mu8,y93]*gam[y95,FIVE,mugam2,mu8,y97]*uspin[p2,y97]*
         uspin[p4,y93]*vbspin[p1,y99]*vbspin[p3,y95]*d_(l99,l97)*
         FourPi^(-2)*I^9*MBH0^(-2) - 3/32*gBH0eR[f4,f93]*gBH0lL[f6,f97]
         *yl[f99,f4]*ylbar[f6,f95]*gam[y99,FIVE,mugam2,mu8,y93]*gam[y95
         ,mugam2,mu8,y97]*uspin[p2,y97]*uspin[p4,y93]*vbspin[p1,y99]*
         vbspin[p3,y95]*d_(l99,l97)*FourPi^(-2)*I^9*MBH0^(-2) + 3/32*
         gBH0eR[f4,f93]*gBH0lL[f6,f97]*yl[f99,f4]*ylbar[f6,f95]*gam[y99
         ,mugam2,mu8,y93]*gam[y95,FIVE,mugam2,mu8,y97]*uspin[p2,y97]*
         uspin[p4,y93]*vbspin[p1,y99]*vbspin[p3,y95]*d_(l99,l97)*
         FourPi^(-2)*I^9*MBH0^(-2) - 3/32*gBH0eR[f4,f93]*gBH0lL[f6,f97]
         *yl[f99,f4]*ylbar[f6,f95]*gam[y99,mugam2,mu8,y93]*gam[y95,
         mugam2,mu8,y97]*uspin[p2,y97]*uspin[p4,y93]*vbspin[p1,y99]*
         vbspin[p3,y95]*d_(l99,l97)*FourPi^(-2)*I^9*MBH0^(-2) - 3/32*
         gBH0lL[f6,f97]*gBH0lL[f99,f4]*yl[f4,f93]*ylbar[f6,f95]*gam[y99
         ,FIVE,mu2,mugam2,y93]*gam[y95,FIVE,mugam2,mu2,y97]*uspin[p2,
         y97]*uspin[p4,y93]*vbspin[p1,y99]*vbspin[p3,y95]*d_(l99,l97)*
         FourPi^(-2)*I^9*MBH0^(-2) + 3/32*gBH0lL[f6,f97]*gBH0lL[f99,f4]
         *yl[f4,f93]*ylbar[f6,f95]*gam[y99,FIVE,mu2,mugam2,y93]*gam[y95
         ,mugam2,mu2,y97]*uspin[p2,y97]*uspin[p4,y93]*vbspin[p1,y99]*
         vbspin[p3,y95]*d_(l99,l97)*FourPi^(-2)*I^9*MBH0^(-2) - 3/32*
         gBH0lL[f6,f97]*gBH0lL[f99,f4]*yl[f4,f93]*ylbar[f6,f95]*gam[y99
         ,mu2,mugam2,y93]*gam[y95,FIVE,mugam2,mu2,y97]*uspin[p2,y97]*
         uspin[p4,y93]*vbspin[p1,y99]*vbspin[p3,y95]*d_(l99,l97)*
         FourPi^(-2)*I^9*MBH0^(-2) + 3/32*gBH0lL[f6,f97]*gBH0lL[f99,f4]
         *yl[f4,f93]*ylbar[f6,f95]*gam[y99,mu2,mugam2,y93]*gam[y95,
         mugam2,mu2,y97]*uspin[p2,y97]*uspin[p4,y93]*vbspin[p1,y99]*
         vbspin[p3,y95]*d_(l99,l97)*FourPi^(-2)*I^9*MBH0^(-2);

  0.07 sec out of 0.06 sec
