FORM 4.2.0 (Jul  6 2017, v4.2.0) 64-bits         Run: Fri Mar 16 14:57:24 2018
    * -*-Form-*-
    
    #: Parentheses 2000
    #-

   ampllLbareRqLbaruR =
       - 1/16*Log[MBH0^2]*gBH0eR[f2,f97]*gBH0qL[f95,f8]*yl[f99,f2]*yu[
         f8,f93]*gam[y99,FIVE,mugam2,mu6,y97]*gam[y95,FIVE,mu6,mugam2,
         y93]*uspin[p2,y97]*uspin[p4,y93]*vbspin[p1,y99]*vbspin[p3,y95]
         *e_[l99,l95]*d_(m95,m93)*FourPi^(-2)*I^9*MBH0^(-2) - 1/16*Log[
         MBH0^2]*gBH0eR[f2,f97]*gBH0qL[f95,f8]*yl[f99,f2]*yu[f8,f93]*
         gam[y99,FIVE,mugam2,mu6,y97]*gam[y95,mu6,mugam2,y93]*uspin[p2,
         y97]*uspin[p4,y93]*vbspin[p1,y99]*vbspin[p3,y95]*e_[l99,l95]*
         d_(m95,m93)*FourPi^(-2)*I^9*MBH0^(-2) - 1/16*Log[MBH0^2]*
         gBH0eR[f2,f97]*gBH0qL[f95,f8]*yl[f99,f2]*yu[f8,f93]*gam[y99,
         mugam2,mu6,y97]*gam[y95,FIVE,mu6,mugam2,y93]*uspin[p2,y97]*
         uspin[p4,y93]*vbspin[p1,y99]*vbspin[p3,y95]*e_[l99,l95]*
         d_(m95,m93)*FourPi^(-2)*I^9*MBH0^(-2) - 1/16*Log[MBH0^2]*
         gBH0eR[f2,f97]*gBH0qL[f95,f8]*yl[f99,f2]*yu[f8,f93]*gam[y99,
         mugam2,mu6,y97]*gam[y95,mu6,mugam2,y93]*uspin[p2,y97]*uspin[p4
         ,y93]*vbspin[p1,y99]*vbspin[p3,y95]*e_[l99,l95]*d_(m95,m93)*
         FourPi^(-2)*I^9*MBH0^(-2) + 1/16*Log[MBH0^2]*gBH0eR[f2,f97]*
         gBH0uR[f8,f93]*yl[f99,f2]*yu[f95,f8]*gam[y99,FIVE,mugam2,mu6,
         y97]*gam[y95,FIVE,mugam2,mu6,y93]*uspin[p2,y97]*uspin[p4,y93]*
         vbspin[p1,y99]*vbspin[p3,y95]*e_[l99,l95]*d_(m95,m93)*
         FourPi^(-2)*I^9*MBH0^(-2) + 1/16*Log[MBH0^2]*gBH0eR[f2,f97]*
         gBH0uR[f8,f93]*yl[f99,f2]*yu[f95,f8]*gam[y99,FIVE,mugam2,mu6,
         y97]*gam[y95,mugam2,mu6,y93]*uspin[p2,y97]*uspin[p4,y93]*
         vbspin[p1,y99]*vbspin[p3,y95]*e_[l99,l95]*d_(m95,m93)*
         FourPi^(-2)*I^9*MBH0^(-2) + 1/16*Log[MBH0^2]*gBH0eR[f2,f97]*
         gBH0uR[f8,f93]*yl[f99,f2]*yu[f95,f8]*gam[y99,mugam2,mu6,y97]*
         gam[y95,FIVE,mugam2,mu6,y93]*uspin[p2,y97]*uspin[p4,y93]*
         vbspin[p1,y99]*vbspin[p3,y95]*e_[l99,l95]*d_(m95,m93)*
         FourPi^(-2)*I^9*MBH0^(-2) + 1/16*Log[MBH0^2]*gBH0eR[f2,f97]*
         gBH0uR[f8,f93]*yl[f99,f2]*yu[f95,f8]*gam[y99,mugam2,mu6,y97]*
         gam[y95,mugam2,mu6,y93]*uspin[p2,y97]*uspin[p4,y93]*vbspin[p1,
         y99]*vbspin[p3,y95]*e_[l99,l95]*d_(m95,m93)*FourPi^(-2)*I^9*
         MBH0^(-2) + 1/16*Log[MBH0^2]*gBH0lL[f99,f2]*gBH0qL[f95,f8]*yl[
         f2,f97]*yu[f8,f93]*gam[y99,FIVE,mu4,mugam2,y97]*gam[y95,FIVE,
         mu4,mugam2,y93]*uspin[p2,y97]*uspin[p4,y93]*vbspin[p1,y99]*
         vbspin[p3,y95]*e_[l99,l95]*d_(m95,m93)*FourPi^(-2)*I^9*
         MBH0^(-2) + 1/16*Log[MBH0^2]*gBH0lL[f99,f2]*gBH0qL[f95,f8]*yl[
         f2,f97]*yu[f8,f93]*gam[y99,FIVE,mu4,mugam2,y97]*gam[y95,mu4,
         mugam2,y93]*uspin[p2,y97]*uspin[p4,y93]*vbspin[p1,y99]*vbspin[
         p3,y95]*e_[l99,l95]*d_(m95,m93)*FourPi^(-2)*I^9*MBH0^(-2) + 1/
         16*Log[MBH0^2]*gBH0lL[f99,f2]*gBH0qL[f95,f8]*yl[f2,f97]*yu[f8,
         f93]*gam[y99,mu4,mugam2,y97]*gam[y95,FIVE,mu4,mugam2,y93]*
         uspin[p2,y97]*uspin[p4,y93]*vbspin[p1,y99]*vbspin[p3,y95]*e_[
         l99,l95]*d_(m95,m93)*FourPi^(-2)*I^9*MBH0^(-2) + 1/16*Log[
         MBH0^2]*gBH0lL[f99,f2]*gBH0qL[f95,f8]*yl[f2,f97]*yu[f8,f93]*
         gam[y99,mu4,mugam2,y97]*gam[y95,mu4,mugam2,y93]*uspin[p2,y97]*
         uspin[p4,y93]*vbspin[p1,y99]*vbspin[p3,y95]*e_[l99,l95]*
         d_(m95,m93)*FourPi^(-2)*I^9*MBH0^(-2) - 1/16*Log[MBH0^2]*
         gBH0lL[f99,f2]*gBH0uR[f8,f93]*yl[f2,f97]*yu[f95,f8]*gam[y99,
         FIVE,mu4,mugam2,y97]*gam[y95,FIVE,mugam2,mu4,y93]*uspin[p2,y97
         ]*uspin[p4,y93]*vbspin[p1,y99]*vbspin[p3,y95]*e_[l99,l95]*
         d_(m95,m93)*FourPi^(-2)*I^9*MBH0^(-2) - 1/16*Log[MBH0^2]*
         gBH0lL[f99,f2]*gBH0uR[f8,f93]*yl[f2,f97]*yu[f95,f8]*gam[y99,
         FIVE,mu4,mugam2,y97]*gam[y95,mugam2,mu4,y93]*uspin[p2,y97]*
         uspin[p4,y93]*vbspin[p1,y99]*vbspin[p3,y95]*e_[l99,l95]*
         d_(m95,m93)*FourPi^(-2)*I^9*MBH0^(-2) - 1/16*Log[MBH0^2]*
         gBH0lL[f99,f2]*gBH0uR[f8,f93]*yl[f2,f97]*yu[f95,f8]*gam[y99,
         mu4,mugam2,y97]*gam[y95,FIVE,mugam2,mu4,y93]*uspin[p2,y97]*
         uspin[p4,y93]*vbspin[p1,y99]*vbspin[p3,y95]*e_[l99,l95]*
         d_(m95,m93)*FourPi^(-2)*I^9*MBH0^(-2) - 1/16*Log[MBH0^2]*
         gBH0lL[f99,f2]*gBH0uR[f8,f93]*yl[f2,f97]*yu[f95,f8]*gam[y99,
         mu4,mugam2,y97]*gam[y95,mugam2,mu4,y93]*uspin[p2,y97]*uspin[p4
         ,y93]*vbspin[p1,y99]*vbspin[p3,y95]*e_[l99,l95]*d_(m95,m93)*
         FourPi^(-2)*I^9*MBH0^(-2) + 3/32*gBH0eR[f2,f97]*gBH0qL[f95,f8]
         *yl[f99,f2]*yu[f8,f93]*gam[y99,FIVE,mugam2,mu6,y97]*gam[y95,
         FIVE,mu6,mugam2,y93]*uspin[p2,y97]*uspin[p4,y93]*vbspin[p1,y99
         ]*vbspin[p3,y95]*e_[l99,l95]*d_(m95,m93)*FourPi^(-2)*I^9*
         MBH0^(-2) + 3/32*gBH0eR[f2,f97]*gBH0qL[f95,f8]*yl[f99,f2]*yu[
         f8,f93]*gam[y99,FIVE,mugam2,mu6,y97]*gam[y95,mu6,mugam2,y93]*
         uspin[p2,y97]*uspin[p4,y93]*vbspin[p1,y99]*vbspin[p3,y95]*e_[
         l99,l95]*d_(m95,m93)*FourPi^(-2)*I^9*MBH0^(-2) + 3/32*gBH0eR[
         f2,f97]*gBH0qL[f95,f8]*yl[f99,f2]*yu[f8,f93]*gam[y99,mugam2,
         mu6,y97]*gam[y95,FIVE,mu6,mugam2,y93]*uspin[p2,y97]*uspin[p4,
         y93]*vbspin[p1,y99]*vbspin[p3,y95]*e_[l99,l95]*d_(m95,m93)*
         FourPi^(-2)*I^9*MBH0^(-2) + 3/32*gBH0eR[f2,f97]*gBH0qL[f95,f8]
         *yl[f99,f2]*yu[f8,f93]*gam[y99,mugam2,mu6,y97]*gam[y95,mu6,
         mugam2,y93]*uspin[p2,y97]*uspin[p4,y93]*vbspin[p1,y99]*vbspin[
         p3,y95]*e_[l99,l95]*d_(m95,m93)*FourPi^(-2)*I^9*MBH0^(-2) - 3/
         32*gBH0eR[f2,f97]*gBH0uR[f8,f93]*yl[f99,f2]*yu[f95,f8]*gam[y99
         ,FIVE,mugam2,mu6,y97]*gam[y95,FIVE,mugam2,mu6,y93]*uspin[p2,
         y97]*uspin[p4,y93]*vbspin[p1,y99]*vbspin[p3,y95]*e_[l99,l95]*
         d_(m95,m93)*FourPi^(-2)*I^9*MBH0^(-2) - 3/32*gBH0eR[f2,f97]*
         gBH0uR[f8,f93]*yl[f99,f2]*yu[f95,f8]*gam[y99,FIVE,mugam2,mu6,
         y97]*gam[y95,mugam2,mu6,y93]*uspin[p2,y97]*uspin[p4,y93]*
         vbspin[p1,y99]*vbspin[p3,y95]*e_[l99,l95]*d_(m95,m93)*
         FourPi^(-2)*I^9*MBH0^(-2) - 3/32*gBH0eR[f2,f97]*gBH0uR[f8,f93]
         *yl[f99,f2]*yu[f95,f8]*gam[y99,mugam2,mu6,y97]*gam[y95,FIVE,
         mugam2,mu6,y93]*uspin[p2,y97]*uspin[p4,y93]*vbspin[p1,y99]*
         vbspin[p3,y95]*e_[l99,l95]*d_(m95,m93)*FourPi^(-2)*I^9*
         MBH0^(-2) - 3/32*gBH0eR[f2,f97]*gBH0uR[f8,f93]*yl[f99,f2]*yu[
         f95,f8]*gam[y99,mugam2,mu6,y97]*gam[y95,mugam2,mu6,y93]*uspin[
         p2,y97]*uspin[p4,y93]*vbspin[p1,y99]*vbspin[p3,y95]*e_[l99,l95
         ]*d_(m95,m93)*FourPi^(-2)*I^9*MBH0^(-2) - 3/32*gBH0lL[f99,f2]*
         gBH0qL[f95,f8]*yl[f2,f97]*yu[f8,f93]*gam[y99,FIVE,mu4,mugam2,
         y97]*gam[y95,FIVE,mu4,mugam2,y93]*uspin[p2,y97]*uspin[p4,y93]*
         vbspin[p1,y99]*vbspin[p3,y95]*e_[l99,l95]*d_(m95,m93)*
         FourPi^(-2)*I^9*MBH0^(-2) - 3/32*gBH0lL[f99,f2]*gBH0qL[f95,f8]
         *yl[f2,f97]*yu[f8,f93]*gam[y99,FIVE,mu4,mugam2,y97]*gam[y95,
         mu4,mugam2,y93]*uspin[p2,y97]*uspin[p4,y93]*vbspin[p1,y99]*
         vbspin[p3,y95]*e_[l99,l95]*d_(m95,m93)*FourPi^(-2)*I^9*
         MBH0^(-2) - 3/32*gBH0lL[f99,f2]*gBH0qL[f95,f8]*yl[f2,f97]*yu[
         f8,f93]*gam[y99,mu4,mugam2,y97]*gam[y95,FIVE,mu4,mugam2,y93]*
         uspin[p2,y97]*uspin[p4,y93]*vbspin[p1,y99]*vbspin[p3,y95]*e_[
         l99,l95]*d_(m95,m93)*FourPi^(-2)*I^9*MBH0^(-2) - 3/32*gBH0lL[
         f99,f2]*gBH0qL[f95,f8]*yl[f2,f97]*yu[f8,f93]*gam[y99,mu4,
         mugam2,y97]*gam[y95,mu4,mugam2,y93]*uspin[p2,y97]*uspin[p4,y93
         ]*vbspin[p1,y99]*vbspin[p3,y95]*e_[l99,l95]*d_(m95,m93)*
         FourPi^(-2)*I^9*MBH0^(-2) + 3/32*gBH0lL[f99,f2]*gBH0uR[f8,f93]
         *yl[f2,f97]*yu[f95,f8]*gam[y99,FIVE,mu4,mugam2,y97]*gam[y95,
         FIVE,mugam2,mu4,y93]*uspin[p2,y97]*uspin[p4,y93]*vbspin[p1,y99
         ]*vbspin[p3,y95]*e_[l99,l95]*d_(m95,m93)*FourPi^(-2)*I^9*
         MBH0^(-2) + 3/32*gBH0lL[f99,f2]*gBH0uR[f8,f93]*yl[f2,f97]*yu[
         f95,f8]*gam[y99,FIVE,mu4,mugam2,y97]*gam[y95,mugam2,mu4,y93]*
         uspin[p2,y97]*uspin[p4,y93]*vbspin[p1,y99]*vbspin[p3,y95]*e_[
         l99,l95]*d_(m95,m93)*FourPi^(-2)*I^9*MBH0^(-2) + 3/32*gBH0lL[
         f99,f2]*gBH0uR[f8,f93]*yl[f2,f97]*yu[f95,f8]*gam[y99,mu4,
         mugam2,y97]*gam[y95,FIVE,mugam2,mu4,y93]*uspin[p2,y97]*uspin[
         p4,y93]*vbspin[p1,y99]*vbspin[p3,y95]*e_[l99,l95]*d_(m95,m93)*
         FourPi^(-2)*I^9*MBH0^(-2) + 3/32*gBH0lL[f99,f2]*gBH0uR[f8,f93]
         *yl[f2,f97]*yu[f95,f8]*gam[y99,mu4,mugam2,y97]*gam[y95,mugam2,
         mu4,y93]*uspin[p2,y97]*uspin[p4,y93]*vbspin[p1,y99]*vbspin[p3,
         y95]*e_[l99,l95]*d_(m95,m93)*FourPi^(-2)*I^9*MBH0^(-2);

  0.02 sec out of 0.01 sec
