FORM 4.2.0 (Jul  6 2017, v4.2.0) 64-bits         Run: Fri Mar 16 14:57:17 2018
    * -*-Form-*-
    
    #: Parentheses 2000
    #-

   ampllLbareRWiPhi =
       + sSS * ( 1/4*Log[MBH0^2]*gBH0eR[f2,f97]*yl[f99,f2]*Ta[n95,l99,
         l93]*gam[y99,FIVE,p1,pol3,y97]*uspin[p2,y97]*vbspin[p1,y99]*
         FourPi^(-2)*I^7*gw*MBH0^(-2)*gBH0Phibar + 1/4*Log[MBH0^2]*
         gBH0eR[f2,f97]*yl[f99,f2]*Ta[n95,l99,l93]*gam[y99,FIVE,p1,pol3
         ,y97]*uspin[p2,y97]*vbspin[p1,y99]*FourPi^(-2)*I^7*gw*gBH0Phi*
         MBH0^(-2) + 1/6*Log[MBH0^2]*gBH0eR[f2,f97]*yl[f99,f2]*Ta[n95,
         l99,l93]*gam[y99,FIVE,p1,pol3,y97]*uspin[p2,y97]*vbspin[p1,y99
         ]*FourPi^(-2)*I^9*gw*MBH0^(-2)*gBH0Phibar - 1/12*Log[MBH0^2]*
         gBH0eR[f2,f97]*yl[f99,f2]*Ta[n95,l99,l93]*gam[y99,FIVE,pol3,p1
         ,y97]*uspin[p2,y97]*vbspin[p1,y99]*FourPi^(-2)*I^9*gw*
         MBH0^(-2)*gBH0Phibar - 1/6*Log[MBH0^2]*gBH0eR[f2,f97]*yl[f99,
         f2]*Ta[n95,l99,l93]*gam[y99,FIVE,pol3,p3,y97]*uspin[p2,y97]*
         vbspin[p1,y99]*FourPi^(-2)*I^9*gw*MBH0^(-2)*gBH0Phibar + 1/4*
         Log[MBH0^2]*gBH0eR[f2,f97]*yl[f99,f2]*Ta[n95,l99,l93]*gam[y99,
         FIVE,pol3,p4,y97]*uspin[p2,y97]*vbspin[p1,y99]*FourPi^(-2)*I^9
         *gw*gBH0Phi*MBH0^(-2) + 1/12*Log[MBH0^2]*gBH0eR[f2,f97]*yl[f99
         ,f2]*Ta[n95,l99,l93]*gam[y99,FIVE,p3,pol3,y97]*uspin[p2,y97]*
         vbspin[p1,y99]*FourPi^(-2)*I^9*gw*MBH0^(-2)*gBH0Phibar - 1/3*
         Log[MBH0^2]*gBH0eR[f2,f97]*yl[f99,f2]*Ta[n95,l99,l93]*gam[y99,
         FIVE,y97]*uspin[p2,y97]*vbspin[p1,y99]*p1.pol3*FourPi^(-2)*I^9
         *gw*MBH0^(-2)*gBH0Phibar - 1/6*Log[MBH0^2]*gBH0eR[f2,f97]*yl[
         f99,f2]*Ta[n95,l99,l93]*gam[y99,FIVE,y97]*uspin[p2,y97]*
         vbspin[p1,y99]*pol3.p3*FourPi^(-2)*I^9*gw*MBH0^(-2)*gBH0Phibar
          + 1/4*Log[MBH0^2]*gBH0eR[f2,f97]*yl[f99,f2]*Ta[n95,l99,l93]*
         gam[y99,p1,pol3,y97]*uspin[p2,y97]*vbspin[p1,y99]*FourPi^(-2)*
         I^7*gw*MBH0^(-2)*gBH0Phibar + 1/4*Log[MBH0^2]*gBH0eR[f2,f97]*
         yl[f99,f2]*Ta[n95,l99,l93]*gam[y99,p1,pol3,y97]*uspin[p2,y97]*
         vbspin[p1,y99]*FourPi^(-2)*I^7*gw*gBH0Phi*MBH0^(-2) + 1/6*Log[
         MBH0^2]*gBH0eR[f2,f97]*yl[f99,f2]*Ta[n95,l99,l93]*gam[y99,p1,
         pol3,y97]*uspin[p2,y97]*vbspin[p1,y99]*FourPi^(-2)*I^9*gw*
         MBH0^(-2)*gBH0Phibar - 1/12*Log[MBH0^2]*gBH0eR[f2,f97]*yl[f99,
         f2]*Ta[n95,l99,l93]*gam[y99,pol3,p1,y97]*uspin[p2,y97]*vbspin[
         p1,y99]*FourPi^(-2)*I^9*gw*MBH0^(-2)*gBH0Phibar - 1/6*Log[
         MBH0^2]*gBH0eR[f2,f97]*yl[f99,f2]*Ta[n95,l99,l93]*gam[y99,pol3
         ,p3,y97]*uspin[p2,y97]*vbspin[p1,y99]*FourPi^(-2)*I^9*gw*
         MBH0^(-2)*gBH0Phibar + 1/4*Log[MBH0^2]*gBH0eR[f2,f97]*yl[f99,
         f2]*Ta[n95,l99,l93]*gam[y99,pol3,p4,y97]*uspin[p2,y97]*vbspin[
         p1,y99]*FourPi^(-2)*I^9*gw*gBH0Phi*MBH0^(-2) + 1/12*Log[MBH0^2
         ]*gBH0eR[f2,f97]*yl[f99,f2]*Ta[n95,l99,l93]*gam[y99,p3,pol3,
         y97]*uspin[p2,y97]*vbspin[p1,y99]*FourPi^(-2)*I^9*gw*MBH0^(-2)
         *gBH0Phibar - 1/3*Log[MBH0^2]*gBH0eR[f2,f97]*yl[f99,f2]*Ta[n95
         ,l99,l93]*gam[y99,y97]*uspin[p2,y97]*vbspin[p1,y99]*p1.pol3*
         FourPi^(-2)*I^9*gw*MBH0^(-2)*gBH0Phibar - 1/6*Log[MBH0^2]*
         gBH0eR[f2,f97]*yl[f99,f2]*Ta[n95,l99,l93]*gam[y99,y97]*uspin[
         p2,y97]*vbspin[p1,y99]*pol3.p3*FourPi^(-2)*I^9*gw*MBH0^(-2)*
         gBH0Phibar - Log[MBH0^2]*gBH0eR[f6,f97]*gBH0lL[f99,f8]*yl[f8,
         f6]*Ta[n95,l99,l93]*gam[y99,FIVE,p1,pol3,y97]*uspin[p2,y97]*
         vbspin[p1,y99]*FourPi^(-2)*I^9*gw*MBH0^(-2) - Log[MBH0^2]*
         gBH0eR[f6,f97]*gBH0lL[f99,f8]*yl[f8,f6]*Ta[n95,l99,l93]*gam[
         y99,FIVE,p2,pol3,y97]*uspin[p2,y97]*vbspin[p1,y99]*FourPi^(-2)
         *I^9*gw*MBH0^(-2) - Log[MBH0^2]*gBH0eR[f6,f97]*gBH0lL[f99,f8]*
         yl[f8,f6]*Ta[n95,l99,l93]*gam[y99,FIVE,pol3,p1,y97]*uspin[p2,
         y97]*vbspin[p1,y99]*FourPi^(-2)*I^9*gw*MBH0^(-2) - Log[MBH0^2]
         *gBH0eR[f6,f97]*gBH0lL[f99,f8]*yl[f8,f6]*Ta[n95,l99,l93]*gam[
         y99,FIVE,pol3,p2,y97]*uspin[p2,y97]*vbspin[p1,y99]*FourPi^(-2)
         *I^9*gw*MBH0^(-2) - 1/2*Log[MBH0^2]*gBH0eR[f6,f97]*gBH0lL[f99,
         f8]*yl[f8,f6]*Ta[n95,l99,l93]*gam[y99,FIVE,pol3,p3,y97]*uspin[
         p2,y97]*vbspin[p1,y99]*FourPi^(-2)*I^9*gw*MBH0^(-2) - 1/2*Log[
         MBH0^2]*gBH0eR[f6,f97]*gBH0lL[f99,f8]*yl[f8,f6]*Ta[n95,l99,l93
         ]*gam[y99,FIVE,p3,pol3,y97]*uspin[p2,y97]*vbspin[p1,y99]*
         FourPi^(-2)*I^9*gw*MBH0^(-2) - Log[MBH0^2]*gBH0eR[f6,f97]*
         gBH0lL[f99,f8]*yl[f8,f6]*Ta[n95,l99,l93]*gam[y99,p1,pol3,y97]*
         uspin[p2,y97]*vbspin[p1,y99]*FourPi^(-2)*I^9*gw*MBH0^(-2) - 
         Log[MBH0^2]*gBH0eR[f6,f97]*gBH0lL[f99,f8]*yl[f8,f6]*Ta[n95,l99
         ,l93]*gam[y99,p2,pol3,y97]*uspin[p2,y97]*vbspin[p1,y99]*
         FourPi^(-2)*I^9*gw*MBH0^(-2) - Log[MBH0^2]*gBH0eR[f6,f97]*
         gBH0lL[f99,f8]*yl[f8,f6]*Ta[n95,l99,l93]*gam[y99,pol3,p1,y97]*
         uspin[p2,y97]*vbspin[p1,y99]*FourPi^(-2)*I^9*gw*MBH0^(-2) - 
         Log[MBH0^2]*gBH0eR[f6,f97]*gBH0lL[f99,f8]*yl[f8,f6]*Ta[n95,l99
         ,l93]*gam[y99,pol3,p2,y97]*uspin[p2,y97]*vbspin[p1,y99]*
         FourPi^(-2)*I^9*gw*MBH0^(-2) - 1/2*Log[MBH0^2]*gBH0eR[f6,f97]*
         gBH0lL[f99,f8]*yl[f8,f6]*Ta[n95,l99,l93]*gam[y99,pol3,p3,y97]*
         uspin[p2,y97]*vbspin[p1,y99]*FourPi^(-2)*I^9*gw*MBH0^(-2) - 1/
         2*Log[MBH0^2]*gBH0eR[f6,f97]*gBH0lL[f99,f8]*yl[f8,f6]*Ta[n95,
         l99,l93]*gam[y99,p3,pol3,y97]*uspin[p2,y97]*vbspin[p1,y99]*
         FourPi^(-2)*I^9*gw*MBH0^(-2) - 1/6*Log[MBH0^2]*gBH0lL[f99,f2]*
         yl[f2,f97]*Ta[n95,l99,l93]*gam[y99,FIVE,p1,pol3,y97]*uspin[p2,
         y97]*vbspin[p1,y99]*FourPi^(-2)*I^9*gw*MBH0^(-2)*gBH0Phibar - 
         1/12*Log[MBH0^2]*gBH0lL[f99,f2]*yl[f2,f97]*Ta[n95,l99,l93]*
         gam[y99,FIVE,p2,pol3,y97]*uspin[p2,y97]*vbspin[p1,y99]*
         FourPi^(-2)*I^9*gw*MBH0^(-2)*gBH0Phibar + 1/12*Log[MBH0^2]*
         gBH0lL[f99,f2]*yl[f2,f97]*Ta[n95,l99,l93]*gam[y99,FIVE,pol3,p1
         ,y97]*uspin[p2,y97]*vbspin[p1,y99]*FourPi^(-2)*I^9*gw*
         MBH0^(-2)*gBH0Phibar - 1/4*Log[MBH0^2]*gBH0lL[f99,f2]*yl[f2,
         f97]*Ta[n95,l99,l93]*gam[y99,FIVE,pol3,p2,y97]*uspin[p2,y97]*
         vbspin[p1,y99]*FourPi^(-2)*I^7*gw*MBH0^(-2)*gBH0Phibar - 1/4*
         Log[MBH0^2]*gBH0lL[f99,f2]*yl[f2,f97]*Ta[n95,l99,l93]*gam[y99,
         FIVE,pol3,p2,y97]*uspin[p2,y97]*vbspin[p1,y99]*FourPi^(-2)*I^7
         *gw*gBH0Phi*MBH0^(-2) - 1/12*Log[MBH0^2]*gBH0lL[f99,f2]*yl[f2,
         f97]*Ta[n95,l99,l93]*gam[y99,FIVE,pol3,p2,y97]*uspin[p2,y97]*
         vbspin[p1,y99]*FourPi^(-2)*I^9*gw*MBH0^(-2)*gBH0Phibar + 1/12*
         Log[MBH0^2]*gBH0lL[f99,f2]*yl[f2,f97]*Ta[n95,l99,l93]*gam[y99,
         FIVE,pol3,p4,y97]*uspin[p2,y97]*vbspin[p1,y99]*FourPi^(-2)*I^9
         *gw*MBH0^(-2)*gBH0Phibar - 1/6*Log[MBH0^2]*gBH0lL[f99,f2]*yl[
         f2,f97]*Ta[n95,l99,l93]*gam[y99,FIVE,p4,pol3,y97]*uspin[p2,y97
         ]*vbspin[p1,y99]*FourPi^(-2)*I^9*gw*MBH0^(-2)*gBH0Phibar - 1/4
         *Log[MBH0^2]*gBH0lL[f99,f2]*yl[f2,f97]*Ta[n95,l99,l93]*gam[y99
         ,FIVE,p4,pol3,y97]*uspin[p2,y97]*vbspin[p1,y99]*FourPi^(-2)*
         I^9*gw*gBH0Phi*MBH0^(-2) - 1/6*Log[MBH0^2]*gBH0lL[f99,f2]*yl[
         f2,f97]*Ta[n95,l99,l93]*gam[y99,FIVE,y97]*uspin[p2,y97]*
         vbspin[p1,y99]*p1.pol3*FourPi^(-2)*I^9*gw*MBH0^(-2)*gBH0Phibar
          + 1/6*Log[MBH0^2]*gBH0lL[f99,f2]*yl[f2,f97]*Ta[n95,l99,l93]*
         gam[y99,FIVE,y97]*uspin[p2,y97]*vbspin[p1,y99]*p2.pol3*
         FourPi^(-2)*I^9*gw*MBH0^(-2)*gBH0Phibar - 1/6*Log[MBH0^2]*
         gBH0lL[f99,f2]*yl[f2,f97]*Ta[n95,l99,l93]*gam[y99,FIVE,y97]*
         uspin[p2,y97]*vbspin[p1,y99]*pol3.p4*FourPi^(-2)*I^9*gw*
         MBH0^(-2)*gBH0Phibar - 1/6*Log[MBH0^2]*gBH0lL[f99,f2]*yl[f2,
         f97]*Ta[n95,l99,l93]*gam[y99,p1,pol3,y97]*uspin[p2,y97]*
         vbspin[p1,y99]*FourPi^(-2)*I^9*gw*MBH0^(-2)*gBH0Phibar - 1/12*
         Log[MBH0^2]*gBH0lL[f99,f2]*yl[f2,f97]*Ta[n95,l99,l93]*gam[y99,
         p2,pol3,y97]*uspin[p2,y97]*vbspin[p1,y99]*FourPi^(-2)*I^9*gw*
         MBH0^(-2)*gBH0Phibar + 1/12*Log[MBH0^2]*gBH0lL[f99,f2]*yl[f2,
         f97]*Ta[n95,l99,l93]*gam[y99,pol3,p1,y97]*uspin[p2,y97]*
         vbspin[p1,y99]*FourPi^(-2)*I^9*gw*MBH0^(-2)*gBH0Phibar - 1/4*
         Log[MBH0^2]*gBH0lL[f99,f2]*yl[f2,f97]*Ta[n95,l99,l93]*gam[y99,
         pol3,p2,y97]*uspin[p2,y97]*vbspin[p1,y99]*FourPi^(-2)*I^7*gw*
         MBH0^(-2)*gBH0Phibar - 1/4*Log[MBH0^2]*gBH0lL[f99,f2]*yl[f2,
         f97]*Ta[n95,l99,l93]*gam[y99,pol3,p2,y97]*uspin[p2,y97]*
         vbspin[p1,y99]*FourPi^(-2)*I^7*gw*gBH0Phi*MBH0^(-2) - 1/12*
         Log[MBH0^2]*gBH0lL[f99,f2]*yl[f2,f97]*Ta[n95,l99,l93]*gam[y99,
         pol3,p2,y97]*uspin[p2,y97]*vbspin[p1,y99]*FourPi^(-2)*I^9*gw*
         MBH0^(-2)*gBH0Phibar + 1/12*Log[MBH0^2]*gBH0lL[f99,f2]*yl[f2,
         f97]*Ta[n95,l99,l93]*gam[y99,pol3,p4,y97]*uspin[p2,y97]*
         vbspin[p1,y99]*FourPi^(-2)*I^9*gw*MBH0^(-2)*gBH0Phibar - 1/6*
         Log[MBH0^2]*gBH0lL[f99,f2]*yl[f2,f97]*Ta[n95,l99,l93]*gam[y99,
         p4,pol3,y97]*uspin[p2,y97]*vbspin[p1,y99]*FourPi^(-2)*I^9*gw*
         MBH0^(-2)*gBH0Phibar - 1/4*Log[MBH0^2]*gBH0lL[f99,f2]*yl[f2,
         f97]*Ta[n95,l99,l93]*gam[y99,p4,pol3,y97]*uspin[p2,y97]*
         vbspin[p1,y99]*FourPi^(-2)*I^9*gw*gBH0Phi*MBH0^(-2) - 1/6*Log[
         MBH0^2]*gBH0lL[f99,f2]*yl[f2,f97]*Ta[n95,l99,l93]*gam[y99,y97]
         *uspin[p2,y97]*vbspin[p1,y99]*p1.pol3*FourPi^(-2)*I^9*gw*
         MBH0^(-2)*gBH0Phibar + 1/6*Log[MBH0^2]*gBH0lL[f99,f2]*yl[f2,
         f97]*Ta[n95,l99,l93]*gam[y99,y97]*uspin[p2,y97]*vbspin[p1,y99]
         *p2.pol3*FourPi^(-2)*I^9*gw*MBH0^(-2)*gBH0Phibar - 1/6*Log[
         MBH0^2]*gBH0lL[f99,f2]*yl[f2,f97]*Ta[n95,l99,l93]*gam[y99,y97]
         *uspin[p2,y97]*vbspin[p1,y99]*pol3.p4*FourPi^(-2)*I^9*gw*
         MBH0^(-2)*gBH0Phibar + 1/4*Log[MBH0^2]*gBH0lL[f99,f6]*yl[f6,
         f97]*Ta[n95,l99,l93]*gam[y99,FIVE,p1,pol3,y97]*uspin[p2,y97]*
         vbspin[p1,y99]*FourPi^(-2)*I^9*gw*MBH0^(-2)*gBH0Phibar + 1/4*
         Log[MBH0^2]*gBH0lL[f99,f6]*yl[f6,f97]*Ta[n95,l99,l93]*gam[y99,
         FIVE,pol3,p1,y97]*uspin[p2,y97]*vbspin[p1,y99]*FourPi^(-2)*I^9
         *gw*MBH0^(-2)*gBH0Phibar + 1/4*Log[MBH0^2]*gBH0lL[f99,f6]*yl[
         f6,f97]*Ta[n95,l99,l93]*gam[y99,FIVE,pol3,p3,y97]*uspin[p2,y97
         ]*vbspin[p1,y99]*FourPi^(-2)*I^9*gw*MBH0^(-2)*gBH0Phibar + 1/4
         *Log[MBH0^2]*gBH0lL[f99,f6]*yl[f6,f97]*Ta[n95,l99,l93]*gam[y99
         ,FIVE,pol3,p4,y97]*uspin[p2,y97]*vbspin[p1,y99]*FourPi^(-2)*
         I^9*gw*MBH0^(-2)*gBH0Phibar + 1/4*Log[MBH0^2]*gBH0lL[f99,f6]*
         yl[f6,f97]*Ta[n95,l99,l93]*gam[y99,FIVE,p4,pol3,y97]*uspin[p2,
         y97]*vbspin[p1,y99]*FourPi^(-2)*I^9*gw*MBH0^(-2)*gBH0Phibar + 
         1/4*Log[MBH0^2]*gBH0lL[f99,f6]*yl[f6,f97]*Ta[n95,l99,l93]*gam[
         y99,FIVE,p4,pol3,y97]*uspin[p2,y97]*vbspin[p1,y99]*FourPi^(-2)
         *I^9*gw*gBH0Phi*MBH0^(-2) + 1/4*Log[MBH0^2]*gBH0lL[f99,f6]*yl[
         f6,f97]*Ta[n95,l99,l93]*gam[y99,p1,pol3,y97]*uspin[p2,y97]*
         vbspin[p1,y99]*FourPi^(-2)*I^9*gw*MBH0^(-2)*gBH0Phibar + 1/4*
         Log[MBH0^2]*gBH0lL[f99,f6]*yl[f6,f97]*Ta[n95,l99,l93]*gam[y99,
         pol3,p1,y97]*uspin[p2,y97]*vbspin[p1,y99]*FourPi^(-2)*I^9*gw*
         MBH0^(-2)*gBH0Phibar + 1/4*Log[MBH0^2]*gBH0lL[f99,f6]*yl[f6,
         f97]*Ta[n95,l99,l93]*gam[y99,pol3,p3,y97]*uspin[p2,y97]*
         vbspin[p1,y99]*FourPi^(-2)*I^9*gw*MBH0^(-2)*gBH0Phibar + 1/4*
         Log[MBH0^2]*gBH0lL[f99,f6]*yl[f6,f97]*Ta[n95,l99,l93]*gam[y99,
         pol3,p4,y97]*uspin[p2,y97]*vbspin[p1,y99]*FourPi^(-2)*I^9*gw*
         MBH0^(-2)*gBH0Phibar + 1/4*Log[MBH0^2]*gBH0lL[f99,f6]*yl[f6,
         f97]*Ta[n95,l99,l93]*gam[y99,p4,pol3,y97]*uspin[p2,y97]*
         vbspin[p1,y99]*FourPi^(-2)*I^9*gw*MBH0^(-2)*gBH0Phibar + 1/4*
         Log[MBH0^2]*gBH0lL[f99,f6]*yl[f6,f97]*Ta[n95,l99,l93]*gam[y99,
         p4,pol3,y97]*uspin[p2,y97]*vbspin[p1,y99]*FourPi^(-2)*I^9*gw*
         gBH0Phi*MBH0^(-2) - 3/8*gBH0eR[f2,f97]*yl[f99,f2]*Ta[n95,l99,
         l93]*gam[y99,FIVE,p1,pol3,y97]*uspin[p2,y97]*vbspin[p1,y99]*
         FourPi^(-2)*I^7*gw*MBH0^(-2)*gBH0Phibar - 3/8*gBH0eR[f2,f97]*
         yl[f99,f2]*Ta[n95,l99,l93]*gam[y99,FIVE,p1,pol3,y97]*uspin[p2,
         y97]*vbspin[p1,y99]*FourPi^(-2)*I^7*gw*gBH0Phi*MBH0^(-2) - 11/
         36*gBH0eR[f2,f97]*yl[f99,f2]*Ta[n95,l99,l93]*gam[y99,FIVE,p1,
         pol3,y97]*uspin[p2,y97]*vbspin[p1,y99]*FourPi^(-2)*I^9*gw*
         MBH0^(-2)*gBH0Phibar - 1/4*gBH0eR[f2,f97]*yl[f99,f2]*Ta[n95,
         l99,l93]*gam[y99,FIVE,p2,pol3,y97]*uspin[p2,y97]*vbspin[p1,y99
         ]*FourPi^(-2)*I^7*gw*MBH0^(-2)*gBH0Phibar - 1/4*gBH0eR[f2,f97]
         *yl[f99,f2]*Ta[n95,l99,l93]*gam[y99,FIVE,p2,pol3,y97]*uspin[p2
         ,y97]*vbspin[p1,y99]*FourPi^(-2)*I^7*gw*gBH0Phi*MBH0^(-2) - 1/
         12*gBH0eR[f2,f97]*yl[f99,f2]*Ta[n95,l99,l93]*gam[y99,FIVE,p2,
         pol3,y97]*uspin[p2,y97]*vbspin[p1,y99]*FourPi^(-2)*I^9*gw*
         MBH0^(-2)*gBH0Phibar + 5/72*gBH0eR[f2,f97]*yl[f99,f2]*Ta[n95,
         l99,l93]*gam[y99,FIVE,pol3,p1,y97]*uspin[p2,y97]*vbspin[p1,y99
         ]*FourPi^(-2)*I^9*gw*MBH0^(-2)*gBH0Phibar - 1/12*gBH0eR[f2,f97
         ]*yl[f99,f2]*Ta[n95,l99,l93]*gam[y99,FIVE,pol3,p2,y97]*uspin[
         p2,y97]*vbspin[p1,y99]*FourPi^(-2)*I^9*gw*MBH0^(-2)*gBH0Phibar
          + 2/9*gBH0eR[f2,f97]*yl[f99,f2]*Ta[n95,l99,l93]*gam[y99,FIVE,
         pol3,p3,y97]*uspin[p2,y97]*vbspin[p1,y99]*FourPi^(-2)*I^9*gw*
         MBH0^(-2)*gBH0Phibar - 3/8*gBH0eR[f2,f97]*yl[f99,f2]*Ta[n95,
         l99,l93]*gam[y99,FIVE,pol3,p4,y97]*uspin[p2,y97]*vbspin[p1,y99
         ]*FourPi^(-2)*I^9*gw*gBH0Phi*MBH0^(-2) - 11/72*gBH0eR[f2,f97]*
         yl[f99,f2]*Ta[n95,l99,l93]*gam[y99,FIVE,p3,pol3,y97]*uspin[p2,
         y97]*vbspin[p1,y99]*FourPi^(-2)*I^9*gw*MBH0^(-2)*gBH0Phibar + 
         1/9*gBH0eR[f2,f97]*yl[f99,f2]*Ta[n95,l99,l93]*gam[y99,FIVE,y97
         ]*uspin[p2,y97]*vbspin[p1,y99]*p1.pol3*FourPi^(-2)*I^9*gw*
         MBH0^(-2)*gBH0Phibar - 1/3*gBH0eR[f2,f97]*yl[f99,f2]*Ta[n95,
         l99,l93]*gam[y99,FIVE,y97]*uspin[p2,y97]*vbspin[p1,y99]*
         p2.pol3*FourPi^(-2)*I^9*gw*MBH0^(-2)*gBH0Phibar + 1/18*gBH0eR[
         f2,f97]*yl[f99,f2]*Ta[n95,l99,l93]*gam[y99,FIVE,y97]*uspin[p2,
         y97]*vbspin[p1,y99]*pol3.p3*FourPi^(-2)*I^9*gw*MBH0^(-2)*
         gBH0Phibar - 3/8*gBH0eR[f2,f97]*yl[f99,f2]*Ta[n95,l99,l93]*
         gam[y99,p1,pol3,y97]*uspin[p2,y97]*vbspin[p1,y99]*FourPi^(-2)*
         I^7*gw*MBH0^(-2)*gBH0Phibar - 3/8*gBH0eR[f2,f97]*yl[f99,f2]*
         Ta[n95,l99,l93]*gam[y99,p1,pol3,y97]*uspin[p2,y97]*vbspin[p1,
         y99]*FourPi^(-2)*I^7*gw*gBH0Phi*MBH0^(-2) - 11/36*gBH0eR[f2,
         f97]*yl[f99,f2]*Ta[n95,l99,l93]*gam[y99,p1,pol3,y97]*uspin[p2,
         y97]*vbspin[p1,y99]*FourPi^(-2)*I^9*gw*MBH0^(-2)*gBH0Phibar - 
         1/4*gBH0eR[f2,f97]*yl[f99,f2]*Ta[n95,l99,l93]*gam[y99,p2,pol3,
         y97]*uspin[p2,y97]*vbspin[p1,y99]*FourPi^(-2)*I^7*gw*MBH0^(-2)
         *gBH0Phibar - 1/4*gBH0eR[f2,f97]*yl[f99,f2]*Ta[n95,l99,l93]*
         gam[y99,p2,pol3,y97]*uspin[p2,y97]*vbspin[p1,y99]*FourPi^(-2)*
         I^7*gw*gBH0Phi*MBH0^(-2) - 1/12*gBH0eR[f2,f97]*yl[f99,f2]*Ta[
         n95,l99,l93]*gam[y99,p2,pol3,y97]*uspin[p2,y97]*vbspin[p1,y99]
         *FourPi^(-2)*I^9*gw*MBH0^(-2)*gBH0Phibar + 5/72*gBH0eR[f2,f97]
         *yl[f99,f2]*Ta[n95,l99,l93]*gam[y99,pol3,p1,y97]*uspin[p2,y97]
         *vbspin[p1,y99]*FourPi^(-2)*I^9*gw*MBH0^(-2)*gBH0Phibar - 1/12
         *gBH0eR[f2,f97]*yl[f99,f2]*Ta[n95,l99,l93]*gam[y99,pol3,p2,y97
         ]*uspin[p2,y97]*vbspin[p1,y99]*FourPi^(-2)*I^9*gw*MBH0^(-2)*
         gBH0Phibar + 2/9*gBH0eR[f2,f97]*yl[f99,f2]*Ta[n95,l99,l93]*
         gam[y99,pol3,p3,y97]*uspin[p2,y97]*vbspin[p1,y99]*FourPi^(-2)*
         I^9*gw*MBH0^(-2)*gBH0Phibar - 3/8*gBH0eR[f2,f97]*yl[f99,f2]*
         Ta[n95,l99,l93]*gam[y99,pol3,p4,y97]*uspin[p2,y97]*vbspin[p1,
         y99]*FourPi^(-2)*I^9*gw*gBH0Phi*MBH0^(-2) - 11/72*gBH0eR[f2,
         f97]*yl[f99,f2]*Ta[n95,l99,l93]*gam[y99,p3,pol3,y97]*uspin[p2,
         y97]*vbspin[p1,y99]*FourPi^(-2)*I^9*gw*MBH0^(-2)*gBH0Phibar + 
         1/9*gBH0eR[f2,f97]*yl[f99,f2]*Ta[n95,l99,l93]*gam[y99,y97]*
         uspin[p2,y97]*vbspin[p1,y99]*p1.pol3*FourPi^(-2)*I^9*gw*
         MBH0^(-2)*gBH0Phibar - 1/3*gBH0eR[f2,f97]*yl[f99,f2]*Ta[n95,
         l99,l93]*gam[y99,y97]*uspin[p2,y97]*vbspin[p1,y99]*p2.pol3*
         FourPi^(-2)*I^9*gw*MBH0^(-2)*gBH0Phibar + 1/18*gBH0eR[f2,f97]*
         yl[f99,f2]*Ta[n95,l99,l93]*gam[y99,y97]*uspin[p2,y97]*vbspin[
         p1,y99]*pol3.p3*FourPi^(-2)*I^9*gw*MBH0^(-2)*gBH0Phibar + 1/2*
         gBH0eR[f6,f97]*gBH0lL[f99,f8]*yl[f8,f6]*Ta[n95,l99,l93]*gam[
         y99,FIVE,p2,pol3,y97]*uspin[p2,y97]*vbspin[p1,y99]*FourPi^(-2)
         *I^9*gw*MBH0^(-2) + 1/2*gBH0eR[f6,f97]*gBH0lL[f99,f8]*yl[f8,f6
         ]*Ta[n95,l99,l93]*gam[y99,FIVE,pol3,p2,y97]*uspin[p2,y97]*
         vbspin[p1,y99]*FourPi^(-2)*I^9*gw*MBH0^(-2) - 1/4*gBH0eR[f6,
         f97]*gBH0lL[f99,f8]*yl[f8,f6]*Ta[n95,l99,l93]*gam[y99,FIVE,
         pol3,p3,y97]*uspin[p2,y97]*vbspin[p1,y99]*FourPi^(-2)*I^9*gw*
         MBH0^(-2) + 1/4*gBH0eR[f6,f97]*gBH0lL[f99,f8]*yl[f8,f6]*Ta[n95
         ,l99,l93]*gam[y99,FIVE,p3,pol3,y97]*uspin[p2,y97]*vbspin[p1,
         y99]*FourPi^(-2)*I^9*gw*MBH0^(-2) + 1/2*gBH0eR[f6,f97]*gBH0lL[
         f99,f8]*yl[f8,f6]*Ta[n95,l99,l93]*gam[y99,p2,pol3,y97]*uspin[
         p2,y97]*vbspin[p1,y99]*FourPi^(-2)*I^9*gw*MBH0^(-2) + 1/2*
         gBH0eR[f6,f97]*gBH0lL[f99,f8]*yl[f8,f6]*Ta[n95,l99,l93]*gam[
         y99,pol3,p2,y97]*uspin[p2,y97]*vbspin[p1,y99]*FourPi^(-2)*I^9*
         gw*MBH0^(-2) - 1/4*gBH0eR[f6,f97]*gBH0lL[f99,f8]*yl[f8,f6]*Ta[
         n95,l99,l93]*gam[y99,pol3,p3,y97]*uspin[p2,y97]*vbspin[p1,y99]
         *FourPi^(-2)*I^9*gw*MBH0^(-2) + 1/4*gBH0eR[f6,f97]*gBH0lL[f99,
         f8]*yl[f8,f6]*Ta[n95,l99,l93]*gam[y99,p3,pol3,y97]*uspin[p2,
         y97]*vbspin[p1,y99]*FourPi^(-2)*I^9*gw*MBH0^(-2) + 11/36*
         gBH0lL[f99,f2]*yl[f2,f97]*Ta[n95,l99,l93]*gam[y99,FIVE,p1,pol3
         ,y97]*uspin[p2,y97]*vbspin[p1,y99]*FourPi^(-2)*I^9*gw*
         MBH0^(-2)*gBH0Phibar + 11/72*gBH0lL[f99,f2]*yl[f2,f97]*Ta[n95,
         l99,l93]*gam[y99,FIVE,p2,pol3,y97]*uspin[p2,y97]*vbspin[p1,y99
         ]*FourPi^(-2)*I^9*gw*MBH0^(-2)*gBH0Phibar + 1/4*gBH0lL[f99,f2]
         *yl[f2,f97]*Ta[n95,l99,l93]*gam[y99,FIVE,pol3,p1,y97]*uspin[p2
         ,y97]*vbspin[p1,y99]*FourPi^(-2)*I^7*gw*MBH0^(-2)*gBH0Phibar
          + 1/4*gBH0lL[f99,f2]*yl[f2,f97]*Ta[n95,l99,l93]*gam[y99,FIVE,
         pol3,p1,y97]*uspin[p2,y97]*vbspin[p1,y99]*FourPi^(-2)*I^7*gw*
         gBH0Phi*MBH0^(-2) - 5/72*gBH0lL[f99,f2]*yl[f2,f97]*Ta[n95,l99,
         l93]*gam[y99,FIVE,pol3,p1,y97]*uspin[p2,y97]*vbspin[p1,y99]*
         FourPi^(-2)*I^9*gw*MBH0^(-2)*gBH0Phibar + 3/8*gBH0lL[f99,f2]*
         yl[f2,f97]*Ta[n95,l99,l93]*gam[y99,FIVE,pol3,p2,y97]*uspin[p2,
         y97]*vbspin[p1,y99]*FourPi^(-2)*I^7*gw*MBH0^(-2)*gBH0Phibar + 
         3/8*gBH0lL[f99,f2]*yl[f2,f97]*Ta[n95,l99,l93]*gam[y99,FIVE,
         pol3,p2,y97]*uspin[p2,y97]*vbspin[p1,y99]*FourPi^(-2)*I^7*gw*
         gBH0Phi*MBH0^(-2) + 11/72*gBH0lL[f99,f2]*yl[f2,f97]*Ta[n95,l99
         ,l93]*gam[y99,FIVE,pol3,p2,y97]*uspin[p2,y97]*vbspin[p1,y99]*
         FourPi^(-2)*I^9*gw*MBH0^(-2)*gBH0Phibar - 11/72*gBH0lL[f99,f2]
         *yl[f2,f97]*Ta[n95,l99,l93]*gam[y99,FIVE,pol3,p4,y97]*uspin[p2
         ,y97]*vbspin[p1,y99]*FourPi^(-2)*I^9*gw*MBH0^(-2)*gBH0Phibar
          + 2/9*gBH0lL[f99,f2]*yl[f2,f97]*Ta[n95,l99,l93]*gam[y99,FIVE,
         p4,pol3,y97]*uspin[p2,y97]*vbspin[p1,y99]*FourPi^(-2)*I^9*gw*
         MBH0^(-2)*gBH0Phibar + 3/8*gBH0lL[f99,f2]*yl[f2,f97]*Ta[n95,
         l99,l93]*gam[y99,FIVE,p4,pol3,y97]*uspin[p2,y97]*vbspin[p1,y99
         ]*FourPi^(-2)*I^9*gw*gBH0Phi*MBH0^(-2) + 7/18*gBH0lL[f99,f2]*
         yl[f2,f97]*Ta[n95,l99,l93]*gam[y99,FIVE,y97]*uspin[p2,y97]*
         vbspin[p1,y99]*p1.pol3*FourPi^(-2)*I^9*gw*MBH0^(-2)*gBH0Phibar
          - 1/18*gBH0lL[f99,f2]*yl[f2,f97]*Ta[n95,l99,l93]*gam[y99,FIVE
         ,y97]*uspin[p2,y97]*vbspin[p1,y99]*p2.pol3*FourPi^(-2)*I^9*gw*
         MBH0^(-2)*gBH0Phibar + 1/18*gBH0lL[f99,f2]*yl[f2,f97]*Ta[n95,
         l99,l93]*gam[y99,FIVE,y97]*uspin[p2,y97]*vbspin[p1,y99]*
         pol3.p4*FourPi^(-2)*I^9*gw*MBH0^(-2)*gBH0Phibar + 11/36*
         gBH0lL[f99,f2]*yl[f2,f97]*Ta[n95,l99,l93]*gam[y99,p1,pol3,y97]
         *uspin[p2,y97]*vbspin[p1,y99]*FourPi^(-2)*I^9*gw*MBH0^(-2)*
         gBH0Phibar + 11/72*gBH0lL[f99,f2]*yl[f2,f97]*Ta[n95,l99,l93]*
         gam[y99,p2,pol3,y97]*uspin[p2,y97]*vbspin[p1,y99]*FourPi^(-2)*
         I^9*gw*MBH0^(-2)*gBH0Phibar + 1/4*gBH0lL[f99,f2]*yl[f2,f97]*
         Ta[n95,l99,l93]*gam[y99,pol3,p1,y97]*uspin[p2,y97]*vbspin[p1,
         y99]*FourPi^(-2)*I^7*gw*MBH0^(-2)*gBH0Phibar + 1/4*gBH0lL[f99,
         f2]*yl[f2,f97]*Ta[n95,l99,l93]*gam[y99,pol3,p1,y97]*uspin[p2,
         y97]*vbspin[p1,y99]*FourPi^(-2)*I^7*gw*gBH0Phi*MBH0^(-2) - 5/
         72*gBH0lL[f99,f2]*yl[f2,f97]*Ta[n95,l99,l93]*gam[y99,pol3,p1,
         y97]*uspin[p2,y97]*vbspin[p1,y99]*FourPi^(-2)*I^9*gw*MBH0^(-2)
         *gBH0Phibar + 3/8*gBH0lL[f99,f2]*yl[f2,f97]*Ta[n95,l99,l93]*
         gam[y99,pol3,p2,y97]*uspin[p2,y97]*vbspin[p1,y99]*FourPi^(-2)*
         I^7*gw*MBH0^(-2)*gBH0Phibar + 3/8*gBH0lL[f99,f2]*yl[f2,f97]*
         Ta[n95,l99,l93]*gam[y99,pol3,p2,y97]*uspin[p2,y97]*vbspin[p1,
         y99]*FourPi^(-2)*I^7*gw*gBH0Phi*MBH0^(-2) + 11/72*gBH0lL[f99,
         f2]*yl[f2,f97]*Ta[n95,l99,l93]*gam[y99,pol3,p2,y97]*uspin[p2,
         y97]*vbspin[p1,y99]*FourPi^(-2)*I^9*gw*MBH0^(-2)*gBH0Phibar - 
         11/72*gBH0lL[f99,f2]*yl[f2,f97]*Ta[n95,l99,l93]*gam[y99,pol3,
         p4,y97]*uspin[p2,y97]*vbspin[p1,y99]*FourPi^(-2)*I^9*gw*
         MBH0^(-2)*gBH0Phibar + 2/9*gBH0lL[f99,f2]*yl[f2,f97]*Ta[n95,
         l99,l93]*gam[y99,p4,pol3,y97]*uspin[p2,y97]*vbspin[p1,y99]*
         FourPi^(-2)*I^9*gw*MBH0^(-2)*gBH0Phibar + 3/8*gBH0lL[f99,f2]*
         yl[f2,f97]*Ta[n95,l99,l93]*gam[y99,p4,pol3,y97]*uspin[p2,y97]*
         vbspin[p1,y99]*FourPi^(-2)*I^9*gw*gBH0Phi*MBH0^(-2) + 7/18*
         gBH0lL[f99,f2]*yl[f2,f97]*Ta[n95,l99,l93]*gam[y99,y97]*uspin[
         p2,y97]*vbspin[p1,y99]*p1.pol3*FourPi^(-2)*I^9*gw*MBH0^(-2)*
         gBH0Phibar - 1/18*gBH0lL[f99,f2]*yl[f2,f97]*Ta[n95,l99,l93]*
         gam[y99,y97]*uspin[p2,y97]*vbspin[p1,y99]*p2.pol3*FourPi^(-2)*
         I^9*gw*MBH0^(-2)*gBH0Phibar + 1/18*gBH0lL[f99,f2]*yl[f2,f97]*
         Ta[n95,l99,l93]*gam[y99,y97]*uspin[p2,y97]*vbspin[p1,y99]*
         pol3.p4*FourPi^(-2)*I^9*gw*MBH0^(-2)*gBH0Phibar - 1/8*gBH0lL[
         f99,f6]*yl[f6,f97]*Ta[n95,l99,l93]*gam[y99,FIVE,p1,pol3,y97]*
         uspin[p2,y97]*vbspin[p1,y99]*FourPi^(-2)*I^9*gw*MBH0^(-2)*
         gBH0Phibar - 1/8*gBH0lL[f99,f6]*yl[f6,f97]*Ta[n95,l99,l93]*
         gam[y99,FIVE,pol3,p1,y97]*uspin[p2,y97]*vbspin[p1,y99]*
         FourPi^(-2)*I^9*gw*MBH0^(-2)*gBH0Phibar - 1/8*gBH0lL[f99,f6]*
         yl[f6,f97]*Ta[n95,l99,l93]*gam[y99,FIVE,pol3,p3,y97]*uspin[p2,
         y97]*vbspin[p1,y99]*FourPi^(-2)*I^9*gw*MBH0^(-2)*gBH0Phibar - 
         3/8*gBH0lL[f99,f6]*yl[f6,f97]*Ta[n95,l99,l93]*gam[y99,FIVE,
         pol3,p4,y97]*uspin[p2,y97]*vbspin[p1,y99]*FourPi^(-2)*I^9*gw*
         MBH0^(-2)*gBH0Phibar - 1/8*gBH0lL[f99,f6]*yl[f6,f97]*Ta[n95,
         l99,l93]*gam[y99,FIVE,p4,pol3,y97]*uspin[p2,y97]*vbspin[p1,y99
         ]*FourPi^(-2)*I^9*gw*MBH0^(-2)*gBH0Phibar - 1/8*gBH0lL[f99,f6]
         *yl[f6,f97]*Ta[n95,l99,l93]*gam[y99,FIVE,p4,pol3,y97]*uspin[p2
         ,y97]*vbspin[p1,y99]*FourPi^(-2)*I^9*gw*gBH0Phi*MBH0^(-2) - 1/
         8*gBH0lL[f99,f6]*yl[f6,f97]*Ta[n95,l99,l93]*gam[y99,p1,pol3,
         y97]*uspin[p2,y97]*vbspin[p1,y99]*FourPi^(-2)*I^9*gw*MBH0^(-2)
         *gBH0Phibar - 1/8*gBH0lL[f99,f6]*yl[f6,f97]*Ta[n95,l99,l93]*
         gam[y99,pol3,p1,y97]*uspin[p2,y97]*vbspin[p1,y99]*FourPi^(-2)*
         I^9*gw*MBH0^(-2)*gBH0Phibar - 1/8*gBH0lL[f99,f6]*yl[f6,f97]*
         Ta[n95,l99,l93]*gam[y99,pol3,p3,y97]*uspin[p2,y97]*vbspin[p1,
         y99]*FourPi^(-2)*I^9*gw*MBH0^(-2)*gBH0Phibar - 3/8*gBH0lL[f99,
         f6]*yl[f6,f97]*Ta[n95,l99,l93]*gam[y99,pol3,p4,y97]*uspin[p2,
         y97]*vbspin[p1,y99]*FourPi^(-2)*I^9*gw*MBH0^(-2)*gBH0Phibar - 
         1/8*gBH0lL[f99,f6]*yl[f6,f97]*Ta[n95,l99,l93]*gam[y99,p4,pol3,
         y97]*uspin[p2,y97]*vbspin[p1,y99]*FourPi^(-2)*I^9*gw*MBH0^(-2)
         *gBH0Phibar - 1/8*gBH0lL[f99,f6]*yl[f6,f97]*Ta[n95,l99,l93]*
         gam[y99,p4,pol3,y97]*uspin[p2,y97]*vbspin[p1,y99]*FourPi^(-2)*
         I^9*gw*gBH0Phi*MBH0^(-2) );

  0.06 sec out of 0.05 sec
