FORM 4.2.0 (Jul  6 2017, v4.2.0) 64-bits         Run: Fri Mar 16 14:57:14 2018
    * -*-Form-*-
    
    #: Parentheses 2000
    #-

   amplPhiPhibarWiWi =
       + sSS^2 * (  - 1/2*Log[MBH0^2]*Ta[n95,l97,lminus1301]*Ta[n93,
         lminus1301,l99]*p1.p1*pol3.pol4*FourPi^(-2)*I^7*gw^2*gBH0Phi*
         MBH0^(-2)*gBH0Phibar - 1/2*Log[MBH0^2]*Ta[n95,l97,lminus1301]*
         Ta[n93,lminus1301,l99]*p1.p1*pol3.pol4*FourPi^(-2)*I^7*gw^2*
         gBH0Phi^2*MBH0^(-2) - 1/2*Log[MBH0^2]*Ta[n95,l97,lminus1301]*
         Ta[n93,lminus1301,l99]*p1.p2*pol3.pol4*FourPi^(-2)*I^7*gw^2*
         MBH0^(-2)*gBH0Phibar^2 - 2*Log[MBH0^2]*Ta[n95,l97,lminus1301]*
         Ta[n93,lminus1301,l99]*p1.p2*pol3.pol4*FourPi^(-2)*I^7*gw^2*
         gBH0Phi*MBH0^(-2)*gBH0Phibar - 1/2*Log[MBH0^2]*Ta[n95,l97,
         lminus1301]*Ta[n93,lminus1301,l99]*p1.p2*pol3.pol4*FourPi^(-2)
         *I^7*gw^2*gBH0Phi^2*MBH0^(-2) - 1/2*Log[MBH0^2]*Ta[n95,l97,
         lminus1301]*Ta[n93,lminus1301,l99]*pol3.pol4*p2.p2*FourPi^(-2)
         *I^7*gw^2*MBH0^(-2)*gBH0Phibar^2 - 1/2*Log[MBH0^2]*Ta[n95,l97,
         lminus1301]*Ta[n93,lminus1301,l99]*pol3.pol4*p2.p2*FourPi^(-2)
         *I^7*gw^2*gBH0Phi*MBH0^(-2)*gBH0Phibar - 1/6*Log[MBH0^2]*Ta[
         n95,l97,l6]*Ta[n93,l6,l99]*p3.p3*pol3.pol4*FourPi^(-2)*I^7*
         gw^2*gBH0Phi*MBH0^(-2)*gBH0Phibar - 1/6*Log[MBH0^2]*Ta[n95,l97
         ,l6]*Ta[n93,l6,l99]*p3.p3*pol3.pol4*FourPi^(-2)*I^7*gw^2*
         gBH0Phi^2*MBH0^(-2) + 1/6*Log[MBH0^2]*Ta[n95,l97,l6]*Ta[n93,l6
         ,l99]*p3.pol3*p3.pol4*FourPi^(-2)*I^7*gw^2*gBH0Phi*MBH0^(-2)*
         gBH0Phibar + 1/6*Log[MBH0^2]*Ta[n95,l97,l6]*Ta[n93,l6,l99]*
         p3.pol3*p3.pol4*FourPi^(-2)*I^7*gw^2*gBH0Phi^2*MBH0^(-2) - 1/6
         *Log[MBH0^2]*Ta[n95,l97,l6]*Ta[n93,l6,l99]*pol3.pol4*p4.p4*
         FourPi^(-2)*I^7*gw^2*MBH0^(-2)*gBH0Phibar^2 - 1/6*Log[MBH0^2]*
         Ta[n95,l97,l6]*Ta[n93,l6,l99]*pol3.pol4*p4.p4*FourPi^(-2)*I^7*
         gw^2*gBH0Phi*MBH0^(-2)*gBH0Phibar + 1/6*Log[MBH0^2]*Ta[n95,l97
         ,l6]*Ta[n93,l6,l99]*pol3.p4*pol4.p4*FourPi^(-2)*I^7*gw^2*
         MBH0^(-2)*gBH0Phibar^2 + 1/6*Log[MBH0^2]*Ta[n95,l97,l6]*Ta[n93
         ,l6,l99]*pol3.p4*pol4.p4*FourPi^(-2)*I^7*gw^2*gBH0Phi*
         MBH0^(-2)*gBH0Phibar - 2/3*Log[MBH0^2]*Ta[n95,l97,l8]*Ta[n93,
         l8,l99]*p1.p1*pol3.pol4*FourPi^(-2)*I^9*gw^2*gBH0Phi*MBH0^(-2)
         *gBH0Phibar - 2/3*Log[MBH0^2]*Ta[n95,l97,l8]*Ta[n93,l8,l99]*
         p1.p1*pol3.pol4*FourPi^(-2)*I^9*gw^2*gBH0Phi^2*MBH0^(-2) + 1/6
         *Log[MBH0^2]*Ta[n95,l97,l8]*Ta[n93,l8,l99]*p1.pol3*p1.pol4*
         FourPi^(-2)*I^9*gw^2*gBH0Phi*MBH0^(-2)*gBH0Phibar + 1/6*Log[
         MBH0^2]*Ta[n95,l97,l8]*Ta[n93,l8,l99]*p1.pol3*p1.pol4*
         FourPi^(-2)*I^9*gw^2*gBH0Phi^2*MBH0^(-2) + 1/6*Log[MBH0^2]*Ta[
         n95,l97,l8]*Ta[n93,l8,l99]*p1.pol3*pol4.p4*FourPi^(-2)*I^9*
         gw^2*gBH0Phi*MBH0^(-2)*gBH0Phibar + 1/6*Log[MBH0^2]*Ta[n95,l97
         ,l8]*Ta[n93,l8,l99]*p1.pol3*pol4.p4*FourPi^(-2)*I^9*gw^2*
         gBH0Phi^2*MBH0^(-2) + 1/6*Log[MBH0^2]*Ta[n95,l97,l8]*Ta[n93,l8
         ,l99]*p1.pol3*pol4.p2*FourPi^(-2)*I^9*gw^2*MBH0^(-2)*
         gBH0Phibar^2 + 1/6*Log[MBH0^2]*Ta[n95,l97,l8]*Ta[n93,l8,l99]*
         p1.pol3*pol4.p2*FourPi^(-2)*I^9*gw^2*gBH0Phi*MBH0^(-2)*
         gBH0Phibar + 1/3*Log[MBH0^2]*Ta[n95,l97,l8]*Ta[n93,l8,l99]*
         p1.pol3*pol4.p2*FourPi^(-2)*I^9*gw^2*gBH0Phi^2*MBH0^(-2) + 1/6
         *Log[MBH0^2]*Ta[n95,l97,l8]*Ta[n93,l8,l99]*p1.pol4*pol3.p4*
         FourPi^(-2)*I^9*gw^2*gBH0Phi*MBH0^(-2)*gBH0Phibar + 1/6*Log[
         MBH0^2]*Ta[n95,l97,l8]*Ta[n93,l8,l99]*p1.pol4*pol3.p4*
         FourPi^(-2)*I^9*gw^2*gBH0Phi^2*MBH0^(-2) - 1/3*Log[MBH0^2]*Ta[
         n95,l97,l8]*Ta[n93,l8,l99]*p1.pol4*pol3.p2*FourPi^(-2)*I^9*
         gw^2*MBH0^(-2)*gBH0Phibar^2 + 1/6*Log[MBH0^2]*Ta[n95,l97,l8]*
         Ta[n93,l8,l99]*p1.pol4*pol3.p2*FourPi^(-2)*I^9*gw^2*gBH0Phi*
         MBH0^(-2)*gBH0Phibar - 1/6*Log[MBH0^2]*Ta[n95,l97,l8]*Ta[n93,
         l8,l99]*p1.pol4*pol3.p2*FourPi^(-2)*I^9*gw^2*gBH0Phi^2*
         MBH0^(-2) - 1/3*Log[MBH0^2]*Ta[n95,l97,l8]*Ta[n93,l8,l99]*
         p1.p4*pol3.pol4*FourPi^(-2)*I^9*gw^2*gBH0Phi*MBH0^(-2)*
         gBH0Phibar - 1/3*Log[MBH0^2]*Ta[n95,l97,l8]*Ta[n93,l8,l99]*
         p1.p4*pol3.pol4*FourPi^(-2)*I^9*gw^2*gBH0Phi^2*MBH0^(-2) - 1/3
         *Log[MBH0^2]*Ta[n95,l97,l8]*Ta[n93,l8,l99]*p1.p2*pol3.pol4*
         FourPi^(-2)*I^9*gw^2*MBH0^(-2)*gBH0Phibar^2 - 7/3*Log[MBH0^2]*
         Ta[n95,l97,l8]*Ta[n93,l8,l99]*p1.p2*pol3.pol4*FourPi^(-2)*I^9*
         gw^2*gBH0Phi*MBH0^(-2)*gBH0Phibar - 2/3*Log[MBH0^2]*Ta[n95,l97
         ,l8]*Ta[n93,l8,l99]*p1.p2*pol3.pol4*FourPi^(-2)*I^9*gw^2*
         gBH0Phi^2*MBH0^(-2) - 1/3*Log[MBH0^2]*Ta[n95,l97,l8]*Ta[n93,l8
         ,l99]*pol3.pol4*p4.p4*FourPi^(-2)*I^9*gw^2*gBH0Phi*MBH0^(-2)*
         gBH0Phibar + 1/3*Log[MBH0^2]*Ta[n95,l97,l8]*Ta[n93,l8,l99]*
         pol3.pol4*p4.p2*FourPi^(-2)*I^9*gw^2*MBH0^(-2)*gBH0Phibar^2 - 
         1/3*Log[MBH0^2]*Ta[n95,l97,l8]*Ta[n93,l8,l99]*pol3.pol4*p4.p2*
         FourPi^(-2)*I^9*gw^2*gBH0Phi*MBH0^(-2)*gBH0Phibar - 1/3*Log[
         MBH0^2]*Ta[n95,l97,l8]*Ta[n93,l8,l99]*pol3.pol4*p2.p2*
         FourPi^(-2)*I^9*gw^2*MBH0^(-2)*gBH0Phibar^2 - 2/3*Log[MBH0^2]*
         Ta[n95,l97,l8]*Ta[n93,l8,l99]*pol3.pol4*p2.p2*FourPi^(-2)*I^9*
         gw^2*gBH0Phi*MBH0^(-2)*gBH0Phibar + 1/3*Log[MBH0^2]*Ta[n95,l97
         ,l8]*Ta[n93,l8,l99]*pol3.p4*pol4.p4*FourPi^(-2)*I^9*gw^2*
         gBH0Phi*MBH0^(-2)*gBH0Phibar - 1/6*Log[MBH0^2]*Ta[n95,l97,l8]*
         Ta[n93,l8,l99]*pol3.p4*pol4.p2*FourPi^(-2)*I^9*gw^2*MBH0^(-2)*
         gBH0Phibar^2 + 1/6*Log[MBH0^2]*Ta[n95,l97,l8]*Ta[n93,l8,l99]*
         pol3.p4*pol4.p2*FourPi^(-2)*I^9*gw^2*gBH0Phi*MBH0^(-2)*
         gBH0Phibar - 1/6*Log[MBH0^2]*Ta[n95,l97,l8]*Ta[n93,l8,l99]*
         pol3.p2*pol4.p4*FourPi^(-2)*I^9*gw^2*MBH0^(-2)*gBH0Phibar^2 + 
         1/6*Log[MBH0^2]*Ta[n95,l97,l8]*Ta[n93,l8,l99]*pol3.p2*pol4.p4*
         FourPi^(-2)*I^9*gw^2*gBH0Phi*MBH0^(-2)*gBH0Phibar - 1/6*Log[
         MBH0^2]*Ta[n95,l97,l8]*Ta[n93,l8,l99]*pol3.p2*pol4.p2*
         FourPi^(-2)*I^9*gw^2*MBH0^(-2)*gBH0Phibar^2 + 1/6*Log[MBH0^2]*
         Ta[n95,l97,l8]*Ta[n93,l8,l99]*pol3.p2*pol4.p2*FourPi^(-2)*I^9*
         gw^2*gBH0Phi*MBH0^(-2)*gBH0Phibar - 1/2*Log[MBH0^2]*Ta[n95,
         lminus1301,l99]*Ta[n93,l97,lminus1301]*p1.p1*pol3.pol4*
         FourPi^(-2)*I^7*gw^2*gBH0Phi*MBH0^(-2)*gBH0Phibar - 1/2*Log[
         MBH0^2]*Ta[n95,lminus1301,l99]*Ta[n93,l97,lminus1301]*p1.p1*
         pol3.pol4*FourPi^(-2)*I^7*gw^2*gBH0Phi^2*MBH0^(-2) - 1/2*Log[
         MBH0^2]*Ta[n95,lminus1301,l99]*Ta[n93,l97,lminus1301]*p1.p2*
         pol3.pol4*FourPi^(-2)*I^7*gw^2*MBH0^(-2)*gBH0Phibar^2 - 2*Log[
         MBH0^2]*Ta[n95,lminus1301,l99]*Ta[n93,l97,lminus1301]*p1.p2*
         pol3.pol4*FourPi^(-2)*I^7*gw^2*gBH0Phi*MBH0^(-2)*gBH0Phibar - 
         1/2*Log[MBH0^2]*Ta[n95,lminus1301,l99]*Ta[n93,l97,lminus1301]*
         p1.p2*pol3.pol4*FourPi^(-2)*I^7*gw^2*gBH0Phi^2*MBH0^(-2) - 1/2
         *Log[MBH0^2]*Ta[n95,lminus1301,l99]*Ta[n93,l97,lminus1301]*
         pol3.pol4*p2.p2*FourPi^(-2)*I^7*gw^2*MBH0^(-2)*gBH0Phibar^2 - 
         1/2*Log[MBH0^2]*Ta[n95,lminus1301,l99]*Ta[n93,l97,lminus1301]*
         pol3.pol4*p2.p2*FourPi^(-2)*I^7*gw^2*gBH0Phi*MBH0^(-2)*
         gBH0Phibar - 1/6*Log[MBH0^2]*Ta[n95,l6,l99]*Ta[n93,l97,l6]*
         p3.p3*pol3.pol4*FourPi^(-2)*I^7*gw^2*MBH0^(-2)*gBH0Phibar^2 - 
         1/6*Log[MBH0^2]*Ta[n95,l6,l99]*Ta[n93,l97,l6]*p3.p3*pol3.pol4*
         FourPi^(-2)*I^7*gw^2*gBH0Phi*MBH0^(-2)*gBH0Phibar + 1/6*Log[
         MBH0^2]*Ta[n95,l6,l99]*Ta[n93,l97,l6]*p3.pol3*p3.pol4*
         FourPi^(-2)*I^7*gw^2*MBH0^(-2)*gBH0Phibar^2 + 1/6*Log[MBH0^2]*
         Ta[n95,l6,l99]*Ta[n93,l97,l6]*p3.pol3*p3.pol4*FourPi^(-2)*I^7*
         gw^2*gBH0Phi*MBH0^(-2)*gBH0Phibar - 1/6*Log[MBH0^2]*Ta[n95,l6,
         l99]*Ta[n93,l97,l6]*pol3.pol4*p4.p4*FourPi^(-2)*I^7*gw^2*
         gBH0Phi*MBH0^(-2)*gBH0Phibar - 1/6*Log[MBH0^2]*Ta[n95,l6,l99]*
         Ta[n93,l97,l6]*pol3.pol4*p4.p4*FourPi^(-2)*I^7*gw^2*gBH0Phi^2*
         MBH0^(-2) + 1/6*Log[MBH0^2]*Ta[n95,l6,l99]*Ta[n93,l97,l6]*
         pol3.p4*pol4.p4*FourPi^(-2)*I^7*gw^2*gBH0Phi*MBH0^(-2)*
         gBH0Phibar + 1/6*Log[MBH0^2]*Ta[n95,l6,l99]*Ta[n93,l97,l6]*
         pol3.p4*pol4.p4*FourPi^(-2)*I^7*gw^2*gBH0Phi^2*MBH0^(-2) - 1/3
         *Log[MBH0^2]*Ta[n95,l8,l99]*Ta[n93,l97,l8]*p3.p3*pol3.pol4*
         FourPi^(-2)*I^9*gw^2*gBH0Phi*MBH0^(-2)*gBH0Phibar - 1/3*Log[
         MBH0^2]*Ta[n95,l8,l99]*Ta[n93,l97,l8]*p3.p1*pol3.pol4*
         FourPi^(-2)*I^9*gw^2*gBH0Phi*MBH0^(-2)*gBH0Phibar - 1/3*Log[
         MBH0^2]*Ta[n95,l8,l99]*Ta[n93,l97,l8]*p3.p1*pol3.pol4*
         FourPi^(-2)*I^9*gw^2*gBH0Phi^2*MBH0^(-2) + 1/3*Log[MBH0^2]*Ta[
         n95,l8,l99]*Ta[n93,l97,l8]*p3.pol3*p3.pol4*FourPi^(-2)*I^9*
         gw^2*gBH0Phi*MBH0^(-2)*gBH0Phibar + 1/6*Log[MBH0^2]*Ta[n95,l8,
         l99]*Ta[n93,l97,l8]*p3.pol3*p1.pol4*FourPi^(-2)*I^9*gw^2*
         gBH0Phi*MBH0^(-2)*gBH0Phibar + 1/6*Log[MBH0^2]*Ta[n95,l8,l99]*
         Ta[n93,l97,l8]*p3.pol3*p1.pol4*FourPi^(-2)*I^9*gw^2*gBH0Phi^2*
         MBH0^(-2) - 1/6*Log[MBH0^2]*Ta[n95,l8,l99]*Ta[n93,l97,l8]*
         p3.pol3*pol4.p2*FourPi^(-2)*I^9*gw^2*MBH0^(-2)*gBH0Phibar^2 + 
         1/6*Log[MBH0^2]*Ta[n95,l8,l99]*Ta[n93,l97,l8]*p3.pol3*pol4.p2*
         FourPi^(-2)*I^9*gw^2*gBH0Phi*MBH0^(-2)*gBH0Phibar + 1/6*Log[
         MBH0^2]*Ta[n95,l8,l99]*Ta[n93,l97,l8]*p3.pol4*p1.pol3*
         FourPi^(-2)*I^9*gw^2*gBH0Phi*MBH0^(-2)*gBH0Phibar + 1/6*Log[
         MBH0^2]*Ta[n95,l8,l99]*Ta[n93,l97,l8]*p3.pol4*p1.pol3*
         FourPi^(-2)*I^9*gw^2*gBH0Phi^2*MBH0^(-2) - 1/6*Log[MBH0^2]*Ta[
         n95,l8,l99]*Ta[n93,l97,l8]*p3.pol4*pol3.p2*FourPi^(-2)*I^9*
         gw^2*MBH0^(-2)*gBH0Phibar^2 + 1/6*Log[MBH0^2]*Ta[n95,l8,l99]*
         Ta[n93,l97,l8]*p3.pol4*pol3.p2*FourPi^(-2)*I^9*gw^2*gBH0Phi*
         MBH0^(-2)*gBH0Phibar + 1/3*Log[MBH0^2]*Ta[n95,l8,l99]*Ta[n93,
         l97,l8]*p3.p2*pol3.pol4*FourPi^(-2)*I^9*gw^2*MBH0^(-2)*
         gBH0Phibar^2 - 1/3*Log[MBH0^2]*Ta[n95,l8,l99]*Ta[n93,l97,l8]*
         p3.p2*pol3.pol4*FourPi^(-2)*I^9*gw^2*gBH0Phi*MBH0^(-2)*
         gBH0Phibar - 2/3*Log[MBH0^2]*Ta[n95,l8,l99]*Ta[n93,l97,l8]*
         p1.p1*pol3.pol4*FourPi^(-2)*I^9*gw^2*gBH0Phi*MBH0^(-2)*
         gBH0Phibar - 2/3*Log[MBH0^2]*Ta[n95,l8,l99]*Ta[n93,l97,l8]*
         p1.p1*pol3.pol4*FourPi^(-2)*I^9*gw^2*gBH0Phi^2*MBH0^(-2) + 1/6
         *Log[MBH0^2]*Ta[n95,l8,l99]*Ta[n93,l97,l8]*p1.pol3*p1.pol4*
         FourPi^(-2)*I^9*gw^2*gBH0Phi*MBH0^(-2)*gBH0Phibar + 1/6*Log[
         MBH0^2]*Ta[n95,l8,l99]*Ta[n93,l97,l8]*p1.pol3*p1.pol4*
         FourPi^(-2)*I^9*gw^2*gBH0Phi^2*MBH0^(-2) - 1/3*Log[MBH0^2]*Ta[
         n95,l8,l99]*Ta[n93,l97,l8]*p1.pol3*pol4.p2*FourPi^(-2)*I^9*
         gw^2*MBH0^(-2)*gBH0Phibar^2 + 1/6*Log[MBH0^2]*Ta[n95,l8,l99]*
         Ta[n93,l97,l8]*p1.pol3*pol4.p2*FourPi^(-2)*I^9*gw^2*gBH0Phi*
         MBH0^(-2)*gBH0Phibar - 1/6*Log[MBH0^2]*Ta[n95,l8,l99]*Ta[n93,
         l97,l8]*p1.pol3*pol4.p2*FourPi^(-2)*I^9*gw^2*gBH0Phi^2*
         MBH0^(-2) + 1/6*Log[MBH0^2]*Ta[n95,l8,l99]*Ta[n93,l97,l8]*
         p1.pol4*pol3.p2*FourPi^(-2)*I^9*gw^2*MBH0^(-2)*gBH0Phibar^2 + 
         1/6*Log[MBH0^2]*Ta[n95,l8,l99]*Ta[n93,l97,l8]*p1.pol4*pol3.p2*
         FourPi^(-2)*I^9*gw^2*gBH0Phi*MBH0^(-2)*gBH0Phibar + 1/3*Log[
         MBH0^2]*Ta[n95,l8,l99]*Ta[n93,l97,l8]*p1.pol4*pol3.p2*
         FourPi^(-2)*I^9*gw^2*gBH0Phi^2*MBH0^(-2) - 1/3*Log[MBH0^2]*Ta[
         n95,l8,l99]*Ta[n93,l97,l8]*p1.p2*pol3.pol4*FourPi^(-2)*I^9*
         gw^2*MBH0^(-2)*gBH0Phibar^2 - 7/3*Log[MBH0^2]*Ta[n95,l8,l99]*
         Ta[n93,l97,l8]*p1.p2*pol3.pol4*FourPi^(-2)*I^9*gw^2*gBH0Phi*
         MBH0^(-2)*gBH0Phibar - 2/3*Log[MBH0^2]*Ta[n95,l8,l99]*Ta[n93,
         l97,l8]*p1.p2*pol3.pol4*FourPi^(-2)*I^9*gw^2*gBH0Phi^2*
         MBH0^(-2) - 1/3*Log[MBH0^2]*Ta[n95,l8,l99]*Ta[n93,l97,l8]*
         pol3.pol4*p2.p2*FourPi^(-2)*I^9*gw^2*MBH0^(-2)*gBH0Phibar^2 - 
         2/3*Log[MBH0^2]*Ta[n95,l8,l99]*Ta[n93,l97,l8]*pol3.pol4*p2.p2*
         FourPi^(-2)*I^9*gw^2*gBH0Phi*MBH0^(-2)*gBH0Phibar - 1/6*Log[
         MBH0^2]*Ta[n95,l8,l99]*Ta[n93,l97,l8]*pol3.p2*pol4.p2*
         FourPi^(-2)*I^9*gw^2*MBH0^(-2)*gBH0Phibar^2 + 1/6*Log[MBH0^2]*
         Ta[n95,l8,l99]*Ta[n93,l97,l8]*pol3.p2*pol4.p2*FourPi^(-2)*I^9*
         gw^2*gBH0Phi*MBH0^(-2)*gBH0Phibar - 1/2*Ta[n95,l2,l99]*Ta[n93,
         l97,l2]*p3.p3*pol3.pol4*FourPi^(-2)*I^5*gw^2*MBH0^(-2)*
         gBH0Phibar^2 - Ta[n95,l2,l99]*Ta[n93,l97,l2]*p3.p3*pol3.pol4*
         FourPi^(-2)*I^5*gw^2*gBH0Phi*MBH0^(-2)*gBH0Phibar - 1/2*Ta[n95
         ,l2,l99]*Ta[n93,l97,l2]*p3.p3*pol3.pol4*FourPi^(-2)*I^5*gw^2*
         gBH0Phi^2*MBH0^(-2) - Ta[n95,l2,l99]*Ta[n93,l97,l2]*p3.p1*
         pol3.pol4*FourPi^(-2)*I^5*gw^2*MBH0^(-2)*gBH0Phibar^2 - 2*Ta[
         n95,l2,l99]*Ta[n93,l97,l2]*p3.p1*pol3.pol4*FourPi^(-2)*I^5*
         gw^2*gBH0Phi*MBH0^(-2)*gBH0Phibar - Ta[n95,l2,l99]*Ta[n93,l97,
         l2]*p3.p1*pol3.pol4*FourPi^(-2)*I^5*gw^2*gBH0Phi^2*MBH0^(-2)
          - 1/2*Ta[n95,l2,l99]*Ta[n93,l97,l2]*p1.p1*pol3.pol4*
         FourPi^(-2)*I^5*gw^2*MBH0^(-2)*gBH0Phibar^2 - Ta[n95,l2,l99]*
         Ta[n93,l97,l2]*p1.p1*pol3.pol4*FourPi^(-2)*I^5*gw^2*gBH0Phi*
         MBH0^(-2)*gBH0Phibar - 1/2*Ta[n95,l2,l99]*Ta[n93,l97,l2]*p1.p1
         *pol3.pol4*FourPi^(-2)*I^5*gw^2*gBH0Phi^2*MBH0^(-2) - 1/2*Ta[
         n95,l97,l2]*Ta[n93,l2,l99]*p1.p1*pol3.pol4*FourPi^(-2)*I^5*
         gw^2*MBH0^(-2)*gBH0Phibar^2 - Ta[n95,l97,l2]*Ta[n93,l2,l99]*
         p1.p1*pol3.pol4*FourPi^(-2)*I^5*gw^2*gBH0Phi*MBH0^(-2)*
         gBH0Phibar - 1/2*Ta[n95,l97,l2]*Ta[n93,l2,l99]*p1.p1*pol3.pol4
         *FourPi^(-2)*I^5*gw^2*gBH0Phi^2*MBH0^(-2) - Ta[n95,l97,l2]*Ta[
         n93,l2,l99]*p1.p4*pol3.pol4*FourPi^(-2)*I^5*gw^2*MBH0^(-2)*
         gBH0Phibar^2 - 2*Ta[n95,l97,l2]*Ta[n93,l2,l99]*p1.p4*pol3.pol4
         *FourPi^(-2)*I^5*gw^2*gBH0Phi*MBH0^(-2)*gBH0Phibar - Ta[n95,
         l97,l2]*Ta[n93,l2,l99]*p1.p4*pol3.pol4*FourPi^(-2)*I^5*gw^2*
         gBH0Phi^2*MBH0^(-2) - 1/2*Ta[n95,l97,l2]*Ta[n93,l2,l99]*
         pol3.pol4*p4.p4*FourPi^(-2)*I^5*gw^2*MBH0^(-2)*gBH0Phibar^2 - 
         Ta[n95,l97,l2]*Ta[n93,l2,l99]*pol3.pol4*p4.p4*FourPi^(-2)*I^5*
         gw^2*gBH0Phi*MBH0^(-2)*gBH0Phibar - 1/2*Ta[n95,l97,l2]*Ta[n93,
         l2,l99]*pol3.pol4*p4.p4*FourPi^(-2)*I^5*gw^2*gBH0Phi^2*
         MBH0^(-2) + 1/4*Ta[n95,l97,lminus1301]*Ta[n93,lminus1301,l99]*
         p1.p1*pol3.pol4*FourPi^(-2)*I^7*gw^2*gBH0Phi*MBH0^(-2)*
         gBH0Phibar + 3/4*Ta[n95,l97,lminus1301]*Ta[n93,lminus1301,l99]
         *p1.p1*pol3.pol4*FourPi^(-2)*I^7*gw^2*gBH0Phi^2*MBH0^(-2) + 1/
         4*Ta[n95,l97,lminus1301]*Ta[n93,lminus1301,l99]*p1.p2*
         pol3.pol4*FourPi^(-2)*I^7*gw^2*MBH0^(-2)*gBH0Phibar^2 + 2*Ta[
         n95,l97,lminus1301]*Ta[n93,lminus1301,l99]*p1.p2*pol3.pol4*
         FourPi^(-2)*I^7*gw^2*gBH0Phi*MBH0^(-2)*gBH0Phibar + 1/4*Ta[n95
         ,l97,lminus1301]*Ta[n93,lminus1301,l99]*p1.p2*pol3.pol4*
         FourPi^(-2)*I^7*gw^2*gBH0Phi^2*MBH0^(-2) + 3/4*Ta[n95,l97,
         lminus1301]*Ta[n93,lminus1301,l99]*pol3.pol4*p2.p2*FourPi^(-2)
         *I^7*gw^2*MBH0^(-2)*gBH0Phibar^2 + 1/4*Ta[n95,l97,lminus1301]*
         Ta[n93,lminus1301,l99]*pol3.pol4*p2.p2*FourPi^(-2)*I^7*gw^2*
         gBH0Phi*MBH0^(-2)*gBH0Phibar + 5/36*Ta[n95,l97,l6]*Ta[n93,l6,
         l99]*p3.p3*pol3.pol4*FourPi^(-2)*I^7*gw^2*gBH0Phi*MBH0^(-2)*
         gBH0Phibar + 5/36*Ta[n95,l97,l6]*Ta[n93,l6,l99]*p3.p3*
         pol3.pol4*FourPi^(-2)*I^7*gw^2*gBH0Phi^2*MBH0^(-2) - 17/36*Ta[
         n95,l97,l6]*Ta[n93,l6,l99]*p3.pol3*p3.pol4*FourPi^(-2)*I^7*
         gw^2*gBH0Phi*MBH0^(-2)*gBH0Phibar - 17/36*Ta[n95,l97,l6]*Ta[
         n93,l6,l99]*p3.pol3*p3.pol4*FourPi^(-2)*I^7*gw^2*gBH0Phi^2*
         MBH0^(-2) + 1/2*Ta[n95,l97,l6]*Ta[n93,l6,l99]*p3.pol3*pol4.p2*
         FourPi^(-2)*I^7*gw^2*MBH0^(-2)*gBH0Phibar^2 + 2/3*Ta[n95,l97,
         l6]*Ta[n93,l6,l99]*p3.pol3*pol4.p2*FourPi^(-2)*I^7*gw^2*
         gBH0Phi*MBH0^(-2)*gBH0Phibar + 1/6*Ta[n95,l97,l6]*Ta[n93,l6,
         l99]*p3.pol3*pol4.p2*FourPi^(-2)*I^7*gw^2*gBH0Phi^2*MBH0^(-2)
          - 1/3*Ta[n95,l97,l6]*Ta[n93,l6,l99]*p3.pol4*pol3.p2*
         FourPi^(-2)*I^7*gw^2*gBH0Phi*MBH0^(-2)*gBH0Phibar - 1/3*Ta[n95
         ,l97,l6]*Ta[n93,l6,l99]*p3.pol4*pol3.p2*FourPi^(-2)*I^7*gw^2*
         gBH0Phi^2*MBH0^(-2) - 1/3*Ta[n95,l97,l6]*Ta[n93,l6,l99]*p3.p2*
         pol3.pol4*FourPi^(-2)*I^7*gw^2*gBH0Phi*MBH0^(-2)*gBH0Phibar - 
         1/3*Ta[n95,l97,l6]*Ta[n93,l6,l99]*p3.p2*pol3.pol4*FourPi^(-2)*
         I^7*gw^2*gBH0Phi^2*MBH0^(-2) - 1/3*Ta[n95,l97,l6]*Ta[n93,l6,
         l99]*p1.p1*pol3.pol4*FourPi^(-2)*I^7*gw^2*MBH0^(-2)*
         gBH0Phibar^2 - 1/3*Ta[n95,l97,l6]*Ta[n93,l6,l99]*p1.p1*
         pol3.pol4*FourPi^(-2)*I^7*gw^2*gBH0Phi*MBH0^(-2)*gBH0Phibar + 
         1/3*Ta[n95,l97,l6]*Ta[n93,l6,l99]*p1.pol3*p1.pol4*FourPi^(-2)*
         I^7*gw^2*MBH0^(-2)*gBH0Phibar^2 + 4/3*Ta[n95,l97,l6]*Ta[n93,l6
         ,l99]*p1.pol3*p1.pol4*FourPi^(-2)*I^7*gw^2*gBH0Phi*MBH0^(-2)*
         gBH0Phibar + Ta[n95,l97,l6]*Ta[n93,l6,l99]*p1.pol3*p1.pol4*
         FourPi^(-2)*I^7*gw^2*gBH0Phi^2*MBH0^(-2) + 1/6*Ta[n95,l97,l6]*
         Ta[n93,l6,l99]*p1.pol3*pol4.p4*FourPi^(-2)*I^7*gw^2*MBH0^(-2)*
         gBH0Phibar^2 + 2/3*Ta[n95,l97,l6]*Ta[n93,l6,l99]*p1.pol3*
         pol4.p4*FourPi^(-2)*I^7*gw^2*gBH0Phi*MBH0^(-2)*gBH0Phibar + 1/
         2*Ta[n95,l97,l6]*Ta[n93,l6,l99]*p1.pol3*pol4.p4*FourPi^(-2)*
         I^7*gw^2*gBH0Phi^2*MBH0^(-2) - 1/3*Ta[n95,l97,l6]*Ta[n93,l6,
         l99]*p1.pol4*pol3.p4*FourPi^(-2)*I^7*gw^2*MBH0^(-2)*
         gBH0Phibar^2 - 1/3*Ta[n95,l97,l6]*Ta[n93,l6,l99]*p1.pol4*
         pol3.p4*FourPi^(-2)*I^7*gw^2*gBH0Phi*MBH0^(-2)*gBH0Phibar - 1/
         3*Ta[n95,l97,l6]*Ta[n93,l6,l99]*p1.p4*pol3.pol4*FourPi^(-2)*
         I^7*gw^2*MBH0^(-2)*gBH0Phibar^2 - 1/3*Ta[n95,l97,l6]*Ta[n93,l6
         ,l99]*p1.p4*pol3.pol4*FourPi^(-2)*I^7*gw^2*gBH0Phi*MBH0^(-2)*
         gBH0Phibar + 5/36*Ta[n95,l97,l6]*Ta[n93,l6,l99]*pol3.pol4*
         p4.p4*FourPi^(-2)*I^7*gw^2*MBH0^(-2)*gBH0Phibar^2 + 5/36*Ta[
         n95,l97,l6]*Ta[n93,l6,l99]*pol3.pol4*p4.p4*FourPi^(-2)*I^7*
         gw^2*gBH0Phi*MBH0^(-2)*gBH0Phibar - 1/3*Ta[n95,l97,l6]*Ta[n93,
         l6,l99]*pol3.pol4*p2.p2*FourPi^(-2)*I^7*gw^2*gBH0Phi*MBH0^(-2)
         *gBH0Phibar - 1/3*Ta[n95,l97,l6]*Ta[n93,l6,l99]*pol3.pol4*
         p2.p2*FourPi^(-2)*I^7*gw^2*gBH0Phi^2*MBH0^(-2) - 17/36*Ta[n95,
         l97,l6]*Ta[n93,l6,l99]*pol3.p4*pol4.p4*FourPi^(-2)*I^7*gw^2*
         MBH0^(-2)*gBH0Phibar^2 - 17/36*Ta[n95,l97,l6]*Ta[n93,l6,l99]*
         pol3.p4*pol4.p4*FourPi^(-2)*I^7*gw^2*gBH0Phi*MBH0^(-2)*
         gBH0Phibar + Ta[n95,l97,l6]*Ta[n93,l6,l99]*pol3.p2*pol4.p2*
         FourPi^(-2)*I^7*gw^2*MBH0^(-2)*gBH0Phibar^2 + 4/3*Ta[n95,l97,
         l6]*Ta[n93,l6,l99]*pol3.p2*pol4.p2*FourPi^(-2)*I^7*gw^2*
         gBH0Phi*MBH0^(-2)*gBH0Phibar + 1/3*Ta[n95,l97,l6]*Ta[n93,l6,
         l99]*pol3.p2*pol4.p2*FourPi^(-2)*I^7*gw^2*gBH0Phi^2*MBH0^(-2)
          + 5/9*Ta[n95,l97,l8]*Ta[n93,l8,l99]*p1.p1*pol3.pol4*
         FourPi^(-2)*I^9*gw^2*gBH0Phi*MBH0^(-2)*gBH0Phibar + 11/9*Ta[
         n95,l97,l8]*Ta[n93,l8,l99]*p1.p1*pol3.pol4*FourPi^(-2)*I^9*
         gw^2*gBH0Phi^2*MBH0^(-2) - 5/36*Ta[n95,l97,l8]*Ta[n93,l8,l99]*
         p1.pol3*p1.pol4*FourPi^(-2)*I^9*gw^2*gBH0Phi*MBH0^(-2)*
         gBH0Phibar + 7/36*Ta[n95,l97,l8]*Ta[n93,l8,l99]*p1.pol3*
         p1.pol4*FourPi^(-2)*I^9*gw^2*gBH0Phi^2*MBH0^(-2) - 11/36*Ta[
         n95,l97,l8]*Ta[n93,l8,l99]*p1.pol3*pol4.p4*FourPi^(-2)*I^9*
         gw^2*gBH0Phi*MBH0^(-2)*gBH0Phibar - 5/36*Ta[n95,l97,l8]*Ta[n93
         ,l8,l99]*p1.pol3*pol4.p4*FourPi^(-2)*I^9*gw^2*gBH0Phi^2*
         MBH0^(-2) - 17/36*Ta[n95,l97,l8]*Ta[n93,l8,l99]*p1.pol3*
         pol4.p2*FourPi^(-2)*I^9*gw^2*MBH0^(-2)*gBH0Phibar^2 - 5/36*Ta[
         n95,l97,l8]*Ta[n93,l8,l99]*p1.pol3*pol4.p2*FourPi^(-2)*I^9*
         gw^2*gBH0Phi*MBH0^(-2)*gBH0Phibar - 11/18*Ta[n95,l97,l8]*Ta[
         n93,l8,l99]*p1.pol3*pol4.p2*FourPi^(-2)*I^9*gw^2*gBH0Phi^2*
         MBH0^(-2) + 7/36*Ta[n95,l97,l8]*Ta[n93,l8,l99]*p1.pol4*pol3.p4
         *FourPi^(-2)*I^9*gw^2*gBH0Phi*MBH0^(-2)*gBH0Phibar - 5/36*Ta[
         n95,l97,l8]*Ta[n93,l8,l99]*p1.pol4*pol3.p4*FourPi^(-2)*I^9*
         gw^2*gBH0Phi^2*MBH0^(-2) + 5/18*Ta[n95,l97,l8]*Ta[n93,l8,l99]*
         p1.pol4*pol3.p2*FourPi^(-2)*I^9*gw^2*MBH0^(-2)*gBH0Phibar^2 - 
         41/36*Ta[n95,l97,l8]*Ta[n93,l8,l99]*p1.pol4*pol3.p2*
         FourPi^(-2)*I^9*gw^2*gBH0Phi*MBH0^(-2)*gBH0Phibar + 5/36*Ta[
         n95,l97,l8]*Ta[n93,l8,l99]*p1.pol4*pol3.p2*FourPi^(-2)*I^9*
         gw^2*gBH0Phi^2*MBH0^(-2) - 1/18*Ta[n95,l97,l8]*Ta[n93,l8,l99]*
         p1.p4*pol3.pol4*FourPi^(-2)*I^9*gw^2*gBH0Phi*MBH0^(-2)*
         gBH0Phibar + 11/18*Ta[n95,l97,l8]*Ta[n93,l8,l99]*p1.p4*
         pol3.pol4*FourPi^(-2)*I^9*gw^2*gBH0Phi^2*MBH0^(-2) + 5/18*Ta[
         n95,l97,l8]*Ta[n93,l8,l99]*p1.p2*pol3.pol4*FourPi^(-2)*I^9*
         gw^2*MBH0^(-2)*gBH0Phibar^2 + 65/18*Ta[n95,l97,l8]*Ta[n93,l8,
         l99]*p1.p2*pol3.pol4*FourPi^(-2)*I^9*gw^2*gBH0Phi*MBH0^(-2)*
         gBH0Phibar + 8/9*Ta[n95,l97,l8]*Ta[n93,l8,l99]*p1.p2*pol3.pol4
         *FourPi^(-2)*I^9*gw^2*gBH0Phi^2*MBH0^(-2) + 5/18*Ta[n95,l97,l8
         ]*Ta[n93,l8,l99]*pol3.pol4*p4.p4*FourPi^(-2)*I^9*gw^2*gBH0Phi*
         MBH0^(-2)*gBH0Phibar - 11/18*Ta[n95,l97,l8]*Ta[n93,l8,l99]*
         pol3.pol4*p4.p2*FourPi^(-2)*I^9*gw^2*MBH0^(-2)*gBH0Phibar^2 + 
         11/18*Ta[n95,l97,l8]*Ta[n93,l8,l99]*pol3.pol4*p4.p2*
         FourPi^(-2)*I^9*gw^2*gBH0Phi*MBH0^(-2)*gBH0Phibar + 11/18*Ta[
         n95,l97,l8]*Ta[n93,l8,l99]*pol3.pol4*p2.p2*FourPi^(-2)*I^9*
         gw^2*MBH0^(-2)*gBH0Phibar^2 + 8/9*Ta[n95,l97,l8]*Ta[n93,l8,l99
         ]*pol3.pol4*p2.p2*FourPi^(-2)*I^9*gw^2*gBH0Phi*MBH0^(-2)*
         gBH0Phibar - 4/9*Ta[n95,l97,l8]*Ta[n93,l8,l99]*pol3.p4*pol4.p4
         *FourPi^(-2)*I^9*gw^2*gBH0Phi*MBH0^(-2)*gBH0Phibar + 5/36*Ta[
         n95,l97,l8]*Ta[n93,l8,l99]*pol3.p4*pol4.p2*FourPi^(-2)*I^9*
         gw^2*MBH0^(-2)*gBH0Phibar^2 - 5/36*Ta[n95,l97,l8]*Ta[n93,l8,
         l99]*pol3.p4*pol4.p2*FourPi^(-2)*I^9*gw^2*gBH0Phi*MBH0^(-2)*
         gBH0Phibar + 5/36*Ta[n95,l97,l8]*Ta[n93,l8,l99]*pol3.p2*
         pol4.p4*FourPi^(-2)*I^9*gw^2*MBH0^(-2)*gBH0Phibar^2 - 23/36*
         Ta[n95,l97,l8]*Ta[n93,l8,l99]*pol3.p2*pol4.p4*FourPi^(-2)*I^9*
         gw^2*gBH0Phi*MBH0^(-2)*gBH0Phibar + 17/36*Ta[n95,l97,l8]*Ta[
         n93,l8,l99]*pol3.p2*pol4.p2*FourPi^(-2)*I^9*gw^2*MBH0^(-2)*
         gBH0Phibar^2 - 17/36*Ta[n95,l97,l8]*Ta[n93,l8,l99]*pol3.p2*
         pol4.p2*FourPi^(-2)*I^9*gw^2*gBH0Phi*MBH0^(-2)*gBH0Phibar + 1/
         4*Ta[n95,lminus1301,l99]*Ta[n93,l97,lminus1301]*p1.p1*
         pol3.pol4*FourPi^(-2)*I^7*gw^2*gBH0Phi*MBH0^(-2)*gBH0Phibar + 
         3/4*Ta[n95,lminus1301,l99]*Ta[n93,l97,lminus1301]*p1.p1*
         pol3.pol4*FourPi^(-2)*I^7*gw^2*gBH0Phi^2*MBH0^(-2) + 1/4*Ta[
         n95,lminus1301,l99]*Ta[n93,l97,lminus1301]*p1.p2*pol3.pol4*
         FourPi^(-2)*I^7*gw^2*MBH0^(-2)*gBH0Phibar^2 + 2*Ta[n95,
         lminus1301,l99]*Ta[n93,l97,lminus1301]*p1.p2*pol3.pol4*
         FourPi^(-2)*I^7*gw^2*gBH0Phi*MBH0^(-2)*gBH0Phibar + 1/4*Ta[n95
         ,lminus1301,l99]*Ta[n93,l97,lminus1301]*p1.p2*pol3.pol4*
         FourPi^(-2)*I^7*gw^2*gBH0Phi^2*MBH0^(-2) + 3/4*Ta[n95,
         lminus1301,l99]*Ta[n93,l97,lminus1301]*pol3.pol4*p2.p2*
         FourPi^(-2)*I^7*gw^2*MBH0^(-2)*gBH0Phibar^2 + 1/4*Ta[n95,
         lminus1301,l99]*Ta[n93,l97,lminus1301]*pol3.pol4*p2.p2*
         FourPi^(-2)*I^7*gw^2*gBH0Phi*MBH0^(-2)*gBH0Phibar + 5/36*Ta[
         n95,l6,l99]*Ta[n93,l97,l6]*p3.p3*pol3.pol4*FourPi^(-2)*I^7*
         gw^2*MBH0^(-2)*gBH0Phibar^2 + 5/36*Ta[n95,l6,l99]*Ta[n93,l97,
         l6]*p3.p3*pol3.pol4*FourPi^(-2)*I^7*gw^2*gBH0Phi*MBH0^(-2)*
         gBH0Phibar - 1/3*Ta[n95,l6,l99]*Ta[n93,l97,l6]*p3.p1*pol3.pol4
         *FourPi^(-2)*I^7*gw^2*MBH0^(-2)*gBH0Phibar^2 - 1/3*Ta[n95,l6,
         l99]*Ta[n93,l97,l6]*p3.p1*pol3.pol4*FourPi^(-2)*I^7*gw^2*
         gBH0Phi*MBH0^(-2)*gBH0Phibar - 17/36*Ta[n95,l6,l99]*Ta[n93,l97
         ,l6]*p3.pol3*p3.pol4*FourPi^(-2)*I^7*gw^2*MBH0^(-2)*
         gBH0Phibar^2 - 17/36*Ta[n95,l6,l99]*Ta[n93,l97,l6]*p3.pol3*
         p3.pol4*FourPi^(-2)*I^7*gw^2*gBH0Phi*MBH0^(-2)*gBH0Phibar + 1/
         6*Ta[n95,l6,l99]*Ta[n93,l97,l6]*p3.pol3*p1.pol4*FourPi^(-2)*
         I^7*gw^2*MBH0^(-2)*gBH0Phibar^2 + 2/3*Ta[n95,l6,l99]*Ta[n93,
         l97,l6]*p3.pol3*p1.pol4*FourPi^(-2)*I^7*gw^2*gBH0Phi*MBH0^(-2)
         *gBH0Phibar + 1/2*Ta[n95,l6,l99]*Ta[n93,l97,l6]*p3.pol3*
         p1.pol4*FourPi^(-2)*I^7*gw^2*gBH0Phi^2*MBH0^(-2) - 1/3*Ta[n95,
         l6,l99]*Ta[n93,l97,l6]*p3.pol4*p1.pol3*FourPi^(-2)*I^7*gw^2*
         MBH0^(-2)*gBH0Phibar^2 - 1/3*Ta[n95,l6,l99]*Ta[n93,l97,l6]*
         p3.pol4*p1.pol3*FourPi^(-2)*I^7*gw^2*gBH0Phi*MBH0^(-2)*
         gBH0Phibar - 1/3*Ta[n95,l6,l99]*Ta[n93,l97,l6]*p1.p1*pol3.pol4
         *FourPi^(-2)*I^7*gw^2*MBH0^(-2)*gBH0Phibar^2 - 1/3*Ta[n95,l6,
         l99]*Ta[n93,l97,l6]*p1.p1*pol3.pol4*FourPi^(-2)*I^7*gw^2*
         gBH0Phi*MBH0^(-2)*gBH0Phibar + 1/3*Ta[n95,l6,l99]*Ta[n93,l97,
         l6]*p1.pol3*p1.pol4*FourPi^(-2)*I^7*gw^2*MBH0^(-2)*
         gBH0Phibar^2 + 4/3*Ta[n95,l6,l99]*Ta[n93,l97,l6]*p1.pol3*
         p1.pol4*FourPi^(-2)*I^7*gw^2*gBH0Phi*MBH0^(-2)*gBH0Phibar + 
         Ta[n95,l6,l99]*Ta[n93,l97,l6]*p1.pol3*p1.pol4*FourPi^(-2)*I^7*
         gw^2*gBH0Phi^2*MBH0^(-2) + 5/36*Ta[n95,l6,l99]*Ta[n93,l97,l6]*
         pol3.pol4*p4.p4*FourPi^(-2)*I^7*gw^2*gBH0Phi*MBH0^(-2)*
         gBH0Phibar + 5/36*Ta[n95,l6,l99]*Ta[n93,l97,l6]*pol3.pol4*
         p4.p4*FourPi^(-2)*I^7*gw^2*gBH0Phi^2*MBH0^(-2) - 1/3*Ta[n95,l6
         ,l99]*Ta[n93,l97,l6]*pol3.pol4*p4.p2*FourPi^(-2)*I^7*gw^2*
         gBH0Phi*MBH0^(-2)*gBH0Phibar - 1/3*Ta[n95,l6,l99]*Ta[n93,l97,
         l6]*pol3.pol4*p4.p2*FourPi^(-2)*I^7*gw^2*gBH0Phi^2*MBH0^(-2)
          - 1/3*Ta[n95,l6,l99]*Ta[n93,l97,l6]*pol3.pol4*p2.p2*
         FourPi^(-2)*I^7*gw^2*gBH0Phi*MBH0^(-2)*gBH0Phibar - 1/3*Ta[n95
         ,l6,l99]*Ta[n93,l97,l6]*pol3.pol4*p2.p2*FourPi^(-2)*I^7*gw^2*
         gBH0Phi^2*MBH0^(-2) - 17/36*Ta[n95,l6,l99]*Ta[n93,l97,l6]*
         pol3.p4*pol4.p4*FourPi^(-2)*I^7*gw^2*gBH0Phi*MBH0^(-2)*
         gBH0Phibar - 17/36*Ta[n95,l6,l99]*Ta[n93,l97,l6]*pol3.p4*
         pol4.p4*FourPi^(-2)*I^7*gw^2*gBH0Phi^2*MBH0^(-2) - 1/3*Ta[n95,
         l6,l99]*Ta[n93,l97,l6]*pol3.p4*pol4.p2*FourPi^(-2)*I^7*gw^2*
         gBH0Phi*MBH0^(-2)*gBH0Phibar - 1/3*Ta[n95,l6,l99]*Ta[n93,l97,
         l6]*pol3.p4*pol4.p2*FourPi^(-2)*I^7*gw^2*gBH0Phi^2*MBH0^(-2)
          + 1/2*Ta[n95,l6,l99]*Ta[n93,l97,l6]*pol3.p2*pol4.p4*
         FourPi^(-2)*I^7*gw^2*MBH0^(-2)*gBH0Phibar^2 + 2/3*Ta[n95,l6,
         l99]*Ta[n93,l97,l6]*pol3.p2*pol4.p4*FourPi^(-2)*I^7*gw^2*
         gBH0Phi*MBH0^(-2)*gBH0Phibar + 1/6*Ta[n95,l6,l99]*Ta[n93,l97,
         l6]*pol3.p2*pol4.p4*FourPi^(-2)*I^7*gw^2*gBH0Phi^2*MBH0^(-2)
          + Ta[n95,l6,l99]*Ta[n93,l97,l6]*pol3.p2*pol4.p2*FourPi^(-2)*
         I^7*gw^2*MBH0^(-2)*gBH0Phibar^2 + 4/3*Ta[n95,l6,l99]*Ta[n93,
         l97,l6]*pol3.p2*pol4.p2*FourPi^(-2)*I^7*gw^2*gBH0Phi*MBH0^(-2)
         *gBH0Phibar + 1/3*Ta[n95,l6,l99]*Ta[n93,l97,l6]*pol3.p2*
         pol4.p2*FourPi^(-2)*I^7*gw^2*gBH0Phi^2*MBH0^(-2) + 5/18*Ta[n95
         ,l8,l99]*Ta[n93,l97,l8]*p3.p3*pol3.pol4*FourPi^(-2)*I^9*gw^2*
         gBH0Phi*MBH0^(-2)*gBH0Phibar - 1/18*Ta[n95,l8,l99]*Ta[n93,l97,
         l8]*p3.p1*pol3.pol4*FourPi^(-2)*I^9*gw^2*gBH0Phi*MBH0^(-2)*
         gBH0Phibar + 11/18*Ta[n95,l8,l99]*Ta[n93,l97,l8]*p3.p1*
         pol3.pol4*FourPi^(-2)*I^9*gw^2*gBH0Phi^2*MBH0^(-2) - 4/9*Ta[
         n95,l8,l99]*Ta[n93,l97,l8]*p3.pol3*p3.pol4*FourPi^(-2)*I^9*
         gw^2*gBH0Phi*MBH0^(-2)*gBH0Phibar - 11/36*Ta[n95,l8,l99]*Ta[
         n93,l97,l8]*p3.pol3*p1.pol4*FourPi^(-2)*I^9*gw^2*gBH0Phi*
         MBH0^(-2)*gBH0Phibar - 5/36*Ta[n95,l8,l99]*Ta[n93,l97,l8]*
         p3.pol3*p1.pol4*FourPi^(-2)*I^9*gw^2*gBH0Phi^2*MBH0^(-2) + 5/
         36*Ta[n95,l8,l99]*Ta[n93,l97,l8]*p3.pol3*pol4.p2*FourPi^(-2)*
         I^9*gw^2*MBH0^(-2)*gBH0Phibar^2 - 23/36*Ta[n95,l8,l99]*Ta[n93,
         l97,l8]*p3.pol3*pol4.p2*FourPi^(-2)*I^9*gw^2*gBH0Phi*MBH0^(-2)
         *gBH0Phibar + 7/36*Ta[n95,l8,l99]*Ta[n93,l97,l8]*p3.pol4*
         p1.pol3*FourPi^(-2)*I^9*gw^2*gBH0Phi*MBH0^(-2)*gBH0Phibar - 5/
         36*Ta[n95,l8,l99]*Ta[n93,l97,l8]*p3.pol4*p1.pol3*FourPi^(-2)*
         I^9*gw^2*gBH0Phi^2*MBH0^(-2) + 5/36*Ta[n95,l8,l99]*Ta[n93,l97,
         l8]*p3.pol4*pol3.p2*FourPi^(-2)*I^9*gw^2*MBH0^(-2)*
         gBH0Phibar^2 - 5/36*Ta[n95,l8,l99]*Ta[n93,l97,l8]*p3.pol4*
         pol3.p2*FourPi^(-2)*I^9*gw^2*gBH0Phi*MBH0^(-2)*gBH0Phibar - 11/
         18*Ta[n95,l8,l99]*Ta[n93,l97,l8]*p3.p2*pol3.pol4*FourPi^(-2)*
         I^9*gw^2*MBH0^(-2)*gBH0Phibar^2 + 11/18*Ta[n95,l8,l99]*Ta[n93,
         l97,l8]*p3.p2*pol3.pol4*FourPi^(-2)*I^9*gw^2*gBH0Phi*MBH0^(-2)
         *gBH0Phibar + 5/9*Ta[n95,l8,l99]*Ta[n93,l97,l8]*p1.p1*
         pol3.pol4*FourPi^(-2)*I^9*gw^2*gBH0Phi*MBH0^(-2)*gBH0Phibar + 
         11/9*Ta[n95,l8,l99]*Ta[n93,l97,l8]*p1.p1*pol3.pol4*FourPi^(-2)
         *I^9*gw^2*gBH0Phi^2*MBH0^(-2) - 5/36*Ta[n95,l8,l99]*Ta[n93,l97
         ,l8]*p1.pol3*p1.pol4*FourPi^(-2)*I^9*gw^2*gBH0Phi*MBH0^(-2)*
         gBH0Phibar + 7/36*Ta[n95,l8,l99]*Ta[n93,l97,l8]*p1.pol3*
         p1.pol4*FourPi^(-2)*I^9*gw^2*gBH0Phi^2*MBH0^(-2) + 5/18*Ta[n95
         ,l8,l99]*Ta[n93,l97,l8]*p1.pol3*pol4.p2*FourPi^(-2)*I^9*gw^2*
         MBH0^(-2)*gBH0Phibar^2 - 41/36*Ta[n95,l8,l99]*Ta[n93,l97,l8]*
         p1.pol3*pol4.p2*FourPi^(-2)*I^9*gw^2*gBH0Phi*MBH0^(-2)*
         gBH0Phibar + 5/36*Ta[n95,l8,l99]*Ta[n93,l97,l8]*p1.pol3*
         pol4.p2*FourPi^(-2)*I^9*gw^2*gBH0Phi^2*MBH0^(-2) - 17/36*Ta[
         n95,l8,l99]*Ta[n93,l97,l8]*p1.pol4*pol3.p2*FourPi^(-2)*I^9*
         gw^2*MBH0^(-2)*gBH0Phibar^2 - 5/36*Ta[n95,l8,l99]*Ta[n93,l97,
         l8]*p1.pol4*pol3.p2*FourPi^(-2)*I^9*gw^2*gBH0Phi*MBH0^(-2)*
         gBH0Phibar - 11/18*Ta[n95,l8,l99]*Ta[n93,l97,l8]*p1.pol4*
         pol3.p2*FourPi^(-2)*I^9*gw^2*gBH0Phi^2*MBH0^(-2) + 5/18*Ta[n95
         ,l8,l99]*Ta[n93,l97,l8]*p1.p2*pol3.pol4*FourPi^(-2)*I^9*gw^2*
         MBH0^(-2)*gBH0Phibar^2 + 65/18*Ta[n95,l8,l99]*Ta[n93,l97,l8]*
         p1.p2*pol3.pol4*FourPi^(-2)*I^9*gw^2*gBH0Phi*MBH0^(-2)*
         gBH0Phibar + 8/9*Ta[n95,l8,l99]*Ta[n93,l97,l8]*p1.p2*pol3.pol4
         *FourPi^(-2)*I^9*gw^2*gBH0Phi^2*MBH0^(-2) + 11/18*Ta[n95,l8,
         l99]*Ta[n93,l97,l8]*pol3.pol4*p2.p2*FourPi^(-2)*I^9*gw^2*
         MBH0^(-2)*gBH0Phibar^2 + 8/9*Ta[n95,l8,l99]*Ta[n93,l97,l8]*
         pol3.pol4*p2.p2*FourPi^(-2)*I^9*gw^2*gBH0Phi*MBH0^(-2)*
         gBH0Phibar + 17/36*Ta[n95,l8,l99]*Ta[n93,l97,l8]*pol3.p2*
         pol4.p2*FourPi^(-2)*I^9*gw^2*MBH0^(-2)*gBH0Phibar^2 - 17/36*
         Ta[n95,l8,l99]*Ta[n93,l97,l8]*pol3.p2*pol4.p2*FourPi^(-2)*I^9*
         gw^2*gBH0Phi*MBH0^(-2)*gBH0Phibar )

       + Log[MBH0^2]*Ta[n95,l2,l99]*Ta[n93,l97,l2]*pol3.pol4*
      FourPi^(-2)*I^5*gw^2*gBH0Phibar^2 + 2*Log[MBH0^2]*Ta[n95,l2,l99]*
         Ta[n93,l97,l2]*pol3.pol4*FourPi^(-2)*I^5*gw^2*gBH0Phi*
         gBH0Phibar + Log[MBH0^2]*Ta[n95,l2,l99]*Ta[n93,l97,l2]*
         pol3.pol4*FourPi^(-2)*I^5*gw^2*gBH0Phi^2 + Log[MBH0^2]*Ta[n95,
         l97,l2]*Ta[n93,l2,l99]*pol3.pol4*FourPi^(-2)*I^5*gw^2*
         gBH0Phibar^2 + 2*Log[MBH0^2]*Ta[n95,l97,l2]*Ta[n93,l2,l99]*
         pol3.pol4*FourPi^(-2)*I^5*gw^2*gBH0Phi*gBH0Phibar + Log[MBH0^2
         ]*Ta[n95,l97,l2]*Ta[n93,l2,l99]*pol3.pol4*FourPi^(-2)*I^5*gw^2
         *gBH0Phi^2 + Log[MBH0^2]*Ta[n95,l97,lminus1301]*Ta[n93,
         lminus1301,l99]*pol3.pol4*FourPi^(-2)*I^7*gw^2*gBH0Phi*
         gBH0Phibar + 1/2*Log[MBH0^2]*Ta[n95,l97,l6]*Ta[n93,l6,l99]*
         pol3.pol4*FourPi^(-2)*I^7*gw^2*gBH0Phibar^2 + Log[MBH0^2]*Ta[
         n95,l97,l6]*Ta[n93,l6,l99]*pol3.pol4*FourPi^(-2)*I^7*gw^2*
         gBH0Phi*gBH0Phibar + 1/2*Log[MBH0^2]*Ta[n95,l97,l6]*Ta[n93,l6,
         l99]*pol3.pol4*FourPi^(-2)*I^7*gw^2*gBH0Phi^2 + Log[MBH0^2]*
         Ta[n95,l97,l8]*Ta[n93,l8,l99]*pol3.pol4*FourPi^(-2)*I^9*gw^2*
         gBH0Phi*gBH0Phibar + Log[MBH0^2]*Ta[n95,lminus1301,l99]*Ta[n93
         ,l97,lminus1301]*pol3.pol4*FourPi^(-2)*I^7*gw^2*gBH0Phi*
         gBH0Phibar + 1/2*Log[MBH0^2]*Ta[n95,l6,l99]*Ta[n93,l97,l6]*
         pol3.pol4*FourPi^(-2)*I^7*gw^2*gBH0Phibar^2 + Log[MBH0^2]*Ta[
         n95,l6,l99]*Ta[n93,l97,l6]*pol3.pol4*FourPi^(-2)*I^7*gw^2*
         gBH0Phi*gBH0Phibar + 1/2*Log[MBH0^2]*Ta[n95,l6,l99]*Ta[n93,l97
         ,l6]*pol3.pol4*FourPi^(-2)*I^7*gw^2*gBH0Phi^2 + Log[MBH0^2]*
         Ta[n95,l8,l99]*Ta[n93,l97,l8]*pol3.pol4*FourPi^(-2)*I^9*gw^2*
         gBH0Phi*gBH0Phibar - Ta[n95,l2,l99]*Ta[n93,l97,l2]*pol3.pol4*
         FourPi^(-2)*I^5*gw^2*gBH0Phibar^2 - 2*Ta[n95,l2,l99]*Ta[n93,
         l97,l2]*pol3.pol4*FourPi^(-2)*I^5*gw^2*gBH0Phi*gBH0Phibar - 
         Ta[n95,l2,l99]*Ta[n93,l97,l2]*pol3.pol4*FourPi^(-2)*I^5*gw^2*
         gBH0Phi^2 - Ta[n95,l97,l2]*Ta[n93,l2,l99]*pol3.pol4*
         FourPi^(-2)*I^5*gw^2*gBH0Phibar^2 - 2*Ta[n95,l97,l2]*Ta[n93,l2
         ,l99]*pol3.pol4*FourPi^(-2)*I^5*gw^2*gBH0Phi*gBH0Phibar - Ta[
         n95,l97,l2]*Ta[n93,l2,l99]*pol3.pol4*FourPi^(-2)*I^5*gw^2*
         gBH0Phi^2 - Ta[n95,l97,lminus1301]*Ta[n93,lminus1301,l99]*
         pol3.pol4*FourPi^(-2)*I^7*gw^2*gBH0Phi*gBH0Phibar - 3/4*Ta[n95
         ,l97,l6]*Ta[n93,l6,l99]*pol3.pol4*FourPi^(-2)*I^7*gw^2*
         gBH0Phibar^2 - 3/2*Ta[n95,l97,l6]*Ta[n93,l6,l99]*pol3.pol4*
         FourPi^(-2)*I^7*gw^2*gBH0Phi*gBH0Phibar - 3/4*Ta[n95,l97,l6]*
         Ta[n93,l6,l99]*pol3.pol4*FourPi^(-2)*I^7*gw^2*gBH0Phi^2 - 3/2*
         Ta[n95,l97,l8]*Ta[n93,l8,l99]*pol3.pol4*FourPi^(-2)*I^9*gw^2*
         gBH0Phi*gBH0Phibar - Ta[n95,lminus1301,l99]*Ta[n93,l97,
         lminus1301]*pol3.pol4*FourPi^(-2)*I^7*gw^2*gBH0Phi*gBH0Phibar
          - 3/4*Ta[n95,l6,l99]*Ta[n93,l97,l6]*pol3.pol4*FourPi^(-2)*I^7
         *gw^2*gBH0Phibar^2 - 3/2*Ta[n95,l6,l99]*Ta[n93,l97,l6]*
         pol3.pol4*FourPi^(-2)*I^7*gw^2*gBH0Phi*gBH0Phibar - 3/4*Ta[n95
         ,l6,l99]*Ta[n93,l97,l6]*pol3.pol4*FourPi^(-2)*I^7*gw^2*
         gBH0Phi^2 - 3/2*Ta[n95,l8,l99]*Ta[n93,l97,l8]*pol3.pol4*
         FourPi^(-2)*I^9*gw^2*gBH0Phi*gBH0Phibar;

  0.12 sec out of 0.11 sec
