FORM 4.2.0 (Jul  6 2017, v4.2.0) 64-bits         Run: Fri Mar 16 14:49:14 2018
    * -*-Form-*-
    
    #: Parentheses 2000
    #-

   amplqLbaruRPhibar =
       + sSS^2 * (  - 1/12*Log[MBH0^2]*gBH0qL[f99,f2]*yu[f2,f97]*gam[
         y99,FIVE,p2,p2,y97]*uspin[p2,y97]*vbspin[p1,y99]*e_[l99,l95]*
         d_(m99,m97)*FourPi^(-2)*I^7*gBH0Phi*MBH0^(-2) + 1/4*Log[MBH0^2
         ]*gBH0qL[f99,f2]*yu[f2,f97]*gam[y99,FIVE,p3,p2,y97]*uspin[p2,
         y97]*vbspin[p1,y99]*e_[l99,l95]*d_(m99,m97)*FourPi^(-2)*I^7*
         MBH0^(-2)*gBH0Phibar - 1/6*Log[MBH0^2]*gBH0qL[f99,f2]*yu[f2,
         f97]*gam[y99,FIVE,y97]*uspin[p2,y97]*vbspin[p1,y99]*e_[l99,l95
         ]*d_(m99,m97)*p2.p2*FourPi^(-2)*I^7*gBH0Phi*MBH0^(-2) - 1/12*
         Log[MBH0^2]*gBH0qL[f99,f2]*yu[f2,f97]*gam[y99,p2,p2,y97]*
         uspin[p2,y97]*vbspin[p1,y99]*e_[l99,l95]*d_(m99,m97)*
         FourPi^(-2)*I^7*gBH0Phi*MBH0^(-2) + 1/4*Log[MBH0^2]*gBH0qL[f99
         ,f2]*yu[f2,f97]*gam[y99,p3,p2,y97]*uspin[p2,y97]*vbspin[p1,y99
         ]*e_[l99,l95]*d_(m99,m97)*FourPi^(-2)*I^7*MBH0^(-2)*gBH0Phibar
          - 1/6*Log[MBH0^2]*gBH0qL[f99,f2]*yu[f2,f97]*gam[y99,y97]*
         uspin[p2,y97]*vbspin[p1,y99]*e_[l99,l95]*d_(m99,m97)*p2.p2*
         FourPi^(-2)*I^7*gBH0Phi*MBH0^(-2) - 1/3*Log[MBH0^2]*gBH0qL[f99
         ,f4]*gBH0uR[f6,f97]*yu[f4,f6]*gam[y99,FIVE,p1,p1,y97]*uspin[p2
         ,y97]*vbspin[p1,y99]*e_[l99,l95]*d_(m99,m97)*FourPi^(-2)*I^7*
         MBH0^(-2) - 1/3*Log[MBH0^2]*gBH0qL[f99,f4]*gBH0uR[f6,f97]*yu[
         f4,f6]*gam[y99,FIVE,p1,p2,y97]*uspin[p2,y97]*vbspin[p1,y99]*
         e_[l99,l95]*d_(m99,m97)*FourPi^(-2)*I^7*MBH0^(-2) - 1/3*Log[
         MBH0^2]*gBH0qL[f99,f4]*gBH0uR[f6,f97]*yu[f4,f6]*gam[y99,FIVE,
         p2,p1,y97]*uspin[p2,y97]*vbspin[p1,y99]*e_[l99,l95]*
         d_(m99,m97)*FourPi^(-2)*I^7*MBH0^(-2) - 1/3*Log[MBH0^2]*
         gBH0qL[f99,f4]*gBH0uR[f6,f97]*yu[f4,f6]*gam[y99,FIVE,p2,p2,y97
         ]*uspin[p2,y97]*vbspin[p1,y99]*e_[l99,l95]*d_(m99,m97)*
         FourPi^(-2)*I^7*MBH0^(-2) - 2/3*Log[MBH0^2]*gBH0qL[f99,f4]*
         gBH0uR[f6,f97]*yu[f4,f6]*gam[y99,FIVE,y97]*uspin[p2,y97]*
         vbspin[p1,y99]*e_[l99,l95]*d_(m99,m97)*p1.p1*FourPi^(-2)*I^7*
         MBH0^(-2) - 4/3*Log[MBH0^2]*gBH0qL[f99,f4]*gBH0uR[f6,f97]*yu[
         f4,f6]*gam[y99,FIVE,y97]*uspin[p2,y97]*vbspin[p1,y99]*e_[l99,
         l95]*d_(m99,m97)*p1.p2*FourPi^(-2)*I^7*MBH0^(-2) - 2/3*Log[
         MBH0^2]*gBH0qL[f99,f4]*gBH0uR[f6,f97]*yu[f4,f6]*gam[y99,FIVE,
         y97]*uspin[p2,y97]*vbspin[p1,y99]*e_[l99,l95]*d_(m99,m97)*
         p2.p2*FourPi^(-2)*I^7*MBH0^(-2) - 1/3*Log[MBH0^2]*gBH0qL[f99,
         f4]*gBH0uR[f6,f97]*yu[f4,f6]*gam[y99,p1,p1,y97]*uspin[p2,y97]*
         vbspin[p1,y99]*e_[l99,l95]*d_(m99,m97)*FourPi^(-2)*I^7*
         MBH0^(-2) - 1/3*Log[MBH0^2]*gBH0qL[f99,f4]*gBH0uR[f6,f97]*yu[
         f4,f6]*gam[y99,p1,p2,y97]*uspin[p2,y97]*vbspin[p1,y99]*e_[l99,
         l95]*d_(m99,m97)*FourPi^(-2)*I^7*MBH0^(-2) - 1/3*Log[MBH0^2]*
         gBH0qL[f99,f4]*gBH0uR[f6,f97]*yu[f4,f6]*gam[y99,p2,p1,y97]*
         uspin[p2,y97]*vbspin[p1,y99]*e_[l99,l95]*d_(m99,m97)*
         FourPi^(-2)*I^7*MBH0^(-2) - 1/3*Log[MBH0^2]*gBH0qL[f99,f4]*
         gBH0uR[f6,f97]*yu[f4,f6]*gam[y99,p2,p2,y97]*uspin[p2,y97]*
         vbspin[p1,y99]*e_[l99,l95]*d_(m99,m97)*FourPi^(-2)*I^7*
         MBH0^(-2) - 2/3*Log[MBH0^2]*gBH0qL[f99,f4]*gBH0uR[f6,f97]*yu[
         f4,f6]*gam[y99,y97]*uspin[p2,y97]*vbspin[p1,y99]*e_[l99,l95]*
         d_(m99,m97)*p1.p1*FourPi^(-2)*I^7*MBH0^(-2) - 4/3*Log[MBH0^2]*
         gBH0qL[f99,f4]*gBH0uR[f6,f97]*yu[f4,f6]*gam[y99,y97]*uspin[p2,
         y97]*vbspin[p1,y99]*e_[l99,l95]*d_(m99,m97)*p1.p2*FourPi^(-2)*
         I^7*MBH0^(-2) - 2/3*Log[MBH0^2]*gBH0qL[f99,f4]*gBH0uR[f6,f97]*
         yu[f4,f6]*gam[y99,y97]*uspin[p2,y97]*vbspin[p1,y99]*e_[l99,l95
         ]*d_(m99,m97)*p2.p2*FourPi^(-2)*I^7*MBH0^(-2) + 1/12*Log[
         MBH0^2]*gBH0uR[f2,f97]*yu[f99,f2]*gam[y99,FIVE,p1,p1,y97]*
         uspin[p2,y97]*vbspin[p1,y99]*e_[l99,l95]*d_(m99,m97)*
         FourPi^(-2)*I^7*gBH0Phi*MBH0^(-2) - 1/4*Log[MBH0^2]*gBH0uR[f2,
         f97]*yu[f99,f2]*gam[y99,FIVE,p1,p3,y97]*uspin[p2,y97]*vbspin[
         p1,y99]*e_[l99,l95]*d_(m99,m97)*FourPi^(-2)*I^7*MBH0^(-2)*
         gBH0Phibar + 1/6*Log[MBH0^2]*gBH0uR[f2,f97]*yu[f99,f2]*gam[y99
         ,FIVE,y97]*uspin[p2,y97]*vbspin[p1,y99]*e_[l99,l95]*
         d_(m99,m97)*p1.p1*FourPi^(-2)*I^7*gBH0Phi*MBH0^(-2) + 1/12*
         Log[MBH0^2]*gBH0uR[f2,f97]*yu[f99,f2]*gam[y99,p1,p1,y97]*
         uspin[p2,y97]*vbspin[p1,y99]*e_[l99,l95]*d_(m99,m97)*
         FourPi^(-2)*I^7*gBH0Phi*MBH0^(-2) - 1/4*Log[MBH0^2]*gBH0uR[f2,
         f97]*yu[f99,f2]*gam[y99,p1,p3,y97]*uspin[p2,y97]*vbspin[p1,y99
         ]*e_[l99,l95]*d_(m99,m97)*FourPi^(-2)*I^7*MBH0^(-2)*gBH0Phibar
          + 1/6*Log[MBH0^2]*gBH0uR[f2,f97]*yu[f99,f2]*gam[y99,y97]*
         uspin[p2,y97]*vbspin[p1,y99]*e_[l99,l95]*d_(m99,m97)*p1.p1*
         FourPi^(-2)*I^7*gBH0Phi*MBH0^(-2) + 1/12*gBH0qL[f99,f2]*yu[f2,
         f97]*gam[y99,FIVE,p1,p1,y97]*uspin[p2,y97]*vbspin[p1,y99]*e_[
         l99,l95]*d_(m99,m97)*FourPi^(-2)*I^7*gBH0Phi*MBH0^(-2) - 1/12*
         gBH0qL[f99,f2]*yu[f2,f97]*gam[y99,FIVE,p1,p2,y97]*uspin[p2,y97
         ]*vbspin[p1,y99]*e_[l99,l95]*d_(m99,m97)*FourPi^(-2)*I^7*
         gBH0Phi*MBH0^(-2) + 1/6*gBH0qL[f99,f2]*yu[f2,f97]*gam[y99,FIVE
         ,p2,p1,y97]*uspin[p2,y97]*vbspin[p1,y99]*e_[l99,l95]*
         d_(m99,m97)*FourPi^(-2)*I^7*gBH0Phi*MBH0^(-2) + 5/72*gBH0qL[
         f99,f2]*yu[f2,f97]*gam[y99,FIVE,p2,p2,y97]*uspin[p2,y97]*
         vbspin[p1,y99]*e_[l99,l95]*d_(m99,m97)*FourPi^(-2)*I^7*gBH0Phi
         *MBH0^(-2) - 1/4*gBH0qL[f99,f2]*yu[f2,f97]*gam[y99,FIVE,p3,p1,
         y97]*uspin[p2,y97]*vbspin[p1,y99]*e_[l99,l95]*d_(m99,m97)*
         FourPi^(-2)*I^7*MBH0^(-2)*gBH0Phibar - 3/8*gBH0qL[f99,f2]*yu[
         f2,f97]*gam[y99,FIVE,p3,p2,y97]*uspin[p2,y97]*vbspin[p1,y99]*
         e_[l99,l95]*d_(m99,m97)*FourPi^(-2)*I^7*MBH0^(-2)*gBH0Phibar
          - 1/3*gBH0qL[f99,f2]*yu[f2,f97]*gam[y99,FIVE,y97]*uspin[p2,
         y97]*vbspin[p1,y99]*e_[l99,l95]*d_(m99,m97)*p1.p1*FourPi^(-2)*
         I^7*gBH0Phi*MBH0^(-2) - 1/3*gBH0qL[f99,f2]*yu[f2,f97]*gam[y99,
         FIVE,y97]*uspin[p2,y97]*vbspin[p1,y99]*e_[l99,l95]*d_(m99,m97)
         *p1.p2*FourPi^(-2)*I^7*gBH0Phi*MBH0^(-2) + 1/18*gBH0qL[f99,f2]
         *yu[f2,f97]*gam[y99,FIVE,y97]*uspin[p2,y97]*vbspin[p1,y99]*e_[
         l99,l95]*d_(m99,m97)*p2.p2*FourPi^(-2)*I^7*gBH0Phi*MBH0^(-2)
          + 1/12*gBH0qL[f99,f2]*yu[f2,f97]*gam[y99,p1,p1,y97]*uspin[p2,
         y97]*vbspin[p1,y99]*e_[l99,l95]*d_(m99,m97)*FourPi^(-2)*I^7*
         gBH0Phi*MBH0^(-2) - 1/12*gBH0qL[f99,f2]*yu[f2,f97]*gam[y99,p1,
         p2,y97]*uspin[p2,y97]*vbspin[p1,y99]*e_[l99,l95]*d_(m99,m97)*
         FourPi^(-2)*I^7*gBH0Phi*MBH0^(-2) + 1/6*gBH0qL[f99,f2]*yu[f2,
         f97]*gam[y99,p2,p1,y97]*uspin[p2,y97]*vbspin[p1,y99]*e_[l99,
         l95]*d_(m99,m97)*FourPi^(-2)*I^7*gBH0Phi*MBH0^(-2) + 5/72*
         gBH0qL[f99,f2]*yu[f2,f97]*gam[y99,p2,p2,y97]*uspin[p2,y97]*
         vbspin[p1,y99]*e_[l99,l95]*d_(m99,m97)*FourPi^(-2)*I^7*gBH0Phi
         *MBH0^(-2) - 1/4*gBH0qL[f99,f2]*yu[f2,f97]*gam[y99,p3,p1,y97]*
         uspin[p2,y97]*vbspin[p1,y99]*e_[l99,l95]*d_(m99,m97)*
         FourPi^(-2)*I^7*MBH0^(-2)*gBH0Phibar - 3/8*gBH0qL[f99,f2]*yu[
         f2,f97]*gam[y99,p3,p2,y97]*uspin[p2,y97]*vbspin[p1,y99]*e_[l99
         ,l95]*d_(m99,m97)*FourPi^(-2)*I^7*MBH0^(-2)*gBH0Phibar - 1/3*
         gBH0qL[f99,f2]*yu[f2,f97]*gam[y99,y97]*uspin[p2,y97]*vbspin[p1
         ,y99]*e_[l99,l95]*d_(m99,m97)*p1.p1*FourPi^(-2)*I^7*gBH0Phi*
         MBH0^(-2) - 1/3*gBH0qL[f99,f2]*yu[f2,f97]*gam[y99,y97]*uspin[
         p2,y97]*vbspin[p1,y99]*e_[l99,l95]*d_(m99,m97)*p1.p2*
         FourPi^(-2)*I^7*gBH0Phi*MBH0^(-2) + 1/18*gBH0qL[f99,f2]*yu[f2,
         f97]*gam[y99,y97]*uspin[p2,y97]*vbspin[p1,y99]*e_[l99,l95]*
         d_(m99,m97)*p2.p2*FourPi^(-2)*I^7*gBH0Phi*MBH0^(-2) + 1/9*
         gBH0qL[f99,f4]*gBH0uR[f6,f97]*yu[f4,f6]*gam[y99,FIVE,p1,p1,y97
         ]*uspin[p2,y97]*vbspin[p1,y99]*e_[l99,l95]*d_(m99,m97)*
         FourPi^(-2)*I^7*MBH0^(-2) - 1/18*gBH0qL[f99,f4]*gBH0uR[f6,f97]
         *yu[f4,f6]*gam[y99,FIVE,p1,p2,y97]*uspin[p2,y97]*vbspin[p1,y99
         ]*e_[l99,l95]*d_(m99,m97)*FourPi^(-2)*I^7*MBH0^(-2) - 1/18*
         gBH0qL[f99,f4]*gBH0uR[f6,f97]*yu[f4,f6]*gam[y99,FIVE,p2,p1,y97
         ]*uspin[p2,y97]*vbspin[p1,y99]*e_[l99,l95]*d_(m99,m97)*
         FourPi^(-2)*I^7*MBH0^(-2) + 1/9*gBH0qL[f99,f4]*gBH0uR[f6,f97]*
         yu[f4,f6]*gam[y99,FIVE,p2,p2,y97]*uspin[p2,y97]*vbspin[p1,y99]
         *e_[l99,l95]*d_(m99,m97)*FourPi^(-2)*I^7*MBH0^(-2) - 1/9*
         gBH0qL[f99,f4]*gBH0uR[f6,f97]*yu[f4,f6]*gam[y99,FIVE,y97]*
         uspin[p2,y97]*vbspin[p1,y99]*e_[l99,l95]*d_(m99,m97)*p1.p1*
         FourPi^(-2)*I^7*MBH0^(-2) + 10/9*gBH0qL[f99,f4]*gBH0uR[f6,f97]
         *yu[f4,f6]*gam[y99,FIVE,y97]*uspin[p2,y97]*vbspin[p1,y99]*e_[
         l99,l95]*d_(m99,m97)*p1.p2*FourPi^(-2)*I^7*MBH0^(-2) - 1/9*
         gBH0qL[f99,f4]*gBH0uR[f6,f97]*yu[f4,f6]*gam[y99,FIVE,y97]*
         uspin[p2,y97]*vbspin[p1,y99]*e_[l99,l95]*d_(m99,m97)*p2.p2*
         FourPi^(-2)*I^7*MBH0^(-2) + 1/9*gBH0qL[f99,f4]*gBH0uR[f6,f97]*
         yu[f4,f6]*gam[y99,p1,p1,y97]*uspin[p2,y97]*vbspin[p1,y99]*e_[
         l99,l95]*d_(m99,m97)*FourPi^(-2)*I^7*MBH0^(-2) - 1/18*gBH0qL[
         f99,f4]*gBH0uR[f6,f97]*yu[f4,f6]*gam[y99,p1,p2,y97]*uspin[p2,
         y97]*vbspin[p1,y99]*e_[l99,l95]*d_(m99,m97)*FourPi^(-2)*I^7*
         MBH0^(-2) - 1/18*gBH0qL[f99,f4]*gBH0uR[f6,f97]*yu[f4,f6]*gam[
         y99,p2,p1,y97]*uspin[p2,y97]*vbspin[p1,y99]*e_[l99,l95]*
         d_(m99,m97)*FourPi^(-2)*I^7*MBH0^(-2) + 1/9*gBH0qL[f99,f4]*
         gBH0uR[f6,f97]*yu[f4,f6]*gam[y99,p2,p2,y97]*uspin[p2,y97]*
         vbspin[p1,y99]*e_[l99,l95]*d_(m99,m97)*FourPi^(-2)*I^7*
         MBH0^(-2) - 1/9*gBH0qL[f99,f4]*gBH0uR[f6,f97]*yu[f4,f6]*gam[
         y99,y97]*uspin[p2,y97]*vbspin[p1,y99]*e_[l99,l95]*d_(m99,m97)*
         p1.p1*FourPi^(-2)*I^7*MBH0^(-2) + 10/9*gBH0qL[f99,f4]*gBH0uR[
         f6,f97]*yu[f4,f6]*gam[y99,y97]*uspin[p2,y97]*vbspin[p1,y99]*
         e_[l99,l95]*d_(m99,m97)*p1.p2*FourPi^(-2)*I^7*MBH0^(-2) - 1/9*
         gBH0qL[f99,f4]*gBH0uR[f6,f97]*yu[f4,f6]*gam[y99,y97]*uspin[p2,
         y97]*vbspin[p1,y99]*e_[l99,l95]*d_(m99,m97)*p2.p2*FourPi^(-2)*
         I^7*MBH0^(-2) - 5/72*gBH0uR[f2,f97]*yu[f99,f2]*gam[y99,FIVE,p1
         ,p1,y97]*uspin[p2,y97]*vbspin[p1,y99]*e_[l99,l95]*d_(m99,m97)*
         FourPi^(-2)*I^7*gBH0Phi*MBH0^(-2) + 1/12*gBH0uR[f2,f97]*yu[f99
         ,f2]*gam[y99,FIVE,p1,p2,y97]*uspin[p2,y97]*vbspin[p1,y99]*e_[
         l99,l95]*d_(m99,m97)*FourPi^(-2)*I^7*gBH0Phi*MBH0^(-2) + 3/8*
         gBH0uR[f2,f97]*yu[f99,f2]*gam[y99,FIVE,p1,p3,y97]*uspin[p2,y97
         ]*vbspin[p1,y99]*e_[l99,l95]*d_(m99,m97)*FourPi^(-2)*I^7*
         MBH0^(-2)*gBH0Phibar - 1/6*gBH0uR[f2,f97]*yu[f99,f2]*gam[y99,
         FIVE,p2,p1,y97]*uspin[p2,y97]*vbspin[p1,y99]*e_[l99,l95]*
         d_(m99,m97)*FourPi^(-2)*I^7*gBH0Phi*MBH0^(-2) - 1/12*gBH0uR[f2
         ,f97]*yu[f99,f2]*gam[y99,FIVE,p2,p2,y97]*uspin[p2,y97]*vbspin[
         p1,y99]*e_[l99,l95]*d_(m99,m97)*FourPi^(-2)*I^7*gBH0Phi*
         MBH0^(-2) + 1/4*gBH0uR[f2,f97]*yu[f99,f2]*gam[y99,FIVE,p2,p3,
         y97]*uspin[p2,y97]*vbspin[p1,y99]*e_[l99,l95]*d_(m99,m97)*
         FourPi^(-2)*I^7*MBH0^(-2)*gBH0Phibar - 1/18*gBH0uR[f2,f97]*yu[
         f99,f2]*gam[y99,FIVE,y97]*uspin[p2,y97]*vbspin[p1,y99]*e_[l99,
         l95]*d_(m99,m97)*p1.p1*FourPi^(-2)*I^7*gBH0Phi*MBH0^(-2) + 1/3
         *gBH0uR[f2,f97]*yu[f99,f2]*gam[y99,FIVE,y97]*uspin[p2,y97]*
         vbspin[p1,y99]*e_[l99,l95]*d_(m99,m97)*p1.p2*FourPi^(-2)*I^7*
         gBH0Phi*MBH0^(-2) + 1/3*gBH0uR[f2,f97]*yu[f99,f2]*gam[y99,FIVE
         ,y97]*uspin[p2,y97]*vbspin[p1,y99]*e_[l99,l95]*d_(m99,m97)*
         p2.p2*FourPi^(-2)*I^7*gBH0Phi*MBH0^(-2) - 5/72*gBH0uR[f2,f97]*
         yu[f99,f2]*gam[y99,p1,p1,y97]*uspin[p2,y97]*vbspin[p1,y99]*e_[
         l99,l95]*d_(m99,m97)*FourPi^(-2)*I^7*gBH0Phi*MBH0^(-2) + 1/12*
         gBH0uR[f2,f97]*yu[f99,f2]*gam[y99,p1,p2,y97]*uspin[p2,y97]*
         vbspin[p1,y99]*e_[l99,l95]*d_(m99,m97)*FourPi^(-2)*I^7*gBH0Phi
         *MBH0^(-2) + 3/8*gBH0uR[f2,f97]*yu[f99,f2]*gam[y99,p1,p3,y97]*
         uspin[p2,y97]*vbspin[p1,y99]*e_[l99,l95]*d_(m99,m97)*
         FourPi^(-2)*I^7*MBH0^(-2)*gBH0Phibar - 1/6*gBH0uR[f2,f97]*yu[
         f99,f2]*gam[y99,p2,p1,y97]*uspin[p2,y97]*vbspin[p1,y99]*e_[l99
         ,l95]*d_(m99,m97)*FourPi^(-2)*I^7*gBH0Phi*MBH0^(-2) - 1/12*
         gBH0uR[f2,f97]*yu[f99,f2]*gam[y99,p2,p2,y97]*uspin[p2,y97]*
         vbspin[p1,y99]*e_[l99,l95]*d_(m99,m97)*FourPi^(-2)*I^7*gBH0Phi
         *MBH0^(-2) + 1/4*gBH0uR[f2,f97]*yu[f99,f2]*gam[y99,p2,p3,y97]*
         uspin[p2,y97]*vbspin[p1,y99]*e_[l99,l95]*d_(m99,m97)*
         FourPi^(-2)*I^7*MBH0^(-2)*gBH0Phibar - 1/18*gBH0uR[f2,f97]*yu[
         f99,f2]*gam[y99,y97]*uspin[p2,y97]*vbspin[p1,y99]*e_[l99,l95]*
         d_(m99,m97)*p1.p1*FourPi^(-2)*I^7*gBH0Phi*MBH0^(-2) + 1/3*
         gBH0uR[f2,f97]*yu[f99,f2]*gam[y99,y97]*uspin[p2,y97]*vbspin[p1
         ,y99]*e_[l99,l95]*d_(m99,m97)*p1.p2*FourPi^(-2)*I^7*gBH0Phi*
         MBH0^(-2) + 1/3*gBH0uR[f2,f97]*yu[f99,f2]*gam[y99,y97]*uspin[
         p2,y97]*vbspin[p1,y99]*e_[l99,l95]*d_(m99,m97)*p2.p2*
         FourPi^(-2)*I^7*gBH0Phi*MBH0^(-2) )

       + 1/2*Log[MBH0^2]*gBH0qL[f99,f2]*yu[f2,f97]*gam[y99,FIVE,y97]*
      uspin[p2,y97]*vbspin[p1,y99]*e_[l99,l95]*d_(m99,m97)*FourPi^(-2)*
      I^7*gBH0Phi + 1/2*Log[MBH0^2]*gBH0qL[f99,f2]*yu[f2,f97]*gam[y99,
         y97]*uspin[p2,y97]*vbspin[p1,y99]*e_[l99,l95]*d_(m99,m97)*
         FourPi^(-2)*I^7*gBH0Phi + 2*Log[MBH0^2]*gBH0qL[f99,f4]*gBH0uR[
         f6,f97]*yu[f4,f6]*gam[y99,FIVE,y97]*uspin[p2,y97]*vbspin[p1,
         y99]*e_[l99,l95]*d_(m99,m97)*FourPi^(-2)*I^7 + 2*Log[MBH0^2]*
         gBH0qL[f99,f4]*gBH0uR[f6,f97]*yu[f4,f6]*gam[y99,y97]*uspin[p2,
         y97]*vbspin[p1,y99]*e_[l99,l95]*d_(m99,m97)*FourPi^(-2)*I^7 - 
         1/2*Log[MBH0^2]*gBH0uR[f2,f97]*yu[f99,f2]*gam[y99,FIVE,y97]*
         uspin[p2,y97]*vbspin[p1,y99]*e_[l99,l95]*d_(m99,m97)*
         FourPi^(-2)*I^7*gBH0Phi - 1/2*Log[MBH0^2]*gBH0uR[f2,f97]*yu[
         f99,f2]*gam[y99,y97]*uspin[p2,y97]*vbspin[p1,y99]*e_[l99,l95]*
         d_(m99,m97)*FourPi^(-2)*I^7*gBH0Phi - 1/2*gBH0qL[f99,f2]*yu[f2
         ,f97]*gam[y99,FIVE,y97]*uspin[p2,y97]*vbspin[p1,y99]*e_[l99,
         l95]*d_(m99,m97)*FourPi^(-2)*I^7*gBH0Phi - 1/2*gBH0qL[f99,f2]*
         yu[f2,f97]*gam[y99,y97]*uspin[p2,y97]*vbspin[p1,y99]*e_[l99,
         l95]*d_(m99,m97)*FourPi^(-2)*I^7*gBH0Phi - gBH0qL[f99,f4]*
         gBH0uR[f6,f97]*yu[f4,f6]*gam[y99,FIVE,y97]*uspin[p2,y97]*
         vbspin[p1,y99]*e_[l99,l95]*d_(m99,m97)*FourPi^(-2)*I^7 - 
         gBH0qL[f99,f4]*gBH0uR[f6,f97]*yu[f4,f6]*gam[y99,y97]*uspin[p2,
         y97]*vbspin[p1,y99]*e_[l99,l95]*d_(m99,m97)*FourPi^(-2)*I^7 + 
         1/2*gBH0uR[f2,f97]*yu[f99,f2]*gam[y99,FIVE,y97]*uspin[p2,y97]*
         vbspin[p1,y99]*e_[l99,l95]*d_(m99,m97)*FourPi^(-2)*I^7*gBH0Phi
          + 1/2*gBH0uR[f2,f97]*yu[f99,f2]*gam[y99,y97]*uspin[p2,y97]*
         vbspin[p1,y99]*e_[l99,l95]*d_(m99,m97)*FourPi^(-2)*I^7*gBH0Phi
         ;

  0.06 sec out of 0.05 sec
