FORM 4.2.0 (Jul  6 2017, v4.2.0) 64-bits         Run: Fri Mar 16 14:57:17 2018
    * -*-Form-*-
    
    #: Parentheses 2000
    #-

   amplqLbaruRBPhibar =
       + sSS * (  - 1/12*Log[MBH0^2]*gBH0qL[f99,f2]*yu[f2,f97]*gam[y99,
         FIVE,p1,pol3,y97]*uspin[p2,y97]*vbspin[p1,y99]*e_[l99,l93]*
         d_(m99,m97)*FourPi^(-2)*I^9*g1*gBH0Phi*MBH0^(-2) - 1/24*Log[
         MBH0^2]*gBH0qL[f99,f2]*yu[f2,f97]*gam[y99,FIVE,p2,pol3,y97]*
         uspin[p2,y97]*vbspin[p1,y99]*e_[l99,l93]*d_(m99,m97)*
         FourPi^(-2)*I^9*g1*gBH0Phi*MBH0^(-2) + 1/24*Log[MBH0^2]*
         gBH0qL[f99,f2]*yu[f2,f97]*gam[y99,FIVE,pol3,p1,y97]*uspin[p2,
         y97]*vbspin[p1,y99]*e_[l99,l93]*d_(m99,m97)*FourPi^(-2)*I^9*g1
         *gBH0Phi*MBH0^(-2) - 1/8*Log[MBH0^2]*gBH0qL[f99,f2]*yu[f2,f97]
         *gam[y99,FIVE,pol3,p2,y97]*uspin[p2,y97]*vbspin[p1,y99]*e_[l99
         ,l93]*d_(m99,m97)*FourPi^(-2)*I^7*g1*MBH0^(-2)*gBH0Phibar - 1/
         8*Log[MBH0^2]*gBH0qL[f99,f2]*yu[f2,f97]*gam[y99,FIVE,pol3,p2,
         y97]*uspin[p2,y97]*vbspin[p1,y99]*e_[l99,l93]*d_(m99,m97)*
         FourPi^(-2)*I^7*g1*gBH0Phi*MBH0^(-2) - 1/24*Log[MBH0^2]*
         gBH0qL[f99,f2]*yu[f2,f97]*gam[y99,FIVE,pol3,p2,y97]*uspin[p2,
         y97]*vbspin[p1,y99]*e_[l99,l93]*d_(m99,m97)*FourPi^(-2)*I^9*g1
         *gBH0Phi*MBH0^(-2) + 1/24*Log[MBH0^2]*gBH0qL[f99,f2]*yu[f2,f97
         ]*gam[y99,FIVE,pol3,p4,y97]*uspin[p2,y97]*vbspin[p1,y99]*e_[
         l99,l93]*d_(m99,m97)*FourPi^(-2)*I^9*g1*gBH0Phi*MBH0^(-2) - 1/
         8*Log[MBH0^2]*gBH0qL[f99,f2]*yu[f2,f97]*gam[y99,FIVE,p4,pol3,
         y97]*uspin[p2,y97]*vbspin[p1,y99]*e_[l99,l93]*d_(m99,m97)*
         FourPi^(-2)*I^9*g1*MBH0^(-2)*gBH0Phibar - 1/12*Log[MBH0^2]*
         gBH0qL[f99,f2]*yu[f2,f97]*gam[y99,FIVE,p4,pol3,y97]*uspin[p2,
         y97]*vbspin[p1,y99]*e_[l99,l93]*d_(m99,m97)*FourPi^(-2)*I^9*g1
         *gBH0Phi*MBH0^(-2) - 1/12*Log[MBH0^2]*gBH0qL[f99,f2]*yu[f2,f97
         ]*gam[y99,FIVE,y97]*uspin[p2,y97]*vbspin[p1,y99]*e_[l99,l93]*
         d_(m99,m97)*p1.pol3*FourPi^(-2)*I^9*g1*gBH0Phi*MBH0^(-2) + 1/
         12*Log[MBH0^2]*gBH0qL[f99,f2]*yu[f2,f97]*gam[y99,FIVE,y97]*
         uspin[p2,y97]*vbspin[p1,y99]*e_[l99,l93]*d_(m99,m97)*p2.pol3*
         FourPi^(-2)*I^9*g1*gBH0Phi*MBH0^(-2) - 1/12*Log[MBH0^2]*
         gBH0qL[f99,f2]*yu[f2,f97]*gam[y99,FIVE,y97]*uspin[p2,y97]*
         vbspin[p1,y99]*e_[l99,l93]*d_(m99,m97)*pol3.p4*FourPi^(-2)*I^9
         *g1*gBH0Phi*MBH0^(-2) - 1/12*Log[MBH0^2]*gBH0qL[f99,f2]*yu[f2,
         f97]*gam[y99,p1,pol3,y97]*uspin[p2,y97]*vbspin[p1,y99]*e_[l99,
         l93]*d_(m99,m97)*FourPi^(-2)*I^9*g1*gBH0Phi*MBH0^(-2) - 1/24*
         Log[MBH0^2]*gBH0qL[f99,f2]*yu[f2,f97]*gam[y99,p2,pol3,y97]*
         uspin[p2,y97]*vbspin[p1,y99]*e_[l99,l93]*d_(m99,m97)*
         FourPi^(-2)*I^9*g1*gBH0Phi*MBH0^(-2) + 1/24*Log[MBH0^2]*
         gBH0qL[f99,f2]*yu[f2,f97]*gam[y99,pol3,p1,y97]*uspin[p2,y97]*
         vbspin[p1,y99]*e_[l99,l93]*d_(m99,m97)*FourPi^(-2)*I^9*g1*
         gBH0Phi*MBH0^(-2) - 1/8*Log[MBH0^2]*gBH0qL[f99,f2]*yu[f2,f97]*
         gam[y99,pol3,p2,y97]*uspin[p2,y97]*vbspin[p1,y99]*e_[l99,l93]*
         d_(m99,m97)*FourPi^(-2)*I^7*g1*MBH0^(-2)*gBH0Phibar - 1/8*Log[
         MBH0^2]*gBH0qL[f99,f2]*yu[f2,f97]*gam[y99,pol3,p2,y97]*uspin[
         p2,y97]*vbspin[p1,y99]*e_[l99,l93]*d_(m99,m97)*FourPi^(-2)*I^7
         *g1*gBH0Phi*MBH0^(-2) - 1/24*Log[MBH0^2]*gBH0qL[f99,f2]*yu[f2,
         f97]*gam[y99,pol3,p2,y97]*uspin[p2,y97]*vbspin[p1,y99]*e_[l99,
         l93]*d_(m99,m97)*FourPi^(-2)*I^9*g1*gBH0Phi*MBH0^(-2) + 1/24*
         Log[MBH0^2]*gBH0qL[f99,f2]*yu[f2,f97]*gam[y99,pol3,p4,y97]*
         uspin[p2,y97]*vbspin[p1,y99]*e_[l99,l93]*d_(m99,m97)*
         FourPi^(-2)*I^9*g1*gBH0Phi*MBH0^(-2) - 1/8*Log[MBH0^2]*gBH0qL[
         f99,f2]*yu[f2,f97]*gam[y99,p4,pol3,y97]*uspin[p2,y97]*vbspin[
         p1,y99]*e_[l99,l93]*d_(m99,m97)*FourPi^(-2)*I^9*g1*MBH0^(-2)*
         gBH0Phibar - 1/12*Log[MBH0^2]*gBH0qL[f99,f2]*yu[f2,f97]*gam[
         y99,p4,pol3,y97]*uspin[p2,y97]*vbspin[p1,y99]*e_[l99,l93]*
         d_(m99,m97)*FourPi^(-2)*I^9*g1*gBH0Phi*MBH0^(-2) - 1/12*Log[
         MBH0^2]*gBH0qL[f99,f2]*yu[f2,f97]*gam[y99,y97]*uspin[p2,y97]*
         vbspin[p1,y99]*e_[l99,l93]*d_(m99,m97)*p1.pol3*FourPi^(-2)*I^9
         *g1*gBH0Phi*MBH0^(-2) + 1/12*Log[MBH0^2]*gBH0qL[f99,f2]*yu[f2,
         f97]*gam[y99,y97]*uspin[p2,y97]*vbspin[p1,y99]*e_[l99,l93]*
         d_(m99,m97)*p2.pol3*FourPi^(-2)*I^9*g1*gBH0Phi*MBH0^(-2) - 1/
         12*Log[MBH0^2]*gBH0qL[f99,f2]*yu[f2,f97]*gam[y99,y97]*uspin[p2
         ,y97]*vbspin[p1,y99]*e_[l99,l93]*d_(m99,m97)*pol3.p4*
         FourPi^(-2)*I^9*g1*gBH0Phi*MBH0^(-2) - 1/24*Log[MBH0^2]*
         gBH0qL[f99,f6]*yu[f6,f97]*gam[y99,FIVE,p1,pol3,y97]*uspin[p2,
         y97]*vbspin[p1,y99]*e_[l99,l93]*d_(m99,m97)*FourPi^(-2)*I^9*g1
         *gBH0Phi*MBH0^(-2) - 1/24*Log[MBH0^2]*gBH0qL[f99,f6]*yu[f6,f97
         ]*gam[y99,FIVE,pol3,p1,y97]*uspin[p2,y97]*vbspin[p1,y99]*e_[
         l99,l93]*d_(m99,m97)*FourPi^(-2)*I^9*g1*gBH0Phi*MBH0^(-2) - 1/
         24*Log[MBH0^2]*gBH0qL[f99,f6]*yu[f6,f97]*gam[y99,FIVE,pol3,p3,
         y97]*uspin[p2,y97]*vbspin[p1,y99]*e_[l99,l93]*d_(m99,m97)*
         FourPi^(-2)*I^9*g1*gBH0Phi*MBH0^(-2) - 1/24*Log[MBH0^2]*
         gBH0qL[f99,f6]*yu[f6,f97]*gam[y99,FIVE,pol3,p4,y97]*uspin[p2,
         y97]*vbspin[p1,y99]*e_[l99,l93]*d_(m99,m97)*FourPi^(-2)*I^9*g1
         *gBH0Phi*MBH0^(-2) - 1/24*Log[MBH0^2]*gBH0qL[f99,f6]*yu[f6,f97
         ]*gam[y99,FIVE,p4,pol3,y97]*uspin[p2,y97]*vbspin[p1,y99]*e_[
         l99,l93]*d_(m99,m97)*FourPi^(-2)*I^9*g1*MBH0^(-2)*gBH0Phibar
          - 1/24*Log[MBH0^2]*gBH0qL[f99,f6]*yu[f6,f97]*gam[y99,FIVE,p4,
         pol3,y97]*uspin[p2,y97]*vbspin[p1,y99]*e_[l99,l93]*d_(m99,m97)
         *FourPi^(-2)*I^9*g1*gBH0Phi*MBH0^(-2) - 1/24*Log[MBH0^2]*
         gBH0qL[f99,f6]*yu[f6,f97]*gam[y99,p1,pol3,y97]*uspin[p2,y97]*
         vbspin[p1,y99]*e_[l99,l93]*d_(m99,m97)*FourPi^(-2)*I^9*g1*
         gBH0Phi*MBH0^(-2) - 1/24*Log[MBH0^2]*gBH0qL[f99,f6]*yu[f6,f97]
         *gam[y99,pol3,p1,y97]*uspin[p2,y97]*vbspin[p1,y99]*e_[l99,l93]
         *d_(m99,m97)*FourPi^(-2)*I^9*g1*gBH0Phi*MBH0^(-2) - 1/24*Log[
         MBH0^2]*gBH0qL[f99,f6]*yu[f6,f97]*gam[y99,pol3,p3,y97]*uspin[
         p2,y97]*vbspin[p1,y99]*e_[l99,l93]*d_(m99,m97)*FourPi^(-2)*I^9
         *g1*gBH0Phi*MBH0^(-2) - 1/24*Log[MBH0^2]*gBH0qL[f99,f6]*yu[f6,
         f97]*gam[y99,pol3,p4,y97]*uspin[p2,y97]*vbspin[p1,y99]*e_[l99,
         l93]*d_(m99,m97)*FourPi^(-2)*I^9*g1*gBH0Phi*MBH0^(-2) - 1/24*
         Log[MBH0^2]*gBH0qL[f99,f6]*yu[f6,f97]*gam[y99,p4,pol3,y97]*
         uspin[p2,y97]*vbspin[p1,y99]*e_[l99,l93]*d_(m99,m97)*
         FourPi^(-2)*I^9*g1*MBH0^(-2)*gBH0Phibar - 1/24*Log[MBH0^2]*
         gBH0qL[f99,f6]*yu[f6,f97]*gam[y99,p4,pol3,y97]*uspin[p2,y97]*
         vbspin[p1,y99]*e_[l99,l93]*d_(m99,m97)*FourPi^(-2)*I^9*g1*
         gBH0Phi*MBH0^(-2) - 1/6*Log[MBH0^2]*gBH0qL[f99,f8]*gBH0uR[f6,
         f97]*yu[f8,f6]*gam[y99,FIVE,p1,pol3,y97]*uspin[p2,y97]*vbspin[
         p1,y99]*e_[l99,l93]*d_(m99,m97)*FourPi^(-2)*I^9*g1*MBH0^(-2)
          - 1/6*Log[MBH0^2]*gBH0qL[f99,f8]*gBH0uR[f6,f97]*yu[f8,f6]*
         gam[y99,FIVE,p2,pol3,y97]*uspin[p2,y97]*vbspin[p1,y99]*e_[l99,
         l93]*d_(m99,m97)*FourPi^(-2)*I^9*g1*MBH0^(-2) - 1/6*Log[MBH0^2
         ]*gBH0qL[f99,f8]*gBH0uR[f6,f97]*yu[f8,f6]*gam[y99,FIVE,pol3,p1
         ,y97]*uspin[p2,y97]*vbspin[p1,y99]*e_[l99,l93]*d_(m99,m97)*
         FourPi^(-2)*I^9*g1*MBH0^(-2) - 1/6*Log[MBH0^2]*gBH0qL[f99,f8]*
         gBH0uR[f6,f97]*yu[f8,f6]*gam[y99,FIVE,pol3,p2,y97]*uspin[p2,
         y97]*vbspin[p1,y99]*e_[l99,l93]*d_(m99,m97)*FourPi^(-2)*I^9*g1
         *MBH0^(-2) - 1/12*Log[MBH0^2]*gBH0qL[f99,f8]*gBH0uR[f6,f97]*
         yu[f8,f6]*gam[y99,FIVE,pol3,p3,y97]*uspin[p2,y97]*vbspin[p1,
         y99]*e_[l99,l93]*d_(m99,m97)*FourPi^(-2)*I^9*g1*MBH0^(-2) - 1/
         12*Log[MBH0^2]*gBH0qL[f99,f8]*gBH0uR[f6,f97]*yu[f8,f6]*gam[y99
         ,FIVE,p3,pol3,y97]*uspin[p2,y97]*vbspin[p1,y99]*e_[l99,l93]*
         d_(m99,m97)*FourPi^(-2)*I^9*g1*MBH0^(-2) - 1/6*Log[MBH0^2]*
         gBH0qL[f99,f8]*gBH0uR[f6,f97]*yu[f8,f6]*gam[y99,p1,pol3,y97]*
         uspin[p2,y97]*vbspin[p1,y99]*e_[l99,l93]*d_(m99,m97)*
         FourPi^(-2)*I^9*g1*MBH0^(-2) - 1/6*Log[MBH0^2]*gBH0qL[f99,f8]*
         gBH0uR[f6,f97]*yu[f8,f6]*gam[y99,p2,pol3,y97]*uspin[p2,y97]*
         vbspin[p1,y99]*e_[l99,l93]*d_(m99,m97)*FourPi^(-2)*I^9*g1*
         MBH0^(-2) - 1/6*Log[MBH0^2]*gBH0qL[f99,f8]*gBH0uR[f6,f97]*yu[
         f8,f6]*gam[y99,pol3,p1,y97]*uspin[p2,y97]*vbspin[p1,y99]*e_[
         l99,l93]*d_(m99,m97)*FourPi^(-2)*I^9*g1*MBH0^(-2) - 1/6*Log[
         MBH0^2]*gBH0qL[f99,f8]*gBH0uR[f6,f97]*yu[f8,f6]*gam[y99,pol3,
         p2,y97]*uspin[p2,y97]*vbspin[p1,y99]*e_[l99,l93]*d_(m99,m97)*
         FourPi^(-2)*I^9*g1*MBH0^(-2) - 1/12*Log[MBH0^2]*gBH0qL[f99,f8]
         *gBH0uR[f6,f97]*yu[f8,f6]*gam[y99,pol3,p3,y97]*uspin[p2,y97]*
         vbspin[p1,y99]*e_[l99,l93]*d_(m99,m97)*FourPi^(-2)*I^9*g1*
         MBH0^(-2) - 1/12*Log[MBH0^2]*gBH0qL[f99,f8]*gBH0uR[f6,f97]*yu[
         f8,f6]*gam[y99,p3,pol3,y97]*uspin[p2,y97]*vbspin[p1,y99]*e_[
         l99,l93]*d_(m99,m97)*FourPi^(-2)*I^9*g1*MBH0^(-2) + 1/3*Log[
         MBH0^2]*gBH0qL[f99,f4]*gBH0uR[f6,f97]*yu[f4,f6]*gam[y99,FIVE,
         p1,pol3,y97]*uspin[p2,y97]*vbspin[p1,y99]*e_[l99,l93]*
         d_(m99,m97)*FourPi^(-2)*I^9*g1*MBH0^(-2) + 1/3*Log[MBH0^2]*
         gBH0qL[f99,f4]*gBH0uR[f6,f97]*yu[f4,f6]*gam[y99,FIVE,p2,pol3,
         y97]*uspin[p2,y97]*vbspin[p1,y99]*e_[l99,l93]*d_(m99,m97)*
         FourPi^(-2)*I^9*g1*MBH0^(-2) + 1/3*Log[MBH0^2]*gBH0qL[f99,f4]*
         gBH0uR[f6,f97]*yu[f4,f6]*gam[y99,FIVE,pol3,p1,y97]*uspin[p2,
         y97]*vbspin[p1,y99]*e_[l99,l93]*d_(m99,m97)*FourPi^(-2)*I^9*g1
         *MBH0^(-2) + 1/3*Log[MBH0^2]*gBH0qL[f99,f4]*gBH0uR[f6,f97]*yu[
         f4,f6]*gam[y99,FIVE,pol3,p2,y97]*uspin[p2,y97]*vbspin[p1,y99]*
         e_[l99,l93]*d_(m99,m97)*FourPi^(-2)*I^9*g1*MBH0^(-2) - 1/3*
         Log[MBH0^2]*gBH0qL[f99,f4]*gBH0uR[f6,f97]*yu[f4,f6]*gam[y99,
         FIVE,pol3,p4,y97]*uspin[p2,y97]*vbspin[p1,y99]*e_[l99,l93]*
         d_(m99,m97)*FourPi^(-2)*I^9*g1*MBH0^(-2) - 1/3*Log[MBH0^2]*
         gBH0qL[f99,f4]*gBH0uR[f6,f97]*yu[f4,f6]*gam[y99,FIVE,p4,pol3,
         y97]*uspin[p2,y97]*vbspin[p1,y99]*e_[l99,l93]*d_(m99,m97)*
         FourPi^(-2)*I^9*g1*MBH0^(-2) + 1/3*Log[MBH0^2]*gBH0qL[f99,f4]*
         gBH0uR[f6,f97]*yu[f4,f6]*gam[y99,p1,pol3,y97]*uspin[p2,y97]*
         vbspin[p1,y99]*e_[l99,l93]*d_(m99,m97)*FourPi^(-2)*I^9*g1*
         MBH0^(-2) + 1/3*Log[MBH0^2]*gBH0qL[f99,f4]*gBH0uR[f6,f97]*yu[
         f4,f6]*gam[y99,p2,pol3,y97]*uspin[p2,y97]*vbspin[p1,y99]*e_[
         l99,l93]*d_(m99,m97)*FourPi^(-2)*I^9*g1*MBH0^(-2) + 1/3*Log[
         MBH0^2]*gBH0qL[f99,f4]*gBH0uR[f6,f97]*yu[f4,f6]*gam[y99,pol3,
         p1,y97]*uspin[p2,y97]*vbspin[p1,y99]*e_[l99,l93]*d_(m99,m97)*
         FourPi^(-2)*I^9*g1*MBH0^(-2) + 1/3*Log[MBH0^2]*gBH0qL[f99,f4]*
         gBH0uR[f6,f97]*yu[f4,f6]*gam[y99,pol3,p2,y97]*uspin[p2,y97]*
         vbspin[p1,y99]*e_[l99,l93]*d_(m99,m97)*FourPi^(-2)*I^9*g1*
         MBH0^(-2) - 1/3*Log[MBH0^2]*gBH0qL[f99,f4]*gBH0uR[f6,f97]*yu[
         f4,f6]*gam[y99,pol3,p4,y97]*uspin[p2,y97]*vbspin[p1,y99]*e_[
         l99,l93]*d_(m99,m97)*FourPi^(-2)*I^9*g1*MBH0^(-2) - 1/3*Log[
         MBH0^2]*gBH0qL[f99,f4]*gBH0uR[f6,f97]*yu[f4,f6]*gam[y99,p4,
         pol3,y97]*uspin[p2,y97]*vbspin[p1,y99]*e_[l99,l93]*d_(m99,m97)
         *FourPi^(-2)*I^9*g1*MBH0^(-2) + 1/8*Log[MBH0^2]*gBH0uR[f2,f97]
         *yu[f99,f2]*gam[y99,FIVE,p1,pol3,y97]*uspin[p2,y97]*vbspin[p1,
         y99]*e_[l99,l93]*d_(m99,m97)*FourPi^(-2)*I^7*g1*MBH0^(-2)*
         gBH0Phibar + 1/8*Log[MBH0^2]*gBH0uR[f2,f97]*yu[f99,f2]*gam[y99
         ,FIVE,p1,pol3,y97]*uspin[p2,y97]*vbspin[p1,y99]*e_[l99,l93]*
         d_(m99,m97)*FourPi^(-2)*I^7*g1*gBH0Phi*MBH0^(-2) + 1/12*Log[
         MBH0^2]*gBH0uR[f2,f97]*yu[f99,f2]*gam[y99,FIVE,p1,pol3,y97]*
         uspin[p2,y97]*vbspin[p1,y99]*e_[l99,l93]*d_(m99,m97)*
         FourPi^(-2)*I^9*g1*gBH0Phi*MBH0^(-2) - 1/24*Log[MBH0^2]*
         gBH0uR[f2,f97]*yu[f99,f2]*gam[y99,FIVE,pol3,p1,y97]*uspin[p2,
         y97]*vbspin[p1,y99]*e_[l99,l93]*d_(m99,m97)*FourPi^(-2)*I^9*g1
         *gBH0Phi*MBH0^(-2) - 1/12*Log[MBH0^2]*gBH0uR[f2,f97]*yu[f99,f2
         ]*gam[y99,FIVE,pol3,p3,y97]*uspin[p2,y97]*vbspin[p1,y99]*e_[
         l99,l93]*d_(m99,m97)*FourPi^(-2)*I^9*g1*gBH0Phi*MBH0^(-2) + 1/
         8*Log[MBH0^2]*gBH0uR[f2,f97]*yu[f99,f2]*gam[y99,FIVE,pol3,p4,
         y97]*uspin[p2,y97]*vbspin[p1,y99]*e_[l99,l93]*d_(m99,m97)*
         FourPi^(-2)*I^9*g1*MBH0^(-2)*gBH0Phibar + 1/24*Log[MBH0^2]*
         gBH0uR[f2,f97]*yu[f99,f2]*gam[y99,FIVE,p3,pol3,y97]*uspin[p2,
         y97]*vbspin[p1,y99]*e_[l99,l93]*d_(m99,m97)*FourPi^(-2)*I^9*g1
         *gBH0Phi*MBH0^(-2) - 1/6*Log[MBH0^2]*gBH0uR[f2,f97]*yu[f99,f2]
         *gam[y99,FIVE,y97]*uspin[p2,y97]*vbspin[p1,y99]*e_[l99,l93]*
         d_(m99,m97)*p1.pol3*FourPi^(-2)*I^9*g1*gBH0Phi*MBH0^(-2) - 1/
         12*Log[MBH0^2]*gBH0uR[f2,f97]*yu[f99,f2]*gam[y99,FIVE,y97]*
         uspin[p2,y97]*vbspin[p1,y99]*e_[l99,l93]*d_(m99,m97)*pol3.p3*
         FourPi^(-2)*I^9*g1*gBH0Phi*MBH0^(-2) + 1/8*Log[MBH0^2]*gBH0uR[
         f2,f97]*yu[f99,f2]*gam[y99,p1,pol3,y97]*uspin[p2,y97]*vbspin[
         p1,y99]*e_[l99,l93]*d_(m99,m97)*FourPi^(-2)*I^7*g1*MBH0^(-2)*
         gBH0Phibar + 1/8*Log[MBH0^2]*gBH0uR[f2,f97]*yu[f99,f2]*gam[y99
         ,p1,pol3,y97]*uspin[p2,y97]*vbspin[p1,y99]*e_[l99,l93]*
         d_(m99,m97)*FourPi^(-2)*I^7*g1*gBH0Phi*MBH0^(-2) + 1/12*Log[
         MBH0^2]*gBH0uR[f2,f97]*yu[f99,f2]*gam[y99,p1,pol3,y97]*uspin[
         p2,y97]*vbspin[p1,y99]*e_[l99,l93]*d_(m99,m97)*FourPi^(-2)*I^9
         *g1*gBH0Phi*MBH0^(-2) - 1/24*Log[MBH0^2]*gBH0uR[f2,f97]*yu[f99
         ,f2]*gam[y99,pol3,p1,y97]*uspin[p2,y97]*vbspin[p1,y99]*e_[l99,
         l93]*d_(m99,m97)*FourPi^(-2)*I^9*g1*gBH0Phi*MBH0^(-2) - 1/12*
         Log[MBH0^2]*gBH0uR[f2,f97]*yu[f99,f2]*gam[y99,pol3,p3,y97]*
         uspin[p2,y97]*vbspin[p1,y99]*e_[l99,l93]*d_(m99,m97)*
         FourPi^(-2)*I^9*g1*gBH0Phi*MBH0^(-2) + 1/8*Log[MBH0^2]*gBH0uR[
         f2,f97]*yu[f99,f2]*gam[y99,pol3,p4,y97]*uspin[p2,y97]*vbspin[
         p1,y99]*e_[l99,l93]*d_(m99,m97)*FourPi^(-2)*I^9*g1*MBH0^(-2)*
         gBH0Phibar + 1/24*Log[MBH0^2]*gBH0uR[f2,f97]*yu[f99,f2]*gam[
         y99,p3,pol3,y97]*uspin[p2,y97]*vbspin[p1,y99]*e_[l99,l93]*
         d_(m99,m97)*FourPi^(-2)*I^9*g1*gBH0Phi*MBH0^(-2) - 1/6*Log[
         MBH0^2]*gBH0uR[f2,f97]*yu[f99,f2]*gam[y99,y97]*uspin[p2,y97]*
         vbspin[p1,y99]*e_[l99,l93]*d_(m99,m97)*p1.pol3*FourPi^(-2)*I^9
         *g1*gBH0Phi*MBH0^(-2) - 1/12*Log[MBH0^2]*gBH0uR[f2,f97]*yu[f99
         ,f2]*gam[y99,y97]*uspin[p2,y97]*vbspin[p1,y99]*e_[l99,l93]*
         d_(m99,m97)*pol3.p3*FourPi^(-2)*I^9*g1*gBH0Phi*MBH0^(-2) + 1/6
         *Log[MBH0^2]*gBH0uR[f6,f97]*yu[f99,f6]*gam[y99,FIVE,p1,pol3,
         y97]*uspin[p2,y97]*vbspin[p1,y99]*e_[l99,l93]*d_(m99,m97)*
         FourPi^(-2)*I^9*g1*gBH0Phi*MBH0^(-2) + 1/6*Log[MBH0^2]*gBH0uR[
         f6,f97]*yu[f99,f6]*gam[y99,FIVE,pol3,p1,y97]*uspin[p2,y97]*
         vbspin[p1,y99]*e_[l99,l93]*d_(m99,m97)*FourPi^(-2)*I^9*g1*
         gBH0Phi*MBH0^(-2) + 1/6*Log[MBH0^2]*gBH0uR[f6,f97]*yu[f99,f6]*
         gam[y99,FIVE,pol3,p3,y97]*uspin[p2,y97]*vbspin[p1,y99]*e_[l99,
         l93]*d_(m99,m97)*FourPi^(-2)*I^9*g1*gBH0Phi*MBH0^(-2) - 1/6*
         Log[MBH0^2]*gBH0uR[f6,f97]*yu[f99,f6]*gam[y99,FIVE,pol3,p4,y97
         ]*uspin[p2,y97]*vbspin[p1,y99]*e_[l99,l93]*d_(m99,m97)*
         FourPi^(-2)*I^9*g1*MBH0^(-2)*gBH0Phibar + 1/6*Log[MBH0^2]*
         gBH0uR[f6,f97]*yu[f99,f6]*gam[y99,p1,pol3,y97]*uspin[p2,y97]*
         vbspin[p1,y99]*e_[l99,l93]*d_(m99,m97)*FourPi^(-2)*I^9*g1*
         gBH0Phi*MBH0^(-2) + 1/6*Log[MBH0^2]*gBH0uR[f6,f97]*yu[f99,f6]*
         gam[y99,pol3,p1,y97]*uspin[p2,y97]*vbspin[p1,y99]*e_[l99,l93]*
         d_(m99,m97)*FourPi^(-2)*I^9*g1*gBH0Phi*MBH0^(-2) + 1/6*Log[
         MBH0^2]*gBH0uR[f6,f97]*yu[f99,f6]*gam[y99,pol3,p3,y97]*uspin[
         p2,y97]*vbspin[p1,y99]*e_[l99,l93]*d_(m99,m97)*FourPi^(-2)*I^9
         *g1*gBH0Phi*MBH0^(-2) - 1/6*Log[MBH0^2]*gBH0uR[f6,f97]*yu[f99,
         f6]*gam[y99,pol3,p4,y97]*uspin[p2,y97]*vbspin[p1,y99]*e_[l99,
         l93]*d_(m99,m97)*FourPi^(-2)*I^9*g1*MBH0^(-2)*gBH0Phibar + 11/
         72*gBH0qL[f99,f2]*yu[f2,f97]*gam[y99,FIVE,p1,pol3,y97]*uspin[
         p2,y97]*vbspin[p1,y99]*e_[l99,l93]*d_(m99,m97)*FourPi^(-2)*I^9
         *g1*gBH0Phi*MBH0^(-2) + 11/144*gBH0qL[f99,f2]*yu[f2,f97]*gam[
         y99,FIVE,p2,pol3,y97]*uspin[p2,y97]*vbspin[p1,y99]*e_[l99,l93]
         *d_(m99,m97)*FourPi^(-2)*I^9*g1*gBH0Phi*MBH0^(-2) + 1/8*
         gBH0qL[f99,f2]*yu[f2,f97]*gam[y99,FIVE,pol3,p1,y97]*uspin[p2,
         y97]*vbspin[p1,y99]*e_[l99,l93]*d_(m99,m97)*FourPi^(-2)*I^7*g1
         *MBH0^(-2)*gBH0Phibar + 1/8*gBH0qL[f99,f2]*yu[f2,f97]*gam[y99,
         FIVE,pol3,p1,y97]*uspin[p2,y97]*vbspin[p1,y99]*e_[l99,l93]*
         d_(m99,m97)*FourPi^(-2)*I^7*g1*gBH0Phi*MBH0^(-2) - 5/144*
         gBH0qL[f99,f2]*yu[f2,f97]*gam[y99,FIVE,pol3,p1,y97]*uspin[p2,
         y97]*vbspin[p1,y99]*e_[l99,l93]*d_(m99,m97)*FourPi^(-2)*I^9*g1
         *gBH0Phi*MBH0^(-2) + 3/16*gBH0qL[f99,f2]*yu[f2,f97]*gam[y99,
         FIVE,pol3,p2,y97]*uspin[p2,y97]*vbspin[p1,y99]*e_[l99,l93]*
         d_(m99,m97)*FourPi^(-2)*I^7*g1*MBH0^(-2)*gBH0Phibar + 3/16*
         gBH0qL[f99,f2]*yu[f2,f97]*gam[y99,FIVE,pol3,p2,y97]*uspin[p2,
         y97]*vbspin[p1,y99]*e_[l99,l93]*d_(m99,m97)*FourPi^(-2)*I^7*g1
         *gBH0Phi*MBH0^(-2) + 11/144*gBH0qL[f99,f2]*yu[f2,f97]*gam[y99,
         FIVE,pol3,p2,y97]*uspin[p2,y97]*vbspin[p1,y99]*e_[l99,l93]*
         d_(m99,m97)*FourPi^(-2)*I^9*g1*gBH0Phi*MBH0^(-2) - 11/144*
         gBH0qL[f99,f2]*yu[f2,f97]*gam[y99,FIVE,pol3,p4,y97]*uspin[p2,
         y97]*vbspin[p1,y99]*e_[l99,l93]*d_(m99,m97)*FourPi^(-2)*I^9*g1
         *gBH0Phi*MBH0^(-2) + 3/16*gBH0qL[f99,f2]*yu[f2,f97]*gam[y99,
         FIVE,p4,pol3,y97]*uspin[p2,y97]*vbspin[p1,y99]*e_[l99,l93]*
         d_(m99,m97)*FourPi^(-2)*I^9*g1*MBH0^(-2)*gBH0Phibar + 1/9*
         gBH0qL[f99,f2]*yu[f2,f97]*gam[y99,FIVE,p4,pol3,y97]*uspin[p2,
         y97]*vbspin[p1,y99]*e_[l99,l93]*d_(m99,m97)*FourPi^(-2)*I^9*g1
         *gBH0Phi*MBH0^(-2) + 7/36*gBH0qL[f99,f2]*yu[f2,f97]*gam[y99,
         FIVE,y97]*uspin[p2,y97]*vbspin[p1,y99]*e_[l99,l93]*d_(m99,m97)
         *p1.pol3*FourPi^(-2)*I^9*g1*gBH0Phi*MBH0^(-2) - 1/36*gBH0qL[
         f99,f2]*yu[f2,f97]*gam[y99,FIVE,y97]*uspin[p2,y97]*vbspin[p1,
         y99]*e_[l99,l93]*d_(m99,m97)*p2.pol3*FourPi^(-2)*I^9*g1*
         gBH0Phi*MBH0^(-2) + 1/36*gBH0qL[f99,f2]*yu[f2,f97]*gam[y99,
         FIVE,y97]*uspin[p2,y97]*vbspin[p1,y99]*e_[l99,l93]*d_(m99,m97)
         *pol3.p4*FourPi^(-2)*I^9*g1*gBH0Phi*MBH0^(-2) + 11/72*gBH0qL[
         f99,f2]*yu[f2,f97]*gam[y99,p1,pol3,y97]*uspin[p2,y97]*vbspin[
         p1,y99]*e_[l99,l93]*d_(m99,m97)*FourPi^(-2)*I^9*g1*gBH0Phi*
         MBH0^(-2) + 11/144*gBH0qL[f99,f2]*yu[f2,f97]*gam[y99,p2,pol3,
         y97]*uspin[p2,y97]*vbspin[p1,y99]*e_[l99,l93]*d_(m99,m97)*
         FourPi^(-2)*I^9*g1*gBH0Phi*MBH0^(-2) + 1/8*gBH0qL[f99,f2]*yu[
         f2,f97]*gam[y99,pol3,p1,y97]*uspin[p2,y97]*vbspin[p1,y99]*e_[
         l99,l93]*d_(m99,m97)*FourPi^(-2)*I^7*g1*MBH0^(-2)*gBH0Phibar
          + 1/8*gBH0qL[f99,f2]*yu[f2,f97]*gam[y99,pol3,p1,y97]*uspin[p2
         ,y97]*vbspin[p1,y99]*e_[l99,l93]*d_(m99,m97)*FourPi^(-2)*I^7*
         g1*gBH0Phi*MBH0^(-2) - 5/144*gBH0qL[f99,f2]*yu[f2,f97]*gam[y99
         ,pol3,p1,y97]*uspin[p2,y97]*vbspin[p1,y99]*e_[l99,l93]*
         d_(m99,m97)*FourPi^(-2)*I^9*g1*gBH0Phi*MBH0^(-2) + 3/16*
         gBH0qL[f99,f2]*yu[f2,f97]*gam[y99,pol3,p2,y97]*uspin[p2,y97]*
         vbspin[p1,y99]*e_[l99,l93]*d_(m99,m97)*FourPi^(-2)*I^7*g1*
         MBH0^(-2)*gBH0Phibar + 3/16*gBH0qL[f99,f2]*yu[f2,f97]*gam[y99,
         pol3,p2,y97]*uspin[p2,y97]*vbspin[p1,y99]*e_[l99,l93]*
         d_(m99,m97)*FourPi^(-2)*I^7*g1*gBH0Phi*MBH0^(-2) + 11/144*
         gBH0qL[f99,f2]*yu[f2,f97]*gam[y99,pol3,p2,y97]*uspin[p2,y97]*
         vbspin[p1,y99]*e_[l99,l93]*d_(m99,m97)*FourPi^(-2)*I^9*g1*
         gBH0Phi*MBH0^(-2) - 11/144*gBH0qL[f99,f2]*yu[f2,f97]*gam[y99,
         pol3,p4,y97]*uspin[p2,y97]*vbspin[p1,y99]*e_[l99,l93]*
         d_(m99,m97)*FourPi^(-2)*I^9*g1*gBH0Phi*MBH0^(-2) + 3/16*
         gBH0qL[f99,f2]*yu[f2,f97]*gam[y99,p4,pol3,y97]*uspin[p2,y97]*
         vbspin[p1,y99]*e_[l99,l93]*d_(m99,m97)*FourPi^(-2)*I^9*g1*
         MBH0^(-2)*gBH0Phibar + 1/9*gBH0qL[f99,f2]*yu[f2,f97]*gam[y99,
         p4,pol3,y97]*uspin[p2,y97]*vbspin[p1,y99]*e_[l99,l93]*
         d_(m99,m97)*FourPi^(-2)*I^9*g1*gBH0Phi*MBH0^(-2) + 7/36*
         gBH0qL[f99,f2]*yu[f2,f97]*gam[y99,y97]*uspin[p2,y97]*vbspin[p1
         ,y99]*e_[l99,l93]*d_(m99,m97)*p1.pol3*FourPi^(-2)*I^9*g1*
         gBH0Phi*MBH0^(-2) - 1/36*gBH0qL[f99,f2]*yu[f2,f97]*gam[y99,y97
         ]*uspin[p2,y97]*vbspin[p1,y99]*e_[l99,l93]*d_(m99,m97)*p2.pol3
         *FourPi^(-2)*I^9*g1*gBH0Phi*MBH0^(-2) + 1/36*gBH0qL[f99,f2]*
         yu[f2,f97]*gam[y99,y97]*uspin[p2,y97]*vbspin[p1,y99]*e_[l99,
         l93]*d_(m99,m97)*pol3.p4*FourPi^(-2)*I^9*g1*gBH0Phi*MBH0^(-2)
          + 1/48*gBH0qL[f99,f6]*yu[f6,f97]*gam[y99,FIVE,p1,pol3,y97]*
         uspin[p2,y97]*vbspin[p1,y99]*e_[l99,l93]*d_(m99,m97)*
         FourPi^(-2)*I^9*g1*gBH0Phi*MBH0^(-2) + 1/48*gBH0qL[f99,f6]*yu[
         f6,f97]*gam[y99,FIVE,pol3,p1,y97]*uspin[p2,y97]*vbspin[p1,y99]
         *e_[l99,l93]*d_(m99,m97)*FourPi^(-2)*I^9*g1*gBH0Phi*MBH0^(-2)
          + 1/48*gBH0qL[f99,f6]*yu[f6,f97]*gam[y99,FIVE,pol3,p3,y97]*
         uspin[p2,y97]*vbspin[p1,y99]*e_[l99,l93]*d_(m99,m97)*
         FourPi^(-2)*I^9*g1*gBH0Phi*MBH0^(-2) + 1/16*gBH0qL[f99,f6]*yu[
         f6,f97]*gam[y99,FIVE,pol3,p4,y97]*uspin[p2,y97]*vbspin[p1,y99]
         *e_[l99,l93]*d_(m99,m97)*FourPi^(-2)*I^9*g1*gBH0Phi*MBH0^(-2)
          + 1/48*gBH0qL[f99,f6]*yu[f6,f97]*gam[y99,FIVE,p4,pol3,y97]*
         uspin[p2,y97]*vbspin[p1,y99]*e_[l99,l93]*d_(m99,m97)*
         FourPi^(-2)*I^9*g1*MBH0^(-2)*gBH0Phibar + 1/48*gBH0qL[f99,f6]*
         yu[f6,f97]*gam[y99,FIVE,p4,pol3,y97]*uspin[p2,y97]*vbspin[p1,
         y99]*e_[l99,l93]*d_(m99,m97)*FourPi^(-2)*I^9*g1*gBH0Phi*
         MBH0^(-2) + 1/48*gBH0qL[f99,f6]*yu[f6,f97]*gam[y99,p1,pol3,y97
         ]*uspin[p2,y97]*vbspin[p1,y99]*e_[l99,l93]*d_(m99,m97)*
         FourPi^(-2)*I^9*g1*gBH0Phi*MBH0^(-2) + 1/48*gBH0qL[f99,f6]*yu[
         f6,f97]*gam[y99,pol3,p1,y97]*uspin[p2,y97]*vbspin[p1,y99]*e_[
         l99,l93]*d_(m99,m97)*FourPi^(-2)*I^9*g1*gBH0Phi*MBH0^(-2) + 1/
         48*gBH0qL[f99,f6]*yu[f6,f97]*gam[y99,pol3,p3,y97]*uspin[p2,y97
         ]*vbspin[p1,y99]*e_[l99,l93]*d_(m99,m97)*FourPi^(-2)*I^9*g1*
         gBH0Phi*MBH0^(-2) + 1/16*gBH0qL[f99,f6]*yu[f6,f97]*gam[y99,
         pol3,p4,y97]*uspin[p2,y97]*vbspin[p1,y99]*e_[l99,l93]*
         d_(m99,m97)*FourPi^(-2)*I^9*g1*gBH0Phi*MBH0^(-2) + 1/48*
         gBH0qL[f99,f6]*yu[f6,f97]*gam[y99,p4,pol3,y97]*uspin[p2,y97]*
         vbspin[p1,y99]*e_[l99,l93]*d_(m99,m97)*FourPi^(-2)*I^9*g1*
         MBH0^(-2)*gBH0Phibar + 1/48*gBH0qL[f99,f6]*yu[f6,f97]*gam[y99,
         p4,pol3,y97]*uspin[p2,y97]*vbspin[p1,y99]*e_[l99,l93]*
         d_(m99,m97)*FourPi^(-2)*I^9*g1*gBH0Phi*MBH0^(-2) + 1/12*
         gBH0qL[f99,f8]*gBH0uR[f6,f97]*yu[f8,f6]*gam[y99,FIVE,p2,pol3,
         y97]*uspin[p2,y97]*vbspin[p1,y99]*e_[l99,l93]*d_(m99,m97)*
         FourPi^(-2)*I^9*g1*MBH0^(-2) + 1/12*gBH0qL[f99,f8]*gBH0uR[f6,
         f97]*yu[f8,f6]*gam[y99,FIVE,pol3,p2,y97]*uspin[p2,y97]*vbspin[
         p1,y99]*e_[l99,l93]*d_(m99,m97)*FourPi^(-2)*I^9*g1*MBH0^(-2)
          - 1/24*gBH0qL[f99,f8]*gBH0uR[f6,f97]*yu[f8,f6]*gam[y99,FIVE,
         pol3,p3,y97]*uspin[p2,y97]*vbspin[p1,y99]*e_[l99,l93]*
         d_(m99,m97)*FourPi^(-2)*I^9*g1*MBH0^(-2) + 1/24*gBH0qL[f99,f8]
         *gBH0uR[f6,f97]*yu[f8,f6]*gam[y99,FIVE,p3,pol3,y97]*uspin[p2,
         y97]*vbspin[p1,y99]*e_[l99,l93]*d_(m99,m97)*FourPi^(-2)*I^9*g1
         *MBH0^(-2) + 1/12*gBH0qL[f99,f8]*gBH0uR[f6,f97]*yu[f8,f6]*gam[
         y99,p2,pol3,y97]*uspin[p2,y97]*vbspin[p1,y99]*e_[l99,l93]*
         d_(m99,m97)*FourPi^(-2)*I^9*g1*MBH0^(-2) + 1/12*gBH0qL[f99,f8]
         *gBH0uR[f6,f97]*yu[f8,f6]*gam[y99,pol3,p2,y97]*uspin[p2,y97]*
         vbspin[p1,y99]*e_[l99,l93]*d_(m99,m97)*FourPi^(-2)*I^9*g1*
         MBH0^(-2) - 1/24*gBH0qL[f99,f8]*gBH0uR[f6,f97]*yu[f8,f6]*gam[
         y99,pol3,p3,y97]*uspin[p2,y97]*vbspin[p1,y99]*e_[l99,l93]*
         d_(m99,m97)*FourPi^(-2)*I^9*g1*MBH0^(-2) + 1/24*gBH0qL[f99,f8]
         *gBH0uR[f6,f97]*yu[f8,f6]*gam[y99,p3,pol3,y97]*uspin[p2,y97]*
         vbspin[p1,y99]*e_[l99,l93]*d_(m99,m97)*FourPi^(-2)*I^9*g1*
         MBH0^(-2) - 1/2*gBH0qL[f99,f4]*gBH0uR[f6,f97]*yu[f4,f6]*gam[
         y99,FIVE,p1,pol3,y97]*uspin[p2,y97]*vbspin[p1,y99]*e_[l99,l93]
         *d_(m99,m97)*FourPi^(-2)*I^9*g1*MBH0^(-2) - 1/6*gBH0qL[f99,f4]
         *gBH0uR[f6,f97]*yu[f4,f6]*gam[y99,FIVE,p2,pol3,y97]*uspin[p2,
         y97]*vbspin[p1,y99]*e_[l99,l93]*d_(m99,m97)*FourPi^(-2)*I^9*g1
         *MBH0^(-2) - 1/6*gBH0qL[f99,f4]*gBH0uR[f6,f97]*yu[f4,f6]*gam[
         y99,FIVE,pol3,p1,y97]*uspin[p2,y97]*vbspin[p1,y99]*e_[l99,l93]
         *d_(m99,m97)*FourPi^(-2)*I^9*g1*MBH0^(-2) + 1/6*gBH0qL[f99,f4]
         *gBH0uR[f6,f97]*yu[f4,f6]*gam[y99,FIVE,pol3,p2,y97]*uspin[p2,
         y97]*vbspin[p1,y99]*e_[l99,l93]*d_(m99,m97)*FourPi^(-2)*I^9*g1
         *MBH0^(-2) + 1/6*gBH0qL[f99,f4]*gBH0uR[f6,f97]*yu[f4,f6]*gam[
         y99,FIVE,pol3,p4,y97]*uspin[p2,y97]*vbspin[p1,y99]*e_[l99,l93]
         *d_(m99,m97)*FourPi^(-2)*I^9*g1*MBH0^(-2) - 1/6*gBH0qL[f99,f4]
         *gBH0uR[f6,f97]*yu[f4,f6]*gam[y99,FIVE,p4,pol3,y97]*uspin[p2,
         y97]*vbspin[p1,y99]*e_[l99,l93]*d_(m99,m97)*FourPi^(-2)*I^9*g1
         *MBH0^(-2) - 1/2*gBH0qL[f99,f4]*gBH0uR[f6,f97]*yu[f4,f6]*gam[
         y99,p1,pol3,y97]*uspin[p2,y97]*vbspin[p1,y99]*e_[l99,l93]*
         d_(m99,m97)*FourPi^(-2)*I^9*g1*MBH0^(-2) - 1/6*gBH0qL[f99,f4]*
         gBH0uR[f6,f97]*yu[f4,f6]*gam[y99,p2,pol3,y97]*uspin[p2,y97]*
         vbspin[p1,y99]*e_[l99,l93]*d_(m99,m97)*FourPi^(-2)*I^9*g1*
         MBH0^(-2) - 1/6*gBH0qL[f99,f4]*gBH0uR[f6,f97]*yu[f4,f6]*gam[
         y99,pol3,p1,y97]*uspin[p2,y97]*vbspin[p1,y99]*e_[l99,l93]*
         d_(m99,m97)*FourPi^(-2)*I^9*g1*MBH0^(-2) + 1/6*gBH0qL[f99,f4]*
         gBH0uR[f6,f97]*yu[f4,f6]*gam[y99,pol3,p2,y97]*uspin[p2,y97]*
         vbspin[p1,y99]*e_[l99,l93]*d_(m99,m97)*FourPi^(-2)*I^9*g1*
         MBH0^(-2) + 1/6*gBH0qL[f99,f4]*gBH0uR[f6,f97]*yu[f4,f6]*gam[
         y99,pol3,p4,y97]*uspin[p2,y97]*vbspin[p1,y99]*e_[l99,l93]*
         d_(m99,m97)*FourPi^(-2)*I^9*g1*MBH0^(-2) - 1/6*gBH0qL[f99,f4]*
         gBH0uR[f6,f97]*yu[f4,f6]*gam[y99,p4,pol3,y97]*uspin[p2,y97]*
         vbspin[p1,y99]*e_[l99,l93]*d_(m99,m97)*FourPi^(-2)*I^9*g1*
         MBH0^(-2) - 3/16*gBH0uR[f2,f97]*yu[f99,f2]*gam[y99,FIVE,p1,
         pol3,y97]*uspin[p2,y97]*vbspin[p1,y99]*e_[l99,l93]*d_(m99,m97)
         *FourPi^(-2)*I^7*g1*MBH0^(-2)*gBH0Phibar - 3/16*gBH0uR[f2,f97]
         *yu[f99,f2]*gam[y99,FIVE,p1,pol3,y97]*uspin[p2,y97]*vbspin[p1,
         y99]*e_[l99,l93]*d_(m99,m97)*FourPi^(-2)*I^7*g1*gBH0Phi*
         MBH0^(-2) - 11/72*gBH0uR[f2,f97]*yu[f99,f2]*gam[y99,FIVE,p1,
         pol3,y97]*uspin[p2,y97]*vbspin[p1,y99]*e_[l99,l93]*d_(m99,m97)
         *FourPi^(-2)*I^9*g1*gBH0Phi*MBH0^(-2) - 1/8*gBH0uR[f2,f97]*yu[
         f99,f2]*gam[y99,FIVE,p2,pol3,y97]*uspin[p2,y97]*vbspin[p1,y99]
         *e_[l99,l93]*d_(m99,m97)*FourPi^(-2)*I^7*g1*MBH0^(-2)*
         gBH0Phibar - 1/8*gBH0uR[f2,f97]*yu[f99,f2]*gam[y99,FIVE,p2,
         pol3,y97]*uspin[p2,y97]*vbspin[p1,y99]*e_[l99,l93]*d_(m99,m97)
         *FourPi^(-2)*I^7*g1*gBH0Phi*MBH0^(-2) - 1/24*gBH0uR[f2,f97]*
         yu[f99,f2]*gam[y99,FIVE,p2,pol3,y97]*uspin[p2,y97]*vbspin[p1,
         y99]*e_[l99,l93]*d_(m99,m97)*FourPi^(-2)*I^9*g1*gBH0Phi*
         MBH0^(-2) + 5/144*gBH0uR[f2,f97]*yu[f99,f2]*gam[y99,FIVE,pol3,
         p1,y97]*uspin[p2,y97]*vbspin[p1,y99]*e_[l99,l93]*d_(m99,m97)*
         FourPi^(-2)*I^9*g1*gBH0Phi*MBH0^(-2) - 1/24*gBH0uR[f2,f97]*yu[
         f99,f2]*gam[y99,FIVE,pol3,p2,y97]*uspin[p2,y97]*vbspin[p1,y99]
         *e_[l99,l93]*d_(m99,m97)*FourPi^(-2)*I^9*g1*gBH0Phi*MBH0^(-2)
          + 1/9*gBH0uR[f2,f97]*yu[f99,f2]*gam[y99,FIVE,pol3,p3,y97]*
         uspin[p2,y97]*vbspin[p1,y99]*e_[l99,l93]*d_(m99,m97)*
         FourPi^(-2)*I^9*g1*gBH0Phi*MBH0^(-2) - 3/16*gBH0uR[f2,f97]*yu[
         f99,f2]*gam[y99,FIVE,pol3,p4,y97]*uspin[p2,y97]*vbspin[p1,y99]
         *e_[l99,l93]*d_(m99,m97)*FourPi^(-2)*I^9*g1*MBH0^(-2)*
         gBH0Phibar - 11/144*gBH0uR[f2,f97]*yu[f99,f2]*gam[y99,FIVE,p3,
         pol3,y97]*uspin[p2,y97]*vbspin[p1,y99]*e_[l99,l93]*d_(m99,m97)
         *FourPi^(-2)*I^9*g1*gBH0Phi*MBH0^(-2) + 1/18*gBH0uR[f2,f97]*
         yu[f99,f2]*gam[y99,FIVE,y97]*uspin[p2,y97]*vbspin[p1,y99]*e_[
         l99,l93]*d_(m99,m97)*p1.pol3*FourPi^(-2)*I^9*g1*gBH0Phi*
         MBH0^(-2) - 1/6*gBH0uR[f2,f97]*yu[f99,f2]*gam[y99,FIVE,y97]*
         uspin[p2,y97]*vbspin[p1,y99]*e_[l99,l93]*d_(m99,m97)*p2.pol3*
         FourPi^(-2)*I^9*g1*gBH0Phi*MBH0^(-2) + 1/36*gBH0uR[f2,f97]*yu[
         f99,f2]*gam[y99,FIVE,y97]*uspin[p2,y97]*vbspin[p1,y99]*e_[l99,
         l93]*d_(m99,m97)*pol3.p3*FourPi^(-2)*I^9*g1*gBH0Phi*MBH0^(-2)
          - 3/16*gBH0uR[f2,f97]*yu[f99,f2]*gam[y99,p1,pol3,y97]*uspin[
         p2,y97]*vbspin[p1,y99]*e_[l99,l93]*d_(m99,m97)*FourPi^(-2)*I^7
         *g1*MBH0^(-2)*gBH0Phibar - 3/16*gBH0uR[f2,f97]*yu[f99,f2]*gam[
         y99,p1,pol3,y97]*uspin[p2,y97]*vbspin[p1,y99]*e_[l99,l93]*
         d_(m99,m97)*FourPi^(-2)*I^7*g1*gBH0Phi*MBH0^(-2) - 11/72*
         gBH0uR[f2,f97]*yu[f99,f2]*gam[y99,p1,pol3,y97]*uspin[p2,y97]*
         vbspin[p1,y99]*e_[l99,l93]*d_(m99,m97)*FourPi^(-2)*I^9*g1*
         gBH0Phi*MBH0^(-2) - 1/8*gBH0uR[f2,f97]*yu[f99,f2]*gam[y99,p2,
         pol3,y97]*uspin[p2,y97]*vbspin[p1,y99]*e_[l99,l93]*d_(m99,m97)
         *FourPi^(-2)*I^7*g1*MBH0^(-2)*gBH0Phibar - 1/8*gBH0uR[f2,f97]*
         yu[f99,f2]*gam[y99,p2,pol3,y97]*uspin[p2,y97]*vbspin[p1,y99]*
         e_[l99,l93]*d_(m99,m97)*FourPi^(-2)*I^7*g1*gBH0Phi*MBH0^(-2)
          - 1/24*gBH0uR[f2,f97]*yu[f99,f2]*gam[y99,p2,pol3,y97]*uspin[
         p2,y97]*vbspin[p1,y99]*e_[l99,l93]*d_(m99,m97)*FourPi^(-2)*I^9
         *g1*gBH0Phi*MBH0^(-2) + 5/144*gBH0uR[f2,f97]*yu[f99,f2]*gam[
         y99,pol3,p1,y97]*uspin[p2,y97]*vbspin[p1,y99]*e_[l99,l93]*
         d_(m99,m97)*FourPi^(-2)*I^9*g1*gBH0Phi*MBH0^(-2) - 1/24*
         gBH0uR[f2,f97]*yu[f99,f2]*gam[y99,pol3,p2,y97]*uspin[p2,y97]*
         vbspin[p1,y99]*e_[l99,l93]*d_(m99,m97)*FourPi^(-2)*I^9*g1*
         gBH0Phi*MBH0^(-2) + 1/9*gBH0uR[f2,f97]*yu[f99,f2]*gam[y99,pol3
         ,p3,y97]*uspin[p2,y97]*vbspin[p1,y99]*e_[l99,l93]*d_(m99,m97)*
         FourPi^(-2)*I^9*g1*gBH0Phi*MBH0^(-2) - 3/16*gBH0uR[f2,f97]*yu[
         f99,f2]*gam[y99,pol3,p4,y97]*uspin[p2,y97]*vbspin[p1,y99]*e_[
         l99,l93]*d_(m99,m97)*FourPi^(-2)*I^9*g1*MBH0^(-2)*gBH0Phibar
          - 11/144*gBH0uR[f2,f97]*yu[f99,f2]*gam[y99,p3,pol3,y97]*
         uspin[p2,y97]*vbspin[p1,y99]*e_[l99,l93]*d_(m99,m97)*
         FourPi^(-2)*I^9*g1*gBH0Phi*MBH0^(-2) + 1/18*gBH0uR[f2,f97]*yu[
         f99,f2]*gam[y99,y97]*uspin[p2,y97]*vbspin[p1,y99]*e_[l99,l93]*
         d_(m99,m97)*p1.pol3*FourPi^(-2)*I^9*g1*gBH0Phi*MBH0^(-2) - 1/6
         *gBH0uR[f2,f97]*yu[f99,f2]*gam[y99,y97]*uspin[p2,y97]*vbspin[
         p1,y99]*e_[l99,l93]*d_(m99,m97)*p2.pol3*FourPi^(-2)*I^9*g1*
         gBH0Phi*MBH0^(-2) + 1/36*gBH0uR[f2,f97]*yu[f99,f2]*gam[y99,y97
         ]*uspin[p2,y97]*vbspin[p1,y99]*e_[l99,l93]*d_(m99,m97)*pol3.p3
         *FourPi^(-2)*I^9*g1*gBH0Phi*MBH0^(-2) - 1/12*gBH0uR[f6,f97]*
         yu[f99,f6]*gam[y99,FIVE,p1,pol3,y97]*uspin[p2,y97]*vbspin[p1,
         y99]*e_[l99,l93]*d_(m99,m97)*FourPi^(-2)*I^9*g1*gBH0Phi*
         MBH0^(-2) - 1/12*gBH0uR[f6,f97]*yu[f99,f6]*gam[y99,FIVE,pol3,
         p1,y97]*uspin[p2,y97]*vbspin[p1,y99]*e_[l99,l93]*d_(m99,m97)*
         FourPi^(-2)*I^9*g1*gBH0Phi*MBH0^(-2) - 1/12*gBH0uR[f6,f97]*yu[
         f99,f6]*gam[y99,FIVE,pol3,p3,y97]*uspin[p2,y97]*vbspin[p1,y99]
         *e_[l99,l93]*d_(m99,m97)*FourPi^(-2)*I^9*g1*gBH0Phi*MBH0^(-2)
          + 1/12*gBH0uR[f6,f97]*yu[f99,f6]*gam[y99,FIVE,pol3,p4,y97]*
         uspin[p2,y97]*vbspin[p1,y99]*e_[l99,l93]*d_(m99,m97)*
         FourPi^(-2)*I^9*g1*MBH0^(-2)*gBH0Phibar + 1/6*gBH0uR[f6,f97]*
         yu[f99,f6]*gam[y99,FIVE,p4,pol3,y97]*uspin[p2,y97]*vbspin[p1,
         y99]*e_[l99,l93]*d_(m99,m97)*FourPi^(-2)*I^9*g1*gBH0Phi*
         MBH0^(-2) - 1/12*gBH0uR[f6,f97]*yu[f99,f6]*gam[y99,p1,pol3,y97
         ]*uspin[p2,y97]*vbspin[p1,y99]*e_[l99,l93]*d_(m99,m97)*
         FourPi^(-2)*I^9*g1*gBH0Phi*MBH0^(-2) - 1/12*gBH0uR[f6,f97]*yu[
         f99,f6]*gam[y99,pol3,p1,y97]*uspin[p2,y97]*vbspin[p1,y99]*e_[
         l99,l93]*d_(m99,m97)*FourPi^(-2)*I^9*g1*gBH0Phi*MBH0^(-2) - 1/
         12*gBH0uR[f6,f97]*yu[f99,f6]*gam[y99,pol3,p3,y97]*uspin[p2,y97
         ]*vbspin[p1,y99]*e_[l99,l93]*d_(m99,m97)*FourPi^(-2)*I^9*g1*
         gBH0Phi*MBH0^(-2) + 1/12*gBH0uR[f6,f97]*yu[f99,f6]*gam[y99,
         pol3,p4,y97]*uspin[p2,y97]*vbspin[p1,y99]*e_[l99,l93]*
         d_(m99,m97)*FourPi^(-2)*I^9*g1*MBH0^(-2)*gBH0Phibar + 1/6*
         gBH0uR[f6,f97]*yu[f99,f6]*gam[y99,p4,pol3,y97]*uspin[p2,y97]*
         vbspin[p1,y99]*e_[l99,l93]*d_(m99,m97)*FourPi^(-2)*I^9*g1*
         gBH0Phi*MBH0^(-2) );

  0.08 sec out of 0.08 sec
