FORM 4.2.0 (Jul  6 2017, v4.2.0) 64-bits         Run: Fri Mar 16 14:57:16 2018
    * -*-Form-*-
    
    #: Parentheses 2000
    #-

   amplqLbarqLB =
       + sSS^2 * (  - 1/36*Log[MBH0^2]*gBH0qL[f6,f97]*gBH0qL[f99,f6]*
         gam[y99,FIVE,p1,p1,pol3,y97]*uspin[p2,y97]*vbspin[p1,y99]*
         d_(m99,m97)*d_(l99,l97)*FourPi^(-2)*I^7*g1*MBH0^(-2) - 1/36*
         Log[MBH0^2]*gBH0qL[f6,f97]*gBH0qL[f99,f6]*gam[y99,FIVE,p1,p2,
         pol3,y97]*uspin[p2,y97]*vbspin[p1,y99]*d_(m99,m97)*d_(l99,l97)
         *FourPi^(-2)*I^7*g1*MBH0^(-2) - 1/36*Log[MBH0^2]*gBH0qL[f6,f97
         ]*gBH0qL[f99,f6]*gam[y99,FIVE,p1,pol3,p1,y97]*uspin[p2,y97]*
         vbspin[p1,y99]*d_(m99,m97)*d_(l99,l97)*FourPi^(-2)*I^7*g1*
         MBH0^(-2) - 1/36*Log[MBH0^2]*gBH0qL[f6,f97]*gBH0qL[f99,f6]*
         gam[y99,FIVE,p1,pol3,p2,y97]*uspin[p2,y97]*vbspin[p1,y99]*
         d_(m99,m97)*d_(l99,l97)*FourPi^(-2)*I^7*g1*MBH0^(-2) - 1/36*
         Log[MBH0^2]*gBH0qL[f6,f97]*gBH0qL[f99,f6]*gam[y99,FIVE,p2,p1,
         pol3,y97]*uspin[p2,y97]*vbspin[p1,y99]*d_(m99,m97)*d_(l99,l97)
         *FourPi^(-2)*I^7*g1*MBH0^(-2) - 1/36*Log[MBH0^2]*gBH0qL[f6,f97
         ]*gBH0qL[f99,f6]*gam[y99,FIVE,p2,p2,pol3,y97]*uspin[p2,y97]*
         vbspin[p1,y99]*d_(m99,m97)*d_(l99,l97)*FourPi^(-2)*I^7*g1*
         MBH0^(-2) - 1/36*Log[MBH0^2]*gBH0qL[f6,f97]*gBH0qL[f99,f6]*
         gam[y99,FIVE,p2,pol3,p1,y97]*uspin[p2,y97]*vbspin[p1,y99]*
         d_(m99,m97)*d_(l99,l97)*FourPi^(-2)*I^7*g1*MBH0^(-2) - 1/36*
         Log[MBH0^2]*gBH0qL[f6,f97]*gBH0qL[f99,f6]*gam[y99,FIVE,p2,pol3
         ,p2,y97]*uspin[p2,y97]*vbspin[p1,y99]*d_(m99,m97)*d_(l99,l97)*
         FourPi^(-2)*I^7*g1*MBH0^(-2) + 1/36*Log[MBH0^2]*gBH0qL[f6,f97]
         *gBH0qL[f99,f6]*gam[y99,FIVE,pol3,p1,p1,y97]*uspin[p2,y97]*
         vbspin[p1,y99]*d_(m99,m97)*d_(l99,l97)*FourPi^(-2)*I^7*g1*
         MBH0^(-2) + 1/36*Log[MBH0^2]*gBH0qL[f6,f97]*gBH0qL[f99,f6]*
         gam[y99,FIVE,pol3,p1,p2,y97]*uspin[p2,y97]*vbspin[p1,y99]*
         d_(m99,m97)*d_(l99,l97)*FourPi^(-2)*I^7*g1*MBH0^(-2) + 1/36*
         Log[MBH0^2]*gBH0qL[f6,f97]*gBH0qL[f99,f6]*gam[y99,FIVE,pol3,p2
         ,p1,y97]*uspin[p2,y97]*vbspin[p1,y99]*d_(m99,m97)*d_(l99,l97)*
         FourPi^(-2)*I^7*g1*MBH0^(-2) + 1/36*Log[MBH0^2]*gBH0qL[f6,f97]
         *gBH0qL[f99,f6]*gam[y99,FIVE,pol3,p2,p2,y97]*uspin[p2,y97]*
         vbspin[p1,y99]*d_(m99,m97)*d_(l99,l97)*FourPi^(-2)*I^7*g1*
         MBH0^(-2) + 1/36*Log[MBH0^2]*gBH0qL[f6,f97]*gBH0qL[f99,f6]*
         gam[y99,FIVE,pol3,y97]*uspin[p2,y97]*vbspin[p1,y99]*
         d_(m99,m97)*d_(l99,l97)*p1.p1*FourPi^(-2)*I^7*g1*MBH0^(-2) + 1/
         18*Log[MBH0^2]*gBH0qL[f6,f97]*gBH0qL[f99,f6]*gam[y99,FIVE,pol3
         ,y97]*uspin[p2,y97]*vbspin[p1,y99]*d_(m99,m97)*d_(l99,l97)*
         p1.p2*FourPi^(-2)*I^7*g1*MBH0^(-2) + 1/36*Log[MBH0^2]*gBH0qL[
         f6,f97]*gBH0qL[f99,f6]*gam[y99,FIVE,pol3,y97]*uspin[p2,y97]*
         vbspin[p1,y99]*d_(m99,m97)*d_(l99,l97)*p2.p2*FourPi^(-2)*I^7*
         g1*MBH0^(-2) - 1/36*Log[MBH0^2]*gBH0qL[f6,f97]*gBH0qL[f99,f6]*
         gam[y99,p1,p1,pol3,y97]*uspin[p2,y97]*vbspin[p1,y99]*
         d_(m99,m97)*d_(l99,l97)*FourPi^(-2)*I^7*g1*MBH0^(-2) - 1/36*
         Log[MBH0^2]*gBH0qL[f6,f97]*gBH0qL[f99,f6]*gam[y99,p1,p2,pol3,
         y97]*uspin[p2,y97]*vbspin[p1,y99]*d_(m99,m97)*d_(l99,l97)*
         FourPi^(-2)*I^7*g1*MBH0^(-2) - 1/36*Log[MBH0^2]*gBH0qL[f6,f97]
         *gBH0qL[f99,f6]*gam[y99,p1,pol3,p1,y97]*uspin[p2,y97]*vbspin[
         p1,y99]*d_(m99,m97)*d_(l99,l97)*FourPi^(-2)*I^7*g1*MBH0^(-2)
          - 1/36*Log[MBH0^2]*gBH0qL[f6,f97]*gBH0qL[f99,f6]*gam[y99,p1,
         pol3,p2,y97]*uspin[p2,y97]*vbspin[p1,y99]*d_(m99,m97)*
         d_(l99,l97)*FourPi^(-2)*I^7*g1*MBH0^(-2) - 1/36*Log[MBH0^2]*
         gBH0qL[f6,f97]*gBH0qL[f99,f6]*gam[y99,p2,p1,pol3,y97]*uspin[p2
         ,y97]*vbspin[p1,y99]*d_(m99,m97)*d_(l99,l97)*FourPi^(-2)*I^7*
         g1*MBH0^(-2) - 1/36*Log[MBH0^2]*gBH0qL[f6,f97]*gBH0qL[f99,f6]*
         gam[y99,p2,p2,pol3,y97]*uspin[p2,y97]*vbspin[p1,y99]*
         d_(m99,m97)*d_(l99,l97)*FourPi^(-2)*I^7*g1*MBH0^(-2) - 1/36*
         Log[MBH0^2]*gBH0qL[f6,f97]*gBH0qL[f99,f6]*gam[y99,p2,pol3,p1,
         y97]*uspin[p2,y97]*vbspin[p1,y99]*d_(m99,m97)*d_(l99,l97)*
         FourPi^(-2)*I^7*g1*MBH0^(-2) - 1/36*Log[MBH0^2]*gBH0qL[f6,f97]
         *gBH0qL[f99,f6]*gam[y99,p2,pol3,p2,y97]*uspin[p2,y97]*vbspin[
         p1,y99]*d_(m99,m97)*d_(l99,l97)*FourPi^(-2)*I^7*g1*MBH0^(-2)
          + 1/36*Log[MBH0^2]*gBH0qL[f6,f97]*gBH0qL[f99,f6]*gam[y99,pol3
         ,p1,p1,y97]*uspin[p2,y97]*vbspin[p1,y99]*d_(m99,m97)*
         d_(l99,l97)*FourPi^(-2)*I^7*g1*MBH0^(-2) + 1/36*Log[MBH0^2]*
         gBH0qL[f6,f97]*gBH0qL[f99,f6]*gam[y99,pol3,p1,p2,y97]*uspin[p2
         ,y97]*vbspin[p1,y99]*d_(m99,m97)*d_(l99,l97)*FourPi^(-2)*I^7*
         g1*MBH0^(-2) + 1/36*Log[MBH0^2]*gBH0qL[f6,f97]*gBH0qL[f99,f6]*
         gam[y99,pol3,p2,p1,y97]*uspin[p2,y97]*vbspin[p1,y99]*
         d_(m99,m97)*d_(l99,l97)*FourPi^(-2)*I^7*g1*MBH0^(-2) + 1/36*
         Log[MBH0^2]*gBH0qL[f6,f97]*gBH0qL[f99,f6]*gam[y99,pol3,p2,p2,
         y97]*uspin[p2,y97]*vbspin[p1,y99]*d_(m99,m97)*d_(l99,l97)*
         FourPi^(-2)*I^7*g1*MBH0^(-2) + 1/36*Log[MBH0^2]*gBH0qL[f6,f97]
         *gBH0qL[f99,f6]*gam[y99,pol3,y97]*uspin[p2,y97]*vbspin[p1,y99]
         *d_(m99,m97)*d_(l99,l97)*p1.p1*FourPi^(-2)*I^7*g1*MBH0^(-2) + 
         1/18*Log[MBH0^2]*gBH0qL[f6,f97]*gBH0qL[f99,f6]*gam[y99,pol3,
         y97]*uspin[p2,y97]*vbspin[p1,y99]*d_(m99,m97)*d_(l99,l97)*
         p1.p2*FourPi^(-2)*I^7*g1*MBH0^(-2) + 1/36*Log[MBH0^2]*gBH0qL[
         f6,f97]*gBH0qL[f99,f6]*gam[y99,pol3,y97]*uspin[p2,y97]*vbspin[
         p1,y99]*d_(m99,m97)*d_(l99,l97)*p2.p2*FourPi^(-2)*I^7*g1*
         MBH0^(-2) + 5/216*gBH0qL[f6,f97]*gBH0qL[f99,f6]*gam[y99,FIVE,
         p1,p1,pol3,y97]*uspin[p2,y97]*vbspin[p1,y99]*d_(m99,m97)*
         d_(l99,l97)*FourPi^(-2)*I^7*g1*MBH0^(-2) - 7/216*gBH0qL[f6,f97
         ]*gBH0qL[f99,f6]*gam[y99,FIVE,p1,p2,pol3,y97]*uspin[p2,y97]*
         vbspin[p1,y99]*d_(m99,m97)*d_(l99,l97)*FourPi^(-2)*I^7*g1*
         MBH0^(-2) - 1/216*gBH0qL[f6,f97]*gBH0qL[f99,f6]*gam[y99,FIVE,
         p1,pol3,p1,y97]*uspin[p2,y97]*vbspin[p1,y99]*d_(m99,m97)*
         d_(l99,l97)*FourPi^(-2)*I^7*g1*MBH0^(-2) - 13/216*gBH0qL[f6,
         f97]*gBH0qL[f99,f6]*gam[y99,FIVE,p1,pol3,p2,y97]*uspin[p2,y97]
         *vbspin[p1,y99]*d_(m99,m97)*d_(l99,l97)*FourPi^(-2)*I^7*g1*
         MBH0^(-2) + 11/216*gBH0qL[f6,f97]*gBH0qL[f99,f6]*gam[y99,FIVE,
         p2,p1,pol3,y97]*uspin[p2,y97]*vbspin[p1,y99]*d_(m99,m97)*
         d_(l99,l97)*FourPi^(-2)*I^7*g1*MBH0^(-2) + 5/216*gBH0qL[f6,f97
         ]*gBH0qL[f99,f6]*gam[y99,FIVE,p2,p2,pol3,y97]*uspin[p2,y97]*
         vbspin[p1,y99]*d_(m99,m97)*d_(l99,l97)*FourPi^(-2)*I^7*g1*
         MBH0^(-2) + 5/216*gBH0qL[f6,f97]*gBH0qL[f99,f6]*gam[y99,FIVE,
         p2,pol3,p1,y97]*uspin[p2,y97]*vbspin[p1,y99]*d_(m99,m97)*
         d_(l99,l97)*FourPi^(-2)*I^7*g1*MBH0^(-2) - 1/216*gBH0qL[f6,f97
         ]*gBH0qL[f99,f6]*gam[y99,FIVE,p2,pol3,p2,y97]*uspin[p2,y97]*
         vbspin[p1,y99]*d_(m99,m97)*d_(l99,l97)*FourPi^(-2)*I^7*g1*
         MBH0^(-2) - 5/216*gBH0qL[f6,f97]*gBH0qL[f99,f6]*gam[y99,FIVE,
         pol3,p1,p1,y97]*uspin[p2,y97]*vbspin[p1,y99]*d_(m99,m97)*
         d_(l99,l97)*FourPi^(-2)*I^7*g1*MBH0^(-2) - 11/216*gBH0qL[f6,
         f97]*gBH0qL[f99,f6]*gam[y99,FIVE,pol3,p1,p2,y97]*uspin[p2,y97]
         *vbspin[p1,y99]*d_(m99,m97)*d_(l99,l97)*FourPi^(-2)*I^7*g1*
         MBH0^(-2) + 7/216*gBH0qL[f6,f97]*gBH0qL[f99,f6]*gam[y99,FIVE,
         pol3,p2,p1,y97]*uspin[p2,y97]*vbspin[p1,y99]*d_(m99,m97)*
         d_(l99,l97)*FourPi^(-2)*I^7*g1*MBH0^(-2) - 5/216*gBH0qL[f6,f97
         ]*gBH0qL[f99,f6]*gam[y99,FIVE,pol3,p2,p2,y97]*uspin[p2,y97]*
         vbspin[p1,y99]*d_(m99,m97)*d_(l99,l97)*FourPi^(-2)*I^7*g1*
         MBH0^(-2) + 7/216*gBH0qL[f6,f97]*gBH0qL[f99,f6]*gam[y99,FIVE,
         pol3,y97]*uspin[p2,y97]*vbspin[p1,y99]*d_(m99,m97)*d_(l99,l97)
         *p1.p1*FourPi^(-2)*I^7*g1*MBH0^(-2) + 1/108*gBH0qL[f6,f97]*
         gBH0qL[f99,f6]*gam[y99,FIVE,pol3,y97]*uspin[p2,y97]*vbspin[p1,
         y99]*d_(m99,m97)*d_(l99,l97)*p1.p2*FourPi^(-2)*I^7*g1*
         MBH0^(-2) + 7/216*gBH0qL[f6,f97]*gBH0qL[f99,f6]*gam[y99,FIVE,
         pol3,y97]*uspin[p2,y97]*vbspin[p1,y99]*d_(m99,m97)*d_(l99,l97)
         *p2.p2*FourPi^(-2)*I^7*g1*MBH0^(-2) + 5/216*gBH0qL[f6,f97]*
         gBH0qL[f99,f6]*gam[y99,p1,p1,pol3,y97]*uspin[p2,y97]*vbspin[p1
         ,y99]*d_(m99,m97)*d_(l99,l97)*FourPi^(-2)*I^7*g1*MBH0^(-2) - 7/
         216*gBH0qL[f6,f97]*gBH0qL[f99,f6]*gam[y99,p1,p2,pol3,y97]*
         uspin[p2,y97]*vbspin[p1,y99]*d_(m99,m97)*d_(l99,l97)*
         FourPi^(-2)*I^7*g1*MBH0^(-2) - 1/216*gBH0qL[f6,f97]*gBH0qL[f99
         ,f6]*gam[y99,p1,pol3,p1,y97]*uspin[p2,y97]*vbspin[p1,y99]*
         d_(m99,m97)*d_(l99,l97)*FourPi^(-2)*I^7*g1*MBH0^(-2) - 13/216*
         gBH0qL[f6,f97]*gBH0qL[f99,f6]*gam[y99,p1,pol3,p2,y97]*uspin[p2
         ,y97]*vbspin[p1,y99]*d_(m99,m97)*d_(l99,l97)*FourPi^(-2)*I^7*
         g1*MBH0^(-2) + 11/216*gBH0qL[f6,f97]*gBH0qL[f99,f6]*gam[y99,p2
         ,p1,pol3,y97]*uspin[p2,y97]*vbspin[p1,y99]*d_(m99,m97)*
         d_(l99,l97)*FourPi^(-2)*I^7*g1*MBH0^(-2) + 5/216*gBH0qL[f6,f97
         ]*gBH0qL[f99,f6]*gam[y99,p2,p2,pol3,y97]*uspin[p2,y97]*vbspin[
         p1,y99]*d_(m99,m97)*d_(l99,l97)*FourPi^(-2)*I^7*g1*MBH0^(-2)
          + 5/216*gBH0qL[f6,f97]*gBH0qL[f99,f6]*gam[y99,p2,pol3,p1,y97]
         *uspin[p2,y97]*vbspin[p1,y99]*d_(m99,m97)*d_(l99,l97)*
         FourPi^(-2)*I^7*g1*MBH0^(-2) - 1/216*gBH0qL[f6,f97]*gBH0qL[f99
         ,f6]*gam[y99,p2,pol3,p2,y97]*uspin[p2,y97]*vbspin[p1,y99]*
         d_(m99,m97)*d_(l99,l97)*FourPi^(-2)*I^7*g1*MBH0^(-2) - 5/216*
         gBH0qL[f6,f97]*gBH0qL[f99,f6]*gam[y99,pol3,p1,p1,y97]*uspin[p2
         ,y97]*vbspin[p1,y99]*d_(m99,m97)*d_(l99,l97)*FourPi^(-2)*I^7*
         g1*MBH0^(-2) - 11/216*gBH0qL[f6,f97]*gBH0qL[f99,f6]*gam[y99,
         pol3,p1,p2,y97]*uspin[p2,y97]*vbspin[p1,y99]*d_(m99,m97)*
         d_(l99,l97)*FourPi^(-2)*I^7*g1*MBH0^(-2) + 7/216*gBH0qL[f6,f97
         ]*gBH0qL[f99,f6]*gam[y99,pol3,p2,p1,y97]*uspin[p2,y97]*vbspin[
         p1,y99]*d_(m99,m97)*d_(l99,l97)*FourPi^(-2)*I^7*g1*MBH0^(-2)
          - 5/216*gBH0qL[f6,f97]*gBH0qL[f99,f6]*gam[y99,pol3,p2,p2,y97]
         *uspin[p2,y97]*vbspin[p1,y99]*d_(m99,m97)*d_(l99,l97)*
         FourPi^(-2)*I^7*g1*MBH0^(-2) + 7/216*gBH0qL[f6,f97]*gBH0qL[f99
         ,f6]*gam[y99,pol3,y97]*uspin[p2,y97]*vbspin[p1,y99]*
         d_(m99,m97)*d_(l99,l97)*p1.p1*FourPi^(-2)*I^7*g1*MBH0^(-2) + 1/
         108*gBH0qL[f6,f97]*gBH0qL[f99,f6]*gam[y99,pol3,y97]*uspin[p2,
         y97]*vbspin[p1,y99]*d_(m99,m97)*d_(l99,l97)*p1.p2*FourPi^(-2)*
         I^7*g1*MBH0^(-2) + 7/216*gBH0qL[f6,f97]*gBH0qL[f99,f6]*gam[y99
         ,pol3,y97]*uspin[p2,y97]*vbspin[p1,y99]*d_(m99,m97)*
         d_(l99,l97)*p2.p2*FourPi^(-2)*I^7*g1*MBH0^(-2) )

       - 1/12*Log[MBH0^2]*gBH0qL[f6,f97]*gBH0qL[f99,f6]*gam[y99,FIVE,
      pol3,y97]*uspin[p2,y97]*vbspin[p1,y99]*d_(m99,m97)*d_(l99,l97)*
      FourPi^(-2)*I^7*g1 - 1/12*Log[MBH0^2]*gBH0qL[f6,f97]*gBH0qL[f99,
         f6]*gam[y99,pol3,y97]*uspin[p2,y97]*vbspin[p1,y99]*d_(m99,m97)
         *d_(l99,l97)*FourPi^(-2)*I^7*g1 - 1/24*gBH0qL[f6,f97]*gBH0qL[
         f99,f6]*gam[y99,FIVE,pol3,y97]*uspin[p2,y97]*vbspin[p1,y99]*
         d_(m99,m97)*d_(l99,l97)*FourPi^(-2)*I^7*g1 - 1/24*gBH0qL[f6,
         f97]*gBH0qL[f99,f6]*gam[y99,pol3,y97]*uspin[p2,y97]*vbspin[p1,
         y99]*d_(m99,m97)*d_(l99,l97)*FourPi^(-2)*I^7*g1;

  0.03 sec out of 0.02 sec
