FORM 4.2.0 (Jul  6 2017, v4.2.0) 64-bits         Run: Fri Mar 16 14:57:19 2018
    * -*-Form-*-
    
    #: Parentheses 2000
    #-

   amplqLbaruRPhibarPhibarPhi =
       - 1/2*Log[MBH0^2]*gBH0qL[f99,f2]*yu[f2,f97]*Ta[n10,l95,l91]*Ta[
         n10,l93,l6]*gam[y99,FIVE,y97]*uspin[p2,y97]*vbspin[p1,y99]*e_[
         l99,l6]*d_(m99,m97)*FourPi^(-2)*I^11*gw^2*MBH0^(-2)*gBH0Phibar
          - 1/2*Log[MBH0^2]*gBH0qL[f99,f2]*yu[f2,f97]*Ta[n10,l95,l91]*
         Ta[n10,l93,l6]*gam[y99,FIVE,y97]*uspin[p2,y97]*vbspin[p1,y99]*
         e_[l99,l6]*d_(m99,m97)*FourPi^(-2)*I^11*gw^2*gBH0Phi*MBH0^(-2)
          - 1/2*Log[MBH0^2]*gBH0qL[f99,f2]*yu[f2,f97]*Ta[n10,l95,l91]*
         Ta[n10,l93,l6]*gam[y99,y97]*uspin[p2,y97]*vbspin[p1,y99]*e_[
         l99,l6]*d_(m99,m97)*FourPi^(-2)*I^11*gw^2*MBH0^(-2)*gBH0Phibar
          - 1/2*Log[MBH0^2]*gBH0qL[f99,f2]*yu[f2,f97]*Ta[n10,l95,l91]*
         Ta[n10,l93,l6]*gam[y99,y97]*uspin[p2,y97]*vbspin[p1,y99]*e_[
         l99,l6]*d_(m99,m97)*FourPi^(-2)*I^11*gw^2*gBH0Phi*MBH0^(-2) - 
         1/2*Log[MBH0^2]*gBH0qL[f99,f2]*yu[f2,f97]*Ta[n10,l95,l6]*Ta[
         n10,l93,l91]*gam[y99,FIVE,y97]*uspin[p2,y97]*vbspin[p1,y99]*
         e_[l99,l6]*d_(m99,m97)*FourPi^(-2)*I^11*gw^2*MBH0^(-2)*
         gBH0Phibar - 1/2*Log[MBH0^2]*gBH0qL[f99,f2]*yu[f2,f97]*Ta[n10,
         l95,l6]*Ta[n10,l93,l91]*gam[y99,FIVE,y97]*uspin[p2,y97]*
         vbspin[p1,y99]*e_[l99,l6]*d_(m99,m97)*FourPi^(-2)*I^11*gw^2*
         gBH0Phi*MBH0^(-2) - 1/2*Log[MBH0^2]*gBH0qL[f99,f2]*yu[f2,f97]*
         Ta[n10,l95,l6]*Ta[n10,l93,l91]*gam[y99,y97]*uspin[p2,y97]*
         vbspin[p1,y99]*e_[l99,l6]*d_(m99,m97)*FourPi^(-2)*I^11*gw^2*
         MBH0^(-2)*gBH0Phibar - 1/2*Log[MBH0^2]*gBH0qL[f99,f2]*yu[f2,
         f97]*Ta[n10,l95,l6]*Ta[n10,l93,l91]*gam[y99,y97]*uspin[p2,y97]
         *vbspin[p1,y99]*e_[l99,l6]*d_(m99,m97)*FourPi^(-2)*I^11*gw^2*
         gBH0Phi*MBH0^(-2) + Log[MBH0^2]*gBH0qL[f99,f2]*yu[f2,f97]*gam[
         y99,FIVE,y97]*uspin[p2,y97]*vbspin[p1,y99]*e_[l99,l95]*
         d_(m99,m97)*d_(l91,l93)*FourPi^(-2)*I^9*lam*MBH0^(-2)*
         gBH0Phibar - 2*Log[MBH0^2]*gBH0qL[f99,f2]*yu[f2,f97]*gam[y99,
         FIVE,y97]*uspin[p2,y97]*vbspin[p1,y99]*e_[l99,l95]*d_(m99,m97)
         *d_(l91,l93)*FourPi^(-2)*I^9*lam*gBH0Phi*MBH0^(-2) + 1/24*Log[
         MBH0^2]*gBH0qL[f99,f2]*yu[f2,f97]*gam[y99,FIVE,y97]*uspin[p2,
         y97]*vbspin[p1,y99]*e_[l99,l95]*d_(m99,m97)*d_(l91,l93)*
         FourPi^(-2)*I^11*g1^2*MBH0^(-2)*gBH0Phibar + 1/24*Log[MBH0^2]*
         gBH0qL[f99,f2]*yu[f2,f97]*gam[y99,FIVE,y97]*uspin[p2,y97]*
         vbspin[p1,y99]*e_[l99,l95]*d_(m99,m97)*d_(l91,l93)*FourPi^(-2)
         *I^11*g1^2*gBH0Phi*MBH0^(-2) + Log[MBH0^2]*gBH0qL[f99,f2]*yu[
         f2,f97]*gam[y99,FIVE,y97]*uspin[p2,y97]*vbspin[p1,y99]*e_[l99,
         l93]*d_(m99,m97)*d_(l95,l91)*FourPi^(-2)*I^9*lam*MBH0^(-2)*
         gBH0Phibar - 2*Log[MBH0^2]*gBH0qL[f99,f2]*yu[f2,f97]*gam[y99,
         FIVE,y97]*uspin[p2,y97]*vbspin[p1,y99]*e_[l99,l93]*d_(m99,m97)
         *d_(l95,l91)*FourPi^(-2)*I^9*lam*gBH0Phi*MBH0^(-2) + 1/24*Log[
         MBH0^2]*gBH0qL[f99,f2]*yu[f2,f97]*gam[y99,FIVE,y97]*uspin[p2,
         y97]*vbspin[p1,y99]*e_[l99,l93]*d_(m99,m97)*d_(l95,l91)*
         FourPi^(-2)*I^11*g1^2*MBH0^(-2)*gBH0Phibar - 1/8*Log[MBH0^2]*
         gBH0qL[f99,f2]*yu[f2,f97]*gam[y99,FIVE,y97]*uspin[p2,y97]*
         vbspin[p1,y99]*e_[l99,l93]*d_(m99,m97)*d_(l95,l91)*FourPi^(-2)
         *I^11*g1^2*gBH0Phi*MBH0^(-2) + Log[MBH0^2]*gBH0qL[f99,f2]*yu[
         f2,f97]*gam[y99,y97]*uspin[p2,y97]*vbspin[p1,y99]*e_[l99,l95]*
         d_(m99,m97)*d_(l91,l93)*FourPi^(-2)*I^9*lam*MBH0^(-2)*
         gBH0Phibar - 2*Log[MBH0^2]*gBH0qL[f99,f2]*yu[f2,f97]*gam[y99,
         y97]*uspin[p2,y97]*vbspin[p1,y99]*e_[l99,l95]*d_(m99,m97)*
         d_(l91,l93)*FourPi^(-2)*I^9*lam*gBH0Phi*MBH0^(-2) + 1/24*Log[
         MBH0^2]*gBH0qL[f99,f2]*yu[f2,f97]*gam[y99,y97]*uspin[p2,y97]*
         vbspin[p1,y99]*e_[l99,l95]*d_(m99,m97)*d_(l91,l93)*FourPi^(-2)
         *I^11*g1^2*MBH0^(-2)*gBH0Phibar + 1/24*Log[MBH0^2]*gBH0qL[f99,
         f2]*yu[f2,f97]*gam[y99,y97]*uspin[p2,y97]*vbspin[p1,y99]*e_[
         l99,l95]*d_(m99,m97)*d_(l91,l93)*FourPi^(-2)*I^11*g1^2*gBH0Phi
         *MBH0^(-2) + Log[MBH0^2]*gBH0qL[f99,f2]*yu[f2,f97]*gam[y99,y97
         ]*uspin[p2,y97]*vbspin[p1,y99]*e_[l99,l93]*d_(m99,m97)*
         d_(l95,l91)*FourPi^(-2)*I^9*lam*MBH0^(-2)*gBH0Phibar - 2*Log[
         MBH0^2]*gBH0qL[f99,f2]*yu[f2,f97]*gam[y99,y97]*uspin[p2,y97]*
         vbspin[p1,y99]*e_[l99,l93]*d_(m99,m97)*d_(l95,l91)*FourPi^(-2)
         *I^9*lam*gBH0Phi*MBH0^(-2) + 1/24*Log[MBH0^2]*gBH0qL[f99,f2]*
         yu[f2,f97]*gam[y99,y97]*uspin[p2,y97]*vbspin[p1,y99]*e_[l99,
         l93]*d_(m99,m97)*d_(l95,l91)*FourPi^(-2)*I^11*g1^2*MBH0^(-2)*
         gBH0Phibar - 1/8*Log[MBH0^2]*gBH0qL[f99,f2]*yu[f2,f97]*gam[y99
         ,y97]*uspin[p2,y97]*vbspin[p1,y99]*e_[l99,l93]*d_(m99,m97)*
         d_(l95,l91)*FourPi^(-2)*I^11*g1^2*gBH0Phi*MBH0^(-2) + 1/2*Log[
         MBH0^2]*gBH0qL[f99,f2]*yu[f2,f6]*yu[f10,f97]*yubar[f10,f6]*
         gam[y99,FIVE,y97]*uspin[p2,y97]*vbspin[p1,y99]*e_[l99,l95]*e_[
         l91,l10]*e_[l93,l10]*d_(m99,m97)*FourPi^(-2)*I^11*gBH0Phi*
         MBH0^(-2) + 1/2*Log[MBH0^2]*gBH0qL[f99,f2]*yu[f2,f6]*yu[f10,
         f97]*yubar[f10,f6]*gam[y99,y97]*uspin[p2,y97]*vbspin[p1,y99]*
         e_[l99,l95]*e_[l91,l10]*e_[l93,l10]*d_(m99,m97)*FourPi^(-2)*
         I^11*gBH0Phi*MBH0^(-2) + 2*Log[MBH0^2]*gBH0qL[f99,f4]*gBH0uR[
         f6,f97]*yu[f4,f8]*yu[f10,f6]*yubar[f10,f8]*gam[y99,FIVE,y97]*
         uspin[p2,y97]*vbspin[p1,y99]*e_[l99,l95]*e_[l91,l10]*e_[l93,
         l10]*d_(m99,m97)*FourPi^(-2)*I^11*MBH0^(-2) + 2*Log[MBH0^2]*
         gBH0qL[f99,f4]*gBH0uR[f6,f97]*yu[f4,f8]*yu[f10,f6]*yubar[f10,
         f8]*gam[y99,FIVE,y97]*uspin[p2,y97]*vbspin[p1,y99]*e_[l99,l93]
         *e_[l95,l10]*e_[l91,l10]*d_(m99,m97)*FourPi^(-2)*I^11*
         MBH0^(-2) + 2*Log[MBH0^2]*gBH0qL[f99,f4]*gBH0uR[f6,f97]*yu[f4,
         f8]*yu[f10,f6]*yubar[f10,f8]*gam[y99,y97]*uspin[p2,y97]*
         vbspin[p1,y99]*e_[l99,l95]*e_[l91,l10]*e_[l93,l10]*d_(m99,m97)
         *FourPi^(-2)*I^11*MBH0^(-2) + 2*Log[MBH0^2]*gBH0qL[f99,f4]*
         gBH0uR[f6,f97]*yu[f4,f8]*yu[f10,f6]*yubar[f10,f8]*gam[y99,y97]
         *uspin[p2,y97]*vbspin[p1,y99]*e_[l99,l93]*e_[l95,l10]*e_[l91,
         l10]*d_(m99,m97)*FourPi^(-2)*I^11*MBH0^(-2) + 1/6*Log[MBH0^2]*
         gBH0qL[f99,f4]*yu[f4,f97]*gam[y99,FIVE,y97]*uspin[p2,y97]*
         vbspin[p1,y99]*e_[l99,l93]*d_(m99,m97)*d_(l95,l91)*FourPi^(-2)
         *I^11*g1^2*gBH0Phi*MBH0^(-2) + 1/6*Log[MBH0^2]*gBH0qL[f99,f4]*
         yu[f4,f97]*gam[y99,y97]*uspin[p2,y97]*vbspin[p1,y99]*e_[l99,
         l93]*d_(m99,m97)*d_(l95,l91)*FourPi^(-2)*I^11*g1^2*gBH0Phi*
         MBH0^(-2) + 1/2*Log[MBH0^2]*gBH0qL[f99,f4]*yu[f4,f8]*yu[f10,
         f97]*yubar[f10,f8]*gam[y99,FIVE,y97]*uspin[p2,y97]*vbspin[p1,
         y99]*e_[l99,l93]*e_[l95,l10]*e_[l91,l10]*d_(m99,m97)*
         FourPi^(-2)*I^11*gBH0Phi*MBH0^(-2) + 1/2*Log[MBH0^2]*gBH0qL[
         f99,f4]*yu[f4,f8]*yu[f10,f97]*yubar[f10,f8]*gam[y99,y97]*
         uspin[p2,y97]*vbspin[p1,y99]*e_[l99,l93]*e_[l95,l10]*e_[l91,
         l10]*d_(m99,m97)*FourPi^(-2)*I^11*gBH0Phi*MBH0^(-2) + 1/2*Log[
         MBH0^2]*gBH0uR[f2,f97]*yu[f99,f2]*Ta[n8,l95,l91]*Ta[n8,l93,l4]
         *gam[y99,FIVE,y97]*uspin[p2,y97]*vbspin[p1,y99]*e_[l99,l4]*
         d_(m99,m97)*FourPi^(-2)*I^11*gw^2*MBH0^(-2)*gBH0Phibar + 1/2*
         Log[MBH0^2]*gBH0uR[f2,f97]*yu[f99,f2]*Ta[n8,l95,l91]*Ta[n8,l93
         ,l4]*gam[y99,FIVE,y97]*uspin[p2,y97]*vbspin[p1,y99]*e_[l99,l4]
         *d_(m99,m97)*FourPi^(-2)*I^11*gw^2*gBH0Phi*MBH0^(-2) + 1/2*
         Log[MBH0^2]*gBH0uR[f2,f97]*yu[f99,f2]*Ta[n8,l95,l91]*Ta[n8,l93
         ,l4]*gam[y99,y97]*uspin[p2,y97]*vbspin[p1,y99]*e_[l99,l4]*
         d_(m99,m97)*FourPi^(-2)*I^11*gw^2*MBH0^(-2)*gBH0Phibar + 1/2*
         Log[MBH0^2]*gBH0uR[f2,f97]*yu[f99,f2]*Ta[n8,l95,l91]*Ta[n8,l93
         ,l4]*gam[y99,y97]*uspin[p2,y97]*vbspin[p1,y99]*e_[l99,l4]*
         d_(m99,m97)*FourPi^(-2)*I^11*gw^2*gBH0Phi*MBH0^(-2) + 1/2*Log[
         MBH0^2]*gBH0uR[f2,f97]*yu[f99,f2]*Ta[n8,l95,l4]*Ta[n8,l93,l91]
         *gam[y99,FIVE,y97]*uspin[p2,y97]*vbspin[p1,y99]*e_[l99,l4]*
         d_(m99,m97)*FourPi^(-2)*I^11*gw^2*MBH0^(-2)*gBH0Phibar + 1/2*
         Log[MBH0^2]*gBH0uR[f2,f97]*yu[f99,f2]*Ta[n8,l95,l4]*Ta[n8,l93,
         l91]*gam[y99,FIVE,y97]*uspin[p2,y97]*vbspin[p1,y99]*e_[l99,l4]
         *d_(m99,m97)*FourPi^(-2)*I^11*gw^2*gBH0Phi*MBH0^(-2) + 1/2*
         Log[MBH0^2]*gBH0uR[f2,f97]*yu[f99,f2]*Ta[n8,l95,l4]*Ta[n8,l93,
         l91]*gam[y99,y97]*uspin[p2,y97]*vbspin[p1,y99]*e_[l99,l4]*
         d_(m99,m97)*FourPi^(-2)*I^11*gw^2*MBH0^(-2)*gBH0Phibar + 1/2*
         Log[MBH0^2]*gBH0uR[f2,f97]*yu[f99,f2]*Ta[n8,l95,l4]*Ta[n8,l93,
         l91]*gam[y99,y97]*uspin[p2,y97]*vbspin[p1,y99]*e_[l99,l4]*
         d_(m99,m97)*FourPi^(-2)*I^11*gw^2*gBH0Phi*MBH0^(-2) - Log[
         MBH0^2]*gBH0uR[f2,f97]*yu[f99,f2]*gam[y99,FIVE,y97]*uspin[p2,
         y97]*vbspin[p1,y99]*e_[l99,l95]*d_(m99,m97)*d_(l91,l93)*
         FourPi^(-2)*I^9*lam*MBH0^(-2)*gBH0Phibar + 2*Log[MBH0^2]*
         gBH0uR[f2,f97]*yu[f99,f2]*gam[y99,FIVE,y97]*uspin[p2,y97]*
         vbspin[p1,y99]*e_[l99,l95]*d_(m99,m97)*d_(l91,l93)*FourPi^(-2)
         *I^9*lam*gBH0Phi*MBH0^(-2) + 1/8*Log[MBH0^2]*gBH0uR[f2,f97]*
         yu[f99,f2]*gam[y99,FIVE,y97]*uspin[p2,y97]*vbspin[p1,y99]*e_[
         l99,l95]*d_(m99,m97)*d_(l91,l93)*FourPi^(-2)*I^11*g1^2*
         MBH0^(-2)*gBH0Phibar + 1/8*Log[MBH0^2]*gBH0uR[f2,f97]*yu[f99,
         f2]*gam[y99,FIVE,y97]*uspin[p2,y97]*vbspin[p1,y99]*e_[l99,l95]
         *d_(m99,m97)*d_(l91,l93)*FourPi^(-2)*I^11*g1^2*gBH0Phi*
         MBH0^(-2) - Log[MBH0^2]*gBH0uR[f2,f97]*yu[f99,f2]*gam[y99,FIVE
         ,y97]*uspin[p2,y97]*vbspin[p1,y99]*e_[l99,l93]*d_(m99,m97)*
         d_(l95,l91)*FourPi^(-2)*I^9*lam*MBH0^(-2)*gBH0Phibar + 2*Log[
         MBH0^2]*gBH0uR[f2,f97]*yu[f99,f2]*gam[y99,FIVE,y97]*uspin[p2,
         y97]*vbspin[p1,y99]*e_[l99,l93]*d_(m99,m97)*d_(l95,l91)*
         FourPi^(-2)*I^9*lam*gBH0Phi*MBH0^(-2) + 1/8*Log[MBH0^2]*
         gBH0uR[f2,f97]*yu[f99,f2]*gam[y99,FIVE,y97]*uspin[p2,y97]*
         vbspin[p1,y99]*e_[l99,l93]*d_(m99,m97)*d_(l95,l91)*FourPi^(-2)
         *I^11*g1^2*MBH0^(-2)*gBH0Phibar + 1/8*Log[MBH0^2]*gBH0uR[f2,
         f97]*yu[f99,f2]*gam[y99,FIVE,y97]*uspin[p2,y97]*vbspin[p1,y99]
         *e_[l99,l93]*d_(m99,m97)*d_(l95,l91)*FourPi^(-2)*I^11*g1^2*
         gBH0Phi*MBH0^(-2) - Log[MBH0^2]*gBH0uR[f2,f97]*yu[f99,f2]*gam[
         y99,y97]*uspin[p2,y97]*vbspin[p1,y99]*e_[l99,l95]*d_(m99,m97)*
         d_(l91,l93)*FourPi^(-2)*I^9*lam*MBH0^(-2)*gBH0Phibar + 2*Log[
         MBH0^2]*gBH0uR[f2,f97]*yu[f99,f2]*gam[y99,y97]*uspin[p2,y97]*
         vbspin[p1,y99]*e_[l99,l95]*d_(m99,m97)*d_(l91,l93)*FourPi^(-2)
         *I^9*lam*gBH0Phi*MBH0^(-2) + 1/8*Log[MBH0^2]*gBH0uR[f2,f97]*
         yu[f99,f2]*gam[y99,y97]*uspin[p2,y97]*vbspin[p1,y99]*e_[l99,
         l95]*d_(m99,m97)*d_(l91,l93)*FourPi^(-2)*I^11*g1^2*MBH0^(-2)*
         gBH0Phibar + 1/8*Log[MBH0^2]*gBH0uR[f2,f97]*yu[f99,f2]*gam[y99
         ,y97]*uspin[p2,y97]*vbspin[p1,y99]*e_[l99,l95]*d_(m99,m97)*
         d_(l91,l93)*FourPi^(-2)*I^11*g1^2*gBH0Phi*MBH0^(-2) - Log[
         MBH0^2]*gBH0uR[f2,f97]*yu[f99,f2]*gam[y99,y97]*uspin[p2,y97]*
         vbspin[p1,y99]*e_[l99,l93]*d_(m99,m97)*d_(l95,l91)*FourPi^(-2)
         *I^9*lam*MBH0^(-2)*gBH0Phibar + 2*Log[MBH0^2]*gBH0uR[f2,f97]*
         yu[f99,f2]*gam[y99,y97]*uspin[p2,y97]*vbspin[p1,y99]*e_[l99,
         l93]*d_(m99,m97)*d_(l95,l91)*FourPi^(-2)*I^9*lam*gBH0Phi*
         MBH0^(-2) + 1/8*Log[MBH0^2]*gBH0uR[f2,f97]*yu[f99,f2]*gam[y99,
         y97]*uspin[p2,y97]*vbspin[p1,y99]*e_[l99,l93]*d_(m99,m97)*
         d_(l95,l91)*FourPi^(-2)*I^11*g1^2*MBH0^(-2)*gBH0Phibar + 1/8*
         Log[MBH0^2]*gBH0uR[f2,f97]*yu[f99,f2]*gam[y99,y97]*uspin[p2,
         y97]*vbspin[p1,y99]*e_[l99,l93]*d_(m99,m97)*d_(l95,l91)*
         FourPi^(-2)*I^11*g1^2*gBH0Phi*MBH0^(-2) - 1/2*Log[MBH0^2]*
         gBH0uR[f6,f97]*yu[f99,f6]*Ta[n4,l99,l2]*Ta[n4,l95,l91]*gam[y99
         ,FIVE,y97]*uspin[p2,y97]*vbspin[p1,y99]*e_[l93,l2]*d_(m99,m97)
         *FourPi^(-2)*I^11*gw^2*gBH0Phi*MBH0^(-2) - 1/2*Log[MBH0^2]*
         gBH0uR[f6,f97]*yu[f99,f6]*Ta[n4,l99,l2]*Ta[n4,l95,l91]*gam[y99
         ,y97]*uspin[p2,y97]*vbspin[p1,y99]*e_[l93,l2]*d_(m99,m97)*
         FourPi^(-2)*I^11*gw^2*gBH0Phi*MBH0^(-2) - 1/2*Log[MBH0^2]*
         gBH0uR[f6,f97]*yu[f99,f6]*Ta[n4,l99,l2]*Ta[n4,l93,l91]*gam[y99
         ,FIVE,y97]*uspin[p2,y97]*vbspin[p1,y99]*e_[l95,l2]*d_(m99,m97)
         *FourPi^(-2)*I^11*gw^2*MBH0^(-2)*gBH0Phibar - 1/2*Log[MBH0^2]*
         gBH0uR[f6,f97]*yu[f99,f6]*Ta[n4,l99,l2]*Ta[n4,l93,l91]*gam[y99
         ,FIVE,y97]*uspin[p2,y97]*vbspin[p1,y99]*e_[l95,l2]*d_(m99,m97)
         *FourPi^(-2)*I^11*gw^2*gBH0Phi*MBH0^(-2) - 1/2*Log[MBH0^2]*
         gBH0uR[f6,f97]*yu[f99,f6]*Ta[n4,l99,l2]*Ta[n4,l93,l91]*gam[y99
         ,y97]*uspin[p2,y97]*vbspin[p1,y99]*e_[l95,l2]*d_(m99,m97)*
         FourPi^(-2)*I^11*gw^2*MBH0^(-2)*gBH0Phibar - 1/2*Log[MBH0^2]*
         gBH0uR[f6,f97]*yu[f99,f6]*Ta[n4,l99,l2]*Ta[n4,l93,l91]*gam[y99
         ,y97]*uspin[p2,y97]*vbspin[p1,y99]*e_[l95,l2]*d_(m99,m97)*
         FourPi^(-2)*I^11*gw^2*gBH0Phi*MBH0^(-2) + 1/24*Log[MBH0^2]*
         gBH0uR[f6,f97]*yu[f99,f6]*gam[y99,FIVE,y97]*uspin[p2,y97]*
         vbspin[p1,y99]*e_[l99,l95]*d_(m99,m97)*d_(l91,l93)*FourPi^(-2)
         *I^11*g1^2*MBH0^(-2)*gBH0Phibar + 1/24*Log[MBH0^2]*gBH0uR[f6,
         f97]*yu[f99,f6]*gam[y99,FIVE,y97]*uspin[p2,y97]*vbspin[p1,y99]
         *e_[l99,l95]*d_(m99,m97)*d_(l91,l93)*FourPi^(-2)*I^11*g1^2*
         gBH0Phi*MBH0^(-2) + 1/24*Log[MBH0^2]*gBH0uR[f6,f97]*yu[f99,f6]
         *gam[y99,FIVE,y97]*uspin[p2,y97]*vbspin[p1,y99]*e_[l99,l93]*
         d_(m99,m97)*d_(l95,l91)*FourPi^(-2)*I^11*g1^2*gBH0Phi*
         MBH0^(-2) + 1/24*Log[MBH0^2]*gBH0uR[f6,f97]*yu[f99,f6]*gam[y99
         ,y97]*uspin[p2,y97]*vbspin[p1,y99]*e_[l99,l95]*d_(m99,m97)*
         d_(l91,l93)*FourPi^(-2)*I^11*g1^2*MBH0^(-2)*gBH0Phibar + 1/24*
         Log[MBH0^2]*gBH0uR[f6,f97]*yu[f99,f6]*gam[y99,y97]*uspin[p2,
         y97]*vbspin[p1,y99]*e_[l99,l95]*d_(m99,m97)*d_(l91,l93)*
         FourPi^(-2)*I^11*g1^2*gBH0Phi*MBH0^(-2) + 1/24*Log[MBH0^2]*
         gBH0uR[f6,f97]*yu[f99,f6]*gam[y99,y97]*uspin[p2,y97]*vbspin[p1
         ,y99]*e_[l99,l93]*d_(m99,m97)*d_(l95,l91)*FourPi^(-2)*I^11*
         g1^2*gBH0Phi*MBH0^(-2) - 1/2*Log[MBH0^2]*gBH0uR[f8,f97]*yu[f99
         ,f8]*Ta[n2,l99,l4]*Ta[n2,l95,l91]*gam[y99,FIVE,y97]*uspin[p2,
         y97]*vbspin[p1,y99]*e_[l93,l4]*d_(m99,m97)*FourPi^(-2)*I^11*
         gw^2*MBH0^(-2)*gBH0Phibar - 1/2*Log[MBH0^2]*gBH0uR[f8,f97]*yu[
         f99,f8]*Ta[n2,l99,l4]*Ta[n2,l95,l91]*gam[y99,y97]*uspin[p2,y97
         ]*vbspin[p1,y99]*e_[l93,l4]*d_(m99,m97)*FourPi^(-2)*I^11*gw^2*
         MBH0^(-2)*gBH0Phibar + 1/24*Log[MBH0^2]*gBH0uR[f8,f97]*yu[f99,
         f8]*gam[y99,FIVE,y97]*uspin[p2,y97]*vbspin[p1,y99]*e_[l99,l93]
         *d_(m99,m97)*d_(l95,l91)*FourPi^(-2)*I^11*g1^2*MBH0^(-2)*
         gBH0Phibar + 1/24*Log[MBH0^2]*gBH0uR[f8,f97]*yu[f99,f8]*gam[
         y99,y97]*uspin[p2,y97]*vbspin[p1,y99]*e_[l99,l93]*d_(m99,m97)*
         d_(l95,l91)*FourPi^(-2)*I^11*g1^2*MBH0^(-2)*gBH0Phibar - 1/2*
         Log[MBH0^2]*gBH0uR[f10,f97]*yu[f99,f4]*yu[f8,f10]*yubar[f8,f4]
         *gam[y99,FIVE,y97]*uspin[p2,y97]*vbspin[p1,y99]*e_[l99,l95]*
         e_[l91,l8]*e_[l93,l8]*d_(m99,m97)*FourPi^(-2)*I^11*gBH0Phi*
         MBH0^(-2) - 1/2*Log[MBH0^2]*gBH0uR[f10,f97]*yu[f99,f4]*yu[f8,
         f10]*yubar[f8,f4]*gam[y99,FIVE,y97]*uspin[p2,y97]*vbspin[p1,
         y99]*e_[l99,l93]*e_[l95,l8]*e_[l91,l8]*d_(m99,m97)*FourPi^(-2)
         *I^11*gBH0Phi*MBH0^(-2) - 1/2*Log[MBH0^2]*gBH0uR[f10,f97]*yu[
         f99,f4]*yu[f8,f10]*yubar[f8,f4]*gam[y99,y97]*uspin[p2,y97]*
         vbspin[p1,y99]*e_[l99,l95]*e_[l91,l8]*e_[l93,l8]*d_(m99,m97)*
         FourPi^(-2)*I^11*gBH0Phi*MBH0^(-2) - 1/2*Log[MBH0^2]*gBH0uR[
         f10,f97]*yu[f99,f4]*yu[f8,f10]*yubar[f8,f4]*gam[y99,y97]*
         uspin[p2,y97]*vbspin[p1,y99]*e_[l99,l93]*e_[l95,l8]*e_[l91,l8]
         *d_(m99,m97)*FourPi^(-2)*I^11*gBH0Phi*MBH0^(-2) - 1/2*Log[
         MBH0^2]*yu[f99,f97]*Ta[n4,l99,l2]*Ta[n4,l95,l91]*gam[y99,FIVE,
         y97]*uspin[p2,y97]*vbspin[p1,y99]*e_[l93,l2]*d_(m99,m97)*
         FourPi^(-2)*I^11*gw^2*gBH0Phi*MBH0^(-2)*gBH0Phibar - 1/2*Log[
         MBH0^2]*yu[f99,f97]*Ta[n4,l99,l2]*Ta[n4,l95,l91]*gam[y99,FIVE,
         y97]*uspin[p2,y97]*vbspin[p1,y99]*e_[l93,l2]*d_(m99,m97)*
         FourPi^(-2)*I^11*gw^2*gBH0Phi^2*MBH0^(-2) - 1/2*Log[MBH0^2]*
         yu[f99,f97]*Ta[n4,l99,l2]*Ta[n4,l95,l91]*gam[y99,y97]*uspin[p2
         ,y97]*vbspin[p1,y99]*e_[l93,l2]*d_(m99,m97)*FourPi^(-2)*I^11*
         gw^2*gBH0Phi*MBH0^(-2)*gBH0Phibar - 1/2*Log[MBH0^2]*yu[f99,f97
         ]*Ta[n4,l99,l2]*Ta[n4,l95,l91]*gam[y99,y97]*uspin[p2,y97]*
         vbspin[p1,y99]*e_[l93,l2]*d_(m99,m97)*FourPi^(-2)*I^11*gw^2*
         gBH0Phi^2*MBH0^(-2) - 1/2*Log[MBH0^2]*yu[f99,f97]*Ta[n4,l99,l2
         ]*Ta[n4,l93,l91]*gam[y99,FIVE,y97]*uspin[p2,y97]*vbspin[p1,y99
         ]*e_[l95,l2]*d_(m99,m97)*FourPi^(-2)*I^11*gw^2*gBH0Phi*
         MBH0^(-2)*gBH0Phibar - 1/2*Log[MBH0^2]*yu[f99,f97]*Ta[n4,l99,
         l2]*Ta[n4,l93,l91]*gam[y99,FIVE,y97]*uspin[p2,y97]*vbspin[p1,
         y99]*e_[l95,l2]*d_(m99,m97)*FourPi^(-2)*I^11*gw^2*gBH0Phi^2*
         MBH0^(-2) - 1/2*Log[MBH0^2]*yu[f99,f97]*Ta[n4,l99,l2]*Ta[n4,
         l93,l91]*gam[y99,y97]*uspin[p2,y97]*vbspin[p1,y99]*e_[l95,l2]*
         d_(m99,m97)*FourPi^(-2)*I^11*gw^2*gBH0Phi*MBH0^(-2)*gBH0Phibar
          - 1/2*Log[MBH0^2]*yu[f99,f97]*Ta[n4,l99,l2]*Ta[n4,l93,l91]*
         gam[y99,y97]*uspin[p2,y97]*vbspin[p1,y99]*e_[l95,l2]*
         d_(m99,m97)*FourPi^(-2)*I^11*gw^2*gBH0Phi^2*MBH0^(-2) - 1/8*
         Log[MBH0^2]*yu[f99,f97]*gam[y99,FIVE,y97]*uspin[p2,y97]*
         vbspin[p1,y99]*e_[l99,l95]*d_(m99,m97)*d_(l91,l93)*FourPi^(-2)
         *I^11*g1^2*gBH0Phi*MBH0^(-2)*gBH0Phibar - 1/8*Log[MBH0^2]*yu[
         f99,f97]*gam[y99,FIVE,y97]*uspin[p2,y97]*vbspin[p1,y99]*e_[l99
         ,l95]*d_(m99,m97)*d_(l91,l93)*FourPi^(-2)*I^11*g1^2*gBH0Phi^2*
         MBH0^(-2) - 1/8*Log[MBH0^2]*yu[f99,f97]*gam[y99,FIVE,y97]*
         uspin[p2,y97]*vbspin[p1,y99]*e_[l99,l93]*d_(m99,m97)*
         d_(l95,l91)*FourPi^(-2)*I^11*g1^2*gBH0Phi*MBH0^(-2)*gBH0Phibar
          - 1/8*Log[MBH0^2]*yu[f99,f97]*gam[y99,FIVE,y97]*uspin[p2,y97]
         *vbspin[p1,y99]*e_[l99,l93]*d_(m99,m97)*d_(l95,l91)*
         FourPi^(-2)*I^11*g1^2*gBH0Phi^2*MBH0^(-2) - 1/8*Log[MBH0^2]*
         yu[f99,f97]*gam[y99,y97]*uspin[p2,y97]*vbspin[p1,y99]*e_[l99,
         l95]*d_(m99,m97)*d_(l91,l93)*FourPi^(-2)*I^11*g1^2*gBH0Phi*
         MBH0^(-2)*gBH0Phibar - 1/8*Log[MBH0^2]*yu[f99,f97]*gam[y99,y97
         ]*uspin[p2,y97]*vbspin[p1,y99]*e_[l99,l95]*d_(m99,m97)*
         d_(l91,l93)*FourPi^(-2)*I^11*g1^2*gBH0Phi^2*MBH0^(-2) - 1/8*
         Log[MBH0^2]*yu[f99,f97]*gam[y99,y97]*uspin[p2,y97]*vbspin[p1,
         y99]*e_[l99,l93]*d_(m99,m97)*d_(l95,l91)*FourPi^(-2)*I^11*g1^2
         *gBH0Phi*MBH0^(-2)*gBH0Phibar - 1/8*Log[MBH0^2]*yu[f99,f97]*
         gam[y99,y97]*uspin[p2,y97]*vbspin[p1,y99]*e_[l99,l93]*
         d_(m99,m97)*d_(l95,l91)*FourPi^(-2)*I^11*g1^2*gBH0Phi^2*
         MBH0^(-2) - 1/2*Log[MBH0^2]*yu[f99,f4]*yu[f8,f97]*yubar[f8,f4]
         *gam[y99,FIVE,y97]*uspin[p2,y97]*vbspin[p1,y99]*e_[l99,l95]*
         e_[l91,l8]*e_[l93,l8]*d_(m99,m97)*FourPi^(-2)*I^11*gBH0Phi^2*
         MBH0^(-2) - 1/2*Log[MBH0^2]*yu[f99,f4]*yu[f8,f97]*yubar[f8,f4]
         *gam[y99,FIVE,y97]*uspin[p2,y97]*vbspin[p1,y99]*e_[l99,l93]*
         e_[l95,l8]*e_[l91,l8]*d_(m99,m97)*FourPi^(-2)*I^11*gBH0Phi^2*
         MBH0^(-2) - 1/2*Log[MBH0^2]*yu[f99,f4]*yu[f8,f97]*yubar[f8,f4]
         *gam[y99,y97]*uspin[p2,y97]*vbspin[p1,y99]*e_[l99,l95]*e_[l91,
         l8]*e_[l93,l8]*d_(m99,m97)*FourPi^(-2)*I^11*gBH0Phi^2*
         MBH0^(-2) - 1/2*Log[MBH0^2]*yu[f99,f4]*yu[f8,f97]*yubar[f8,f4]
         *gam[y99,y97]*uspin[p2,y97]*vbspin[p1,y99]*e_[l99,l93]*e_[l95,
         l8]*e_[l91,l8]*d_(m99,m97)*FourPi^(-2)*I^11*gBH0Phi^2*
         MBH0^(-2) - gBH0qL[f99,f2]*gBH0uR[f6,f97]*yu[f2,f6]*gam[y99,
         FIVE,y97]*uspin[p2,y97]*vbspin[p1,y99]*e_[l99,l95]*d_(m99,m97)
         *d_(l91,l93)*FourPi^(-2)*I^11*gBH0Phi*MBH0^(-2)*gBH0Phibar - 1/
         2*gBH0qL[f99,f2]*gBH0uR[f6,f97]*yu[f2,f6]*gam[y99,FIVE,y97]*
         uspin[p2,y97]*vbspin[p1,y99]*e_[l99,l93]*d_(m99,m97)*
         d_(l95,l91)*FourPi^(-2)*I^11*gBH0Phi*MBH0^(-2)*gBH0Phibar - 
         gBH0qL[f99,f2]*gBH0uR[f6,f97]*yu[f2,f6]*gam[y99,y97]*uspin[p2,
         y97]*vbspin[p1,y99]*e_[l99,l95]*d_(m99,m97)*d_(l91,l93)*
         FourPi^(-2)*I^11*gBH0Phi*MBH0^(-2)*gBH0Phibar - 1/2*gBH0qL[f99
         ,f2]*gBH0uR[f6,f97]*yu[f2,f6]*gam[y99,y97]*uspin[p2,y97]*
         vbspin[p1,y99]*e_[l99,l93]*d_(m99,m97)*d_(l95,l91)*FourPi^(-2)
         *I^11*gBH0Phi*MBH0^(-2)*gBH0Phibar + 1/2*gBH0qL[f99,f2]*yu[f2,
         f97]*Ta[n10,l95,l91]*Ta[n10,l93,l6]*gam[y99,FIVE,y97]*uspin[p2
         ,y97]*vbspin[p1,y99]*e_[l99,l6]*d_(m99,m97)*FourPi^(-2)*I^11*
         gw^2*MBH0^(-2)*gBH0Phibar + 1/2*gBH0qL[f99,f2]*yu[f2,f97]*Ta[
         n10,l95,l91]*Ta[n10,l93,l6]*gam[y99,FIVE,y97]*uspin[p2,y97]*
         vbspin[p1,y99]*e_[l99,l6]*d_(m99,m97)*FourPi^(-2)*I^11*gw^2*
         gBH0Phi*MBH0^(-2) + 1/2*gBH0qL[f99,f2]*yu[f2,f97]*Ta[n10,l95,
         l91]*Ta[n10,l93,l6]*gam[y99,y97]*uspin[p2,y97]*vbspin[p1,y99]*
         e_[l99,l6]*d_(m99,m97)*FourPi^(-2)*I^11*gw^2*MBH0^(-2)*
         gBH0Phibar + 1/2*gBH0qL[f99,f2]*yu[f2,f97]*Ta[n10,l95,l91]*Ta[
         n10,l93,l6]*gam[y99,y97]*uspin[p2,y97]*vbspin[p1,y99]*e_[l99,
         l6]*d_(m99,m97)*FourPi^(-2)*I^11*gw^2*gBH0Phi*MBH0^(-2) + 1/2*
         gBH0qL[f99,f2]*yu[f2,f97]*Ta[n10,l95,l6]*Ta[n10,l93,l91]*gam[
         y99,FIVE,y97]*uspin[p2,y97]*vbspin[p1,y99]*e_[l99,l6]*
         d_(m99,m97)*FourPi^(-2)*I^11*gw^2*MBH0^(-2)*gBH0Phibar + 1/2*
         gBH0qL[f99,f2]*yu[f2,f97]*Ta[n10,l95,l6]*Ta[n10,l93,l91]*gam[
         y99,FIVE,y97]*uspin[p2,y97]*vbspin[p1,y99]*e_[l99,l6]*
         d_(m99,m97)*FourPi^(-2)*I^11*gw^2*gBH0Phi*MBH0^(-2) + 1/2*
         gBH0qL[f99,f2]*yu[f2,f97]*Ta[n10,l95,l6]*Ta[n10,l93,l91]*gam[
         y99,y97]*uspin[p2,y97]*vbspin[p1,y99]*e_[l99,l6]*d_(m99,m97)*
         FourPi^(-2)*I^11*gw^2*MBH0^(-2)*gBH0Phibar + 1/2*gBH0qL[f99,f2
         ]*yu[f2,f97]*Ta[n10,l95,l6]*Ta[n10,l93,l91]*gam[y99,y97]*
         uspin[p2,y97]*vbspin[p1,y99]*e_[l99,l6]*d_(m99,m97)*
         FourPi^(-2)*I^11*gw^2*gBH0Phi*MBH0^(-2) - gBH0qL[f99,f2]*yu[f2
         ,f97]*gam[y99,FIVE,y97]*uspin[p2,y97]*vbspin[p1,y99]*e_[l99,
         l95]*d_(m99,m97)*d_(l91,l93)*FourPi^(-2)*I^9*lam*MBH0^(-2)*
         gBH0Phibar + 2*gBH0qL[f99,f2]*yu[f2,f97]*gam[y99,FIVE,y97]*
         uspin[p2,y97]*vbspin[p1,y99]*e_[l99,l95]*d_(m99,m97)*
         d_(l91,l93)*FourPi^(-2)*I^9*lam*gBH0Phi*MBH0^(-2) - gBH0qL[f99
         ,f2]*yu[f2,f97]*gam[y99,FIVE,y97]*uspin[p2,y97]*vbspin[p1,y99]
         *e_[l99,l95]*d_(m99,m97)*d_(l91,l93)*FourPi^(-2)*I^11*
         gBH0Phi^2*MBH0^(-2)*gBH0Phibar - 1/24*gBH0qL[f99,f2]*yu[f2,f97
         ]*gam[y99,FIVE,y97]*uspin[p2,y97]*vbspin[p1,y99]*e_[l99,l95]*
         d_(m99,m97)*d_(l91,l93)*FourPi^(-2)*I^11*g1^2*MBH0^(-2)*
         gBH0Phibar - 1/24*gBH0qL[f99,f2]*yu[f2,f97]*gam[y99,FIVE,y97]*
         uspin[p2,y97]*vbspin[p1,y99]*e_[l99,l95]*d_(m99,m97)*
         d_(l91,l93)*FourPi^(-2)*I^11*g1^2*gBH0Phi*MBH0^(-2) - gBH0qL[
         f99,f2]*yu[f2,f97]*gam[y99,FIVE,y97]*uspin[p2,y97]*vbspin[p1,
         y99]*e_[l99,l93]*d_(m99,m97)*d_(l95,l91)*FourPi^(-2)*I^9*lam*
         MBH0^(-2)*gBH0Phibar + 2*gBH0qL[f99,f2]*yu[f2,f97]*gam[y99,
         FIVE,y97]*uspin[p2,y97]*vbspin[p1,y99]*e_[l99,l93]*d_(m99,m97)
         *d_(l95,l91)*FourPi^(-2)*I^9*lam*gBH0Phi*MBH0^(-2) - gBH0qL[
         f99,f2]*yu[f2,f97]*gam[y99,FIVE,y97]*uspin[p2,y97]*vbspin[p1,
         y99]*e_[l99,l93]*d_(m99,m97)*d_(l95,l91)*FourPi^(-2)*I^11*
         gBH0Phi^2*MBH0^(-2)*gBH0Phibar - 1/24*gBH0qL[f99,f2]*yu[f2,f97
         ]*gam[y99,FIVE,y97]*uspin[p2,y97]*vbspin[p1,y99]*e_[l99,l93]*
         d_(m99,m97)*d_(l95,l91)*FourPi^(-2)*I^11*g1^2*MBH0^(-2)*
         gBH0Phibar + 1/8*gBH0qL[f99,f2]*yu[f2,f97]*gam[y99,FIVE,y97]*
         uspin[p2,y97]*vbspin[p1,y99]*e_[l99,l93]*d_(m99,m97)*
         d_(l95,l91)*FourPi^(-2)*I^11*g1^2*gBH0Phi*MBH0^(-2) - gBH0qL[
         f99,f2]*yu[f2,f97]*gam[y99,y97]*uspin[p2,y97]*vbspin[p1,y99]*
         e_[l99,l95]*d_(m99,m97)*d_(l91,l93)*FourPi^(-2)*I^9*lam*
         MBH0^(-2)*gBH0Phibar + 2*gBH0qL[f99,f2]*yu[f2,f97]*gam[y99,y97
         ]*uspin[p2,y97]*vbspin[p1,y99]*e_[l99,l95]*d_(m99,m97)*
         d_(l91,l93)*FourPi^(-2)*I^9*lam*gBH0Phi*MBH0^(-2) - gBH0qL[f99
         ,f2]*yu[f2,f97]*gam[y99,y97]*uspin[p2,y97]*vbspin[p1,y99]*e_[
         l99,l95]*d_(m99,m97)*d_(l91,l93)*FourPi^(-2)*I^11*gBH0Phi^2*
         MBH0^(-2)*gBH0Phibar - 1/24*gBH0qL[f99,f2]*yu[f2,f97]*gam[y99,
         y97]*uspin[p2,y97]*vbspin[p1,y99]*e_[l99,l95]*d_(m99,m97)*
         d_(l91,l93)*FourPi^(-2)*I^11*g1^2*MBH0^(-2)*gBH0Phibar - 1/24*
         gBH0qL[f99,f2]*yu[f2,f97]*gam[y99,y97]*uspin[p2,y97]*vbspin[p1
         ,y99]*e_[l99,l95]*d_(m99,m97)*d_(l91,l93)*FourPi^(-2)*I^11*
         g1^2*gBH0Phi*MBH0^(-2) - gBH0qL[f99,f2]*yu[f2,f97]*gam[y99,y97
         ]*uspin[p2,y97]*vbspin[p1,y99]*e_[l99,l93]*d_(m99,m97)*
         d_(l95,l91)*FourPi^(-2)*I^9*lam*MBH0^(-2)*gBH0Phibar + 2*
         gBH0qL[f99,f2]*yu[f2,f97]*gam[y99,y97]*uspin[p2,y97]*vbspin[p1
         ,y99]*e_[l99,l93]*d_(m99,m97)*d_(l95,l91)*FourPi^(-2)*I^9*lam*
         gBH0Phi*MBH0^(-2) - gBH0qL[f99,f2]*yu[f2,f97]*gam[y99,y97]*
         uspin[p2,y97]*vbspin[p1,y99]*e_[l99,l93]*d_(m99,m97)*
         d_(l95,l91)*FourPi^(-2)*I^11*gBH0Phi^2*MBH0^(-2)*gBH0Phibar - 
         1/24*gBH0qL[f99,f2]*yu[f2,f97]*gam[y99,y97]*uspin[p2,y97]*
         vbspin[p1,y99]*e_[l99,l93]*d_(m99,m97)*d_(l95,l91)*FourPi^(-2)
         *I^11*g1^2*MBH0^(-2)*gBH0Phibar + 1/8*gBH0qL[f99,f2]*yu[f2,f97
         ]*gam[y99,y97]*uspin[p2,y97]*vbspin[p1,y99]*e_[l99,l93]*
         d_(m99,m97)*d_(l95,l91)*FourPi^(-2)*I^11*g1^2*gBH0Phi*
         MBH0^(-2) - 1/2*gBH0qL[f99,f2]*yu[f2,f6]*yu[f10,f97]*yubar[f10
         ,f6]*gam[y99,FIVE,y97]*uspin[p2,y97]*vbspin[p1,y99]*e_[l99,l95
         ]*e_[l91,l10]*e_[l93,l10]*d_(m99,m97)*FourPi^(-2)*I^11*gBH0Phi
         *MBH0^(-2) - 1/2*gBH0qL[f99,f2]*yu[f2,f6]*yu[f10,f97]*yubar[
         f10,f6]*gam[y99,y97]*uspin[p2,y97]*vbspin[p1,y99]*e_[l99,l95]*
         e_[l91,l10]*e_[l93,l10]*d_(m99,m97)*FourPi^(-2)*I^11*gBH0Phi*
         MBH0^(-2) - gBH0qL[f99,f4]*gBH0uR[f6,f97]*yu[f4,f8]*yu[f10,f6]
         *yubar[f10,f8]*gam[y99,FIVE,y97]*uspin[p2,y97]*vbspin[p1,y99]*
         e_[l99,l95]*e_[l91,l10]*e_[l93,l10]*d_(m99,m97)*FourPi^(-2)*
         I^11*MBH0^(-2) - gBH0qL[f99,f4]*gBH0uR[f6,f97]*yu[f4,f8]*yu[
         f10,f6]*yubar[f10,f8]*gam[y99,FIVE,y97]*uspin[p2,y97]*vbspin[
         p1,y99]*e_[l99,l93]*e_[l95,l10]*e_[l91,l10]*d_(m99,m97)*
         FourPi^(-2)*I^11*MBH0^(-2) - gBH0qL[f99,f4]*gBH0uR[f6,f97]*yu[
         f4,f8]*yu[f10,f6]*yubar[f10,f8]*gam[y99,y97]*uspin[p2,y97]*
         vbspin[p1,y99]*e_[l99,l95]*e_[l91,l10]*e_[l93,l10]*d_(m99,m97)
         *FourPi^(-2)*I^11*MBH0^(-2) - gBH0qL[f99,f4]*gBH0uR[f6,f97]*
         yu[f4,f8]*yu[f10,f6]*yubar[f10,f8]*gam[y99,y97]*uspin[p2,y97]*
         vbspin[p1,y99]*e_[l99,l93]*e_[l95,l10]*e_[l91,l10]*d_(m99,m97)
         *FourPi^(-2)*I^11*MBH0^(-2) - 1/2*gBH0qL[f99,f4]*gBH0uR[f8,f97
         ]*yu[f4,f8]*gam[y99,FIVE,y97]*uspin[p2,y97]*vbspin[p1,y99]*e_[
         l99,l93]*d_(m99,m97)*d_(l95,l91)*FourPi^(-2)*I^11*gBH0Phi*
         MBH0^(-2)*gBH0Phibar - 1/2*gBH0qL[f99,f4]*gBH0uR[f8,f97]*yu[f4
         ,f8]*gam[y99,y97]*uspin[p2,y97]*vbspin[p1,y99]*e_[l99,l93]*
         d_(m99,m97)*d_(l95,l91)*FourPi^(-2)*I^11*gBH0Phi*MBH0^(-2)*
         gBH0Phibar - 1/6*gBH0qL[f99,f4]*yu[f4,f97]*gam[y99,FIVE,y97]*
         uspin[p2,y97]*vbspin[p1,y99]*e_[l99,l93]*d_(m99,m97)*
         d_(l95,l91)*FourPi^(-2)*I^11*g1^2*gBH0Phi*MBH0^(-2) - 1/6*
         gBH0qL[f99,f4]*yu[f4,f97]*gam[y99,y97]*uspin[p2,y97]*vbspin[p1
         ,y99]*e_[l99,l93]*d_(m99,m97)*d_(l95,l91)*FourPi^(-2)*I^11*
         g1^2*gBH0Phi*MBH0^(-2) - 1/2*gBH0qL[f99,f4]*yu[f4,f8]*yu[f10,
         f97]*yubar[f10,f8]*gam[y99,FIVE,y97]*uspin[p2,y97]*vbspin[p1,
         y99]*e_[l99,l93]*e_[l95,l10]*e_[l91,l10]*d_(m99,m97)*
         FourPi^(-2)*I^11*gBH0Phi*MBH0^(-2) - 1/2*gBH0qL[f99,f4]*yu[f4,
         f8]*yu[f10,f97]*yubar[f10,f8]*gam[y99,y97]*uspin[p2,y97]*
         vbspin[p1,y99]*e_[l99,l93]*e_[l95,l10]*e_[l91,l10]*d_(m99,m97)
         *FourPi^(-2)*I^11*gBH0Phi*MBH0^(-2) - 1/2*gBH0uR[f2,f97]*yu[
         f99,f2]*Ta[n8,l95,l91]*Ta[n8,l93,l4]*gam[y99,FIVE,y97]*uspin[
         p2,y97]*vbspin[p1,y99]*e_[l99,l4]*d_(m99,m97)*FourPi^(-2)*I^11
         *gw^2*MBH0^(-2)*gBH0Phibar - 1/2*gBH0uR[f2,f97]*yu[f99,f2]*Ta[
         n8,l95,l91]*Ta[n8,l93,l4]*gam[y99,FIVE,y97]*uspin[p2,y97]*
         vbspin[p1,y99]*e_[l99,l4]*d_(m99,m97)*FourPi^(-2)*I^11*gw^2*
         gBH0Phi*MBH0^(-2) - 1/2*gBH0uR[f2,f97]*yu[f99,f2]*Ta[n8,l95,
         l91]*Ta[n8,l93,l4]*gam[y99,y97]*uspin[p2,y97]*vbspin[p1,y99]*
         e_[l99,l4]*d_(m99,m97)*FourPi^(-2)*I^11*gw^2*MBH0^(-2)*
         gBH0Phibar - 1/2*gBH0uR[f2,f97]*yu[f99,f2]*Ta[n8,l95,l91]*Ta[
         n8,l93,l4]*gam[y99,y97]*uspin[p2,y97]*vbspin[p1,y99]*e_[l99,l4
         ]*d_(m99,m97)*FourPi^(-2)*I^11*gw^2*gBH0Phi*MBH0^(-2) - 1/2*
         gBH0uR[f2,f97]*yu[f99,f2]*Ta[n8,l95,l4]*Ta[n8,l93,l91]*gam[y99
         ,FIVE,y97]*uspin[p2,y97]*vbspin[p1,y99]*e_[l99,l4]*d_(m99,m97)
         *FourPi^(-2)*I^11*gw^2*MBH0^(-2)*gBH0Phibar - 1/2*gBH0uR[f2,
         f97]*yu[f99,f2]*Ta[n8,l95,l4]*Ta[n8,l93,l91]*gam[y99,FIVE,y97]
         *uspin[p2,y97]*vbspin[p1,y99]*e_[l99,l4]*d_(m99,m97)*
         FourPi^(-2)*I^11*gw^2*gBH0Phi*MBH0^(-2) - 1/2*gBH0uR[f2,f97]*
         yu[f99,f2]*Ta[n8,l95,l4]*Ta[n8,l93,l91]*gam[y99,y97]*uspin[p2,
         y97]*vbspin[p1,y99]*e_[l99,l4]*d_(m99,m97)*FourPi^(-2)*I^11*
         gw^2*MBH0^(-2)*gBH0Phibar - 1/2*gBH0uR[f2,f97]*yu[f99,f2]*Ta[
         n8,l95,l4]*Ta[n8,l93,l91]*gam[y99,y97]*uspin[p2,y97]*vbspin[p1
         ,y99]*e_[l99,l4]*d_(m99,m97)*FourPi^(-2)*I^11*gw^2*gBH0Phi*
         MBH0^(-2) + gBH0uR[f2,f97]*yu[f99,f2]*gam[y99,FIVE,y97]*uspin[
         p2,y97]*vbspin[p1,y99]*e_[l99,l95]*d_(m99,m97)*d_(l91,l93)*
         FourPi^(-2)*I^9*lam*MBH0^(-2)*gBH0Phibar - 2*gBH0uR[f2,f97]*
         yu[f99,f2]*gam[y99,FIVE,y97]*uspin[p2,y97]*vbspin[p1,y99]*e_[
         l99,l95]*d_(m99,m97)*d_(l91,l93)*FourPi^(-2)*I^9*lam*gBH0Phi*
         MBH0^(-2) + gBH0uR[f2,f97]*yu[f99,f2]*gam[y99,FIVE,y97]*uspin[
         p2,y97]*vbspin[p1,y99]*e_[l99,l95]*d_(m99,m97)*d_(l91,l93)*
         FourPi^(-2)*I^11*gBH0Phi^2*MBH0^(-2)*gBH0Phibar - 1/8*gBH0uR[
         f2,f97]*yu[f99,f2]*gam[y99,FIVE,y97]*uspin[p2,y97]*vbspin[p1,
         y99]*e_[l99,l95]*d_(m99,m97)*d_(l91,l93)*FourPi^(-2)*I^11*g1^2
         *MBH0^(-2)*gBH0Phibar - 1/8*gBH0uR[f2,f97]*yu[f99,f2]*gam[y99,
         FIVE,y97]*uspin[p2,y97]*vbspin[p1,y99]*e_[l99,l95]*d_(m99,m97)
         *d_(l91,l93)*FourPi^(-2)*I^11*g1^2*gBH0Phi*MBH0^(-2) + gBH0uR[
         f2,f97]*yu[f99,f2]*gam[y99,FIVE,y97]*uspin[p2,y97]*vbspin[p1,
         y99]*e_[l99,l93]*d_(m99,m97)*d_(l95,l91)*FourPi^(-2)*I^9*lam*
         MBH0^(-2)*gBH0Phibar - 2*gBH0uR[f2,f97]*yu[f99,f2]*gam[y99,
         FIVE,y97]*uspin[p2,y97]*vbspin[p1,y99]*e_[l99,l93]*d_(m99,m97)
         *d_(l95,l91)*FourPi^(-2)*I^9*lam*gBH0Phi*MBH0^(-2) + gBH0uR[f2
         ,f97]*yu[f99,f2]*gam[y99,FIVE,y97]*uspin[p2,y97]*vbspin[p1,y99
         ]*e_[l99,l93]*d_(m99,m97)*d_(l95,l91)*FourPi^(-2)*I^11*
         gBH0Phi^2*MBH0^(-2)*gBH0Phibar - 1/8*gBH0uR[f2,f97]*yu[f99,f2]
         *gam[y99,FIVE,y97]*uspin[p2,y97]*vbspin[p1,y99]*e_[l99,l93]*
         d_(m99,m97)*d_(l95,l91)*FourPi^(-2)*I^11*g1^2*MBH0^(-2)*
         gBH0Phibar - 1/8*gBH0uR[f2,f97]*yu[f99,f2]*gam[y99,FIVE,y97]*
         uspin[p2,y97]*vbspin[p1,y99]*e_[l99,l93]*d_(m99,m97)*
         d_(l95,l91)*FourPi^(-2)*I^11*g1^2*gBH0Phi*MBH0^(-2) + gBH0uR[
         f2,f97]*yu[f99,f2]*gam[y99,y97]*uspin[p2,y97]*vbspin[p1,y99]*
         e_[l99,l95]*d_(m99,m97)*d_(l91,l93)*FourPi^(-2)*I^9*lam*
         MBH0^(-2)*gBH0Phibar - 2*gBH0uR[f2,f97]*yu[f99,f2]*gam[y99,y97
         ]*uspin[p2,y97]*vbspin[p1,y99]*e_[l99,l95]*d_(m99,m97)*
         d_(l91,l93)*FourPi^(-2)*I^9*lam*gBH0Phi*MBH0^(-2) + gBH0uR[f2,
         f97]*yu[f99,f2]*gam[y99,y97]*uspin[p2,y97]*vbspin[p1,y99]*e_[
         l99,l95]*d_(m99,m97)*d_(l91,l93)*FourPi^(-2)*I^11*gBH0Phi^2*
         MBH0^(-2)*gBH0Phibar - 1/8*gBH0uR[f2,f97]*yu[f99,f2]*gam[y99,
         y97]*uspin[p2,y97]*vbspin[p1,y99]*e_[l99,l95]*d_(m99,m97)*
         d_(l91,l93)*FourPi^(-2)*I^11*g1^2*MBH0^(-2)*gBH0Phibar - 1/8*
         gBH0uR[f2,f97]*yu[f99,f2]*gam[y99,y97]*uspin[p2,y97]*vbspin[p1
         ,y99]*e_[l99,l95]*d_(m99,m97)*d_(l91,l93)*FourPi^(-2)*I^11*
         g1^2*gBH0Phi*MBH0^(-2) + gBH0uR[f2,f97]*yu[f99,f2]*gam[y99,y97
         ]*uspin[p2,y97]*vbspin[p1,y99]*e_[l99,l93]*d_(m99,m97)*
         d_(l95,l91)*FourPi^(-2)*I^9*lam*MBH0^(-2)*gBH0Phibar - 2*
         gBH0uR[f2,f97]*yu[f99,f2]*gam[y99,y97]*uspin[p2,y97]*vbspin[p1
         ,y99]*e_[l99,l93]*d_(m99,m97)*d_(l95,l91)*FourPi^(-2)*I^9*lam*
         gBH0Phi*MBH0^(-2) + gBH0uR[f2,f97]*yu[f99,f2]*gam[y99,y97]*
         uspin[p2,y97]*vbspin[p1,y99]*e_[l99,l93]*d_(m99,m97)*
         d_(l95,l91)*FourPi^(-2)*I^11*gBH0Phi^2*MBH0^(-2)*gBH0Phibar - 
         1/8*gBH0uR[f2,f97]*yu[f99,f2]*gam[y99,y97]*uspin[p2,y97]*
         vbspin[p1,y99]*e_[l99,l93]*d_(m99,m97)*d_(l95,l91)*FourPi^(-2)
         *I^11*g1^2*MBH0^(-2)*gBH0Phibar - 1/8*gBH0uR[f2,f97]*yu[f99,f2
         ]*gam[y99,y97]*uspin[p2,y97]*vbspin[p1,y99]*e_[l99,l93]*
         d_(m99,m97)*d_(l95,l91)*FourPi^(-2)*I^11*g1^2*gBH0Phi*
         MBH0^(-2) + 1/2*gBH0uR[f6,f97]*yu[f99,f6]*Ta[n4,l99,l2]*Ta[n4,
         l95,l91]*gam[y99,FIVE,y97]*uspin[p2,y97]*vbspin[p1,y99]*e_[l93
         ,l2]*d_(m99,m97)*FourPi^(-2)*I^11*gw^2*gBH0Phi*MBH0^(-2) + 1/2
         *gBH0uR[f6,f97]*yu[f99,f6]*Ta[n4,l99,l2]*Ta[n4,l95,l91]*gam[
         y99,y97]*uspin[p2,y97]*vbspin[p1,y99]*e_[l93,l2]*d_(m99,m97)*
         FourPi^(-2)*I^11*gw^2*gBH0Phi*MBH0^(-2) + 1/2*gBH0uR[f6,f97]*
         yu[f99,f6]*Ta[n4,l99,l2]*Ta[n4,l93,l91]*gam[y99,FIVE,y97]*
         uspin[p2,y97]*vbspin[p1,y99]*e_[l95,l2]*d_(m99,m97)*
         FourPi^(-2)*I^11*gw^2*MBH0^(-2)*gBH0Phibar + 1/2*gBH0uR[f6,f97
         ]*yu[f99,f6]*Ta[n4,l99,l2]*Ta[n4,l93,l91]*gam[y99,FIVE,y97]*
         uspin[p2,y97]*vbspin[p1,y99]*e_[l95,l2]*d_(m99,m97)*
         FourPi^(-2)*I^11*gw^2*gBH0Phi*MBH0^(-2) + 1/2*gBH0uR[f6,f97]*
         yu[f99,f6]*Ta[n4,l99,l2]*Ta[n4,l93,l91]*gam[y99,y97]*uspin[p2,
         y97]*vbspin[p1,y99]*e_[l95,l2]*d_(m99,m97)*FourPi^(-2)*I^11*
         gw^2*MBH0^(-2)*gBH0Phibar + 1/2*gBH0uR[f6,f97]*yu[f99,f6]*Ta[
         n4,l99,l2]*Ta[n4,l93,l91]*gam[y99,y97]*uspin[p2,y97]*vbspin[p1
         ,y99]*e_[l95,l2]*d_(m99,m97)*FourPi^(-2)*I^11*gw^2*gBH0Phi*
         MBH0^(-2) - 1/24*gBH0uR[f6,f97]*yu[f99,f6]*gam[y99,FIVE,y97]*
         uspin[p2,y97]*vbspin[p1,y99]*e_[l99,l95]*d_(m99,m97)*
         d_(l91,l93)*FourPi^(-2)*I^11*g1^2*MBH0^(-2)*gBH0Phibar - 1/24*
         gBH0uR[f6,f97]*yu[f99,f6]*gam[y99,FIVE,y97]*uspin[p2,y97]*
         vbspin[p1,y99]*e_[l99,l95]*d_(m99,m97)*d_(l91,l93)*FourPi^(-2)
         *I^11*g1^2*gBH0Phi*MBH0^(-2) - 1/24*gBH0uR[f6,f97]*yu[f99,f6]*
         gam[y99,FIVE,y97]*uspin[p2,y97]*vbspin[p1,y99]*e_[l99,l93]*
         d_(m99,m97)*d_(l95,l91)*FourPi^(-2)*I^11*g1^2*gBH0Phi*
         MBH0^(-2) - 1/24*gBH0uR[f6,f97]*yu[f99,f6]*gam[y99,y97]*uspin[
         p2,y97]*vbspin[p1,y99]*e_[l99,l95]*d_(m99,m97)*d_(l91,l93)*
         FourPi^(-2)*I^11*g1^2*MBH0^(-2)*gBH0Phibar - 1/24*gBH0uR[f6,
         f97]*yu[f99,f6]*gam[y99,y97]*uspin[p2,y97]*vbspin[p1,y99]*e_[
         l99,l95]*d_(m99,m97)*d_(l91,l93)*FourPi^(-2)*I^11*g1^2*gBH0Phi
         *MBH0^(-2) - 1/24*gBH0uR[f6,f97]*yu[f99,f6]*gam[y99,y97]*
         uspin[p2,y97]*vbspin[p1,y99]*e_[l99,l93]*d_(m99,m97)*
         d_(l95,l91)*FourPi^(-2)*I^11*g1^2*gBH0Phi*MBH0^(-2) + 1/2*
         gBH0uR[f8,f97]*yu[f99,f8]*Ta[n2,l99,l4]*Ta[n2,l95,l91]*gam[y99
         ,FIVE,y97]*uspin[p2,y97]*vbspin[p1,y99]*e_[l93,l4]*d_(m99,m97)
         *FourPi^(-2)*I^11*gw^2*MBH0^(-2)*gBH0Phibar + 1/2*gBH0uR[f8,
         f97]*yu[f99,f8]*Ta[n2,l99,l4]*Ta[n2,l95,l91]*gam[y99,y97]*
         uspin[p2,y97]*vbspin[p1,y99]*e_[l93,l4]*d_(m99,m97)*
         FourPi^(-2)*I^11*gw^2*MBH0^(-2)*gBH0Phibar - 1/24*gBH0uR[f8,
         f97]*yu[f99,f8]*gam[y99,FIVE,y97]*uspin[p2,y97]*vbspin[p1,y99]
         *e_[l99,l93]*d_(m99,m97)*d_(l95,l91)*FourPi^(-2)*I^11*g1^2*
         MBH0^(-2)*gBH0Phibar - 1/24*gBH0uR[f8,f97]*yu[f99,f8]*gam[y99,
         y97]*uspin[p2,y97]*vbspin[p1,y99]*e_[l99,l93]*d_(m99,m97)*
         d_(l95,l91)*FourPi^(-2)*I^11*g1^2*MBH0^(-2)*gBH0Phibar + 1/2*
         gBH0uR[f10,f97]*yu[f99,f4]*yu[f8,f10]*yubar[f8,f4]*gam[y99,
         FIVE,y97]*uspin[p2,y97]*vbspin[p1,y99]*e_[l99,l95]*e_[l91,l8]*
         e_[l93,l8]*d_(m99,m97)*FourPi^(-2)*I^11*gBH0Phi*MBH0^(-2) + 1/
         2*gBH0uR[f10,f97]*yu[f99,f4]*yu[f8,f10]*yubar[f8,f4]*gam[y99,
         FIVE,y97]*uspin[p2,y97]*vbspin[p1,y99]*e_[l99,l93]*e_[l95,l8]*
         e_[l91,l8]*d_(m99,m97)*FourPi^(-2)*I^11*gBH0Phi*MBH0^(-2) + 1/
         2*gBH0uR[f10,f97]*yu[f99,f4]*yu[f8,f10]*yubar[f8,f4]*gam[y99,
         y97]*uspin[p2,y97]*vbspin[p1,y99]*e_[l99,l95]*e_[l91,l8]*e_[
         l93,l8]*d_(m99,m97)*FourPi^(-2)*I^11*gBH0Phi*MBH0^(-2) + 1/2*
         gBH0uR[f10,f97]*yu[f99,f4]*yu[f8,f10]*yubar[f8,f4]*gam[y99,y97
         ]*uspin[p2,y97]*vbspin[p1,y99]*e_[l99,l93]*e_[l95,l8]*e_[l91,
         l8]*d_(m99,m97)*FourPi^(-2)*I^11*gBH0Phi*MBH0^(-2) + 1/2*yu[
         f99,f97]*Ta[n4,l99,l2]*Ta[n4,l95,l91]*gam[y99,FIVE,y97]*uspin[
         p2,y97]*vbspin[p1,y99]*e_[l93,l2]*d_(m99,m97)*FourPi^(-2)*I^11
         *gw^2*gBH0Phi*MBH0^(-2)*gBH0Phibar + 1/2*yu[f99,f97]*Ta[n4,l99
         ,l2]*Ta[n4,l95,l91]*gam[y99,FIVE,y97]*uspin[p2,y97]*vbspin[p1,
         y99]*e_[l93,l2]*d_(m99,m97)*FourPi^(-2)*I^11*gw^2*gBH0Phi^2*
         MBH0^(-2) + 1/2*yu[f99,f97]*Ta[n4,l99,l2]*Ta[n4,l95,l91]*gam[
         y99,y97]*uspin[p2,y97]*vbspin[p1,y99]*e_[l93,l2]*d_(m99,m97)*
         FourPi^(-2)*I^11*gw^2*gBH0Phi*MBH0^(-2)*gBH0Phibar + 1/2*yu[
         f99,f97]*Ta[n4,l99,l2]*Ta[n4,l95,l91]*gam[y99,y97]*uspin[p2,
         y97]*vbspin[p1,y99]*e_[l93,l2]*d_(m99,m97)*FourPi^(-2)*I^11*
         gw^2*gBH0Phi^2*MBH0^(-2) + 1/2*yu[f99,f97]*Ta[n4,l99,l2]*Ta[n4
         ,l93,l91]*gam[y99,FIVE,y97]*uspin[p2,y97]*vbspin[p1,y99]*e_[
         l95,l2]*d_(m99,m97)*FourPi^(-2)*I^11*gw^2*gBH0Phi*MBH0^(-2)*
         gBH0Phibar + 1/2*yu[f99,f97]*Ta[n4,l99,l2]*Ta[n4,l93,l91]*gam[
         y99,FIVE,y97]*uspin[p2,y97]*vbspin[p1,y99]*e_[l95,l2]*
         d_(m99,m97)*FourPi^(-2)*I^11*gw^2*gBH0Phi^2*MBH0^(-2) + 1/2*
         yu[f99,f97]*Ta[n4,l99,l2]*Ta[n4,l93,l91]*gam[y99,y97]*uspin[p2
         ,y97]*vbspin[p1,y99]*e_[l95,l2]*d_(m99,m97)*FourPi^(-2)*I^11*
         gw^2*gBH0Phi*MBH0^(-2)*gBH0Phibar + 1/2*yu[f99,f97]*Ta[n4,l99,
         l2]*Ta[n4,l93,l91]*gam[y99,y97]*uspin[p2,y97]*vbspin[p1,y99]*
         e_[l95,l2]*d_(m99,m97)*FourPi^(-2)*I^11*gw^2*gBH0Phi^2*
         MBH0^(-2) + 1/8*yu[f99,f97]*gam[y99,FIVE,y97]*uspin[p2,y97]*
         vbspin[p1,y99]*e_[l99,l95]*d_(m99,m97)*d_(l91,l93)*FourPi^(-2)
         *I^11*g1^2*gBH0Phi*MBH0^(-2)*gBH0Phibar + 1/8*yu[f99,f97]*gam[
         y99,FIVE,y97]*uspin[p2,y97]*vbspin[p1,y99]*e_[l99,l95]*
         d_(m99,m97)*d_(l91,l93)*FourPi^(-2)*I^11*g1^2*gBH0Phi^2*
         MBH0^(-2) + 1/8*yu[f99,f97]*gam[y99,FIVE,y97]*uspin[p2,y97]*
         vbspin[p1,y99]*e_[l99,l93]*d_(m99,m97)*d_(l95,l91)*FourPi^(-2)
         *I^11*g1^2*gBH0Phi*MBH0^(-2)*gBH0Phibar + 1/8*yu[f99,f97]*gam[
         y99,FIVE,y97]*uspin[p2,y97]*vbspin[p1,y99]*e_[l99,l93]*
         d_(m99,m97)*d_(l95,l91)*FourPi^(-2)*I^11*g1^2*gBH0Phi^2*
         MBH0^(-2) + 1/8*yu[f99,f97]*gam[y99,y97]*uspin[p2,y97]*vbspin[
         p1,y99]*e_[l99,l95]*d_(m99,m97)*d_(l91,l93)*FourPi^(-2)*I^11*
         g1^2*gBH0Phi*MBH0^(-2)*gBH0Phibar + 1/8*yu[f99,f97]*gam[y99,
         y97]*uspin[p2,y97]*vbspin[p1,y99]*e_[l99,l95]*d_(m99,m97)*
         d_(l91,l93)*FourPi^(-2)*I^11*g1^2*gBH0Phi^2*MBH0^(-2) + 1/8*
         yu[f99,f97]*gam[y99,y97]*uspin[p2,y97]*vbspin[p1,y99]*e_[l99,
         l93]*d_(m99,m97)*d_(l95,l91)*FourPi^(-2)*I^11*g1^2*gBH0Phi*
         MBH0^(-2)*gBH0Phibar + 1/8*yu[f99,f97]*gam[y99,y97]*uspin[p2,
         y97]*vbspin[p1,y99]*e_[l99,l93]*d_(m99,m97)*d_(l95,l91)*
         FourPi^(-2)*I^11*g1^2*gBH0Phi^2*MBH0^(-2) + 1/2*yu[f99,f4]*yu[
         f8,f97]*yubar[f8,f4]*gam[y99,FIVE,y97]*uspin[p2,y97]*vbspin[p1
         ,y99]*e_[l99,l95]*e_[l91,l8]*e_[l93,l8]*d_(m99,m97)*
         FourPi^(-2)*I^11*gBH0Phi^2*MBH0^(-2) + 1/2*yu[f99,f4]*yu[f8,
         f97]*yubar[f8,f4]*gam[y99,FIVE,y97]*uspin[p2,y97]*vbspin[p1,
         y99]*e_[l99,l93]*e_[l95,l8]*e_[l91,l8]*d_(m99,m97)*FourPi^(-2)
         *I^11*gBH0Phi^2*MBH0^(-2) + 1/2*yu[f99,f4]*yu[f8,f97]*yubar[f8
         ,f4]*gam[y99,y97]*uspin[p2,y97]*vbspin[p1,y99]*e_[l99,l95]*e_[
         l91,l8]*e_[l93,l8]*d_(m99,m97)*FourPi^(-2)*I^11*gBH0Phi^2*
         MBH0^(-2) + 1/2*yu[f99,f4]*yu[f8,f97]*yubar[f8,f4]*gam[y99,y97
         ]*uspin[p2,y97]*vbspin[p1,y99]*e_[l99,l93]*e_[l95,l8]*e_[l91,
         l8]*d_(m99,m97)*FourPi^(-2)*I^11*gBH0Phi^2*MBH0^(-2);

  1.01 sec out of 1.01 sec
