FORM 4.2.0 (Jul  6 2017, v4.2.0) 64-bits         Run: Fri Mar 16 14:57:24 2018
    * -*-Form-*-
    
    #: Parentheses 2000
    #-

   amplqLbaruRqLbardR =
       + 1/16*Log[MBH0^2]*gBH0dR[f8,f93]*gBH0qL[f99,f2]*yd[f95,f8]*yu[
         f2,f97]*gam[y99,FIVE,mu4,mugam2,y97]*gam[y95,FIVE,mugam2,mu4,
         y93]*uspin[p2,y97]*uspin[p4,y93]*vbspin[p1,y99]*vbspin[p3,y95]
         *e_[l99,l95]*d_(m99,m97)*d_(m95,m93)*FourPi^(-2)*I^9*MBH0^(-2)
          + 1/16*Log[MBH0^2]*gBH0dR[f8,f93]*gBH0qL[f99,f2]*yd[f95,f8]*
         yu[f2,f97]*gam[y99,FIVE,mu4,mugam2,y97]*gam[y95,mugam2,mu4,y93
         ]*uspin[p2,y97]*uspin[p4,y93]*vbspin[p1,y99]*vbspin[p3,y95]*
         e_[l99,l95]*d_(m99,m97)*d_(m95,m93)*FourPi^(-2)*I^9*MBH0^(-2)
          + 1/16*Log[MBH0^2]*gBH0dR[f8,f93]*gBH0qL[f99,f2]*yd[f95,f8]*
         yu[f2,f97]*gam[y99,mu4,mugam2,y97]*gam[y95,FIVE,mugam2,mu4,y93
         ]*uspin[p2,y97]*uspin[p4,y93]*vbspin[p1,y99]*vbspin[p3,y95]*
         e_[l99,l95]*d_(m99,m97)*d_(m95,m93)*FourPi^(-2)*I^9*MBH0^(-2)
          + 1/16*Log[MBH0^2]*gBH0dR[f8,f93]*gBH0qL[f99,f2]*yd[f95,f8]*
         yu[f2,f97]*gam[y99,mu4,mugam2,y97]*gam[y95,mugam2,mu4,y93]*
         uspin[p2,y97]*uspin[p4,y93]*vbspin[p1,y99]*vbspin[p3,y95]*e_[
         l99,l95]*d_(m99,m97)*d_(m95,m93)*FourPi^(-2)*I^9*MBH0^(-2) - 1/
         16*Log[MBH0^2]*gBH0dR[f8,f93]*gBH0uR[f2,f97]*yd[f95,f8]*yu[f99
         ,f2]*gam[y99,FIVE,mugam2,mu6,y97]*gam[y95,FIVE,mugam2,mu6,y93]
         *uspin[p2,y97]*uspin[p4,y93]*vbspin[p1,y99]*vbspin[p3,y95]*e_[
         l99,l95]*d_(m99,m97)*d_(m95,m93)*FourPi^(-2)*I^9*MBH0^(-2) - 1/
         16*Log[MBH0^2]*gBH0dR[f8,f93]*gBH0uR[f2,f97]*yd[f95,f8]*yu[f99
         ,f2]*gam[y99,FIVE,mugam2,mu6,y97]*gam[y95,mugam2,mu6,y93]*
         uspin[p2,y97]*uspin[p4,y93]*vbspin[p1,y99]*vbspin[p3,y95]*e_[
         l99,l95]*d_(m99,m97)*d_(m95,m93)*FourPi^(-2)*I^9*MBH0^(-2) - 1/
         16*Log[MBH0^2]*gBH0dR[f8,f93]*gBH0uR[f2,f97]*yd[f95,f8]*yu[f99
         ,f2]*gam[y99,mugam2,mu6,y97]*gam[y95,FIVE,mugam2,mu6,y93]*
         uspin[p2,y97]*uspin[p4,y93]*vbspin[p1,y99]*vbspin[p3,y95]*e_[
         l99,l95]*d_(m99,m97)*d_(m95,m93)*FourPi^(-2)*I^9*MBH0^(-2) - 1/
         16*Log[MBH0^2]*gBH0dR[f8,f93]*gBH0uR[f2,f97]*yd[f95,f8]*yu[f99
         ,f2]*gam[y99,mugam2,mu6,y97]*gam[y95,mugam2,mu6,y93]*uspin[p2,
         y97]*uspin[p4,y93]*vbspin[p1,y99]*vbspin[p3,y95]*e_[l99,l95]*
         d_(m99,m97)*d_(m95,m93)*FourPi^(-2)*I^9*MBH0^(-2) + 1/16*Log[
         MBH0^2]*gBH0dR[f4,f93]*gBH0qL[f95,f6]*yd[f99,f4]*yu[f6,f97]*
         gam[y99,FIVE,mugam2,mu8,y93]*gam[y95,FIVE,mu8,mugam2,y97]*
         uspin[p2,y97]*uspin[p4,y93]*vbspin[p1,y99]*vbspin[p3,y95]*e_[
         l99,l95]*d_(m99,m93)*d_(m97,m95)*FourPi^(-2)*I^9*MBH0^(-2) + 1/
         16*Log[MBH0^2]*gBH0dR[f4,f93]*gBH0qL[f95,f6]*yd[f99,f4]*yu[f6,
         f97]*gam[y99,FIVE,mugam2,mu8,y93]*gam[y95,mu8,mugam2,y97]*
         uspin[p2,y97]*uspin[p4,y93]*vbspin[p1,y99]*vbspin[p3,y95]*e_[
         l99,l95]*d_(m99,m93)*d_(m97,m95)*FourPi^(-2)*I^9*MBH0^(-2) + 1/
         16*Log[MBH0^2]*gBH0dR[f4,f93]*gBH0qL[f95,f6]*yd[f99,f4]*yu[f6,
         f97]*gam[y99,mugam2,mu8,y93]*gam[y95,FIVE,mu8,mugam2,y97]*
         uspin[p2,y97]*uspin[p4,y93]*vbspin[p1,y99]*vbspin[p3,y95]*e_[
         l99,l95]*d_(m99,m93)*d_(m97,m95)*FourPi^(-2)*I^9*MBH0^(-2) + 1/
         16*Log[MBH0^2]*gBH0dR[f4,f93]*gBH0qL[f95,f6]*yd[f99,f4]*yu[f6,
         f97]*gam[y99,mugam2,mu8,y93]*gam[y95,mu8,mugam2,y97]*uspin[p2,
         y97]*uspin[p4,y93]*vbspin[p1,y99]*vbspin[p3,y95]*e_[l99,l95]*
         d_(m99,m93)*d_(m97,m95)*FourPi^(-2)*I^9*MBH0^(-2) - 1/16*Log[
         MBH0^2]*gBH0dR[f4,f93]*gBH0uR[f6,f97]*yd[f99,f4]*yu[f95,f6]*
         gam[y99,FIVE,mugam2,mu8,y93]*gam[y95,FIVE,mugam2,mu8,y97]*
         uspin[p2,y97]*uspin[p4,y93]*vbspin[p1,y99]*vbspin[p3,y95]*e_[
         l99,l95]*d_(m99,m93)*d_(m97,m95)*FourPi^(-2)*I^9*MBH0^(-2) - 1/
         16*Log[MBH0^2]*gBH0dR[f4,f93]*gBH0uR[f6,f97]*yd[f99,f4]*yu[f95
         ,f6]*gam[y99,FIVE,mugam2,mu8,y93]*gam[y95,mugam2,mu8,y97]*
         uspin[p2,y97]*uspin[p4,y93]*vbspin[p1,y99]*vbspin[p3,y95]*e_[
         l99,l95]*d_(m99,m93)*d_(m97,m95)*FourPi^(-2)*I^9*MBH0^(-2) - 1/
         16*Log[MBH0^2]*gBH0dR[f4,f93]*gBH0uR[f6,f97]*yd[f99,f4]*yu[f95
         ,f6]*gam[y99,mugam2,mu8,y93]*gam[y95,FIVE,mugam2,mu8,y97]*
         uspin[p2,y97]*uspin[p4,y93]*vbspin[p1,y99]*vbspin[p3,y95]*e_[
         l99,l95]*d_(m99,m93)*d_(m97,m95)*FourPi^(-2)*I^9*MBH0^(-2) - 1/
         16*Log[MBH0^2]*gBH0dR[f4,f93]*gBH0uR[f6,f97]*yd[f99,f4]*yu[f95
         ,f6]*gam[y99,mugam2,mu8,y93]*gam[y95,mugam2,mu8,y97]*uspin[p2,
         y97]*uspin[p4,y93]*vbspin[p1,y99]*vbspin[p3,y95]*e_[l99,l95]*
         d_(m99,m93)*d_(m97,m95)*FourPi^(-2)*I^9*MBH0^(-2) - 1/16*Log[
         MBH0^2]*gBH0qL[f99,f2]*gBH0qL[f95,f8]*yd[f8,f93]*yu[f2,f97]*
         gam[y99,FIVE,mu4,mugam2,y97]*gam[y95,FIVE,mu4,mugam2,y93]*
         uspin[p2,y97]*uspin[p4,y93]*vbspin[p1,y99]*vbspin[p3,y95]*e_[
         l99,l95]*d_(m99,m97)*d_(m95,m93)*FourPi^(-2)*I^9*MBH0^(-2) - 1/
         16*Log[MBH0^2]*gBH0qL[f99,f2]*gBH0qL[f95,f8]*yd[f8,f93]*yu[f2,
         f97]*gam[y99,FIVE,mu4,mugam2,y97]*gam[y95,mu4,mugam2,y93]*
         uspin[p2,y97]*uspin[p4,y93]*vbspin[p1,y99]*vbspin[p3,y95]*e_[
         l99,l95]*d_(m99,m97)*d_(m95,m93)*FourPi^(-2)*I^9*MBH0^(-2) - 1/
         16*Log[MBH0^2]*gBH0qL[f99,f2]*gBH0qL[f95,f8]*yd[f8,f93]*yu[f2,
         f97]*gam[y99,mu4,mugam2,y97]*gam[y95,FIVE,mu4,mugam2,y93]*
         uspin[p2,y97]*uspin[p4,y93]*vbspin[p1,y99]*vbspin[p3,y95]*e_[
         l99,l95]*d_(m99,m97)*d_(m95,m93)*FourPi^(-2)*I^9*MBH0^(-2) - 1/
         16*Log[MBH0^2]*gBH0qL[f99,f2]*gBH0qL[f95,f8]*yd[f8,f93]*yu[f2,
         f97]*gam[y99,mu4,mugam2,y97]*gam[y95,mu4,mugam2,y93]*uspin[p2,
         y97]*uspin[p4,y93]*vbspin[p1,y99]*vbspin[p3,y95]*e_[l99,l95]*
         d_(m99,m97)*d_(m95,m93)*FourPi^(-2)*I^9*MBH0^(-2) - 1/16*Log[
         MBH0^2]*gBH0qL[f99,f4]*gBH0qL[f95,f6]*yd[f4,f93]*yu[f6,f97]*
         gam[y99,FIVE,mu2,mugam2,y93]*gam[y95,FIVE,mu2,mugam2,y97]*
         uspin[p2,y97]*uspin[p4,y93]*vbspin[p1,y99]*vbspin[p3,y95]*e_[
         l99,l95]*d_(m99,m93)*d_(m97,m95)*FourPi^(-2)*I^9*MBH0^(-2) - 1/
         16*Log[MBH0^2]*gBH0qL[f99,f4]*gBH0qL[f95,f6]*yd[f4,f93]*yu[f6,
         f97]*gam[y99,FIVE,mu2,mugam2,y93]*gam[y95,mu2,mugam2,y97]*
         uspin[p2,y97]*uspin[p4,y93]*vbspin[p1,y99]*vbspin[p3,y95]*e_[
         l99,l95]*d_(m99,m93)*d_(m97,m95)*FourPi^(-2)*I^9*MBH0^(-2) - 1/
         16*Log[MBH0^2]*gBH0qL[f99,f4]*gBH0qL[f95,f6]*yd[f4,f93]*yu[f6,
         f97]*gam[y99,mu2,mugam2,y93]*gam[y95,FIVE,mu2,mugam2,y97]*
         uspin[p2,y97]*uspin[p4,y93]*vbspin[p1,y99]*vbspin[p3,y95]*e_[
         l99,l95]*d_(m99,m93)*d_(m97,m95)*FourPi^(-2)*I^9*MBH0^(-2) - 1/
         16*Log[MBH0^2]*gBH0qL[f99,f4]*gBH0qL[f95,f6]*yd[f4,f93]*yu[f6,
         f97]*gam[y99,mu2,mugam2,y93]*gam[y95,mu2,mugam2,y97]*uspin[p2,
         y97]*uspin[p4,y93]*vbspin[p1,y99]*vbspin[p3,y95]*e_[l99,l95]*
         d_(m99,m93)*d_(m97,m95)*FourPi^(-2)*I^9*MBH0^(-2) + 1/16*Log[
         MBH0^2]*gBH0qL[f99,f4]*gBH0uR[f6,f97]*yd[f4,f93]*yu[f95,f6]*
         gam[y99,FIVE,mu2,mugam2,y93]*gam[y95,FIVE,mugam2,mu2,y97]*
         uspin[p2,y97]*uspin[p4,y93]*vbspin[p1,y99]*vbspin[p3,y95]*e_[
         l99,l95]*d_(m99,m93)*d_(m97,m95)*FourPi^(-2)*I^9*MBH0^(-2) + 1/
         16*Log[MBH0^2]*gBH0qL[f99,f4]*gBH0uR[f6,f97]*yd[f4,f93]*yu[f95
         ,f6]*gam[y99,FIVE,mu2,mugam2,y93]*gam[y95,mugam2,mu2,y97]*
         uspin[p2,y97]*uspin[p4,y93]*vbspin[p1,y99]*vbspin[p3,y95]*e_[
         l99,l95]*d_(m99,m93)*d_(m97,m95)*FourPi^(-2)*I^9*MBH0^(-2) + 1/
         16*Log[MBH0^2]*gBH0qL[f99,f4]*gBH0uR[f6,f97]*yd[f4,f93]*yu[f95
         ,f6]*gam[y99,mu2,mugam2,y93]*gam[y95,FIVE,mugam2,mu2,y97]*
         uspin[p2,y97]*uspin[p4,y93]*vbspin[p1,y99]*vbspin[p3,y95]*e_[
         l99,l95]*d_(m99,m93)*d_(m97,m95)*FourPi^(-2)*I^9*MBH0^(-2) + 1/
         16*Log[MBH0^2]*gBH0qL[f99,f4]*gBH0uR[f6,f97]*yd[f4,f93]*yu[f95
         ,f6]*gam[y99,mu2,mugam2,y93]*gam[y95,mugam2,mu2,y97]*uspin[p2,
         y97]*uspin[p4,y93]*vbspin[p1,y99]*vbspin[p3,y95]*e_[l99,l95]*
         d_(m99,m93)*d_(m97,m95)*FourPi^(-2)*I^9*MBH0^(-2) + 1/16*Log[
         MBH0^2]*gBH0qL[f95,f8]*gBH0uR[f2,f97]*yd[f8,f93]*yu[f99,f2]*
         gam[y99,FIVE,mugam2,mu6,y97]*gam[y95,FIVE,mu6,mugam2,y93]*
         uspin[p2,y97]*uspin[p4,y93]*vbspin[p1,y99]*vbspin[p3,y95]*e_[
         l99,l95]*d_(m99,m97)*d_(m95,m93)*FourPi^(-2)*I^9*MBH0^(-2) + 1/
         16*Log[MBH0^2]*gBH0qL[f95,f8]*gBH0uR[f2,f97]*yd[f8,f93]*yu[f99
         ,f2]*gam[y99,FIVE,mugam2,mu6,y97]*gam[y95,mu6,mugam2,y93]*
         uspin[p2,y97]*uspin[p4,y93]*vbspin[p1,y99]*vbspin[p3,y95]*e_[
         l99,l95]*d_(m99,m97)*d_(m95,m93)*FourPi^(-2)*I^9*MBH0^(-2) + 1/
         16*Log[MBH0^2]*gBH0qL[f95,f8]*gBH0uR[f2,f97]*yd[f8,f93]*yu[f99
         ,f2]*gam[y99,mugam2,mu6,y97]*gam[y95,FIVE,mu6,mugam2,y93]*
         uspin[p2,y97]*uspin[p4,y93]*vbspin[p1,y99]*vbspin[p3,y95]*e_[
         l99,l95]*d_(m99,m97)*d_(m95,m93)*FourPi^(-2)*I^9*MBH0^(-2) + 1/
         16*Log[MBH0^2]*gBH0qL[f95,f8]*gBH0uR[f2,f97]*yd[f8,f93]*yu[f99
         ,f2]*gam[y99,mugam2,mu6,y97]*gam[y95,mu6,mugam2,y93]*uspin[p2,
         y97]*uspin[p4,y93]*vbspin[p1,y99]*vbspin[p3,y95]*e_[l99,l95]*
         d_(m99,m97)*d_(m95,m93)*FourPi^(-2)*I^9*MBH0^(-2) - 3/32*
         gBH0dR[f8,f93]*gBH0qL[f99,f2]*yd[f95,f8]*yu[f2,f97]*gam[y99,
         FIVE,mu4,mugam2,y97]*gam[y95,FIVE,mugam2,mu4,y93]*uspin[p2,y97
         ]*uspin[p4,y93]*vbspin[p1,y99]*vbspin[p3,y95]*e_[l99,l95]*
         d_(m99,m97)*d_(m95,m93)*FourPi^(-2)*I^9*MBH0^(-2) - 3/32*
         gBH0dR[f8,f93]*gBH0qL[f99,f2]*yd[f95,f8]*yu[f2,f97]*gam[y99,
         FIVE,mu4,mugam2,y97]*gam[y95,mugam2,mu4,y93]*uspin[p2,y97]*
         uspin[p4,y93]*vbspin[p1,y99]*vbspin[p3,y95]*e_[l99,l95]*
         d_(m99,m97)*d_(m95,m93)*FourPi^(-2)*I^9*MBH0^(-2) - 3/32*
         gBH0dR[f8,f93]*gBH0qL[f99,f2]*yd[f95,f8]*yu[f2,f97]*gam[y99,
         mu4,mugam2,y97]*gam[y95,FIVE,mugam2,mu4,y93]*uspin[p2,y97]*
         uspin[p4,y93]*vbspin[p1,y99]*vbspin[p3,y95]*e_[l99,l95]*
         d_(m99,m97)*d_(m95,m93)*FourPi^(-2)*I^9*MBH0^(-2) - 3/32*
         gBH0dR[f8,f93]*gBH0qL[f99,f2]*yd[f95,f8]*yu[f2,f97]*gam[y99,
         mu4,mugam2,y97]*gam[y95,mugam2,mu4,y93]*uspin[p2,y97]*uspin[p4
         ,y93]*vbspin[p1,y99]*vbspin[p3,y95]*e_[l99,l95]*d_(m99,m97)*
         d_(m95,m93)*FourPi^(-2)*I^9*MBH0^(-2) + 3/32*gBH0dR[f8,f93]*
         gBH0uR[f2,f97]*yd[f95,f8]*yu[f99,f2]*gam[y99,FIVE,mugam2,mu6,
         y97]*gam[y95,FIVE,mugam2,mu6,y93]*uspin[p2,y97]*uspin[p4,y93]*
         vbspin[p1,y99]*vbspin[p3,y95]*e_[l99,l95]*d_(m99,m97)*
         d_(m95,m93)*FourPi^(-2)*I^9*MBH0^(-2) + 3/32*gBH0dR[f8,f93]*
         gBH0uR[f2,f97]*yd[f95,f8]*yu[f99,f2]*gam[y99,FIVE,mugam2,mu6,
         y97]*gam[y95,mugam2,mu6,y93]*uspin[p2,y97]*uspin[p4,y93]*
         vbspin[p1,y99]*vbspin[p3,y95]*e_[l99,l95]*d_(m99,m97)*
         d_(m95,m93)*FourPi^(-2)*I^9*MBH0^(-2) + 3/32*gBH0dR[f8,f93]*
         gBH0uR[f2,f97]*yd[f95,f8]*yu[f99,f2]*gam[y99,mugam2,mu6,y97]*
         gam[y95,FIVE,mugam2,mu6,y93]*uspin[p2,y97]*uspin[p4,y93]*
         vbspin[p1,y99]*vbspin[p3,y95]*e_[l99,l95]*d_(m99,m97)*
         d_(m95,m93)*FourPi^(-2)*I^9*MBH0^(-2) + 3/32*gBH0dR[f8,f93]*
         gBH0uR[f2,f97]*yd[f95,f8]*yu[f99,f2]*gam[y99,mugam2,mu6,y97]*
         gam[y95,mugam2,mu6,y93]*uspin[p2,y97]*uspin[p4,y93]*vbspin[p1,
         y99]*vbspin[p3,y95]*e_[l99,l95]*d_(m99,m97)*d_(m95,m93)*
         FourPi^(-2)*I^9*MBH0^(-2) - 3/32*gBH0dR[f4,f93]*gBH0qL[f95,f6]
         *yd[f99,f4]*yu[f6,f97]*gam[y99,FIVE,mugam2,mu8,y93]*gam[y95,
         FIVE,mu8,mugam2,y97]*uspin[p2,y97]*uspin[p4,y93]*vbspin[p1,y99
         ]*vbspin[p3,y95]*e_[l99,l95]*d_(m99,m93)*d_(m97,m95)*
         FourPi^(-2)*I^9*MBH0^(-2) - 3/32*gBH0dR[f4,f93]*gBH0qL[f95,f6]
         *yd[f99,f4]*yu[f6,f97]*gam[y99,FIVE,mugam2,mu8,y93]*gam[y95,
         mu8,mugam2,y97]*uspin[p2,y97]*uspin[p4,y93]*vbspin[p1,y99]*
         vbspin[p3,y95]*e_[l99,l95]*d_(m99,m93)*d_(m97,m95)*FourPi^(-2)
         *I^9*MBH0^(-2) - 3/32*gBH0dR[f4,f93]*gBH0qL[f95,f6]*yd[f99,f4]
         *yu[f6,f97]*gam[y99,mugam2,mu8,y93]*gam[y95,FIVE,mu8,mugam2,
         y97]*uspin[p2,y97]*uspin[p4,y93]*vbspin[p1,y99]*vbspin[p3,y95]
         *e_[l99,l95]*d_(m99,m93)*d_(m97,m95)*FourPi^(-2)*I^9*MBH0^(-2)
          - 3/32*gBH0dR[f4,f93]*gBH0qL[f95,f6]*yd[f99,f4]*yu[f6,f97]*
         gam[y99,mugam2,mu8,y93]*gam[y95,mu8,mugam2,y97]*uspin[p2,y97]*
         uspin[p4,y93]*vbspin[p1,y99]*vbspin[p3,y95]*e_[l99,l95]*
         d_(m99,m93)*d_(m97,m95)*FourPi^(-2)*I^9*MBH0^(-2) + 3/32*
         gBH0dR[f4,f93]*gBH0uR[f6,f97]*yd[f99,f4]*yu[f95,f6]*gam[y99,
         FIVE,mugam2,mu8,y93]*gam[y95,FIVE,mugam2,mu8,y97]*uspin[p2,y97
         ]*uspin[p4,y93]*vbspin[p1,y99]*vbspin[p3,y95]*e_[l99,l95]*
         d_(m99,m93)*d_(m97,m95)*FourPi^(-2)*I^9*MBH0^(-2) + 3/32*
         gBH0dR[f4,f93]*gBH0uR[f6,f97]*yd[f99,f4]*yu[f95,f6]*gam[y99,
         FIVE,mugam2,mu8,y93]*gam[y95,mugam2,mu8,y97]*uspin[p2,y97]*
         uspin[p4,y93]*vbspin[p1,y99]*vbspin[p3,y95]*e_[l99,l95]*
         d_(m99,m93)*d_(m97,m95)*FourPi^(-2)*I^9*MBH0^(-2) + 3/32*
         gBH0dR[f4,f93]*gBH0uR[f6,f97]*yd[f99,f4]*yu[f95,f6]*gam[y99,
         mugam2,mu8,y93]*gam[y95,FIVE,mugam2,mu8,y97]*uspin[p2,y97]*
         uspin[p4,y93]*vbspin[p1,y99]*vbspin[p3,y95]*e_[l99,l95]*
         d_(m99,m93)*d_(m97,m95)*FourPi^(-2)*I^9*MBH0^(-2) + 3/32*
         gBH0dR[f4,f93]*gBH0uR[f6,f97]*yd[f99,f4]*yu[f95,f6]*gam[y99,
         mugam2,mu8,y93]*gam[y95,mugam2,mu8,y97]*uspin[p2,y97]*uspin[p4
         ,y93]*vbspin[p1,y99]*vbspin[p3,y95]*e_[l99,l95]*d_(m99,m93)*
         d_(m97,m95)*FourPi^(-2)*I^9*MBH0^(-2) + 3/32*gBH0qL[f99,f2]*
         gBH0qL[f95,f8]*yd[f8,f93]*yu[f2,f97]*gam[y99,FIVE,mu4,mugam2,
         y97]*gam[y95,FIVE,mu4,mugam2,y93]*uspin[p2,y97]*uspin[p4,y93]*
         vbspin[p1,y99]*vbspin[p3,y95]*e_[l99,l95]*d_(m99,m97)*
         d_(m95,m93)*FourPi^(-2)*I^9*MBH0^(-2) + 3/32*gBH0qL[f99,f2]*
         gBH0qL[f95,f8]*yd[f8,f93]*yu[f2,f97]*gam[y99,FIVE,mu4,mugam2,
         y97]*gam[y95,mu4,mugam2,y93]*uspin[p2,y97]*uspin[p4,y93]*
         vbspin[p1,y99]*vbspin[p3,y95]*e_[l99,l95]*d_(m99,m97)*
         d_(m95,m93)*FourPi^(-2)*I^9*MBH0^(-2) + 3/32*gBH0qL[f99,f2]*
         gBH0qL[f95,f8]*yd[f8,f93]*yu[f2,f97]*gam[y99,mu4,mugam2,y97]*
         gam[y95,FIVE,mu4,mugam2,y93]*uspin[p2,y97]*uspin[p4,y93]*
         vbspin[p1,y99]*vbspin[p3,y95]*e_[l99,l95]*d_(m99,m97)*
         d_(m95,m93)*FourPi^(-2)*I^9*MBH0^(-2) + 3/32*gBH0qL[f99,f2]*
         gBH0qL[f95,f8]*yd[f8,f93]*yu[f2,f97]*gam[y99,mu4,mugam2,y97]*
         gam[y95,mu4,mugam2,y93]*uspin[p2,y97]*uspin[p4,y93]*vbspin[p1,
         y99]*vbspin[p3,y95]*e_[l99,l95]*d_(m99,m97)*d_(m95,m93)*
         FourPi^(-2)*I^9*MBH0^(-2) + 3/32*gBH0qL[f99,f4]*gBH0qL[f95,f6]
         *yd[f4,f93]*yu[f6,f97]*gam[y99,FIVE,mu2,mugam2,y93]*gam[y95,
         FIVE,mu2,mugam2,y97]*uspin[p2,y97]*uspin[p4,y93]*vbspin[p1,y99
         ]*vbspin[p3,y95]*e_[l99,l95]*d_(m99,m93)*d_(m97,m95)*
         FourPi^(-2)*I^9*MBH0^(-2) + 3/32*gBH0qL[f99,f4]*gBH0qL[f95,f6]
         *yd[f4,f93]*yu[f6,f97]*gam[y99,FIVE,mu2,mugam2,y93]*gam[y95,
         mu2,mugam2,y97]*uspin[p2,y97]*uspin[p4,y93]*vbspin[p1,y99]*
         vbspin[p3,y95]*e_[l99,l95]*d_(m99,m93)*d_(m97,m95)*FourPi^(-2)
         *I^9*MBH0^(-2) + 3/32*gBH0qL[f99,f4]*gBH0qL[f95,f6]*yd[f4,f93]
         *yu[f6,f97]*gam[y99,mu2,mugam2,y93]*gam[y95,FIVE,mu2,mugam2,
         y97]*uspin[p2,y97]*uspin[p4,y93]*vbspin[p1,y99]*vbspin[p3,y95]
         *e_[l99,l95]*d_(m99,m93)*d_(m97,m95)*FourPi^(-2)*I^9*MBH0^(-2)
          + 3/32*gBH0qL[f99,f4]*gBH0qL[f95,f6]*yd[f4,f93]*yu[f6,f97]*
         gam[y99,mu2,mugam2,y93]*gam[y95,mu2,mugam2,y97]*uspin[p2,y97]*
         uspin[p4,y93]*vbspin[p1,y99]*vbspin[p3,y95]*e_[l99,l95]*
         d_(m99,m93)*d_(m97,m95)*FourPi^(-2)*I^9*MBH0^(-2) - 3/32*
         gBH0qL[f99,f4]*gBH0uR[f6,f97]*yd[f4,f93]*yu[f95,f6]*gam[y99,
         FIVE,mu2,mugam2,y93]*gam[y95,FIVE,mugam2,mu2,y97]*uspin[p2,y97
         ]*uspin[p4,y93]*vbspin[p1,y99]*vbspin[p3,y95]*e_[l99,l95]*
         d_(m99,m93)*d_(m97,m95)*FourPi^(-2)*I^9*MBH0^(-2) - 3/32*
         gBH0qL[f99,f4]*gBH0uR[f6,f97]*yd[f4,f93]*yu[f95,f6]*gam[y99,
         FIVE,mu2,mugam2,y93]*gam[y95,mugam2,mu2,y97]*uspin[p2,y97]*
         uspin[p4,y93]*vbspin[p1,y99]*vbspin[p3,y95]*e_[l99,l95]*
         d_(m99,m93)*d_(m97,m95)*FourPi^(-2)*I^9*MBH0^(-2) - 3/32*
         gBH0qL[f99,f4]*gBH0uR[f6,f97]*yd[f4,f93]*yu[f95,f6]*gam[y99,
         mu2,mugam2,y93]*gam[y95,FIVE,mugam2,mu2,y97]*uspin[p2,y97]*
         uspin[p4,y93]*vbspin[p1,y99]*vbspin[p3,y95]*e_[l99,l95]*
         d_(m99,m93)*d_(m97,m95)*FourPi^(-2)*I^9*MBH0^(-2) - 3/32*
         gBH0qL[f99,f4]*gBH0uR[f6,f97]*yd[f4,f93]*yu[f95,f6]*gam[y99,
         mu2,mugam2,y93]*gam[y95,mugam2,mu2,y97]*uspin[p2,y97]*uspin[p4
         ,y93]*vbspin[p1,y99]*vbspin[p3,y95]*e_[l99,l95]*d_(m99,m93)*
         d_(m97,m95)*FourPi^(-2)*I^9*MBH0^(-2) - 3/32*gBH0qL[f95,f8]*
         gBH0uR[f2,f97]*yd[f8,f93]*yu[f99,f2]*gam[y99,FIVE,mugam2,mu6,
         y97]*gam[y95,FIVE,mu6,mugam2,y93]*uspin[p2,y97]*uspin[p4,y93]*
         vbspin[p1,y99]*vbspin[p3,y95]*e_[l99,l95]*d_(m99,m97)*
         d_(m95,m93)*FourPi^(-2)*I^9*MBH0^(-2) - 3/32*gBH0qL[f95,f8]*
         gBH0uR[f2,f97]*yd[f8,f93]*yu[f99,f2]*gam[y99,FIVE,mugam2,mu6,
         y97]*gam[y95,mu6,mugam2,y93]*uspin[p2,y97]*uspin[p4,y93]*
         vbspin[p1,y99]*vbspin[p3,y95]*e_[l99,l95]*d_(m99,m97)*
         d_(m95,m93)*FourPi^(-2)*I^9*MBH0^(-2) - 3/32*gBH0qL[f95,f8]*
         gBH0uR[f2,f97]*yd[f8,f93]*yu[f99,f2]*gam[y99,mugam2,mu6,y97]*
         gam[y95,FIVE,mu6,mugam2,y93]*uspin[p2,y97]*uspin[p4,y93]*
         vbspin[p1,y99]*vbspin[p3,y95]*e_[l99,l95]*d_(m99,m97)*
         d_(m95,m93)*FourPi^(-2)*I^9*MBH0^(-2) - 3/32*gBH0qL[f95,f8]*
         gBH0uR[f2,f97]*yd[f8,f93]*yu[f99,f2]*gam[y99,mugam2,mu6,y97]*
         gam[y95,mu6,mugam2,y93]*uspin[p2,y97]*uspin[p4,y93]*vbspin[p1,
         y99]*vbspin[p3,y95]*e_[l99,l95]*d_(m99,m97)*d_(m95,m93)*
         FourPi^(-2)*I^9*MBH0^(-2);

  0.06 sec out of 0.05 sec
