FORM 4.2.0 (Jul  6 2017, v4.2.0) 64-bits         Run: Fri Mar 16 14:49:14 2018
    * -*-Form-*-
    
    #: Parentheses 2000
    #-

   amplqLbardRPhi =
       + sSS^2 * (  - 1/12*Log[MBH0^2]*gBH0dR[f2,f97]*yd[f99,f2]*gam[
         y99,FIVE,p1,p1,y97]*uspin[p2,y97]*vbspin[p1,y99]*d_(m99,m97)*
         d_(l99,l95)*FourPi^(-2)*I^7*MBH0^(-2)*gBH0Phibar + 1/4*Log[
         MBH0^2]*gBH0dR[f2,f97]*yd[f99,f2]*gam[y99,FIVE,p1,p3,y97]*
         uspin[p2,y97]*vbspin[p1,y99]*d_(m99,m97)*d_(l99,l95)*
         FourPi^(-2)*I^7*gBH0Phi*MBH0^(-2) - 1/6*Log[MBH0^2]*gBH0dR[f2,
         f97]*yd[f99,f2]*gam[y99,FIVE,y97]*uspin[p2,y97]*vbspin[p1,y99]
         *d_(m99,m97)*d_(l99,l95)*p1.p1*FourPi^(-2)*I^7*MBH0^(-2)*
         gBH0Phibar - 1/12*Log[MBH0^2]*gBH0dR[f2,f97]*yd[f99,f2]*gam[
         y99,p1,p1,y97]*uspin[p2,y97]*vbspin[p1,y99]*d_(m99,m97)*
         d_(l99,l95)*FourPi^(-2)*I^7*MBH0^(-2)*gBH0Phibar + 1/4*Log[
         MBH0^2]*gBH0dR[f2,f97]*yd[f99,f2]*gam[y99,p1,p3,y97]*uspin[p2,
         y97]*vbspin[p1,y99]*d_(m99,m97)*d_(l99,l95)*FourPi^(-2)*I^7*
         gBH0Phi*MBH0^(-2) - 1/6*Log[MBH0^2]*gBH0dR[f2,f97]*yd[f99,f2]*
         gam[y99,y97]*uspin[p2,y97]*vbspin[p1,y99]*d_(m99,m97)*
         d_(l99,l95)*p1.p1*FourPi^(-2)*I^7*MBH0^(-2)*gBH0Phibar - 1/3*
         Log[MBH0^2]*gBH0dR[f6,f97]*gBH0qL[f99,f4]*yd[f4,f6]*gam[y99,
         FIVE,p1,p1,y97]*uspin[p2,y97]*vbspin[p1,y99]*d_(m99,m97)*
         d_(l99,l95)*FourPi^(-2)*I^7*MBH0^(-2) - 1/3*Log[MBH0^2]*
         gBH0dR[f6,f97]*gBH0qL[f99,f4]*yd[f4,f6]*gam[y99,FIVE,p1,p2,y97
         ]*uspin[p2,y97]*vbspin[p1,y99]*d_(m99,m97)*d_(l99,l95)*
         FourPi^(-2)*I^7*MBH0^(-2) - 1/3*Log[MBH0^2]*gBH0dR[f6,f97]*
         gBH0qL[f99,f4]*yd[f4,f6]*gam[y99,FIVE,p2,p1,y97]*uspin[p2,y97]
         *vbspin[p1,y99]*d_(m99,m97)*d_(l99,l95)*FourPi^(-2)*I^7*
         MBH0^(-2) - 1/3*Log[MBH0^2]*gBH0dR[f6,f97]*gBH0qL[f99,f4]*yd[
         f4,f6]*gam[y99,FIVE,p2,p2,y97]*uspin[p2,y97]*vbspin[p1,y99]*
         d_(m99,m97)*d_(l99,l95)*FourPi^(-2)*I^7*MBH0^(-2) - 2/3*Log[
         MBH0^2]*gBH0dR[f6,f97]*gBH0qL[f99,f4]*yd[f4,f6]*gam[y99,FIVE,
         y97]*uspin[p2,y97]*vbspin[p1,y99]*d_(m99,m97)*d_(l99,l95)*
         p1.p1*FourPi^(-2)*I^7*MBH0^(-2) - 4/3*Log[MBH0^2]*gBH0dR[f6,
         f97]*gBH0qL[f99,f4]*yd[f4,f6]*gam[y99,FIVE,y97]*uspin[p2,y97]*
         vbspin[p1,y99]*d_(m99,m97)*d_(l99,l95)*p1.p2*FourPi^(-2)*I^7*
         MBH0^(-2) - 2/3*Log[MBH0^2]*gBH0dR[f6,f97]*gBH0qL[f99,f4]*yd[
         f4,f6]*gam[y99,FIVE,y97]*uspin[p2,y97]*vbspin[p1,y99]*
         d_(m99,m97)*d_(l99,l95)*p2.p2*FourPi^(-2)*I^7*MBH0^(-2) - 1/3*
         Log[MBH0^2]*gBH0dR[f6,f97]*gBH0qL[f99,f4]*yd[f4,f6]*gam[y99,p1
         ,p1,y97]*uspin[p2,y97]*vbspin[p1,y99]*d_(m99,m97)*d_(l99,l95)*
         FourPi^(-2)*I^7*MBH0^(-2) - 1/3*Log[MBH0^2]*gBH0dR[f6,f97]*
         gBH0qL[f99,f4]*yd[f4,f6]*gam[y99,p1,p2,y97]*uspin[p2,y97]*
         vbspin[p1,y99]*d_(m99,m97)*d_(l99,l95)*FourPi^(-2)*I^7*
         MBH0^(-2) - 1/3*Log[MBH0^2]*gBH0dR[f6,f97]*gBH0qL[f99,f4]*yd[
         f4,f6]*gam[y99,p2,p1,y97]*uspin[p2,y97]*vbspin[p1,y99]*
         d_(m99,m97)*d_(l99,l95)*FourPi^(-2)*I^7*MBH0^(-2) - 1/3*Log[
         MBH0^2]*gBH0dR[f6,f97]*gBH0qL[f99,f4]*yd[f4,f6]*gam[y99,p2,p2,
         y97]*uspin[p2,y97]*vbspin[p1,y99]*d_(m99,m97)*d_(l99,l95)*
         FourPi^(-2)*I^7*MBH0^(-2) - 2/3*Log[MBH0^2]*gBH0dR[f6,f97]*
         gBH0qL[f99,f4]*yd[f4,f6]*gam[y99,y97]*uspin[p2,y97]*vbspin[p1,
         y99]*d_(m99,m97)*d_(l99,l95)*p1.p1*FourPi^(-2)*I^7*MBH0^(-2)
          - 4/3*Log[MBH0^2]*gBH0dR[f6,f97]*gBH0qL[f99,f4]*yd[f4,f6]*
         gam[y99,y97]*uspin[p2,y97]*vbspin[p1,y99]*d_(m99,m97)*
         d_(l99,l95)*p1.p2*FourPi^(-2)*I^7*MBH0^(-2) - 2/3*Log[MBH0^2]*
         gBH0dR[f6,f97]*gBH0qL[f99,f4]*yd[f4,f6]*gam[y99,y97]*uspin[p2,
         y97]*vbspin[p1,y99]*d_(m99,m97)*d_(l99,l95)*p2.p2*FourPi^(-2)*
         I^7*MBH0^(-2) + 1/12*Log[MBH0^2]*gBH0qL[f99,f2]*yd[f2,f97]*
         gam[y99,FIVE,p2,p2,y97]*uspin[p2,y97]*vbspin[p1,y99]*
         d_(m99,m97)*d_(l99,l95)*FourPi^(-2)*I^7*MBH0^(-2)*gBH0Phibar
          - 1/4*Log[MBH0^2]*gBH0qL[f99,f2]*yd[f2,f97]*gam[y99,FIVE,p3,
         p2,y97]*uspin[p2,y97]*vbspin[p1,y99]*d_(m99,m97)*d_(l99,l95)*
         FourPi^(-2)*I^7*gBH0Phi*MBH0^(-2) + 1/6*Log[MBH0^2]*gBH0qL[f99
         ,f2]*yd[f2,f97]*gam[y99,FIVE,y97]*uspin[p2,y97]*vbspin[p1,y99]
         *d_(m99,m97)*d_(l99,l95)*p2.p2*FourPi^(-2)*I^7*MBH0^(-2)*
         gBH0Phibar + 1/12*Log[MBH0^2]*gBH0qL[f99,f2]*yd[f2,f97]*gam[
         y99,p2,p2,y97]*uspin[p2,y97]*vbspin[p1,y99]*d_(m99,m97)*
         d_(l99,l95)*FourPi^(-2)*I^7*MBH0^(-2)*gBH0Phibar - 1/4*Log[
         MBH0^2]*gBH0qL[f99,f2]*yd[f2,f97]*gam[y99,p3,p2,y97]*uspin[p2,
         y97]*vbspin[p1,y99]*d_(m99,m97)*d_(l99,l95)*FourPi^(-2)*I^7*
         gBH0Phi*MBH0^(-2) + 1/6*Log[MBH0^2]*gBH0qL[f99,f2]*yd[f2,f97]*
         gam[y99,y97]*uspin[p2,y97]*vbspin[p1,y99]*d_(m99,m97)*
         d_(l99,l95)*p2.p2*FourPi^(-2)*I^7*MBH0^(-2)*gBH0Phibar + 5/72*
         gBH0dR[f2,f97]*yd[f99,f2]*gam[y99,FIVE,p1,p1,y97]*uspin[p2,y97
         ]*vbspin[p1,y99]*d_(m99,m97)*d_(l99,l95)*FourPi^(-2)*I^7*
         MBH0^(-2)*gBH0Phibar - 1/12*gBH0dR[f2,f97]*yd[f99,f2]*gam[y99,
         FIVE,p1,p2,y97]*uspin[p2,y97]*vbspin[p1,y99]*d_(m99,m97)*
         d_(l99,l95)*FourPi^(-2)*I^7*MBH0^(-2)*gBH0Phibar - 3/8*gBH0dR[
         f2,f97]*yd[f99,f2]*gam[y99,FIVE,p1,p3,y97]*uspin[p2,y97]*
         vbspin[p1,y99]*d_(m99,m97)*d_(l99,l95)*FourPi^(-2)*I^7*gBH0Phi
         *MBH0^(-2) + 1/6*gBH0dR[f2,f97]*yd[f99,f2]*gam[y99,FIVE,p2,p1,
         y97]*uspin[p2,y97]*vbspin[p1,y99]*d_(m99,m97)*d_(l99,l95)*
         FourPi^(-2)*I^7*MBH0^(-2)*gBH0Phibar + 1/12*gBH0dR[f2,f97]*yd[
         f99,f2]*gam[y99,FIVE,p2,p2,y97]*uspin[p2,y97]*vbspin[p1,y99]*
         d_(m99,m97)*d_(l99,l95)*FourPi^(-2)*I^7*MBH0^(-2)*gBH0Phibar
          - 1/4*gBH0dR[f2,f97]*yd[f99,f2]*gam[y99,FIVE,p2,p3,y97]*
         uspin[p2,y97]*vbspin[p1,y99]*d_(m99,m97)*d_(l99,l95)*
         FourPi^(-2)*I^7*gBH0Phi*MBH0^(-2) + 1/18*gBH0dR[f2,f97]*yd[f99
         ,f2]*gam[y99,FIVE,y97]*uspin[p2,y97]*vbspin[p1,y99]*
         d_(m99,m97)*d_(l99,l95)*p1.p1*FourPi^(-2)*I^7*MBH0^(-2)*
         gBH0Phibar - 1/3*gBH0dR[f2,f97]*yd[f99,f2]*gam[y99,FIVE,y97]*
         uspin[p2,y97]*vbspin[p1,y99]*d_(m99,m97)*d_(l99,l95)*p1.p2*
         FourPi^(-2)*I^7*MBH0^(-2)*gBH0Phibar - 1/3*gBH0dR[f2,f97]*yd[
         f99,f2]*gam[y99,FIVE,y97]*uspin[p2,y97]*vbspin[p1,y99]*
         d_(m99,m97)*d_(l99,l95)*p2.p2*FourPi^(-2)*I^7*MBH0^(-2)*
         gBH0Phibar + 5/72*gBH0dR[f2,f97]*yd[f99,f2]*gam[y99,p1,p1,y97]
         *uspin[p2,y97]*vbspin[p1,y99]*d_(m99,m97)*d_(l99,l95)*
         FourPi^(-2)*I^7*MBH0^(-2)*gBH0Phibar - 1/12*gBH0dR[f2,f97]*yd[
         f99,f2]*gam[y99,p1,p2,y97]*uspin[p2,y97]*vbspin[p1,y99]*
         d_(m99,m97)*d_(l99,l95)*FourPi^(-2)*I^7*MBH0^(-2)*gBH0Phibar
          - 3/8*gBH0dR[f2,f97]*yd[f99,f2]*gam[y99,p1,p3,y97]*uspin[p2,
         y97]*vbspin[p1,y99]*d_(m99,m97)*d_(l99,l95)*FourPi^(-2)*I^7*
         gBH0Phi*MBH0^(-2) + 1/6*gBH0dR[f2,f97]*yd[f99,f2]*gam[y99,p2,
         p1,y97]*uspin[p2,y97]*vbspin[p1,y99]*d_(m99,m97)*d_(l99,l95)*
         FourPi^(-2)*I^7*MBH0^(-2)*gBH0Phibar + 1/12*gBH0dR[f2,f97]*yd[
         f99,f2]*gam[y99,p2,p2,y97]*uspin[p2,y97]*vbspin[p1,y99]*
         d_(m99,m97)*d_(l99,l95)*FourPi^(-2)*I^7*MBH0^(-2)*gBH0Phibar
          - 1/4*gBH0dR[f2,f97]*yd[f99,f2]*gam[y99,p2,p3,y97]*uspin[p2,
         y97]*vbspin[p1,y99]*d_(m99,m97)*d_(l99,l95)*FourPi^(-2)*I^7*
         gBH0Phi*MBH0^(-2) + 1/18*gBH0dR[f2,f97]*yd[f99,f2]*gam[y99,y97
         ]*uspin[p2,y97]*vbspin[p1,y99]*d_(m99,m97)*d_(l99,l95)*p1.p1*
         FourPi^(-2)*I^7*MBH0^(-2)*gBH0Phibar - 1/3*gBH0dR[f2,f97]*yd[
         f99,f2]*gam[y99,y97]*uspin[p2,y97]*vbspin[p1,y99]*d_(m99,m97)*
         d_(l99,l95)*p1.p2*FourPi^(-2)*I^7*MBH0^(-2)*gBH0Phibar - 1/3*
         gBH0dR[f2,f97]*yd[f99,f2]*gam[y99,y97]*uspin[p2,y97]*vbspin[p1
         ,y99]*d_(m99,m97)*d_(l99,l95)*p2.p2*FourPi^(-2)*I^7*MBH0^(-2)*
         gBH0Phibar + 1/9*gBH0dR[f6,f97]*gBH0qL[f99,f4]*yd[f4,f6]*gam[
         y99,FIVE,p1,p1,y97]*uspin[p2,y97]*vbspin[p1,y99]*d_(m99,m97)*
         d_(l99,l95)*FourPi^(-2)*I^7*MBH0^(-2) - 1/18*gBH0dR[f6,f97]*
         gBH0qL[f99,f4]*yd[f4,f6]*gam[y99,FIVE,p1,p2,y97]*uspin[p2,y97]
         *vbspin[p1,y99]*d_(m99,m97)*d_(l99,l95)*FourPi^(-2)*I^7*
         MBH0^(-2) - 1/18*gBH0dR[f6,f97]*gBH0qL[f99,f4]*yd[f4,f6]*gam[
         y99,FIVE,p2,p1,y97]*uspin[p2,y97]*vbspin[p1,y99]*d_(m99,m97)*
         d_(l99,l95)*FourPi^(-2)*I^7*MBH0^(-2) + 1/9*gBH0dR[f6,f97]*
         gBH0qL[f99,f4]*yd[f4,f6]*gam[y99,FIVE,p2,p2,y97]*uspin[p2,y97]
         *vbspin[p1,y99]*d_(m99,m97)*d_(l99,l95)*FourPi^(-2)*I^7*
         MBH0^(-2) - 1/9*gBH0dR[f6,f97]*gBH0qL[f99,f4]*yd[f4,f6]*gam[
         y99,FIVE,y97]*uspin[p2,y97]*vbspin[p1,y99]*d_(m99,m97)*
         d_(l99,l95)*p1.p1*FourPi^(-2)*I^7*MBH0^(-2) + 10/9*gBH0dR[f6,
         f97]*gBH0qL[f99,f4]*yd[f4,f6]*gam[y99,FIVE,y97]*uspin[p2,y97]*
         vbspin[p1,y99]*d_(m99,m97)*d_(l99,l95)*p1.p2*FourPi^(-2)*I^7*
         MBH0^(-2) - 1/9*gBH0dR[f6,f97]*gBH0qL[f99,f4]*yd[f4,f6]*gam[
         y99,FIVE,y97]*uspin[p2,y97]*vbspin[p1,y99]*d_(m99,m97)*
         d_(l99,l95)*p2.p2*FourPi^(-2)*I^7*MBH0^(-2) + 1/9*gBH0dR[f6,
         f97]*gBH0qL[f99,f4]*yd[f4,f6]*gam[y99,p1,p1,y97]*uspin[p2,y97]
         *vbspin[p1,y99]*d_(m99,m97)*d_(l99,l95)*FourPi^(-2)*I^7*
         MBH0^(-2) - 1/18*gBH0dR[f6,f97]*gBH0qL[f99,f4]*yd[f4,f6]*gam[
         y99,p1,p2,y97]*uspin[p2,y97]*vbspin[p1,y99]*d_(m99,m97)*
         d_(l99,l95)*FourPi^(-2)*I^7*MBH0^(-2) - 1/18*gBH0dR[f6,f97]*
         gBH0qL[f99,f4]*yd[f4,f6]*gam[y99,p2,p1,y97]*uspin[p2,y97]*
         vbspin[p1,y99]*d_(m99,m97)*d_(l99,l95)*FourPi^(-2)*I^7*
         MBH0^(-2) + 1/9*gBH0dR[f6,f97]*gBH0qL[f99,f4]*yd[f4,f6]*gam[
         y99,p2,p2,y97]*uspin[p2,y97]*vbspin[p1,y99]*d_(m99,m97)*
         d_(l99,l95)*FourPi^(-2)*I^7*MBH0^(-2) - 1/9*gBH0dR[f6,f97]*
         gBH0qL[f99,f4]*yd[f4,f6]*gam[y99,y97]*uspin[p2,y97]*vbspin[p1,
         y99]*d_(m99,m97)*d_(l99,l95)*p1.p1*FourPi^(-2)*I^7*MBH0^(-2)
          + 10/9*gBH0dR[f6,f97]*gBH0qL[f99,f4]*yd[f4,f6]*gam[y99,y97]*
         uspin[p2,y97]*vbspin[p1,y99]*d_(m99,m97)*d_(l99,l95)*p1.p2*
         FourPi^(-2)*I^7*MBH0^(-2) - 1/9*gBH0dR[f6,f97]*gBH0qL[f99,f4]*
         yd[f4,f6]*gam[y99,y97]*uspin[p2,y97]*vbspin[p1,y99]*
         d_(m99,m97)*d_(l99,l95)*p2.p2*FourPi^(-2)*I^7*MBH0^(-2) - 1/12
         *gBH0qL[f99,f2]*yd[f2,f97]*gam[y99,FIVE,p1,p1,y97]*uspin[p2,
         y97]*vbspin[p1,y99]*d_(m99,m97)*d_(l99,l95)*FourPi^(-2)*I^7*
         MBH0^(-2)*gBH0Phibar + 1/12*gBH0qL[f99,f2]*yd[f2,f97]*gam[y99,
         FIVE,p1,p2,y97]*uspin[p2,y97]*vbspin[p1,y99]*d_(m99,m97)*
         d_(l99,l95)*FourPi^(-2)*I^7*MBH0^(-2)*gBH0Phibar - 1/6*gBH0qL[
         f99,f2]*yd[f2,f97]*gam[y99,FIVE,p2,p1,y97]*uspin[p2,y97]*
         vbspin[p1,y99]*d_(m99,m97)*d_(l99,l95)*FourPi^(-2)*I^7*
         MBH0^(-2)*gBH0Phibar - 5/72*gBH0qL[f99,f2]*yd[f2,f97]*gam[y99,
         FIVE,p2,p2,y97]*uspin[p2,y97]*vbspin[p1,y99]*d_(m99,m97)*
         d_(l99,l95)*FourPi^(-2)*I^7*MBH0^(-2)*gBH0Phibar + 1/4*gBH0qL[
         f99,f2]*yd[f2,f97]*gam[y99,FIVE,p3,p1,y97]*uspin[p2,y97]*
         vbspin[p1,y99]*d_(m99,m97)*d_(l99,l95)*FourPi^(-2)*I^7*gBH0Phi
         *MBH0^(-2) + 3/8*gBH0qL[f99,f2]*yd[f2,f97]*gam[y99,FIVE,p3,p2,
         y97]*uspin[p2,y97]*vbspin[p1,y99]*d_(m99,m97)*d_(l99,l95)*
         FourPi^(-2)*I^7*gBH0Phi*MBH0^(-2) + 1/3*gBH0qL[f99,f2]*yd[f2,
         f97]*gam[y99,FIVE,y97]*uspin[p2,y97]*vbspin[p1,y99]*
         d_(m99,m97)*d_(l99,l95)*p1.p1*FourPi^(-2)*I^7*MBH0^(-2)*
         gBH0Phibar + 1/3*gBH0qL[f99,f2]*yd[f2,f97]*gam[y99,FIVE,y97]*
         uspin[p2,y97]*vbspin[p1,y99]*d_(m99,m97)*d_(l99,l95)*p1.p2*
         FourPi^(-2)*I^7*MBH0^(-2)*gBH0Phibar - 1/18*gBH0qL[f99,f2]*yd[
         f2,f97]*gam[y99,FIVE,y97]*uspin[p2,y97]*vbspin[p1,y99]*
         d_(m99,m97)*d_(l99,l95)*p2.p2*FourPi^(-2)*I^7*MBH0^(-2)*
         gBH0Phibar - 1/12*gBH0qL[f99,f2]*yd[f2,f97]*gam[y99,p1,p1,y97]
         *uspin[p2,y97]*vbspin[p1,y99]*d_(m99,m97)*d_(l99,l95)*
         FourPi^(-2)*I^7*MBH0^(-2)*gBH0Phibar + 1/12*gBH0qL[f99,f2]*yd[
         f2,f97]*gam[y99,p1,p2,y97]*uspin[p2,y97]*vbspin[p1,y99]*
         d_(m99,m97)*d_(l99,l95)*FourPi^(-2)*I^7*MBH0^(-2)*gBH0Phibar
          - 1/6*gBH0qL[f99,f2]*yd[f2,f97]*gam[y99,p2,p1,y97]*uspin[p2,
         y97]*vbspin[p1,y99]*d_(m99,m97)*d_(l99,l95)*FourPi^(-2)*I^7*
         MBH0^(-2)*gBH0Phibar - 5/72*gBH0qL[f99,f2]*yd[f2,f97]*gam[y99,
         p2,p2,y97]*uspin[p2,y97]*vbspin[p1,y99]*d_(m99,m97)*
         d_(l99,l95)*FourPi^(-2)*I^7*MBH0^(-2)*gBH0Phibar + 1/4*gBH0qL[
         f99,f2]*yd[f2,f97]*gam[y99,p3,p1,y97]*uspin[p2,y97]*vbspin[p1,
         y99]*d_(m99,m97)*d_(l99,l95)*FourPi^(-2)*I^7*gBH0Phi*MBH0^(-2)
          + 3/8*gBH0qL[f99,f2]*yd[f2,f97]*gam[y99,p3,p2,y97]*uspin[p2,
         y97]*vbspin[p1,y99]*d_(m99,m97)*d_(l99,l95)*FourPi^(-2)*I^7*
         gBH0Phi*MBH0^(-2) + 1/3*gBH0qL[f99,f2]*yd[f2,f97]*gam[y99,y97]
         *uspin[p2,y97]*vbspin[p1,y99]*d_(m99,m97)*d_(l99,l95)*p1.p1*
         FourPi^(-2)*I^7*MBH0^(-2)*gBH0Phibar + 1/3*gBH0qL[f99,f2]*yd[
         f2,f97]*gam[y99,y97]*uspin[p2,y97]*vbspin[p1,y99]*d_(m99,m97)*
         d_(l99,l95)*p1.p2*FourPi^(-2)*I^7*MBH0^(-2)*gBH0Phibar - 1/18*
         gBH0qL[f99,f2]*yd[f2,f97]*gam[y99,y97]*uspin[p2,y97]*vbspin[p1
         ,y99]*d_(m99,m97)*d_(l99,l95)*p2.p2*FourPi^(-2)*I^7*MBH0^(-2)*
         gBH0Phibar )

       + 1/2*Log[MBH0^2]*gBH0dR[f2,f97]*yd[f99,f2]*gam[y99,FIVE,y97]*
      uspin[p2,y97]*vbspin[p1,y99]*d_(m99,m97)*d_(l99,l95)*FourPi^(-2)*
      I^7*gBH0Phibar + 1/2*Log[MBH0^2]*gBH0dR[f2,f97]*yd[f99,f2]*gam[
         y99,y97]*uspin[p2,y97]*vbspin[p1,y99]*d_(m99,m97)*d_(l99,l95)*
         FourPi^(-2)*I^7*gBH0Phibar + 2*Log[MBH0^2]*gBH0dR[f6,f97]*
         gBH0qL[f99,f4]*yd[f4,f6]*gam[y99,FIVE,y97]*uspin[p2,y97]*
         vbspin[p1,y99]*d_(m99,m97)*d_(l99,l95)*FourPi^(-2)*I^7 + 2*
         Log[MBH0^2]*gBH0dR[f6,f97]*gBH0qL[f99,f4]*yd[f4,f6]*gam[y99,
         y97]*uspin[p2,y97]*vbspin[p1,y99]*d_(m99,m97)*d_(l99,l95)*
         FourPi^(-2)*I^7 - 1/2*Log[MBH0^2]*gBH0qL[f99,f2]*yd[f2,f97]*
         gam[y99,FIVE,y97]*uspin[p2,y97]*vbspin[p1,y99]*d_(m99,m97)*
         d_(l99,l95)*FourPi^(-2)*I^7*gBH0Phibar - 1/2*Log[MBH0^2]*
         gBH0qL[f99,f2]*yd[f2,f97]*gam[y99,y97]*uspin[p2,y97]*vbspin[p1
         ,y99]*d_(m99,m97)*d_(l99,l95)*FourPi^(-2)*I^7*gBH0Phibar - 1/2
         *gBH0dR[f2,f97]*yd[f99,f2]*gam[y99,FIVE,y97]*uspin[p2,y97]*
         vbspin[p1,y99]*d_(m99,m97)*d_(l99,l95)*FourPi^(-2)*I^7*
         gBH0Phibar - 1/2*gBH0dR[f2,f97]*yd[f99,f2]*gam[y99,y97]*uspin[
         p2,y97]*vbspin[p1,y99]*d_(m99,m97)*d_(l99,l95)*FourPi^(-2)*I^7
         *gBH0Phibar - gBH0dR[f6,f97]*gBH0qL[f99,f4]*yd[f4,f6]*gam[y99,
         FIVE,y97]*uspin[p2,y97]*vbspin[p1,y99]*d_(m99,m97)*d_(l99,l95)
         *FourPi^(-2)*I^7 - gBH0dR[f6,f97]*gBH0qL[f99,f4]*yd[f4,f6]*
         gam[y99,y97]*uspin[p2,y97]*vbspin[p1,y99]*d_(m99,m97)*
         d_(l99,l95)*FourPi^(-2)*I^7 + 1/2*gBH0qL[f99,f2]*yd[f2,f97]*
         gam[y99,FIVE,y97]*uspin[p2,y97]*vbspin[p1,y99]*d_(m99,m97)*
         d_(l99,l95)*FourPi^(-2)*I^7*gBH0Phibar + 1/2*gBH0qL[f99,f2]*
         yd[f2,f97]*gam[y99,y97]*uspin[p2,y97]*vbspin[p1,y99]*
         d_(m99,m97)*d_(l99,l95)*FourPi^(-2)*I^7*gBH0Phibar;

  0.06 sec out of 0.05 sec
