FORM 4.2.0 (Jul  6 2017, v4.2.0) 64-bits         Run: Fri Mar 16 14:57:18 2018
    * -*-Form-*-
    
    #: Parentheses 2000
    #-

   amplqLbarqLPhibarPhi =
       + sSS * (  - 1/2*Log[MBH0^2]*gBH0qL[f99,f97]*Ta[n4,l99,l97]*Ta[
         n4,l95,l93]*gam[y99,FIVE,p1,y97]*uspin[p2,y97]*vbspin[p1,y99]*
         d_(m99,m97)*FourPi^(-2)*I^9*gw^2*MBH0^(-2)*gBH0Phibar - 1/2*
         Log[MBH0^2]*gBH0qL[f99,f97]*Ta[n4,l99,l97]*Ta[n4,l95,l93]*gam[
         y99,FIVE,p1,y97]*uspin[p2,y97]*vbspin[p1,y99]*d_(m99,m97)*
         FourPi^(-2)*I^9*gw^2*gBH0Phi*MBH0^(-2) - 3/4*Log[MBH0^2]*
         gBH0qL[f99,f97]*Ta[n4,l99,l97]*Ta[n4,l95,l93]*gam[y99,FIVE,p3,
         y97]*uspin[p2,y97]*vbspin[p1,y99]*d_(m99,m97)*FourPi^(-2)*I^9*
         gw^2*MBH0^(-2)*gBH0Phibar - 3/4*Log[MBH0^2]*gBH0qL[f99,f97]*
         Ta[n4,l99,l97]*Ta[n4,l95,l93]*gam[y99,FIVE,p4,y97]*uspin[p2,
         y97]*vbspin[p1,y99]*d_(m99,m97)*FourPi^(-2)*I^9*gw^2*gBH0Phi*
         MBH0^(-2) - 1/2*Log[MBH0^2]*gBH0qL[f99,f97]*Ta[n4,l99,l97]*Ta[
         n4,l95,l93]*gam[y99,p1,y97]*uspin[p2,y97]*vbspin[p1,y99]*
         d_(m99,m97)*FourPi^(-2)*I^9*gw^2*MBH0^(-2)*gBH0Phibar - 1/2*
         Log[MBH0^2]*gBH0qL[f99,f97]*Ta[n4,l99,l97]*Ta[n4,l95,l93]*gam[
         y99,p1,y97]*uspin[p2,y97]*vbspin[p1,y99]*d_(m99,m97)*
         FourPi^(-2)*I^9*gw^2*gBH0Phi*MBH0^(-2) - 3/4*Log[MBH0^2]*
         gBH0qL[f99,f97]*Ta[n4,l99,l97]*Ta[n4,l95,l93]*gam[y99,p3,y97]*
         uspin[p2,y97]*vbspin[p1,y99]*d_(m99,m97)*FourPi^(-2)*I^9*gw^2*
         MBH0^(-2)*gBH0Phibar - 3/4*Log[MBH0^2]*gBH0qL[f99,f97]*Ta[n4,
         l99,l97]*Ta[n4,l95,l93]*gam[y99,p4,y97]*uspin[p2,y97]*vbspin[
         p1,y99]*d_(m99,m97)*FourPi^(-2)*I^9*gw^2*gBH0Phi*MBH0^(-2) - 3/
         4*Log[MBH0^2]*gBH0qL[f99,f97]*Ta[n6,l99,l97]*Ta[n6,l95,l93]*
         gam[y99,FIVE,p1,y97]*uspin[p2,y97]*vbspin[p1,y99]*d_(m99,m97)*
         FourPi^(-2)*I^9*gw^2*MBH0^(-2)*gBH0Phibar - 3/4*Log[MBH0^2]*
         gBH0qL[f99,f97]*Ta[n6,l99,l97]*Ta[n6,l95,l93]*gam[y99,FIVE,p1,
         y97]*uspin[p2,y97]*vbspin[p1,y99]*d_(m99,m97)*FourPi^(-2)*I^9*
         gw^2*gBH0Phi*MBH0^(-2) - 1/4*Log[MBH0^2]*gBH0qL[f99,f97]*Ta[n6
         ,l99,l97]*Ta[n6,l95,l93]*gam[y99,FIVE,p2,y97]*uspin[p2,y97]*
         vbspin[p1,y99]*d_(m99,m97)*FourPi^(-2)*I^9*gw^2*MBH0^(-2)*
         gBH0Phibar - 1/4*Log[MBH0^2]*gBH0qL[f99,f97]*Ta[n6,l99,l97]*
         Ta[n6,l95,l93]*gam[y99,FIVE,p2,y97]*uspin[p2,y97]*vbspin[p1,
         y99]*d_(m99,m97)*FourPi^(-2)*I^9*gw^2*gBH0Phi*MBH0^(-2) - 3/4*
         Log[MBH0^2]*gBH0qL[f99,f97]*Ta[n6,l99,l97]*Ta[n6,l95,l93]*gam[
         y99,FIVE,p3,y97]*uspin[p2,y97]*vbspin[p1,y99]*d_(m99,m97)*
         FourPi^(-2)*I^9*gw^2*gBH0Phi*MBH0^(-2) - 3/4*Log[MBH0^2]*
         gBH0qL[f99,f97]*Ta[n6,l99,l97]*Ta[n6,l95,l93]*gam[y99,FIVE,p4,
         y97]*uspin[p2,y97]*vbspin[p1,y99]*d_(m99,m97)*FourPi^(-2)*I^9*
         gw^2*MBH0^(-2)*gBH0Phibar - 3/4*Log[MBH0^2]*gBH0qL[f99,f97]*
         Ta[n6,l99,l97]*Ta[n6,l95,l93]*gam[y99,p1,y97]*uspin[p2,y97]*
         vbspin[p1,y99]*d_(m99,m97)*FourPi^(-2)*I^9*gw^2*MBH0^(-2)*
         gBH0Phibar - 3/4*Log[MBH0^2]*gBH0qL[f99,f97]*Ta[n6,l99,l97]*
         Ta[n6,l95,l93]*gam[y99,p1,y97]*uspin[p2,y97]*vbspin[p1,y99]*
         d_(m99,m97)*FourPi^(-2)*I^9*gw^2*gBH0Phi*MBH0^(-2) - 1/4*Log[
         MBH0^2]*gBH0qL[f99,f97]*Ta[n6,l99,l97]*Ta[n6,l95,l93]*gam[y99,
         p2,y97]*uspin[p2,y97]*vbspin[p1,y99]*d_(m99,m97)*FourPi^(-2)*
         I^9*gw^2*MBH0^(-2)*gBH0Phibar - 1/4*Log[MBH0^2]*gBH0qL[f99,f97
         ]*Ta[n6,l99,l97]*Ta[n6,l95,l93]*gam[y99,p2,y97]*uspin[p2,y97]*
         vbspin[p1,y99]*d_(m99,m97)*FourPi^(-2)*I^9*gw^2*gBH0Phi*
         MBH0^(-2) - 3/4*Log[MBH0^2]*gBH0qL[f99,f97]*Ta[n6,l99,l97]*Ta[
         n6,l95,l93]*gam[y99,p3,y97]*uspin[p2,y97]*vbspin[p1,y99]*
         d_(m99,m97)*FourPi^(-2)*I^9*gw^2*gBH0Phi*MBH0^(-2) - 3/4*Log[
         MBH0^2]*gBH0qL[f99,f97]*Ta[n6,l99,l97]*Ta[n6,l95,l93]*gam[y99,
         p4,y97]*uspin[p2,y97]*vbspin[p1,y99]*d_(m99,m97)*FourPi^(-2)*
         I^9*gw^2*MBH0^(-2)*gBH0Phibar - 5/48*Log[MBH0^2]*gBH0qL[f99,
         f97]*gam[y99,FIVE,p1,y97]*uspin[p2,y97]*vbspin[p1,y99]*
         d_(m99,m97)*d_(l99,l97)*d_(l95,l93)*FourPi^(-2)*I^9*g1^2*
         MBH0^(-2)*gBH0Phibar - 5/48*Log[MBH0^2]*gBH0qL[f99,f97]*gam[
         y99,FIVE,p1,y97]*uspin[p2,y97]*vbspin[p1,y99]*d_(m99,m97)*
         d_(l99,l97)*d_(l95,l93)*FourPi^(-2)*I^9*g1^2*gBH0Phi*MBH0^(-2)
          - 1/48*Log[MBH0^2]*gBH0qL[f99,f97]*gam[y99,FIVE,p2,y97]*
         uspin[p2,y97]*vbspin[p1,y99]*d_(m99,m97)*d_(l99,l97)*
         d_(l95,l93)*FourPi^(-2)*I^9*g1^2*MBH0^(-2)*gBH0Phibar - 1/48*
         Log[MBH0^2]*gBH0qL[f99,f97]*gam[y99,FIVE,p2,y97]*uspin[p2,y97]
         *vbspin[p1,y99]*d_(m99,m97)*d_(l99,l97)*d_(l95,l93)*
         FourPi^(-2)*I^9*g1^2*gBH0Phi*MBH0^(-2) - 1/8*Log[MBH0^2]*
         gBH0qL[f99,f97]*gam[y99,FIVE,p3,y97]*uspin[p2,y97]*vbspin[p1,
         y99]*d_(m99,m97)*d_(l99,l97)*d_(l95,l93)*FourPi^(-2)*I^9*
         MBH0^(-2)*gBH0Phibar^3 - 1/2*Log[MBH0^2]*gBH0qL[f99,f97]*gam[
         y99,FIVE,p3,y97]*uspin[p2,y97]*vbspin[p1,y99]*d_(m99,m97)*
         d_(l99,l97)*d_(l95,l93)*FourPi^(-2)*I^9*gBH0Phi*MBH0^(-2)*
         gBH0Phibar^2 + 1/8*Log[MBH0^2]*gBH0qL[f99,f97]*gam[y99,FIVE,p3
         ,y97]*uspin[p2,y97]*vbspin[p1,y99]*d_(m99,m97)*d_(l99,l97)*
         d_(l95,l93)*FourPi^(-2)*I^9*gBH0Phi^2*MBH0^(-2)*gBH0Phibar - 1/
         16*Log[MBH0^2]*gBH0qL[f99,f97]*gam[y99,FIVE,p3,y97]*uspin[p2,
         y97]*vbspin[p1,y99]*d_(m99,m97)*d_(l99,l97)*d_(l95,l93)*
         FourPi^(-2)*I^9*g1^2*MBH0^(-2)*gBH0Phibar - 1/16*Log[MBH0^2]*
         gBH0qL[f99,f97]*gam[y99,FIVE,p3,y97]*uspin[p2,y97]*vbspin[p1,
         y99]*d_(m99,m97)*d_(l99,l97)*d_(l95,l93)*FourPi^(-2)*I^9*g1^2*
         gBH0Phi*MBH0^(-2) - 1/8*Log[MBH0^2]*gBH0qL[f99,f97]*gam[y99,
         FIVE,p4,y97]*uspin[p2,y97]*vbspin[p1,y99]*d_(m99,m97)*
         d_(l99,l97)*d_(l95,l93)*FourPi^(-2)*I^9*gBH0Phi*MBH0^(-2)*
         gBH0Phibar^2 + 1/2*Log[MBH0^2]*gBH0qL[f99,f97]*gam[y99,FIVE,p4
         ,y97]*uspin[p2,y97]*vbspin[p1,y99]*d_(m99,m97)*d_(l99,l97)*
         d_(l95,l93)*FourPi^(-2)*I^9*gBH0Phi^2*MBH0^(-2)*gBH0Phibar + 1/
         8*Log[MBH0^2]*gBH0qL[f99,f97]*gam[y99,FIVE,p4,y97]*uspin[p2,
         y97]*vbspin[p1,y99]*d_(m99,m97)*d_(l99,l97)*d_(l95,l93)*
         FourPi^(-2)*I^9*gBH0Phi^3*MBH0^(-2) - 1/16*Log[MBH0^2]*gBH0qL[
         f99,f97]*gam[y99,FIVE,p4,y97]*uspin[p2,y97]*vbspin[p1,y99]*
         d_(m99,m97)*d_(l99,l97)*d_(l95,l93)*FourPi^(-2)*I^9*g1^2*
         MBH0^(-2)*gBH0Phibar - 1/16*Log[MBH0^2]*gBH0qL[f99,f97]*gam[
         y99,FIVE,p4,y97]*uspin[p2,y97]*vbspin[p1,y99]*d_(m99,m97)*
         d_(l99,l97)*d_(l95,l93)*FourPi^(-2)*I^9*g1^2*gBH0Phi*MBH0^(-2)
          - 5/48*Log[MBH0^2]*gBH0qL[f99,f97]*gam[y99,p1,y97]*uspin[p2,
         y97]*vbspin[p1,y99]*d_(m99,m97)*d_(l99,l97)*d_(l95,l93)*
         FourPi^(-2)*I^9*g1^2*MBH0^(-2)*gBH0Phibar - 5/48*Log[MBH0^2]*
         gBH0qL[f99,f97]*gam[y99,p1,y97]*uspin[p2,y97]*vbspin[p1,y99]*
         d_(m99,m97)*d_(l99,l97)*d_(l95,l93)*FourPi^(-2)*I^9*g1^2*
         gBH0Phi*MBH0^(-2) - 1/48*Log[MBH0^2]*gBH0qL[f99,f97]*gam[y99,
         p2,y97]*uspin[p2,y97]*vbspin[p1,y99]*d_(m99,m97)*d_(l99,l97)*
         d_(l95,l93)*FourPi^(-2)*I^9*g1^2*MBH0^(-2)*gBH0Phibar - 1/48*
         Log[MBH0^2]*gBH0qL[f99,f97]*gam[y99,p2,y97]*uspin[p2,y97]*
         vbspin[p1,y99]*d_(m99,m97)*d_(l99,l97)*d_(l95,l93)*FourPi^(-2)
         *I^9*g1^2*gBH0Phi*MBH0^(-2) - 1/8*Log[MBH0^2]*gBH0qL[f99,f97]*
         gam[y99,p3,y97]*uspin[p2,y97]*vbspin[p1,y99]*d_(m99,m97)*
         d_(l99,l97)*d_(l95,l93)*FourPi^(-2)*I^9*MBH0^(-2)*gBH0Phibar^3
          - 1/2*Log[MBH0^2]*gBH0qL[f99,f97]*gam[y99,p3,y97]*uspin[p2,
         y97]*vbspin[p1,y99]*d_(m99,m97)*d_(l99,l97)*d_(l95,l93)*
         FourPi^(-2)*I^9*gBH0Phi*MBH0^(-2)*gBH0Phibar^2 + 1/8*Log[
         MBH0^2]*gBH0qL[f99,f97]*gam[y99,p3,y97]*uspin[p2,y97]*vbspin[
         p1,y99]*d_(m99,m97)*d_(l99,l97)*d_(l95,l93)*FourPi^(-2)*I^9*
         gBH0Phi^2*MBH0^(-2)*gBH0Phibar - 1/16*Log[MBH0^2]*gBH0qL[f99,
         f97]*gam[y99,p3,y97]*uspin[p2,y97]*vbspin[p1,y99]*d_(m99,m97)*
         d_(l99,l97)*d_(l95,l93)*FourPi^(-2)*I^9*g1^2*MBH0^(-2)*
         gBH0Phibar - 1/16*Log[MBH0^2]*gBH0qL[f99,f97]*gam[y99,p3,y97]*
         uspin[p2,y97]*vbspin[p1,y99]*d_(m99,m97)*d_(l99,l97)*
         d_(l95,l93)*FourPi^(-2)*I^9*g1^2*gBH0Phi*MBH0^(-2) - 1/8*Log[
         MBH0^2]*gBH0qL[f99,f97]*gam[y99,p4,y97]*uspin[p2,y97]*vbspin[
         p1,y99]*d_(m99,m97)*d_(l99,l97)*d_(l95,l93)*FourPi^(-2)*I^9*
         gBH0Phi*MBH0^(-2)*gBH0Phibar^2 + 1/2*Log[MBH0^2]*gBH0qL[f99,
         f97]*gam[y99,p4,y97]*uspin[p2,y97]*vbspin[p1,y99]*d_(m99,m97)*
         d_(l99,l97)*d_(l95,l93)*FourPi^(-2)*I^9*gBH0Phi^2*MBH0^(-2)*
         gBH0Phibar + 1/8*Log[MBH0^2]*gBH0qL[f99,f97]*gam[y99,p4,y97]*
         uspin[p2,y97]*vbspin[p1,y99]*d_(m99,m97)*d_(l99,l97)*
         d_(l95,l93)*FourPi^(-2)*I^9*gBH0Phi^3*MBH0^(-2) - 1/16*Log[
         MBH0^2]*gBH0qL[f99,f97]*gam[y99,p4,y97]*uspin[p2,y97]*vbspin[
         p1,y99]*d_(m99,m97)*d_(l99,l97)*d_(l95,l93)*FourPi^(-2)*I^9*
         g1^2*MBH0^(-2)*gBH0Phibar - 1/16*Log[MBH0^2]*gBH0qL[f99,f97]*
         gam[y99,p4,y97]*uspin[p2,y97]*vbspin[p1,y99]*d_(m99,m97)*
         d_(l99,l97)*d_(l95,l93)*FourPi^(-2)*I^9*g1^2*gBH0Phi*MBH0^(-2)
          - 1/2*Log[MBH0^2]*gBH0qL[f99,f6]*gBH0qL[f6,f8]*gBH0qL[f8,f97]
         *gam[y99,FIVE,p3,y97]*uspin[p2,y97]*vbspin[p1,y99]*d_(m99,m97)
         *d_(l99,l97)*d_(l95,l93)*FourPi^(-2)*I^9*MBH0^(-2)*gBH0Phibar
          + 1/2*Log[MBH0^2]*gBH0qL[f99,f6]*gBH0qL[f6,f8]*gBH0qL[f8,f97]
         *gam[y99,FIVE,p4,y97]*uspin[p2,y97]*vbspin[p1,y99]*d_(m99,m97)
         *d_(l99,l97)*d_(l95,l93)*FourPi^(-2)*I^9*gBH0Phi*MBH0^(-2) - 1/
         2*Log[MBH0^2]*gBH0qL[f99,f6]*gBH0qL[f6,f8]*gBH0qL[f8,f97]*gam[
         y99,p3,y97]*uspin[p2,y97]*vbspin[p1,y99]*d_(m99,m97)*
         d_(l99,l97)*d_(l95,l93)*FourPi^(-2)*I^9*MBH0^(-2)*gBH0Phibar
          + 1/2*Log[MBH0^2]*gBH0qL[f99,f6]*gBH0qL[f6,f8]*gBH0qL[f8,f97]
         *gam[y99,p4,y97]*uspin[p2,y97]*vbspin[p1,y99]*d_(m99,m97)*
         d_(l99,l97)*d_(l95,l93)*FourPi^(-2)*I^9*gBH0Phi*MBH0^(-2) + 1/
         4*Log[MBH0^2]*gBH0qL[f99,f2]*yu[f2,f6]*yubar[f97,f6]*gam[y99,
         FIVE,p1,y97]*uspin[p2,y97]*vbspin[p1,y99]*e_[l99,l95]*e_[l97,
         l93]*d_(m99,m97)*FourPi^(-2)*I^9*MBH0^(-2)*gBH0Phibar - 1/4*
         Log[MBH0^2]*gBH0qL[f99,f2]*yu[f2,f6]*yubar[f97,f6]*gam[y99,
         FIVE,p3,y97]*uspin[p2,y97]*vbspin[p1,y99]*e_[l99,l95]*e_[l97,
         l93]*d_(m99,m97)*FourPi^(-2)*I^9*MBH0^(-2)*gBH0Phibar + 1/4*
         Log[MBH0^2]*gBH0qL[f99,f2]*yu[f2,f6]*yubar[f97,f6]*gam[y99,
         FIVE,p4,y97]*uspin[p2,y97]*vbspin[p1,y99]*e_[l99,l95]*e_[l97,
         l93]*d_(m99,m97)*FourPi^(-2)*I^9*MBH0^(-2)*gBH0Phibar + 1/2*
         Log[MBH0^2]*gBH0qL[f99,f2]*yu[f2,f6]*yubar[f97,f6]*gam[y99,
         FIVE,p4,y97]*uspin[p2,y97]*vbspin[p1,y99]*e_[l99,l95]*e_[l97,
         l93]*d_(m99,m97)*FourPi^(-2)*I^9*gBH0Phi*MBH0^(-2) + 1/4*Log[
         MBH0^2]*gBH0qL[f99,f2]*yu[f2,f6]*yubar[f97,f6]*gam[y99,p1,y97]
         *uspin[p2,y97]*vbspin[p1,y99]*e_[l99,l95]*e_[l97,l93]*
         d_(m99,m97)*FourPi^(-2)*I^9*MBH0^(-2)*gBH0Phibar - 1/4*Log[
         MBH0^2]*gBH0qL[f99,f2]*yu[f2,f6]*yubar[f97,f6]*gam[y99,p3,y97]
         *uspin[p2,y97]*vbspin[p1,y99]*e_[l99,l95]*e_[l97,l93]*
         d_(m99,m97)*FourPi^(-2)*I^9*MBH0^(-2)*gBH0Phibar + 1/4*Log[
         MBH0^2]*gBH0qL[f99,f2]*yu[f2,f6]*yubar[f97,f6]*gam[y99,p4,y97]
         *uspin[p2,y97]*vbspin[p1,y99]*e_[l99,l95]*e_[l97,l93]*
         d_(m99,m97)*FourPi^(-2)*I^9*MBH0^(-2)*gBH0Phibar + 1/2*Log[
         MBH0^2]*gBH0qL[f99,f2]*yu[f2,f6]*yubar[f97,f6]*gam[y99,p4,y97]
         *uspin[p2,y97]*vbspin[p1,y99]*e_[l99,l95]*e_[l97,l93]*
         d_(m99,m97)*FourPi^(-2)*I^9*gBH0Phi*MBH0^(-2) + 1/2*Log[MBH0^2
         ]*gBH0qL[f99,f4]*gBH0qL[f6,f97]*yd[f4,f8]*ydbar[f6,f8]*gam[y99
         ,FIVE,p1,y97]*uspin[p2,y97]*vbspin[p1,y99]*d_(m99,m97)*
         d_(l99,l93)*d_(l97,l95)*FourPi^(-2)*I^9*MBH0^(-2) + 1/2*Log[
         MBH0^2]*gBH0qL[f99,f4]*gBH0qL[f6,f97]*yd[f4,f8]*ydbar[f6,f8]*
         gam[y99,FIVE,p2,y97]*uspin[p2,y97]*vbspin[p1,y99]*d_(m99,m97)*
         d_(l99,l93)*d_(l97,l95)*FourPi^(-2)*I^9*MBH0^(-2) + Log[MBH0^2
         ]*gBH0qL[f99,f4]*gBH0qL[f6,f97]*yd[f4,f8]*ydbar[f6,f8]*gam[y99
         ,FIVE,p4,y97]*uspin[p2,y97]*vbspin[p1,y99]*d_(m99,m97)*
         d_(l99,l93)*d_(l97,l95)*FourPi^(-2)*I^9*MBH0^(-2) + 1/2*Log[
         MBH0^2]*gBH0qL[f99,f4]*gBH0qL[f6,f97]*yd[f4,f8]*ydbar[f6,f8]*
         gam[y99,p1,y97]*uspin[p2,y97]*vbspin[p1,y99]*d_(m99,m97)*
         d_(l99,l93)*d_(l97,l95)*FourPi^(-2)*I^9*MBH0^(-2) + 1/2*Log[
         MBH0^2]*gBH0qL[f99,f4]*gBH0qL[f6,f97]*yd[f4,f8]*ydbar[f6,f8]*
         gam[y99,p2,y97]*uspin[p2,y97]*vbspin[p1,y99]*d_(m99,m97)*
         d_(l99,l93)*d_(l97,l95)*FourPi^(-2)*I^9*MBH0^(-2) + Log[MBH0^2
         ]*gBH0qL[f99,f4]*gBH0qL[f6,f97]*yd[f4,f8]*ydbar[f6,f8]*gam[y99
         ,p4,y97]*uspin[p2,y97]*vbspin[p1,y99]*d_(m99,m97)*d_(l99,l93)*
         d_(l97,l95)*FourPi^(-2)*I^9*MBH0^(-2) + 1/2*Log[MBH0^2]*
         gBH0qL[f99,f4]*gBH0qL[f6,f97]*yu[f4,f8]*yubar[f6,f8]*gam[y99,
         FIVE,p1,y97]*uspin[p2,y97]*vbspin[p1,y99]*e_[l99,l95]*e_[l97,
         l93]*d_(m99,m97)*FourPi^(-2)*I^9*MBH0^(-2) + 1/2*Log[MBH0^2]*
         gBH0qL[f99,f4]*gBH0qL[f6,f97]*yu[f4,f8]*yubar[f6,f8]*gam[y99,
         FIVE,p2,y97]*uspin[p2,y97]*vbspin[p1,y99]*e_[l99,l95]*e_[l97,
         l93]*d_(m99,m97)*FourPi^(-2)*I^9*MBH0^(-2) + Log[MBH0^2]*
         gBH0qL[f99,f4]*gBH0qL[f6,f97]*yu[f4,f8]*yubar[f6,f8]*gam[y99,
         FIVE,p3,y97]*uspin[p2,y97]*vbspin[p1,y99]*e_[l99,l95]*e_[l97,
         l93]*d_(m99,m97)*FourPi^(-2)*I^9*MBH0^(-2) + 1/2*Log[MBH0^2]*
         gBH0qL[f99,f4]*gBH0qL[f6,f97]*yu[f4,f8]*yubar[f6,f8]*gam[y99,
         p1,y97]*uspin[p2,y97]*vbspin[p1,y99]*e_[l99,l95]*e_[l97,l93]*
         d_(m99,m97)*FourPi^(-2)*I^9*MBH0^(-2) + 1/2*Log[MBH0^2]*
         gBH0qL[f99,f4]*gBH0qL[f6,f97]*yu[f4,f8]*yubar[f6,f8]*gam[y99,
         p2,y97]*uspin[p2,y97]*vbspin[p1,y99]*e_[l99,l95]*e_[l97,l93]*
         d_(m99,m97)*FourPi^(-2)*I^9*MBH0^(-2) + Log[MBH0^2]*gBH0qL[f99
         ,f4]*gBH0qL[f6,f97]*yu[f4,f8]*yubar[f6,f8]*gam[y99,p3,y97]*
         uspin[p2,y97]*vbspin[p1,y99]*e_[l99,l95]*e_[l97,l93]*
         d_(m99,m97)*FourPi^(-2)*I^9*MBH0^(-2) - 1/4*Log[MBH0^2]*
         gBH0qL[f99,f4]*yd[f4,f8]*ydbar[f97,f8]*gam[y99,FIVE,p1,y97]*
         uspin[p2,y97]*vbspin[p1,y99]*d_(m99,m97)*d_(l99,l93)*
         d_(l97,l95)*FourPi^(-2)*I^9*gBH0Phi*MBH0^(-2) - 1/2*Log[MBH0^2
         ]*gBH0qL[f99,f4]*yd[f4,f8]*ydbar[f97,f8]*gam[y99,FIVE,p3,y97]*
         uspin[p2,y97]*vbspin[p1,y99]*d_(m99,m97)*d_(l99,l93)*
         d_(l97,l95)*FourPi^(-2)*I^9*MBH0^(-2)*gBH0Phibar - 1/4*Log[
         MBH0^2]*gBH0qL[f99,f4]*yd[f4,f8]*ydbar[f97,f8]*gam[y99,FIVE,p3
         ,y97]*uspin[p2,y97]*vbspin[p1,y99]*d_(m99,m97)*d_(l99,l93)*
         d_(l97,l95)*FourPi^(-2)*I^9*gBH0Phi*MBH0^(-2) + 1/4*Log[MBH0^2
         ]*gBH0qL[f99,f4]*yd[f4,f8]*ydbar[f97,f8]*gam[y99,FIVE,p4,y97]*
         uspin[p2,y97]*vbspin[p1,y99]*d_(m99,m97)*d_(l99,l93)*
         d_(l97,l95)*FourPi^(-2)*I^9*gBH0Phi*MBH0^(-2) - 1/4*Log[MBH0^2
         ]*gBH0qL[f99,f4]*yd[f4,f8]*ydbar[f97,f8]*gam[y99,p1,y97]*
         uspin[p2,y97]*vbspin[p1,y99]*d_(m99,m97)*d_(l99,l93)*
         d_(l97,l95)*FourPi^(-2)*I^9*gBH0Phi*MBH0^(-2) - 1/2*Log[MBH0^2
         ]*gBH0qL[f99,f4]*yd[f4,f8]*ydbar[f97,f8]*gam[y99,p3,y97]*
         uspin[p2,y97]*vbspin[p1,y99]*d_(m99,m97)*d_(l99,l93)*
         d_(l97,l95)*FourPi^(-2)*I^9*MBH0^(-2)*gBH0Phibar - 1/4*Log[
         MBH0^2]*gBH0qL[f99,f4]*yd[f4,f8]*ydbar[f97,f8]*gam[y99,p3,y97]
         *uspin[p2,y97]*vbspin[p1,y99]*d_(m99,m97)*d_(l99,l93)*
         d_(l97,l95)*FourPi^(-2)*I^9*gBH0Phi*MBH0^(-2) + 1/4*Log[MBH0^2
         ]*gBH0qL[f99,f4]*yd[f4,f8]*ydbar[f97,f8]*gam[y99,p4,y97]*
         uspin[p2,y97]*vbspin[p1,y99]*d_(m99,m97)*d_(l99,l93)*
         d_(l97,l95)*FourPi^(-2)*I^9*gBH0Phi*MBH0^(-2) - 1/4*Log[MBH0^2
         ]*gBH0qL[f6,f97]*yd[f99,f2]*ydbar[f6,f2]*gam[y99,FIVE,p1,y97]*
         uspin[p2,y97]*vbspin[p1,y99]*d_(m99,m97)*d_(l99,l93)*
         d_(l97,l95)*FourPi^(-2)*I^9*MBH0^(-2)*gBH0Phibar - 1/2*Log[
         MBH0^2]*gBH0qL[f6,f97]*yd[f99,f2]*ydbar[f6,f2]*gam[y99,FIVE,p3
         ,y97]*uspin[p2,y97]*vbspin[p1,y99]*d_(m99,m97)*d_(l99,l93)*
         d_(l97,l95)*FourPi^(-2)*I^9*MBH0^(-2)*gBH0Phibar + 1/2*Log[
         MBH0^2]*gBH0qL[f6,f97]*yd[f99,f2]*ydbar[f6,f2]*gam[y99,FIVE,p4
         ,y97]*uspin[p2,y97]*vbspin[p1,y99]*d_(m99,m97)*d_(l99,l93)*
         d_(l97,l95)*FourPi^(-2)*I^9*gBH0Phi*MBH0^(-2) - 1/4*Log[MBH0^2
         ]*gBH0qL[f6,f97]*yd[f99,f2]*ydbar[f6,f2]*gam[y99,p1,y97]*
         uspin[p2,y97]*vbspin[p1,y99]*d_(m99,m97)*d_(l99,l93)*
         d_(l97,l95)*FourPi^(-2)*I^9*MBH0^(-2)*gBH0Phibar - 1/2*Log[
         MBH0^2]*gBH0qL[f6,f97]*yd[f99,f2]*ydbar[f6,f2]*gam[y99,p3,y97]
         *uspin[p2,y97]*vbspin[p1,y99]*d_(m99,m97)*d_(l99,l93)*
         d_(l97,l95)*FourPi^(-2)*I^9*MBH0^(-2)*gBH0Phibar + 1/2*Log[
         MBH0^2]*gBH0qL[f6,f97]*yd[f99,f2]*ydbar[f6,f2]*gam[y99,p4,y97]
         *uspin[p2,y97]*vbspin[p1,y99]*d_(m99,m97)*d_(l99,l93)*
         d_(l97,l95)*FourPi^(-2)*I^9*gBH0Phi*MBH0^(-2) + 1/4*Log[MBH0^2
         ]*gBH0qL[f8,f97]*yu[f99,f4]*yubar[f8,f4]*gam[y99,FIVE,p1,y97]*
         uspin[p2,y97]*vbspin[p1,y99]*e_[l99,l95]*e_[l97,l93]*
         d_(m99,m97)*FourPi^(-2)*I^9*gBH0Phi*MBH0^(-2) - 1/2*Log[MBH0^2
         ]*gBH0qL[f8,f97]*yu[f99,f4]*yubar[f8,f4]*gam[y99,FIVE,p3,y97]*
         uspin[p2,y97]*vbspin[p1,y99]*e_[l99,l95]*e_[l97,l93]*
         d_(m99,m97)*FourPi^(-2)*I^9*MBH0^(-2)*gBH0Phibar + 1/2*Log[
         MBH0^2]*gBH0qL[f8,f97]*yu[f99,f4]*yubar[f8,f4]*gam[y99,FIVE,p4
         ,y97]*uspin[p2,y97]*vbspin[p1,y99]*e_[l99,l95]*e_[l97,l93]*
         d_(m99,m97)*FourPi^(-2)*I^9*gBH0Phi*MBH0^(-2) + 1/4*Log[MBH0^2
         ]*gBH0qL[f8,f97]*yu[f99,f4]*yubar[f8,f4]*gam[y99,p1,y97]*
         uspin[p2,y97]*vbspin[p1,y99]*e_[l99,l95]*e_[l97,l93]*
         d_(m99,m97)*FourPi^(-2)*I^9*gBH0Phi*MBH0^(-2) - 1/2*Log[MBH0^2
         ]*gBH0qL[f8,f97]*yu[f99,f4]*yubar[f8,f4]*gam[y99,p3,y97]*
         uspin[p2,y97]*vbspin[p1,y99]*e_[l99,l95]*e_[l97,l93]*
         d_(m99,m97)*FourPi^(-2)*I^9*MBH0^(-2)*gBH0Phibar + 1/2*Log[
         MBH0^2]*gBH0qL[f8,f97]*yu[f99,f4]*yubar[f8,f4]*gam[y99,p4,y97]
         *uspin[p2,y97]*vbspin[p1,y99]*e_[l99,l95]*e_[l97,l93]*
         d_(m99,m97)*FourPi^(-2)*I^9*gBH0Phi*MBH0^(-2) + 1/8*Log[MBH0^2
         ]*yd[f99,f2]*ydbar[f97,f2]*gam[y99,FIVE,p1,y97]*uspin[p2,y97]*
         vbspin[p1,y99]*d_(m99,m97)*d_(l99,l93)*d_(l97,l95)*FourPi^(-2)
         *I^9*gBH0Phi*MBH0^(-2)*gBH0Phibar - 1/8*Log[MBH0^2]*yd[f99,f2]
         *ydbar[f97,f2]*gam[y99,FIVE,p2,y97]*uspin[p2,y97]*vbspin[p1,
         y99]*d_(m99,m97)*d_(l99,l93)*d_(l97,l95)*FourPi^(-2)*I^9*
         gBH0Phi*MBH0^(-2)*gBH0Phibar - 1/8*Log[MBH0^2]*yd[f99,f2]*
         ydbar[f97,f2]*gam[y99,FIVE,p3,y97]*uspin[p2,y97]*vbspin[p1,y99
         ]*d_(m99,m97)*d_(l99,l93)*d_(l97,l95)*FourPi^(-2)*I^9*
         MBH0^(-2)*gBH0Phibar^2 + 1/8*Log[MBH0^2]*yd[f99,f2]*ydbar[f97,
         f2]*gam[y99,FIVE,p4,y97]*uspin[p2,y97]*vbspin[p1,y99]*
         d_(m99,m97)*d_(l99,l93)*d_(l97,l95)*FourPi^(-2)*I^9*gBH0Phi^2*
         MBH0^(-2) + 1/8*Log[MBH0^2]*yd[f99,f2]*ydbar[f97,f2]*gam[y99,
         p1,y97]*uspin[p2,y97]*vbspin[p1,y99]*d_(m99,m97)*d_(l99,l93)*
         d_(l97,l95)*FourPi^(-2)*I^9*gBH0Phi*MBH0^(-2)*gBH0Phibar - 1/8
         *Log[MBH0^2]*yd[f99,f2]*ydbar[f97,f2]*gam[y99,p2,y97]*uspin[p2
         ,y97]*vbspin[p1,y99]*d_(m99,m97)*d_(l99,l93)*d_(l97,l95)*
         FourPi^(-2)*I^9*gBH0Phi*MBH0^(-2)*gBH0Phibar - 1/8*Log[MBH0^2]
         *yd[f99,f2]*ydbar[f97,f2]*gam[y99,p3,y97]*uspin[p2,y97]*
         vbspin[p1,y99]*d_(m99,m97)*d_(l99,l93)*d_(l97,l95)*FourPi^(-2)
         *I^9*MBH0^(-2)*gBH0Phibar^2 + 1/8*Log[MBH0^2]*yd[f99,f2]*
         ydbar[f97,f2]*gam[y99,p4,y97]*uspin[p2,y97]*vbspin[p1,y99]*
         d_(m99,m97)*d_(l99,l93)*d_(l97,l95)*FourPi^(-2)*I^9*gBH0Phi^2*
         MBH0^(-2) + 1/8*Log[MBH0^2]*yu[f99,f2]*yubar[f97,f2]*gam[y99,
         FIVE,p1,y97]*uspin[p2,y97]*vbspin[p1,y99]*e_[l99,l95]*e_[l97,
         l93]*d_(m99,m97)*FourPi^(-2)*I^9*gBH0Phi*MBH0^(-2)*gBH0Phibar
          - 1/8*Log[MBH0^2]*yu[f99,f2]*yubar[f97,f2]*gam[y99,FIVE,p2,
         y97]*uspin[p2,y97]*vbspin[p1,y99]*e_[l99,l95]*e_[l97,l93]*
         d_(m99,m97)*FourPi^(-2)*I^9*gBH0Phi*MBH0^(-2)*gBH0Phibar + 1/8
         *Log[MBH0^2]*yu[f99,f2]*yubar[f97,f2]*gam[y99,FIVE,p3,y97]*
         uspin[p2,y97]*vbspin[p1,y99]*e_[l99,l95]*e_[l97,l93]*
         d_(m99,m97)*FourPi^(-2)*I^9*MBH0^(-2)*gBH0Phibar^2 - 1/8*Log[
         MBH0^2]*yu[f99,f2]*yubar[f97,f2]*gam[y99,FIVE,p4,y97]*uspin[p2
         ,y97]*vbspin[p1,y99]*e_[l99,l95]*e_[l97,l93]*d_(m99,m97)*
         FourPi^(-2)*I^9*gBH0Phi^2*MBH0^(-2) + 1/8*Log[MBH0^2]*yu[f99,
         f2]*yubar[f97,f2]*gam[y99,p1,y97]*uspin[p2,y97]*vbspin[p1,y99]
         *e_[l99,l95]*e_[l97,l93]*d_(m99,m97)*FourPi^(-2)*I^9*gBH0Phi*
         MBH0^(-2)*gBH0Phibar - 1/8*Log[MBH0^2]*yu[f99,f2]*yubar[f97,f2
         ]*gam[y99,p2,y97]*uspin[p2,y97]*vbspin[p1,y99]*e_[l99,l95]*e_[
         l97,l93]*d_(m99,m97)*FourPi^(-2)*I^9*gBH0Phi*MBH0^(-2)*
         gBH0Phibar + 1/8*Log[MBH0^2]*yu[f99,f2]*yubar[f97,f2]*gam[y99,
         p3,y97]*uspin[p2,y97]*vbspin[p1,y99]*e_[l99,l95]*e_[l97,l93]*
         d_(m99,m97)*FourPi^(-2)*I^9*MBH0^(-2)*gBH0Phibar^2 - 1/8*Log[
         MBH0^2]*yu[f99,f2]*yubar[f97,f2]*gam[y99,p4,y97]*uspin[p2,y97]
         *vbspin[p1,y99]*e_[l99,l95]*e_[l97,l93]*d_(m99,m97)*
         FourPi^(-2)*I^9*gBH0Phi^2*MBH0^(-2) + 1/4*gBH0qL[f99,f97]*Ta[
         n4,l99,l97]*Ta[n4,l95,l93]*gam[y99,FIVE,p1,y97]*uspin[p2,y97]*
         vbspin[p1,y99]*d_(m99,m97)*FourPi^(-2)*I^9*gw^2*MBH0^(-2)*
         gBH0Phibar + 1/4*gBH0qL[f99,f97]*Ta[n4,l99,l97]*Ta[n4,l95,l93]
         *gam[y99,FIVE,p1,y97]*uspin[p2,y97]*vbspin[p1,y99]*d_(m99,m97)
         *FourPi^(-2)*I^9*gw^2*gBH0Phi*MBH0^(-2) - 1/4*gBH0qL[f99,f97]*
         Ta[n4,l99,l97]*Ta[n4,l95,l93]*gam[y99,FIVE,p2,y97]*uspin[p2,
         y97]*vbspin[p1,y99]*d_(m99,m97)*FourPi^(-2)*I^9*gw^2*MBH0^(-2)
         *gBH0Phibar - 1/4*gBH0qL[f99,f97]*Ta[n4,l99,l97]*Ta[n4,l95,l93
         ]*gam[y99,FIVE,p2,y97]*uspin[p2,y97]*vbspin[p1,y99]*
         d_(m99,m97)*FourPi^(-2)*I^9*gw^2*gBH0Phi*MBH0^(-2) + 5/8*
         gBH0qL[f99,f97]*Ta[n4,l99,l97]*Ta[n4,l95,l93]*gam[y99,FIVE,p3,
         y97]*uspin[p2,y97]*vbspin[p1,y99]*d_(m99,m97)*FourPi^(-2)*I^9*
         gw^2*MBH0^(-2)*gBH0Phibar + 5/8*gBH0qL[f99,f97]*Ta[n4,l99,l97]
         *Ta[n4,l95,l93]*gam[y99,FIVE,p4,y97]*uspin[p2,y97]*vbspin[p1,
         y99]*d_(m99,m97)*FourPi^(-2)*I^9*gw^2*gBH0Phi*MBH0^(-2) + 1/4*
         gBH0qL[f99,f97]*Ta[n4,l99,l97]*Ta[n4,l95,l93]*gam[y99,p1,y97]*
         uspin[p2,y97]*vbspin[p1,y99]*d_(m99,m97)*FourPi^(-2)*I^9*gw^2*
         MBH0^(-2)*gBH0Phibar + 1/4*gBH0qL[f99,f97]*Ta[n4,l99,l97]*Ta[
         n4,l95,l93]*gam[y99,p1,y97]*uspin[p2,y97]*vbspin[p1,y99]*
         d_(m99,m97)*FourPi^(-2)*I^9*gw^2*gBH0Phi*MBH0^(-2) - 1/4*
         gBH0qL[f99,f97]*Ta[n4,l99,l97]*Ta[n4,l95,l93]*gam[y99,p2,y97]*
         uspin[p2,y97]*vbspin[p1,y99]*d_(m99,m97)*FourPi^(-2)*I^9*gw^2*
         MBH0^(-2)*gBH0Phibar - 1/4*gBH0qL[f99,f97]*Ta[n4,l99,l97]*Ta[
         n4,l95,l93]*gam[y99,p2,y97]*uspin[p2,y97]*vbspin[p1,y99]*
         d_(m99,m97)*FourPi^(-2)*I^9*gw^2*gBH0Phi*MBH0^(-2) + 5/8*
         gBH0qL[f99,f97]*Ta[n4,l99,l97]*Ta[n4,l95,l93]*gam[y99,p3,y97]*
         uspin[p2,y97]*vbspin[p1,y99]*d_(m99,m97)*FourPi^(-2)*I^9*gw^2*
         MBH0^(-2)*gBH0Phibar + 5/8*gBH0qL[f99,f97]*Ta[n4,l99,l97]*Ta[
         n4,l95,l93]*gam[y99,p4,y97]*uspin[p2,y97]*vbspin[p1,y99]*
         d_(m99,m97)*FourPi^(-2)*I^9*gw^2*gBH0Phi*MBH0^(-2) + 7/8*
         gBH0qL[f99,f97]*Ta[n6,l99,l97]*Ta[n6,l95,l93]*gam[y99,FIVE,p1,
         y97]*uspin[p2,y97]*vbspin[p1,y99]*d_(m99,m97)*FourPi^(-2)*I^9*
         gw^2*MBH0^(-2)*gBH0Phibar + 7/8*gBH0qL[f99,f97]*Ta[n6,l99,l97]
         *Ta[n6,l95,l93]*gam[y99,FIVE,p1,y97]*uspin[p2,y97]*vbspin[p1,
         y99]*d_(m99,m97)*FourPi^(-2)*I^9*gw^2*gBH0Phi*MBH0^(-2) + 3/8*
         gBH0qL[f99,f97]*Ta[n6,l99,l97]*Ta[n6,l95,l93]*gam[y99,FIVE,p2,
         y97]*uspin[p2,y97]*vbspin[p1,y99]*d_(m99,m97)*FourPi^(-2)*I^9*
         gw^2*MBH0^(-2)*gBH0Phibar + 3/8*gBH0qL[f99,f97]*Ta[n6,l99,l97]
         *Ta[n6,l95,l93]*gam[y99,FIVE,p2,y97]*uspin[p2,y97]*vbspin[p1,
         y99]*d_(m99,m97)*FourPi^(-2)*I^9*gw^2*gBH0Phi*MBH0^(-2) + 5/8*
         gBH0qL[f99,f97]*Ta[n6,l99,l97]*Ta[n6,l95,l93]*gam[y99,FIVE,p3,
         y97]*uspin[p2,y97]*vbspin[p1,y99]*d_(m99,m97)*FourPi^(-2)*I^9*
         gw^2*gBH0Phi*MBH0^(-2) + 5/8*gBH0qL[f99,f97]*Ta[n6,l99,l97]*
         Ta[n6,l95,l93]*gam[y99,FIVE,p4,y97]*uspin[p2,y97]*vbspin[p1,
         y99]*d_(m99,m97)*FourPi^(-2)*I^9*gw^2*MBH0^(-2)*gBH0Phibar + 7/
         8*gBH0qL[f99,f97]*Ta[n6,l99,l97]*Ta[n6,l95,l93]*gam[y99,p1,y97
         ]*uspin[p2,y97]*vbspin[p1,y99]*d_(m99,m97)*FourPi^(-2)*I^9*
         gw^2*MBH0^(-2)*gBH0Phibar + 7/8*gBH0qL[f99,f97]*Ta[n6,l99,l97]
         *Ta[n6,l95,l93]*gam[y99,p1,y97]*uspin[p2,y97]*vbspin[p1,y99]*
         d_(m99,m97)*FourPi^(-2)*I^9*gw^2*gBH0Phi*MBH0^(-2) + 3/8*
         gBH0qL[f99,f97]*Ta[n6,l99,l97]*Ta[n6,l95,l93]*gam[y99,p2,y97]*
         uspin[p2,y97]*vbspin[p1,y99]*d_(m99,m97)*FourPi^(-2)*I^9*gw^2*
         MBH0^(-2)*gBH0Phibar + 3/8*gBH0qL[f99,f97]*Ta[n6,l99,l97]*Ta[
         n6,l95,l93]*gam[y99,p2,y97]*uspin[p2,y97]*vbspin[p1,y99]*
         d_(m99,m97)*FourPi^(-2)*I^9*gw^2*gBH0Phi*MBH0^(-2) + 5/8*
         gBH0qL[f99,f97]*Ta[n6,l99,l97]*Ta[n6,l95,l93]*gam[y99,p3,y97]*
         uspin[p2,y97]*vbspin[p1,y99]*d_(m99,m97)*FourPi^(-2)*I^9*gw^2*
         gBH0Phi*MBH0^(-2) + 5/8*gBH0qL[f99,f97]*Ta[n6,l99,l97]*Ta[n6,
         l95,l93]*gam[y99,p4,y97]*uspin[p2,y97]*vbspin[p1,y99]*
         d_(m99,m97)*FourPi^(-2)*I^9*gw^2*MBH0^(-2)*gBH0Phibar + 3/32*
         gBH0qL[f99,f97]*gam[y99,FIVE,p1,y97]*uspin[p2,y97]*vbspin[p1,
         y99]*d_(m99,m97)*d_(l99,l97)*d_(l95,l93)*FourPi^(-2)*I^9*g1^2*
         MBH0^(-2)*gBH0Phibar + 3/32*gBH0qL[f99,f97]*gam[y99,FIVE,p1,
         y97]*uspin[p2,y97]*vbspin[p1,y99]*d_(m99,m97)*d_(l99,l97)*
         d_(l95,l93)*FourPi^(-2)*I^9*g1^2*gBH0Phi*MBH0^(-2) + 1/96*
         gBH0qL[f99,f97]*gam[y99,FIVE,p2,y97]*uspin[p2,y97]*vbspin[p1,
         y99]*d_(m99,m97)*d_(l99,l97)*d_(l95,l93)*FourPi^(-2)*I^9*g1^2*
         MBH0^(-2)*gBH0Phibar + 1/96*gBH0qL[f99,f97]*gam[y99,FIVE,p2,
         y97]*uspin[p2,y97]*vbspin[p1,y99]*d_(m99,m97)*d_(l99,l97)*
         d_(l95,l93)*FourPi^(-2)*I^9*g1^2*gBH0Phi*MBH0^(-2) + 3/16*
         gBH0qL[f99,f97]*gam[y99,FIVE,p3,y97]*uspin[p2,y97]*vbspin[p1,
         y99]*d_(m99,m97)*d_(l99,l97)*d_(l95,l93)*FourPi^(-2)*I^9*
         MBH0^(-2)*gBH0Phibar^3 + 1/2*gBH0qL[f99,f97]*gam[y99,FIVE,p3,
         y97]*uspin[p2,y97]*vbspin[p1,y99]*d_(m99,m97)*d_(l99,l97)*
         d_(l95,l93)*FourPi^(-2)*I^9*gBH0Phi*MBH0^(-2)*gBH0Phibar^2 - 3/
         16*gBH0qL[f99,f97]*gam[y99,FIVE,p3,y97]*uspin[p2,y97]*vbspin[
         p1,y99]*d_(m99,m97)*d_(l99,l97)*d_(l95,l93)*FourPi^(-2)*I^9*
         gBH0Phi^2*MBH0^(-2)*gBH0Phibar + 5/96*gBH0qL[f99,f97]*gam[y99,
         FIVE,p3,y97]*uspin[p2,y97]*vbspin[p1,y99]*d_(m99,m97)*
         d_(l99,l97)*d_(l95,l93)*FourPi^(-2)*I^9*g1^2*MBH0^(-2)*
         gBH0Phibar + 5/96*gBH0qL[f99,f97]*gam[y99,FIVE,p3,y97]*uspin[
         p2,y97]*vbspin[p1,y99]*d_(m99,m97)*d_(l99,l97)*d_(l95,l93)*
         FourPi^(-2)*I^9*g1^2*gBH0Phi*MBH0^(-2) + 3/16*gBH0qL[f99,f97]*
         gam[y99,FIVE,p4,y97]*uspin[p2,y97]*vbspin[p1,y99]*d_(m99,m97)*
         d_(l99,l97)*d_(l95,l93)*FourPi^(-2)*I^9*gBH0Phi*MBH0^(-2)*
         gBH0Phibar^2 - 1/2*gBH0qL[f99,f97]*gam[y99,FIVE,p4,y97]*uspin[
         p2,y97]*vbspin[p1,y99]*d_(m99,m97)*d_(l99,l97)*d_(l95,l93)*
         FourPi^(-2)*I^9*gBH0Phi^2*MBH0^(-2)*gBH0Phibar - 3/16*gBH0qL[
         f99,f97]*gam[y99,FIVE,p4,y97]*uspin[p2,y97]*vbspin[p1,y99]*
         d_(m99,m97)*d_(l99,l97)*d_(l95,l93)*FourPi^(-2)*I^9*gBH0Phi^3*
         MBH0^(-2) + 5/96*gBH0qL[f99,f97]*gam[y99,FIVE,p4,y97]*uspin[p2
         ,y97]*vbspin[p1,y99]*d_(m99,m97)*d_(l99,l97)*d_(l95,l93)*
         FourPi^(-2)*I^9*g1^2*MBH0^(-2)*gBH0Phibar + 5/96*gBH0qL[f99,
         f97]*gam[y99,FIVE,p4,y97]*uspin[p2,y97]*vbspin[p1,y99]*
         d_(m99,m97)*d_(l99,l97)*d_(l95,l93)*FourPi^(-2)*I^9*g1^2*
         gBH0Phi*MBH0^(-2) + 3/32*gBH0qL[f99,f97]*gam[y99,p1,y97]*
         uspin[p2,y97]*vbspin[p1,y99]*d_(m99,m97)*d_(l99,l97)*
         d_(l95,l93)*FourPi^(-2)*I^9*g1^2*MBH0^(-2)*gBH0Phibar + 3/32*
         gBH0qL[f99,f97]*gam[y99,p1,y97]*uspin[p2,y97]*vbspin[p1,y99]*
         d_(m99,m97)*d_(l99,l97)*d_(l95,l93)*FourPi^(-2)*I^9*g1^2*
         gBH0Phi*MBH0^(-2) + 1/96*gBH0qL[f99,f97]*gam[y99,p2,y97]*
         uspin[p2,y97]*vbspin[p1,y99]*d_(m99,m97)*d_(l99,l97)*
         d_(l95,l93)*FourPi^(-2)*I^9*g1^2*MBH0^(-2)*gBH0Phibar + 1/96*
         gBH0qL[f99,f97]*gam[y99,p2,y97]*uspin[p2,y97]*vbspin[p1,y99]*
         d_(m99,m97)*d_(l99,l97)*d_(l95,l93)*FourPi^(-2)*I^9*g1^2*
         gBH0Phi*MBH0^(-2) + 3/16*gBH0qL[f99,f97]*gam[y99,p3,y97]*
         uspin[p2,y97]*vbspin[p1,y99]*d_(m99,m97)*d_(l99,l97)*
         d_(l95,l93)*FourPi^(-2)*I^9*MBH0^(-2)*gBH0Phibar^3 + 1/2*
         gBH0qL[f99,f97]*gam[y99,p3,y97]*uspin[p2,y97]*vbspin[p1,y99]*
         d_(m99,m97)*d_(l99,l97)*d_(l95,l93)*FourPi^(-2)*I^9*gBH0Phi*
         MBH0^(-2)*gBH0Phibar^2 - 3/16*gBH0qL[f99,f97]*gam[y99,p3,y97]*
         uspin[p2,y97]*vbspin[p1,y99]*d_(m99,m97)*d_(l99,l97)*
         d_(l95,l93)*FourPi^(-2)*I^9*gBH0Phi^2*MBH0^(-2)*gBH0Phibar + 5/
         96*gBH0qL[f99,f97]*gam[y99,p3,y97]*uspin[p2,y97]*vbspin[p1,y99
         ]*d_(m99,m97)*d_(l99,l97)*d_(l95,l93)*FourPi^(-2)*I^9*g1^2*
         MBH0^(-2)*gBH0Phibar + 5/96*gBH0qL[f99,f97]*gam[y99,p3,y97]*
         uspin[p2,y97]*vbspin[p1,y99]*d_(m99,m97)*d_(l99,l97)*
         d_(l95,l93)*FourPi^(-2)*I^9*g1^2*gBH0Phi*MBH0^(-2) + 3/16*
         gBH0qL[f99,f97]*gam[y99,p4,y97]*uspin[p2,y97]*vbspin[p1,y99]*
         d_(m99,m97)*d_(l99,l97)*d_(l95,l93)*FourPi^(-2)*I^9*gBH0Phi*
         MBH0^(-2)*gBH0Phibar^2 - 1/2*gBH0qL[f99,f97]*gam[y99,p4,y97]*
         uspin[p2,y97]*vbspin[p1,y99]*d_(m99,m97)*d_(l99,l97)*
         d_(l95,l93)*FourPi^(-2)*I^9*gBH0Phi^2*MBH0^(-2)*gBH0Phibar - 3/
         16*gBH0qL[f99,f97]*gam[y99,p4,y97]*uspin[p2,y97]*vbspin[p1,y99
         ]*d_(m99,m97)*d_(l99,l97)*d_(l95,l93)*FourPi^(-2)*I^9*
         gBH0Phi^3*MBH0^(-2) + 5/96*gBH0qL[f99,f97]*gam[y99,p4,y97]*
         uspin[p2,y97]*vbspin[p1,y99]*d_(m99,m97)*d_(l99,l97)*
         d_(l95,l93)*FourPi^(-2)*I^9*g1^2*MBH0^(-2)*gBH0Phibar + 5/96*
         gBH0qL[f99,f97]*gam[y99,p4,y97]*uspin[p2,y97]*vbspin[p1,y99]*
         d_(m99,m97)*d_(l99,l97)*d_(l95,l93)*FourPi^(-2)*I^9*g1^2*
         gBH0Phi*MBH0^(-2) - 1/4*gBH0qL[f99,f6]*gBH0qL[f6,f8]*gBH0qL[f8
         ,f97]*gam[y99,FIVE,p3,y97]*uspin[p2,y97]*vbspin[p1,y99]*
         d_(m99,m97)*d_(l99,l97)*d_(l95,l93)*FourPi^(-2)*I^9*MBH0^(-2)*
         gBH0Phibar + 1/4*gBH0qL[f99,f6]*gBH0qL[f6,f8]*gBH0qL[f8,f97]*
         gam[y99,FIVE,p4,y97]*uspin[p2,y97]*vbspin[p1,y99]*d_(m99,m97)*
         d_(l99,l97)*d_(l95,l93)*FourPi^(-2)*I^9*gBH0Phi*MBH0^(-2) - 1/
         4*gBH0qL[f99,f6]*gBH0qL[f6,f8]*gBH0qL[f8,f97]*gam[y99,p3,y97]*
         uspin[p2,y97]*vbspin[p1,y99]*d_(m99,m97)*d_(l99,l97)*
         d_(l95,l93)*FourPi^(-2)*I^9*MBH0^(-2)*gBH0Phibar + 1/4*gBH0qL[
         f99,f6]*gBH0qL[f6,f8]*gBH0qL[f8,f97]*gam[y99,p4,y97]*uspin[p2,
         y97]*vbspin[p1,y99]*d_(m99,m97)*d_(l99,l97)*d_(l95,l93)*
         FourPi^(-2)*I^9*gBH0Phi*MBH0^(-2) + 5/4*gBH0qL[f99,f2]*gBH0qL[
         f2,f97]*gam[y99,FIVE,p1,y97]*uspin[p2,y97]*vbspin[p1,y99]*
         d_(m99,m97)*d_(l99,l97)*d_(l95,l93)*FourPi^(-2)*I^9*gBH0Phi*
         MBH0^(-2)*gBH0Phibar + 1/4*gBH0qL[f99,f2]*gBH0qL[f2,f97]*gam[
         y99,FIVE,p2,y97]*uspin[p2,y97]*vbspin[p1,y99]*d_(m99,m97)*
         d_(l99,l97)*d_(l95,l93)*FourPi^(-2)*I^9*gBH0Phi*MBH0^(-2)*
         gBH0Phibar + 3/4*gBH0qL[f99,f2]*gBH0qL[f2,f97]*gam[y99,FIVE,p3
         ,y97]*uspin[p2,y97]*vbspin[p1,y99]*d_(m99,m97)*d_(l99,l97)*
         d_(l95,l93)*FourPi^(-2)*I^9*gBH0Phi*MBH0^(-2)*gBH0Phibar + 3/4
         *gBH0qL[f99,f2]*gBH0qL[f2,f97]*gam[y99,FIVE,p4,y97]*uspin[p2,
         y97]*vbspin[p1,y99]*d_(m99,m97)*d_(l99,l97)*d_(l95,l93)*
         FourPi^(-2)*I^9*gBH0Phi*MBH0^(-2)*gBH0Phibar + 5/4*gBH0qL[f99,
         f2]*gBH0qL[f2,f97]*gam[y99,p1,y97]*uspin[p2,y97]*vbspin[p1,y99
         ]*d_(m99,m97)*d_(l99,l97)*d_(l95,l93)*FourPi^(-2)*I^9*gBH0Phi*
         MBH0^(-2)*gBH0Phibar + 1/4*gBH0qL[f99,f2]*gBH0qL[f2,f97]*gam[
         y99,p2,y97]*uspin[p2,y97]*vbspin[p1,y99]*d_(m99,m97)*
         d_(l99,l97)*d_(l95,l93)*FourPi^(-2)*I^9*gBH0Phi*MBH0^(-2)*
         gBH0Phibar + 3/4*gBH0qL[f99,f2]*gBH0qL[f2,f97]*gam[y99,p3,y97]
         *uspin[p2,y97]*vbspin[p1,y99]*d_(m99,m97)*d_(l99,l97)*
         d_(l95,l93)*FourPi^(-2)*I^9*gBH0Phi*MBH0^(-2)*gBH0Phibar + 3/4
         *gBH0qL[f99,f2]*gBH0qL[f2,f97]*gam[y99,p4,y97]*uspin[p2,y97]*
         vbspin[p1,y99]*d_(m99,m97)*d_(l99,l97)*d_(l95,l93)*FourPi^(-2)
         *I^9*gBH0Phi*MBH0^(-2)*gBH0Phibar - 3/8*gBH0qL[f99,f2]*yu[f2,
         f6]*yubar[f97,f6]*gam[y99,FIVE,p1,y97]*uspin[p2,y97]*vbspin[p1
         ,y99]*e_[l99,l95]*e_[l97,l93]*d_(m99,m97)*FourPi^(-2)*I^9*
         MBH0^(-2)*gBH0Phibar + 1/8*gBH0qL[f99,f2]*yu[f2,f6]*yubar[f97,
         f6]*gam[y99,FIVE,p3,y97]*uspin[p2,y97]*vbspin[p1,y99]*e_[l99,
         l95]*e_[l97,l93]*d_(m99,m97)*FourPi^(-2)*I^9*MBH0^(-2)*
         gBH0Phibar - 1/8*gBH0qL[f99,f2]*yu[f2,f6]*yubar[f97,f6]*gam[
         y99,FIVE,p4,y97]*uspin[p2,y97]*vbspin[p1,y99]*e_[l99,l95]*e_[
         l97,l93]*d_(m99,m97)*FourPi^(-2)*I^9*MBH0^(-2)*gBH0Phibar - 1/
         2*gBH0qL[f99,f2]*yu[f2,f6]*yubar[f97,f6]*gam[y99,FIVE,p4,y97]*
         uspin[p2,y97]*vbspin[p1,y99]*e_[l99,l95]*e_[l97,l93]*
         d_(m99,m97)*FourPi^(-2)*I^9*gBH0Phi*MBH0^(-2) - 3/8*gBH0qL[f99
         ,f2]*yu[f2,f6]*yubar[f97,f6]*gam[y99,p1,y97]*uspin[p2,y97]*
         vbspin[p1,y99]*e_[l99,l95]*e_[l97,l93]*d_(m99,m97)*FourPi^(-2)
         *I^9*MBH0^(-2)*gBH0Phibar + 1/8*gBH0qL[f99,f2]*yu[f2,f6]*
         yubar[f97,f6]*gam[y99,p3,y97]*uspin[p2,y97]*vbspin[p1,y99]*e_[
         l99,l95]*e_[l97,l93]*d_(m99,m97)*FourPi^(-2)*I^9*MBH0^(-2)*
         gBH0Phibar - 1/8*gBH0qL[f99,f2]*yu[f2,f6]*yubar[f97,f6]*gam[
         y99,p4,y97]*uspin[p2,y97]*vbspin[p1,y99]*e_[l99,l95]*e_[l97,
         l93]*d_(m99,m97)*FourPi^(-2)*I^9*MBH0^(-2)*gBH0Phibar - 1/2*
         gBH0qL[f99,f2]*yu[f2,f6]*yubar[f97,f6]*gam[y99,p4,y97]*uspin[
         p2,y97]*vbspin[p1,y99]*e_[l99,l95]*e_[l97,l93]*d_(m99,m97)*
         FourPi^(-2)*I^9*gBH0Phi*MBH0^(-2) - 1/4*gBH0qL[f99,f4]*gBH0qL[
         f6,f97]*yd[f4,f8]*ydbar[f6,f8]*gam[y99,FIVE,p1,y97]*uspin[p2,
         y97]*vbspin[p1,y99]*d_(m99,m97)*d_(l99,l93)*d_(l97,l95)*
         FourPi^(-2)*I^9*MBH0^(-2) + 1/4*gBH0qL[f99,f4]*gBH0qL[f6,f97]*
         yd[f4,f8]*ydbar[f6,f8]*gam[y99,FIVE,p2,y97]*uspin[p2,y97]*
         vbspin[p1,y99]*d_(m99,m97)*d_(l99,l93)*d_(l97,l95)*FourPi^(-2)
         *I^9*MBH0^(-2) - 1/4*gBH0qL[f99,f4]*gBH0qL[f6,f97]*yd[f4,f8]*
         ydbar[f6,f8]*gam[y99,p1,y97]*uspin[p2,y97]*vbspin[p1,y99]*
         d_(m99,m97)*d_(l99,l93)*d_(l97,l95)*FourPi^(-2)*I^9*MBH0^(-2)
          + 1/4*gBH0qL[f99,f4]*gBH0qL[f6,f97]*yd[f4,f8]*ydbar[f6,f8]*
         gam[y99,p2,y97]*uspin[p2,y97]*vbspin[p1,y99]*d_(m99,m97)*
         d_(l99,l93)*d_(l97,l95)*FourPi^(-2)*I^9*MBH0^(-2) - 1/4*
         gBH0qL[f99,f4]*gBH0qL[f6,f97]*yu[f4,f8]*yubar[f6,f8]*gam[y99,
         FIVE,p1,y97]*uspin[p2,y97]*vbspin[p1,y99]*e_[l99,l95]*e_[l97,
         l93]*d_(m99,m97)*FourPi^(-2)*I^9*MBH0^(-2) + 1/4*gBH0qL[f99,f4
         ]*gBH0qL[f6,f97]*yu[f4,f8]*yubar[f6,f8]*gam[y99,FIVE,p2,y97]*
         uspin[p2,y97]*vbspin[p1,y99]*e_[l99,l95]*e_[l97,l93]*
         d_(m99,m97)*FourPi^(-2)*I^9*MBH0^(-2) - 1/4*gBH0qL[f99,f4]*
         gBH0qL[f6,f97]*yu[f4,f8]*yubar[f6,f8]*gam[y99,p1,y97]*uspin[p2
         ,y97]*vbspin[p1,y99]*e_[l99,l95]*e_[l97,l93]*d_(m99,m97)*
         FourPi^(-2)*I^9*MBH0^(-2) + 1/4*gBH0qL[f99,f4]*gBH0qL[f6,f97]*
         yu[f4,f8]*yubar[f6,f8]*gam[y99,p2,y97]*uspin[p2,y97]*vbspin[p1
         ,y99]*e_[l99,l95]*e_[l97,l93]*d_(m99,m97)*FourPi^(-2)*I^9*
         MBH0^(-2) + 3/8*gBH0qL[f99,f4]*yd[f4,f8]*ydbar[f97,f8]*gam[y99
         ,FIVE,p1,y97]*uspin[p2,y97]*vbspin[p1,y99]*d_(m99,m97)*
         d_(l99,l93)*d_(l97,l95)*FourPi^(-2)*I^9*gBH0Phi*MBH0^(-2) + 1/
         2*gBH0qL[f99,f4]*yd[f4,f8]*ydbar[f97,f8]*gam[y99,FIVE,p3,y97]*
         uspin[p2,y97]*vbspin[p1,y99]*d_(m99,m97)*d_(l99,l93)*
         d_(l97,l95)*FourPi^(-2)*I^9*MBH0^(-2)*gBH0Phibar + 1/8*gBH0qL[
         f99,f4]*yd[f4,f8]*ydbar[f97,f8]*gam[y99,FIVE,p3,y97]*uspin[p2,
         y97]*vbspin[p1,y99]*d_(m99,m97)*d_(l99,l93)*d_(l97,l95)*
         FourPi^(-2)*I^9*gBH0Phi*MBH0^(-2) - 1/8*gBH0qL[f99,f4]*yd[f4,
         f8]*ydbar[f97,f8]*gam[y99,FIVE,p4,y97]*uspin[p2,y97]*vbspin[p1
         ,y99]*d_(m99,m97)*d_(l99,l93)*d_(l97,l95)*FourPi^(-2)*I^9*
         gBH0Phi*MBH0^(-2) + 3/8*gBH0qL[f99,f4]*yd[f4,f8]*ydbar[f97,f8]
         *gam[y99,p1,y97]*uspin[p2,y97]*vbspin[p1,y99]*d_(m99,m97)*
         d_(l99,l93)*d_(l97,l95)*FourPi^(-2)*I^9*gBH0Phi*MBH0^(-2) + 1/
         2*gBH0qL[f99,f4]*yd[f4,f8]*ydbar[f97,f8]*gam[y99,p3,y97]*
         uspin[p2,y97]*vbspin[p1,y99]*d_(m99,m97)*d_(l99,l93)*
         d_(l97,l95)*FourPi^(-2)*I^9*MBH0^(-2)*gBH0Phibar + 1/8*gBH0qL[
         f99,f4]*yd[f4,f8]*ydbar[f97,f8]*gam[y99,p3,y97]*uspin[p2,y97]*
         vbspin[p1,y99]*d_(m99,m97)*d_(l99,l93)*d_(l97,l95)*FourPi^(-2)
         *I^9*gBH0Phi*MBH0^(-2) - 1/8*gBH0qL[f99,f4]*yd[f4,f8]*ydbar[
         f97,f8]*gam[y99,p4,y97]*uspin[p2,y97]*vbspin[p1,y99]*
         d_(m99,m97)*d_(l99,l93)*d_(l97,l95)*FourPi^(-2)*I^9*gBH0Phi*
         MBH0^(-2) + 3/8*gBH0qL[f6,f97]*yd[f99,f2]*ydbar[f6,f2]*gam[y99
         ,FIVE,p1,y97]*uspin[p2,y97]*vbspin[p1,y99]*d_(m99,m97)*
         d_(l99,l93)*d_(l97,l95)*FourPi^(-2)*I^9*MBH0^(-2)*gBH0Phibar
          + 1/2*gBH0qL[f6,f97]*yd[f99,f2]*ydbar[f6,f2]*gam[y99,FIVE,p3,
         y97]*uspin[p2,y97]*vbspin[p1,y99]*d_(m99,m97)*d_(l99,l93)*
         d_(l97,l95)*FourPi^(-2)*I^9*MBH0^(-2)*gBH0Phibar + 1/4*gBH0qL[
         f6,f97]*yd[f99,f2]*ydbar[f6,f2]*gam[y99,FIVE,p4,y97]*uspin[p2,
         y97]*vbspin[p1,y99]*d_(m99,m97)*d_(l99,l93)*d_(l97,l95)*
         FourPi^(-2)*I^9*MBH0^(-2)*gBH0Phibar - 1/2*gBH0qL[f6,f97]*yd[
         f99,f2]*ydbar[f6,f2]*gam[y99,FIVE,p4,y97]*uspin[p2,y97]*
         vbspin[p1,y99]*d_(m99,m97)*d_(l99,l93)*d_(l97,l95)*FourPi^(-2)
         *I^9*gBH0Phi*MBH0^(-2) + 3/8*gBH0qL[f6,f97]*yd[f99,f2]*ydbar[
         f6,f2]*gam[y99,p1,y97]*uspin[p2,y97]*vbspin[p1,y99]*
         d_(m99,m97)*d_(l99,l93)*d_(l97,l95)*FourPi^(-2)*I^9*MBH0^(-2)*
         gBH0Phibar + 1/2*gBH0qL[f6,f97]*yd[f99,f2]*ydbar[f6,f2]*gam[
         y99,p3,y97]*uspin[p2,y97]*vbspin[p1,y99]*d_(m99,m97)*
         d_(l99,l93)*d_(l97,l95)*FourPi^(-2)*I^9*MBH0^(-2)*gBH0Phibar
          + 1/4*gBH0qL[f6,f97]*yd[f99,f2]*ydbar[f6,f2]*gam[y99,p4,y97]*
         uspin[p2,y97]*vbspin[p1,y99]*d_(m99,m97)*d_(l99,l93)*
         d_(l97,l95)*FourPi^(-2)*I^9*MBH0^(-2)*gBH0Phibar - 1/2*gBH0qL[
         f6,f97]*yd[f99,f2]*ydbar[f6,f2]*gam[y99,p4,y97]*uspin[p2,y97]*
         vbspin[p1,y99]*d_(m99,m97)*d_(l99,l93)*d_(l97,l95)*FourPi^(-2)
         *I^9*gBH0Phi*MBH0^(-2) - 3/8*gBH0qL[f8,f97]*yu[f99,f4]*yubar[
         f8,f4]*gam[y99,FIVE,p1,y97]*uspin[p2,y97]*vbspin[p1,y99]*e_[
         l99,l95]*e_[l97,l93]*d_(m99,m97)*FourPi^(-2)*I^9*gBH0Phi*
         MBH0^(-2) + 1/2*gBH0qL[f8,f97]*yu[f99,f4]*yubar[f8,f4]*gam[y99
         ,FIVE,p3,y97]*uspin[p2,y97]*vbspin[p1,y99]*e_[l99,l95]*e_[l97,
         l93]*d_(m99,m97)*FourPi^(-2)*I^9*MBH0^(-2)*gBH0Phibar - 1/4*
         gBH0qL[f8,f97]*yu[f99,f4]*yubar[f8,f4]*gam[y99,FIVE,p3,y97]*
         uspin[p2,y97]*vbspin[p1,y99]*e_[l99,l95]*e_[l97,l93]*
         d_(m99,m97)*FourPi^(-2)*I^9*gBH0Phi*MBH0^(-2) - 1/2*gBH0qL[f8,
         f97]*yu[f99,f4]*yubar[f8,f4]*gam[y99,FIVE,p4,y97]*uspin[p2,y97
         ]*vbspin[p1,y99]*e_[l99,l95]*e_[l97,l93]*d_(m99,m97)*
         FourPi^(-2)*I^9*gBH0Phi*MBH0^(-2) - 3/8*gBH0qL[f8,f97]*yu[f99,
         f4]*yubar[f8,f4]*gam[y99,p1,y97]*uspin[p2,y97]*vbspin[p1,y99]*
         e_[l99,l95]*e_[l97,l93]*d_(m99,m97)*FourPi^(-2)*I^9*gBH0Phi*
         MBH0^(-2) + 1/2*gBH0qL[f8,f97]*yu[f99,f4]*yubar[f8,f4]*gam[y99
         ,p3,y97]*uspin[p2,y97]*vbspin[p1,y99]*e_[l99,l95]*e_[l97,l93]*
         d_(m99,m97)*FourPi^(-2)*I^9*MBH0^(-2)*gBH0Phibar - 1/4*gBH0qL[
         f8,f97]*yu[f99,f4]*yubar[f8,f4]*gam[y99,p3,y97]*uspin[p2,y97]*
         vbspin[p1,y99]*e_[l99,l95]*e_[l97,l93]*d_(m99,m97)*FourPi^(-2)
         *I^9*gBH0Phi*MBH0^(-2) - 1/2*gBH0qL[f8,f97]*yu[f99,f4]*yubar[
         f8,f4]*gam[y99,p4,y97]*uspin[p2,y97]*vbspin[p1,y99]*e_[l99,l95
         ]*e_[l97,l93]*d_(m99,m97)*FourPi^(-2)*I^9*gBH0Phi*MBH0^(-2) + 
         1/16*yd[f99,f2]*ydbar[f97,f2]*gam[y99,FIVE,p1,y97]*uspin[p2,
         y97]*vbspin[p1,y99]*d_(m99,m97)*d_(l99,l93)*d_(l97,l95)*
         FourPi^(-2)*I^9*gBH0Phi*MBH0^(-2)*gBH0Phibar + 3/16*yd[f99,f2]
         *ydbar[f97,f2]*gam[y99,FIVE,p2,y97]*uspin[p2,y97]*vbspin[p1,
         y99]*d_(m99,m97)*d_(l99,l93)*d_(l97,l95)*FourPi^(-2)*I^9*
         gBH0Phi*MBH0^(-2)*gBH0Phibar + 3/16*yd[f99,f2]*ydbar[f97,f2]*
         gam[y99,FIVE,p3,y97]*uspin[p2,y97]*vbspin[p1,y99]*d_(m99,m97)*
         d_(l99,l93)*d_(l97,l95)*FourPi^(-2)*I^9*MBH0^(-2)*gBH0Phibar^2
          + 1/4*yd[f99,f2]*ydbar[f97,f2]*gam[y99,FIVE,p4,y97]*uspin[p2,
         y97]*vbspin[p1,y99]*d_(m99,m97)*d_(l99,l93)*d_(l97,l95)*
         FourPi^(-2)*I^9*gBH0Phi*MBH0^(-2)*gBH0Phibar - 3/16*yd[f99,f2]
         *ydbar[f97,f2]*gam[y99,FIVE,p4,y97]*uspin[p2,y97]*vbspin[p1,
         y99]*d_(m99,m97)*d_(l99,l93)*d_(l97,l95)*FourPi^(-2)*I^9*
         gBH0Phi^2*MBH0^(-2) + 1/16*yd[f99,f2]*ydbar[f97,f2]*gam[y99,p1
         ,y97]*uspin[p2,y97]*vbspin[p1,y99]*d_(m99,m97)*d_(l99,l93)*
         d_(l97,l95)*FourPi^(-2)*I^9*gBH0Phi*MBH0^(-2)*gBH0Phibar + 3/
         16*yd[f99,f2]*ydbar[f97,f2]*gam[y99,p2,y97]*uspin[p2,y97]*
         vbspin[p1,y99]*d_(m99,m97)*d_(l99,l93)*d_(l97,l95)*FourPi^(-2)
         *I^9*gBH0Phi*MBH0^(-2)*gBH0Phibar + 3/16*yd[f99,f2]*ydbar[f97,
         f2]*gam[y99,p3,y97]*uspin[p2,y97]*vbspin[p1,y99]*d_(m99,m97)*
         d_(l99,l93)*d_(l97,l95)*FourPi^(-2)*I^9*MBH0^(-2)*gBH0Phibar^2
          + 1/4*yd[f99,f2]*ydbar[f97,f2]*gam[y99,p4,y97]*uspin[p2,y97]*
         vbspin[p1,y99]*d_(m99,m97)*d_(l99,l93)*d_(l97,l95)*FourPi^(-2)
         *I^9*gBH0Phi*MBH0^(-2)*gBH0Phibar - 3/16*yd[f99,f2]*ydbar[f97,
         f2]*gam[y99,p4,y97]*uspin[p2,y97]*vbspin[p1,y99]*d_(m99,m97)*
         d_(l99,l93)*d_(l97,l95)*FourPi^(-2)*I^9*gBH0Phi^2*MBH0^(-2) + 
         1/16*yu[f99,f2]*yubar[f97,f2]*gam[y99,FIVE,p1,y97]*uspin[p2,
         y97]*vbspin[p1,y99]*e_[l99,l95]*e_[l97,l93]*d_(m99,m97)*
         FourPi^(-2)*I^9*gBH0Phi*MBH0^(-2)*gBH0Phibar + 3/16*yu[f99,f2]
         *yubar[f97,f2]*gam[y99,FIVE,p2,y97]*uspin[p2,y97]*vbspin[p1,
         y99]*e_[l99,l95]*e_[l97,l93]*d_(m99,m97)*FourPi^(-2)*I^9*
         gBH0Phi*MBH0^(-2)*gBH0Phibar - 3/16*yu[f99,f2]*yubar[f97,f2]*
         gam[y99,FIVE,p3,y97]*uspin[p2,y97]*vbspin[p1,y99]*e_[l99,l95]*
         e_[l97,l93]*d_(m99,m97)*FourPi^(-2)*I^9*MBH0^(-2)*gBH0Phibar^2
          + 1/4*yu[f99,f2]*yubar[f97,f2]*gam[y99,FIVE,p3,y97]*uspin[p2,
         y97]*vbspin[p1,y99]*e_[l99,l95]*e_[l97,l93]*d_(m99,m97)*
         FourPi^(-2)*I^9*gBH0Phi*MBH0^(-2)*gBH0Phibar + 3/16*yu[f99,f2]
         *yubar[f97,f2]*gam[y99,FIVE,p4,y97]*uspin[p2,y97]*vbspin[p1,
         y99]*e_[l99,l95]*e_[l97,l93]*d_(m99,m97)*FourPi^(-2)*I^9*
         gBH0Phi^2*MBH0^(-2) + 1/16*yu[f99,f2]*yubar[f97,f2]*gam[y99,p1
         ,y97]*uspin[p2,y97]*vbspin[p1,y99]*e_[l99,l95]*e_[l97,l93]*
         d_(m99,m97)*FourPi^(-2)*I^9*gBH0Phi*MBH0^(-2)*gBH0Phibar + 3/
         16*yu[f99,f2]*yubar[f97,f2]*gam[y99,p2,y97]*uspin[p2,y97]*
         vbspin[p1,y99]*e_[l99,l95]*e_[l97,l93]*d_(m99,m97)*FourPi^(-2)
         *I^9*gBH0Phi*MBH0^(-2)*gBH0Phibar - 3/16*yu[f99,f2]*yubar[f97,
         f2]*gam[y99,p3,y97]*uspin[p2,y97]*vbspin[p1,y99]*e_[l99,l95]*
         e_[l97,l93]*d_(m99,m97)*FourPi^(-2)*I^9*MBH0^(-2)*gBH0Phibar^2
          + 1/4*yu[f99,f2]*yubar[f97,f2]*gam[y99,p3,y97]*uspin[p2,y97]*
         vbspin[p1,y99]*e_[l99,l95]*e_[l97,l93]*d_(m99,m97)*FourPi^(-2)
         *I^9*gBH0Phi*MBH0^(-2)*gBH0Phibar + 3/16*yu[f99,f2]*yubar[f97,
         f2]*gam[y99,p4,y97]*uspin[p2,y97]*vbspin[p1,y99]*e_[l99,l95]*
         e_[l97,l93]*d_(m99,m97)*FourPi^(-2)*I^9*gBH0Phi^2*MBH0^(-2) );

  0.19 sec out of 0.18 sec
