FORM 4.2.0 (Jul  6 2017, v4.2.0) 64-bits         Run: Fri Mar 16 14:57:21 2018
    * -*-Form-*-
    
    #: Parentheses 2000
    #-

   amplqLbardRPhibarPhiPhi =
       - 1/2*Log[MBH0^2]*gBH0dR[f2,f97]*yd[f99,f2]*Ta[n8,l99,l93]*Ta[n8
         ,l95,l91]*gam[y99,FIVE,y97]*uspin[p2,y97]*vbspin[p1,y99]*
         d_(m99,m97)*FourPi^(-2)*I^11*gw^2*MBH0^(-2)*gBH0Phibar - 1/2*
         Log[MBH0^2]*gBH0dR[f2,f97]*yd[f99,f2]*Ta[n8,l99,l93]*Ta[n8,l95
         ,l91]*gam[y99,FIVE,y97]*uspin[p2,y97]*vbspin[p1,y99]*
         d_(m99,m97)*FourPi^(-2)*I^11*gw^2*gBH0Phi*MBH0^(-2) - 1/2*Log[
         MBH0^2]*gBH0dR[f2,f97]*yd[f99,f2]*Ta[n8,l99,l93]*Ta[n8,l95,l91
         ]*gam[y99,y97]*uspin[p2,y97]*vbspin[p1,y99]*d_(m99,m97)*
         FourPi^(-2)*I^11*gw^2*MBH0^(-2)*gBH0Phibar - 1/2*Log[MBH0^2]*
         gBH0dR[f2,f97]*yd[f99,f2]*Ta[n8,l99,l93]*Ta[n8,l95,l91]*gam[
         y99,y97]*uspin[p2,y97]*vbspin[p1,y99]*d_(m99,m97)*FourPi^(-2)*
         I^11*gw^2*gBH0Phi*MBH0^(-2) - 1/2*Log[MBH0^2]*gBH0dR[f2,f97]*
         yd[f99,f2]*Ta[n8,l99,l91]*Ta[n8,l95,l93]*gam[y99,FIVE,y97]*
         uspin[p2,y97]*vbspin[p1,y99]*d_(m99,m97)*FourPi^(-2)*I^11*gw^2
         *MBH0^(-2)*gBH0Phibar - 1/2*Log[MBH0^2]*gBH0dR[f2,f97]*yd[f99,
         f2]*Ta[n8,l99,l91]*Ta[n8,l95,l93]*gam[y99,FIVE,y97]*uspin[p2,
         y97]*vbspin[p1,y99]*d_(m99,m97)*FourPi^(-2)*I^11*gw^2*gBH0Phi*
         MBH0^(-2) - 1/2*Log[MBH0^2]*gBH0dR[f2,f97]*yd[f99,f2]*Ta[n8,
         l99,l91]*Ta[n8,l95,l93]*gam[y99,y97]*uspin[p2,y97]*vbspin[p1,
         y99]*d_(m99,m97)*FourPi^(-2)*I^11*gw^2*MBH0^(-2)*gBH0Phibar - 
         1/2*Log[MBH0^2]*gBH0dR[f2,f97]*yd[f99,f2]*Ta[n8,l99,l91]*Ta[n8
         ,l95,l93]*gam[y99,y97]*uspin[p2,y97]*vbspin[p1,y99]*
         d_(m99,m97)*FourPi^(-2)*I^11*gw^2*gBH0Phi*MBH0^(-2) - 2*Log[
         MBH0^2]*gBH0dR[f2,f97]*yd[f99,f2]*gam[y99,FIVE,y97]*uspin[p2,
         y97]*vbspin[p1,y99]*d_(m99,m97)*d_(l99,l93)*d_(l95,l91)*
         FourPi^(-2)*I^9*lam*MBH0^(-2)*gBH0Phibar + Log[MBH0^2]*gBH0dR[
         f2,f97]*yd[f99,f2]*gam[y99,FIVE,y97]*uspin[p2,y97]*vbspin[p1,
         y99]*d_(m99,m97)*d_(l99,l93)*d_(l95,l91)*FourPi^(-2)*I^9*lam*
         gBH0Phi*MBH0^(-2) - 1/8*Log[MBH0^2]*gBH0dR[f2,f97]*yd[f99,f2]*
         gam[y99,FIVE,y97]*uspin[p2,y97]*vbspin[p1,y99]*d_(m99,m97)*
         d_(l99,l93)*d_(l95,l91)*FourPi^(-2)*I^11*g1^2*MBH0^(-2)*
         gBH0Phibar - 1/8*Log[MBH0^2]*gBH0dR[f2,f97]*yd[f99,f2]*gam[y99
         ,FIVE,y97]*uspin[p2,y97]*vbspin[p1,y99]*d_(m99,m97)*
         d_(l99,l93)*d_(l95,l91)*FourPi^(-2)*I^11*g1^2*gBH0Phi*
         MBH0^(-2) - 2*Log[MBH0^2]*gBH0dR[f2,f97]*yd[f99,f2]*gam[y99,
         FIVE,y97]*uspin[p2,y97]*vbspin[p1,y99]*d_(m99,m97)*d_(l99,l91)
         *d_(l95,l93)*FourPi^(-2)*I^9*lam*MBH0^(-2)*gBH0Phibar + Log[
         MBH0^2]*gBH0dR[f2,f97]*yd[f99,f2]*gam[y99,FIVE,y97]*uspin[p2,
         y97]*vbspin[p1,y99]*d_(m99,m97)*d_(l99,l91)*d_(l95,l93)*
         FourPi^(-2)*I^9*lam*gBH0Phi*MBH0^(-2) - 1/8*Log[MBH0^2]*
         gBH0dR[f2,f97]*yd[f99,f2]*gam[y99,FIVE,y97]*uspin[p2,y97]*
         vbspin[p1,y99]*d_(m99,m97)*d_(l99,l91)*d_(l95,l93)*FourPi^(-2)
         *I^11*g1^2*MBH0^(-2)*gBH0Phibar - 1/8*Log[MBH0^2]*gBH0dR[f2,
         f97]*yd[f99,f2]*gam[y99,FIVE,y97]*uspin[p2,y97]*vbspin[p1,y99]
         *d_(m99,m97)*d_(l99,l91)*d_(l95,l93)*FourPi^(-2)*I^11*g1^2*
         gBH0Phi*MBH0^(-2) - 2*Log[MBH0^2]*gBH0dR[f2,f97]*yd[f99,f2]*
         gam[y99,y97]*uspin[p2,y97]*vbspin[p1,y99]*d_(m99,m97)*
         d_(l99,l93)*d_(l95,l91)*FourPi^(-2)*I^9*lam*MBH0^(-2)*
         gBH0Phibar + Log[MBH0^2]*gBH0dR[f2,f97]*yd[f99,f2]*gam[y99,y97
         ]*uspin[p2,y97]*vbspin[p1,y99]*d_(m99,m97)*d_(l99,l93)*
         d_(l95,l91)*FourPi^(-2)*I^9*lam*gBH0Phi*MBH0^(-2) - 1/8*Log[
         MBH0^2]*gBH0dR[f2,f97]*yd[f99,f2]*gam[y99,y97]*uspin[p2,y97]*
         vbspin[p1,y99]*d_(m99,m97)*d_(l99,l93)*d_(l95,l91)*FourPi^(-2)
         *I^11*g1^2*MBH0^(-2)*gBH0Phibar - 1/8*Log[MBH0^2]*gBH0dR[f2,
         f97]*yd[f99,f2]*gam[y99,y97]*uspin[p2,y97]*vbspin[p1,y99]*
         d_(m99,m97)*d_(l99,l93)*d_(l95,l91)*FourPi^(-2)*I^11*g1^2*
         gBH0Phi*MBH0^(-2) - 2*Log[MBH0^2]*gBH0dR[f2,f97]*yd[f99,f2]*
         gam[y99,y97]*uspin[p2,y97]*vbspin[p1,y99]*d_(m99,m97)*
         d_(l99,l91)*d_(l95,l93)*FourPi^(-2)*I^9*lam*MBH0^(-2)*
         gBH0Phibar + Log[MBH0^2]*gBH0dR[f2,f97]*yd[f99,f2]*gam[y99,y97
         ]*uspin[p2,y97]*vbspin[p1,y99]*d_(m99,m97)*d_(l99,l91)*
         d_(l95,l93)*FourPi^(-2)*I^9*lam*gBH0Phi*MBH0^(-2) - 1/8*Log[
         MBH0^2]*gBH0dR[f2,f97]*yd[f99,f2]*gam[y99,y97]*uspin[p2,y97]*
         vbspin[p1,y99]*d_(m99,m97)*d_(l99,l91)*d_(l95,l93)*FourPi^(-2)
         *I^11*g1^2*MBH0^(-2)*gBH0Phibar - 1/8*Log[MBH0^2]*gBH0dR[f2,
         f97]*yd[f99,f2]*gam[y99,y97]*uspin[p2,y97]*vbspin[p1,y99]*
         d_(m99,m97)*d_(l99,l91)*d_(l95,l93)*FourPi^(-2)*I^11*g1^2*
         gBH0Phi*MBH0^(-2) + 2*Log[MBH0^2]*gBH0dR[f6,f97]*gBH0qL[f99,f4
         ]*yd[f4,f8]*yd[f10,f6]*ydbar[f10,f8]*gam[y99,FIVE,y97]*uspin[
         p2,y97]*vbspin[p1,y99]*d_(m99,m97)*d_(l99,l93)*d_(l95,l91)*
         FourPi^(-2)*I^11*MBH0^(-2) + 2*Log[MBH0^2]*gBH0dR[f6,f97]*
         gBH0qL[f99,f4]*yd[f4,f8]*yd[f10,f6]*ydbar[f10,f8]*gam[y99,FIVE
         ,y97]*uspin[p2,y97]*vbspin[p1,y99]*d_(m99,m97)*d_(l99,l91)*
         d_(l95,l93)*FourPi^(-2)*I^11*MBH0^(-2) + 2*Log[MBH0^2]*gBH0dR[
         f6,f97]*gBH0qL[f99,f4]*yd[f4,f8]*yd[f10,f6]*ydbar[f10,f8]*gam[
         y99,y97]*uspin[p2,y97]*vbspin[p1,y99]*d_(m99,m97)*d_(l99,l93)*
         d_(l95,l91)*FourPi^(-2)*I^11*MBH0^(-2) + 2*Log[MBH0^2]*gBH0dR[
         f6,f97]*gBH0qL[f99,f4]*yd[f4,f8]*yd[f10,f6]*ydbar[f10,f8]*gam[
         y99,y97]*uspin[p2,y97]*vbspin[p1,y99]*d_(m99,m97)*d_(l99,l91)*
         d_(l95,l93)*FourPi^(-2)*I^11*MBH0^(-2) + 1/2*Log[MBH0^2]*
         gBH0dR[f6,f97]*yd[f99,f6]*Ta[n4,l99,l93]*Ta[n4,l95,l91]*gam[
         y99,FIVE,y97]*uspin[p2,y97]*vbspin[p1,y99]*d_(m99,m97)*
         FourPi^(-2)*I^11*gw^2*gBH0Phi*MBH0^(-2) + 1/2*Log[MBH0^2]*
         gBH0dR[f6,f97]*yd[f99,f6]*Ta[n4,l99,l93]*Ta[n4,l95,l91]*gam[
         y99,y97]*uspin[p2,y97]*vbspin[p1,y99]*d_(m99,m97)*FourPi^(-2)*
         I^11*gw^2*gBH0Phi*MBH0^(-2) + 1/24*Log[MBH0^2]*gBH0dR[f6,f97]*
         yd[f99,f6]*gam[y99,FIVE,y97]*uspin[p2,y97]*vbspin[p1,y99]*
         d_(m99,m97)*d_(l99,l93)*d_(l95,l91)*FourPi^(-2)*I^11*g1^2*
         gBH0Phi*MBH0^(-2) + 1/24*Log[MBH0^2]*gBH0dR[f6,f97]*yd[f99,f6]
         *gam[y99,y97]*uspin[p2,y97]*vbspin[p1,y99]*d_(m99,m97)*
         d_(l99,l93)*d_(l95,l91)*FourPi^(-2)*I^11*g1^2*gBH0Phi*
         MBH0^(-2) + 1/2*Log[MBH0^2]*gBH0dR[f8,f97]*yd[f99,f8]*Ta[n2,
         l99,l93]*Ta[n2,l95,l91]*gam[y99,FIVE,y97]*uspin[p2,y97]*
         vbspin[p1,y99]*d_(m99,m97)*FourPi^(-2)*I^11*gw^2*MBH0^(-2)*
         gBH0Phibar + 1/2*Log[MBH0^2]*gBH0dR[f8,f97]*yd[f99,f8]*Ta[n2,
         l99,l93]*Ta[n2,l95,l91]*gam[y99,y97]*uspin[p2,y97]*vbspin[p1,
         y99]*d_(m99,m97)*FourPi^(-2)*I^11*gw^2*MBH0^(-2)*gBH0Phibar + 
         1/2*Log[MBH0^2]*gBH0dR[f8,f97]*yd[f99,f8]*Ta[n2,l99,l91]*Ta[n2
         ,l95,l93]*gam[y99,FIVE,y97]*uspin[p2,y97]*vbspin[p1,y99]*
         d_(m99,m97)*FourPi^(-2)*I^11*gw^2*MBH0^(-2)*gBH0Phibar + 1/2*
         Log[MBH0^2]*gBH0dR[f8,f97]*yd[f99,f8]*Ta[n2,l99,l91]*Ta[n2,l95
         ,l93]*gam[y99,FIVE,y97]*uspin[p2,y97]*vbspin[p1,y99]*
         d_(m99,m97)*FourPi^(-2)*I^11*gw^2*gBH0Phi*MBH0^(-2) + 1/2*Log[
         MBH0^2]*gBH0dR[f8,f97]*yd[f99,f8]*Ta[n2,l99,l91]*Ta[n2,l95,l93
         ]*gam[y99,y97]*uspin[p2,y97]*vbspin[p1,y99]*d_(m99,m97)*
         FourPi^(-2)*I^11*gw^2*MBH0^(-2)*gBH0Phibar + 1/2*Log[MBH0^2]*
         gBH0dR[f8,f97]*yd[f99,f8]*Ta[n2,l99,l91]*Ta[n2,l95,l93]*gam[
         y99,y97]*uspin[p2,y97]*vbspin[p1,y99]*d_(m99,m97)*FourPi^(-2)*
         I^11*gw^2*gBH0Phi*MBH0^(-2) + 1/24*Log[MBH0^2]*gBH0dR[f8,f97]*
         yd[f99,f8]*gam[y99,FIVE,y97]*uspin[p2,y97]*vbspin[p1,y99]*
         d_(m99,m97)*d_(l99,l93)*d_(l95,l91)*FourPi^(-2)*I^11*g1^2*
         MBH0^(-2)*gBH0Phibar + 1/24*Log[MBH0^2]*gBH0dR[f8,f97]*yd[f99,
         f8]*gam[y99,FIVE,y97]*uspin[p2,y97]*vbspin[p1,y99]*d_(m99,m97)
         *d_(l99,l91)*d_(l95,l93)*FourPi^(-2)*I^11*g1^2*MBH0^(-2)*
         gBH0Phibar + 1/24*Log[MBH0^2]*gBH0dR[f8,f97]*yd[f99,f8]*gam[
         y99,FIVE,y97]*uspin[p2,y97]*vbspin[p1,y99]*d_(m99,m97)*
         d_(l99,l91)*d_(l95,l93)*FourPi^(-2)*I^11*g1^2*gBH0Phi*
         MBH0^(-2) + 1/24*Log[MBH0^2]*gBH0dR[f8,f97]*yd[f99,f8]*gam[y99
         ,y97]*uspin[p2,y97]*vbspin[p1,y99]*d_(m99,m97)*d_(l99,l93)*
         d_(l95,l91)*FourPi^(-2)*I^11*g1^2*MBH0^(-2)*gBH0Phibar + 1/24*
         Log[MBH0^2]*gBH0dR[f8,f97]*yd[f99,f8]*gam[y99,y97]*uspin[p2,
         y97]*vbspin[p1,y99]*d_(m99,m97)*d_(l99,l91)*d_(l95,l93)*
         FourPi^(-2)*I^11*g1^2*MBH0^(-2)*gBH0Phibar + 1/24*Log[MBH0^2]*
         gBH0dR[f8,f97]*yd[f99,f8]*gam[y99,y97]*uspin[p2,y97]*vbspin[p1
         ,y99]*d_(m99,m97)*d_(l99,l91)*d_(l95,l93)*FourPi^(-2)*I^11*
         g1^2*gBH0Phi*MBH0^(-2) + 1/2*Log[MBH0^2]*gBH0dR[f10,f97]*yd[
         f99,f2]*yd[f6,f10]*ydbar[f6,f2]*gam[y99,FIVE,y97]*uspin[p2,y97
         ]*vbspin[p1,y99]*d_(m99,m97)*d_(l99,l93)*d_(l95,l91)*
         FourPi^(-2)*I^11*MBH0^(-2)*gBH0Phibar + 1/2*Log[MBH0^2]*
         gBH0dR[f10,f97]*yd[f99,f2]*yd[f6,f10]*ydbar[f6,f2]*gam[y99,
         FIVE,y97]*uspin[p2,y97]*vbspin[p1,y99]*d_(m99,m97)*d_(l99,l91)
         *d_(l95,l93)*FourPi^(-2)*I^11*MBH0^(-2)*gBH0Phibar + 1/2*Log[
         MBH0^2]*gBH0dR[f10,f97]*yd[f99,f2]*yd[f6,f10]*ydbar[f6,f2]*
         gam[y99,y97]*uspin[p2,y97]*vbspin[p1,y99]*d_(m99,m97)*
         d_(l99,l93)*d_(l95,l91)*FourPi^(-2)*I^11*MBH0^(-2)*gBH0Phibar
          + 1/2*Log[MBH0^2]*gBH0dR[f10,f97]*yd[f99,f2]*yd[f6,f10]*
         ydbar[f6,f2]*gam[y99,y97]*uspin[p2,y97]*vbspin[p1,y99]*
         d_(m99,m97)*d_(l99,l91)*d_(l95,l93)*FourPi^(-2)*I^11*MBH0^(-2)
         *gBH0Phibar + 1/2*Log[MBH0^2]*gBH0qL[f99,f2]*yd[f2,f97]*Ta[n10
         ,l99,l93]*Ta[n10,l95,l91]*gam[y99,FIVE,y97]*uspin[p2,y97]*
         vbspin[p1,y99]*d_(m99,m97)*FourPi^(-2)*I^11*gw^2*MBH0^(-2)*
         gBH0Phibar + 1/2*Log[MBH0^2]*gBH0qL[f99,f2]*yd[f2,f97]*Ta[n10,
         l99,l93]*Ta[n10,l95,l91]*gam[y99,FIVE,y97]*uspin[p2,y97]*
         vbspin[p1,y99]*d_(m99,m97)*FourPi^(-2)*I^11*gw^2*gBH0Phi*
         MBH0^(-2) + 1/2*Log[MBH0^2]*gBH0qL[f99,f2]*yd[f2,f97]*Ta[n10,
         l99,l93]*Ta[n10,l95,l91]*gam[y99,y97]*uspin[p2,y97]*vbspin[p1,
         y99]*d_(m99,m97)*FourPi^(-2)*I^11*gw^2*MBH0^(-2)*gBH0Phibar + 
         1/2*Log[MBH0^2]*gBH0qL[f99,f2]*yd[f2,f97]*Ta[n10,l99,l93]*Ta[
         n10,l95,l91]*gam[y99,y97]*uspin[p2,y97]*vbspin[p1,y99]*
         d_(m99,m97)*FourPi^(-2)*I^11*gw^2*gBH0Phi*MBH0^(-2) + 1/2*Log[
         MBH0^2]*gBH0qL[f99,f2]*yd[f2,f97]*Ta[n10,l99,l91]*Ta[n10,l95,
         l93]*gam[y99,FIVE,y97]*uspin[p2,y97]*vbspin[p1,y99]*
         d_(m99,m97)*FourPi^(-2)*I^11*gw^2*MBH0^(-2)*gBH0Phibar + 1/2*
         Log[MBH0^2]*gBH0qL[f99,f2]*yd[f2,f97]*Ta[n10,l99,l91]*Ta[n10,
         l95,l93]*gam[y99,FIVE,y97]*uspin[p2,y97]*vbspin[p1,y99]*
         d_(m99,m97)*FourPi^(-2)*I^11*gw^2*gBH0Phi*MBH0^(-2) + 1/2*Log[
         MBH0^2]*gBH0qL[f99,f2]*yd[f2,f97]*Ta[n10,l99,l91]*Ta[n10,l95,
         l93]*gam[y99,y97]*uspin[p2,y97]*vbspin[p1,y99]*d_(m99,m97)*
         FourPi^(-2)*I^11*gw^2*MBH0^(-2)*gBH0Phibar + 1/2*Log[MBH0^2]*
         gBH0qL[f99,f2]*yd[f2,f97]*Ta[n10,l99,l91]*Ta[n10,l95,l93]*gam[
         y99,y97]*uspin[p2,y97]*vbspin[p1,y99]*d_(m99,m97)*FourPi^(-2)*
         I^11*gw^2*gBH0Phi*MBH0^(-2) + 2*Log[MBH0^2]*gBH0qL[f99,f2]*yd[
         f2,f97]*gam[y99,FIVE,y97]*uspin[p2,y97]*vbspin[p1,y99]*
         d_(m99,m97)*d_(l99,l93)*d_(l95,l91)*FourPi^(-2)*I^9*lam*
         MBH0^(-2)*gBH0Phibar - Log[MBH0^2]*gBH0qL[f99,f2]*yd[f2,f97]*
         gam[y99,FIVE,y97]*uspin[p2,y97]*vbspin[p1,y99]*d_(m99,m97)*
         d_(l99,l93)*d_(l95,l91)*FourPi^(-2)*I^9*lam*gBH0Phi*MBH0^(-2)
          + 1/24*Log[MBH0^2]*gBH0qL[f99,f2]*yd[f2,f97]*gam[y99,FIVE,y97
         ]*uspin[p2,y97]*vbspin[p1,y99]*d_(m99,m97)*d_(l99,l93)*
         d_(l95,l91)*FourPi^(-2)*I^11*g1^2*MBH0^(-2)*gBH0Phibar + 1/8*
         Log[MBH0^2]*gBH0qL[f99,f2]*yd[f2,f97]*gam[y99,FIVE,y97]*uspin[
         p2,y97]*vbspin[p1,y99]*d_(m99,m97)*d_(l99,l93)*d_(l95,l91)*
         FourPi^(-2)*I^11*g1^2*gBH0Phi*MBH0^(-2) + 2*Log[MBH0^2]*
         gBH0qL[f99,f2]*yd[f2,f97]*gam[y99,FIVE,y97]*uspin[p2,y97]*
         vbspin[p1,y99]*d_(m99,m97)*d_(l99,l91)*d_(l95,l93)*FourPi^(-2)
         *I^9*lam*MBH0^(-2)*gBH0Phibar - Log[MBH0^2]*gBH0qL[f99,f2]*yd[
         f2,f97]*gam[y99,FIVE,y97]*uspin[p2,y97]*vbspin[p1,y99]*
         d_(m99,m97)*d_(l99,l91)*d_(l95,l93)*FourPi^(-2)*I^9*lam*
         gBH0Phi*MBH0^(-2) + 1/8*Log[MBH0^2]*gBH0qL[f99,f2]*yd[f2,f97]*
         gam[y99,FIVE,y97]*uspin[p2,y97]*vbspin[p1,y99]*d_(m99,m97)*
         d_(l99,l91)*d_(l95,l93)*FourPi^(-2)*I^11*g1^2*MBH0^(-2)*
         gBH0Phibar + 1/8*Log[MBH0^2]*gBH0qL[f99,f2]*yd[f2,f97]*gam[y99
         ,FIVE,y97]*uspin[p2,y97]*vbspin[p1,y99]*d_(m99,m97)*
         d_(l99,l91)*d_(l95,l93)*FourPi^(-2)*I^11*g1^2*gBH0Phi*
         MBH0^(-2) + 2*Log[MBH0^2]*gBH0qL[f99,f2]*yd[f2,f97]*gam[y99,
         y97]*uspin[p2,y97]*vbspin[p1,y99]*d_(m99,m97)*d_(l99,l93)*
         d_(l95,l91)*FourPi^(-2)*I^9*lam*MBH0^(-2)*gBH0Phibar - Log[
         MBH0^2]*gBH0qL[f99,f2]*yd[f2,f97]*gam[y99,y97]*uspin[p2,y97]*
         vbspin[p1,y99]*d_(m99,m97)*d_(l99,l93)*d_(l95,l91)*FourPi^(-2)
         *I^9*lam*gBH0Phi*MBH0^(-2) + 1/24*Log[MBH0^2]*gBH0qL[f99,f2]*
         yd[f2,f97]*gam[y99,y97]*uspin[p2,y97]*vbspin[p1,y99]*
         d_(m99,m97)*d_(l99,l93)*d_(l95,l91)*FourPi^(-2)*I^11*g1^2*
         MBH0^(-2)*gBH0Phibar + 1/8*Log[MBH0^2]*gBH0qL[f99,f2]*yd[f2,
         f97]*gam[y99,y97]*uspin[p2,y97]*vbspin[p1,y99]*d_(m99,m97)*
         d_(l99,l93)*d_(l95,l91)*FourPi^(-2)*I^11*g1^2*gBH0Phi*
         MBH0^(-2) + 2*Log[MBH0^2]*gBH0qL[f99,f2]*yd[f2,f97]*gam[y99,
         y97]*uspin[p2,y97]*vbspin[p1,y99]*d_(m99,m97)*d_(l99,l91)*
         d_(l95,l93)*FourPi^(-2)*I^9*lam*MBH0^(-2)*gBH0Phibar - Log[
         MBH0^2]*gBH0qL[f99,f2]*yd[f2,f97]*gam[y99,y97]*uspin[p2,y97]*
         vbspin[p1,y99]*d_(m99,m97)*d_(l99,l91)*d_(l95,l93)*FourPi^(-2)
         *I^9*lam*gBH0Phi*MBH0^(-2) + 1/8*Log[MBH0^2]*gBH0qL[f99,f2]*
         yd[f2,f97]*gam[y99,y97]*uspin[p2,y97]*vbspin[p1,y99]*
         d_(m99,m97)*d_(l99,l91)*d_(l95,l93)*FourPi^(-2)*I^11*g1^2*
         MBH0^(-2)*gBH0Phibar + 1/8*Log[MBH0^2]*gBH0qL[f99,f2]*yd[f2,
         f97]*gam[y99,y97]*uspin[p2,y97]*vbspin[p1,y99]*d_(m99,m97)*
         d_(l99,l91)*d_(l95,l93)*FourPi^(-2)*I^11*g1^2*gBH0Phi*
         MBH0^(-2) - 1/2*Log[MBH0^2]*gBH0qL[f99,f2]*yd[f2,f6]*yd[f10,
         f97]*ydbar[f10,f6]*gam[y99,FIVE,y97]*uspin[p2,y97]*vbspin[p1,
         y99]*d_(m99,m97)*d_(l99,l93)*d_(l95,l91)*FourPi^(-2)*I^11*
         MBH0^(-2)*gBH0Phibar - 1/2*Log[MBH0^2]*gBH0qL[f99,f2]*yd[f2,f6
         ]*yd[f10,f97]*ydbar[f10,f6]*gam[y99,y97]*uspin[p2,y97]*vbspin[
         p1,y99]*d_(m99,m97)*d_(l99,l93)*d_(l95,l91)*FourPi^(-2)*I^11*
         MBH0^(-2)*gBH0Phibar - 1/12*Log[MBH0^2]*gBH0qL[f99,f4]*yd[f4,
         f97]*gam[y99,FIVE,y97]*uspin[p2,y97]*vbspin[p1,y99]*
         d_(m99,m97)*d_(l99,l93)*d_(l95,l91)*FourPi^(-2)*I^11*g1^2*
         gBH0Phi*MBH0^(-2) - 1/12*Log[MBH0^2]*gBH0qL[f99,f4]*yd[f4,f97]
         *gam[y99,FIVE,y97]*uspin[p2,y97]*vbspin[p1,y99]*d_(m99,m97)*
         d_(l99,l91)*d_(l95,l93)*FourPi^(-2)*I^11*g1^2*MBH0^(-2)*
         gBH0Phibar - 1/12*Log[MBH0^2]*gBH0qL[f99,f4]*yd[f4,f97]*gam[
         y99,FIVE,y97]*uspin[p2,y97]*vbspin[p1,y99]*d_(m99,m97)*
         d_(l99,l91)*d_(l95,l93)*FourPi^(-2)*I^11*g1^2*gBH0Phi*
         MBH0^(-2) - 1/12*Log[MBH0^2]*gBH0qL[f99,f4]*yd[f4,f97]*gam[y99
         ,y97]*uspin[p2,y97]*vbspin[p1,y99]*d_(m99,m97)*d_(l99,l93)*
         d_(l95,l91)*FourPi^(-2)*I^11*g1^2*gBH0Phi*MBH0^(-2) - 1/12*
         Log[MBH0^2]*gBH0qL[f99,f4]*yd[f4,f97]*gam[y99,y97]*uspin[p2,
         y97]*vbspin[p1,y99]*d_(m99,m97)*d_(l99,l91)*d_(l95,l93)*
         FourPi^(-2)*I^11*g1^2*MBH0^(-2)*gBH0Phibar - 1/12*Log[MBH0^2]*
         gBH0qL[f99,f4]*yd[f4,f97]*gam[y99,y97]*uspin[p2,y97]*vbspin[p1
         ,y99]*d_(m99,m97)*d_(l99,l91)*d_(l95,l93)*FourPi^(-2)*I^11*
         g1^2*gBH0Phi*MBH0^(-2) - 1/2*Log[MBH0^2]*gBH0qL[f99,f4]*yd[f4,
         f8]*yd[f10,f97]*ydbar[f10,f8]*gam[y99,FIVE,y97]*uspin[p2,y97]*
         vbspin[p1,y99]*d_(m99,m97)*d_(l99,l91)*d_(l95,l93)*FourPi^(-2)
         *I^11*MBH0^(-2)*gBH0Phibar - 1/2*Log[MBH0^2]*gBH0qL[f99,f4]*
         yd[f4,f8]*yd[f10,f97]*ydbar[f10,f8]*gam[y99,y97]*uspin[p2,y97]
         *vbspin[p1,y99]*d_(m99,m97)*d_(l99,l91)*d_(l95,l93)*
         FourPi^(-2)*I^11*MBH0^(-2)*gBH0Phibar - 1/2*Log[MBH0^2]*yd[f99
         ,f2]*yd[f6,f97]*ydbar[f6,f2]*gam[y99,FIVE,y97]*uspin[p2,y97]*
         vbspin[p1,y99]*d_(m99,m97)*d_(l99,l93)*d_(l95,l91)*FourPi^(-2)
         *I^11*MBH0^(-2)*gBH0Phibar^2 - 1/2*Log[MBH0^2]*yd[f99,f2]*yd[
         f6,f97]*ydbar[f6,f2]*gam[y99,FIVE,y97]*uspin[p2,y97]*vbspin[p1
         ,y99]*d_(m99,m97)*d_(l99,l91)*d_(l95,l93)*FourPi^(-2)*I^11*
         MBH0^(-2)*gBH0Phibar^2 - 1/2*Log[MBH0^2]*yd[f99,f2]*yd[f6,f97]
         *ydbar[f6,f2]*gam[y99,y97]*uspin[p2,y97]*vbspin[p1,y99]*
         d_(m99,m97)*d_(l99,l93)*d_(l95,l91)*FourPi^(-2)*I^11*MBH0^(-2)
         *gBH0Phibar^2 - 1/2*Log[MBH0^2]*yd[f99,f2]*yd[f6,f97]*ydbar[f6
         ,f2]*gam[y99,y97]*uspin[p2,y97]*vbspin[p1,y99]*d_(m99,m97)*
         d_(l99,l91)*d_(l95,l93)*FourPi^(-2)*I^11*MBH0^(-2)*
         gBH0Phibar^2 - 1/2*Log[MBH0^2]*yd[f99,f97]*Ta[n4,l99,l93]*Ta[
         n4,l95,l91]*gam[y99,FIVE,y97]*uspin[p2,y97]*vbspin[p1,y99]*
         d_(m99,m97)*FourPi^(-2)*I^11*gw^2*MBH0^(-2)*gBH0Phibar^2 - 1/2
         *Log[MBH0^2]*yd[f99,f97]*Ta[n4,l99,l93]*Ta[n4,l95,l91]*gam[y99
         ,FIVE,y97]*uspin[p2,y97]*vbspin[p1,y99]*d_(m99,m97)*
         FourPi^(-2)*I^11*gw^2*gBH0Phi*MBH0^(-2)*gBH0Phibar - 1/2*Log[
         MBH0^2]*yd[f99,f97]*Ta[n4,l99,l93]*Ta[n4,l95,l91]*gam[y99,y97]
         *uspin[p2,y97]*vbspin[p1,y99]*d_(m99,m97)*FourPi^(-2)*I^11*
         gw^2*MBH0^(-2)*gBH0Phibar^2 - 1/2*Log[MBH0^2]*yd[f99,f97]*Ta[
         n4,l99,l93]*Ta[n4,l95,l91]*gam[y99,y97]*uspin[p2,y97]*vbspin[
         p1,y99]*d_(m99,m97)*FourPi^(-2)*I^11*gw^2*gBH0Phi*MBH0^(-2)*
         gBH0Phibar - 1/2*Log[MBH0^2]*yd[f99,f97]*Ta[n4,l99,l91]*Ta[n4,
         l95,l93]*gam[y99,FIVE,y97]*uspin[p2,y97]*vbspin[p1,y99]*
         d_(m99,m97)*FourPi^(-2)*I^11*gw^2*MBH0^(-2)*gBH0Phibar^2 - 1/2
         *Log[MBH0^2]*yd[f99,f97]*Ta[n4,l99,l91]*Ta[n4,l95,l93]*gam[y99
         ,FIVE,y97]*uspin[p2,y97]*vbspin[p1,y99]*d_(m99,m97)*
         FourPi^(-2)*I^11*gw^2*gBH0Phi*MBH0^(-2)*gBH0Phibar - 1/2*Log[
         MBH0^2]*yd[f99,f97]*Ta[n4,l99,l91]*Ta[n4,l95,l93]*gam[y99,y97]
         *uspin[p2,y97]*vbspin[p1,y99]*d_(m99,m97)*FourPi^(-2)*I^11*
         gw^2*MBH0^(-2)*gBH0Phibar^2 - 1/2*Log[MBH0^2]*yd[f99,f97]*Ta[
         n4,l99,l91]*Ta[n4,l95,l93]*gam[y99,y97]*uspin[p2,y97]*vbspin[
         p1,y99]*d_(m99,m97)*FourPi^(-2)*I^11*gw^2*gBH0Phi*MBH0^(-2)*
         gBH0Phibar - 1/8*Log[MBH0^2]*yd[f99,f97]*gam[y99,FIVE,y97]*
         uspin[p2,y97]*vbspin[p1,y99]*d_(m99,m97)*d_(l99,l93)*
         d_(l95,l91)*FourPi^(-2)*I^11*g1^2*MBH0^(-2)*gBH0Phibar^2 - 1/8
         *Log[MBH0^2]*yd[f99,f97]*gam[y99,FIVE,y97]*uspin[p2,y97]*
         vbspin[p1,y99]*d_(m99,m97)*d_(l99,l93)*d_(l95,l91)*FourPi^(-2)
         *I^11*g1^2*gBH0Phi*MBH0^(-2)*gBH0Phibar - 1/8*Log[MBH0^2]*yd[
         f99,f97]*gam[y99,FIVE,y97]*uspin[p2,y97]*vbspin[p1,y99]*
         d_(m99,m97)*d_(l99,l91)*d_(l95,l93)*FourPi^(-2)*I^11*g1^2*
         MBH0^(-2)*gBH0Phibar^2 - 1/8*Log[MBH0^2]*yd[f99,f97]*gam[y99,
         FIVE,y97]*uspin[p2,y97]*vbspin[p1,y99]*d_(m99,m97)*d_(l99,l91)
         *d_(l95,l93)*FourPi^(-2)*I^11*g1^2*gBH0Phi*MBH0^(-2)*
         gBH0Phibar - 1/8*Log[MBH0^2]*yd[f99,f97]*gam[y99,y97]*uspin[p2
         ,y97]*vbspin[p1,y99]*d_(m99,m97)*d_(l99,l93)*d_(l95,l91)*
         FourPi^(-2)*I^11*g1^2*MBH0^(-2)*gBH0Phibar^2 - 1/8*Log[MBH0^2]
         *yd[f99,f97]*gam[y99,y97]*uspin[p2,y97]*vbspin[p1,y99]*
         d_(m99,m97)*d_(l99,l93)*d_(l95,l91)*FourPi^(-2)*I^11*g1^2*
         gBH0Phi*MBH0^(-2)*gBH0Phibar - 1/8*Log[MBH0^2]*yd[f99,f97]*
         gam[y99,y97]*uspin[p2,y97]*vbspin[p1,y99]*d_(m99,m97)*
         d_(l99,l91)*d_(l95,l93)*FourPi^(-2)*I^11*g1^2*MBH0^(-2)*
         gBH0Phibar^2 - 1/8*Log[MBH0^2]*yd[f99,f97]*gam[y99,y97]*uspin[
         p2,y97]*vbspin[p1,y99]*d_(m99,m97)*d_(l99,l91)*d_(l95,l93)*
         FourPi^(-2)*I^11*g1^2*gBH0Phi*MBH0^(-2)*gBH0Phibar + 1/2*
         gBH0dR[f2,f97]*yd[f99,f2]*Ta[n8,l99,l93]*Ta[n8,l95,l91]*gam[
         y99,FIVE,y97]*uspin[p2,y97]*vbspin[p1,y99]*d_(m99,m97)*
         FourPi^(-2)*I^11*gw^2*MBH0^(-2)*gBH0Phibar + 1/2*gBH0dR[f2,f97
         ]*yd[f99,f2]*Ta[n8,l99,l93]*Ta[n8,l95,l91]*gam[y99,FIVE,y97]*
         uspin[p2,y97]*vbspin[p1,y99]*d_(m99,m97)*FourPi^(-2)*I^11*gw^2
         *gBH0Phi*MBH0^(-2) + 1/2*gBH0dR[f2,f97]*yd[f99,f2]*Ta[n8,l99,
         l93]*Ta[n8,l95,l91]*gam[y99,y97]*uspin[p2,y97]*vbspin[p1,y99]*
         d_(m99,m97)*FourPi^(-2)*I^11*gw^2*MBH0^(-2)*gBH0Phibar + 1/2*
         gBH0dR[f2,f97]*yd[f99,f2]*Ta[n8,l99,l93]*Ta[n8,l95,l91]*gam[
         y99,y97]*uspin[p2,y97]*vbspin[p1,y99]*d_(m99,m97)*FourPi^(-2)*
         I^11*gw^2*gBH0Phi*MBH0^(-2) + 1/2*gBH0dR[f2,f97]*yd[f99,f2]*
         Ta[n8,l99,l91]*Ta[n8,l95,l93]*gam[y99,FIVE,y97]*uspin[p2,y97]*
         vbspin[p1,y99]*d_(m99,m97)*FourPi^(-2)*I^11*gw^2*MBH0^(-2)*
         gBH0Phibar + 1/2*gBH0dR[f2,f97]*yd[f99,f2]*Ta[n8,l99,l91]*Ta[
         n8,l95,l93]*gam[y99,FIVE,y97]*uspin[p2,y97]*vbspin[p1,y99]*
         d_(m99,m97)*FourPi^(-2)*I^11*gw^2*gBH0Phi*MBH0^(-2) + 1/2*
         gBH0dR[f2,f97]*yd[f99,f2]*Ta[n8,l99,l91]*Ta[n8,l95,l93]*gam[
         y99,y97]*uspin[p2,y97]*vbspin[p1,y99]*d_(m99,m97)*FourPi^(-2)*
         I^11*gw^2*MBH0^(-2)*gBH0Phibar + 1/2*gBH0dR[f2,f97]*yd[f99,f2]
         *Ta[n8,l99,l91]*Ta[n8,l95,l93]*gam[y99,y97]*uspin[p2,y97]*
         vbspin[p1,y99]*d_(m99,m97)*FourPi^(-2)*I^11*gw^2*gBH0Phi*
         MBH0^(-2) + 2*gBH0dR[f2,f97]*yd[f99,f2]*gam[y99,FIVE,y97]*
         uspin[p2,y97]*vbspin[p1,y99]*d_(m99,m97)*d_(l99,l93)*
         d_(l95,l91)*FourPi^(-2)*I^9*lam*MBH0^(-2)*gBH0Phibar - gBH0dR[
         f2,f97]*yd[f99,f2]*gam[y99,FIVE,y97]*uspin[p2,y97]*vbspin[p1,
         y99]*d_(m99,m97)*d_(l99,l93)*d_(l95,l91)*FourPi^(-2)*I^9*lam*
         gBH0Phi*MBH0^(-2) - gBH0dR[f2,f97]*yd[f99,f2]*gam[y99,FIVE,y97
         ]*uspin[p2,y97]*vbspin[p1,y99]*d_(m99,m97)*d_(l99,l93)*
         d_(l95,l91)*FourPi^(-2)*I^11*gBH0Phi*MBH0^(-2)*gBH0Phibar^2 + 
         1/8*gBH0dR[f2,f97]*yd[f99,f2]*gam[y99,FIVE,y97]*uspin[p2,y97]*
         vbspin[p1,y99]*d_(m99,m97)*d_(l99,l93)*d_(l95,l91)*FourPi^(-2)
         *I^11*g1^2*MBH0^(-2)*gBH0Phibar + 1/8*gBH0dR[f2,f97]*yd[f99,f2
         ]*gam[y99,FIVE,y97]*uspin[p2,y97]*vbspin[p1,y99]*d_(m99,m97)*
         d_(l99,l93)*d_(l95,l91)*FourPi^(-2)*I^11*g1^2*gBH0Phi*
         MBH0^(-2) + 2*gBH0dR[f2,f97]*yd[f99,f2]*gam[y99,FIVE,y97]*
         uspin[p2,y97]*vbspin[p1,y99]*d_(m99,m97)*d_(l99,l91)*
         d_(l95,l93)*FourPi^(-2)*I^9*lam*MBH0^(-2)*gBH0Phibar - gBH0dR[
         f2,f97]*yd[f99,f2]*gam[y99,FIVE,y97]*uspin[p2,y97]*vbspin[p1,
         y99]*d_(m99,m97)*d_(l99,l91)*d_(l95,l93)*FourPi^(-2)*I^9*lam*
         gBH0Phi*MBH0^(-2) - gBH0dR[f2,f97]*yd[f99,f2]*gam[y99,FIVE,y97
         ]*uspin[p2,y97]*vbspin[p1,y99]*d_(m99,m97)*d_(l99,l91)*
         d_(l95,l93)*FourPi^(-2)*I^11*gBH0Phi*MBH0^(-2)*gBH0Phibar^2 + 
         1/8*gBH0dR[f2,f97]*yd[f99,f2]*gam[y99,FIVE,y97]*uspin[p2,y97]*
         vbspin[p1,y99]*d_(m99,m97)*d_(l99,l91)*d_(l95,l93)*FourPi^(-2)
         *I^11*g1^2*MBH0^(-2)*gBH0Phibar + 1/8*gBH0dR[f2,f97]*yd[f99,f2
         ]*gam[y99,FIVE,y97]*uspin[p2,y97]*vbspin[p1,y99]*d_(m99,m97)*
         d_(l99,l91)*d_(l95,l93)*FourPi^(-2)*I^11*g1^2*gBH0Phi*
         MBH0^(-2) + 2*gBH0dR[f2,f97]*yd[f99,f2]*gam[y99,y97]*uspin[p2,
         y97]*vbspin[p1,y99]*d_(m99,m97)*d_(l99,l93)*d_(l95,l91)*
         FourPi^(-2)*I^9*lam*MBH0^(-2)*gBH0Phibar - gBH0dR[f2,f97]*yd[
         f99,f2]*gam[y99,y97]*uspin[p2,y97]*vbspin[p1,y99]*d_(m99,m97)*
         d_(l99,l93)*d_(l95,l91)*FourPi^(-2)*I^9*lam*gBH0Phi*MBH0^(-2)
          - gBH0dR[f2,f97]*yd[f99,f2]*gam[y99,y97]*uspin[p2,y97]*
         vbspin[p1,y99]*d_(m99,m97)*d_(l99,l93)*d_(l95,l91)*FourPi^(-2)
         *I^11*gBH0Phi*MBH0^(-2)*gBH0Phibar^2 + 1/8*gBH0dR[f2,f97]*yd[
         f99,f2]*gam[y99,y97]*uspin[p2,y97]*vbspin[p1,y99]*d_(m99,m97)*
         d_(l99,l93)*d_(l95,l91)*FourPi^(-2)*I^11*g1^2*MBH0^(-2)*
         gBH0Phibar + 1/8*gBH0dR[f2,f97]*yd[f99,f2]*gam[y99,y97]*uspin[
         p2,y97]*vbspin[p1,y99]*d_(m99,m97)*d_(l99,l93)*d_(l95,l91)*
         FourPi^(-2)*I^11*g1^2*gBH0Phi*MBH0^(-2) + 2*gBH0dR[f2,f97]*yd[
         f99,f2]*gam[y99,y97]*uspin[p2,y97]*vbspin[p1,y99]*d_(m99,m97)*
         d_(l99,l91)*d_(l95,l93)*FourPi^(-2)*I^9*lam*MBH0^(-2)*
         gBH0Phibar - gBH0dR[f2,f97]*yd[f99,f2]*gam[y99,y97]*uspin[p2,
         y97]*vbspin[p1,y99]*d_(m99,m97)*d_(l99,l91)*d_(l95,l93)*
         FourPi^(-2)*I^9*lam*gBH0Phi*MBH0^(-2) - gBH0dR[f2,f97]*yd[f99,
         f2]*gam[y99,y97]*uspin[p2,y97]*vbspin[p1,y99]*d_(m99,m97)*
         d_(l99,l91)*d_(l95,l93)*FourPi^(-2)*I^11*gBH0Phi*MBH0^(-2)*
         gBH0Phibar^2 + 1/8*gBH0dR[f2,f97]*yd[f99,f2]*gam[y99,y97]*
         uspin[p2,y97]*vbspin[p1,y99]*d_(m99,m97)*d_(l99,l91)*
         d_(l95,l93)*FourPi^(-2)*I^11*g1^2*MBH0^(-2)*gBH0Phibar + 1/8*
         gBH0dR[f2,f97]*yd[f99,f2]*gam[y99,y97]*uspin[p2,y97]*vbspin[p1
         ,y99]*d_(m99,m97)*d_(l99,l91)*d_(l95,l93)*FourPi^(-2)*I^11*
         g1^2*gBH0Phi*MBH0^(-2) - 1/2*gBH0dR[f6,f97]*gBH0qL[f99,f2]*yd[
         f2,f6]*gam[y99,FIVE,y97]*uspin[p2,y97]*vbspin[p1,y99]*
         d_(m99,m97)*d_(l99,l93)*d_(l95,l91)*FourPi^(-2)*I^11*gBH0Phi*
         MBH0^(-2)*gBH0Phibar - 1/2*gBH0dR[f6,f97]*gBH0qL[f99,f2]*yd[f2
         ,f6]*gam[y99,y97]*uspin[p2,y97]*vbspin[p1,y99]*d_(m99,m97)*
         d_(l99,l93)*d_(l95,l91)*FourPi^(-2)*I^11*gBH0Phi*MBH0^(-2)*
         gBH0Phibar - gBH0dR[f6,f97]*gBH0qL[f99,f4]*yd[f4,f8]*yd[f10,f6
         ]*ydbar[f10,f8]*gam[y99,FIVE,y97]*uspin[p2,y97]*vbspin[p1,y99]
         *d_(m99,m97)*d_(l99,l93)*d_(l95,l91)*FourPi^(-2)*I^11*
         MBH0^(-2) - gBH0dR[f6,f97]*gBH0qL[f99,f4]*yd[f4,f8]*yd[f10,f6]
         *ydbar[f10,f8]*gam[y99,FIVE,y97]*uspin[p2,y97]*vbspin[p1,y99]*
         d_(m99,m97)*d_(l99,l91)*d_(l95,l93)*FourPi^(-2)*I^11*MBH0^(-2)
          - gBH0dR[f6,f97]*gBH0qL[f99,f4]*yd[f4,f8]*yd[f10,f6]*ydbar[
         f10,f8]*gam[y99,y97]*uspin[p2,y97]*vbspin[p1,y99]*d_(m99,m97)*
         d_(l99,l93)*d_(l95,l91)*FourPi^(-2)*I^11*MBH0^(-2) - gBH0dR[f6
         ,f97]*gBH0qL[f99,f4]*yd[f4,f8]*yd[f10,f6]*ydbar[f10,f8]*gam[
         y99,y97]*uspin[p2,y97]*vbspin[p1,y99]*d_(m99,m97)*d_(l99,l91)*
         d_(l95,l93)*FourPi^(-2)*I^11*MBH0^(-2) - 1/2*gBH0dR[f6,f97]*
         yd[f99,f6]*Ta[n4,l99,l93]*Ta[n4,l95,l91]*gam[y99,FIVE,y97]*
         uspin[p2,y97]*vbspin[p1,y99]*d_(m99,m97)*FourPi^(-2)*I^11*gw^2
         *gBH0Phi*MBH0^(-2) - 1/2*gBH0dR[f6,f97]*yd[f99,f6]*Ta[n4,l99,
         l93]*Ta[n4,l95,l91]*gam[y99,y97]*uspin[p2,y97]*vbspin[p1,y99]*
         d_(m99,m97)*FourPi^(-2)*I^11*gw^2*gBH0Phi*MBH0^(-2) - 1/24*
         gBH0dR[f6,f97]*yd[f99,f6]*gam[y99,FIVE,y97]*uspin[p2,y97]*
         vbspin[p1,y99]*d_(m99,m97)*d_(l99,l93)*d_(l95,l91)*FourPi^(-2)
         *I^11*g1^2*gBH0Phi*MBH0^(-2) - 1/24*gBH0dR[f6,f97]*yd[f99,f6]*
         gam[y99,y97]*uspin[p2,y97]*vbspin[p1,y99]*d_(m99,m97)*
         d_(l99,l93)*d_(l95,l91)*FourPi^(-2)*I^11*g1^2*gBH0Phi*
         MBH0^(-2) - 1/2*gBH0dR[f8,f97]*gBH0qL[f99,f4]*yd[f4,f8]*gam[
         y99,FIVE,y97]*uspin[p2,y97]*vbspin[p1,y99]*d_(m99,m97)*
         d_(l99,l93)*d_(l95,l91)*FourPi^(-2)*I^11*gBH0Phi*MBH0^(-2)*
         gBH0Phibar - gBH0dR[f8,f97]*gBH0qL[f99,f4]*yd[f4,f8]*gam[y99,
         FIVE,y97]*uspin[p2,y97]*vbspin[p1,y99]*d_(m99,m97)*d_(l99,l91)
         *d_(l95,l93)*FourPi^(-2)*I^11*gBH0Phi*MBH0^(-2)*gBH0Phibar - 1/
         2*gBH0dR[f8,f97]*gBH0qL[f99,f4]*yd[f4,f8]*gam[y99,y97]*uspin[
         p2,y97]*vbspin[p1,y99]*d_(m99,m97)*d_(l99,l93)*d_(l95,l91)*
         FourPi^(-2)*I^11*gBH0Phi*MBH0^(-2)*gBH0Phibar - gBH0dR[f8,f97]
         *gBH0qL[f99,f4]*yd[f4,f8]*gam[y99,y97]*uspin[p2,y97]*vbspin[p1
         ,y99]*d_(m99,m97)*d_(l99,l91)*d_(l95,l93)*FourPi^(-2)*I^11*
         gBH0Phi*MBH0^(-2)*gBH0Phibar - 1/2*gBH0dR[f8,f97]*yd[f99,f8]*
         Ta[n2,l99,l93]*Ta[n2,l95,l91]*gam[y99,FIVE,y97]*uspin[p2,y97]*
         vbspin[p1,y99]*d_(m99,m97)*FourPi^(-2)*I^11*gw^2*MBH0^(-2)*
         gBH0Phibar - 1/2*gBH0dR[f8,f97]*yd[f99,f8]*Ta[n2,l99,l93]*Ta[
         n2,l95,l91]*gam[y99,y97]*uspin[p2,y97]*vbspin[p1,y99]*
         d_(m99,m97)*FourPi^(-2)*I^11*gw^2*MBH0^(-2)*gBH0Phibar - 1/2*
         gBH0dR[f8,f97]*yd[f99,f8]*Ta[n2,l99,l91]*Ta[n2,l95,l93]*gam[
         y99,FIVE,y97]*uspin[p2,y97]*vbspin[p1,y99]*d_(m99,m97)*
         FourPi^(-2)*I^11*gw^2*MBH0^(-2)*gBH0Phibar - 1/2*gBH0dR[f8,f97
         ]*yd[f99,f8]*Ta[n2,l99,l91]*Ta[n2,l95,l93]*gam[y99,FIVE,y97]*
         uspin[p2,y97]*vbspin[p1,y99]*d_(m99,m97)*FourPi^(-2)*I^11*gw^2
         *gBH0Phi*MBH0^(-2) - 1/2*gBH0dR[f8,f97]*yd[f99,f8]*Ta[n2,l99,
         l91]*Ta[n2,l95,l93]*gam[y99,y97]*uspin[p2,y97]*vbspin[p1,y99]*
         d_(m99,m97)*FourPi^(-2)*I^11*gw^2*MBH0^(-2)*gBH0Phibar - 1/2*
         gBH0dR[f8,f97]*yd[f99,f8]*Ta[n2,l99,l91]*Ta[n2,l95,l93]*gam[
         y99,y97]*uspin[p2,y97]*vbspin[p1,y99]*d_(m99,m97)*FourPi^(-2)*
         I^11*gw^2*gBH0Phi*MBH0^(-2) - 1/24*gBH0dR[f8,f97]*yd[f99,f8]*
         gam[y99,FIVE,y97]*uspin[p2,y97]*vbspin[p1,y99]*d_(m99,m97)*
         d_(l99,l93)*d_(l95,l91)*FourPi^(-2)*I^11*g1^2*MBH0^(-2)*
         gBH0Phibar - 1/24*gBH0dR[f8,f97]*yd[f99,f8]*gam[y99,FIVE,y97]*
         uspin[p2,y97]*vbspin[p1,y99]*d_(m99,m97)*d_(l99,l91)*
         d_(l95,l93)*FourPi^(-2)*I^11*g1^2*MBH0^(-2)*gBH0Phibar - 1/24*
         gBH0dR[f8,f97]*yd[f99,f8]*gam[y99,FIVE,y97]*uspin[p2,y97]*
         vbspin[p1,y99]*d_(m99,m97)*d_(l99,l91)*d_(l95,l93)*FourPi^(-2)
         *I^11*g1^2*gBH0Phi*MBH0^(-2) - 1/24*gBH0dR[f8,f97]*yd[f99,f8]*
         gam[y99,y97]*uspin[p2,y97]*vbspin[p1,y99]*d_(m99,m97)*
         d_(l99,l93)*d_(l95,l91)*FourPi^(-2)*I^11*g1^2*MBH0^(-2)*
         gBH0Phibar - 1/24*gBH0dR[f8,f97]*yd[f99,f8]*gam[y99,y97]*
         uspin[p2,y97]*vbspin[p1,y99]*d_(m99,m97)*d_(l99,l91)*
         d_(l95,l93)*FourPi^(-2)*I^11*g1^2*MBH0^(-2)*gBH0Phibar - 1/24*
         gBH0dR[f8,f97]*yd[f99,f8]*gam[y99,y97]*uspin[p2,y97]*vbspin[p1
         ,y99]*d_(m99,m97)*d_(l99,l91)*d_(l95,l93)*FourPi^(-2)*I^11*
         g1^2*gBH0Phi*MBH0^(-2) - 1/2*gBH0dR[f10,f97]*yd[f99,f2]*yd[f6,
         f10]*ydbar[f6,f2]*gam[y99,FIVE,y97]*uspin[p2,y97]*vbspin[p1,
         y99]*d_(m99,m97)*d_(l99,l93)*d_(l95,l91)*FourPi^(-2)*I^11*
         MBH0^(-2)*gBH0Phibar - 1/2*gBH0dR[f10,f97]*yd[f99,f2]*yd[f6,
         f10]*ydbar[f6,f2]*gam[y99,FIVE,y97]*uspin[p2,y97]*vbspin[p1,
         y99]*d_(m99,m97)*d_(l99,l91)*d_(l95,l93)*FourPi^(-2)*I^11*
         MBH0^(-2)*gBH0Phibar - 1/2*gBH0dR[f10,f97]*yd[f99,f2]*yd[f6,
         f10]*ydbar[f6,f2]*gam[y99,y97]*uspin[p2,y97]*vbspin[p1,y99]*
         d_(m99,m97)*d_(l99,l93)*d_(l95,l91)*FourPi^(-2)*I^11*MBH0^(-2)
         *gBH0Phibar - 1/2*gBH0dR[f10,f97]*yd[f99,f2]*yd[f6,f10]*ydbar[
         f6,f2]*gam[y99,y97]*uspin[p2,y97]*vbspin[p1,y99]*d_(m99,m97)*
         d_(l99,l91)*d_(l95,l93)*FourPi^(-2)*I^11*MBH0^(-2)*gBH0Phibar
          - 1/2*gBH0qL[f99,f2]*yd[f2,f97]*Ta[n10,l99,l93]*Ta[n10,l95,
         l91]*gam[y99,FIVE,y97]*uspin[p2,y97]*vbspin[p1,y99]*
         d_(m99,m97)*FourPi^(-2)*I^11*gw^2*MBH0^(-2)*gBH0Phibar - 1/2*
         gBH0qL[f99,f2]*yd[f2,f97]*Ta[n10,l99,l93]*Ta[n10,l95,l91]*gam[
         y99,FIVE,y97]*uspin[p2,y97]*vbspin[p1,y99]*d_(m99,m97)*
         FourPi^(-2)*I^11*gw^2*gBH0Phi*MBH0^(-2) - 1/2*gBH0qL[f99,f2]*
         yd[f2,f97]*Ta[n10,l99,l93]*Ta[n10,l95,l91]*gam[y99,y97]*uspin[
         p2,y97]*vbspin[p1,y99]*d_(m99,m97)*FourPi^(-2)*I^11*gw^2*
         MBH0^(-2)*gBH0Phibar - 1/2*gBH0qL[f99,f2]*yd[f2,f97]*Ta[n10,
         l99,l93]*Ta[n10,l95,l91]*gam[y99,y97]*uspin[p2,y97]*vbspin[p1,
         y99]*d_(m99,m97)*FourPi^(-2)*I^11*gw^2*gBH0Phi*MBH0^(-2) - 1/2
         *gBH0qL[f99,f2]*yd[f2,f97]*Ta[n10,l99,l91]*Ta[n10,l95,l93]*
         gam[y99,FIVE,y97]*uspin[p2,y97]*vbspin[p1,y99]*d_(m99,m97)*
         FourPi^(-2)*I^11*gw^2*MBH0^(-2)*gBH0Phibar - 1/2*gBH0qL[f99,f2
         ]*yd[f2,f97]*Ta[n10,l99,l91]*Ta[n10,l95,l93]*gam[y99,FIVE,y97]
         *uspin[p2,y97]*vbspin[p1,y99]*d_(m99,m97)*FourPi^(-2)*I^11*
         gw^2*gBH0Phi*MBH0^(-2) - 1/2*gBH0qL[f99,f2]*yd[f2,f97]*Ta[n10,
         l99,l91]*Ta[n10,l95,l93]*gam[y99,y97]*uspin[p2,y97]*vbspin[p1,
         y99]*d_(m99,m97)*FourPi^(-2)*I^11*gw^2*MBH0^(-2)*gBH0Phibar - 
         1/2*gBH0qL[f99,f2]*yd[f2,f97]*Ta[n10,l99,l91]*Ta[n10,l95,l93]*
         gam[y99,y97]*uspin[p2,y97]*vbspin[p1,y99]*d_(m99,m97)*
         FourPi^(-2)*I^11*gw^2*gBH0Phi*MBH0^(-2) - 2*gBH0qL[f99,f2]*yd[
         f2,f97]*gam[y99,FIVE,y97]*uspin[p2,y97]*vbspin[p1,y99]*
         d_(m99,m97)*d_(l99,l93)*d_(l95,l91)*FourPi^(-2)*I^9*lam*
         MBH0^(-2)*gBH0Phibar + gBH0qL[f99,f2]*yd[f2,f97]*gam[y99,FIVE,
         y97]*uspin[p2,y97]*vbspin[p1,y99]*d_(m99,m97)*d_(l99,l93)*
         d_(l95,l91)*FourPi^(-2)*I^9*lam*gBH0Phi*MBH0^(-2) + gBH0qL[f99
         ,f2]*yd[f2,f97]*gam[y99,FIVE,y97]*uspin[p2,y97]*vbspin[p1,y99]
         *d_(m99,m97)*d_(l99,l93)*d_(l95,l91)*FourPi^(-2)*I^11*gBH0Phi*
         MBH0^(-2)*gBH0Phibar^2 - 1/24*gBH0qL[f99,f2]*yd[f2,f97]*gam[
         y99,FIVE,y97]*uspin[p2,y97]*vbspin[p1,y99]*d_(m99,m97)*
         d_(l99,l93)*d_(l95,l91)*FourPi^(-2)*I^11*g1^2*MBH0^(-2)*
         gBH0Phibar - 1/8*gBH0qL[f99,f2]*yd[f2,f97]*gam[y99,FIVE,y97]*
         uspin[p2,y97]*vbspin[p1,y99]*d_(m99,m97)*d_(l99,l93)*
         d_(l95,l91)*FourPi^(-2)*I^11*g1^2*gBH0Phi*MBH0^(-2) - 2*
         gBH0qL[f99,f2]*yd[f2,f97]*gam[y99,FIVE,y97]*uspin[p2,y97]*
         vbspin[p1,y99]*d_(m99,m97)*d_(l99,l91)*d_(l95,l93)*FourPi^(-2)
         *I^9*lam*MBH0^(-2)*gBH0Phibar + gBH0qL[f99,f2]*yd[f2,f97]*gam[
         y99,FIVE,y97]*uspin[p2,y97]*vbspin[p1,y99]*d_(m99,m97)*
         d_(l99,l91)*d_(l95,l93)*FourPi^(-2)*I^9*lam*gBH0Phi*MBH0^(-2)
          + gBH0qL[f99,f2]*yd[f2,f97]*gam[y99,FIVE,y97]*uspin[p2,y97]*
         vbspin[p1,y99]*d_(m99,m97)*d_(l99,l91)*d_(l95,l93)*FourPi^(-2)
         *I^11*gBH0Phi*MBH0^(-2)*gBH0Phibar^2 - 1/8*gBH0qL[f99,f2]*yd[
         f2,f97]*gam[y99,FIVE,y97]*uspin[p2,y97]*vbspin[p1,y99]*
         d_(m99,m97)*d_(l99,l91)*d_(l95,l93)*FourPi^(-2)*I^11*g1^2*
         MBH0^(-2)*gBH0Phibar - 1/8*gBH0qL[f99,f2]*yd[f2,f97]*gam[y99,
         FIVE,y97]*uspin[p2,y97]*vbspin[p1,y99]*d_(m99,m97)*d_(l99,l91)
         *d_(l95,l93)*FourPi^(-2)*I^11*g1^2*gBH0Phi*MBH0^(-2) - 2*
         gBH0qL[f99,f2]*yd[f2,f97]*gam[y99,y97]*uspin[p2,y97]*vbspin[p1
         ,y99]*d_(m99,m97)*d_(l99,l93)*d_(l95,l91)*FourPi^(-2)*I^9*lam*
         MBH0^(-2)*gBH0Phibar + gBH0qL[f99,f2]*yd[f2,f97]*gam[y99,y97]*
         uspin[p2,y97]*vbspin[p1,y99]*d_(m99,m97)*d_(l99,l93)*
         d_(l95,l91)*FourPi^(-2)*I^9*lam*gBH0Phi*MBH0^(-2) + gBH0qL[f99
         ,f2]*yd[f2,f97]*gam[y99,y97]*uspin[p2,y97]*vbspin[p1,y99]*
         d_(m99,m97)*d_(l99,l93)*d_(l95,l91)*FourPi^(-2)*I^11*gBH0Phi*
         MBH0^(-2)*gBH0Phibar^2 - 1/24*gBH0qL[f99,f2]*yd[f2,f97]*gam[
         y99,y97]*uspin[p2,y97]*vbspin[p1,y99]*d_(m99,m97)*d_(l99,l93)*
         d_(l95,l91)*FourPi^(-2)*I^11*g1^2*MBH0^(-2)*gBH0Phibar - 1/8*
         gBH0qL[f99,f2]*yd[f2,f97]*gam[y99,y97]*uspin[p2,y97]*vbspin[p1
         ,y99]*d_(m99,m97)*d_(l99,l93)*d_(l95,l91)*FourPi^(-2)*I^11*
         g1^2*gBH0Phi*MBH0^(-2) - 2*gBH0qL[f99,f2]*yd[f2,f97]*gam[y99,
         y97]*uspin[p2,y97]*vbspin[p1,y99]*d_(m99,m97)*d_(l99,l91)*
         d_(l95,l93)*FourPi^(-2)*I^9*lam*MBH0^(-2)*gBH0Phibar + gBH0qL[
         f99,f2]*yd[f2,f97]*gam[y99,y97]*uspin[p2,y97]*vbspin[p1,y99]*
         d_(m99,m97)*d_(l99,l91)*d_(l95,l93)*FourPi^(-2)*I^9*lam*
         gBH0Phi*MBH0^(-2) + gBH0qL[f99,f2]*yd[f2,f97]*gam[y99,y97]*
         uspin[p2,y97]*vbspin[p1,y99]*d_(m99,m97)*d_(l99,l91)*
         d_(l95,l93)*FourPi^(-2)*I^11*gBH0Phi*MBH0^(-2)*gBH0Phibar^2 - 
         1/8*gBH0qL[f99,f2]*yd[f2,f97]*gam[y99,y97]*uspin[p2,y97]*
         vbspin[p1,y99]*d_(m99,m97)*d_(l99,l91)*d_(l95,l93)*FourPi^(-2)
         *I^11*g1^2*MBH0^(-2)*gBH0Phibar - 1/8*gBH0qL[f99,f2]*yd[f2,f97
         ]*gam[y99,y97]*uspin[p2,y97]*vbspin[p1,y99]*d_(m99,m97)*
         d_(l99,l91)*d_(l95,l93)*FourPi^(-2)*I^11*g1^2*gBH0Phi*
         MBH0^(-2) + 1/2*gBH0qL[f99,f2]*yd[f2,f6]*yd[f10,f97]*ydbar[f10
         ,f6]*gam[y99,FIVE,y97]*uspin[p2,y97]*vbspin[p1,y99]*
         d_(m99,m97)*d_(l99,l93)*d_(l95,l91)*FourPi^(-2)*I^11*MBH0^(-2)
         *gBH0Phibar + 1/2*gBH0qL[f99,f2]*yd[f2,f6]*yd[f10,f97]*ydbar[
         f10,f6]*gam[y99,y97]*uspin[p2,y97]*vbspin[p1,y99]*d_(m99,m97)*
         d_(l99,l93)*d_(l95,l91)*FourPi^(-2)*I^11*MBH0^(-2)*gBH0Phibar
          + 1/12*gBH0qL[f99,f4]*yd[f4,f97]*gam[y99,FIVE,y97]*uspin[p2,
         y97]*vbspin[p1,y99]*d_(m99,m97)*d_(l99,l93)*d_(l95,l91)*
         FourPi^(-2)*I^11*g1^2*gBH0Phi*MBH0^(-2) + 1/12*gBH0qL[f99,f4]*
         yd[f4,f97]*gam[y99,FIVE,y97]*uspin[p2,y97]*vbspin[p1,y99]*
         d_(m99,m97)*d_(l99,l91)*d_(l95,l93)*FourPi^(-2)*I^11*g1^2*
         MBH0^(-2)*gBH0Phibar + 1/12*gBH0qL[f99,f4]*yd[f4,f97]*gam[y99,
         FIVE,y97]*uspin[p2,y97]*vbspin[p1,y99]*d_(m99,m97)*d_(l99,l91)
         *d_(l95,l93)*FourPi^(-2)*I^11*g1^2*gBH0Phi*MBH0^(-2) + 1/12*
         gBH0qL[f99,f4]*yd[f4,f97]*gam[y99,y97]*uspin[p2,y97]*vbspin[p1
         ,y99]*d_(m99,m97)*d_(l99,l93)*d_(l95,l91)*FourPi^(-2)*I^11*
         g1^2*gBH0Phi*MBH0^(-2) + 1/12*gBH0qL[f99,f4]*yd[f4,f97]*gam[
         y99,y97]*uspin[p2,y97]*vbspin[p1,y99]*d_(m99,m97)*d_(l99,l91)*
         d_(l95,l93)*FourPi^(-2)*I^11*g1^2*MBH0^(-2)*gBH0Phibar + 1/12*
         gBH0qL[f99,f4]*yd[f4,f97]*gam[y99,y97]*uspin[p2,y97]*vbspin[p1
         ,y99]*d_(m99,m97)*d_(l99,l91)*d_(l95,l93)*FourPi^(-2)*I^11*
         g1^2*gBH0Phi*MBH0^(-2) + 1/2*gBH0qL[f99,f4]*yd[f4,f8]*yd[f10,
         f97]*ydbar[f10,f8]*gam[y99,FIVE,y97]*uspin[p2,y97]*vbspin[p1,
         y99]*d_(m99,m97)*d_(l99,l91)*d_(l95,l93)*FourPi^(-2)*I^11*
         MBH0^(-2)*gBH0Phibar + 1/2*gBH0qL[f99,f4]*yd[f4,f8]*yd[f10,f97
         ]*ydbar[f10,f8]*gam[y99,y97]*uspin[p2,y97]*vbspin[p1,y99]*
         d_(m99,m97)*d_(l99,l91)*d_(l95,l93)*FourPi^(-2)*I^11*MBH0^(-2)
         *gBH0Phibar + 1/2*yd[f99,f2]*yd[f6,f97]*ydbar[f6,f2]*gam[y99,
         FIVE,y97]*uspin[p2,y97]*vbspin[p1,y99]*d_(m99,m97)*d_(l99,l93)
         *d_(l95,l91)*FourPi^(-2)*I^11*MBH0^(-2)*gBH0Phibar^2 + 1/2*yd[
         f99,f2]*yd[f6,f97]*ydbar[f6,f2]*gam[y99,FIVE,y97]*uspin[p2,y97
         ]*vbspin[p1,y99]*d_(m99,m97)*d_(l99,l91)*d_(l95,l93)*
         FourPi^(-2)*I^11*MBH0^(-2)*gBH0Phibar^2 + 1/2*yd[f99,f2]*yd[f6
         ,f97]*ydbar[f6,f2]*gam[y99,y97]*uspin[p2,y97]*vbspin[p1,y99]*
         d_(m99,m97)*d_(l99,l93)*d_(l95,l91)*FourPi^(-2)*I^11*MBH0^(-2)
         *gBH0Phibar^2 + 1/2*yd[f99,f2]*yd[f6,f97]*ydbar[f6,f2]*gam[y99
         ,y97]*uspin[p2,y97]*vbspin[p1,y99]*d_(m99,m97)*d_(l99,l91)*
         d_(l95,l93)*FourPi^(-2)*I^11*MBH0^(-2)*gBH0Phibar^2 + 1/2*yd[
         f99,f97]*Ta[n4,l99,l93]*Ta[n4,l95,l91]*gam[y99,FIVE,y97]*
         uspin[p2,y97]*vbspin[p1,y99]*d_(m99,m97)*FourPi^(-2)*I^11*gw^2
         *MBH0^(-2)*gBH0Phibar^2 + 1/2*yd[f99,f97]*Ta[n4,l99,l93]*Ta[n4
         ,l95,l91]*gam[y99,FIVE,y97]*uspin[p2,y97]*vbspin[p1,y99]*
         d_(m99,m97)*FourPi^(-2)*I^11*gw^2*gBH0Phi*MBH0^(-2)*gBH0Phibar
          + 1/2*yd[f99,f97]*Ta[n4,l99,l93]*Ta[n4,l95,l91]*gam[y99,y97]*
         uspin[p2,y97]*vbspin[p1,y99]*d_(m99,m97)*FourPi^(-2)*I^11*gw^2
         *MBH0^(-2)*gBH0Phibar^2 + 1/2*yd[f99,f97]*Ta[n4,l99,l93]*Ta[n4
         ,l95,l91]*gam[y99,y97]*uspin[p2,y97]*vbspin[p1,y99]*
         d_(m99,m97)*FourPi^(-2)*I^11*gw^2*gBH0Phi*MBH0^(-2)*gBH0Phibar
          + 1/2*yd[f99,f97]*Ta[n4,l99,l91]*Ta[n4,l95,l93]*gam[y99,FIVE,
         y97]*uspin[p2,y97]*vbspin[p1,y99]*d_(m99,m97)*FourPi^(-2)*I^11
         *gw^2*MBH0^(-2)*gBH0Phibar^2 + 1/2*yd[f99,f97]*Ta[n4,l99,l91]*
         Ta[n4,l95,l93]*gam[y99,FIVE,y97]*uspin[p2,y97]*vbspin[p1,y99]*
         d_(m99,m97)*FourPi^(-2)*I^11*gw^2*gBH0Phi*MBH0^(-2)*gBH0Phibar
          + 1/2*yd[f99,f97]*Ta[n4,l99,l91]*Ta[n4,l95,l93]*gam[y99,y97]*
         uspin[p2,y97]*vbspin[p1,y99]*d_(m99,m97)*FourPi^(-2)*I^11*gw^2
         *MBH0^(-2)*gBH0Phibar^2 + 1/2*yd[f99,f97]*Ta[n4,l99,l91]*Ta[n4
         ,l95,l93]*gam[y99,y97]*uspin[p2,y97]*vbspin[p1,y99]*
         d_(m99,m97)*FourPi^(-2)*I^11*gw^2*gBH0Phi*MBH0^(-2)*gBH0Phibar
          + 1/8*yd[f99,f97]*gam[y99,FIVE,y97]*uspin[p2,y97]*vbspin[p1,
         y99]*d_(m99,m97)*d_(l99,l93)*d_(l95,l91)*FourPi^(-2)*I^11*g1^2
         *MBH0^(-2)*gBH0Phibar^2 + 1/8*yd[f99,f97]*gam[y99,FIVE,y97]*
         uspin[p2,y97]*vbspin[p1,y99]*d_(m99,m97)*d_(l99,l93)*
         d_(l95,l91)*FourPi^(-2)*I^11*g1^2*gBH0Phi*MBH0^(-2)*gBH0Phibar
          + 1/8*yd[f99,f97]*gam[y99,FIVE,y97]*uspin[p2,y97]*vbspin[p1,
         y99]*d_(m99,m97)*d_(l99,l91)*d_(l95,l93)*FourPi^(-2)*I^11*g1^2
         *MBH0^(-2)*gBH0Phibar^2 + 1/8*yd[f99,f97]*gam[y99,FIVE,y97]*
         uspin[p2,y97]*vbspin[p1,y99]*d_(m99,m97)*d_(l99,l91)*
         d_(l95,l93)*FourPi^(-2)*I^11*g1^2*gBH0Phi*MBH0^(-2)*gBH0Phibar
          + 1/8*yd[f99,f97]*gam[y99,y97]*uspin[p2,y97]*vbspin[p1,y99]*
         d_(m99,m97)*d_(l99,l93)*d_(l95,l91)*FourPi^(-2)*I^11*g1^2*
         MBH0^(-2)*gBH0Phibar^2 + 1/8*yd[f99,f97]*gam[y99,y97]*uspin[p2
         ,y97]*vbspin[p1,y99]*d_(m99,m97)*d_(l99,l93)*d_(l95,l91)*
         FourPi^(-2)*I^11*g1^2*gBH0Phi*MBH0^(-2)*gBH0Phibar + 1/8*yd[
         f99,f97]*gam[y99,y97]*uspin[p2,y97]*vbspin[p1,y99]*d_(m99,m97)
         *d_(l99,l91)*d_(l95,l93)*FourPi^(-2)*I^11*g1^2*MBH0^(-2)*
         gBH0Phibar^2 + 1/8*yd[f99,f97]*gam[y99,y97]*uspin[p2,y97]*
         vbspin[p1,y99]*d_(m99,m97)*d_(l99,l91)*d_(l95,l93)*FourPi^(-2)
         *I^11*g1^2*gBH0Phi*MBH0^(-2)*gBH0Phibar;

  1.01 sec out of 1.01 sec
