FORM 4.2.0 (Jul  6 2017, v4.2.0) 64-bits         Run: Fri Mar 16 14:57:18 2018
    * -*-Form-*-
    
    #: Parentheses 2000
    #-

   ampluRbardRPhiPhi =
       + sSS * ( Log[MBH0^2]*gBH0dR[f6,f97]*gBH0uR[f99,f4]*yd[f8,f6]*
         yubar[f8,f4]*gam[y99,FIVE,p3,y97]*uspin[p2,y97]*vbspin[p1,y99]
         *e_[l95,l93]*d_(m99,m97)*FourPi^(-2)*I^9*MBH0^(-2) - Log[
         MBH0^2]*gBH0dR[f6,f97]*gBH0uR[f99,f4]*yd[f8,f6]*yubar[f8,f4]*
         gam[y99,FIVE,p4,y97]*uspin[p2,y97]*vbspin[p1,y99]*e_[l95,l93]*
         d_(m99,m97)*FourPi^(-2)*I^9*MBH0^(-2) - Log[MBH0^2]*gBH0dR[f6,
         f97]*gBH0uR[f99,f4]*yd[f8,f6]*yubar[f8,f4]*gam[y99,p3,y97]*
         uspin[p2,y97]*vbspin[p1,y99]*e_[l95,l93]*d_(m99,m97)*
         FourPi^(-2)*I^9*MBH0^(-2) + Log[MBH0^2]*gBH0dR[f6,f97]*gBH0uR[
         f99,f4]*yd[f8,f6]*yubar[f8,f4]*gam[y99,p4,y97]*uspin[p2,y97]*
         vbspin[p1,y99]*e_[l95,l93]*d_(m99,m97)*FourPi^(-2)*I^9*
         MBH0^(-2) + 1/4*Log[MBH0^2]*gBH0dR[f6,f97]*yd[f2,f6]*yubar[f2,
         f99]*gam[y99,FIVE,p1,y97]*uspin[p2,y97]*vbspin[p1,y99]*e_[l95,
         l93]*d_(m99,m97)*FourPi^(-2)*I^9*MBH0^(-2)*gBH0Phibar + 1/2*
         Log[MBH0^2]*gBH0dR[f6,f97]*yd[f2,f6]*yubar[f2,f99]*gam[y99,
         FIVE,p3,y97]*uspin[p2,y97]*vbspin[p1,y99]*e_[l95,l93]*
         d_(m99,m97)*FourPi^(-2)*I^9*MBH0^(-2)*gBH0Phibar - 1/2*Log[
         MBH0^2]*gBH0dR[f6,f97]*yd[f2,f6]*yubar[f2,f99]*gam[y99,FIVE,p4
         ,y97]*uspin[p2,y97]*vbspin[p1,y99]*e_[l95,l93]*d_(m99,m97)*
         FourPi^(-2)*I^9*gBH0Phi*MBH0^(-2) - 1/4*Log[MBH0^2]*gBH0dR[f6,
         f97]*yd[f2,f6]*yubar[f2,f99]*gam[y99,p1,y97]*uspin[p2,y97]*
         vbspin[p1,y99]*e_[l95,l93]*d_(m99,m97)*FourPi^(-2)*I^9*
         MBH0^(-2)*gBH0Phibar - 1/2*Log[MBH0^2]*gBH0dR[f6,f97]*yd[f2,f6
         ]*yubar[f2,f99]*gam[y99,p3,y97]*uspin[p2,y97]*vbspin[p1,y99]*
         e_[l95,l93]*d_(m99,m97)*FourPi^(-2)*I^9*MBH0^(-2)*gBH0Phibar
          + 1/2*Log[MBH0^2]*gBH0dR[f6,f97]*yd[f2,f6]*yubar[f2,f99]*gam[
         y99,p4,y97]*uspin[p2,y97]*vbspin[p1,y99]*e_[l95,l93]*
         d_(m99,m97)*FourPi^(-2)*I^9*gBH0Phi*MBH0^(-2) - 1/4*Log[MBH0^2
         ]*gBH0dR[f8,f97]*yd[f4,f8]*yubar[f4,f99]*gam[y99,FIVE,p1,y97]*
         uspin[p2,y97]*vbspin[p1,y99]*e_[l95,l93]*d_(m99,m97)*
         FourPi^(-2)*I^9*MBH0^(-2)*gBH0Phibar + 1/2*Log[MBH0^2]*gBH0dR[
         f8,f97]*yd[f4,f8]*yubar[f4,f99]*gam[y99,FIVE,p3,y97]*uspin[p2,
         y97]*vbspin[p1,y99]*e_[l95,l93]*d_(m99,m97)*FourPi^(-2)*I^9*
         gBH0Phi*MBH0^(-2) - 1/2*Log[MBH0^2]*gBH0dR[f8,f97]*yd[f4,f8]*
         yubar[f4,f99]*gam[y99,FIVE,p4,y97]*uspin[p2,y97]*vbspin[p1,y99
         ]*e_[l95,l93]*d_(m99,m97)*FourPi^(-2)*I^9*MBH0^(-2)*gBH0Phibar
          + 1/4*Log[MBH0^2]*gBH0dR[f8,f97]*yd[f4,f8]*yubar[f4,f99]*gam[
         y99,p1,y97]*uspin[p2,y97]*vbspin[p1,y99]*e_[l95,l93]*
         d_(m99,m97)*FourPi^(-2)*I^9*MBH0^(-2)*gBH0Phibar - 1/2*Log[
         MBH0^2]*gBH0dR[f8,f97]*yd[f4,f8]*yubar[f4,f99]*gam[y99,p3,y97]
         *uspin[p2,y97]*vbspin[p1,y99]*e_[l95,l93]*d_(m99,m97)*
         FourPi^(-2)*I^9*gBH0Phi*MBH0^(-2) + 1/2*Log[MBH0^2]*gBH0dR[f8,
         f97]*yd[f4,f8]*yubar[f4,f99]*gam[y99,p4,y97]*uspin[p2,y97]*
         vbspin[p1,y99]*e_[l95,l93]*d_(m99,m97)*FourPi^(-2)*I^9*
         MBH0^(-2)*gBH0Phibar + 1/4*Log[MBH0^2]*gBH0uR[f99,f2]*yd[f6,
         f97]*yubar[f6,f2]*gam[y99,FIVE,p1,y97]*uspin[p2,y97]*vbspin[p1
         ,y99]*e_[l95,l93]*d_(m99,m97)*FourPi^(-2)*I^9*MBH0^(-2)*
         gBH0Phibar - 1/4*Log[MBH0^2]*gBH0uR[f99,f2]*yd[f6,f97]*yubar[
         f6,f2]*gam[y99,FIVE,p3,y97]*uspin[p2,y97]*vbspin[p1,y99]*e_[
         l95,l93]*d_(m99,m97)*FourPi^(-2)*I^9*MBH0^(-2)*gBH0Phibar + 1/
         4*Log[MBH0^2]*gBH0uR[f99,f2]*yd[f6,f97]*yubar[f6,f2]*gam[y99,
         FIVE,p4,y97]*uspin[p2,y97]*vbspin[p1,y99]*e_[l95,l93]*
         d_(m99,m97)*FourPi^(-2)*I^9*MBH0^(-2)*gBH0Phibar + 1/2*Log[
         MBH0^2]*gBH0uR[f99,f2]*yd[f6,f97]*yubar[f6,f2]*gam[y99,FIVE,p4
         ,y97]*uspin[p2,y97]*vbspin[p1,y99]*e_[l95,l93]*d_(m99,m97)*
         FourPi^(-2)*I^9*gBH0Phi*MBH0^(-2) - 1/4*Log[MBH0^2]*gBH0uR[f99
         ,f2]*yd[f6,f97]*yubar[f6,f2]*gam[y99,p1,y97]*uspin[p2,y97]*
         vbspin[p1,y99]*e_[l95,l93]*d_(m99,m97)*FourPi^(-2)*I^9*
         MBH0^(-2)*gBH0Phibar + 1/4*Log[MBH0^2]*gBH0uR[f99,f2]*yd[f6,
         f97]*yubar[f6,f2]*gam[y99,p3,y97]*uspin[p2,y97]*vbspin[p1,y99]
         *e_[l95,l93]*d_(m99,m97)*FourPi^(-2)*I^9*MBH0^(-2)*gBH0Phibar
          - 1/4*Log[MBH0^2]*gBH0uR[f99,f2]*yd[f6,f97]*yubar[f6,f2]*gam[
         y99,p4,y97]*uspin[p2,y97]*vbspin[p1,y99]*e_[l95,l93]*
         d_(m99,m97)*FourPi^(-2)*I^9*MBH0^(-2)*gBH0Phibar - 1/2*Log[
         MBH0^2]*gBH0uR[f99,f2]*yd[f6,f97]*yubar[f6,f2]*gam[y99,p4,y97]
         *uspin[p2,y97]*vbspin[p1,y99]*e_[l95,l93]*d_(m99,m97)*
         FourPi^(-2)*I^9*gBH0Phi*MBH0^(-2) - 1/4*Log[MBH0^2]*gBH0uR[f99
         ,f4]*yd[f8,f97]*yubar[f8,f4]*gam[y99,FIVE,p1,y97]*uspin[p2,y97
         ]*vbspin[p1,y99]*e_[l95,l93]*d_(m99,m97)*FourPi^(-2)*I^9*
         MBH0^(-2)*gBH0Phibar - 1/4*Log[MBH0^2]*gBH0uR[f99,f4]*yd[f8,
         f97]*yubar[f8,f4]*gam[y99,FIVE,p3,y97]*uspin[p2,y97]*vbspin[p1
         ,y99]*e_[l95,l93]*d_(m99,m97)*FourPi^(-2)*I^9*MBH0^(-2)*
         gBH0Phibar - 1/2*Log[MBH0^2]*gBH0uR[f99,f4]*yd[f8,f97]*yubar[
         f8,f4]*gam[y99,FIVE,p3,y97]*uspin[p2,y97]*vbspin[p1,y99]*e_[
         l95,l93]*d_(m99,m97)*FourPi^(-2)*I^9*gBH0Phi*MBH0^(-2) + 1/4*
         Log[MBH0^2]*gBH0uR[f99,f4]*yd[f8,f97]*yubar[f8,f4]*gam[y99,
         FIVE,p4,y97]*uspin[p2,y97]*vbspin[p1,y99]*e_[l95,l93]*
         d_(m99,m97)*FourPi^(-2)*I^9*MBH0^(-2)*gBH0Phibar + 1/4*Log[
         MBH0^2]*gBH0uR[f99,f4]*yd[f8,f97]*yubar[f8,f4]*gam[y99,p1,y97]
         *uspin[p2,y97]*vbspin[p1,y99]*e_[l95,l93]*d_(m99,m97)*
         FourPi^(-2)*I^9*MBH0^(-2)*gBH0Phibar + 1/4*Log[MBH0^2]*gBH0uR[
         f99,f4]*yd[f8,f97]*yubar[f8,f4]*gam[y99,p3,y97]*uspin[p2,y97]*
         vbspin[p1,y99]*e_[l95,l93]*d_(m99,m97)*FourPi^(-2)*I^9*
         MBH0^(-2)*gBH0Phibar + 1/2*Log[MBH0^2]*gBH0uR[f99,f4]*yd[f8,
         f97]*yubar[f8,f4]*gam[y99,p3,y97]*uspin[p2,y97]*vbspin[p1,y99]
         *e_[l95,l93]*d_(m99,m97)*FourPi^(-2)*I^9*gBH0Phi*MBH0^(-2) - 1/
         4*Log[MBH0^2]*gBH0uR[f99,f4]*yd[f8,f97]*yubar[f8,f4]*gam[y99,
         p4,y97]*uspin[p2,y97]*vbspin[p1,y99]*e_[l95,l93]*d_(m99,m97)*
         FourPi^(-2)*I^9*MBH0^(-2)*gBH0Phibar - 1/4*Log[MBH0^2]*yd[f2,
         f97]*yubar[f2,f99]*gam[y99,FIVE,p3,y97]*uspin[p2,y97]*vbspin[
         p1,y99]*e_[l95,l93]*d_(m99,m97)*FourPi^(-2)*I^9*gBH0Phi*
         MBH0^(-2)*gBH0Phibar + 1/4*Log[MBH0^2]*yd[f2,f97]*yubar[f2,f99
         ]*gam[y99,FIVE,p4,y97]*uspin[p2,y97]*vbspin[p1,y99]*e_[l95,l93
         ]*d_(m99,m97)*FourPi^(-2)*I^9*gBH0Phi*MBH0^(-2)*gBH0Phibar + 1/
         4*Log[MBH0^2]*yd[f2,f97]*yubar[f2,f99]*gam[y99,p3,y97]*uspin[
         p2,y97]*vbspin[p1,y99]*e_[l95,l93]*d_(m99,m97)*FourPi^(-2)*I^9
         *gBH0Phi*MBH0^(-2)*gBH0Phibar - 1/4*Log[MBH0^2]*yd[f2,f97]*
         yubar[f2,f99]*gam[y99,p4,y97]*uspin[p2,y97]*vbspin[p1,y99]*e_[
         l95,l93]*d_(m99,m97)*FourPi^(-2)*I^9*gBH0Phi*MBH0^(-2)*
         gBH0Phibar - 3/8*gBH0dR[f6,f97]*yd[f2,f6]*yubar[f2,f99]*gam[
         y99,FIVE,p1,y97]*uspin[p2,y97]*vbspin[p1,y99]*e_[l95,l93]*
         d_(m99,m97)*FourPi^(-2)*I^9*MBH0^(-2)*gBH0Phibar - 1/2*gBH0dR[
         f6,f97]*yd[f2,f6]*yubar[f2,f99]*gam[y99,FIVE,p3,y97]*uspin[p2,
         y97]*vbspin[p1,y99]*e_[l95,l93]*d_(m99,m97)*FourPi^(-2)*I^9*
         MBH0^(-2)*gBH0Phibar - 1/4*gBH0dR[f6,f97]*yd[f2,f6]*yubar[f2,
         f99]*gam[y99,FIVE,p4,y97]*uspin[p2,y97]*vbspin[p1,y99]*e_[l95,
         l93]*d_(m99,m97)*FourPi^(-2)*I^9*MBH0^(-2)*gBH0Phibar + 1/2*
         gBH0dR[f6,f97]*yd[f2,f6]*yubar[f2,f99]*gam[y99,FIVE,p4,y97]*
         uspin[p2,y97]*vbspin[p1,y99]*e_[l95,l93]*d_(m99,m97)*
         FourPi^(-2)*I^9*gBH0Phi*MBH0^(-2) + 3/8*gBH0dR[f6,f97]*yd[f2,
         f6]*yubar[f2,f99]*gam[y99,p1,y97]*uspin[p2,y97]*vbspin[p1,y99]
         *e_[l95,l93]*d_(m99,m97)*FourPi^(-2)*I^9*MBH0^(-2)*gBH0Phibar
          + 1/2*gBH0dR[f6,f97]*yd[f2,f6]*yubar[f2,f99]*gam[y99,p3,y97]*
         uspin[p2,y97]*vbspin[p1,y99]*e_[l95,l93]*d_(m99,m97)*
         FourPi^(-2)*I^9*MBH0^(-2)*gBH0Phibar + 1/4*gBH0dR[f6,f97]*yd[
         f2,f6]*yubar[f2,f99]*gam[y99,p4,y97]*uspin[p2,y97]*vbspin[p1,
         y99]*e_[l95,l93]*d_(m99,m97)*FourPi^(-2)*I^9*MBH0^(-2)*
         gBH0Phibar - 1/2*gBH0dR[f6,f97]*yd[f2,f6]*yubar[f2,f99]*gam[
         y99,p4,y97]*uspin[p2,y97]*vbspin[p1,y99]*e_[l95,l93]*
         d_(m99,m97)*FourPi^(-2)*I^9*gBH0Phi*MBH0^(-2) + 3/8*gBH0dR[f8,
         f97]*yd[f4,f8]*yubar[f4,f99]*gam[y99,FIVE,p1,y97]*uspin[p2,y97
         ]*vbspin[p1,y99]*e_[l95,l93]*d_(m99,m97)*FourPi^(-2)*I^9*
         MBH0^(-2)*gBH0Phibar + 1/4*gBH0dR[f8,f97]*yd[f4,f8]*yubar[f4,
         f99]*gam[y99,FIVE,p3,y97]*uspin[p2,y97]*vbspin[p1,y99]*e_[l95,
         l93]*d_(m99,m97)*FourPi^(-2)*I^9*MBH0^(-2)*gBH0Phibar - 1/2*
         gBH0dR[f8,f97]*yd[f4,f8]*yubar[f4,f99]*gam[y99,FIVE,p3,y97]*
         uspin[p2,y97]*vbspin[p1,y99]*e_[l95,l93]*d_(m99,m97)*
         FourPi^(-2)*I^9*gBH0Phi*MBH0^(-2) + 1/2*gBH0dR[f8,f97]*yd[f4,
         f8]*yubar[f4,f99]*gam[y99,FIVE,p4,y97]*uspin[p2,y97]*vbspin[p1
         ,y99]*e_[l95,l93]*d_(m99,m97)*FourPi^(-2)*I^9*MBH0^(-2)*
         gBH0Phibar - 3/8*gBH0dR[f8,f97]*yd[f4,f8]*yubar[f4,f99]*gam[
         y99,p1,y97]*uspin[p2,y97]*vbspin[p1,y99]*e_[l95,l93]*
         d_(m99,m97)*FourPi^(-2)*I^9*MBH0^(-2)*gBH0Phibar - 1/4*gBH0dR[
         f8,f97]*yd[f4,f8]*yubar[f4,f99]*gam[y99,p3,y97]*uspin[p2,y97]*
         vbspin[p1,y99]*e_[l95,l93]*d_(m99,m97)*FourPi^(-2)*I^9*
         MBH0^(-2)*gBH0Phibar + 1/2*gBH0dR[f8,f97]*yd[f4,f8]*yubar[f4,
         f99]*gam[y99,p3,y97]*uspin[p2,y97]*vbspin[p1,y99]*e_[l95,l93]*
         d_(m99,m97)*FourPi^(-2)*I^9*gBH0Phi*MBH0^(-2) - 1/2*gBH0dR[f8,
         f97]*yd[f4,f8]*yubar[f4,f99]*gam[y99,p4,y97]*uspin[p2,y97]*
         vbspin[p1,y99]*e_[l95,l93]*d_(m99,m97)*FourPi^(-2)*I^9*
         MBH0^(-2)*gBH0Phibar - 3/8*gBH0uR[f99,f2]*yd[f6,f97]*yubar[f6,
         f2]*gam[y99,FIVE,p1,y97]*uspin[p2,y97]*vbspin[p1,y99]*e_[l95,
         l93]*d_(m99,m97)*FourPi^(-2)*I^9*MBH0^(-2)*gBH0Phibar + 1/8*
         gBH0uR[f99,f2]*yd[f6,f97]*yubar[f6,f2]*gam[y99,FIVE,p3,y97]*
         uspin[p2,y97]*vbspin[p1,y99]*e_[l95,l93]*d_(m99,m97)*
         FourPi^(-2)*I^9*MBH0^(-2)*gBH0Phibar - 1/8*gBH0uR[f99,f2]*yd[
         f6,f97]*yubar[f6,f2]*gam[y99,FIVE,p4,y97]*uspin[p2,y97]*
         vbspin[p1,y99]*e_[l95,l93]*d_(m99,m97)*FourPi^(-2)*I^9*
         MBH0^(-2)*gBH0Phibar - 1/2*gBH0uR[f99,f2]*yd[f6,f97]*yubar[f6,
         f2]*gam[y99,FIVE,p4,y97]*uspin[p2,y97]*vbspin[p1,y99]*e_[l95,
         l93]*d_(m99,m97)*FourPi^(-2)*I^9*gBH0Phi*MBH0^(-2) + 3/8*
         gBH0uR[f99,f2]*yd[f6,f97]*yubar[f6,f2]*gam[y99,p1,y97]*uspin[
         p2,y97]*vbspin[p1,y99]*e_[l95,l93]*d_(m99,m97)*FourPi^(-2)*I^9
         *MBH0^(-2)*gBH0Phibar - 1/8*gBH0uR[f99,f2]*yd[f6,f97]*yubar[f6
         ,f2]*gam[y99,p3,y97]*uspin[p2,y97]*vbspin[p1,y99]*e_[l95,l93]*
         d_(m99,m97)*FourPi^(-2)*I^9*MBH0^(-2)*gBH0Phibar + 1/8*gBH0uR[
         f99,f2]*yd[f6,f97]*yubar[f6,f2]*gam[y99,p4,y97]*uspin[p2,y97]*
         vbspin[p1,y99]*e_[l95,l93]*d_(m99,m97)*FourPi^(-2)*I^9*
         MBH0^(-2)*gBH0Phibar + 1/2*gBH0uR[f99,f2]*yd[f6,f97]*yubar[f6,
         f2]*gam[y99,p4,y97]*uspin[p2,y97]*vbspin[p1,y99]*e_[l95,l93]*
         d_(m99,m97)*FourPi^(-2)*I^9*gBH0Phi*MBH0^(-2) + 3/8*gBH0uR[f99
         ,f4]*yd[f8,f97]*yubar[f8,f4]*gam[y99,FIVE,p1,y97]*uspin[p2,y97
         ]*vbspin[p1,y99]*e_[l95,l93]*d_(m99,m97)*FourPi^(-2)*I^9*
         MBH0^(-2)*gBH0Phibar + 1/8*gBH0uR[f99,f4]*yd[f8,f97]*yubar[f8,
         f4]*gam[y99,FIVE,p3,y97]*uspin[p2,y97]*vbspin[p1,y99]*e_[l95,
         l93]*d_(m99,m97)*FourPi^(-2)*I^9*MBH0^(-2)*gBH0Phibar + 1/2*
         gBH0uR[f99,f4]*yd[f8,f97]*yubar[f8,f4]*gam[y99,FIVE,p3,y97]*
         uspin[p2,y97]*vbspin[p1,y99]*e_[l95,l93]*d_(m99,m97)*
         FourPi^(-2)*I^9*gBH0Phi*MBH0^(-2) - 1/8*gBH0uR[f99,f4]*yd[f8,
         f97]*yubar[f8,f4]*gam[y99,FIVE,p4,y97]*uspin[p2,y97]*vbspin[p1
         ,y99]*e_[l95,l93]*d_(m99,m97)*FourPi^(-2)*I^9*MBH0^(-2)*
         gBH0Phibar - 3/8*gBH0uR[f99,f4]*yd[f8,f97]*yubar[f8,f4]*gam[
         y99,p1,y97]*uspin[p2,y97]*vbspin[p1,y99]*e_[l95,l93]*
         d_(m99,m97)*FourPi^(-2)*I^9*MBH0^(-2)*gBH0Phibar - 1/8*gBH0uR[
         f99,f4]*yd[f8,f97]*yubar[f8,f4]*gam[y99,p3,y97]*uspin[p2,y97]*
         vbspin[p1,y99]*e_[l95,l93]*d_(m99,m97)*FourPi^(-2)*I^9*
         MBH0^(-2)*gBH0Phibar - 1/2*gBH0uR[f99,f4]*yd[f8,f97]*yubar[f8,
         f4]*gam[y99,p3,y97]*uspin[p2,y97]*vbspin[p1,y99]*e_[l95,l93]*
         d_(m99,m97)*FourPi^(-2)*I^9*gBH0Phi*MBH0^(-2) + 1/8*gBH0uR[f99
         ,f4]*yd[f8,f97]*yubar[f8,f4]*gam[y99,p4,y97]*uspin[p2,y97]*
         vbspin[p1,y99]*e_[l95,l93]*d_(m99,m97)*FourPi^(-2)*I^9*
         MBH0^(-2)*gBH0Phibar - 1/4*yd[f2,f97]*yubar[f2,f99]*gam[y99,
         FIVE,p3,y97]*uspin[p2,y97]*vbspin[p1,y99]*e_[l95,l93]*
         d_(m99,m97)*FourPi^(-2)*I^9*MBH0^(-2)*gBH0Phibar^2 + 3/8*yd[f2
         ,f97]*yubar[f2,f99]*gam[y99,FIVE,p3,y97]*uspin[p2,y97]*vbspin[
         p1,y99]*e_[l95,l93]*d_(m99,m97)*FourPi^(-2)*I^9*gBH0Phi*
         MBH0^(-2)*gBH0Phibar + 1/4*yd[f2,f97]*yubar[f2,f99]*gam[y99,
         FIVE,p4,y97]*uspin[p2,y97]*vbspin[p1,y99]*e_[l95,l93]*
         d_(m99,m97)*FourPi^(-2)*I^9*MBH0^(-2)*gBH0Phibar^2 - 3/8*yd[f2
         ,f97]*yubar[f2,f99]*gam[y99,FIVE,p4,y97]*uspin[p2,y97]*vbspin[
         p1,y99]*e_[l95,l93]*d_(m99,m97)*FourPi^(-2)*I^9*gBH0Phi*
         MBH0^(-2)*gBH0Phibar + 1/4*yd[f2,f97]*yubar[f2,f99]*gam[y99,p3
         ,y97]*uspin[p2,y97]*vbspin[p1,y99]*e_[l95,l93]*d_(m99,m97)*
         FourPi^(-2)*I^9*MBH0^(-2)*gBH0Phibar^2 - 3/8*yd[f2,f97]*yubar[
         f2,f99]*gam[y99,p3,y97]*uspin[p2,y97]*vbspin[p1,y99]*e_[l95,
         l93]*d_(m99,m97)*FourPi^(-2)*I^9*gBH0Phi*MBH0^(-2)*gBH0Phibar
          - 1/4*yd[f2,f97]*yubar[f2,f99]*gam[y99,p4,y97]*uspin[p2,y97]*
         vbspin[p1,y99]*e_[l95,l93]*d_(m99,m97)*FourPi^(-2)*I^9*
         MBH0^(-2)*gBH0Phibar^2 + 3/8*yd[f2,f97]*yubar[f2,f99]*gam[y99,
         p4,y97]*uspin[p2,y97]*vbspin[p1,y99]*e_[l95,l93]*d_(m99,m97)*
         FourPi^(-2)*I^9*gBH0Phi*MBH0^(-2)*gBH0Phibar );

  0.07 sec out of 0.07 sec
